-I: Adding /ihome/lchong/dty7/Apps/anaconda3/envs/md/dat/leap/prep to search path.
-I: Adding /ihome/lchong/dty7/Apps/anaconda3/envs/md/dat/leap/lib to search path.
-I: Adding /ihome/lchong/dty7/Apps/anaconda3/envs/md/dat/leap/parm to search path.
-I: Adding /ihome/lchong/dty7/Apps/anaconda3/envs/md/dat/leap/cmd to search path.
-f: Source tleap.in.

Welcome to LEaP!
(no leaprc in search path)
Sourcing: ./tleap.in
----- Source: /ihome/lchong/dty7/Apps/anaconda3/envs/md/dat/leap/cmd/leaprc.protein.ff19SB
----- Source of /ihome/lchong/dty7/Apps/anaconda3/envs/md/dat/leap/cmd/leaprc.protein.ff19SB done
Log file: ./leap.log
Loading parameters: /ihome/lchong/dty7/Apps/anaconda3/envs/md/dat/leap/parm/parm19.dat
Reading title:
PARM99 + frcmod.ff99SB + frcmod.parmbsc0 + OL3 for RNA + ff19SB
Loading parameters: /ihome/lchong/dty7/Apps/anaconda3/envs/md/dat/leap/parm/frcmod.ff19SB
Reading force field modification type file (frcmod)
Reading title:
ff19SB AA-specific backbone CMAPs for protein 07/25/2019
Loading library: /ihome/lchong/dty7/Apps/anaconda3/envs/md/dat/leap/lib/amino19.lib
Loading library: /ihome/lchong/dty7/Apps/anaconda3/envs/md/dat/leap/lib/aminoct12.lib
Loading library: /ihome/lchong/dty7/Apps/anaconda3/envs/md/dat/leap/lib/aminont12.lib
----- Source: /ihome/lchong/dty7/Apps/anaconda3/envs/md/dat/leap/cmd/leaprc.water.opc
----- Source of /ihome/lchong/dty7/Apps/anaconda3/envs/md/dat/leap/cmd/leaprc.water.opc done
Loading library: /ihome/lchong/dty7/Apps/anaconda3/envs/md/dat/leap/lib/atomic_ions.lib
Loading library: /ihome/lchong/dty7/Apps/anaconda3/envs/md/dat/leap/lib/solvents.lib
Loading parameters: /ihome/lchong/dty7/Apps/anaconda3/envs/md/dat/leap/parm/frcmod.opc
Reading force field modification type file (frcmod)
Reading title:
Parameters for OPC water (JPCL, 2014, 5 (21), pp 3863-3871)
Loading parameters: /ihome/lchong/dty7/Apps/anaconda3/envs/md/dat/leap/parm/frcmod.ionslm_126_opc
Reading force field modification type file (frcmod)
Reading title:
Li/Merz ion parameters of atomic ions for the OPC water model (12-6 set)
Loading Prep file: ../adp/carlson/adp.prep
Loading parameters: ../adp/carlson/frcmod.phos
Reading force field modification type file (frcmod)
Reading title:
#  Modifications to the AMBER94 force field for polyphosphates
Loading parameters: /ihome/lchong/dty7/Apps/anaconda3/envs/md/dat/leap/parm/frcmod.ionslm_1264_opc
Reading force field modification type file (frcmod)
Reading title:
Li/Merz ion parameters of atomic ions for the OPC water model (12-6-4 set)
Loading PDB file: ./1ii6_leap.pdb
  total atoms in file: 5835
Total unperturbed charge:  -0.000000
Total perturbed charge:    -0.000000
Scaling up box by a factor of 1.332159 to meet diagonal cut criterion
  Solute vdw bounding box:              55.851 69.336 90.708
  Total bounding box for atom centers:  133.337 133.337 133.337
      (box expansion for 'iso' is  61.2%)
  Solvent unit box:                     18.865 18.478 19.006
  Volume: 1212164.131 A^3 (oct)
  Total mass 675269.403 amu,  Density 0.925 g/cc
  Added 35181 residues.
Adding 73 counter ions to "pdb" using 1A grid
Grid extends from solute vdw + 1.45  to  7.55
Resolution:      1.00 Angstrom.
Calculating grid charges
Placed Na+ in pdb at (-38.34, -19.31, 11.66).
Placed Na+ in pdb at (-18.34, -21.31, 23.66).
Placed Na+ in pdb at (-7.34, -39.31, -16.34).
Placed Na+ in pdb at (7.66, 4.69, 1.66).
Placed Na+ in pdb at (4.66, -31.31, 12.66).
Placed Na+ in pdb at (-8.34, -28.31, -24.34).
Placed Na+ in pdb at (-42.34, 22.69, 47.66).
Placed Na+ in pdb at (12.66, -8.31, -18.34).
Placed Na+ in pdb at (-26.34, -14.31, 14.66).
Placed Na+ in pdb at (-55.34, -10.31, 43.66).
Placed Na+ in pdb at (-53.34, 6.69, 47.66).
Placed Na+ in pdb at (9.66, -28.31, 59.66).
Placed Na+ in pdb at (-56.34, -33.31, 30.66).
Placed Na+ in pdb at (-31.34, 37.69, 47.66).
Placed Na+ in pdb at (45.66, -1.31, -52.34).
Placed Na+ in pdb at (-31.34, 15.69, 61.66).
Placed Na+ in pdb at (-40.34, 48.69, -17.34).
Placed Na+ in pdb at (-11.34, -66.31, 7.66).
Placed Na+ in pdb at (2.66, -8.31, -19.34).
Placed Na+ in pdb at (-53.34, 30.69, 34.66).
Placed Na+ in pdb at (-38.34, -13.31, 11.66).
Placed Na+ in pdb at (-10.34, -66.31, -17.34).
Placed Na+ in pdb at (-12.34, -41.31, 43.66).
Placed Na+ in pdb at (45.66, 21.69, -39.34).
Placed Na+ in pdb at (34.66, -45.31, 40.66).
Placed Na+ in pdb at (8.66, 0.69, -67.34).
Placed Na+ in pdb at (-21.34, 55.69, 40.66).
Placed Na+ in pdb at (-40.34, 48.69, 9.66).
Placed Na+ in pdb at (58.66, -40.31, 1.66).
Placed Na+ in pdb at (-15.34, -37.31, 0.66).
Placed Na+ in pdb at (2.66, 64.69, -16.34).
Placed Na+ in pdb at (59.66, -32.31, -23.34).
Placed Na+ in pdb at (-12.34, -13.31, 59.66).
Placed Na+ in pdb at (42.66, 11.69, 48.66).
Placed Na+ in pdb at (-34.34, -48.31, 31.66).
Placed Na+ in pdb at (58.66, 30.69, -13.34).
Placed Na+ in pdb at (-18.34, 56.69, -30.34).
Placed Na+ in pdb at (-34.34, 3.69, 60.66).
Placed Na+ in pdb at (-15.34, 19.69, -65.34).
Placed Na+ in pdb at (55.66, -42.31, 23.66).
Placed Na+ in pdb at (-59.34, -42.31, 1.66).
Placed Na+ in pdb at (41.66, 35.69, 35.66).
Placed Na+ in pdb at (11.66, -58.31, -30.34).
Placed Na+ in pdb at (-19.34, 56.69, -3.34).
Placed Na+ in pdb at (-34.34, -19.31, 47.66).
Placed Na+ in pdb at (11.66, -59.31, 23.66).
Placed Na+ in pdb at (58.66, 35.69, 14.66).
Placed Na+ in pdb at (-56.34, -40.31, -26.34).
Placed Na+ in pdb at (-43.34, 47.69, 27.66).
Placed Na+ in pdb at (57.66, -11.31, -37.34).
Placed Na+ in pdb at (58.66, 6.69, 1.66).
Placed Na+ in pdb at (2.66, 28.69, -53.34).
Placed Na+ in pdb at (34.66, -22.31, 54.66).
Placed Na+ in pdb at (21.66, 50.69, 34.66).
Placed Na+ in pdb at (10.66, -58.31, -5.34).
Placed Na+ in pdb at (-58.34, 30.69, -9.34).
Placed Na+ in pdb at (25.66, 37.69, -39.34).
Placed Na+ in pdb at (10.66, -46.31, 48.66).
Placed Na+ in pdb at (58.66, -16.31, 14.66).
Placed Na+ in pdb at (-19.34, 56.69, 21.66).
Placed Na+ in pdb at (-0.34, 18.69, 61.66).
Placed Na+ in pdb at (-35.34, -58.31, 1.66).
Placed Na+ in pdb at (2.66, 64.69, 9.66).
Placed Na+ in pdb at (58.66, 12.69, -24.34).
Placed Na+ in pdb at (4.66, 52.69, -39.34).
Placed Na+ in pdb at (-10.34, -54.31, 35.66).
Placed Na+ in pdb at (-59.34, -17.31, 16.66).
Placed Na+ in pdb at (49.66, 47.69, 0.66).
Placed Na+ in pdb at (-58.34, 30.69, 16.66).
Placed Na+ in pdb at (-21.34, -35.31, -6.34).
Placed Na+ in pdb at (25.66, 60.69, -26.34).
Placed Na+ in pdb at (58.66, 11.69, 28.66).
Placed Na+ in pdb at (24.66, -15.31, 66.66).

Done adding ions.
Adding 73 counter ions to "pdb" using 1A grid
Grid extends from solute vdw + 2.14  to  8.24
Resolution:      1.00 Angstrom.
Calculating grid charges
Placed Cl- in pdb at (15.42, 53.99, 34.97).
Placed Cl- in pdb at (-8.58, -42.01, 43.97).
Placed Cl- in pdb at (13.42, -58.01, -8.03).
Placed Cl- in pdb at (58.42, 32.99, 6.97).
Placed Cl- in pdb at (15.42, 29.99, 47.97).
Placed Cl- in pdb at (8.42, -60.01, 25.97).
Placed Cl- in pdb at (23.42, 57.99, -29.03).
Placed Cl- in pdb at (1.42, 26.99, -57.03).
Placed Cl- in pdb at (60.42, -29.01, -22.03).
Placed Cl- in pdb at (35.42, 15.99, 47.97).
Placed Cl- in pdb at (40.42, 19.99, -45.03).
Placed Cl- in pdb at (56.42, -43.01, 7.97).
Placed Cl- in pdb at (47.42, 50.99, 1.97).
Placed Cl- in pdb at (-44.58, 20.99, 49.97).
Placed Cl- in pdb at (61.42, 6.99, 3.97).
Placed Cl- in pdb at (58.42, -25.01, 20.97).
Placed Cl- in pdb at (59.42, 13.99, -31.03).
Placed Cl- in pdb at (30.42, -24.01, 56.97).
Placed Cl- in pdb at (-27.58, -63.01, 1.97).
Placed Cl- in pdb at (-53.58, -14.01, 42.97).
Placed Cl- in pdb at (14.42, -58.01, -33.03).
Placed Cl- in pdb at (18.42, 33.99, -46.03).
Placed Cl- in pdb at (-34.58, 35.99, 48.97).
Placed Cl- in pdb at (58.42, 9.99, 19.97).
Placed Cl- in pdb at (-26.58, -13.01, -18.03).
Placed Cl- in pdb at (37.42, 38.99, 33.97).
Placed Cl- in pdb at (60.42, -12.01, -35.03).
Placed Cl- in pdb at (-31.58, -50.01, 29.97).
Placed Cl- in pdb at (1.42, 49.99, -43.03).
Placed Cl- in pdb at (-10.58, -67.01, -4.03).
Placed Cl- in pdb at (54.42, -43.01, 26.97).
Placed Cl- in pdb at (-53.58, -39.01, -29.03).
Placed Cl- in pdb at (-15.58, 58.99, -30.03).
Placed Cl- in pdb at (-38.58, 3.99, 59.97).
Placed Cl- in pdb at (-37.58, 50.99, 9.97).
Placed Cl- in pdb at (37.42, -43.01, 39.97).
Placed Cl- in pdb at (60.42, 28.99, -16.03).
Placed Cl- in pdb at (6.42, -60.01, 0.97).
Placed Cl- in pdb at (18.42, 7.99, -60.03).
Placed Cl- in pdb at (-56.58, 28.99, 34.97).
Placed Cl- in pdb at (-60.58, -18.01, 19.97).
Placed Cl- in pdb at (40.42, -3.01, -58.03).
Placed Cl- in pdb at (27.42, -13.01, 66.97).
Placed Cl- in pdb at (57.42, -42.01, -18.03).
Placed Cl- in pdb at (5.42, 66.99, -16.03).
Placed Cl- in pdb at (-7.58, -66.01, -20.03).
Placed Cl- in pdb at (2.42, 20.99, 60.97).
Placed Cl- in pdb at (-59.58, 20.99, 0.97).
Placed Cl- in pdb at (-20.58, 59.99, 20.97).
Placed Cl- in pdb at (-53.58, -36.01, 28.97).
Placed Cl- in pdb at (59.42, 32.99, 16.97).
Placed Cl- in pdb at (10.42, -1.01, -70.03).
Placed Cl- in pdb at (1.42, 67.99, 8.97).
Placed Cl- in pdb at (-13.58, -69.01, 8.97).
Placed Cl- in pdb at (61.42, -16.01, 16.97).
Placed Cl- in pdb at (-59.58, 33.99, 15.97).
Placed Cl- in pdb at (58.42, -0.01, -19.03).
Placed Cl- in pdb at (-37.58, 50.99, -17.03).
Placed Cl- in pdb at (-22.58, 54.99, 43.97).
Placed Cl- in pdb at (-15.58, -0.01, -17.03).
Placed Cl- in pdb at (24.42, 52.99, 33.97).
Placed Cl- in pdb at (-13.58, -14.01, 62.97).
Placed Cl- in pdb at (33.42, -51.01, -32.03).
Placed Cl- in pdb at (28.42, 39.99, -39.03).
Placed Cl- in pdb at (-20.58, 59.99, -4.03).
Placed Cl- in pdb at (-35.58, -20.01, 50.97).
Placed Cl- in pdb at (-3.58, -8.01, -67.03).
Placed Cl- in pdb at (-61.58, -44.01, 3.97).
Placed Cl- in pdb at (45.42, 13.99, 47.97).
Placed Cl- in pdb at (-44.58, 50.99, 26.97).
Placed Cl- in pdb at (-2.58, -31.01, -54.03).
Placed Cl- in pdb at (9.42, -47.01, 51.97).
Placed Cl- in pdb at (-34.58, 13.99, 61.97).

Done adding ions.
Checking Unit.

/ihome/lchong/dty7/Apps/anaconda3/envs/md/bin/teLeap: Note.
Ignoring the warnings from Unit Checking.

Building topology.
Building atom parameters.
Building bond parameters.
Building angle parameters.
Building proper torsion parameters.
Building improper torsion parameters.
old PREP-specified impropers:
 <ADP 370>:  C8   C4   N9   C1* 
 <ADP 370>:  C6   H60  N6   H61 
 <ADP 370>:  N7   N9   C8   H80 
 <ADP 370>:  N1   N3   C2   H2  
 <ADP 370>:  C5   N1   C6   N6  
 total 1102 improper torsions applied
 5 improper torsions in old prep form
Building H-Bond parameters.
Incorporating Non-Bonded adjustments.
Not Marking per-residue atom chain types.
Marking per-residue atom chain types.
  (Residues lacking connect0/connect1 - 
   these don't have chain types marked:

	res	total affected

	CLYS	1
	NMET	1
  )
 (no restraints)
Writing pdb file: 1ii6_solv.pdb
   printing CRYST1 record to PDB file with box info

/ihome/lchong/dty7/Apps/anaconda3/envs/md/bin/teLeap: Warning!
 Converting N-terminal residue name to PDB format: NMET -> MET

/ihome/lchong/dty7/Apps/anaconda3/envs/md/bin/teLeap: Warning!
 Converting C-terminal residue name to PDB format: CLYS -> LYS
	Quit

Exiting LEaP: Errors = 0; Warnings = 2; Notes = 1.
