Updating system with the options from the configuration file
Maximum wallclock time: 2 days, 0:00:00

Wed Jul 20 13:03:21 2022
Iteration 1 (200 requested)
Beginning iteration 1
10 segments remain in iteration 1 (10 total)
1 of 24 (4.166667%) active bins are populated
per-bin minimum non-zero probability:       1
per-bin maximum probability:                1
per-bin probability dynamic range (kT):     0
per-segment minimum non-zero probability:   0.1
per-segment maximum non-zero probability:   0.1
per-segment probability dynamic range (kT): 0
norm = 1, error in norm = 0 (0*epsilon)
MAB binning in use
Bottleneck bin occupancy may not be accurately reported
Waiting for segments to complete...
Iteration completed successfully
Iteration wallclock: 0:10:01.156773, cputime: 0:23:41.049620


Wed Jul 20 13:13:22 2022
Iteration 2 (200 requested)
Beginning iteration 2
17 segments remain in iteration 2 (17 total)
2 of 24 (8.333333%) active bins are populated
per-bin minimum non-zero probability:       0.1
per-bin maximum probability:                0.9
per-bin probability dynamic range (kT):     2.19722
per-segment minimum non-zero probability:   0.0125
per-segment maximum non-zero probability:   0.1
per-segment probability dynamic range (kT): 2.07944
norm = 1, error in norm = 0 (0*epsilon)
MAB binning in use
Bottleneck bin occupancy may not be accurately reported
Waiting for segments to complete...
Iteration completed successfully
Iteration wallclock: 0:13:40.600078, cputime: 0:40:08.442657


Wed Jul 20 13:27:02 2022
Iteration 3 (200 requested)
Beginning iteration 3
25 segments remain in iteration 3 (25 total)
2 of 24 (8.333333%) active bins are populated
per-bin minimum non-zero probability:       0.0125
per-bin maximum probability:                0.9875
per-bin probability dynamic range (kT):     4.36945
per-segment minimum non-zero probability:   0.0015625
per-segment maximum non-zero probability:   0.1
per-segment probability dynamic range (kT): 4.15888
norm = 1, error in norm = -1.11022e-16 (-0.5*epsilon)
MAB binning in use
Bottleneck bin occupancy may not be accurately reported
Waiting for segments to complete...
Iteration completed successfully
Iteration wallclock: 0:19:16.531985, cputime: 0:59:25.663530


Wed Jul 20 13:46:19 2022
Iteration 4 (200 requested)
Beginning iteration 4
25 segments remain in iteration 4 (25 total)
2 of 24 (8.333333%) active bins are populated
per-bin minimum non-zero probability:       0.0125
per-bin maximum probability:                0.9875
per-bin probability dynamic range (kT):     4.36945
per-segment minimum non-zero probability:   0.0015625
per-segment maximum non-zero probability:   0.1
per-segment probability dynamic range (kT): 4.15888
norm = 1, error in norm = -1.11022e-16 (-0.5*epsilon)
MAB binning in use
Bottleneck bin occupancy may not be accurately reported
Waiting for segments to complete...
Iteration completed successfully
Iteration wallclock: 0:28:02.909774, cputime: 1:12:21.520959


Wed Jul 20 14:14:22 2022
Iteration 5 (200 requested)
Beginning iteration 5
26 segments remain in iteration 5 (26 total)
3 of 24 (12.500000%) active bins are populated
per-bin minimum non-zero probability:       0.0015625
per-bin maximum probability:                0.904687
per-bin probability dynamic range (kT):     6.3613
per-segment minimum non-zero probability:   0.000195313
per-segment maximum non-zero probability:   0.1
per-segment probability dynamic range (kT): 6.23832
norm = 1, error in norm = 0 (0*epsilon)
MAB binning in use
Bottleneck bin occupancy may not be accurately reported
Waiting for segments to complete...
Iteration completed successfully
Iteration wallclock: 0:32:33.490726, cputime: 1:38:25.683106


Wed Jul 20 14:46:55 2022
Iteration 6 (200 requested)
Beginning iteration 6
26 segments remain in iteration 6 (26 total)
3 of 24 (12.500000%) active bins are populated
per-bin minimum non-zero probability:       0.0117188
per-bin maximum probability:                0.888281
per-bin probability dynamic range (kT):     4.3281
per-segment minimum non-zero probability:   0.00146484
per-segment maximum non-zero probability:   0.1
per-segment probability dynamic range (kT): 4.22342
norm = 1, error in norm = 0 (0*epsilon)
MAB binning in use
Bottleneck bin occupancy may not be accurately reported
Waiting for segments to complete...
Iteration completed successfully
Iteration wallclock: 0:32:30.703793, cputime: 1:39:09.130840


Wed Jul 20 15:19:26 2022
Iteration 7 (200 requested)
Beginning iteration 7
26 segments remain in iteration 7 (26 total)
3 of 24 (12.500000%) active bins are populated
per-bin minimum non-zero probability:       0.0125
per-bin maximum probability:                0.888281
per-bin probability dynamic range (kT):     4.26356
per-segment minimum non-zero probability:   0.0015625
per-segment maximum non-zero probability:   0.1
per-segment probability dynamic range (kT): 4.15888
norm = 1, error in norm = -1.11022e-16 (-0.5*epsilon)
MAB binning in use
Bottleneck bin occupancy may not be accurately reported
Waiting for segments to complete...
Iteration completed successfully
Iteration wallclock: 0:35:24.968007, cputime: 1:36:23.315643


Wed Jul 20 15:54:51 2022
Iteration 8 (200 requested)
Beginning iteration 8
19 segments remain in iteration 8 (19 total)
2 of 24 (8.333333%) active bins are populated
per-bin minimum non-zero probability:       0.096875
per-bin maximum probability:                0.903125
per-bin probability dynamic range (kT):     2.23244
per-segment minimum non-zero probability:   0.0121094
per-segment maximum non-zero probability:   0.1
per-segment probability dynamic range (kT): 2.11119
norm = 1, error in norm = -1.11022e-16 (-0.5*epsilon)
MAB binning in use
Bottleneck bin occupancy may not be accurately reported
Waiting for segments to complete...
Iteration completed successfully
Iteration wallclock: 0:21:38.133473, cputime: 1:07:39.888320


Wed Jul 20 16:16:29 2022
Iteration 9 (200 requested)
Beginning iteration 9
19 segments remain in iteration 9 (19 total)
2 of 24 (8.333333%) active bins are populated
per-bin minimum non-zero probability:       0.0992188
per-bin maximum probability:                0.900781
per-bin probability dynamic range (kT):     2.20594
per-segment minimum non-zero probability:   0.0124023
per-segment maximum non-zero probability:   0.1
per-segment probability dynamic range (kT): 2.08728
norm = 1, error in norm = -2.22045e-16 (-1*epsilon)
MAB binning in use
Bottleneck bin occupancy may not be accurately reported
Waiting for segments to complete...
Iteration completed successfully
Iteration wallclock: 0:15:24.695641, cputime: 0:47:56.807768


Wed Jul 20 16:31:54 2022
Iteration 10 (200 requested)
Beginning iteration 10
26 segments remain in iteration 10 (26 total)
2 of 24 (8.333333%) active bins are populated
per-bin minimum non-zero probability:       0.05625
per-bin maximum probability:                0.94375
per-bin probability dynamic range (kT):     2.82006
per-segment minimum non-zero probability:   0.00703125
per-segment maximum non-zero probability:   0.1
per-segment probability dynamic range (kT): 2.65481
norm = 1, error in norm = 0 (0*epsilon)
MAB binning in use
Bottleneck bin occupancy may not be accurately reported
Waiting for segments to complete...
Iteration completed successfully
Iteration wallclock: 0:20:48.433426, cputime: 1:06:53.854504


Wed Jul 20 16:52:42 2022
Iteration 11 (200 requested)
Beginning iteration 11
27 segments remain in iteration 11 (27 total)
3 of 24 (12.500000%) active bins are populated
per-bin minimum non-zero probability:       0.00703125
per-bin maximum probability:                0.8875
per-bin probability dynamic range (kT):     4.83804
per-segment minimum non-zero probability:   0.000878906
per-segment maximum non-zero probability:   0.1
per-segment probability dynamic range (kT): 4.73425
norm = 1, error in norm = -1.11022e-16 (-0.5*epsilon)
MAB binning in use
Bottleneck bin occupancy may not be accurately reported
Waiting for segments to complete...
Iteration completed successfully
Iteration wallclock: 0:21:40.512146, cputime: 1:09:20.614139


Wed Jul 20 17:14:23 2022
Iteration 12 (200 requested)
Beginning iteration 12
27 segments remain in iteration 12 (27 total)
2 of 24 (8.333333%) active bins are populated
per-bin minimum non-zero probability:       0.0125
per-bin maximum probability:                0.9875
per-bin probability dynamic range (kT):     4.36945
per-segment minimum non-zero probability:   0.0015625
per-segment maximum non-zero probability:   0.1
per-segment probability dynamic range (kT): 4.15888
norm = 1, error in norm = 0 (0*epsilon)
MAB binning in use
Bottleneck bin occupancy may not be accurately reported
Waiting for segments to complete...
Iteration completed successfully
Iteration wallclock: 0:21:31.408608, cputime: 1:07:36.731987


Wed Jul 20 17:35:54 2022
Iteration 13 (200 requested)
Beginning iteration 13
27 segments remain in iteration 13 (27 total)
3 of 24 (12.500000%) active bins are populated
per-bin minimum non-zero probability:       0.0065918
per-bin maximum probability:                0.939307
per-bin probability dynamic range (kT):     4.95932
per-segment minimum non-zero probability:   0.000823975
per-segment maximum non-zero probability:   0.1
per-segment probability dynamic range (kT): 4.79879
norm = 1, error in norm = -2.22045e-16 (-1*epsilon)
MAB binning in use
Bottleneck bin occupancy may not be accurately reported
Waiting for segments to complete...
Iteration completed successfully
Iteration wallclock: 0:21:38.060977, cputime: 1:09:45.176533


Wed Jul 20 17:57:32 2022
Iteration 14 (200 requested)
Beginning iteration 14
27 segments remain in iteration 14 (27 total)
3 of 24 (12.500000%) active bins are populated
per-bin minimum non-zero probability:       0.0067627
per-bin maximum probability:                0.936865
per-bin probability dynamic range (kT):     4.93112
per-segment minimum non-zero probability:   0.000845337
per-segment maximum non-zero probability:   0.1
per-segment probability dynamic range (kT): 4.77319
norm = 1, error in norm = 0 (0*epsilon)
MAB binning in use
Bottleneck bin occupancy may not be accurately reported
Waiting for segments to complete...
Iteration completed successfully
Iteration wallclock: 0:21:35.162723, cputime: 1:09:39.694910


Wed Jul 20 18:19:07 2022
Iteration 15 (200 requested)
Beginning iteration 15
19 segments remain in iteration 15 (19 total)
2 of 24 (8.333333%) active bins are populated
per-bin minimum non-zero probability:       0.1
per-bin maximum probability:                0.9
per-bin probability dynamic range (kT):     2.19722
per-segment minimum non-zero probability:   0.0125
per-segment maximum non-zero probability:   0.1
per-segment probability dynamic range (kT): 2.07944
norm = 1, error in norm = 0 (0*epsilon)
MAB binning in use
Bottleneck bin occupancy may not be accurately reported
Waiting for segments to complete...
Iteration completed successfully
Iteration wallclock: 0:15:39.550704, cputime: 0:48:02.715978


Wed Jul 20 18:34:47 2022
Iteration 16 (200 requested)
Beginning iteration 16
27 segments remain in iteration 16 (27 total)
3 of 24 (12.500000%) active bins are populated
per-bin minimum non-zero probability:       0.0125
per-bin maximum probability:                0.817383
per-bin probability dynamic range (kT):     4.18038
per-segment minimum non-zero probability:   0.0015625
per-segment maximum non-zero probability:   0.1
per-segment probability dynamic range (kT): 4.15888
norm = 1, error in norm = 0 (0*epsilon)
MAB binning in use
Bottleneck bin occupancy may not be accurately reported
Waiting for segments to complete...
Iteration completed successfully
Iteration wallclock: 0:21:45.285798, cputime: 1:08:01.366340


Wed Jul 20 18:56:32 2022
Iteration 17 (200 requested)
Beginning iteration 17
28 segments remain in iteration 17 (28 total)
3 of 24 (12.500000%) active bins are populated
per-bin minimum non-zero probability:       0.0015625
per-bin maximum probability:                0.852701
per-bin probability dynamic range (kT):     6.30212
per-segment minimum non-zero probability:   0.000195313
per-segment maximum non-zero probability:   0.1
per-segment probability dynamic range (kT): 6.23832
norm = 1, error in norm = 0 (0*epsilon)
MAB binning in use
Bottleneck bin occupancy may not be accurately reported
Waiting for segments to complete...
Iteration completed successfully
Iteration wallclock: 0:21:41.662683, cputime: 1:11:15.966430


Wed Jul 20 19:18:14 2022
Iteration 18 (200 requested)
Beginning iteration 18
19 segments remain in iteration 18 (19 total)
2 of 24 (8.333333%) active bins are populated
per-bin minimum non-zero probability:       0.0801819
per-bin maximum probability:                0.919818
per-bin probability dynamic range (kT):     2.43988
per-segment minimum non-zero probability:   0.0100227
per-segment maximum non-zero probability:   0.1
per-segment probability dynamic range (kT): 2.30031
norm = 1, error in norm = 0 (0*epsilon)
MAB binning in use
Bottleneck bin occupancy may not be accurately reported
Waiting for segments to complete...
Iteration completed successfully
Iteration wallclock: 0:16:18.987716, cputime: 0:48:23.190860


Wed Jul 20 19:34:33 2022
Iteration 19 (200 requested)
Beginning iteration 19
19 segments remain in iteration 19 (19 total)
2 of 24 (8.333333%) active bins are populated
per-bin minimum non-zero probability:       0.0844513
per-bin maximum probability:                0.915549
per-bin probability dynamic range (kT):     2.38335
per-segment minimum non-zero probability:   0.0105564
per-segment maximum non-zero probability:   0.1
per-segment probability dynamic range (kT): 2.24844
norm = 1, error in norm = -1.11022e-16 (-0.5*epsilon)
MAB binning in use
Bottleneck bin occupancy may not be accurately reported
Waiting for segments to complete...
Iteration completed successfully
Iteration wallclock: 0:16:09.126369, cputime: 0:48:36.799086


Wed Jul 20 19:50:42 2022
Iteration 20 (200 requested)
Beginning iteration 20
19 segments remain in iteration 20 (19 total)
3 of 24 (12.500000%) active bins are populated
per-bin minimum non-zero probability:       0.0728683
per-bin maximum probability:                0.771947
per-bin probability dynamic range (kT):     2.36026
per-segment minimum non-zero probability:   0.00910854
per-segment maximum non-zero probability:   0.1
per-segment probability dynamic range (kT): 2.39596
norm = 1, error in norm = 0 (0*epsilon)
MAB binning in use
Bottleneck bin occupancy may not be accurately reported
Waiting for segments to complete...
Iteration completed successfully
Iteration wallclock: 0:16:16.666838, cputime: 0:48:46.544472


Wed Jul 20 20:06:59 2022
Iteration 21 (200 requested)
Beginning iteration 21
19 segments remain in iteration 21 (19 total)
2 of 24 (8.333333%) active bins are populated
per-bin minimum non-zero probability:       0.0775925
per-bin maximum probability:                0.922408
per-bin probability dynamic range (kT):     2.47552
per-segment minimum non-zero probability:   0.00969906
per-segment maximum non-zero probability:   0.1
per-segment probability dynamic range (kT): 2.33314
norm = 1, error in norm = 0 (0*epsilon)
MAB binning in use
Bottleneck bin occupancy may not be accurately reported
Waiting for segments to complete...
Iteration completed successfully
Iteration wallclock: 0:16:12.702121, cputime: 0:48:52.206179


Wed Jul 20 20:23:11 2022
Iteration 22 (200 requested)
Beginning iteration 22
27 segments remain in iteration 22 (27 total)
2 of 24 (8.333333%) active bins are populated
per-bin minimum non-zero probability:       0.00969906
per-bin maximum probability:                0.990301
per-bin probability dynamic range (kT):     4.62598
per-segment minimum non-zero probability:   0.00121238
per-segment maximum non-zero probability:   0.1
per-segment probability dynamic range (kT): 4.41258
norm = 1, error in norm = -1.11022e-16 (-0.5*epsilon)
MAB binning in use
Bottleneck bin occupancy may not be accurately reported
Waiting for segments to complete...
Iteration completed successfully
Iteration wallclock: 0:21:41.058068, cputime: 1:08:40.087062


Wed Jul 20 20:44:52 2022
Iteration 23 (200 requested)
Beginning iteration 23
19 segments remain in iteration 23 (19 total)
3 of 24 (12.500000%) active bins are populated
per-bin minimum non-zero probability:       0.0601822
per-bin maximum probability:                0.784872
per-bin probability dynamic range (kT):     2.56814
per-segment minimum non-zero probability:   0.00752277
per-segment maximum non-zero probability:   0.1
per-segment probability dynamic range (kT): 2.58724
norm = 1, error in norm = -1.11022e-16 (-0.5*epsilon)
MAB binning in use
Bottleneck bin occupancy may not be accurately reported
Waiting for segments to complete...
Iteration completed successfully
Iteration wallclock: 0:16:45.235517, cputime: 0:48:43.082479


Wed Jul 20 21:01:38 2022
Iteration 24 (200 requested)
Beginning iteration 24
19 segments remain in iteration 24 (19 total)
2 of 24 (8.333333%) active bins are populated
per-bin minimum non-zero probability:       0.0774729
per-bin maximum probability:                0.922527
per-bin probability dynamic range (kT):     2.47719
per-segment minimum non-zero probability:   0.00968412
per-segment maximum non-zero probability:   0.1
per-segment probability dynamic range (kT): 2.33468
norm = 1, error in norm = 0 (0*epsilon)
MAB binning in use
Bottleneck bin occupancy may not be accurately reported
Waiting for segments to complete...
Iteration completed successfully
Iteration wallclock: 0:16:16.524497, cputime: 0:48:40.989109


Wed Jul 20 21:17:54 2022
Iteration 25 (200 requested)
Beginning iteration 25
27 segments remain in iteration 25 (27 total)
3 of 24 (12.500000%) active bins are populated
per-bin minimum non-zero probability:       0.00968412
per-bin maximum probability:                0.893441
per-bin probability dynamic range (kT):     4.52459
per-segment minimum non-zero probability:   0.00121051
per-segment maximum non-zero probability:   0.1
per-segment probability dynamic range (kT): 4.41412
norm = 1, error in norm = 0 (0*epsilon)
MAB binning in use
Bottleneck bin occupancy may not be accurately reported
Waiting for segments to complete...
Iteration completed successfully
Iteration wallclock: 0:22:42.799893, cputime: 1:11:13.261864


Wed Jul 20 21:40:37 2022
Iteration 26 (200 requested)
Beginning iteration 26
27 segments remain in iteration 26 (27 total)
3 of 24 (12.500000%) active bins are populated
per-bin minimum non-zero probability:       0.0121094
per-bin maximum probability:                0.825819
per-bin probability dynamic range (kT):     4.2224
per-segment minimum non-zero probability:   0.00151367
per-segment maximum non-zero probability:   0.1
per-segment probability dynamic range (kT): 4.19063
norm = 1, error in norm = -2.22045e-16 (-1*epsilon)
MAB binning in use
Bottleneck bin occupancy may not be accurately reported
Waiting for segments to complete...
Iteration completed successfully
Iteration wallclock: 0:32:22.901981, cputime: 1:32:23.636381


Wed Jul 20 22:13:00 2022
Iteration 27 (200 requested)
Beginning iteration 27
27 segments remain in iteration 27 (27 total)
3 of 24 (12.500000%) active bins are populated
per-bin minimum non-zero probability:       0.00787839
per-bin maximum probability:                0.897672
per-bin probability dynamic range (kT):     4.73568
per-segment minimum non-zero probability:   0.000984799
per-segment maximum non-zero probability:   0.1
per-segment probability dynamic range (kT): 4.62049
norm = 1, error in norm = 0 (0*epsilon)
MAB binning in use
Bottleneck bin occupancy may not be accurately reported
Waiting for segments to complete...
Iteration completed successfully
Iteration wallclock: 0:26:53.256940, cputime: 1:25:28.360720


Wed Jul 20 22:39:53 2022
Iteration 28 (200 requested)
Beginning iteration 28
27 segments remain in iteration 28 (27 total)
3 of 24 (12.500000%) active bins are populated
per-bin minimum non-zero probability:       0.00829736
per-bin maximum probability:                0.924884
per-bin probability dynamic range (kT):     4.71373
per-segment minimum non-zero probability:   0.00103717
per-segment maximum non-zero probability:   0.1
per-segment probability dynamic range (kT): 4.56867
norm = 1, error in norm = 0 (0*epsilon)
MAB binning in use
Bottleneck bin occupancy may not be accurately reported
Waiting for segments to complete...
Iteration completed successfully
Iteration wallclock: 0:22:09.097780, cputime: 1:08:18.504722


Wed Jul 20 23:02:02 2022
Iteration 29 (200 requested)
Beginning iteration 29
27 segments remain in iteration 29 (27 total)
3 of 24 (12.500000%) active bins are populated
per-bin minimum non-zero probability:       0.00835231
per-bin maximum probability:                0.829576
per-bin probability dynamic range (kT):     4.59838
per-segment minimum non-zero probability:   0.00104404
per-segment maximum non-zero probability:   0.1
per-segment probability dynamic range (kT): 4.56207
norm = 1, error in norm = -2.22045e-16 (-1*epsilon)
MAB binning in use
Bottleneck bin occupancy may not be accurately reported
Waiting for segments to complete...
Iteration completed successfully
Iteration wallclock: 0:21:33.121374, cputime: 1:09:36.084528


Wed Jul 20 23:23:35 2022
Iteration 30 (200 requested)
Beginning iteration 30
27 segments remain in iteration 30 (27 total)
3 of 24 (12.500000%) active bins are populated
per-bin minimum non-zero probability:       0.00104404
per-bin maximum probability:                0.925133
per-bin probability dynamic range (kT):     6.78684
per-segment minimum non-zero probability:   0.000130505
per-segment maximum non-zero probability:   0.1
per-segment probability dynamic range (kT): 6.64151
norm = 1, error in norm = 0 (0*epsilon)
MAB binning in use
Bottleneck bin occupancy may not be accurately reported
Waiting for segments to complete...
Iteration completed successfully
Iteration wallclock: 0:21:37.860510, cputime: 1:08:40.538191


Wed Jul 20 23:45:13 2022
Iteration 31 (200 requested)
Beginning iteration 31
27 segments remain in iteration 31 (27 total)
3 of 24 (12.500000%) active bins are populated
per-bin minimum non-zero probability:       0.000130505
per-bin maximum probability:                0.926109
per-bin probability dynamic range (kT):     8.86734
per-segment minimum non-zero probability:   1.63131e-05
per-segment maximum non-zero probability:   0.1
per-segment probability dynamic range (kT): 8.72096
norm = 1, error in norm = 0 (0*epsilon)
MAB binning in use
Bottleneck bin occupancy may not be accurately reported
Waiting for segments to complete...
Iteration completed successfully
Iteration wallclock: 0:21:37.756658, cputime: 1:08:25.933388


Thu Jul 21 00:06:51 2022
Iteration 32 (200 requested)
Beginning iteration 32
27 segments remain in iteration 32 (27 total)
3 of 24 (12.500000%) active bins are populated
per-bin minimum non-zero probability:       0.00922001
per-bin maximum probability:                0.916532
per-bin probability dynamic range (kT):     4.59922
per-segment minimum non-zero probability:   0.0011525
per-segment maximum non-zero probability:   0.1
per-segment probability dynamic range (kT): 4.46324
norm = 1, error in norm = 2.22045e-16 (1*epsilon)
MAB binning in use
Bottleneck bin occupancy may not be accurately reported
Waiting for segments to complete...
Iteration completed successfully
Iteration wallclock: 0:21:37.736002, cputime: 1:09:15.083703


Thu Jul 21 00:28:29 2022
Iteration 33 (200 requested)
Beginning iteration 33
26 segments remain in iteration 33 (26 total)
2 of 24 (8.333333%) active bins are populated
per-bin minimum non-zero probability:       0.0656235
per-bin maximum probability:                0.934377
per-bin probability dynamic range (kT):     2.65595
per-segment minimum non-zero probability:   0.00820293
per-segment maximum non-zero probability:   0.1
per-segment probability dynamic range (kT): 2.50068
norm = 1, error in norm = 0 (0*epsilon)
MAB binning in use
Bottleneck bin occupancy may not be accurately reported
Waiting for segments to complete...
Iteration completed successfully
Iteration wallclock: 0:20:50.358331, cputime: 1:06:03.327840


Thu Jul 21 00:49:19 2022
Iteration 34 (200 requested)
Beginning iteration 34
27 segments remain in iteration 34 (27 total)
3 of 24 (12.500000%) active bins are populated
per-bin minimum non-zero probability:       0.00820293
per-bin maximum probability:                0.910761
per-bin probability dynamic range (kT):     4.70979
per-segment minimum non-zero probability:   0.00102537
per-segment maximum non-zero probability:   0.1
per-segment probability dynamic range (kT): 4.58012
norm = 1, error in norm = 0 (0*epsilon)
MAB binning in use
Bottleneck bin occupancy may not be accurately reported
Waiting for segments to complete...
Iteration completed successfully
Iteration wallclock: 0:21:48.291644, cputime: 1:08:43.313173


Thu Jul 21 01:11:07 2022
Iteration 35 (200 requested)
Beginning iteration 35
27 segments remain in iteration 35 (27 total)
3 of 24 (12.500000%) active bins are populated
per-bin minimum non-zero probability:       0.00102537
per-bin maximum probability:                0.94386
per-bin probability dynamic range (kT):     6.82493
per-segment minimum non-zero probability:   0.000128171
per-segment maximum non-zero probability:   0.1
per-segment probability dynamic range (kT): 6.65956
norm = 1, error in norm = 0 (0*epsilon)
MAB binning in use
Bottleneck bin occupancy may not be accurately reported
Waiting for segments to complete...
Iteration completed successfully
Iteration wallclock: 0:21:34.849360, cputime: 1:09:27.422333


Thu Jul 21 01:32:42 2022
Iteration 36 (200 requested)
Beginning iteration 36
28 segments remain in iteration 36 (28 total)
3 of 24 (12.500000%) active bins are populated
per-bin minimum non-zero probability:       0.000128171
per-bin maximum probability:                0.885928
per-bin probability dynamic range (kT):     8.84103
per-segment minimum non-zero probability:   1.60214e-05
per-segment maximum non-zero probability:   0.1
per-segment probability dynamic range (kT): 8.739
norm = 1, error in norm = 2.22045e-16 (1*epsilon)
MAB binning in use
Bottleneck bin occupancy may not be accurately reported
Waiting for segments to complete...
Iteration completed successfully
Iteration wallclock: 0:21:42.925370, cputime: 1:10:34.669298


Thu Jul 21 01:54:25 2022
Iteration 37 (200 requested)
Beginning iteration 37
27 segments remain in iteration 37 (27 total)
3 of 24 (12.500000%) active bins are populated
per-bin minimum non-zero probability:       0.00086117
per-bin maximum probability:                0.904689
per-bin probability dynamic range (kT):     6.95706
per-segment minimum non-zero probability:   0.000107646
per-segment maximum non-zero probability:   0.1
per-segment probability dynamic range (kT): 6.83408
norm = 1, error in norm = 0 (0*epsilon)
MAB binning in use
Bottleneck bin occupancy may not be accurately reported
Waiting for segments to complete...
Iteration completed successfully
Iteration wallclock: 0:21:42.919954, cputime: 1:08:37.519402


Thu Jul 21 02:16:08 2022
Iteration 38 (200 requested)
Beginning iteration 38
27 segments remain in iteration 38 (27 total)
2 of 24 (8.333333%) active bins are populated
per-bin minimum non-zero probability:       0.0118062
per-bin maximum probability:                0.988194
per-bin probability dynamic range (kT):     4.42725
per-segment minimum non-zero probability:   0.00147578
per-segment maximum non-zero probability:   0.1
per-segment probability dynamic range (kT): 4.21599
norm = 1, error in norm = 0 (0*epsilon)
MAB binning in use
Bottleneck bin occupancy may not be accurately reported
Waiting for segments to complete...
Iteration completed successfully
Iteration wallclock: 0:21:35.280080, cputime: 1:09:42.305735


Thu Jul 21 02:37:43 2022
Iteration 39 (200 requested)
Beginning iteration 39
28 segments remain in iteration 39 (28 total)
3 of 24 (12.500000%) active bins are populated
per-bin minimum non-zero probability:       0.00147578
per-bin maximum probability:                0.854168
per-bin probability dynamic range (kT):     6.36094
per-segment minimum non-zero probability:   0.000184472
per-segment maximum non-zero probability:   0.1
per-segment probability dynamic range (kT): 6.29543
norm = 1, error in norm = 2.22045e-16 (1*epsilon)
MAB binning in use
Bottleneck bin occupancy may not be accurately reported
Waiting for segments to complete...
-- ERROR    [westpa.core.sim_manager] -- propagation failed for 4 segment(s):
22  
23  
25  
27
exception caught; shutting down
-- ERROR    [w_run] -- error message: propagation failed for 4 segments
-- ERROR    [w_run] -- Traceback (most recent call last):
  File "/jet/home/dyang4/Apps/westpa/src/westpa/cli/core/w_run.py", line 62, in run_simulation
    sim_manager.run()
  File "/jet/home/dyang4/Apps/westpa/src/westpa/core/sim_manager.py", line 752, in run
    self.check_propagation()
  File "/jet/home/dyang4/Apps/westpa/src/westpa/core/sim_manager.py", line 650, in check_propagation
    raise PropagationError('propagation failed for {:d} segments'.format(len(failed_segments)))
westpa.core.sim_manager.PropagationError: propagation failed for 4 segments

