Updating system with the options from the configuration file
Maximum wallclock time: 2 days, 0:00:00

Thu Jul 21 11:07:27 2022
Iteration 37 (200 requested)
0 segments remain in iteration 37 (27 total)
3 of 24 (12.500000%) active bins are populated
per-bin minimum non-zero probability:       0.00086117
per-bin maximum probability:                0.904689
per-bin probability dynamic range (kT):     6.95706
per-segment minimum non-zero probability:   0.000107646
per-segment maximum non-zero probability:   0.1
per-segment probability dynamic range (kT): 6.83408
norm = 1, error in norm = 0 (0*epsilon)
MAB binning in use
Bottleneck bin occupancy may not be accurately reported
Waiting for segments to complete...
Iteration completed successfully
Iteration wallclock: 0:23:23.027312, cputime: 1:08:37.519402


Thu Jul 21 11:09:07 2022
Iteration 38 (200 requested)
Beginning iteration 38
27 segments remain in iteration 38 (27 total)
2 of 24 (8.333333%) active bins are populated
per-bin minimum non-zero probability:       0.0118062
per-bin maximum probability:                0.988194
per-bin probability dynamic range (kT):     4.42725
per-segment minimum non-zero probability:   0.00147578
per-segment maximum non-zero probability:   0.1
per-segment probability dynamic range (kT): 4.21599
norm = 1, error in norm = -1.11022e-16 (-0.5*epsilon)
MAB binning in use
Bottleneck bin occupancy may not be accurately reported
Waiting for segments to complete...
Iteration completed successfully
Iteration wallclock: 0:20:51.737737, cputime: 1:07:55.500486


Thu Jul 21 11:29:58 2022
Iteration 39 (200 requested)
Beginning iteration 39
27 segments remain in iteration 39 (27 total)
3 of 24 (12.500000%) active bins are populated
per-bin minimum non-zero probability:       0.0103697
per-bin maximum probability:                0.902081
per-bin probability dynamic range (kT):     4.46582
per-segment minimum non-zero probability:   0.00129621
per-segment maximum non-zero probability:   0.1
per-segment probability dynamic range (kT): 4.34573
norm = 1, error in norm = -2.22045e-16 (-1*epsilon)
MAB binning in use
Bottleneck bin occupancy may not be accurately reported
Waiting for segments to complete...
Iteration completed successfully
Iteration wallclock: 0:20:46.300690, cputime: 1:08:12.872970


Thu Jul 21 11:50:45 2022
Iteration 40 (200 requested)
Beginning iteration 40
27 segments remain in iteration 40 (27 total)
3 of 24 (12.500000%) active bins are populated
per-bin minimum non-zero probability:       0.00129621
per-bin maximum probability:                0.902081
per-bin probability dynamic range (kT):     6.54526
per-segment minimum non-zero probability:   0.000162026
per-segment maximum non-zero probability:   0.1
per-segment probability dynamic range (kT): 6.42517
norm = 1, error in norm = -1.11022e-16 (-0.5*epsilon)
MAB binning in use
Bottleneck bin occupancy may not be accurately reported
Waiting for segments to complete...
Iteration completed successfully
Iteration wallclock: 0:20:44.110906, cputime: 1:08:10.800008


Thu Jul 21 12:11:29 2022
Iteration 41 (200 requested)
Beginning iteration 41
27 segments remain in iteration 41 (27 total)
3 of 24 (12.500000%) active bins are populated
per-bin minimum non-zero probability:       0.000162026
per-bin maximum probability:                0.903215
per-bin probability dynamic range (kT):     8.62596
per-segment minimum non-zero probability:   2.02532e-05
per-segment maximum non-zero probability:   0.1
per-segment probability dynamic range (kT): 8.50461
norm = 1, error in norm = 0 (0*epsilon)
MAB binning in use
Bottleneck bin occupancy may not be accurately reported
Waiting for segments to complete...
Iteration completed successfully
Iteration wallclock: 0:20:49.047700, cputime: 1:08:12.063267


Thu Jul 21 12:32:18 2022
Iteration 42 (200 requested)
Beginning iteration 42
27 segments remain in iteration 42 (27 total)
3 of 24 (12.500000%) active bins are populated
per-bin minimum non-zero probability:       2.02532e-05
per-bin maximum probability:                0.927802
per-bin probability dynamic range (kT):     10.7323
per-segment minimum non-zero probability:   2.53165e-06
per-segment maximum non-zero probability:   0.1
per-segment probability dynamic range (kT): 10.5841
norm = 1, error in norm = -1.11022e-16 (-0.5*epsilon)
MAB binning in use
Bottleneck bin occupancy may not be accurately reported
Waiting for segments to complete...
Iteration completed successfully
Iteration wallclock: 0:20:40.801811, cputime: 1:08:09.145498


Thu Jul 21 12:52:59 2022
Iteration 43 (200 requested)
Beginning iteration 43
28 segments remain in iteration 43 (28 total)
3 of 24 (12.500000%) active bins are populated
per-bin minimum non-zero probability:       2.53165e-06
per-bin maximum probability:                0.990975
per-bin probability dynamic range (kT):     12.8776
per-segment minimum non-zero probability:   3.16457e-07
per-segment maximum non-zero probability:   0.1
per-segment probability dynamic range (kT): 12.6635
norm = 1, error in norm = -1.11022e-16 (-0.5*epsilon)
MAB binning in use
Bottleneck bin occupancy may not be accurately reported
Waiting for segments to complete...
Iteration completed successfully
Iteration wallclock: 0:21:07.877689, cputime: 1:10:20.401899


Thu Jul 21 13:14:07 2022
Iteration 44 (200 requested)
Beginning iteration 44
28 segments remain in iteration 44 (28 total)
3 of 24 (12.500000%) active bins are populated
per-bin minimum non-zero probability:       3.16457e-07
per-bin maximum probability:                0.998872
per-bin probability dynamic range (kT):     14.965
per-segment minimum non-zero probability:   3.95571e-08
per-segment maximum non-zero probability:   0.1
per-segment probability dynamic range (kT): 14.7429
norm = 1, error in norm = -2.22045e-16 (-1*epsilon)
MAB binning in use
Bottleneck bin occupancy may not be accurately reported
Waiting for segments to complete...
Iteration completed successfully
Iteration wallclock: 0:21:00.226331, cputime: 1:10:24.833790


Thu Jul 21 13:35:07 2022
Iteration 45 (200 requested)
Beginning iteration 45
28 segments remain in iteration 45 (28 total)
3 of 24 (12.500000%) active bins are populated
per-bin minimum non-zero probability:       3.95571e-08
per-bin maximum probability:                0.827504
per-bin probability dynamic range (kT):     16.8562
per-segment minimum non-zero probability:   4.94464e-09
per-segment maximum non-zero probability:   0.1
per-segment probability dynamic range (kT): 16.8224
norm = 1, error in norm = 2.22045e-16 (1*epsilon)
MAB binning in use
Bottleneck bin occupancy may not be accurately reported
Waiting for segments to complete...
Iteration completed successfully
Iteration wallclock: 0:20:53.732118, cputime: 1:10:15.646254


Thu Jul 21 13:56:01 2022
Iteration 46 (200 requested)
Beginning iteration 46
27 segments remain in iteration 46 (27 total)
3 of 24 (12.500000%) active bins are populated
per-bin minimum non-zero probability:       4.94464e-09
per-bin maximum probability:                0.913752
per-bin probability dynamic range (kT):     19.0348
per-segment minimum non-zero probability:   6.1808e-10
per-segment maximum non-zero probability:   0.1
per-segment probability dynamic range (kT): 18.9018
norm = 1, error in norm = 0 (0*epsilon)
MAB binning in use
Bottleneck bin occupancy may not be accurately reported
Waiting for segments to complete...
Iteration completed successfully
Iteration wallclock: 0:20:43.208771, cputime: 1:08:06.343668


Thu Jul 21 14:16:44 2022
Iteration 47 (200 requested)
Beginning iteration 47
27 segments remain in iteration 47 (27 total)
3 of 24 (12.500000%) active bins are populated
per-bin minimum non-zero probability:       0.010781
per-bin maximum probability:                0.889219
per-bin probability dynamic range (kT):     4.41256
per-segment minimum non-zero probability:   0.00134763
per-segment maximum non-zero probability:   0.1
per-segment probability dynamic range (kT): 4.30682
norm = 1, error in norm = -2.22045e-16 (-1*epsilon)
MAB binning in use
Bottleneck bin occupancy may not be accurately reported
Waiting for segments to complete...
Iteration completed successfully
Iteration wallclock: 0:20:41.094923, cputime: 1:07:59.003189


Thu Jul 21 14:37:25 2022
Iteration 48 (200 requested)
Beginning iteration 48
28 segments remain in iteration 48 (28 total)
3 of 24 (12.500000%) active bins are populated
per-bin minimum non-zero probability:       0.00134763
per-bin maximum probability:                0.901887
per-bin probability dynamic range (kT):     6.50614
per-segment minimum non-zero probability:   0.000168453
per-segment maximum non-zero probability:   0.1
per-segment probability dynamic range (kT): 6.38627
norm = 1, error in norm = 0 (0*epsilon)
MAB binning in use
Bottleneck bin occupancy may not be accurately reported
Waiting for segments to complete...
Iteration completed successfully
Iteration wallclock: 0:21:11.124608, cputime: 1:10:45.039525


Thu Jul 21 14:58:36 2022
Iteration 49 (200 requested)
Beginning iteration 49
21 segments remain in iteration 49 (21 total)
3 of 24 (12.500000%) active bins are populated
per-bin minimum non-zero probability:       0.0120956
per-bin maximum probability:                0.849519
per-bin probability dynamic range (kT):     4.25183
per-segment minimum non-zero probability:   0.00151195
per-segment maximum non-zero probability:   0.1
per-segment probability dynamic range (kT): 4.19177
norm = 1, error in norm = 0 (0*epsilon)
MAB binning in use
Bottleneck bin occupancy may not be accurately reported
Waiting for segments to complete...
Iteration completed successfully
Iteration wallclock: 0:17:39.831763, cputime: 0:52:59.190653


Thu Jul 21 15:16:16 2022
Iteration 50 (200 requested)
Beginning iteration 50
20 segments remain in iteration 50 (20 total)
2 of 24 (8.333333%) active bins are populated
per-bin minimum non-zero probability:       0.0691929
per-bin maximum probability:                0.930807
per-bin probability dynamic range (kT):     2.59915
per-segment minimum non-zero probability:   0.00864911
per-segment maximum non-zero probability:   0.1
per-segment probability dynamic range (kT): 2.44771
norm = 1, error in norm = 2.22045e-16 (1*epsilon)
MAB binning in use
Bottleneck bin occupancy may not be accurately reported
Waiting for segments to complete...
Iteration completed successfully
Iteration wallclock: 0:15:01.552674, cputime: 0:50:30.622371


Thu Jul 21 15:31:17 2022
Iteration 51 (200 requested)
Beginning iteration 51
20 segments remain in iteration 51 (20 total)
2 of 24 (8.333333%) active bins are populated
per-bin minimum non-zero probability:       0.0736529
per-bin maximum probability:                0.926347
per-bin probability dynamic range (kT):     2.53189
per-segment minimum non-zero probability:   0.00920661
per-segment maximum non-zero probability:   0.1
per-segment probability dynamic range (kT): 2.38525
norm = 1, error in norm = -1.11022e-16 (-0.5*epsilon)
MAB binning in use
Bottleneck bin occupancy may not be accurately reported
Waiting for segments to complete...
Iteration completed successfully
Iteration wallclock: 0:15:08.843534, cputime: 0:50:29.052539


Thu Jul 21 15:46:26 2022
Iteration 52 (200 requested)
Beginning iteration 52
28 segments remain in iteration 52 (28 total)
3 of 24 (12.500000%) active bins are populated
per-bin minimum non-zero probability:       0.00920661
per-bin maximum probability:                0.829293
per-bin probability dynamic range (kT):     4.50065
per-segment minimum non-zero probability:   0.00115083
per-segment maximum non-zero probability:   0.1
per-segment probability dynamic range (kT): 4.46469
norm = 1, error in norm = 0 (0*epsilon)
MAB binning in use
Bottleneck bin occupancy may not be accurately reported
Waiting for segments to complete...
Iteration completed successfully
Iteration wallclock: 0:21:03.915281, cputime: 1:10:33.716731


Thu Jul 21 16:07:30 2022
Iteration 53 (200 requested)
Beginning iteration 53
28 segments remain in iteration 53 (28 total)
2 of 24 (8.333333%) active bins are populated
per-bin minimum non-zero probability:       0.00892786
per-bin maximum probability:                0.991072
per-bin probability dynamic range (kT):     4.70961
per-segment minimum non-zero probability:   0.00111598
per-segment maximum non-zero probability:   0.1
per-segment probability dynamic range (kT): 4.49544
norm = 1, error in norm = -2.22045e-16 (-1*epsilon)
MAB binning in use
Bottleneck bin occupancy may not be accurately reported
Waiting for segments to complete...
Iteration completed successfully
Iteration wallclock: 0:20:55.486471, cputime: 1:10:41.740901


Thu Jul 21 16:28:26 2022
Iteration 54 (200 requested)
Beginning iteration 54
29 segments remain in iteration 54 (29 total)
3 of 24 (12.500000%) active bins are populated
per-bin minimum non-zero probability:       0.00111598
per-bin maximum probability:                0.86053
per-bin probability dynamic range (kT):     6.64781
per-segment minimum non-zero probability:   0.000139498
per-segment maximum non-zero probability:   0.1
per-segment probability dynamic range (kT): 6.57488
norm = 1, error in norm = 0 (0*epsilon)
MAB binning in use
Bottleneck bin occupancy may not be accurately reported
Waiting for segments to complete...
Iteration completed successfully
Iteration wallclock: 0:23:33.160448, cputime: 1:13:09.312403


Thu Jul 21 16:51:59 2022
Iteration 55 (200 requested)
Beginning iteration 55
28 segments remain in iteration 55 (28 total)
3 of 24 (12.500000%) active bins are populated
per-bin minimum non-zero probability:       0.000139498
per-bin maximum probability:                0.917791
per-bin probability dynamic range (kT):     8.79168
per-segment minimum non-zero probability:   1.74372e-05
per-segment maximum non-zero probability:   0.1
per-segment probability dynamic range (kT): 8.65432
norm = 1, error in norm = 0 (0*epsilon)
MAB binning in use
Bottleneck bin occupancy may not be accurately reported
Waiting for segments to complete...
Iteration completed successfully
Iteration wallclock: 0:21:12.341031, cputime: 1:10:36.164115


Thu Jul 21 17:13:11 2022
Iteration 56 (200 requested)
Beginning iteration 56
29 segments remain in iteration 56 (29 total)
3 of 24 (12.500000%) active bins are populated
per-bin minimum non-zero probability:       1.74372e-05
per-bin maximum probability:                0.989724
per-bin probability dynamic range (kT):     10.9466
per-segment minimum non-zero probability:   2.17965e-06
per-segment maximum non-zero probability:   0.1
per-segment probability dynamic range (kT): 10.7338
norm = 1, error in norm = -2.22045e-16 (-1*epsilon)
MAB binning in use
Bottleneck bin occupancy may not be accurately reported
Waiting for segments to complete...
Iteration completed successfully
Iteration wallclock: 0:23:26.021930, cputime: 1:12:50.456904


Thu Jul 21 17:36:37 2022
Iteration 57 (200 requested)
Beginning iteration 57
20 segments remain in iteration 57 (20 total)
2 of 24 (8.333333%) active bins are populated
per-bin minimum non-zero probability:       0.0737248
per-bin maximum probability:                0.926275
per-bin probability dynamic range (kT):     2.53083
per-segment minimum non-zero probability:   0.0092156
per-segment maximum non-zero probability:   0.1
per-segment probability dynamic range (kT): 2.38427
norm = 1, error in norm = -1.11022e-16 (-0.5*epsilon)
MAB binning in use
Bottleneck bin occupancy may not be accurately reported
Waiting for segments to complete...
Iteration completed successfully
Iteration wallclock: 0:15:03.380601, cputime: 0:50:09.555126


Thu Jul 21 17:51:41 2022
Iteration 58 (200 requested)
Beginning iteration 58
28 segments remain in iteration 58 (28 total)
2 of 24 (8.333333%) active bins are populated
per-bin minimum non-zero probability:       0.0092156
per-bin maximum probability:                0.990784
per-bin probability dynamic range (kT):     4.6776
per-segment minimum non-zero probability:   0.00115195
per-segment maximum non-zero probability:   0.1
per-segment probability dynamic range (kT): 4.46371
norm = 1, error in norm = 0 (0*epsilon)
MAB binning in use
Bottleneck bin occupancy may not be accurately reported
Waiting for segments to complete...
Iteration completed successfully
Iteration wallclock: 0:20:57.326112, cputime: 1:10:28.819323


Thu Jul 21 18:12:38 2022
Iteration 59 (200 requested)
Beginning iteration 59
28 segments remain in iteration 59 (28 total)
3 of 24 (12.500000%) active bins are populated
per-bin minimum non-zero probability:       0.00115195
per-bin maximum probability:                0.9126
per-bin probability dynamic range (kT):     6.67484
per-segment minimum non-zero probability:   0.000143994
per-segment maximum non-zero probability:   0.1
per-segment probability dynamic range (kT): 6.54316
norm = 1, error in norm = 0 (0*epsilon)
MAB binning in use
Bottleneck bin occupancy may not be accurately reported
Waiting for segments to complete...
Iteration completed successfully
Iteration wallclock: 0:21:07.638832, cputime: 1:10:45.096161


Thu Jul 21 18:33:45 2022
Iteration 60 (200 requested)
Beginning iteration 60
28 segments remain in iteration 60 (28 total)
2 of 24 (8.333333%) active bins are populated
per-bin minimum non-zero probability:       0.010781
per-bin maximum probability:                0.989219
per-bin probability dynamic range (kT):     4.51913
per-segment minimum non-zero probability:   0.00134763
per-segment maximum non-zero probability:   0.1
per-segment probability dynamic range (kT): 4.30682
norm = 1, error in norm = -2.22045e-16 (-1*epsilon)
MAB binning in use
Bottleneck bin occupancy may not be accurately reported
Waiting for segments to complete...
Iteration completed successfully
Iteration wallclock: 0:21:11.344500, cputime: 1:10:39.668394


Thu Jul 21 18:54:57 2022
Iteration 61 (200 requested)
Beginning iteration 61
28 segments remain in iteration 61 (28 total)
3 of 24 (12.500000%) active bins are populated
per-bin minimum non-zero probability:       0.00134763
per-bin maximum probability:                0.919284
per-bin probability dynamic range (kT):     6.52525
per-segment minimum non-zero probability:   0.000168453
per-segment maximum non-zero probability:   0.1
per-segment probability dynamic range (kT): 6.38627
norm = 1, error in norm = -2.22045e-16 (-1*epsilon)
MAB binning in use
Bottleneck bin occupancy may not be accurately reported
Waiting for segments to complete...
Iteration completed successfully
Iteration wallclock: 0:21:09.277463, cputime: 1:10:34.080532


Thu Jul 21 19:16:06 2022
Iteration 62 (200 requested)
Beginning iteration 62
29 segments remain in iteration 62 (29 total)
3 of 24 (12.500000%) active bins are populated
per-bin minimum non-zero probability:       0.000168453
per-bin maximum probability:                0.920548
per-bin probability dynamic range (kT):     8.60607
per-segment minimum non-zero probability:   2.10567e-05
per-segment maximum non-zero probability:   0.1
per-segment probability dynamic range (kT): 8.46571
norm = 1, error in norm = 0 (0*epsilon)
MAB binning in use
Bottleneck bin occupancy may not be accurately reported
Waiting for segments to complete...
Iteration completed successfully
Iteration wallclock: 0:23:31.982056, cputime: 1:13:15.361758


Thu Jul 21 19:39:38 2022
Iteration 63 (200 requested)
Beginning iteration 63
28 segments remain in iteration 63 (28 total)
3 of 24 (12.500000%) active bins are populated
per-bin minimum non-zero probability:       2.10567e-05
per-bin maximum probability:                0.920696
per-bin probability dynamic range (kT):     10.6857
per-segment minimum non-zero probability:   2.63209e-06
per-segment maximum non-zero probability:   0.1
per-segment probability dynamic range (kT): 10.5451
norm = 1, error in norm = -1.11022e-16 (-0.5*epsilon)
MAB binning in use
Bottleneck bin occupancy may not be accurately reported
Waiting for segments to complete...
Iteration completed successfully
Iteration wallclock: 0:20:58.103728, cputime: 1:10:47.303765


Thu Jul 21 20:00:36 2022
Iteration 64 (200 requested)
Beginning iteration 64
28 segments remain in iteration 64 (28 total)
3 of 24 (12.500000%) active bins are populated
per-bin minimum non-zero probability:       2.63209e-06
per-bin maximum probability:                0.9252
per-bin probability dynamic range (kT):     12.77
per-segment minimum non-zero probability:   3.29011e-07
per-segment maximum non-zero probability:   0.1
per-segment probability dynamic range (kT): 12.6246
norm = 1, error in norm = -4.44089e-16 (-2*epsilon)
MAB binning in use
Bottleneck bin occupancy may not be accurately reported
Waiting for segments to complete...
Iteration completed successfully
Iteration wallclock: 0:20:57.935420, cputime: 1:10:45.552739


Thu Jul 21 20:21:34 2022
Iteration 65 (200 requested)
Beginning iteration 65
28 segments remain in iteration 65 (28 total)
3 of 24 (12.500000%) active bins are populated
per-bin minimum non-zero probability:       0.00934964
per-bin maximum probability:                0.914444
per-bin probability dynamic range (kT):     4.58298
per-segment minimum non-zero probability:   0.00116871
per-segment maximum non-zero probability:   0.1
per-segment probability dynamic range (kT): 4.44927
norm = 1, error in norm = -4.44089e-16 (-2*epsilon)
MAB binning in use
Bottleneck bin occupancy may not be accurately reported
Waiting for segments to complete...
Iteration completed successfully
Iteration wallclock: 0:21:09.889323, cputime: 1:10:38.159129


Thu Jul 21 20:42:44 2022
Iteration 66 (200 requested)
Beginning iteration 66
28 segments remain in iteration 66 (28 total)
3 of 24 (12.500000%) active bins are populated
per-bin minimum non-zero probability:       0.00116871
per-bin maximum probability:                0.924081
per-bin probability dynamic range (kT):     6.6729
per-segment minimum non-zero probability:   0.000146088
per-segment maximum non-zero probability:   0.1
per-segment probability dynamic range (kT): 6.52872
norm = 1, error in norm = 0 (0*epsilon)
MAB binning in use
Bottleneck bin occupancy may not be accurately reported
Waiting for segments to complete...
Iteration completed successfully
Iteration wallclock: 0:21:06.640749, cputime: 1:10:46.136236


Thu Jul 21 21:03:51 2022
Iteration 67 (200 requested)
Beginning iteration 67
28 segments remain in iteration 67 (28 total)
3 of 24 (12.500000%) active bins are populated
per-bin minimum non-zero probability:       0.00934376
per-bin maximum probability:                0.914473
per-bin probability dynamic range (kT):     4.58364
per-segment minimum non-zero probability:   0.00116797
per-segment maximum non-zero probability:   0.1
per-segment probability dynamic range (kT): 4.4499
norm = 1, error in norm = -2.22045e-16 (-1*epsilon)
MAB binning in use
Bottleneck bin occupancy may not be accurately reported
Waiting for segments to complete...
Iteration completed successfully
Iteration wallclock: 0:21:01.514649, cputime: 1:10:45.498420


Thu Jul 21 21:24:52 2022
Iteration 68 (200 requested)
Beginning iteration 68
29 segments remain in iteration 68 (29 total)
3 of 24 (12.500000%) active bins are populated
per-bin minimum non-zero probability:       0.00116797
per-bin maximum probability:                0.864741
per-bin probability dynamic range (kT):     6.60716
per-segment minimum non-zero probability:   0.000145996
per-segment maximum non-zero probability:   0.1
per-segment probability dynamic range (kT): 6.52934
norm = 1, error in norm = -2.22045e-16 (-1*epsilon)
MAB binning in use
Bottleneck bin occupancy may not be accurately reported
Waiting for segments to complete...
Iteration completed successfully
Iteration wallclock: 0:23:24.555030, cputime: 1:12:43.213485


Thu Jul 21 21:48:17 2022
Iteration 69 (200 requested)
Beginning iteration 69
20 segments remain in iteration 69 (20 total)
3 of 24 (12.500000%) active bins are populated
per-bin minimum non-zero probability:       0.0737352
per-bin maximum probability:                0.826265
per-bin probability dynamic range (kT):     2.41643
per-segment minimum non-zero probability:   0.0092169
per-segment maximum non-zero probability:   0.1
per-segment probability dynamic range (kT): 2.38413
norm = 1, error in norm = -1.11022e-16 (-0.5*epsilon)
MAB binning in use
Bottleneck bin occupancy may not be accurately reported
Waiting for segments to complete...
Iteration completed successfully
Iteration wallclock: 0:14:57.897269, cputime: 0:50:29.248100


Thu Jul 21 22:03:15 2022
Iteration 70 (200 requested)
Beginning iteration 70
28 segments remain in iteration 70 (28 total)
3 of 24 (12.500000%) active bins are populated
per-bin minimum non-zero probability:       0.0092169
per-bin maximum probability:                0.859942
per-bin probability dynamic range (kT):     4.53583
per-segment minimum non-zero probability:   0.00115211
per-segment maximum non-zero probability:   0.1
per-segment probability dynamic range (kT): 4.46357
norm = 1, error in norm = -1.11022e-16 (-0.5*epsilon)
MAB binning in use
Bottleneck bin occupancy may not be accurately reported
Waiting for segments to complete...
Iteration completed successfully
Iteration wallclock: 0:21:03.296310, cputime: 1:10:41.763663


Thu Jul 21 22:24:18 2022
Iteration 71 (200 requested)
Beginning iteration 71
28 segments remain in iteration 71 (28 total)
3 of 24 (12.500000%) active bins are populated
per-bin minimum non-zero probability:       0.00115211
per-bin maximum probability:                0.927279
per-bin probability dynamic range (kT):     6.69066
per-segment minimum non-zero probability:   0.000144014
per-segment maximum non-zero probability:   0.1
per-segment probability dynamic range (kT): 6.54301
norm = 1, error in norm = 0 (0*epsilon)
MAB binning in use
Bottleneck bin occupancy may not be accurately reported
Waiting for segments to complete...
Iteration completed successfully
Iteration wallclock: 0:20:59.661499, cputime: 1:10:38.649880


Thu Jul 21 22:45:18 2022
Iteration 72 (200 requested)
Beginning iteration 72
29 segments remain in iteration 72 (29 total)
3 of 24 (12.500000%) active bins are populated
per-bin minimum non-zero probability:       0.000144014
per-bin maximum probability:                0.99091
per-bin probability dynamic range (kT):     8.83647
per-segment minimum non-zero probability:   1.80018e-05
per-segment maximum non-zero probability:   0.1
per-segment probability dynamic range (kT): 8.62246
norm = 1, error in norm = -1.11022e-16 (-0.5*epsilon)
MAB binning in use
Bottleneck bin occupancy may not be accurately reported
Waiting for segments to complete...
Iteration completed successfully
Iteration wallclock: 0:23:31.388732, cputime: 1:13:12.057140


Thu Jul 21 23:08:49 2022
Iteration 73 (200 requested)
Beginning iteration 73
27 segments remain in iteration 73 (27 total)
2 of 24 (8.333333%) active bins are populated
per-bin minimum non-zero probability:       0.0753042
per-bin maximum probability:                0.924696
per-bin probability dynamic range (kT):     2.50793
per-segment minimum non-zero probability:   0.00941302
per-segment maximum non-zero probability:   0.1
per-segment probability dynamic range (kT): 2.36308
norm = 1, error in norm = 0 (0*epsilon)
MAB binning in use
Bottleneck bin occupancy may not be accurately reported
Waiting for segments to complete...
Iteration completed successfully
Iteration wallclock: 0:20:41.827140, cputime: 1:08:07.980915


Thu Jul 21 23:29:31 2022
Iteration 74 (200 requested)
Beginning iteration 74
28 segments remain in iteration 74 (28 total)
3 of 24 (12.500000%) active bins are populated
per-bin minimum non-zero probability:       0.00941302
per-bin maximum probability:                0.915283
per-bin probability dynamic range (kT):     4.57714
per-segment minimum non-zero probability:   0.00117663
per-segment maximum non-zero probability:   0.1
per-segment probability dynamic range (kT): 4.44252
norm = 1, error in norm = -2.22045e-16 (-1*epsilon)
MAB binning in use
Bottleneck bin occupancy may not be accurately reported
Waiting for segments to complete...
Iteration completed successfully
Iteration wallclock: 0:21:03.005977, cputime: 1:10:39.446654


Thu Jul 21 23:50:34 2022
Iteration 75 (200 requested)
Beginning iteration 75
28 segments remain in iteration 75 (28 total)
3 of 24 (12.500000%) active bins are populated
per-bin minimum non-zero probability:       0.00117663
per-bin maximum probability:                0.931868
per-bin probability dynamic range (kT):     6.67454
per-segment minimum non-zero probability:   0.000147078
per-segment maximum non-zero probability:   0.1
per-segment probability dynamic range (kT): 6.52196
norm = 1, error in norm = 0 (0*epsilon)
MAB binning in use
Bottleneck bin occupancy may not be accurately reported
Waiting for segments to complete...
Iteration completed successfully
Iteration wallclock: 0:21:02.411888, cputime: 1:10:36.373697


Fri Jul 22 00:11:36 2022
Iteration 76 (200 requested)
Beginning iteration 76
29 segments remain in iteration 76 (29 total)
3 of 24 (12.500000%) active bins are populated
per-bin minimum non-zero probability:       0.000147078
per-bin maximum probability:                0.848446
per-bin probability dynamic range (kT):     8.6602
per-segment minimum non-zero probability:   1.83848e-05
per-segment maximum non-zero probability:   0.1
per-segment probability dynamic range (kT): 8.6014
norm = 1, error in norm = 0 (0*epsilon)
MAB binning in use
Bottleneck bin occupancy may not be accurately reported
Waiting for segments to complete...
Iteration completed successfully
Iteration wallclock: 0:23:31.281544, cputime: 1:13:09.293603


Fri Jul 22 00:35:08 2022
Iteration 77 (200 requested)
Beginning iteration 77
28 segments remain in iteration 77 (28 total)
3 of 24 (12.500000%) active bins are populated
per-bin minimum non-zero probability:       0.00104617
per-bin maximum probability:                0.917252
per-bin probability dynamic range (kT):     6.77624
per-segment minimum non-zero probability:   0.000130772
per-segment maximum non-zero probability:   0.1
per-segment probability dynamic range (kT): 6.63947
norm = 1, error in norm = 0 (0*epsilon)
MAB binning in use
Bottleneck bin occupancy may not be accurately reported
Waiting for segments to complete...
Iteration completed successfully
Iteration wallclock: 0:21:08.735702, cputime: 1:10:38.514226


Fri Jul 22 00:56:16 2022
Iteration 78 (200 requested)
Beginning iteration 78
20 segments remain in iteration 78 (20 total)
2 of 24 (8.333333%) active bins are populated
per-bin minimum non-zero probability:       0.0757035
per-bin maximum probability:                0.924296
per-bin probability dynamic range (kT):     2.50221
per-segment minimum non-zero probability:   0.00946294
per-segment maximum non-zero probability:   0.1
per-segment probability dynamic range (kT): 2.35779
norm = 1, error in norm = -2.22045e-16 (-1*epsilon)
MAB binning in use
Bottleneck bin occupancy may not be accurately reported
Waiting for segments to complete...
Iteration completed successfully
Iteration wallclock: 0:15:09.640342, cputime: 0:50:27.552225


Fri Jul 22 01:11:26 2022
Iteration 79 (200 requested)
Beginning iteration 79
20 segments remain in iteration 79 (20 total)
3 of 24 (12.500000%) active bins are populated
per-bin minimum non-zero probability:       0.060544
per-bin maximum probability:                0.782051
per-bin probability dynamic range (kT):     2.55855
per-segment minimum non-zero probability:   0.007568
per-segment maximum non-zero probability:   0.1
per-segment probability dynamic range (kT): 2.58124
norm = 1, error in norm = -2.22045e-16 (-1*epsilon)
MAB binning in use
Bottleneck bin occupancy may not be accurately reported
Waiting for segments to complete...
Iteration completed successfully
Iteration wallclock: 0:15:10.865438, cputime: 0:50:29.946066


Fri Jul 22 01:26:37 2022
Iteration 80 (200 requested)
Beginning iteration 80
27 segments remain in iteration 80 (27 total)
2 of 24 (8.333333%) active bins are populated
per-bin minimum non-zero probability:       0.0787026
per-bin maximum probability:                0.921297
per-bin probability dynamic range (kT):     2.46011
per-segment minimum non-zero probability:   0.00983783
per-segment maximum non-zero probability:   0.1
per-segment probability dynamic range (kT): 2.31893
norm = 1, error in norm = -1.11022e-16 (-0.5*epsilon)
MAB binning in use
Bottleneck bin occupancy may not be accurately reported
Waiting for segments to complete...
Iteration completed successfully
Iteration wallclock: 0:20:46.483401, cputime: 1:08:13.688251


Fri Jul 22 01:47:23 2022
Iteration 81 (200 requested)
Beginning iteration 81
29 segments remain in iteration 81 (29 total)
2 of 24 (8.333333%) active bins are populated
per-bin minimum non-zero probability:       0.0103435
per-bin maximum probability:                0.989657
per-bin probability dynamic range (kT):     4.561
per-segment minimum non-zero probability:   0.00129294
per-segment maximum non-zero probability:   0.1
per-segment probability dynamic range (kT): 4.34825
norm = 1, error in norm = -1.11022e-16 (-0.5*epsilon)
MAB binning in use
Bottleneck bin occupancy may not be accurately reported
Waiting for segments to complete...
Iteration completed successfully
Iteration wallclock: 0:23:23.316287, cputime: 1:12:47.881545


Fri Jul 22 02:10:47 2022
Iteration 82 (200 requested)
Beginning iteration 82
29 segments remain in iteration 82 (29 total)
3 of 24 (12.500000%) active bins are populated
per-bin minimum non-zero probability:       0.00878115
per-bin maximum probability:                0.915315
per-bin probability dynamic range (kT):     4.64666
per-segment minimum non-zero probability:   0.00109764
per-segment maximum non-zero probability:   0.1
per-segment probability dynamic range (kT): 4.512
norm = 1, error in norm = 2.22045e-16 (1*epsilon)
MAB binning in use
Bottleneck bin occupancy may not be accurately reported
Waiting for segments to complete...
Iteration completed successfully
Iteration wallclock: 0:23:28.440304, cputime: 1:12:57.694042


Fri Jul 22 02:34:15 2022
Iteration 83 (200 requested)
Beginning iteration 83
30 segments remain in iteration 83 (30 total)
3 of 24 (12.500000%) active bins are populated
per-bin minimum non-zero probability:       0.00109764
per-bin maximum probability:                0.889169
per-bin probability dynamic range (kT):     6.69712
per-segment minimum non-zero probability:   0.000137205
per-segment maximum non-zero probability:   0.1
per-segment probability dynamic range (kT): 6.59145
norm = 1, error in norm = -1.11022e-16 (-0.5*epsilon)
MAB binning in use
Bottleneck bin occupancy may not be accurately reported
Waiting for segments to complete...
Iteration completed successfully
Iteration wallclock: 0:23:37.318799, cputime: 1:15:41.673059


Fri Jul 22 02:57:52 2022
Iteration 84 (200 requested)
Beginning iteration 84
29 segments remain in iteration 84 (29 total)
3 of 24 (12.500000%) active bins are populated
per-bin minimum non-zero probability:       0.000137205
per-bin maximum probability:                0.944996
per-bin probability dynamic range (kT):     8.83746
per-segment minimum non-zero probability:   1.71507e-05
per-segment maximum non-zero probability:   0.1
per-segment probability dynamic range (kT): 8.67089
norm = 1, error in norm = -4.44089e-16 (-2*epsilon)
MAB binning in use
Bottleneck bin occupancy may not be accurately reported
Waiting for segments to complete...
Iteration completed successfully
Iteration wallclock: 0:23:35.180342, cputime: 1:13:06.475497


Fri Jul 22 03:21:28 2022
Iteration 85 (200 requested)
Beginning iteration 85
29 segments remain in iteration 85 (29 total)
3 of 24 (12.500000%) active bins are populated
per-bin minimum non-zero probability:       1.71507e-05
per-bin maximum probability:                0.929266
per-bin probability dynamic range (kT):     10.9001
per-segment minimum non-zero probability:   2.14384e-06
per-segment maximum non-zero probability:   0.1
per-segment probability dynamic range (kT): 10.7503
norm = 1, error in norm = -2.22045e-16 (-1*epsilon)
MAB binning in use
Bottleneck bin occupancy may not be accurately reported
Waiting for segments to complete...
Iteration completed successfully
Iteration wallclock: 0:23:33.058676, cputime: 1:13:12.405078


Fri Jul 22 03:45:01 2022
Iteration 86 (200 requested)
Beginning iteration 86
30 segments remain in iteration 86 (30 total)
3 of 24 (12.500000%) active bins are populated
per-bin minimum non-zero probability:       2.14384e-06
per-bin maximum probability:                0.991158
per-bin probability dynamic range (kT):     13.044
per-segment minimum non-zero probability:   2.67979e-07
per-segment maximum non-zero probability:   0.1
per-segment probability dynamic range (kT): 12.8298
norm = 1, error in norm = 0 (0*epsilon)
MAB binning in use
Bottleneck bin occupancy may not be accurately reported
Waiting for segments to complete...
Iteration completed successfully
Iteration wallclock: 0:23:33.634574, cputime: 1:15:40.498847


Fri Jul 22 04:08:34 2022
Iteration 87 (200 requested)
Beginning iteration 87
21 segments remain in iteration 87 (21 total)
2 of 24 (8.333333%) active bins are populated
per-bin minimum non-zero probability:       0.1
per-bin maximum probability:                0.9
per-bin probability dynamic range (kT):     2.19722
per-segment minimum non-zero probability:   0.0125
per-segment maximum non-zero probability:   0.0992188
per-segment probability dynamic range (kT): 2.0716
norm = 1, error in norm = 0 (0*epsilon)
MAB binning in use
Bottleneck bin occupancy may not be accurately reported
Waiting for segments to complete...
Iteration completed successfully
Iteration wallclock: 0:17:36.141424, cputime: 0:52:59.634476


Fri Jul 22 04:26:10 2022
Iteration 88 (200 requested)
Beginning iteration 88
21 segments remain in iteration 88 (21 total)
3 of 24 (12.500000%) active bins are populated
per-bin minimum non-zero probability:       0.0594388
per-bin maximum probability:                0.801627
per-bin probability dynamic range (kT):     2.6017
per-segment minimum non-zero probability:   0.00742985
per-segment maximum non-zero probability:   0.1
per-segment probability dynamic range (kT): 2.59966
norm = 1, error in norm = 0 (0*epsilon)
MAB binning in use
Bottleneck bin occupancy may not be accurately reported
Waiting for segments to complete...
Iteration completed successfully
Iteration wallclock: 0:17:38.386128, cputime: 0:52:56.797196


Fri Jul 22 04:43:49 2022
Iteration 89 (200 requested)
Beginning iteration 89
21 segments remain in iteration 89 (21 total)
2 of 24 (8.333333%) active bins are populated
per-bin minimum non-zero probability:       0.0775678
per-bin maximum probability:                0.922432
per-bin probability dynamic range (kT):     2.47586
per-segment minimum non-zero probability:   0.00969598
per-segment maximum non-zero probability:   0.1
per-segment probability dynamic range (kT): 2.33346
norm = 1, error in norm = 0 (0*epsilon)
MAB binning in use
Bottleneck bin occupancy may not be accurately reported
Waiting for segments to complete...
Iteration completed successfully
Iteration wallclock: 0:17:37.520035, cputime: 0:52:51.313946


Fri Jul 22 05:01:26 2022
Iteration 90 (200 requested)
Beginning iteration 90
21 segments remain in iteration 90 (21 total)
3 of 24 (12.500000%) active bins are populated
per-bin minimum non-zero probability:       0.0602229
per-bin maximum probability:                0.810553
per-bin probability dynamic range (kT):     2.59966
per-segment minimum non-zero probability:   0.00752786
per-segment maximum non-zero probability:   0.1
per-segment probability dynamic range (kT): 2.58656
norm = 1, error in norm = 0 (0*epsilon)
MAB binning in use
Bottleneck bin occupancy may not be accurately reported
Waiting for segments to complete...
Iteration completed successfully
Iteration wallclock: 0:17:37.797460, cputime: 0:52:54.201426


Fri Jul 22 05:19:04 2022
Iteration 91 (200 requested)
Beginning iteration 91
21 segments remain in iteration 91 (21 total)
3 of 24 (12.500000%) active bins are populated
per-bin minimum non-zero probability:       0.0701222
per-bin maximum probability:                0.848277
per-bin probability dynamic range (kT):     2.49297
per-segment minimum non-zero probability:   0.00876528
per-segment maximum non-zero probability:   0.1
per-segment probability dynamic range (kT): 2.43437
norm = 1, error in norm = 0 (0*epsilon)
MAB binning in use
Bottleneck bin occupancy may not be accurately reported
Waiting for segments to complete...
Iteration completed successfully
Iteration wallclock: 0:17:36.609993, cputime: 0:52:58.648212


Fri Jul 22 05:36:41 2022
Iteration 92 (200 requested)
Beginning iteration 92
29 segments remain in iteration 92 (29 total)
3 of 24 (12.500000%) active bins are populated
per-bin minimum non-zero probability:       0.00876528
per-bin maximum probability:                0.915692
per-bin probability dynamic range (kT):     4.64888
per-segment minimum non-zero probability:   0.00109566
per-segment maximum non-zero probability:   0.1
per-segment probability dynamic range (kT): 4.51381
norm = 1, error in norm = -2.22045e-16 (-1*epsilon)
MAB binning in use
Bottleneck bin occupancy may not be accurately reported
Waiting for segments to complete...
Iteration completed successfully
Iteration wallclock: 0:23:29.465144, cputime: 1:13:07.332917


Fri Jul 22 06:00:10 2022
Iteration 93 (200 requested)
Beginning iteration 93
29 segments remain in iteration 93 (29 total)
3 of 24 (12.500000%) active bins are populated
per-bin minimum non-zero probability:       0.00944282
per-bin maximum probability:                0.844237
per-bin probability dynamic range (kT):     4.49318
per-segment minimum non-zero probability:   0.00118035
per-segment maximum non-zero probability:   0.1
per-segment probability dynamic range (kT): 4.43936
norm = 1, error in norm = -2.22045e-16 (-1*epsilon)
MAB binning in use
Bottleneck bin occupancy may not be accurately reported
Waiting for segments to complete...
Iteration completed successfully
Iteration wallclock: 0:23:30.653208, cputime: 1:13:10.215021


Fri Jul 22 06:23:41 2022
Iteration 94 (200 requested)
Beginning iteration 94
21 segments remain in iteration 94 (21 total)
2 of 24 (8.333333%) active bins are populated
per-bin minimum non-zero probability:       0.0731599
per-bin maximum probability:                0.92684
per-bin probability dynamic range (kT):     2.53913
per-segment minimum non-zero probability:   0.00914499
per-segment maximum non-zero probability:   0.1
per-segment probability dynamic range (kT): 2.39196
norm = 1, error in norm = 0 (0*epsilon)
MAB binning in use
Bottleneck bin occupancy may not be accurately reported
Waiting for segments to complete...
Iteration completed successfully
Iteration wallclock: 0:17:34.004348, cputime: 0:52:56.638568


Fri Jul 22 06:41:15 2022
Iteration 95 (200 requested)
Beginning iteration 95
29 segments remain in iteration 95 (29 total)
2 of 24 (8.333333%) active bins are populated
per-bin minimum non-zero probability:       0.00914499
per-bin maximum probability:                0.990855
per-bin probability dynamic range (kT):     4.68536
per-segment minimum non-zero probability:   0.00114312
per-segment maximum non-zero probability:   0.1
per-segment probability dynamic range (kT): 4.47141
norm = 1, error in norm = -4.44089e-16 (-2*epsilon)
MAB binning in use
Bottleneck bin occupancy may not be accurately reported
Waiting for segments to complete...
Iteration completed successfully
Iteration wallclock: 0:23:34.211232, cputime: 1:13:10.794631


Fri Jul 22 07:04:49 2022
Iteration 96 (200 requested)
Beginning iteration 96
29 segments remain in iteration 96 (29 total)
3 of 24 (12.500000%) active bins are populated
per-bin minimum non-zero probability:       0.00114312
per-bin maximum probability:                0.931057
per-bin probability dynamic range (kT):     6.70256
per-segment minimum non-zero probability:   0.000142891
per-segment maximum non-zero probability:   0.1
per-segment probability dynamic range (kT): 6.55085
norm = 1, error in norm = -1.11022e-16 (-0.5*epsilon)
MAB binning in use
Bottleneck bin occupancy may not be accurately reported
Waiting for segments to complete...
Iteration completed successfully
Iteration wallclock: 0:23:34.227941, cputime: 1:13:13.828262


Fri Jul 22 07:28:23 2022
Iteration 97 (200 requested)
Beginning iteration 97
29 segments remain in iteration 97 (29 total)
3 of 24 (12.500000%) active bins are populated
per-bin minimum non-zero probability:       0.00847503
per-bin maximum probability:                0.922256
per-bin probability dynamic range (kT):     4.6897
per-segment minimum non-zero probability:   0.00105938
per-segment maximum non-zero probability:   0.1
per-segment probability dynamic range (kT): 4.54749
norm = 1, error in norm = 0 (0*epsilon)
MAB binning in use
Bottleneck bin occupancy may not be accurately reported
Waiting for segments to complete...
Iteration completed successfully
Iteration wallclock: 0:23:31.649729, cputime: 1:13:18.955558


Fri Jul 22 07:51:55 2022
Iteration 98 (200 requested)
Beginning iteration 98
30 segments remain in iteration 98 (30 total)
3 of 24 (12.500000%) active bins are populated
per-bin minimum non-zero probability:       0.00105938
per-bin maximum probability:                0.880307
per-bin probability dynamic range (kT):     6.72259
per-segment minimum non-zero probability:   0.000132422
per-segment maximum non-zero probability:   0.1
per-segment probability dynamic range (kT): 6.62693
norm = 1, error in norm = 0 (0*epsilon)
MAB binning in use
Bottleneck bin occupancy may not be accurately reported
Waiting for segments to complete...
Iteration completed successfully
Iteration wallclock: 0:23:37.511005, cputime: 1:15:45.046940


Fri Jul 22 08:15:32 2022
Iteration 99 (200 requested)
Beginning iteration 99
29 segments remain in iteration 99 (29 total)
3 of 24 (12.500000%) active bins are populated
per-bin minimum non-zero probability:       0.000132422
per-bin maximum probability:                0.930251
per-bin probability dynamic range (kT):     8.85721
per-segment minimum non-zero probability:   1.65528e-05
per-segment maximum non-zero probability:   0.1
per-segment probability dynamic range (kT): 8.70637
norm = 1, error in norm = -2.22045e-16 (-1*epsilon)
MAB binning in use
Bottleneck bin occupancy may not be accurately reported
Waiting for segments to complete...
Iteration completed successfully
Iteration wallclock: 0:23:32.527656, cputime: 1:13:11.448184


Fri Jul 22 08:39:05 2022
Iteration 100 (200 requested)
Beginning iteration 100
30 segments remain in iteration 100 (30 total)
3 of 24 (12.500000%) active bins are populated
per-bin minimum non-zero probability:       1.65528e-05
per-bin maximum probability:                0.991281
per-bin probability dynamic range (kT):     11.0002
per-segment minimum non-zero probability:   2.0691e-06
per-segment maximum non-zero probability:   0.1
per-segment probability dynamic range (kT): 10.7858
norm = 1, error in norm = -1.11022e-16 (-0.5*epsilon)
MAB binning in use
Bottleneck bin occupancy may not be accurately reported
Waiting for segments to complete...
Iteration completed successfully
Iteration wallclock: 0:23:38.022103, cputime: 1:15:41.019131


Fri Jul 22 09:02:43 2022
Iteration 101 (200 requested)
Beginning iteration 101
29 segments remain in iteration 101 (29 total)
3 of 24 (12.500000%) active bins are populated
per-bin minimum non-zero probability:       0.00108776
per-bin maximum probability:                0.93793
per-bin probability dynamic range (kT):     6.75956
per-segment minimum non-zero probability:   0.00013597
per-segment maximum non-zero probability:   0.1
per-segment probability dynamic range (kT): 6.60049
norm = 1, error in norm = 0 (0*epsilon)
MAB binning in use
Bottleneck bin occupancy may not be accurately reported
Waiting for segments to complete...
Iteration completed successfully
Iteration wallclock: 0:23:37.636917, cputime: 1:13:15.057494


Fri Jul 22 09:26:21 2022
Iteration 102 (200 requested)
Beginning iteration 102
21 segments remain in iteration 102 (21 total)
3 of 24 (12.500000%) active bins are populated
per-bin minimum non-zero probability:       0.0632144
per-bin maximum probability:                0.791709
per-bin probability dynamic range (kT):     2.52766
per-segment minimum non-zero probability:   0.0079018
per-segment maximum non-zero probability:   0.1
per-segment probability dynamic range (kT): 2.53808
norm = 1, error in norm = -2.22045e-16 (-1*epsilon)
MAB binning in use
Bottleneck bin occupancy may not be accurately reported
Waiting for segments to complete...
Iteration completed successfully
Iteration wallclock: 0:17:42.423695, cputime: 0:53:02.451244


Fri Jul 22 09:44:03 2022
Iteration 103 (200 requested)
Beginning iteration 103
29 segments remain in iteration 103 (29 total)
3 of 24 (12.500000%) active bins are populated
per-bin minimum non-zero probability:       0.0079018
per-bin maximum probability:                0.91956
per-bin probability dynamic range (kT):     4.7568
per-segment minimum non-zero probability:   0.000987725
per-segment maximum non-zero probability:   0.1
per-segment probability dynamic range (kT): 4.61752
norm = 1, error in norm = -2.22045e-16 (-1*epsilon)
MAB binning in use
Bottleneck bin occupancy may not be accurately reported
Waiting for segments to complete...
Iteration completed successfully
Iteration wallclock: 0:23:34.190541, cputime: 1:13:14.909020


Fri Jul 22 10:07:37 2022
Iteration 104 (200 requested)
Beginning iteration 104
29 segments remain in iteration 104 (29 total)
3 of 24 (12.500000%) active bins are populated
per-bin minimum non-zero probability:       0.000987725
per-bin maximum probability:                0.937299
per-bin probability dynamic range (kT):     6.85535
per-segment minimum non-zero probability:   0.000123466
per-segment maximum non-zero probability:   0.1
per-segment probability dynamic range (kT): 6.69696
norm = 1, error in norm = -1.11022e-16 (-0.5*epsilon)
MAB binning in use
Bottleneck bin occupancy may not be accurately reported
Waiting for segments to complete...
Iteration completed successfully
Iteration wallclock: 0:23:25.345100, cputime: 1:12:47.966059


Fri Jul 22 10:31:03 2022
Iteration 105 (200 requested)
Beginning iteration 105
29 segments remain in iteration 105 (29 total)
3 of 24 (12.500000%) active bins are populated
per-bin minimum non-zero probability:       0.00771422
per-bin maximum probability:                0.929226
per-bin probability dynamic range (kT):     4.79129
per-segment minimum non-zero probability:   0.000964277
per-segment maximum non-zero probability:   0.1
per-segment probability dynamic range (kT): 4.64155
norm = 1, error in norm = -1.11022e-16 (-0.5*epsilon)
MAB binning in use
Bottleneck bin occupancy may not be accurately reported
Waiting for segments to complete...
Iteration completed successfully
Iteration wallclock: 0:23:22.770297, cputime: 1:12:36.405026


Fri Jul 22 10:54:25 2022
Iteration 106 (200 requested)
Beginning iteration 106
29 segments remain in iteration 106 (29 total)
3 of 24 (12.500000%) active bins are populated
per-bin minimum non-zero probability:       0.000964277
per-bin maximum probability:                0.942518
per-bin probability dynamic range (kT):     6.88493
per-segment minimum non-zero probability:   0.000120535
per-segment maximum non-zero probability:   0.1
per-segment probability dynamic range (kT): 6.72099
norm = 1, error in norm = -2.22045e-16 (-1*epsilon)
MAB binning in use
Bottleneck bin occupancy may not be accurately reported
Waiting for segments to complete...
Iteration completed successfully
Iteration wallclock: 0:23:15.862796, cputime: 1:12:30.608016


Fri Jul 22 11:17:41 2022
Iteration 107 (200 requested)
Beginning iteration 107
29 segments remain in iteration 107 (29 total)
3 of 24 (12.500000%) active bins are populated
per-bin minimum non-zero probability:       0.00706476
per-bin maximum probability:                0.920124
per-bin probability dynamic range (kT):     4.86939
per-segment minimum non-zero probability:   0.000883095
per-segment maximum non-zero probability:   0.1
per-segment probability dynamic range (kT): 4.72949
norm = 1, error in norm = -2.22045e-16 (-1*epsilon)
MAB binning in use
Bottleneck bin occupancy may not be accurately reported
Waiting for segments to complete...
Iteration completed successfully
Iteration wallclock: 0:23:19.513748, cputime: 1:12:30.800597


Fri Jul 22 11:41:01 2022
Iteration 108 (200 requested)
Beginning iteration 108
30 segments remain in iteration 108 (30 total)
3 of 24 (12.500000%) active bins are populated
per-bin minimum non-zero probability:       0.000883095
per-bin maximum probability:                0.858036
per-bin probability dynamic range (kT):     6.87897
per-segment minimum non-zero probability:   0.000110387
per-segment maximum non-zero probability:   0.1
per-segment probability dynamic range (kT): 6.80893
norm = 1, error in norm = 2.22045e-16 (1*epsilon)
MAB binning in use
Bottleneck bin occupancy may not be accurately reported
Waiting for segments to complete...
Iteration completed successfully
Iteration wallclock: 0:23:28.664762, cputime: 1:15:05.111487


Fri Jul 22 12:04:29 2022
Iteration 109 (200 requested)
Beginning iteration 109
29 segments remain in iteration 109 (29 total)
3 of 24 (12.500000%) active bins are populated
per-bin minimum non-zero probability:       0.00113768
per-bin maximum probability:                0.944385
per-bin probability dynamic range (kT):     6.72154
per-segment minimum non-zero probability:   0.00014221
per-segment maximum non-zero probability:   0.1
per-segment probability dynamic range (kT): 6.55562
norm = 1, error in norm = -2.22045e-16 (-1*epsilon)
MAB binning in use
Bottleneck bin occupancy may not be accurately reported
Waiting for segments to complete...
Iteration completed successfully
Iteration wallclock: 0:23:17.250715, cputime: 1:12:26.917107


Fri Jul 22 12:27:47 2022
Iteration 110 (200 requested)
Beginning iteration 110
29 segments remain in iteration 110 (29 total)
3 of 24 (12.500000%) active bins are populated
per-bin minimum non-zero probability:       0.00680961
per-bin maximum probability:                0.928776
per-bin probability dynamic range (kT):     4.91553
per-segment minimum non-zero probability:   0.000851202
per-segment maximum non-zero probability:   0.1
per-segment probability dynamic range (kT): 4.76628
norm = 1, error in norm = -4.44089e-16 (-2*epsilon)
MAB binning in use
Bottleneck bin occupancy may not be accurately reported
Waiting for segments to complete...
Iteration completed successfully
Iteration wallclock: 0:23:18.005100, cputime: 1:12:28.433019


Fri Jul 22 12:51:05 2022
Iteration 111 (200 requested)
Beginning iteration 111
21 segments remain in iteration 111 (21 total)
3 of 24 (12.500000%) active bins are populated
per-bin minimum non-zero probability:       0.062669
per-bin maximum probability:                0.796521
per-bin probability dynamic range (kT):     2.54239
per-segment minimum non-zero probability:   0.00783362
per-segment maximum non-zero probability:   0.1
per-segment probability dynamic range (kT): 2.54675
norm = 1, error in norm = -1.11022e-16 (-0.5*epsilon)
MAB binning in use
Bottleneck bin occupancy may not be accurately reported
Waiting for segments to complete...
Iteration completed successfully
Iteration wallclock: 0:17:26.394020, cputime: 0:52:29.086382


Fri Jul 22 13:08:31 2022
Iteration 112 (200 requested)
Beginning iteration 112
29 segments remain in iteration 112 (29 total)
3 of 24 (12.500000%) active bins are populated
per-bin minimum non-zero probability:       0.00783362
per-bin maximum probability:                0.916845
per-bin probability dynamic range (kT):     4.76251
per-segment minimum non-zero probability:   0.000979203
per-segment maximum non-zero probability:   0.1
per-segment probability dynamic range (kT): 4.62619
norm = 1, error in norm = -4.44089e-16 (-2*epsilon)
MAB binning in use
Bottleneck bin occupancy may not be accurately reported
Waiting for segments to complete...
Iteration completed successfully
Iteration wallclock: 0:23:21.034679, cputime: 1:12:38.489962


Fri Jul 22 13:31:52 2022
Iteration 113 (200 requested)
Beginning iteration 113
29 segments remain in iteration 113 (29 total)
3 of 24 (12.500000%) active bins are populated
per-bin minimum non-zero probability:       0.000979203
per-bin maximum probability:                0.934152
per-bin probability dynamic range (kT):     6.86066
per-segment minimum non-zero probability:   0.0001224
per-segment maximum non-zero probability:   0.1
per-segment probability dynamic range (kT): 6.70563
norm = 1, error in norm = -3.33067e-16 (-1.5*epsilon)
MAB binning in use
Bottleneck bin occupancy may not be accurately reported
Waiting for segments to complete...
Iteration completed successfully
Iteration wallclock: 0:23:36.950422, cputime: 1:13:09.580762


Fri Jul 22 13:55:29 2022
Iteration 114 (200 requested)
Beginning iteration 114
29 segments remain in iteration 114 (29 total)
3 of 24 (12.500000%) active bins are populated
per-bin minimum non-zero probability:       0.00810856
per-bin maximum probability:                0.921487
per-bin probability dynamic range (kT):     4.73307
per-segment minimum non-zero probability:   0.00101357
per-segment maximum non-zero probability:   0.1
per-segment probability dynamic range (kT): 4.59169
norm = 1, error in norm = 0 (0*epsilon)
MAB binning in use
Bottleneck bin occupancy may not be accurately reported
Waiting for segments to complete...
Iteration completed successfully
Iteration wallclock: 0:23:26.100946, cputime: 1:12:49.152451


Fri Jul 22 14:18:55 2022
Iteration 115 (200 requested)
Beginning iteration 115
29 segments remain in iteration 115 (29 total)
3 of 24 (12.500000%) active bins are populated
per-bin minimum non-zero probability:       0.00101357
per-bin maximum probability:                0.923666
per-bin probability dynamic range (kT):     6.81487
per-segment minimum non-zero probability:   0.000126696
per-segment maximum non-zero probability:   0.1
per-segment probability dynamic range (kT): 6.67113
norm = 1, error in norm = -3.33067e-16 (-1.5*epsilon)
MAB binning in use
Bottleneck bin occupancy may not be accurately reported
Waiting for segments to complete...
Iteration completed successfully
Iteration wallclock: 0:23:26.076780, cputime: 1:13:04.077348


Fri Jul 22 14:42:21 2022
Iteration 116 (200 requested)
Beginning iteration 116
29 segments remain in iteration 116 (29 total)
3 of 24 (12.500000%) active bins are populated
per-bin minimum non-zero probability:       0.000126696
per-bin maximum probability:                0.93578
per-bin probability dynamic range (kT):     8.90734
per-segment minimum non-zero probability:   1.5837e-05
per-segment maximum non-zero probability:   0.1
per-segment probability dynamic range (kT): 8.75057
norm = 1, error in norm = -3.33067e-16 (-1.5*epsilon)
MAB binning in use
Bottleneck bin occupancy may not be accurately reported
Waiting for segments to complete...
Iteration completed successfully
Iteration wallclock: 0:23:27.980197, cputime: 1:12:56.608462


Fri Jul 22 15:05:49 2022
Iteration 117 (200 requested)
Beginning iteration 117
29 segments remain in iteration 117 (29 total)
3 of 24 (12.500000%) active bins are populated
per-bin minimum non-zero probability:       1.5837e-05
per-bin maximum probability:                0.928836
per-bin probability dynamic range (kT):     10.9793
per-segment minimum non-zero probability:   1.97963e-06
per-segment maximum non-zero probability:   0.1
per-segment probability dynamic range (kT): 10.83
norm = 1, error in norm = -4.44089e-16 (-2*epsilon)
MAB binning in use
Bottleneck bin occupancy may not be accurately reported
Waiting for segments to complete...
Iteration completed successfully
Iteration wallclock: 0:23:31.415900, cputime: 1:12:56.137121


Fri Jul 22 15:29:21 2022
Iteration 118 (200 requested)
Beginning iteration 118
29 segments remain in iteration 118 (29 total)
3 of 24 (12.500000%) active bins are populated
per-bin minimum non-zero probability:       1.97963e-06
per-bin maximum probability:                0.931059
per-bin probability dynamic range (kT):     13.0612
per-segment minimum non-zero probability:   2.47454e-07
per-segment maximum non-zero probability:   0.1
per-segment probability dynamic range (kT): 12.9095
norm = 1, error in norm = -3.33067e-16 (-1.5*epsilon)
MAB binning in use
Bottleneck bin occupancy may not be accurately reported
Waiting for segments to complete...
Iteration completed successfully
Iteration wallclock: 0:23:30.129066, cputime: 1:12:58.596173


Fri Jul 22 15:52:51 2022
Iteration 119 (200 requested)
Beginning iteration 119
28 segments remain in iteration 119 (28 total)
2 of 24 (8.333333%) active bins are populated
per-bin minimum non-zero probability:       0.0580118
per-bin maximum probability:                0.941988
per-bin probability dynamic range (kT):     2.78735
per-segment minimum non-zero probability:   0.00725147
per-segment maximum non-zero probability:   0.1
per-segment probability dynamic range (kT): 2.62397
norm = 1, error in norm = -3.33067e-16 (-1.5*epsilon)
MAB binning in use
Bottleneck bin occupancy may not be accurately reported
Waiting for segments to complete...
Iteration completed successfully
Iteration wallclock: 0:20:59.049564, cputime: 1:10:28.366319


Fri Jul 22 16:13:50 2022
Iteration 120 (200 requested)
Beginning iteration 120
29 segments remain in iteration 120 (29 total)
3 of 24 (12.500000%) active bins are populated
per-bin minimum non-zero probability:       0.00725147
per-bin maximum probability:                0.923253
per-bin probability dynamic range (kT):     4.8467
per-segment minimum non-zero probability:   0.000906434
per-segment maximum non-zero probability:   0.1
per-segment probability dynamic range (kT): 4.70341
norm = 1, error in norm = -3.33067e-16 (-1.5*epsilon)
MAB binning in use
Bottleneck bin occupancy may not be accurately reported
Waiting for segments to complete...
Iteration completed successfully
Iteration wallclock: 0:23:30.974817, cputime: 1:12:56.484509


Fri Jul 22 16:37:21 2022
Iteration 121 (200 requested)
Beginning iteration 121
29 segments remain in iteration 121 (29 total)
3 of 24 (12.500000%) active bins are populated
per-bin minimum non-zero probability:       0.000906434
per-bin maximum probability:                0.944178
per-bin probability dynamic range (kT):     6.94855
per-segment minimum non-zero probability:   0.000113304
per-segment maximum non-zero probability:   0.1
per-segment probability dynamic range (kT): 6.78285
norm = 1, error in norm = -4.44089e-16 (-2*epsilon)
MAB binning in use
Bottleneck bin occupancy may not be accurately reported
Waiting for segments to complete...
Iteration completed successfully
Iteration wallclock: 0:23:28.901414, cputime: 1:12:56.666130


Fri Jul 22 17:00:50 2022
Iteration 122 (200 requested)
Beginning iteration 122
30 segments remain in iteration 122 (30 total)
3 of 24 (12.500000%) active bins are populated
per-bin minimum non-zero probability:       0.000113304
per-bin maximum probability:                0.993022
per-bin probability dynamic range (kT):     9.07843
per-segment minimum non-zero probability:   1.4163e-05
per-segment maximum non-zero probability:   0.1
per-segment probability dynamic range (kT): 8.86229
norm = 1, error in norm = 2.22045e-16 (1*epsilon)
MAB binning in use
Bottleneck bin occupancy may not be accurately reported
Waiting for segments to complete...
Iteration completed successfully
Iteration wallclock: 0:23:33.809842, cputime: 1:15:28.172378


Fri Jul 22 17:24:24 2022
Iteration 123 (200 requested)
Beginning iteration 123
28 segments remain in iteration 123 (28 total)
2 of 24 (8.333333%) active bins are populated
per-bin minimum non-zero probability:       0.0527868
per-bin maximum probability:                0.947213
per-bin probability dynamic range (kT):     2.88726
per-segment minimum non-zero probability:   0.00659835
per-segment maximum non-zero probability:   0.1
per-segment probability dynamic range (kT): 2.71835
norm = 1, error in norm = 0 (0*epsilon)
MAB binning in use
Bottleneck bin occupancy may not be accurately reported
Waiting for segments to complete...
Iteration completed successfully
Iteration wallclock: 0:21:09.626922, cputime: 1:10:27.520058


Fri Jul 22 17:45:33 2022
Iteration 124 (200 requested)
Beginning iteration 124
29 segments remain in iteration 124 (29 total)
2 of 24 (8.333333%) active bins are populated
per-bin minimum non-zero probability:       0.00877225
per-bin maximum probability:                0.991228
per-bin probability dynamic range (kT):     4.72735
per-segment minimum non-zero probability:   0.00109653
per-segment maximum non-zero probability:   0.1
per-segment probability dynamic range (kT): 4.51302
norm = 1, error in norm = -2.22045e-16 (-1*epsilon)
MAB binning in use
Bottleneck bin occupancy may not be accurately reported
Waiting for segments to complete...
Iteration completed successfully
Iteration wallclock: 0:23:26.180918, cputime: 1:12:58.640181


Fri Jul 22 18:08:59 2022
Iteration 125 (200 requested)
Beginning iteration 125
28 segments remain in iteration 125 (28 total)
3 of 24 (12.500000%) active bins are populated
per-bin minimum non-zero probability:       0.0570963
per-bin maximum probability:                0.801181
per-bin probability dynamic range (kT):     2.64135
per-segment minimum non-zero probability:   0.00713703
per-segment maximum non-zero probability:   0.1
per-segment probability dynamic range (kT): 2.63987
norm = 1, error in norm = -2.22045e-16 (-1*epsilon)
MAB binning in use
Bottleneck bin occupancy may not be accurately reported
Waiting for segments to complete...
Iteration completed successfully
Iteration wallclock: 0:20:50.644051, cputime: 1:10:23.886681


Fri Jul 22 18:29:50 2022
Iteration 126 (200 requested)
Beginning iteration 126
21 segments remain in iteration 126 (21 total)
2 of 24 (8.333333%) active bins are populated
per-bin minimum non-zero probability:       0.067777
per-bin maximum probability:                0.932223
per-bin probability dynamic range (kT):     2.62135
per-segment minimum non-zero probability:   0.00847212
per-segment maximum non-zero probability:   0.1
per-segment probability dynamic range (kT): 2.46839
norm = 1, error in norm = -1.11022e-16 (-0.5*epsilon)
MAB binning in use
Bottleneck bin occupancy may not be accurately reported
Waiting for segments to complete...
Iteration completed successfully
Iteration wallclock: 0:17:32.940593, cputime: 0:52:44.468124


Fri Jul 22 18:47:23 2022
Iteration 127 (200 requested)
Beginning iteration 127
21 segments remain in iteration 127 (21 total)
2 of 24 (8.333333%) active bins are populated
per-bin minimum non-zero probability:       0.0649884
per-bin maximum probability:                0.935012
per-bin probability dynamic range (kT):     2.66635
per-segment minimum non-zero probability:   0.00812355
per-segment maximum non-zero probability:   0.1
per-segment probability dynamic range (kT): 2.5104
norm = 1, error in norm = -2.22045e-16 (-1*epsilon)
MAB binning in use
Bottleneck bin occupancy may not be accurately reported
Waiting for segments to complete...
Iteration completed successfully
Iteration wallclock: 0:17:30.523933, cputime: 0:52:37.203586


Fri Jul 22 19:04:54 2022
Iteration 128 (200 requested)
Beginning iteration 128
29 segments remain in iteration 128 (29 total)
3 of 24 (12.500000%) active bins are populated
per-bin minimum non-zero probability:       0.00812355
per-bin maximum probability:                0.925494
per-bin probability dynamic range (kT):     4.73556
per-segment minimum non-zero probability:   0.00101544
per-segment maximum non-zero probability:   0.1
per-segment probability dynamic range (kT): 4.58985
norm = 1, error in norm = -1.11022e-16 (-0.5*epsilon)
MAB binning in use
Bottleneck bin occupancy may not be accurately reported
Waiting for segments to complete...
Iteration completed successfully
Iteration wallclock: 0:23:26.460906, cputime: 1:12:56.462296


Fri Jul 22 19:28:20 2022
Iteration 129 (200 requested)
Beginning iteration 129
29 segments remain in iteration 129 (29 total)
2 of 24 (8.333333%) active bins are populated
per-bin minimum non-zero probability:       0.00829783
per-bin maximum probability:                0.991702
per-bin probability dynamic range (kT):     4.78343
per-segment minimum non-zero probability:   0.00103723
per-segment maximum non-zero probability:   0.1
per-segment probability dynamic range (kT): 4.56862
norm = 1, error in norm = -2.22045e-16 (-1*epsilon)
MAB binning in use
Bottleneck bin occupancy may not be accurately reported
Waiting for segments to complete...
Iteration completed successfully
Iteration wallclock: 0:23:34.300096, cputime: 1:13:14.599071


Fri Jul 22 19:51:54 2022
Iteration 130 (200 requested)
Beginning iteration 130
29 segments remain in iteration 130 (29 total)
3 of 24 (12.500000%) active bins are populated
per-bin minimum non-zero probability:       0.00708998
per-bin maximum probability:                0.922049
per-bin probability dynamic range (kT):     4.86792
per-segment minimum non-zero probability:   0.000886247
per-segment maximum non-zero probability:   0.1
per-segment probability dynamic range (kT): 4.72593
norm = 1, error in norm = -1.11022e-16 (-0.5*epsilon)
MAB binning in use
Bottleneck bin occupancy may not be accurately reported
Waiting for segments to complete...
Iteration completed successfully
Iteration wallclock: 0:23:31.524476, cputime: 1:13:12.431109


Fri Jul 22 20:15:26 2022
Iteration 131 (200 requested)
Beginning iteration 131
29 segments remain in iteration 131 (29 total)
3 of 24 (12.500000%) active bins are populated
per-bin minimum non-zero probability:       0.000886247
per-bin maximum probability:                0.931306
per-bin probability dynamic range (kT):     6.95735
per-segment minimum non-zero probability:   0.000110781
per-segment maximum non-zero probability:   0.1
per-segment probability dynamic range (kT): 6.80537
norm = 1, error in norm = -2.22045e-16 (-1*epsilon)
MAB binning in use
Bottleneck bin occupancy may not be accurately reported
Waiting for segments to complete...
Iteration completed successfully
Iteration wallclock: 0:23:32.986221, cputime: 1:13:08.582137


Fri Jul 22 20:38:59 2022
Iteration 132 (200 requested)
Beginning iteration 132
29 segments remain in iteration 132 (29 total)
3 of 24 (12.500000%) active bins are populated
per-bin minimum non-zero probability:       0.000110781
per-bin maximum probability:                0.928283
per-bin probability dynamic range (kT):     9.03354
per-segment minimum non-zero probability:   1.38476e-05
per-segment maximum non-zero probability:   0.1
per-segment probability dynamic range (kT): 8.88481
norm = 1, error in norm = 2.22045e-16 (1*epsilon)
MAB binning in use
Bottleneck bin occupancy may not be accurately reported
Waiting for segments to complete...
Iteration completed successfully
Iteration wallclock: 0:23:35.350684, cputime: 1:13:11.222496


Fri Jul 22 21:02:34 2022
Iteration 133 (200 requested)
Beginning iteration 133
29 segments remain in iteration 133 (29 total)
3 of 24 (12.500000%) active bins are populated
per-bin minimum non-zero probability:       0.00895072
per-bin maximum probability:                0.891831
per-bin probability dynamic range (kT):     4.60154
per-segment minimum non-zero probability:   0.00111884
per-segment maximum non-zero probability:   0.1
per-segment probability dynamic range (kT): 4.49288
norm = 1, error in norm = -1.11022e-16 (-0.5*epsilon)
MAB binning in use
Bottleneck bin occupancy may not be accurately reported
Waiting for segments to complete...
Iteration completed successfully
Iteration wallclock: 0:23:35.127498, cputime: 1:13:14.353306


Fri Jul 22 21:26:09 2022
Iteration 134 (200 requested)
Beginning iteration 134
29 segments remain in iteration 134 (29 total)
2 of 24 (8.333333%) active bins are populated
per-bin minimum non-zero probability:       0.00963314
per-bin maximum probability:                0.990367
per-bin probability dynamic range (kT):     4.63287
per-segment minimum non-zero probability:   0.00120414
per-segment maximum non-zero probability:   0.1
per-segment probability dynamic range (kT): 4.4194
norm = 1, error in norm = 2.22045e-16 (1*epsilon)
MAB binning in use
Bottleneck bin occupancy may not be accurately reported
Waiting for segments to complete...
Iteration completed successfully
Iteration wallclock: 0:23:33.252752, cputime: 1:13:15.804165


Fri Jul 22 21:49:43 2022
Iteration 135 (200 requested)
Beginning iteration 135
29 segments remain in iteration 135 (29 total)
3 of 24 (12.500000%) active bins are populated
per-bin minimum non-zero probability:       0.0091409
per-bin maximum probability:                0.916216
per-bin probability dynamic range (kT):     4.60749
per-segment minimum non-zero probability:   0.00114261
per-segment maximum non-zero probability:   0.1
per-segment probability dynamic range (kT): 4.47185
norm = 1, error in norm = -2.22045e-16 (-1*epsilon)
MAB binning in use
Bottleneck bin occupancy may not be accurately reported
Waiting for segments to complete...
Iteration completed successfully
Iteration wallclock: 0:23:35.486518, cputime: 1:13:18.201039


Fri Jul 22 22:13:18 2022
Iteration 136 (200 requested)
Beginning iteration 136
21 segments remain in iteration 136 (21 total)
2 of 24 (8.333333%) active bins are populated
per-bin minimum non-zero probability:       0.0763827
per-bin maximum probability:                0.923617
per-bin probability dynamic range (kT):     2.49254
per-segment minimum non-zero probability:   0.00954784
per-segment maximum non-zero probability:   0.1
per-segment probability dynamic range (kT): 2.34886
norm = 1, error in norm = 0 (0*epsilon)
MAB binning in use
Bottleneck bin occupancy may not be accurately reported
Waiting for segments to complete...
Iteration completed successfully
Iteration wallclock: 0:17:42.292212, cputime: 0:53:02.176267


Fri Jul 22 22:31:00 2022
Iteration 137 (200 requested)
Beginning iteration 137
29 segments remain in iteration 137 (29 total)
3 of 24 (12.500000%) active bins are populated
per-bin minimum non-zero probability:       0.00954784
per-bin maximum probability:                0.906668
per-bin probability dynamic range (kT):     4.55346
per-segment minimum non-zero probability:   0.00119348
per-segment maximum non-zero probability:   0.1
per-segment probability dynamic range (kT): 4.4283
norm = 1, error in norm = -2.22045e-16 (-1*epsilon)
MAB binning in use
Bottleneck bin occupancy may not be accurately reported
Waiting for segments to complete...
Iteration completed successfully
Iteration wallclock: 0:23:07.683933, cputime: 1:11:37.294365


Fri Jul 22 22:54:08 2022
Iteration 138 (200 requested)
Beginning iteration 138
29 segments remain in iteration 138 (29 total)
2 of 24 (8.333333%) active bins are populated
per-bin minimum non-zero probability:       0.00926644
per-bin maximum probability:                0.990734
per-bin probability dynamic range (kT):     4.67205
per-segment minimum non-zero probability:   0.0011583
per-segment maximum non-zero probability:   0.1
per-segment probability dynamic range (kT): 4.45821
norm = 1, error in norm = 0 (0*epsilon)
MAB binning in use
Bottleneck bin occupancy may not be accurately reported
Waiting for segments to complete...
Iteration completed successfully
Iteration wallclock: 0:23:09.464305, cputime: 1:11:48.672734


Fri Jul 22 23:17:17 2022
Iteration 139 (200 requested)
Beginning iteration 139
29 segments remain in iteration 139 (29 total)
3 of 24 (12.500000%) active bins are populated
per-bin minimum non-zero probability:       0.0011583
per-bin maximum probability:                0.926394
per-bin probability dynamic range (kT):     6.68434
per-segment minimum non-zero probability:   0.000144788
per-segment maximum non-zero probability:   0.1
per-segment probability dynamic range (kT): 6.53765
norm = 1, error in norm = 0 (0*epsilon)
MAB binning in use
Bottleneck bin occupancy may not be accurately reported
Waiting for segments to complete...
Iteration completed successfully
Iteration wallclock: 0:23:06.948131, cputime: 1:11:43.981265


Fri Jul 22 23:40:24 2022
Iteration 140 (200 requested)
Beginning iteration 140
21 segments remain in iteration 140 (21 total)
2 of 24 (8.333333%) active bins are populated
per-bin minimum non-zero probability:       0.0755197
per-bin maximum probability:                0.92448
per-bin probability dynamic range (kT):     2.50484
per-segment minimum non-zero probability:   0.00943996
per-segment maximum non-zero probability:   0.1
per-segment probability dynamic range (kT): 2.36022
norm = 1, error in norm = -1.11022e-16 (-0.5*epsilon)
MAB binning in use
Bottleneck bin occupancy may not be accurately reported
Waiting for segments to complete...
Iteration completed successfully
Iteration wallclock: 0:17:17.725762, cputime: 0:51:51.040240


Fri Jul 22 23:57:42 2022
Iteration 141 (200 requested)
Beginning iteration 141
29 segments remain in iteration 141 (29 total)
3 of 24 (12.500000%) active bins are populated
per-bin minimum non-zero probability:       0.00943996
per-bin maximum probability:                0.841434
per-bin probability dynamic range (kT):     4.49016
per-segment minimum non-zero probability:   0.00117999
per-segment maximum non-zero probability:   0.1
per-segment probability dynamic range (kT): 4.43966
norm = 1, error in norm = -2.22045e-16 (-1*epsilon)
MAB binning in use
Bottleneck bin occupancy may not be accurately reported
Waiting for segments to complete...
Iteration completed successfully
Iteration wallclock: 0:23:17.116629, cputime: 1:12:05.716432


Sat Jul 23 00:20:59 2022
Iteration 142 (200 requested)
Beginning iteration 142
30 segments remain in iteration 142 (30 total)
3 of 24 (12.500000%) active bins are populated
per-bin minimum non-zero probability:       0.00117999
per-bin maximum probability:                0.85781
per-bin probability dynamic range (kT):     6.58887
per-segment minimum non-zero probability:   0.000147499
per-segment maximum non-zero probability:   0.1
per-segment probability dynamic range (kT): 6.5191
norm = 1, error in norm = -1.11022e-16 (-0.5*epsilon)
MAB binning in use
Bottleneck bin occupancy may not be accurately reported
Waiting for segments to complete...
Iteration completed successfully
Iteration wallclock: 0:23:17.368166, cputime: 1:14:41.923551


Sat Jul 23 00:44:17 2022
Iteration 143 (200 requested)
Beginning iteration 143
29 segments remain in iteration 143 (29 total)
3 of 24 (12.500000%) active bins are populated
per-bin minimum non-zero probability:       0.000147499
per-bin maximum probability:                0.929347
per-bin probability dynamic range (kT):     8.74841
per-segment minimum non-zero probability:   1.84374e-05
per-segment maximum non-zero probability:   0.1
per-segment probability dynamic range (kT): 8.59854
norm = 1, error in norm = -3.33067e-16 (-1.5*epsilon)
MAB binning in use
Bottleneck bin occupancy may not be accurately reported
Waiting for segments to complete...
Iteration completed successfully
Iteration wallclock: 0:23:15.092022, cputime: 1:12:15.704796


Sat Jul 23 01:07:32 2022
Iteration 144 (200 requested)
Beginning iteration 144
29 segments remain in iteration 144 (29 total)
3 of 24 (12.500000%) active bins are populated
per-bin minimum non-zero probability:       1.84374e-05
per-bin maximum probability:                0.925142
per-bin probability dynamic range (kT):     10.8233
per-segment minimum non-zero probability:   2.30468e-06
per-segment maximum non-zero probability:   0.1
per-segment probability dynamic range (kT): 10.678
norm = 1, error in norm = -2.22045e-16 (-1*epsilon)
MAB binning in use
Bottleneck bin occupancy may not be accurately reported
Waiting for segments to complete...
Iteration completed successfully
Iteration wallclock: 0:23:14.887704, cputime: 1:12:18.306784


Sat Jul 23 01:30:47 2022
Iteration 145 (200 requested)
Beginning iteration 145
21 segments remain in iteration 145 (21 total)
2 of 24 (8.333333%) active bins are populated
per-bin minimum non-zero probability:       0.0661071
per-bin maximum probability:                0.933893
per-bin probability dynamic range (kT):     2.64809
per-segment minimum non-zero probability:   0.00826339
per-segment maximum non-zero probability:   0.1
per-segment probability dynamic range (kT): 2.49334
norm = 1, error in norm = -2.22045e-16 (-1*epsilon)
MAB binning in use
Bottleneck bin occupancy may not be accurately reported
Waiting for segments to complete...
Iteration completed successfully
Iteration wallclock: 0:17:26.763857, cputime: 0:52:17.521346


Sat Jul 23 01:48:13 2022
Iteration 146 (200 requested)
Beginning iteration 146
21 segments remain in iteration 146 (21 total)
2 of 24 (8.333333%) active bins are populated
per-bin minimum non-zero probability:       0.0737974
per-bin maximum probability:                0.926203
per-bin probability dynamic range (kT):     2.52977
per-segment minimum non-zero probability:   0.00922467
per-segment maximum non-zero probability:   0.1
per-segment probability dynamic range (kT): 2.38329
norm = 1, error in norm = -1.11022e-16 (-0.5*epsilon)
MAB binning in use
Bottleneck bin occupancy may not be accurately reported
Waiting for segments to complete...
Iteration completed successfully
Iteration wallclock: 0:17:25.945470, cputime: 0:52:23.929880


Sat Jul 23 02:05:39 2022
Iteration 147 (200 requested)
Beginning iteration 147
21 segments remain in iteration 147 (21 total)
3 of 24 (12.500000%) active bins are populated
per-bin minimum non-zero probability:       0.0716097
per-bin maximum probability:                0.829172
per-bin probability dynamic range (kT):     2.4492
per-segment minimum non-zero probability:   0.00895121
per-segment maximum non-zero probability:   0.1
per-segment probability dynamic range (kT): 2.41338
norm = 1, error in norm = -1.11022e-16 (-0.5*epsilon)
MAB binning in use
Bottleneck bin occupancy may not be accurately reported
Waiting for segments to complete...
Iteration completed successfully
Iteration wallclock: 0:17:27.373384, cputime: 0:52:21.747876


Sat Jul 23 02:23:07 2022
Iteration 148 (200 requested)
Beginning iteration 148
28 segments remain in iteration 148 (28 total)
2 of 24 (8.333333%) active bins are populated
per-bin minimum non-zero probability:       0.0727036
per-bin maximum probability:                0.927296
per-bin probability dynamic range (kT):     2.54588
per-segment minimum non-zero probability:   0.00908794
per-segment maximum non-zero probability:   0.1
per-segment probability dynamic range (kT): 2.39822
norm = 1, error in norm = 0 (0*epsilon)
MAB binning in use
Bottleneck bin occupancy may not be accurately reported
Waiting for segments to complete...
Iteration completed successfully
Iteration wallclock: 0:20:52.106481, cputime: 1:09:47.883276


Sat Jul 23 02:43:59 2022
Iteration 149 (200 requested)
Beginning iteration 149
29 segments remain in iteration 149 (29 total)
2 of 24 (8.333333%) active bins are populated
per-bin minimum non-zero probability:       0.00989672
per-bin maximum probability:                0.990103
per-bin probability dynamic range (kT):     4.60561
per-segment minimum non-zero probability:   0.00123709
per-segment maximum non-zero probability:   0.1
per-segment probability dynamic range (kT): 4.39241
norm = 1, error in norm = -1.11022e-16 (-0.5*epsilon)
MAB binning in use
Bottleneck bin occupancy may not be accurately reported
Waiting for segments to complete...
Iteration completed successfully
Iteration wallclock: 0:23:16.168630, cputime: 1:12:14.732451


Sat Jul 23 03:07:15 2022
Iteration 150 (200 requested)
Beginning iteration 150
29 segments remain in iteration 150 (29 total)
3 of 24 (12.500000%) active bins are populated
per-bin minimum non-zero probability:       0.00801236
per-bin maximum probability:                0.847674
per-bin probability dynamic range (kT):     4.66151
per-segment minimum non-zero probability:   0.00100155
per-segment maximum non-zero probability:   0.1
per-segment probability dynamic range (kT): 4.60363
norm = 1, error in norm = -1.11022e-16 (-0.5*epsilon)
MAB binning in use
Bottleneck bin occupancy may not be accurately reported
Waiting for segments to complete...
Iteration completed successfully
Iteration wallclock: 0:23:15.608875, cputime: 1:12:15.249861


Sat Jul 23 03:30:31 2022
Iteration 151 (200 requested)
Beginning iteration 151
30 segments remain in iteration 151 (30 total)
3 of 24 (12.500000%) active bins are populated
per-bin minimum non-zero probability:       0.00100155
per-bin maximum probability:                0.89978
per-bin probability dynamic range (kT):     6.80061
per-segment minimum non-zero probability:   0.000125193
per-segment maximum non-zero probability:   0.1
per-segment probability dynamic range (kT): 6.68307
norm = 1, error in norm = 0 (0*epsilon)
MAB binning in use
Bottleneck bin occupancy may not be accurately reported
Waiting for segments to complete...
Iteration completed successfully
Iteration wallclock: 0:23:17.169874, cputime: 1:14:41.711860


Sat Jul 23 03:53:48 2022
Iteration 152 (200 requested)
Beginning iteration 152
28 segments remain in iteration 152 (28 total)
2 of 24 (8.333333%) active bins are populated
per-bin minimum non-zero probability:       0.0571592
per-bin maximum probability:                0.942841
per-bin probability dynamic range (kT):     2.80306
per-segment minimum non-zero probability:   0.0071449
per-segment maximum non-zero probability:   0.1
per-segment probability dynamic range (kT): 2.63877
norm = 1, error in norm = -2.22045e-16 (-1*epsilon)
MAB binning in use
Bottleneck bin occupancy may not be accurately reported
Waiting for segments to complete...
Iteration completed successfully
Iteration wallclock: 0:20:38.408442, cputime: 1:09:49.192084


Sat Jul 23 04:14:26 2022
Iteration 153 (200 requested)
Beginning iteration 153
29 segments remain in iteration 153 (29 total)
3 of 24 (12.500000%) active bins are populated
per-bin minimum non-zero probability:       0.0100631
per-bin maximum probability:                0.882462
per-bin probability dynamic range (kT):     4.47384
per-segment minimum non-zero probability:   0.00125789
per-segment maximum non-zero probability:   0.1
per-segment probability dynamic range (kT): 4.37573
norm = 1, error in norm = 0 (0*epsilon)
MAB binning in use
Bottleneck bin occupancy may not be accurately reported
Waiting for segments to complete...
Iteration completed successfully
Iteration wallclock: 0:23:15.784158, cputime: 1:12:15.399367


Sat Jul 23 04:37:42 2022
Iteration 154 (200 requested)
Beginning iteration 154
30 segments remain in iteration 154 (30 total)
3 of 24 (12.500000%) active bins are populated
per-bin minimum non-zero probability:       0.00125789
per-bin maximum probability:                0.870236
per-bin probability dynamic range (kT):     6.53933
per-segment minimum non-zero probability:   0.000157236
per-segment maximum non-zero probability:   0.1
per-segment probability dynamic range (kT): 6.45518
norm = 1, error in norm = -4.44089e-16 (-2*epsilon)
MAB binning in use
Bottleneck bin occupancy may not be accurately reported
Waiting for segments to complete...
Iteration completed successfully
Iteration wallclock: 0:23:18.917069, cputime: 1:14:46.917833


Sat Jul 23 05:01:01 2022
Iteration 155 (200 requested)
Beginning iteration 155
28 segments remain in iteration 155 (28 total)
2 of 24 (8.333333%) active bins are populated
per-bin minimum non-zero probability:       0.0689827
per-bin maximum probability:                0.931017
per-bin probability dynamic range (kT):     2.60242
per-segment minimum non-zero probability:   0.00862284
per-segment maximum non-zero probability:   0.1
per-segment probability dynamic range (kT): 2.45076
norm = 1, error in norm = -3.33067e-16 (-1.5*epsilon)
MAB binning in use
Bottleneck bin occupancy may not be accurately reported
Waiting for segments to complete...
Iteration completed successfully
Iteration wallclock: 0:20:48.088415, cputime: 1:09:47.243105


Sat Jul 23 05:21:49 2022
Iteration 156 (200 requested)
Beginning iteration 156
21 segments remain in iteration 156 (21 total)
3 of 24 (12.500000%) active bins are populated
per-bin minimum non-zero probability:       0.0671035
per-bin maximum probability:                0.835239
per-bin probability dynamic range (kT):     2.52148
per-segment minimum non-zero probability:   0.00838794
per-segment maximum non-zero probability:   0.1
per-segment probability dynamic range (kT): 2.47838
norm = 1, error in norm = -3.33067e-16 (-1.5*epsilon)
MAB binning in use
Bottleneck bin occupancy may not be accurately reported
Waiting for segments to complete...
Iteration completed successfully
Iteration wallclock: 0:17:26.366958, cputime: 0:52:20.779656


Sat Jul 23 05:39:15 2022
Iteration 157 (200 requested)
Beginning iteration 157
28 segments remain in iteration 157 (28 total)
2 of 24 (8.333333%) active bins are populated
per-bin minimum non-zero probability:       0.0545472
per-bin maximum probability:                0.945453
per-bin probability dynamic range (kT):     2.8526
per-segment minimum non-zero probability:   0.0068184
per-segment maximum non-zero probability:   0.1
per-segment probability dynamic range (kT): 2.68555
norm = 1, error in norm = -1.11022e-16 (-0.5*epsilon)
MAB binning in use
Bottleneck bin occupancy may not be accurately reported
Waiting for segments to complete...
Iteration completed successfully
Iteration wallclock: 0:20:48.061752, cputime: 1:09:43.596691


Sat Jul 23 06:00:03 2022
Iteration 158 (200 requested)
Beginning iteration 158
29 segments remain in iteration 158 (29 total)
2 of 24 (8.333333%) active bins are populated
per-bin minimum non-zero probability:       0.00828967
per-bin maximum probability:                0.99171
per-bin probability dynamic range (kT):     4.78442
per-segment minimum non-zero probability:   0.00103621
per-segment maximum non-zero probability:   0.1
per-segment probability dynamic range (kT): 4.5696
norm = 1, error in norm = -2.22045e-16 (-1*epsilon)
MAB binning in use
Bottleneck bin occupancy may not be accurately reported
Waiting for segments to complete...
Iteration completed successfully
Iteration wallclock: 0:23:19.107184, cputime: 1:12:20.676841


Sat Jul 23 06:23:23 2022
Iteration 159 (200 requested)
Beginning iteration 159
28 segments remain in iteration 159 (28 total)
2 of 24 (8.333333%) active bins are populated
per-bin minimum non-zero probability:       0.0621707
per-bin maximum probability:                0.937829
per-bin probability dynamic range (kT):     2.71368
per-segment minimum non-zero probability:   0.00777134
per-segment maximum non-zero probability:   0.1
per-segment probability dynamic range (kT): 2.55473
norm = 1, error in norm = -1.11022e-16 (-0.5*epsilon)
MAB binning in use
Bottleneck bin occupancy may not be accurately reported
Waiting for segments to complete...
Iteration completed successfully
Iteration wallclock: 0:20:35.828954, cputime: 1:09:45.057707


Sat Jul 23 06:43:58 2022
Iteration 160 (200 requested)
Beginning iteration 160
22 segments remain in iteration 160 (22 total)
2 of 24 (8.333333%) active bins are populated
per-bin minimum non-zero probability:       0.0651092
per-bin maximum probability:                0.934891
per-bin probability dynamic range (kT):     2.66436
per-segment minimum non-zero probability:   0.00813865
per-segment maximum non-zero probability:   0.1
per-segment probability dynamic range (kT): 2.50855
norm = 1, error in norm = -2.22045e-16 (-1*epsilon)
MAB binning in use
Bottleneck bin occupancy may not be accurately reported
Waiting for segments to complete...
Iteration completed successfully
Iteration wallclock: 0:17:29.619884, cputime: 0:54:46.261389


Sat Jul 23 07:01:28 2022
Iteration 161 (200 requested)
Beginning iteration 161
30 segments remain in iteration 161 (30 total)
3 of 24 (12.500000%) active bins are populated
per-bin minimum non-zero probability:       0.00813865
per-bin maximum probability:                0.918731
per-bin probability dynamic range (kT):     4.72637
per-segment minimum non-zero probability:   0.00101733
per-segment maximum non-zero probability:   0.1
per-segment probability dynamic range (kT): 4.58799
norm = 1, error in norm = -2.22045e-16 (-1*epsilon)
MAB binning in use
Bottleneck bin occupancy may not be accurately reported
Waiting for segments to complete...
Iteration completed successfully
Iteration wallclock: 0:23:22.926430, cputime: 1:14:48.824185


Sat Jul 23 07:24:51 2022
Iteration 162 (200 requested)
Beginning iteration 162
30 segments remain in iteration 162 (30 total)
3 of 24 (12.500000%) active bins are populated
per-bin minimum non-zero probability:       0.00101733
per-bin maximum probability:                0.944473
per-bin probability dynamic range (kT):     6.83344
per-segment minimum non-zero probability:   0.000127166
per-segment maximum non-zero probability:   0.1
per-segment probability dynamic range (kT): 6.66743
norm = 1, error in norm = 0 (0*epsilon)
MAB binning in use
Bottleneck bin occupancy may not be accurately reported
Waiting for segments to complete...
Iteration completed successfully
Iteration wallclock: 0:23:24.154984, cputime: 1:14:52.220105


Sat Jul 23 07:48:15 2022
Iteration 163 (200 requested)
Beginning iteration 163
31 segments remain in iteration 163 (31 total)
3 of 24 (12.500000%) active bins are populated
per-bin minimum non-zero probability:       0.000127166
per-bin maximum probability:                0.891144
per-bin probability dynamic range (kT):     8.85476
per-segment minimum non-zero probability:   1.58958e-05
per-segment maximum non-zero probability:   0.1
per-segment probability dynamic range (kT): 8.74687
norm = 1, error in norm = -1.11022e-16 (-0.5*epsilon)
MAB binning in use
Bottleneck bin occupancy may not be accurately reported
Waiting for segments to complete...
Iteration completed successfully
Iteration wallclock: 0:23:21.099817, cputime: 1:17:19.450560


Sat Jul 23 08:11:36 2022
Iteration 164 (200 requested)
Beginning iteration 164
30 segments remain in iteration 164 (30 total)
3 of 24 (12.500000%) active bins are populated
per-bin minimum non-zero probability:       1.58958e-05
per-bin maximum probability:                0.94004
per-bin probability dynamic range (kT):     10.9876
per-segment minimum non-zero probability:   1.98698e-06
per-segment maximum non-zero probability:   0.1
per-segment probability dynamic range (kT): 10.8263
norm = 1, error in norm = -2.22045e-16 (-1*epsilon)
MAB binning in use
Bottleneck bin occupancy may not be accurately reported
Waiting for segments to complete...
Iteration completed successfully
Iteration wallclock: 0:23:21.096020, cputime: 1:14:42.152177


Sat Jul 23 08:34:57 2022
Iteration 165 (200 requested)
Beginning iteration 165
22 segments remain in iteration 165 (22 total)
2 of 24 (8.333333%) active bins are populated
per-bin minimum non-zero probability:       0.068999
per-bin maximum probability:                0.931001
per-bin probability dynamic range (kT):     2.60217
per-segment minimum non-zero probability:   0.00862488
per-segment maximum non-zero probability:   0.1
per-segment probability dynamic range (kT): 2.45052
norm = 1, error in norm = 0 (0*epsilon)
MAB binning in use
Bottleneck bin occupancy may not be accurately reported
Waiting for segments to complete...
Iteration completed successfully
Iteration wallclock: 0:17:28.414311, cputime: 0:54:50.701623


Sat Jul 23 08:52:26 2022
Iteration 166 (200 requested)
Beginning iteration 166
29 segments remain in iteration 166 (29 total)
2 of 24 (8.333333%) active bins are populated
per-bin minimum non-zero probability:       0.0595561
per-bin maximum probability:                0.940444
per-bin probability dynamic range (kT):     2.75943
per-segment minimum non-zero probability:   0.00744451
per-segment maximum non-zero probability:   0.1
per-segment probability dynamic range (kT): 2.59769
norm = 1, error in norm = 0 (0*epsilon)
MAB binning in use
Bottleneck bin occupancy may not be accurately reported
Waiting for segments to complete...
Iteration completed successfully
Iteration wallclock: 0:23:15.615298, cputime: 1:12:18.409581


Sat Jul 23 09:15:41 2022
Iteration 167 (200 requested)
Beginning iteration 167
30 segments remain in iteration 167 (30 total)
3 of 24 (12.500000%) active bins are populated
per-bin minimum non-zero probability:       0.00744451
per-bin maximum probability:                0.838636
per-bin probability dynamic range (kT):     4.7243
per-segment minimum non-zero probability:   0.000930564
per-segment maximum non-zero probability:   0.1
per-segment probability dynamic range (kT): 4.67713
norm = 1, error in norm = 0 (0*epsilon)
MAB binning in use
Bottleneck bin occupancy may not be accurately reported
Waiting for segments to complete...
Iteration completed successfully
Iteration wallclock: 0:23:16.873385, cputime: 1:14:44.542396


Sat Jul 23 09:38:58 2022
Iteration 168 (200 requested)
Beginning iteration 168
30 segments remain in iteration 168 (30 total)
2 of 24 (8.333333%) active bins are populated
per-bin minimum non-zero probability:       0.00784015
per-bin maximum probability:                0.99216
per-bin probability dynamic range (kT):     4.84063
per-segment minimum non-zero probability:   0.000980019
per-segment maximum non-zero probability:   0.1
per-segment probability dynamic range (kT): 4.62535
norm = 1, error in norm = -4.44089e-16 (-2*epsilon)
MAB binning in use
Bottleneck bin occupancy may not be accurately reported
Waiting for segments to complete...
Iteration completed successfully
Iteration wallclock: 0:23:18.615386, cputime: 1:14:44.429567


Sat Jul 23 10:02:17 2022
Iteration 169 (200 requested)
Beginning iteration 169
30 segments remain in iteration 169 (30 total)
3 of 24 (12.500000%) active bins are populated
per-bin minimum non-zero probability:       0.00686013
per-bin maximum probability:                0.938233
per-bin probability dynamic range (kT):     4.91827
per-segment minimum non-zero probability:   0.000857517
per-segment maximum non-zero probability:   0.1
per-segment probability dynamic range (kT): 4.75888
norm = 1, error in norm = -2.22045e-16 (-1*epsilon)
MAB binning in use
Bottleneck bin occupancy may not be accurately reported
Waiting for segments to complete...
Iteration completed successfully
Iteration wallclock: 0:23:18.279974, cputime: 1:14:41.982830


Sat Jul 23 10:25:35 2022
Iteration 170 (200 requested)
Beginning iteration 170
30 segments remain in iteration 170 (30 total)
3 of 24 (12.500000%) active bins are populated
per-bin minimum non-zero probability:       0.000857517
per-bin maximum probability:                0.930629
per-bin probability dynamic range (kT):     6.98958
per-segment minimum non-zero probability:   0.00010719
per-segment maximum non-zero probability:   0.1
per-segment probability dynamic range (kT): 6.83833
norm = 1, error in norm = -2.22045e-16 (-1*epsilon)
MAB binning in use
Bottleneck bin occupancy may not be accurately reported
Waiting for segments to complete...
Iteration completed successfully
Iteration wallclock: 0:23:20.819209, cputime: 1:14:43.517820

Iteration 171 would require more than the allotted time. Ending run.
