Updating system with the options from the configuration file
Maximum wallclock time: 2:00:00

Fri Jun 24 11:39:09 2022
Iteration 1 (3 requested)
Beginning iteration 1
8 segments remain in iteration 1 (8 total)
MAB binning in use.
1 of 37 (2.702703%) active bins are populated
per-bin minimum non-zero probability:       1
per-bin maximum probability:                1
per-bin probability dynamic range (kT):     0
per-segment minimum non-zero probability:   0.1
per-segment maximum non-zero probability:   0.2
per-segment probability dynamic range (kT): 0.693147
norm = 1, error in norm = 0 (0*epsilon)
################ MAB stats ################
minima in each dimension:      [0.3957, 0.4397, 1.6264]
maxima in each dimension:      [1.0265, 0.8388, 1.8807]
direction in each dimension:   [1, 1, 1]
skip in each dimension:        [0, 0, 1]
###########################################
Iteration wallclock: 0:08:09.805789, cputime: 0:09:04.326846


Fri Jun 24 11:47:19 2022
Iteration 2 (3 requested)
Beginning iteration 2
32 segments remain in iteration 2 (32 total)
MAB binning in use.
1 of 37 (2.702703%) active bins are populated
per-bin minimum non-zero probability:       1
per-bin maximum probability:                1
per-bin probability dynamic range (kT):     0
per-segment minimum non-zero probability:   0.0125
per-segment maximum non-zero probability:   0.1
per-segment probability dynamic range (kT): 2.07944
norm = 1, error in norm = 0 (0*epsilon)
################ MAB stats ################
minima in each dimension:      [0.4762, 0.4393, 1.6092]
maxima in each dimension:      [1.3031, 1.0546, 1.8255]
direction in each dimension:   [1, 1, 1]
skip in each dimension:        [0, 0, 1]
###########################################
Iteration wallclock: 0:25:45.165244, cputime: 0:36:24.826476


Fri Jun 24 12:13:04 2022
Iteration 3 (3 requested)
Beginning iteration 3
24 segments remain in iteration 3 (24 total)
MAB binning in use.
1 of 37 (2.702703%) active bins are populated
per-bin minimum non-zero probability:       1
per-bin maximum probability:                1
per-bin probability dynamic range (kT):     0
per-segment minimum non-zero probability:   0.003125
per-segment maximum non-zero probability:   0.141667
per-segment probability dynamic range (kT): 3.81404
norm = 1, error in norm = 0 (0*epsilon)
################ MAB stats ################
minima in each dimension:      [0.4564, 0.4431, 1.5833]
maxima in each dimension:      [1.0852, 1.2115, 1.9158]
direction in each dimension:   [1, 1, 1]
skip in each dimension:        [0, 0, 1]
###########################################
Iteration wallclock: 0:19:09.257715, cputime: 0:27:14.369542


Fri Jun 24 12:32:14 2022
WEST run complete.
