Updating system with the options from the configuration file
-- ERROR    [westpa.core.propagators.executable] -- could not read pcoord from '/tmp/tmp424y55em': ValueError('cannot reshape array of size 0 into shape (6,3)')
-- ERROR    [westpa.core.propagators.executable] -- could not read pcoord from '/tmp/tmp4i1l6kym': ValueError('cannot reshape array of size 0 into shape (6,3)')
-- ERROR    [westpa.core.propagators.executable] -- could not read pcoord from '/tmp/tmp6kcm0v2j': ValueError('cannot reshape array of size 0 into shape (6,3)')
-- ERROR    [westpa.core.propagators.executable] -- could not read pcoord from '/tmp/tmp6o3xp9z0': ValueError('cannot reshape array of size 0 into shape (6,3)')
-- ERROR    [westpa.core.propagators.executable] -- could not read pcoord from '/tmp/tmp9gagakko': ValueError('cannot reshape array of size 0 into shape (6,3)')
-- ERROR    [westpa.core.propagators.executable] -- could not read pcoord from '/tmp/tmp_p69f383': ValueError('cannot reshape array of size 0 into shape (6,3)')
-- ERROR    [westpa.core.propagators.executable] -- could not read pcoord from '/tmp/tmpg9wyyfp7': ValueError('cannot reshape array of size 0 into shape (6,3)')
-- ERROR    [westpa.core.propagators.executable] -- could not read pcoord from '/tmp/tmp9eqq9n7f': ValueError('cannot reshape array of size 0 into shape (6,3)')
-- ERROR    [westpa.core.propagators.executable] -- could not read pcoord from '/tmp/tmp_8rbqup2': ValueError('cannot reshape array of size 0 into shape (6,3)')
-- ERROR    [westpa.core.propagators.executable] -- could not read pcoord from '/tmp/tmp6suhlbx0': ValueError('cannot reshape array of size 0 into shape (6,3)')
-- ERROR    [westpa.core.propagators.executable] -- could not read pcoord from '/tmp/tmpo0ol2bhq': ValueError('cannot reshape array of size 0 into shape (6,3)')
-- ERROR    [westpa.core.propagators.executable] -- could not read pcoord from '/tmp/tmpjanoj2cx': ValueError('cannot reshape array of size 0 into shape (6,3)')
-- ERROR    [westpa.core.propagators.executable] -- could not read pcoord from '/tmp/tmp_zg83z8a': ValueError('cannot reshape array of size 0 into shape (6,3)')
-- ERROR    [westpa.core.propagators.executable] -- could not read pcoord from '/tmp/tmpllgrtbda': ValueError('cannot reshape array of size 0 into shape (6,3)')
-- ERROR    [westpa.core.propagators.executable] -- could not read pcoord from '/tmp/tmpt2v_d34h': ValueError('cannot reshape array of size 0 into shape (6,3)')
-- ERROR    [westpa.core.propagators.executable] -- could not read pcoord from '/tmp/tmp02uetiqx': ValueError('cannot reshape array of size 0 into shape (6,3)')
-- ERROR    [westpa.core.propagators.executable] -- could not read pcoord from '/tmp/tmp8okb84hs': ValueError('cannot reshape array of size 0 into shape (6,3)')
-- ERROR    [westpa.core.propagators.executable] -- could not read pcoord from '/tmp/tmp_rltrsv6': ValueError('cannot reshape array of size 0 into shape (6,3)')
-- ERROR    [westpa.core.propagators.executable] -- could not read pcoord from '/tmp/tmp9ia56ug2': ValueError('cannot reshape array of size 0 into shape (6,3)')
-- ERROR    [westpa.core.propagators.executable] -- could not read pcoord from '/tmp/tmprc5j2g9u': ValueError('cannot reshape array of size 0 into shape (6,3)')
-- ERROR    [westpa.core.propagators.executable] -- could not read pcoord from '/tmp/tmpsub8q4y_': ValueError('cannot reshape array of size 0 into shape (6,3)')
-- ERROR    [westpa.core.propagators.executable] -- could not read pcoord from '/tmp/tmp6f80ktv2': ValueError('cannot reshape array of size 0 into shape (6,3)')
-- ERROR    [westpa.core.propagators.executable] -- could not read pcoord from '/tmp/tmpkdzttaav': ValueError('cannot reshape array of size 0 into shape (6,3)')
-- ERROR    [westpa.core.propagators.executable] -- could not read pcoord from '/tmp/tmpir_2zv2a': ValueError('cannot reshape array of size 0 into shape (6,3)')
-- ERROR    [westpa.core.propagators.executable] -- could not read pcoord from '/tmp/tmpyqr_ql7f': ValueError('cannot reshape array of size 0 into shape (6,3)')
-- ERROR    [westpa.core.propagators.executable] -- could not read pcoord from '/tmp/tmp06p4v2aw': ValueError('cannot reshape array of size 0 into shape (6,3)')
-- ERROR    [westpa.core.propagators.executable] -- could not read pcoord from '/tmp/tmp_vu7tx2x': ValueError('cannot reshape array of size 0 into shape (6,3)')
-- ERROR    [westpa.core.propagators.executable] -- could not read pcoord from '/tmp/tmpnvl9of2c': ValueError('cannot reshape array of size 0 into shape (6,3)')
-- ERROR    [westpa.core.propagators.executable] -- could not read pcoord from '/tmp/tmp2tyx6uuq': ValueError('cannot reshape array of size 0 into shape (6,3)')
-- ERROR    [westpa.core.propagators.executable] -- could not read pcoord from '/tmp/tmpuvtyz4gz': ValueError('cannot reshape array of size 0 into shape (6,3)')
-- WARNING  [westpa.work_managers.zeromq.core] -- sending SIGKILL to worker process 39031
