MPI startup(): PMI server not found. Please set I_MPI_PMI_LIBRARY variable if it is not a singleton case.
Updating system with the options from the configuration file
Maximum wallclock time: 2 days, 0:00:00

Wed Mar 20 11:49:47 2024
Iteration 491 (1000 requested)
Beginning iteration 491
331 segments remain in iteration 491 (331 total)
80 of 111 (72.072072%) active bins are populated
per-bin minimum non-zero probability:       5.80601e-66
per-bin maximum probability:                0.918946
per-bin probability dynamic range (kT):     150.127
per-segment minimum non-zero probability:   1.4515e-66
per-segment maximum non-zero probability:   0.0849982
per-segment probability dynamic range (kT): 149.133
norm = 1, error in norm = 4.44089e-16 (2*epsilon)
MAB binning in use
Bottleneck bin occupancy may not be accurately reported
Waiting for segments to complete...
Iteration completed successfully
Iteration wallclock: 0:49:24.366063, cputime: 14:04:52.841575


Wed Mar 20 12:39:11 2024
Iteration 492 (1000 requested)
Beginning iteration 492
320 segments remain in iteration 492 (320 total)
78 of 111 (70.270270%) active bins are populated
per-bin minimum non-zero probability:       5.0748e-66
per-bin maximum probability:                0.999999
per-bin probability dynamic range (kT):     150.346
per-segment minimum non-zero probability:   1.2687e-66
per-segment maximum non-zero probability:   0.0849982
per-segment probability dynamic range (kT): 149.267
norm = 1, error in norm = 4.44089e-16 (2*epsilon)
MAB binning in use
Bottleneck bin occupancy may not be accurately reported
Waiting for segments to complete...
Iteration completed successfully
Iteration wallclock: 0:47:41.077766, cputime: 13:43:39.749230


Wed Mar 20 13:26:53 2024
Iteration 493 (1000 requested)
Beginning iteration 493
312 segments remain in iteration 493 (312 total)
77 of 111 (69.369369%) active bins are populated
per-bin minimum non-zero probability:       5.50521e-66
per-bin maximum probability:                0.999999
per-bin probability dynamic range (kT):     150.265
per-segment minimum non-zero probability:   1.3763e-66
per-segment maximum non-zero probability:   0.0849982
per-segment probability dynamic range (kT): 149.186
norm = 1, error in norm = 4.44089e-16 (2*epsilon)
MAB binning in use
Bottleneck bin occupancy may not be accurately reported
Waiting for segments to complete...
Iteration completed successfully
Iteration wallclock: 0:46:37.307581, cputime: 13:15:40.535714


Wed Mar 20 14:13:30 2024
Iteration 494 (1000 requested)
Beginning iteration 494
336 segments remain in iteration 494 (336 total)
82 of 111 (73.873874%) active bins are populated
per-bin minimum non-zero probability:       1.3763e-66
per-bin maximum probability:                0.999999
per-bin probability dynamic range (kT):     151.651
per-segment minimum non-zero probability:   3.44075e-67
per-segment maximum non-zero probability:   0.0849982
per-segment probability dynamic range (kT): 150.572
norm = 1, error in norm = 4.44089e-16 (2*epsilon)
MAB binning in use
Bottleneck bin occupancy may not be accurately reported
Waiting for segments to complete...
Iteration completed successfully
Iteration wallclock: 0:50:07.524722, cputime: 14:23:23.815541


Wed Mar 20 15:03:38 2024
Iteration 495 (1000 requested)
Beginning iteration 495
340 segments remain in iteration 495 (340 total)
82 of 111 (73.873874%) active bins are populated
per-bin minimum non-zero probability:       1.0514e-66
per-bin maximum probability:                0.999999
per-bin probability dynamic range (kT):     151.92
per-segment minimum non-zero probability:   2.6285e-67
per-segment maximum non-zero probability:   0.0849982
per-segment probability dynamic range (kT): 150.842
norm = 1, error in norm = 4.44089e-16 (2*epsilon)
MAB binning in use
Bottleneck bin occupancy may not be accurately reported
Waiting for segments to complete...
Iteration completed successfully
Iteration wallclock: 0:50:41.602406, cputime: 14:33:52.056392


Wed Mar 20 15:54:19 2024
Iteration 496 (1000 requested)
Beginning iteration 496
312 segments remain in iteration 496 (312 total)
75 of 111 (67.567568%) active bins are populated
per-bin minimum non-zero probability:       2.6285e-67
per-bin maximum probability:                0.999999
per-bin probability dynamic range (kT):     153.307
per-segment minimum non-zero probability:   6.57126e-68
per-segment maximum non-zero probability:   0.0849982
per-segment probability dynamic range (kT): 152.228
norm = 1, error in norm = 4.44089e-16 (2*epsilon)
MAB binning in use
Bottleneck bin occupancy may not be accurately reported
Waiting for segments to complete...
Iteration completed successfully
Iteration wallclock: 0:46:37.615953, cputime: 13:19:47.604484


Wed Mar 20 16:40:57 2024
Iteration 497 (1000 requested)
Beginning iteration 497
328 segments remain in iteration 497 (328 total)
80 of 111 (72.072072%) active bins are populated
per-bin minimum non-zero probability:       6.57126e-68
per-bin maximum probability:                0.999999
per-bin probability dynamic range (kT):     154.693
per-segment minimum non-zero probability:   1.64282e-68
per-segment maximum non-zero probability:   0.0849982
per-segment probability dynamic range (kT): 153.614
norm = 1, error in norm = 4.44089e-16 (2*epsilon)
MAB binning in use
Bottleneck bin occupancy may not be accurately reported
Waiting for segments to complete...
Iteration completed successfully
Iteration wallclock: 0:48:50.236658, cputime: 13:56:56.149700


Wed Mar 20 17:29:47 2024
Iteration 498 (1000 requested)
Beginning iteration 498
308 segments remain in iteration 498 (308 total)
75 of 111 (67.567568%) active bins are populated
per-bin minimum non-zero probability:       1.64282e-68
per-bin maximum probability:                0.999999
per-bin probability dynamic range (kT):     156.079
per-segment minimum non-zero probability:   4.10704e-69
per-segment maximum non-zero probability:   0.0849982
per-segment probability dynamic range (kT): 155.001
norm = 1, error in norm = 4.44089e-16 (2*epsilon)
MAB binning in use
Bottleneck bin occupancy may not be accurately reported
Waiting for segments to complete...
Iteration completed successfully
Iteration wallclock: 0:45:47.146254, cputime: 13:09:26.622750


Wed Mar 20 18:15:35 2024
Iteration 499 (1000 requested)
Beginning iteration 499
315 segments remain in iteration 499 (315 total)
74 of 111 (66.666667%) active bins are populated
per-bin minimum non-zero probability:       4.10704e-69
per-bin maximum probability:                0.916423
per-bin probability dynamic range (kT):     157.378
per-segment minimum non-zero probability:   1.02676e-69
per-segment maximum non-zero probability:   0.0842871
per-segment probability dynamic range (kT): 156.378
norm = 1, error in norm = 6.66134e-16 (3*epsilon)
MAB binning in use
Bottleneck bin occupancy may not be accurately reported
Waiting for segments to complete...
Iteration completed successfully
Iteration wallclock: 0:46:57.412982, cputime: 13:34:42.185946


Wed Mar 20 19:02:32 2024
Iteration 500 (1000 requested)
Beginning iteration 500
332 segments remain in iteration 500 (332 total)
81 of 111 (72.972973%) active bins are populated
per-bin minimum non-zero probability:       1.02676e-69
per-bin maximum probability:                0.999999
per-bin probability dynamic range (kT):     158.852
per-segment minimum non-zero probability:   2.5669e-70
per-segment maximum non-zero probability:   0.0840501
per-segment probability dynamic range (kT): 157.762
norm = 1, error in norm = 6.66134e-16 (3*epsilon)
MAB binning in use
Bottleneck bin occupancy may not be accurately reported
Waiting for segments to complete...
Iteration completed successfully
Iteration wallclock: 0:49:08.518743, cputime: 14:06:14.413637


Wed Mar 20 19:51:41 2024
Iteration 501 (1000 requested)
Beginning iteration 501
315 segments remain in iteration 501 (315 total)
76 of 111 (68.468468%) active bins are populated
per-bin minimum non-zero probability:       2.5669e-70
per-bin maximum probability:                0.915949
per-bin probability dynamic range (kT):     160.15
per-segment minimum non-zero probability:   6.41725e-71
per-segment maximum non-zero probability:   0.0836683
per-segment probability dynamic range (kT): 159.144
norm = 1, error in norm = 4.44089e-16 (2*epsilon)
MAB binning in use
Bottleneck bin occupancy may not be accurately reported
Waiting for segments to complete...
Iteration completed successfully
Iteration wallclock: 0:46:08.273041, cputime: 13:27:25.783168


Wed Mar 20 20:37:49 2024
Iteration 502 (1000 requested)
Beginning iteration 502
304 segments remain in iteration 502 (304 total)
74 of 111 (66.666667%) active bins are populated
per-bin minimum non-zero probability:       6.41725e-71
per-bin maximum probability:                0.978986
per-bin probability dynamic range (kT):     161.603
per-segment minimum non-zero probability:   1.60431e-71
per-segment maximum non-zero probability:   0.0834844
per-segment probability dynamic range (kT): 160.528
norm = 1, error in norm = 6.66134e-16 (3*epsilon)
MAB binning in use
Bottleneck bin occupancy may not be accurately reported
Waiting for segments to complete...
Iteration completed successfully
Iteration wallclock: 0:44:55.886808, cputime: 13:10:42.137678


Wed Mar 20 21:22:45 2024
Iteration 503 (1000 requested)
Beginning iteration 503
318 segments remain in iteration 503 (318 total)
78 of 111 (70.270270%) active bins are populated
per-bin minimum non-zero probability:       8.34951e-71
per-bin maximum probability:                0.833412
per-bin probability dynamic range (kT):     161.179
per-segment minimum non-zero probability:   2.08738e-71
per-segment maximum non-zero probability:   0.086875
per-segment probability dynamic range (kT): 160.304
norm = 1, error in norm = 4.44089e-16 (2*epsilon)
MAB binning in use
Bottleneck bin occupancy may not be accurately reported
Waiting for segments to complete...
Iteration completed successfully
Iteration wallclock: 0:47:43.325294, cputime: 13:39:11.558266


Wed Mar 20 22:10:28 2024
Iteration 504 (1000 requested)
Beginning iteration 504
308 segments remain in iteration 504 (308 total)
75 of 111 (67.567568%) active bins are populated
per-bin minimum non-zero probability:       2.08738e-71
per-bin maximum probability:                0.979175
per-bin probability dynamic range (kT):     162.727
per-segment minimum non-zero probability:   5.21844e-72
per-segment maximum non-zero probability:   0.086875
per-segment probability dynamic range (kT): 161.691
norm = 1, error in norm = 4.44089e-16 (2*epsilon)
MAB binning in use
Bottleneck bin occupancy may not be accurately reported
Waiting for segments to complete...
Iteration completed successfully
Iteration wallclock: 0:46:03.945530, cputime: 13:07:44.379000


Wed Mar 20 22:56:33 2024
Iteration 505 (1000 requested)
Beginning iteration 505
320 segments remain in iteration 505 (320 total)
78 of 111 (70.270270%) active bins are populated
per-bin minimum non-zero probability:       5.21844e-72
per-bin maximum probability:                0.999999
per-bin probability dynamic range (kT):     164.134
per-segment minimum non-zero probability:   1.30461e-72
per-segment maximum non-zero probability:   0.086875
per-segment probability dynamic range (kT): 163.077
norm = 1, error in norm = 4.44089e-16 (2*epsilon)
MAB binning in use
Bottleneck bin occupancy may not be accurately reported
Waiting for segments to complete...
Iteration completed successfully
Iteration wallclock: 0:47:37.406381, cputime: 13:39:17.971677


Wed Mar 20 23:44:10 2024
Iteration 506 (1000 requested)
Beginning iteration 506
315 segments remain in iteration 506 (315 total)
77 of 111 (69.369369%) active bins are populated
per-bin minimum non-zero probability:       1.30461e-72
per-bin maximum probability:                0.91661
per-bin probability dynamic range (kT):     165.433
per-segment minimum non-zero probability:   3.26153e-73
per-segment maximum non-zero probability:   0.085132
per-segment probability dynamic range (kT): 164.443
norm = 1, error in norm = 4.44089e-16 (2*epsilon)
MAB binning in use
Bottleneck bin occupancy may not be accurately reported
Waiting for segments to complete...
Iteration completed successfully
Iteration wallclock: 0:46:53.364603, cputime: 13:29:46.624642


Thu Mar 21 00:31:03 2024
Iteration 507 (1000 requested)
Beginning iteration 507
308 segments remain in iteration 507 (308 total)
73 of 111 (65.765766%) active bins are populated
per-bin minimum non-zero probability:       3.26153e-73
per-bin maximum probability:                0.979151
per-bin probability dynamic range (kT):     166.885
per-segment minimum non-zero probability:   8.15382e-74
per-segment maximum non-zero probability:   0.0842605
per-segment probability dynamic range (kT): 165.819
norm = 1, error in norm = 4.44089e-16 (2*epsilon)
MAB binning in use
Bottleneck bin occupancy may not be accurately reported
Waiting for segments to complete...
Iteration completed successfully
Iteration wallclock: 0:46:12.660294, cputime: 13:07:34.728380


Thu Mar 21 01:17:16 2024
Iteration 508 (1000 requested)
Beginning iteration 508
320 segments remain in iteration 508 (320 total)
77 of 111 (69.369369%) active bins are populated
per-bin minimum non-zero probability:       8.15382e-74
per-bin maximum probability:                0.994787
per-bin probability dynamic range (kT):     168.288
per-segment minimum non-zero probability:   2.03845e-74
per-segment maximum non-zero probability:   0.0837948
per-segment probability dynamic range (kT): 167.2
norm = 1, error in norm = 4.44089e-16 (2*epsilon)
MAB binning in use
Bottleneck bin occupancy may not be accurately reported
Waiting for segments to complete...
Iteration completed successfully
Iteration wallclock: 0:48:13.695410, cputime: 13:35:08.284473


Thu Mar 21 02:05:30 2024
Iteration 509 (1000 requested)
Beginning iteration 509
311 segments remain in iteration 509 (311 total)
73 of 111 (65.765766%) active bins are populated
per-bin minimum non-zero probability:       2.03845e-74
per-bin maximum probability:                0.919
per-bin probability dynamic range (kT):     169.595
per-segment minimum non-zero probability:   5.09614e-75
per-segment maximum non-zero probability:   0.0837133
per-segment probability dynamic range (kT): 168.585
norm = 1, error in norm = 4.44089e-16 (2*epsilon)
MAB binning in use
Bottleneck bin occupancy may not be accurately reported
Waiting for segments to complete...
Iteration completed successfully
Iteration wallclock: 0:45:56.756904, cputime: 13:11:34.691501


Thu Mar 21 02:51:27 2024
Iteration 510 (1000 requested)
Beginning iteration 510
316 segments remain in iteration 510 (316 total)
77 of 111 (69.369369%) active bins are populated
per-bin minimum non-zero probability:       5.09614e-75
per-bin maximum probability:                0.999999
per-bin probability dynamic range (kT):     171.065
per-segment minimum non-zero probability:   1.27403e-75
per-segment maximum non-zero probability:   0.0836725
per-segment probability dynamic range (kT): 169.971
norm = 1, error in norm = 2.22045e-16 (1*epsilon)
MAB binning in use
Bottleneck bin occupancy may not be accurately reported
Waiting for segments to complete...
Iteration completed successfully
Iteration wallclock: 0:47:00.381182, cputime: 13:32:10.485479


Thu Mar 21 03:38:27 2024
Iteration 511 (1000 requested)
Beginning iteration 511
300 segments remain in iteration 511 (300 total)
72 of 111 (64.864865%) active bins are populated
per-bin minimum non-zero probability:       1.27403e-75
per-bin maximum probability:                0.999999
per-bin probability dynamic range (kT):     172.452
per-segment minimum non-zero probability:   3.18508e-76
per-segment maximum non-zero probability:   0.0836103
per-segment probability dynamic range (kT): 171.356
norm = 1, error in norm = 4.44089e-16 (2*epsilon)
MAB binning in use
Bottleneck bin occupancy may not be accurately reported
Waiting for segments to complete...
Iteration completed successfully
Iteration wallclock: 0:44:33.468809, cputime: 12:43:40.262406


Thu Mar 21 04:23:01 2024
Iteration 512 (1000 requested)
Beginning iteration 512
296 segments remain in iteration 512 (296 total)
72 of 111 (64.864865%) active bins are populated
per-bin minimum non-zero probability:       3.18508e-76
per-bin maximum probability:                0.999999
per-bin probability dynamic range (kT):     173.838
per-segment minimum non-zero probability:   7.96271e-77
per-segment maximum non-zero probability:   0.0835905
per-segment probability dynamic range (kT): 172.742
norm = 1, error in norm = 4.44089e-16 (2*epsilon)
MAB binning in use
Bottleneck bin occupancy may not be accurately reported
Waiting for segments to complete...
Iteration completed successfully
Iteration wallclock: 0:43:42.782849, cputime: 12:40:58.410158


Thu Mar 21 05:06:44 2024
Iteration 513 (1000 requested)
Beginning iteration 513
304 segments remain in iteration 513 (304 total)
74 of 111 (66.666667%) active bins are populated
per-bin minimum non-zero probability:       7.96271e-77
per-bin maximum probability:                0.999999
per-bin probability dynamic range (kT):     175.224
per-segment minimum non-zero probability:   1.99068e-77
per-segment maximum non-zero probability:   0.0835749
per-segment probability dynamic range (kT): 174.129
norm = 1, error in norm = 2.22045e-16 (1*epsilon)
MAB binning in use
Bottleneck bin occupancy may not be accurately reported
Waiting for segments to complete...
Iteration completed successfully
Iteration wallclock: 0:45:38.265483, cputime: 12:58:38.439038


Thu Mar 21 05:52:22 2024
Iteration 514 (1000 requested)
Beginning iteration 514
324 segments remain in iteration 514 (324 total)
80 of 111 (72.072072%) active bins are populated
per-bin minimum non-zero probability:       1.99068e-77
per-bin maximum probability:                0.999999
per-bin probability dynamic range (kT):     176.611
per-segment minimum non-zero probability:   4.9767e-78
per-segment maximum non-zero probability:   0.08357
per-segment probability dynamic range (kT): 175.515
norm = 1, error in norm = 4.44089e-16 (2*epsilon)
MAB binning in use
Bottleneck bin occupancy may not be accurately reported
Waiting for segments to complete...
Iteration completed successfully
Iteration wallclock: 0:47:59.114183, cputime: 13:50:21.223865


Thu Mar 21 06:40:22 2024
Iteration 515 (1000 requested)
Beginning iteration 515
320 segments remain in iteration 515 (320 total)
78 of 111 (70.270270%) active bins are populated
per-bin minimum non-zero probability:       4.9767e-78
per-bin maximum probability:                0.999999
per-bin probability dynamic range (kT):     177.997
per-segment minimum non-zero probability:   1.24417e-78
per-segment maximum non-zero probability:   0.0835661
per-segment probability dynamic range (kT): 176.901
norm = 1, error in norm = 4.44089e-16 (2*epsilon)
MAB binning in use
Bottleneck bin occupancy may not be accurately reported
Waiting for segments to complete...
Iteration completed successfully
Iteration wallclock: 0:46:57.235050, cputime: 13:47:26.872667


Thu Mar 21 07:27:19 2024
Iteration 516 (1000 requested)
Beginning iteration 516
324 segments remain in iteration 516 (324 total)
79 of 111 (71.171171%) active bins are populated
per-bin minimum non-zero probability:       1.24417e-78
per-bin maximum probability:                0.999999
per-bin probability dynamic range (kT):     179.383
per-segment minimum non-zero probability:   3.11043e-79
per-segment maximum non-zero probability:   0.0835649
per-segment probability dynamic range (kT): 178.287
norm = 1, error in norm = 4.44089e-16 (2*epsilon)
MAB binning in use
Bottleneck bin occupancy may not be accurately reported
Waiting for segments to complete...
Iteration completed successfully
Iteration wallclock: 0:47:57.621372, cputime: 14:00:16.046204


Thu Mar 21 08:15:17 2024
Iteration 517 (1000 requested)
Beginning iteration 517
332 segments remain in iteration 517 (332 total)
79 of 111 (71.171171%) active bins are populated
per-bin minimum non-zero probability:       3.11043e-79
per-bin maximum probability:                0.999999
per-bin probability dynamic range (kT):     180.769
per-segment minimum non-zero probability:   7.77609e-80
per-segment maximum non-zero probability:   0.0835639
per-segment probability dynamic range (kT): 179.674
norm = 1, error in norm = 4.44089e-16 (2*epsilon)
MAB binning in use
Bottleneck bin occupancy may not be accurately reported
Waiting for segments to complete...
Iteration completed successfully
Iteration wallclock: 0:50:23.618968, cputime: 14:20:55.177096


Thu Mar 21 09:05:40 2024
Iteration 518 (1000 requested)
Beginning iteration 518
324 segments remain in iteration 518 (324 total)
79 of 111 (71.171171%) active bins are populated
per-bin minimum non-zero probability:       7.77609e-80
per-bin maximum probability:                0.999999
per-bin probability dynamic range (kT):     182.156
per-segment minimum non-zero probability:   1.94402e-80
per-segment maximum non-zero probability:   0.0835636
per-segment probability dynamic range (kT): 181.06
norm = 1, error in norm = 6.66134e-16 (3*epsilon)
MAB binning in use
Bottleneck bin occupancy may not be accurately reported
Waiting for segments to complete...
Iteration completed successfully
Iteration wallclock: 0:49:14.525506, cputime: 13:53:21.606225


Thu Mar 21 09:54:55 2024
Iteration 519 (1000 requested)
Beginning iteration 519
312 segments remain in iteration 519 (312 total)
76 of 111 (68.468468%) active bins are populated
per-bin minimum non-zero probability:       1.94402e-80
per-bin maximum probability:                0.999999
per-bin probability dynamic range (kT):     183.542
per-segment minimum non-zero probability:   4.86005e-81
per-segment maximum non-zero probability:   0.0835633
per-segment probability dynamic range (kT): 182.446
norm = 1, error in norm = 2.22045e-16 (1*epsilon)
MAB binning in use
Bottleneck bin occupancy may not be accurately reported
Waiting for segments to complete...
Iteration completed successfully
Iteration wallclock: 0:46:22.577960, cputime: 13:24:10.916301


Thu Mar 21 10:41:18 2024
Iteration 520 (1000 requested)
Beginning iteration 520
328 segments remain in iteration 520 (328 total)
79 of 111 (71.171171%) active bins are populated
per-bin minimum non-zero probability:       4.86005e-81
per-bin maximum probability:                0.999999
per-bin probability dynamic range (kT):     184.928
per-segment minimum non-zero probability:   1.21501e-81
per-segment maximum non-zero probability:   0.0835633
per-segment probability dynamic range (kT): 183.832
norm = 1, error in norm = 2.22045e-16 (1*epsilon)
MAB binning in use
Bottleneck bin occupancy may not be accurately reported
Waiting for segments to complete...
Iteration completed successfully
Iteration wallclock: 0:48:27.832756, cputime: 14:03:46.689500


Thu Mar 21 11:29:46 2024
Iteration 521 (1000 requested)
Beginning iteration 521
319 segments remain in iteration 521 (319 total)
78 of 111 (70.270270%) active bins are populated
per-bin minimum non-zero probability:       1.21501e-81
per-bin maximum probability:                0.917355
per-bin probability dynamic range (kT):     186.228
per-segment minimum non-zero probability:   3.03753e-82
per-segment maximum non-zero probability:   0.0835632
per-segment probability dynamic range (kT): 185.219
norm = 1, error in norm = 4.44089e-16 (2*epsilon)
MAB binning in use
Bottleneck bin occupancy may not be accurately reported
Waiting for segments to complete...
Iteration completed successfully
Iteration wallclock: 0:47:04.314469, cputime: 13:37:59.165756


Thu Mar 21 12:16:50 2024
Iteration 522 (1000 requested)
Beginning iteration 522
324 segments remain in iteration 522 (324 total)
77 of 111 (69.369369%) active bins are populated
per-bin minimum non-zero probability:       3.03753e-82
per-bin maximum probability:                0.999999
per-bin probability dynamic range (kT):     187.701
per-segment minimum non-zero probability:   7.59383e-83
per-segment maximum non-zero probability:   0.0835632
per-segment probability dynamic range (kT): 186.605
norm = 1, error in norm = 4.44089e-16 (2*epsilon)
MAB binning in use
Bottleneck bin occupancy may not be accurately reported
Waiting for segments to complete...
Iteration completed successfully
Iteration wallclock: 0:49:03.444556, cputime: 13:56:23.394455


Thu Mar 21 13:05:54 2024
Iteration 523 (1000 requested)
Beginning iteration 523
328 segments remain in iteration 523 (328 total)
78 of 111 (70.270270%) active bins are populated
per-bin minimum non-zero probability:       7.59383e-83
per-bin maximum probability:                0.999999
per-bin probability dynamic range (kT):     189.087
per-segment minimum non-zero probability:   1.89846e-83
per-segment maximum non-zero probability:   0.0835631
per-segment probability dynamic range (kT): 187.991
norm = 1, error in norm = 4.44089e-16 (2*epsilon)
MAB binning in use
Bottleneck bin occupancy may not be accurately reported
Waiting for segments to complete...
Iteration completed successfully
Iteration wallclock: 0:49:51.831904, cputime: 14:01:51.808630


Thu Mar 21 13:55:46 2024
Iteration 524 (1000 requested)
Beginning iteration 524
320 segments remain in iteration 524 (320 total)
78 of 111 (70.270270%) active bins are populated
per-bin minimum non-zero probability:       1.89846e-83
per-bin maximum probability:                0.999999
per-bin probability dynamic range (kT):     190.474
per-segment minimum non-zero probability:   4.74615e-84
per-segment maximum non-zero probability:   0.0835376
per-segment probability dynamic range (kT): 189.377
norm = 1, error in norm = 4.44089e-16 (2*epsilon)
MAB binning in use
Bottleneck bin occupancy may not be accurately reported
Waiting for segments to complete...
Iteration completed successfully
Iteration wallclock: 0:47:36.465542, cputime: 13:42:09.904460


Thu Mar 21 14:43:22 2024
Iteration 525 (1000 requested)
Beginning iteration 525
320 segments remain in iteration 525 (320 total)
77 of 111 (69.369369%) active bins are populated
per-bin minimum non-zero probability:       4.74615e-84
per-bin maximum probability:                0.999999
per-bin probability dynamic range (kT):     191.86
per-segment minimum non-zero probability:   1.18654e-84
per-segment maximum non-zero probability:   0.0835142
per-segment probability dynamic range (kT): 190.763
norm = 1, error in norm = 4.44089e-16 (2*epsilon)
MAB binning in use
Bottleneck bin occupancy may not be accurately reported
Waiting for segments to complete...
Iteration completed successfully
Iteration wallclock: 0:47:40.575097, cputime: 13:38:32.366900


Thu Mar 21 15:31:03 2024
Iteration 526 (1000 requested)
Beginning iteration 526
304 segments remain in iteration 526 (304 total)
73 of 111 (65.765766%) active bins are populated
per-bin minimum non-zero probability:       1.18654e-84
per-bin maximum probability:                0.999999
per-bin probability dynamic range (kT):     193.246
per-segment minimum non-zero probability:   2.96634e-85
per-segment maximum non-zero probability:   0.0835041
per-segment probability dynamic range (kT): 192.15
norm = 1, error in norm = 4.44089e-16 (2*epsilon)
MAB binning in use
Bottleneck bin occupancy may not be accurately reported
Waiting for segments to complete...
Iteration completed successfully
Iteration wallclock: 0:44:50.131422, cputime: 12:58:53.469024


Thu Mar 21 16:15:53 2024
Iteration 527 (1000 requested)
Beginning iteration 527
336 segments remain in iteration 527 (336 total)
82 of 111 (73.873874%) active bins are populated
per-bin minimum non-zero probability:       2.96634e-85
per-bin maximum probability:                0.999999
per-bin probability dynamic range (kT):     194.632
per-segment minimum non-zero probability:   7.41585e-86
per-segment maximum non-zero probability:   0.0834998
per-segment probability dynamic range (kT): 193.536
norm = 1, error in norm = 4.44089e-16 (2*epsilon)
MAB binning in use
Bottleneck bin occupancy may not be accurately reported
Waiting for segments to complete...
Iteration completed successfully
Iteration wallclock: 0:50:01.127476, cputime: 14:19:05.313525


Thu Mar 21 17:05:55 2024
Iteration 528 (1000 requested)
Beginning iteration 528
328 segments remain in iteration 528 (328 total)
78 of 111 (70.270270%) active bins are populated
per-bin minimum non-zero probability:       7.41585e-86
per-bin maximum probability:                0.999999
per-bin probability dynamic range (kT):     196.019
per-segment minimum non-zero probability:   1.85396e-86
per-segment maximum non-zero probability:   0.0834973
per-segment probability dynamic range (kT): 194.922
norm = 1, error in norm = 4.44089e-16 (2*epsilon)
MAB binning in use
Bottleneck bin occupancy may not be accurately reported
Waiting for segments to complete...
Iteration completed successfully
Iteration wallclock: 0:48:27.458571, cputime: 14:05:18.941752


Thu Mar 21 17:54:22 2024
Iteration 529 (1000 requested)
Beginning iteration 529
328 segments remain in iteration 529 (328 total)
79 of 111 (71.171171%) active bins are populated
per-bin minimum non-zero probability:       1.85396e-86
per-bin maximum probability:                0.999999
per-bin probability dynamic range (kT):     197.405
per-segment minimum non-zero probability:   4.63491e-87
per-segment maximum non-zero probability:   0.0834962
per-segment probability dynamic range (kT): 196.308
norm = 1, error in norm = 2.22045e-16 (1*epsilon)
MAB binning in use
Bottleneck bin occupancy may not be accurately reported
Waiting for segments to complete...
Iteration completed successfully
Iteration wallclock: 0:48:07.986778, cputime: 14:02:22.305260


Thu Mar 21 18:42:31 2024
Iteration 530 (1000 requested)
Beginning iteration 530
308 segments remain in iteration 530 (308 total)
73 of 111 (65.765766%) active bins are populated
per-bin minimum non-zero probability:       4.63491e-87
per-bin maximum probability:                0.999999
per-bin probability dynamic range (kT):     198.791
per-segment minimum non-zero probability:   1.15873e-87
per-segment maximum non-zero probability:   0.0834956
per-segment probability dynamic range (kT): 197.695
norm = 1, error in norm = 2.22045e-16 (1*epsilon)
MAB binning in use
Bottleneck bin occupancy may not be accurately reported
Waiting for segments to complete...
Iteration completed successfully
Iteration wallclock: 0:45:32.298161, cputime: 13:19:00.039599


Thu Mar 21 19:28:03 2024
Iteration 531 (1000 requested)
Beginning iteration 531
316 segments remain in iteration 531 (316 total)
72 of 111 (64.864865%) active bins are populated
per-bin minimum non-zero probability:       1.15873e-87
per-bin maximum probability:                0.999999
per-bin probability dynamic range (kT):     200.178
per-segment minimum non-zero probability:   2.89682e-88
per-segment maximum non-zero probability:   0.0834953
per-segment probability dynamic range (kT): 199.081
norm = 1, error in norm = 4.44089e-16 (2*epsilon)
MAB binning in use
Bottleneck bin occupancy may not be accurately reported
Waiting for segments to complete...
Iteration completed successfully
Iteration wallclock: 0:46:22.957711, cputime: 13:27:05.538731


Thu Mar 21 20:14:26 2024
Iteration 532 (1000 requested)
Beginning iteration 532
304 segments remain in iteration 532 (304 total)
74 of 111 (66.666667%) active bins are populated
per-bin minimum non-zero probability:       2.89682e-88
per-bin maximum probability:                0.999999
per-bin probability dynamic range (kT):     201.564
per-segment minimum non-zero probability:   7.24204e-89
per-segment maximum non-zero probability:   0.0834952
per-segment probability dynamic range (kT): 200.467
norm = 1, error in norm = 2.22045e-16 (1*epsilon)
MAB binning in use
Bottleneck bin occupancy may not be accurately reported
Waiting for segments to complete...
Iteration completed successfully
Iteration wallclock: 0:44:34.337052, cputime: 12:54:23.479403


Thu Mar 21 20:59:00 2024
Iteration 533 (1000 requested)
Beginning iteration 533
311 segments remain in iteration 533 (311 total)
76 of 111 (68.468468%) active bins are populated
per-bin minimum non-zero probability:       7.24204e-89
per-bin maximum probability:                0.916504
per-bin probability dynamic range (kT):     202.863
per-segment minimum non-zero probability:   1.81051e-89
per-segment maximum non-zero probability:   0.0834951
per-segment probability dynamic range (kT): 201.853
norm = 1, error in norm = 4.44089e-16 (2*epsilon)
MAB binning in use
Bottleneck bin occupancy may not be accurately reported
Waiting for segments to complete...
Iteration completed successfully
Iteration wallclock: 0:46:03.371153, cputime: 13:13:04.682483


Thu Mar 21 21:45:04 2024
Iteration 534 (1000 requested)
Beginning iteration 534
320 segments remain in iteration 534 (320 total)
76 of 111 (68.468468%) active bins are populated
per-bin minimum non-zero probability:       1.81051e-89
per-bin maximum probability:                0.999999
per-bin probability dynamic range (kT):     204.336
per-segment minimum non-zero probability:   4.52628e-90
per-segment maximum non-zero probability:   0.0834951
per-segment probability dynamic range (kT): 203.24
norm = 1, error in norm = 4.44089e-16 (2*epsilon)
MAB binning in use
Bottleneck bin occupancy may not be accurately reported
Waiting for segments to complete...
Iteration completed successfully
Iteration wallclock: 0:47:27.002450, cputime: 13:39:29.448111


Thu Mar 21 22:32:31 2024
Iteration 535 (1000 requested)
Beginning iteration 535
308 segments remain in iteration 535 (308 total)
73 of 111 (65.765766%) active bins are populated
per-bin minimum non-zero probability:       4.52628e-90
per-bin maximum probability:                0.999999
per-bin probability dynamic range (kT):     205.723
per-segment minimum non-zero probability:   1.13157e-90
per-segment maximum non-zero probability:   0.0834951
per-segment probability dynamic range (kT): 204.626
norm = 1, error in norm = 2.22045e-16 (1*epsilon)
MAB binning in use
Bottleneck bin occupancy may not be accurately reported
Waiting for segments to complete...
Iteration completed successfully
Iteration wallclock: 0:45:07.900757, cputime: 13:04:00.605117


Thu Mar 21 23:17:39 2024
Iteration 536 (1000 requested)
Beginning iteration 536
315 segments remain in iteration 536 (315 total)
74 of 111 (66.666667%) active bins are populated
per-bin minimum non-zero probability:       1.13157e-90
per-bin maximum probability:                0.916755
per-bin probability dynamic range (kT):     207.022
per-segment minimum non-zero probability:   2.82892e-91
per-segment maximum non-zero probability:   0.0834546
per-segment probability dynamic range (kT): 206.012
norm = 1, error in norm = 2.22045e-16 (1*epsilon)
MAB binning in use
Bottleneck bin occupancy may not be accurately reported
Waiting for segments to complete...
Iteration completed successfully
Iteration wallclock: 0:46:08.592270, cputime: 13:28:40.963701


Fri Mar 22 00:03:47 2024
Iteration 537 (1000 requested)
Beginning iteration 537
324 segments remain in iteration 537 (324 total)
79 of 111 (71.171171%) active bins are populated
per-bin minimum non-zero probability:       2.82892e-91
per-bin maximum probability:                0.979188
per-bin probability dynamic range (kT):     208.474
per-segment minimum non-zero probability:   7.07231e-92
per-segment maximum non-zero probability:   0.0834343
per-segment probability dynamic range (kT): 207.398
norm = 1, error in norm = 4.44089e-16 (2*epsilon)
MAB binning in use
Bottleneck bin occupancy may not be accurately reported
Waiting for segments to complete...
Iteration completed successfully
Iteration wallclock: 0:47:29.885051, cputime: 13:53:18.290592


Fri Mar 22 00:51:17 2024
Iteration 538 (1000 requested)
Beginning iteration 538
316 segments remain in iteration 538 (316 total)
76 of 111 (68.468468%) active bins are populated
per-bin minimum non-zero probability:       7.07231e-92
per-bin maximum probability:                0.999999
per-bin probability dynamic range (kT):     209.882
per-segment minimum non-zero probability:   1.76808e-92
per-segment maximum non-zero probability:   0.0834343
per-segment probability dynamic range (kT): 208.784
norm = 1, error in norm = 6.66134e-16 (3*epsilon)
MAB binning in use
Bottleneck bin occupancy may not be accurately reported
Waiting for segments to complete...
Iteration completed successfully
Iteration wallclock: 0:45:56.934751, cputime: 13:32:55.092882


Fri Mar 22 01:37:14 2024
Iteration 539 (1000 requested)
Beginning iteration 539
312 segments remain in iteration 539 (312 total)
75 of 111 (67.567568%) active bins are populated
per-bin minimum non-zero probability:       1.76808e-92
per-bin maximum probability:                0.999999
per-bin probability dynamic range (kT):     211.268
per-segment minimum non-zero probability:   4.42019e-93
per-segment maximum non-zero probability:   0.0834343
per-segment probability dynamic range (kT): 210.171
norm = 1, error in norm = 4.44089e-16 (2*epsilon)
MAB binning in use
Bottleneck bin occupancy may not be accurately reported
Waiting for segments to complete...
Iteration completed successfully
Iteration wallclock: 0:45:36.215292, cputime: 13:17:48.039744


Fri Mar 22 02:22:51 2024
Iteration 540 (1000 requested)
Beginning iteration 540
303 segments remain in iteration 540 (303 total)
74 of 111 (66.666667%) active bins are populated
per-bin minimum non-zero probability:       4.42019e-93
per-bin maximum probability:                0.916664
per-bin probability dynamic range (kT):     212.567
per-segment minimum non-zero probability:   1.10505e-93
per-segment maximum non-zero probability:   0.0833846
per-segment probability dynamic range (kT): 211.556
norm = 1, error in norm = 2.22045e-16 (1*epsilon)
MAB binning in use
Bottleneck bin occupancy may not be accurately reported
Waiting for segments to complete...
Iteration completed successfully
Iteration wallclock: 0:44:36.741171, cputime: 12:57:05.297384


Fri Mar 22 03:07:27 2024
Iteration 541 (1000 requested)
Beginning iteration 541
304 segments remain in iteration 541 (304 total)
73 of 111 (65.765766%) active bins are populated
per-bin minimum non-zero probability:       1.10505e-93
per-bin maximum probability:                0.979165
per-bin probability dynamic range (kT):     214.019
per-segment minimum non-zero probability:   2.76262e-94
per-segment maximum non-zero probability:   0.0833598
per-segment probability dynamic range (kT): 212.942
norm = 1, error in norm = 4.44089e-16 (2*epsilon)
MAB binning in use
Bottleneck bin occupancy may not be accurately reported
Waiting for segments to complete...
Iteration completed successfully
Iteration wallclock: 0:45:01.229043, cputime: 12:55:34.851994


Fri Mar 22 03:52:29 2024
Iteration 542 (1000 requested)
Beginning iteration 542
324 segments remain in iteration 542 (324 total)
79 of 111 (71.171171%) active bins are populated
per-bin minimum non-zero probability:       2.76262e-94
per-bin maximum probability:                0.999999
per-bin probability dynamic range (kT):     215.427
per-segment minimum non-zero probability:   6.90655e-95
per-segment maximum non-zero probability:   0.0833598
per-segment probability dynamic range (kT): 214.329
norm = 1, error in norm = 4.44089e-16 (2*epsilon)
MAB binning in use
Bottleneck bin occupancy may not be accurately reported
Waiting for segments to complete...
Iteration completed successfully
Iteration wallclock: 0:47:35.195411, cputime: 13:56:15.093943


Fri Mar 22 04:40:04 2024
Iteration 543 (1000 requested)
Beginning iteration 543
316 segments remain in iteration 543 (316 total)
77 of 111 (69.369369%) active bins are populated
per-bin minimum non-zero probability:       6.90655e-95
per-bin maximum probability:                0.999999
per-bin probability dynamic range (kT):     216.813
per-segment minimum non-zero probability:   1.72664e-95
per-segment maximum non-zero probability:   0.0833598
per-segment probability dynamic range (kT): 215.715
norm = 1, error in norm = 4.44089e-16 (2*epsilon)
MAB binning in use
Bottleneck bin occupancy may not be accurately reported
Waiting for segments to complete...
Iteration completed successfully
Iteration wallclock: 0:46:27.486812, cputime: 13:32:01.770041


Fri Mar 22 05:26:32 2024
Iteration 544 (1000 requested)
Beginning iteration 544
304 segments remain in iteration 544 (304 total)
74 of 111 (66.666667%) active bins are populated
per-bin minimum non-zero probability:       1.72664e-95
per-bin maximum probability:                0.999999
per-bin probability dynamic range (kT):     218.199
per-segment minimum non-zero probability:   4.31659e-96
per-segment maximum non-zero probability:   0.0833598
per-segment probability dynamic range (kT): 217.101
norm = 1, error in norm = 4.44089e-16 (2*epsilon)
MAB binning in use
Bottleneck bin occupancy may not be accurately reported
Waiting for segments to complete...
Iteration completed successfully
Iteration wallclock: 0:44:29.476772, cputime: 13:02:37.533055


Fri Mar 22 06:11:01 2024
Iteration 545 (1000 requested)
Beginning iteration 545
308 segments remain in iteration 545 (308 total)
74 of 111 (66.666667%) active bins are populated
per-bin minimum non-zero probability:       4.31659e-96
per-bin maximum probability:                0.999999
per-bin probability dynamic range (kT):     219.586
per-segment minimum non-zero probability:   1.07915e-96
per-segment maximum non-zero probability:   0.0833598
per-segment probability dynamic range (kT): 218.487
norm = 1, error in norm = 4.44089e-16 (2*epsilon)
MAB binning in use
Bottleneck bin occupancy may not be accurately reported
Waiting for segments to complete...
Iteration completed successfully
Iteration wallclock: 0:45:06.766485, cputime: 13:18:16.656063


Fri Mar 22 06:56:08 2024
Iteration 546 (1000 requested)
Beginning iteration 546
308 segments remain in iteration 546 (308 total)
74 of 111 (66.666667%) active bins are populated
per-bin minimum non-zero probability:       1.07915e-96
per-bin maximum probability:                0.999999
per-bin probability dynamic range (kT):     220.972
per-segment minimum non-zero probability:   2.69787e-97
per-segment maximum non-zero probability:   0.0833598
per-segment probability dynamic range (kT): 219.874
norm = 1, error in norm = 4.44089e-16 (2*epsilon)
MAB binning in use
Bottleneck bin occupancy may not be accurately reported
Waiting for segments to complete...
Iteration completed successfully
Iteration wallclock: 0:45:17.343436, cputime: 13:11:21.131085


Fri Mar 22 07:41:26 2024
Iteration 547 (1000 requested)
Beginning iteration 547
328 segments remain in iteration 547 (328 total)
80 of 111 (72.072072%) active bins are populated
per-bin minimum non-zero probability:       2.69787e-97
per-bin maximum probability:                0.999999
per-bin probability dynamic range (kT):     222.358
per-segment minimum non-zero probability:   6.74468e-98
per-segment maximum non-zero probability:   0.0833598
per-segment probability dynamic range (kT): 221.26
norm = 1, error in norm = 4.44089e-16 (2*epsilon)
MAB binning in use
Bottleneck bin occupancy may not be accurately reported
Waiting for segments to complete...
Iteration completed successfully
Iteration wallclock: 0:48:20.502418, cputime: 14:03:56.078571


Fri Mar 22 08:29:46 2024
Iteration 548 (1000 requested)
Beginning iteration 548
320 segments remain in iteration 548 (320 total)
76 of 111 (68.468468%) active bins are populated
per-bin minimum non-zero probability:       6.74468e-98
per-bin maximum probability:                0.999999
per-bin probability dynamic range (kT):     223.745
per-segment minimum non-zero probability:   1.68617e-98
per-segment maximum non-zero probability:   0.0833598
per-segment probability dynamic range (kT): 222.646
norm = 1, error in norm = 2.22045e-16 (1*epsilon)
MAB binning in use
Bottleneck bin occupancy may not be accurately reported
Waiting for segments to complete...
Iteration completed successfully
Iteration wallclock: 0:47:04.507808, cputime: 13:38:34.872226


Fri Mar 22 09:16:51 2024
Iteration 549 (1000 requested)
Beginning iteration 549
316 segments remain in iteration 549 (316 total)
74 of 111 (66.666667%) active bins are populated
per-bin minimum non-zero probability:       1.68617e-98
per-bin maximum probability:                0.999999
per-bin probability dynamic range (kT):     225.131
per-segment minimum non-zero probability:   4.21542e-99
per-segment maximum non-zero probability:   0.0833598
per-segment probability dynamic range (kT): 224.033
norm = 1, error in norm = 4.44089e-16 (2*epsilon)
MAB binning in use
Bottleneck bin occupancy may not be accurately reported
Waiting for segments to complete...
Iteration completed successfully
Iteration wallclock: 0:47:43.350003, cputime: 13:28:59.042567


Fri Mar 22 10:04:35 2024
Iteration 550 (1000 requested)
Beginning iteration 550
328 segments remain in iteration 550 (328 total)
80 of 111 (72.072072%) active bins are populated
per-bin minimum non-zero probability:       4.21542e-99
per-bin maximum probability:                0.999999
per-bin probability dynamic range (kT):     226.517
per-segment minimum non-zero probability:   1.05386e-99
per-segment maximum non-zero probability:   0.0833598
per-segment probability dynamic range (kT): 225.419
norm = 1, error in norm = 4.44089e-16 (2*epsilon)
MAB binning in use
Bottleneck bin occupancy may not be accurately reported
Waiting for segments to complete...
Iteration completed successfully
Iteration wallclock: 0:49:43.627308, cputime: 14:01:56.594820


Fri Mar 22 10:54:18 2024
Iteration 551 (1000 requested)
Beginning iteration 551
312 segments remain in iteration 551 (312 total)
75 of 111 (67.567568%) active bins are populated
per-bin minimum non-zero probability:       1.05386e-99
per-bin maximum probability:                0.999999
per-bin probability dynamic range (kT):     227.903
per-segment minimum non-zero probability:   2.63464e-100
per-segment maximum non-zero probability:   0.0833598
per-segment probability dynamic range (kT): 226.805
norm = 1, error in norm = 4.44089e-16 (2*epsilon)
MAB binning in use
Bottleneck bin occupancy may not be accurately reported
Waiting for segments to complete...
Iteration completed successfully
Iteration wallclock: 0:46:19.680086, cputime: 13:23:01.569455

Iteration 552 would require more than the allotted time. Ending run.
