MPI startup(): PMI server not found. Please set I_MPI_PMI_LIBRARY variable if it is not a singleton case.
-- INFO     [westpa.rc] -- loading system driver 'westpa.core.systems.WESTSystem'
-- INFO     [westpa.rc] -- Loading system options from configuration file
Updating system with the options from the configuration file
-- INFO     [westpa.rc] -- Overwriting system option: pcoord_ndim
-- INFO     [westpa.rc] -- Overwriting system option: pcoord_len
-- INFO     [westpa.rc] -- Overwriting system option: pcoord_dtype
-- INFO     [westpa.rc] -- Overwriting system option: bin_mapper
-- INFO     [westpa.rc] -- Overwriting system option: bin_target_counts
-- INFO     [westpa.core.we_driver] -- Adjust counts to exactly match target_counts: True
-- INFO     [westpa.core.we_driver] -- Obey abolute weight thresholds: True
-- INFO     [westpa.core.we_driver] -- Split threshold: 2.0
-- INFO     [westpa.core.we_driver] -- Merge cutoff: 1.0
-- INFO     [westpa.core.we_driver] -- Largest allowed weight: 0.1
-- INFO     [westpa.core.we_driver] -- Smallest allowed_weight: 1e-129
Maximum wallclock time: 2 days, 0:00:00

Wed Mar  6 13:31:21 2024
Iteration 409 (1000 requested)
Continuing iteration 409
111 segments remain in iteration 409 (303 total)
70 of 111 (63.063063%) active bins are populated
per-bin minimum non-zero probability:       4.70435e-45
per-bin maximum probability:                0.916671
per-bin probability dynamic range (kT):     101.981
per-segment minimum non-zero probability:   1.17609e-45
per-segment maximum non-zero probability:   0.0833565
per-segment probability dynamic range (kT): 100.97
norm = 1, error in norm = 6.66134e-16 (3*epsilon)
MAB binning in use
Bottleneck bin occupancy may not be accurately reported
Waiting for segments to complete...
Iteration completed successfully
Iteration wallclock: 0:52:39.772260, cputime: 12:57:15.906714


Wed Mar  6 14:24:01 2024
Iteration 410 (1000 requested)
Beginning iteration 410
306 segments remain in iteration 410 (306 total)
78 of 111 (70.270270%) active bins are populated
per-bin minimum non-zero probability:       1.17609e-45
per-bin maximum probability:                0.833286
per-bin probability dynamic range (kT):     103.272
per-segment minimum non-zero probability:   2.94022e-46
per-segment maximum non-zero probability:   0.0833445
per-segment probability dynamic range (kT): 102.356
norm = 1, error in norm = 8.88178e-16 (4*epsilon)
MAB binning in use
Bottleneck bin occupancy may not be accurately reported
Waiting for segments to complete...
Iteration completed successfully
Iteration wallclock: 2:20:14.994802, cputime: 13:07:30.596357


Wed Mar  6 16:44:16 2024
Iteration 411 (1000 requested)
Beginning iteration 411
315 segments remain in iteration 411 (315 total)
76 of 111 (68.468468%) active bins are populated
per-bin minimum non-zero probability:       2.94022e-46
per-bin maximum probability:                0.874996
per-bin probability dynamic range (kT):     104.707
per-segment minimum non-zero probability:   7.35055e-47
per-segment maximum non-zero probability:   0.0833445
per-segment probability dynamic range (kT): 103.742
norm = 1, error in norm = 6.66134e-16 (3*epsilon)
MAB binning in use
Bottleneck bin occupancy may not be accurately reported
Waiting for segments to complete...
Iteration completed successfully
Iteration wallclock: 2:21:26.340113, cputime: 13:25:33.688912


Wed Mar  6 19:05:42 2024
Iteration 412 (1000 requested)
Beginning iteration 412
308 segments remain in iteration 412 (308 total)
77 of 111 (69.369369%) active bins are populated
per-bin minimum non-zero probability:       7.35055e-47
per-bin maximum probability:                0.994789
per-bin probability dynamic range (kT):     106.221
per-segment minimum non-zero probability:   1.83764e-47
per-segment maximum non-zero probability:   0.0946227
per-segment probability dynamic range (kT): 105.255
norm = 1, error in norm = 8.88178e-16 (4*epsilon)
MAB binning in use
Bottleneck bin occupancy may not be accurately reported
Waiting for segments to complete...
Iteration completed successfully
Iteration wallclock: 2:14:50.236648, cputime: 13:14:23.199068


Wed Mar  6 21:20:33 2024
Iteration 413 (1000 requested)
Beginning iteration 413
324 segments remain in iteration 413 (324 total)
78 of 111 (70.270270%) active bins are populated
per-bin minimum non-zero probability:       1.83764e-47
per-bin maximum probability:                0.999999
per-bin probability dynamic range (kT):     107.613
per-segment minimum non-zero probability:   4.59409e-48
per-segment maximum non-zero probability:   0.0908589
per-segment probability dynamic range (kT): 106.601
norm = 1, error in norm = 8.88178e-16 (4*epsilon)
MAB binning in use
Bottleneck bin occupancy may not be accurately reported
Waiting for segments to complete...
Iteration completed successfully
Iteration wallclock: 2:22:06.613877, cputime: 14:02:54.520059


Wed Mar  6 23:42:39 2024
Iteration 414 (1000 requested)
Beginning iteration 414
300 segments remain in iteration 414 (300 total)
72 of 111 (64.864865%) active bins are populated
per-bin minimum non-zero probability:       4.59409e-48
per-bin maximum probability:                0.999999
per-bin probability dynamic range (kT):     108.999
per-segment minimum non-zero probability:   1.14852e-48
per-segment maximum non-zero probability:   0.0908589
per-segment probability dynamic range (kT): 107.987
norm = 1, error in norm = 6.66134e-16 (3*epsilon)
MAB binning in use
Bottleneck bin occupancy may not be accurately reported
Waiting for segments to complete...
Iteration completed successfully
Iteration wallclock: 2:12:17.614288, cputime: 12:55:25.342519


Thu Mar  7 01:54:57 2024
Iteration 415 (1000 requested)
Beginning iteration 415
328 segments remain in iteration 415 (328 total)
80 of 111 (72.072072%) active bins are populated
per-bin minimum non-zero probability:       2.29705e-48
per-bin maximum probability:                0.999999
per-bin probability dynamic range (kT):     109.692
per-segment minimum non-zero probability:   5.74262e-49
per-segment maximum non-zero probability:   0.0908589
per-segment probability dynamic range (kT): 108.68
norm = 1, error in norm = 8.88178e-16 (4*epsilon)
MAB binning in use
Bottleneck bin occupancy may not be accurately reported
Waiting for segments to complete...
Iteration completed successfully
Iteration wallclock: 2:24:02.642813, cputime: 14:10:28.318183


Thu Mar  7 04:19:00 2024
Iteration 416 (1000 requested)
Beginning iteration 416
340 segments remain in iteration 416 (340 total)
84 of 111 (75.675676%) active bins are populated
per-bin minimum non-zero probability:       5.74262e-48
per-bin maximum probability:                0.999999
per-bin probability dynamic range (kT):     108.776
per-segment minimum non-zero probability:   1.43565e-48
per-segment maximum non-zero probability:   0.0908589
per-segment probability dynamic range (kT): 107.764
norm = 1, error in norm = 8.88178e-16 (4*epsilon)
MAB binning in use
Bottleneck bin occupancy may not be accurately reported
Waiting for segments to complete...
Iteration completed successfully
Iteration wallclock: 2:29:32.298493, cputime: 14:44:25.045979


Thu Mar  7 06:48:32 2024
Iteration 417 (1000 requested)
Beginning iteration 417
319 segments remain in iteration 417 (319 total)
74 of 111 (66.666667%) active bins are populated
per-bin minimum non-zero probability:       5.74262e-48
per-bin maximum probability:                0.916669
per-bin probability dynamic range (kT):     108.689
per-segment minimum non-zero probability:   1.43565e-48
per-segment maximum non-zero probability:   0.0908589
per-segment probability dynamic range (kT): 107.764
norm = 1, error in norm = 8.88178e-16 (4*epsilon)
MAB binning in use
Bottleneck bin occupancy may not be accurately reported
Waiting for segments to complete...
Iteration completed successfully
Iteration wallclock: 2:20:31.468321, cputime: 13:50:10.984696


Thu Mar  7 09:09:04 2024
Iteration 418 (1000 requested)
Beginning iteration 418
336 segments remain in iteration 418 (336 total)
77 of 111 (69.369369%) active bins are populated
per-bin minimum non-zero probability:       1.43565e-48
per-bin maximum probability:                0.999999
per-bin probability dynamic range (kT):     110.162
per-segment minimum non-zero probability:   3.58914e-49
per-segment maximum non-zero probability:   0.0908589
per-segment probability dynamic range (kT): 109.15
norm = 1, error in norm = 4.44089e-16 (2*epsilon)
MAB binning in use
Bottleneck bin occupancy may not be accurately reported
Waiting for segments to complete...
Iteration completed successfully
Iteration wallclock: 2:26:26.410109, cputime: 14:30:40.454546


Thu Mar  7 11:35:31 2024
Iteration 419 (1000 requested)
Beginning iteration 419
331 segments remain in iteration 419 (331 total)
80 of 111 (72.072072%) active bins are populated
per-bin minimum non-zero probability:       3.58914e-49
per-bin maximum probability:                0.92168
per-bin probability dynamic range (kT):     111.467
per-segment minimum non-zero probability:   8.97284e-50
per-segment maximum non-zero probability:   0.0880357
per-segment probability dynamic range (kT): 110.505
norm = 1, error in norm = 6.66134e-16 (3*epsilon)
MAB binning in use
Bottleneck bin occupancy may not be accurately reported
Waiting for segments to complete...
Iteration completed successfully
Iteration wallclock: 2:24:15.765622, cputime: 14:12:42.805770


Thu Mar  7 13:59:46 2024
Iteration 420 (1000 requested)
Beginning iteration 420
311 segments remain in iteration 420 (311 total)
71 of 111 (63.963964%) active bins are populated
per-bin minimum non-zero probability:       8.97284e-50
per-bin maximum probability:                0.911963
per-bin probability dynamic range (kT):     112.843
per-segment minimum non-zero probability:   2.24321e-50
per-segment maximum non-zero probability:   0.0852126
per-segment probability dynamic range (kT): 111.859
norm = 1, error in norm = 6.66134e-16 (3*epsilon)
MAB binning in use
Bottleneck bin occupancy may not be accurately reported
Waiting for segments to complete...
Iteration completed successfully
Iteration wallclock: 2:15:40.825487, cputime: 13:26:23.387281


Thu Mar  7 16:15:27 2024
Iteration 421 (1000 requested)
Beginning iteration 421
311 segments remain in iteration 421 (311 total)
75 of 111 (67.567568%) active bins are populated
per-bin minimum non-zero probability:       2.24321e-50
per-bin maximum probability:                0.9175
per-bin probability dynamic range (kT):     114.235
per-segment minimum non-zero probability:   5.60802e-51
per-segment maximum non-zero probability:   0.0850508
per-segment probability dynamic range (kT): 113.243
norm = 1, error in norm = 6.66134e-16 (3*epsilon)
MAB binning in use
Bottleneck bin occupancy may not be accurately reported
Waiting for segments to complete...
Iteration completed successfully
Iteration wallclock: 2:15:01.630247, cputime: 13:21:58.183487


Thu Mar  7 18:30:29 2024
Iteration 422 (1000 requested)
Beginning iteration 422
319 segments remain in iteration 422 (319 total)
77 of 111 (69.369369%) active bins are populated
per-bin minimum non-zero probability:       1.91504e-50
per-bin maximum probability:                0.917478
per-bin probability dynamic range (kT):     114.393
per-segment minimum non-zero probability:   4.78759e-51
per-segment maximum non-zero probability:   0.0845182
per-segment probability dynamic range (kT): 113.395
norm = 1, error in norm = 8.88178e-16 (4*epsilon)
MAB binning in use
Bottleneck bin occupancy may not be accurately reported
Waiting for segments to complete...
Iteration completed successfully
Iteration wallclock: 2:19:22.494150, cputime: 13:40:28.992854


Thu Mar  7 20:49:52 2024
Iteration 423 (1000 requested)
Beginning iteration 423
307 segments remain in iteration 423 (307 total)
77 of 111 (69.369369%) active bins are populated
per-bin minimum non-zero probability:       1.19638e-50
per-bin maximum probability:                0.916448
per-bin probability dynamic range (kT):     114.863
per-segment minimum non-zero probability:   2.99095e-51
per-segment maximum non-zero probability:   0.0840342
per-segment probability dynamic range (kT): 113.86
norm = 1, error in norm = 8.88178e-16 (4*epsilon)
MAB binning in use
Bottleneck bin occupancy may not be accurately reported
Waiting for segments to complete...
Iteration completed successfully
Iteration wallclock: 2:15:42.016506, cputime: 13:20:58.826376


Thu Mar  7 23:05:34 2024
Iteration 424 (1000 requested)
Beginning iteration 424
320 segments remain in iteration 424 (320 total)
72 of 111 (64.864865%) active bins are populated
per-bin minimum non-zero probability:       2.99095e-51
per-bin maximum probability:                0.979111
per-bin probability dynamic range (kT):     116.315
per-segment minimum non-zero probability:   7.47737e-52
per-segment maximum non-zero probability:   0.0836955
per-segment probability dynamic range (kT): 115.242
norm = 1, error in norm = 8.88178e-16 (4*epsilon)
MAB binning in use
Bottleneck bin occupancy may not be accurately reported
Waiting for segments to complete...
Iteration completed successfully
Iteration wallclock: 2:27:03.241487, cputime: 13:50:08.695447


Fri Mar  8 01:32:38 2024
Iteration 425 (1000 requested)
Beginning iteration 425
308 segments remain in iteration 425 (308 total)
73 of 111 (65.765766%) active bins are populated
per-bin minimum non-zero probability:       1.49547e-51
per-bin maximum probability:                0.750543
per-bin probability dynamic range (kT):     116.742
per-segment minimum non-zero probability:   3.73868e-52
per-segment maximum non-zero probability:   0.083568
per-segment probability dynamic range (kT): 115.934
norm = 1, error in norm = 8.88178e-16 (4*epsilon)
MAB binning in use
Bottleneck bin occupancy may not be accurately reported
Waiting for segments to complete...
Iteration completed successfully
Iteration wallclock: 2:18:33.668972, cputime: 13:16:09.071146


Fri Mar  8 03:51:11 2024
Iteration 426 (1000 requested)
Beginning iteration 426
336 segments remain in iteration 426 (336 total)
80 of 111 (72.072072%) active bins are populated
per-bin minimum non-zero probability:       3.73868e-52
per-bin maximum probability:                0.999999
per-bin probability dynamic range (kT):     118.416
per-segment minimum non-zero probability:   9.34671e-53
per-segment maximum non-zero probability:   0.083568
per-segment probability dynamic range (kT): 117.32
norm = 1, error in norm = 8.88178e-16 (4*epsilon)
MAB binning in use
Bottleneck bin occupancy may not be accurately reported
Waiting for segments to complete...
Iteration completed successfully
Iteration wallclock: 2:30:05.350296, cputime: 14:34:53.419458


Fri Mar  8 06:21:17 2024
Iteration 427 (1000 requested)
Beginning iteration 427
334 segments remain in iteration 427 (334 total)
77 of 111 (69.369369%) active bins are populated
per-bin minimum non-zero probability:       9.34671e-53
per-bin maximum probability:                0.916689
per-bin probability dynamic range (kT):     119.715
per-segment minimum non-zero probability:   2.33668e-53
per-segment maximum non-zero probability:   0.083568
per-segment probability dynamic range (kT): 118.706
norm = 1, error in norm = 6.66134e-16 (3*epsilon)
MAB binning in use
Bottleneck bin occupancy may not be accurately reported
Waiting for segments to complete...
Iteration completed successfully
Iteration wallclock: 2:29:43.567971, cputime: 14:24:20.872871


Fri Mar  8 08:51:01 2024
Iteration 428 (1000 requested)
Beginning iteration 428
299 segments remain in iteration 428 (299 total)
70 of 111 (63.063063%) active bins are populated
per-bin minimum non-zero probability:       2.33668e-53
per-bin maximum probability:                0.916771
per-bin probability dynamic range (kT):     121.101
per-segment minimum non-zero probability:   5.84169e-54
per-segment maximum non-zero probability:   0.0835035
per-segment probability dynamic range (kT): 120.092
norm = 1, error in norm = 8.88178e-16 (4*epsilon)
MAB binning in use
Bottleneck bin occupancy may not be accurately reported
Waiting for segments to complete...
Iteration completed successfully
Iteration wallclock: 2:11:50.226422, cputime: 12:47:40.994702


Fri Mar  8 11:02:51 2024
Iteration 429 (1000 requested)
Beginning iteration 429
300 segments remain in iteration 429 (300 total)
72 of 111 (64.864865%) active bins are populated
per-bin minimum non-zero probability:       5.84169e-54
per-bin maximum probability:                0.999999
per-bin probability dynamic range (kT):     122.575
per-segment minimum non-zero probability:   1.46042e-54
per-segment maximum non-zero probability:   0.0835035
per-segment probability dynamic range (kT): 121.478
norm = 1, error in norm = 6.66134e-16 (3*epsilon)
MAB binning in use
Bottleneck bin occupancy may not be accurately reported
Waiting for segments to complete...
Iteration completed successfully
Iteration wallclock: 2:11:49.602711, cputime: 12:56:01.331827

Iteration 430 would require more than the allotted time. Ending run.
-- INFO     [westpa.work_managers.zeromq.core.ZMQWorkManager.fd59b6b5-1215-4ca0-b778-e9deb0b7be10] -- shutting down
