MPI startup(): PMI server not found. Please set I_MPI_PMI_LIBRARY variable if it is not a singleton case.
Updating system with the options from the configuration file
Maximum wallclock time: 2 days, 0:00:00

Thu Mar 14 00:16:47 2024
Iteration 430 (1000 requested)
Beginning iteration 430
315 segments remain in iteration 430 (315 total)
76 of 111 (68.468468%) active bins are populated
per-bin minimum non-zero probability:       1.46042e-54
per-bin maximum probability:                0.916495
per-bin probability dynamic range (kT):     123.874
per-segment minimum non-zero probability:   3.65106e-55
per-segment maximum non-zero probability:   0.0833569
per-segment probability dynamic range (kT): 122.863
norm = 1, error in norm = 8.88178e-16 (4*epsilon)
MAB binning in use
Bottleneck bin occupancy may not be accurately reported
Waiting for segments to complete...
Iteration completed successfully
Iteration wallclock: 0:46:58.794914, cputime: 13:14:39.023196


Thu Mar 14 01:03:46 2024
Iteration 431 (1000 requested)
Beginning iteration 431
308 segments remain in iteration 431 (308 total)
75 of 111 (67.567568%) active bins are populated
per-bin minimum non-zero probability:       3.65106e-55
per-bin maximum probability:                0.979123
per-bin probability dynamic range (kT):     125.326
per-segment minimum non-zero probability:   9.12764e-56
per-segment maximum non-zero probability:   0.0833569
per-segment probability dynamic range (kT): 124.249
norm = 1, error in norm = 8.88178e-16 (4*epsilon)
MAB binning in use
Bottleneck bin occupancy may not be accurately reported
Waiting for segments to complete...
Iteration completed successfully
Iteration wallclock: 0:46:43.853152, cputime: 13:05:53.078228


Thu Mar 14 01:50:30 2024
Iteration 432 (1000 requested)
Beginning iteration 432
311 segments remain in iteration 432 (311 total)
75 of 111 (67.567568%) active bins are populated
per-bin minimum non-zero probability:       1.82553e-55
per-bin maximum probability:                0.916663
per-bin probability dynamic range (kT):     125.953
per-segment minimum non-zero probability:   4.56382e-56
per-segment maximum non-zero probability:   0.0868272
per-segment probability dynamic range (kT): 124.983
norm = 1, error in norm = 8.88178e-16 (4*epsilon)
MAB binning in use
Bottleneck bin occupancy may not be accurately reported
Waiting for segments to complete...
Iteration completed successfully
Iteration wallclock: 0:46:29.214459, cputime: 13:13:09.287675


Thu Mar 14 02:36:59 2024
Iteration 433 (1000 requested)
Beginning iteration 433
295 segments remain in iteration 433 (295 total)
72 of 111 (64.864865%) active bins are populated
per-bin minimum non-zero probability:       9.12764e-56
per-bin maximum probability:                0.918984
per-bin probability dynamic range (kT):     126.649
per-segment minimum non-zero probability:   2.28191e-56
per-segment maximum non-zero probability:   0.0850868
per-segment probability dynamic range (kT): 125.656
norm = 1, error in norm = 6.66134e-16 (3*epsilon)
MAB binning in use
Bottleneck bin occupancy may not be accurately reported
Waiting for segments to complete...
Iteration completed successfully
Iteration wallclock: 0:43:43.186438, cputime: 12:33:20.058772


Thu Mar 14 03:20:43 2024
Iteration 434 (1000 requested)
Beginning iteration 434
312 segments remain in iteration 434 (312 total)
76 of 111 (68.468468%) active bins are populated
per-bin minimum non-zero probability:       2.28191e-56
per-bin maximum probability:                0.999999
per-bin probability dynamic range (kT):     128.12
per-segment minimum non-zero probability:   5.70478e-57
per-segment maximum non-zero probability:   0.0850868
per-segment probability dynamic range (kT): 127.042
norm = 1, error in norm = 6.66134e-16 (3*epsilon)
MAB binning in use
Bottleneck bin occupancy may not be accurately reported
Waiting for segments to complete...
Iteration completed successfully
Iteration wallclock: 0:46:46.394421, cputime: 13:19:22.216981


Thu Mar 14 04:07:29 2024
Iteration 435 (1000 requested)
Beginning iteration 435
319 segments remain in iteration 435 (319 total)
78 of 111 (70.270270%) active bins are populated
per-bin minimum non-zero probability:       1.14096e-56
per-bin maximum probability:                0.917829
per-bin probability dynamic range (kT):     128.727
per-segment minimum non-zero probability:   2.85239e-57
per-segment maximum non-zero probability:   0.0843549
per-segment probability dynamic range (kT): 127.726
norm = 1, error in norm = 6.66134e-16 (3*epsilon)
MAB binning in use
Bottleneck bin occupancy may not be accurately reported
Waiting for segments to complete...
Iteration completed successfully
Iteration wallclock: 0:47:13.424073, cputime: 13:31:23.805042


Thu Mar 14 04:54:43 2024
Iteration 436 (1000 requested)
Beginning iteration 436
308 segments remain in iteration 436 (308 total)
74 of 111 (66.666667%) active bins are populated
per-bin minimum non-zero probability:       2.85239e-57
per-bin maximum probability:                0.999999
per-bin probability dynamic range (kT):     130.199
per-segment minimum non-zero probability:   7.13097e-58
per-segment maximum non-zero probability:   0.0841109
per-segment probability dynamic range (kT): 129.11
norm = 1, error in norm = 6.66134e-16 (3*epsilon)
MAB binning in use
Bottleneck bin occupancy may not be accurately reported
Waiting for segments to complete...
Iteration completed successfully
Iteration wallclock: 0:45:00.380694, cputime: 13:04:12.258016


Thu Mar 14 05:39:43 2024
Iteration 437 (1000 requested)
Beginning iteration 437
312 segments remain in iteration 437 (312 total)
74 of 111 (66.666667%) active bins are populated
per-bin minimum non-zero probability:       7.13097e-58
per-bin maximum probability:                0.999999
per-bin probability dynamic range (kT):     131.585
per-segment minimum non-zero probability:   1.78274e-58
per-segment maximum non-zero probability:   0.0841109
per-segment probability dynamic range (kT): 130.496
norm = 1, error in norm = 6.66134e-16 (3*epsilon)
MAB binning in use
Bottleneck bin occupancy may not be accurately reported
Waiting for segments to complete...
Iteration completed successfully
Iteration wallclock: 0:45:12.748353, cputime: 13:14:09.227998


Thu Mar 14 06:24:56 2024
Iteration 438 (1000 requested)
Beginning iteration 438
316 segments remain in iteration 438 (316 total)
76 of 111 (68.468468%) active bins are populated
per-bin minimum non-zero probability:       1.78274e-58
per-bin maximum probability:                0.999999
per-bin probability dynamic range (kT):     132.972
per-segment minimum non-zero probability:   4.45686e-59
per-segment maximum non-zero probability:   0.0841109
per-segment probability dynamic range (kT): 131.882
norm = 1, error in norm = 8.88178e-16 (4*epsilon)
MAB binning in use
Bottleneck bin occupancy may not be accurately reported
Waiting for segments to complete...
Iteration completed successfully
Iteration wallclock: 0:45:44.642199, cputime: 13:25:34.480521


Thu Mar 14 07:10:41 2024
Iteration 439 (1000 requested)
Beginning iteration 439
311 segments remain in iteration 439 (311 total)
77 of 111 (69.369369%) active bins are populated
per-bin minimum non-zero probability:       4.45686e-59
per-bin maximum probability:                0.916877
per-bin probability dynamic range (kT):     134.271
per-segment minimum non-zero probability:   1.11421e-59
per-segment maximum non-zero probability:   0.0841109
per-segment probability dynamic range (kT): 133.269
norm = 1, error in norm = 6.66134e-16 (3*epsilon)
MAB binning in use
Bottleneck bin occupancy may not be accurately reported
Waiting for segments to complete...
Iteration completed successfully
Iteration wallclock: 0:45:09.634760, cputime: 13:09:52.713216


Thu Mar 14 07:55:50 2024
Iteration 440 (1000 requested)
Beginning iteration 440
308 segments remain in iteration 440 (308 total)
73 of 111 (65.765766%) active bins are populated
per-bin minimum non-zero probability:       1.11421e-59
per-bin maximum probability:                0.979218
per-bin probability dynamic range (kT):     135.723
per-segment minimum non-zero probability:   2.78554e-60
per-segment maximum non-zero probability:   0.0837066
per-segment probability dynamic range (kT): 134.65
norm = 1, error in norm = 6.66134e-16 (3*epsilon)
MAB binning in use
Bottleneck bin occupancy may not be accurately reported
Waiting for segments to complete...
Iteration completed successfully
Iteration wallclock: 0:45:06.562171, cputime: 13:09:14.247442


Thu Mar 14 08:40:57 2024
Iteration 441 (1000 requested)
Beginning iteration 441
302 segments remain in iteration 441 (302 total)
73 of 111 (65.765766%) active bins are populated
per-bin minimum non-zero probability:       4.08545e-59
per-bin maximum probability:                0.832864
per-bin probability dynamic range (kT):     134.262
per-segment minimum non-zero probability:   1.02136e-59
per-segment maximum non-zero probability:   0.0865614
per-segment probability dynamic range (kT): 133.384
norm = 1, error in norm = 6.66134e-16 (3*epsilon)
MAB binning in use
Bottleneck bin occupancy may not be accurately reported
Waiting for segments to complete...
Iteration completed successfully
Iteration wallclock: 0:43:55.151577, cputime: 12:49:19.097800


Thu Mar 14 09:24:52 2024
Iteration 442 (1000 requested)
Beginning iteration 442
315 segments remain in iteration 442 (315 total)
77 of 111 (69.369369%) active bins are populated
per-bin minimum non-zero probability:       8.91371e-59
per-bin maximum probability:                0.913437
per-bin probability dynamic range (kT):     133.574
per-segment minimum non-zero probability:   2.22843e-59
per-segment maximum non-zero probability:   0.0835671
per-segment probability dynamic range (kT): 132.569
norm = 1, error in norm = 6.66134e-16 (3*epsilon)
MAB binning in use
Bottleneck bin occupancy may not be accurately reported
Waiting for segments to complete...
Iteration completed successfully
Iteration wallclock: 0:46:10.701270, cputime: 13:18:13.593104


Thu Mar 14 10:11:03 2024
Iteration 443 (1000 requested)
Beginning iteration 443
324 segments remain in iteration 443 (324 total)
79 of 111 (71.171171%) active bins are populated
per-bin minimum non-zero probability:       4.45686e-59
per-bin maximum probability:                0.999999
per-bin probability dynamic range (kT):     134.358
per-segment minimum non-zero probability:   1.11421e-59
per-segment maximum non-zero probability:   0.0844861
per-segment probability dynamic range (kT): 133.273
norm = 1, error in norm = 6.66134e-16 (3*epsilon)
MAB binning in use
Bottleneck bin occupancy may not be accurately reported
Waiting for segments to complete...
Iteration completed successfully
Iteration wallclock: 0:54:59.582630, cputime: 13:39:20.098527


Thu Mar 14 11:06:03 2024
Iteration 444 (1000 requested)
Beginning iteration 444
327 segments remain in iteration 444 (327 total)
80 of 111 (72.072072%) active bins are populated
per-bin minimum non-zero probability:       2.22843e-59
per-bin maximum probability:                0.917588
per-bin probability dynamic range (kT):     134.965
per-segment minimum non-zero probability:   5.57107e-60
per-segment maximum non-zero probability:   0.0840266
per-segment probability dynamic range (kT): 133.961
norm = 1, error in norm = 6.66134e-16 (3*epsilon)
MAB binning in use
Bottleneck bin occupancy may not be accurately reported
Waiting for segments to complete...
Iteration completed successfully
Iteration wallclock: 0:53:18.351626, cputime: 13:48:55.047054


Thu Mar 14 11:59:22 2024
Iteration 445 (1000 requested)
Beginning iteration 445
328 segments remain in iteration 445 (328 total)
78 of 111 (70.270270%) active bins are populated
per-bin minimum non-zero probability:       5.57107e-60
per-bin maximum probability:                0.979396
per-bin probability dynamic range (kT):     136.417
per-segment minimum non-zero probability:   1.39277e-60
per-segment maximum non-zero probability:   0.0837969
per-segment probability dynamic range (kT): 135.344
norm = 1, error in norm = 6.66134e-16 (3*epsilon)
MAB binning in use
Bottleneck bin occupancy may not be accurately reported
Waiting for segments to complete...
Iteration completed successfully
Iteration wallclock: 0:47:51.482121, cputime: 13:47:45.186412


Thu Mar 14 12:47:13 2024
Iteration 446 (1000 requested)
Beginning iteration 446
311 segments remain in iteration 446 (311 total)
72 of 111 (64.864865%) active bins are populated
per-bin minimum non-zero probability:       5.57107e-60
per-bin maximum probability:                0.916652
per-bin probability dynamic range (kT):     136.35
per-segment minimum non-zero probability:   9.28512e-61
per-segment maximum non-zero probability:   0.0863059
per-segment probability dynamic range (kT): 135.779
norm = 1, error in norm = 6.66134e-16 (3*epsilon)
MAB binning in use
Bottleneck bin occupancy may not be accurately reported
Waiting for segments to complete...
Iteration completed successfully
Iteration wallclock: 0:45:13.961835, cputime: 13:10:05.381208


Thu Mar 14 13:32:27 2024
Iteration 447 (1000 requested)
Beginning iteration 447
315 segments remain in iteration 447 (315 total)
69 of 111 (62.162162%) active bins are populated
per-bin minimum non-zero probability:       9.28512e-61
per-bin maximum probability:                0.916592
per-bin probability dynamic range (kT):     138.142
per-segment minimum non-zero probability:   2.32128e-61
per-segment maximum non-zero probability:   0.084969
per-segment probability dynamic range (kT): 137.15
norm = 1, error in norm = 6.66134e-16 (3*epsilon)
MAB binning in use
Bottleneck bin occupancy may not be accurately reported
Waiting for segments to complete...
Iteration completed successfully
Iteration wallclock: 0:45:51.068708, cputime: 13:16:47.281533


Thu Mar 14 14:18:19 2024
Iteration 448 (1000 requested)
Beginning iteration 448
323 segments remain in iteration 448 (323 total)
77 of 111 (69.369369%) active bins are populated
per-bin minimum non-zero probability:       2.32128e-61
per-bin maximum probability:                0.916479
per-bin probability dynamic range (kT):     139.528
per-segment minimum non-zero probability:   5.8032e-62
per-segment maximum non-zero probability:   0.0842443
per-segment probability dynamic range (kT): 138.528
norm = 1, error in norm = 6.66134e-16 (3*epsilon)
MAB binning in use
Bottleneck bin occupancy may not be accurately reported
Waiting for segments to complete...
Iteration completed successfully
Iteration wallclock: 0:47:13.278209, cputime: 13:39:05.319819


Thu Mar 14 15:05:32 2024
Iteration 449 (1000 requested)
Beginning iteration 449
323 segments remain in iteration 449 (323 total)
79 of 111 (71.171171%) active bins are populated
per-bin minimum non-zero probability:       5.8032e-62
per-bin maximum probability:                0.916894
per-bin probability dynamic range (kT):     140.915
per-segment minimum non-zero probability:   1.4508e-62
per-segment maximum non-zero probability:   0.0838841
per-segment probability dynamic range (kT): 139.91
norm = 1, error in norm = 4.44089e-16 (2*epsilon)
MAB binning in use
Bottleneck bin occupancy may not be accurately reported
Waiting for segments to complete...
Iteration completed successfully
Iteration wallclock: 0:47:13.790387, cputime: 13:38:55.932902


Thu Mar 14 15:52:46 2024
Iteration 450 (1000 requested)
Beginning iteration 450
308 segments remain in iteration 450 (308 total)
75 of 111 (67.567568%) active bins are populated
per-bin minimum non-zero probability:       2.1762e-62
per-bin maximum probability:                0.999999
per-bin probability dynamic range (kT):     141.983
per-segment minimum non-zero probability:   5.4405e-63
per-segment maximum non-zero probability:   0.0838841
per-segment probability dynamic range (kT): 140.891
norm = 1, error in norm = 4.44089e-16 (2*epsilon)
MAB binning in use
Bottleneck bin occupancy may not be accurately reported
Waiting for segments to complete...
Iteration completed successfully
Iteration wallclock: 0:45:18.366754, cputime: 13:06:56.272839


Thu Mar 14 16:38:04 2024
Iteration 451 (1000 requested)
Beginning iteration 451
315 segments remain in iteration 451 (315 total)
77 of 111 (69.369369%) active bins are populated
per-bin minimum non-zero probability:       5.4405e-63
per-bin maximum probability:                0.916866
per-bin probability dynamic range (kT):     143.282
per-segment minimum non-zero probability:   1.36012e-63
per-segment maximum non-zero probability:   0.0836438
per-segment probability dynamic range (kT): 142.274
norm = 1, error in norm = 4.44089e-16 (2*epsilon)
MAB binning in use
Bottleneck bin occupancy may not be accurately reported
Waiting for segments to complete...
Iteration completed successfully
Iteration wallclock: 0:47:28.170174, cputime: 13:23:21.547924


Thu Mar 14 17:25:33 2024
Iteration 452 (1000 requested)
Beginning iteration 452
312 segments remain in iteration 452 (312 total)
73 of 111 (65.765766%) active bins are populated
per-bin minimum non-zero probability:       1.36012e-63
per-bin maximum probability:                0.999999
per-bin probability dynamic range (kT):     144.755
per-segment minimum non-zero probability:   3.40031e-64
per-segment maximum non-zero probability:   0.0836438
per-segment probability dynamic range (kT): 143.66
norm = 1, error in norm = 4.44089e-16 (2*epsilon)
MAB binning in use
Bottleneck bin occupancy may not be accurately reported
Waiting for segments to complete...
Iteration completed successfully
Iteration wallclock: 0:48:04.544776, cputime: 13:12:57.305643


Thu Mar 14 18:13:37 2024
Iteration 453 (1000 requested)
Beginning iteration 453
319 segments remain in iteration 453 (319 total)
78 of 111 (70.270270%) active bins are populated
per-bin minimum non-zero probability:       2.25214e-61
per-bin maximum probability:                0.916761
per-bin probability dynamic range (kT):     139.559
per-segment minimum non-zero probability:   5.62185e-62
per-segment maximum non-zero probability:   0.0835086
per-segment probability dynamic range (kT): 138.551
norm = 1, error in norm = 4.44089e-16 (2*epsilon)
MAB binning in use
Bottleneck bin occupancy may not be accurately reported
Waiting for segments to complete...
Iteration completed successfully
Iteration wallclock: 0:50:39.258352, cputime: 13:41:42.287458


Thu Mar 14 19:04:17 2024
Iteration 454 (1000 requested)
Beginning iteration 454
308 segments remain in iteration 454 (308 total)
71 of 111 (63.963964%) active bins are populated
per-bin minimum non-zero probability:       7.6167e-62
per-bin maximum probability:                0.979189
per-bin probability dynamic range (kT):     140.709
per-segment minimum non-zero probability:   1.90417e-62
per-segment maximum non-zero probability:   0.083441
per-segment probability dynamic range (kT): 139.633
norm = 1, error in norm = 4.44089e-16 (2*epsilon)
MAB binning in use
Bottleneck bin occupancy may not be accurately reported
Waiting for segments to complete...
Iteration completed successfully
Iteration wallclock: 0:50:06.313509, cputime: 13:00:19.554053


Thu Mar 14 19:54:23 2024
Iteration 455 (1000 requested)
Beginning iteration 455
300 segments remain in iteration 455 (300 total)
73 of 111 (65.765766%) active bins are populated
per-bin minimum non-zero probability:       1.90417e-62
per-bin maximum probability:                0.994796
per-bin probability dynamic range (kT):     142.111
per-segment minimum non-zero probability:   4.76044e-63
per-segment maximum non-zero probability:   0.0833901
per-segment probability dynamic range (kT): 141.018
norm = 1, error in norm = 6.66134e-16 (3*epsilon)
MAB binning in use
Bottleneck bin occupancy may not be accurately reported
Waiting for segments to complete...
Iteration completed successfully
Iteration wallclock: 0:45:49.438346, cputime: 12:43:04.503470


Thu Mar 14 20:40:13 2024
Iteration 456 (1000 requested)
Beginning iteration 456
308 segments remain in iteration 456 (308 total)
71 of 111 (63.963964%) active bins are populated
per-bin minimum non-zero probability:       2.5389e-62
per-bin maximum probability:                0.999999
per-bin probability dynamic range (kT):     141.829
per-segment minimum non-zero probability:   6.34725e-63
per-segment maximum non-zero probability:   0.0833813
per-segment probability dynamic range (kT): 140.731
norm = 1, error in norm = 6.66134e-16 (3*epsilon)
MAB binning in use
Bottleneck bin occupancy may not be accurately reported
Waiting for segments to complete...
Iteration completed successfully
Iteration wallclock: 0:46:41.514649, cputime: 13:04:20.030813


Thu Mar 14 21:26:55 2024
Iteration 457 (1000 requested)
Beginning iteration 457
311 segments remain in iteration 457 (311 total)
74 of 111 (66.666667%) active bins are populated
per-bin minimum non-zero probability:       2.55065e-62
per-bin maximum probability:                0.916643
per-bin probability dynamic range (kT):     141.737
per-segment minimum non-zero probability:   6.93994e-63
per-segment maximum non-zero probability:   0.0833685
per-segment probability dynamic range (kT): 140.641
norm = 1, error in norm = 4.44089e-16 (2*epsilon)
MAB binning in use
Bottleneck bin occupancy may not be accurately reported
Waiting for segments to complete...
Iteration completed successfully
Iteration wallclock: 0:46:42.464435, cputime: 13:17:21.812504


Thu Mar 14 22:13:37 2024
Iteration 458 (1000 requested)
Beginning iteration 458
328 segments remain in iteration 458 (328 total)
78 of 111 (70.270270%) active bins are populated
per-bin minimum non-zero probability:       6.93994e-63
per-bin maximum probability:                0.999999
per-bin probability dynamic range (kT):     143.126
per-segment minimum non-zero probability:   1.73499e-63
per-segment maximum non-zero probability:   0.0833685
per-segment probability dynamic range (kT): 142.027
norm = 1, error in norm = 6.66134e-16 (3*epsilon)
MAB binning in use
Bottleneck bin occupancy may not be accurately reported
Waiting for segments to complete...
Iteration completed successfully
Iteration wallclock: 0:49:47.915170, cputime: 13:58:19.951081


Thu Mar 14 23:03:25 2024
Iteration 459 (1000 requested)
Beginning iteration 459
323 segments remain in iteration 459 (323 total)
79 of 111 (71.171171%) active bins are populated
per-bin minimum non-zero probability:       1.73499e-63
per-bin maximum probability:                0.916682
per-bin probability dynamic range (kT):     144.425
per-segment minimum non-zero probability:   4.33746e-64
per-segment maximum non-zero probability:   0.0833554
per-segment probability dynamic range (kT): 143.414
norm = 1, error in norm = 4.44089e-16 (2*epsilon)
MAB binning in use
Bottleneck bin occupancy may not be accurately reported
Waiting for segments to complete...
Iteration completed successfully
Iteration wallclock: 0:47:49.226032, cputime: 13:46:43.547194


Thu Mar 14 23:51:15 2024
Iteration 460 (1000 requested)
Beginning iteration 460
327 segments remain in iteration 460 (327 total)
80 of 111 (72.072072%) active bins are populated
per-bin minimum non-zero probability:       4.16826e-62
per-bin maximum probability:                0.895847
per-bin probability dynamic range (kT):     141.223
per-segment minimum non-zero probability:   3.36133e-63
per-segment maximum non-zero probability:   0.0833488
per-segment probability dynamic range (kT): 141.366
norm = 1, error in norm = 6.66134e-16 (3*epsilon)
MAB binning in use
Bottleneck bin occupancy may not be accurately reported
Waiting for segments to complete...
Iteration completed successfully
Iteration wallclock: 0:48:31.795546, cputime: 13:51:21.481722


Fri Mar 15 00:39:47 2024
Iteration 461 (1000 requested)
Beginning iteration 461
295 segments remain in iteration 461 (295 total)
67 of 111 (60.360360%) active bins are populated
per-bin minimum non-zero probability:       2.25023e-62
per-bin maximum probability:                0.902779
per-bin probability dynamic range (kT):     141.847
per-segment minimum non-zero probability:   2.57805e-63
per-segment maximum non-zero probability:   0.083343
per-segment probability dynamic range (kT): 141.631
norm = 1, error in norm = 4.44089e-16 (2*epsilon)
MAB binning in use
Bottleneck bin occupancy may not be accurately reported
Waiting for segments to complete...
Iteration completed successfully
Iteration wallclock: 0:43:40.013860, cputime: 12:30:35.010036


Fri Mar 15 01:23:27 2024
Iteration 462 (1000 requested)
Beginning iteration 462
303 segments remain in iteration 462 (303 total)
72 of 111 (64.864865%) active bins are populated
per-bin minimum non-zero probability:       1.43965e-62
per-bin maximum probability:                0.918979
per-bin probability dynamic range (kT):     142.311
per-segment minimum non-zero probability:   2.95461e-63
per-segment maximum non-zero probability:   0.0891193
per-segment probability dynamic range (kT): 141.562
norm = 1, error in norm = 6.66134e-16 (3*epsilon)
MAB binning in use
Bottleneck bin occupancy may not be accurately reported
Waiting for segments to complete...
Iteration completed successfully
Iteration wallclock: 0:44:42.762462, cputime: 12:48:52.631535


Fri Mar 15 02:08:10 2024
Iteration 463 (1000 requested)
Beginning iteration 463
304 segments remain in iteration 463 (304 total)
72 of 111 (64.864865%) active bins are populated
per-bin minimum non-zero probability:       1.43424e-62
per-bin maximum probability:                0.999999
per-bin probability dynamic range (kT):     142.4
per-segment minimum non-zero probability:   3.58561e-63
per-segment maximum non-zero probability:   0.0871921
per-segment probability dynamic range (kT): 141.346
norm = 1, error in norm = 6.66134e-16 (3*epsilon)
MAB binning in use
Bottleneck bin occupancy may not be accurately reported
Waiting for segments to complete...
Iteration completed successfully
Iteration wallclock: 0:44:55.868178, cputime: 13:00:53.104256


Fri Mar 15 02:53:06 2024
Iteration 464 (1000 requested)
Beginning iteration 464
327 segments remain in iteration 464 (327 total)
79 of 111 (71.171171%) active bins are populated
per-bin minimum non-zero probability:       3.58561e-63
per-bin maximum probability:                0.917534
per-bin probability dynamic range (kT):     143.7
per-segment minimum non-zero probability:   8.96403e-64
per-segment maximum non-zero probability:   0.0871921
per-segment probability dynamic range (kT): 142.733
norm = 1, error in norm = 4.44089e-16 (2*epsilon)
MAB binning in use
Bottleneck bin occupancy may not be accurately reported
Waiting for segments to complete...
Iteration completed successfully
Iteration wallclock: 0:48:08.372522, cputime: 13:59:19.263970


Fri Mar 15 03:41:14 2024
Iteration 465 (1000 requested)
Beginning iteration 465
303 segments remain in iteration 465 (303 total)
74 of 111 (66.666667%) active bins are populated
per-bin minimum non-zero probability:       5.60348e-63
per-bin maximum probability:                0.89219
per-bin probability dynamic range (kT):     143.225
per-segment minimum non-zero probability:   1.40087e-63
per-segment maximum non-zero probability:   0.0835062
per-segment probability dynamic range (kT): 142.243
norm = 1, error in norm = 4.44089e-16 (2*epsilon)
MAB binning in use
Bottleneck bin occupancy may not be accurately reported
Waiting for segments to complete...
Iteration completed successfully
Iteration wallclock: 0:44:44.556631, cputime: 12:47:52.740686


Fri Mar 15 04:25:59 2024
Iteration 466 (1000 requested)
Beginning iteration 466
319 segments remain in iteration 466 (319 total)
77 of 111 (69.369369%) active bins are populated
per-bin minimum non-zero probability:       3.79931e-63
per-bin maximum probability:                0.92301
per-bin probability dynamic range (kT):     143.648
per-segment minimum non-zero probability:   9.49827e-64
per-segment maximum non-zero probability:   0.0923984
per-segment probability dynamic range (kT): 142.733
norm = 1, error in norm = 4.44089e-16 (2*epsilon)
MAB binning in use
Bottleneck bin occupancy may not be accurately reported
Waiting for segments to complete...
Iteration completed successfully
Iteration wallclock: 0:46:48.383478, cputime: 13:28:20.229803


Fri Mar 15 05:12:47 2024
Iteration 467 (1000 requested)
Beginning iteration 467
312 segments remain in iteration 467 (312 total)
76 of 111 (68.468468%) active bins are populated
per-bin minimum non-zero probability:       1.86035e-63
per-bin maximum probability:                0.980751
per-bin probability dynamic range (kT):     144.423
per-segment minimum non-zero probability:   4.65088e-64
per-segment maximum non-zero probability:   0.087822
per-segment probability dynamic range (kT): 143.396
norm = 1, error in norm = 6.66134e-16 (3*epsilon)
MAB binning in use
Bottleneck bin occupancy may not be accurately reported
Waiting for segments to complete...
Iteration completed successfully
Iteration wallclock: 0:45:33.159024, cputime: 13:09:02.791710


Fri Mar 15 05:58:21 2024
Iteration 468 (1000 requested)
Beginning iteration 468
332 segments remain in iteration 468 (332 total)
80 of 111 (72.072072%) active bins are populated
per-bin minimum non-zero probability:       4.65088e-64
per-bin maximum probability:                0.995187
per-bin probability dynamic range (kT):     145.824
per-segment minimum non-zero probability:   1.16272e-64
per-segment maximum non-zero probability:   0.087822
per-segment probability dynamic range (kT): 144.782
norm = 1, error in norm = 4.44089e-16 (2*epsilon)
MAB binning in use
Bottleneck bin occupancy may not be accurately reported
Waiting for segments to complete...
Iteration completed successfully
Iteration wallclock: 0:47:58.934331, cputime: 14:05:39.612495


Fri Mar 15 06:46:20 2024
Iteration 469 (1000 requested)
Beginning iteration 469
320 segments remain in iteration 469 (320 total)
78 of 111 (70.270270%) active bins are populated
per-bin minimum non-zero probability:       2.62663e-64
per-bin maximum probability:                0.998796
per-bin probability dynamic range (kT):     146.399
per-segment minimum non-zero probability:   6.56658e-65
per-segment maximum non-zero probability:   0.087822
per-segment probability dynamic range (kT): 145.354
norm = 1, error in norm = 2.22045e-16 (1*epsilon)
MAB binning in use
Bottleneck bin occupancy may not be accurately reported
Waiting for segments to complete...
Iteration completed successfully
Iteration wallclock: 0:46:22.796405, cputime: 13:33:00.761010


Fri Mar 15 07:32:42 2024
Iteration 470 (1000 requested)
Beginning iteration 470
307 segments remain in iteration 470 (307 total)
72 of 111 (64.864865%) active bins are populated
per-bin minimum non-zero probability:       5.06098e-64
per-bin maximum probability:                0.917468
per-bin probability dynamic range (kT):     145.658
per-segment minimum non-zero probability:   1.26525e-64
per-segment maximum non-zero probability:   0.08617
per-segment probability dynamic range (kT): 144.679
norm = 1, error in norm = 4.44089e-16 (2*epsilon)
MAB binning in use
Bottleneck bin occupancy may not be accurately reported
Waiting for segments to complete...
Iteration completed successfully
Iteration wallclock: 0:45:30.375594, cputime: 12:57:50.557989


Fri Mar 15 08:18:13 2024
Iteration 471 (1000 requested)
Beginning iteration 471
300 segments remain in iteration 471 (300 total)
70 of 111 (63.063063%) active bins are populated
per-bin minimum non-zero probability:       1.26525e-64
per-bin maximum probability:                0.999999
per-bin probability dynamic range (kT):     147.13
per-segment minimum non-zero probability:   3.16311e-65
per-segment maximum non-zero probability:   0.0856193
per-segment probability dynamic range (kT): 146.059
norm = 1, error in norm = 6.66134e-16 (3*epsilon)
MAB binning in use
Bottleneck bin occupancy may not be accurately reported
Waiting for segments to complete...
Iteration completed successfully
Iteration wallclock: 0:44:01.214291, cputime: 12:38:00.139185


Fri Mar 15 09:02:14 2024
Iteration 472 (1000 requested)
Beginning iteration 472
307 segments remain in iteration 472 (307 total)
74 of 111 (66.666667%) active bins are populated
per-bin minimum non-zero probability:       3.16311e-65
per-bin maximum probability:                0.917725
per-bin probability dynamic range (kT):     148.431
per-segment minimum non-zero probability:   7.90779e-66
per-segment maximum non-zero probability:   0.0856193
per-segment probability dynamic range (kT): 147.445
norm = 1, error in norm = 2.22045e-16 (1*epsilon)
MAB binning in use
Bottleneck bin occupancy may not be accurately reported
Waiting for segments to complete...
Iteration completed successfully
Iteration wallclock: 0:44:53.013262, cputime: 13:05:07.109781


Fri Mar 15 09:47:07 2024
Iteration 473 (1000 requested)
Beginning iteration 473
320 segments remain in iteration 473 (320 total)
77 of 111 (69.369369%) active bins are populated
per-bin minimum non-zero probability:       7.90779e-66
per-bin maximum probability:                0.999999
per-bin probability dynamic range (kT):     149.903
per-segment minimum non-zero probability:   1.97695e-66
per-segment maximum non-zero probability:   0.0848759
per-segment probability dynamic range (kT): 148.822
norm = 1, error in norm = 4.44089e-16 (2*epsilon)
MAB binning in use
Bottleneck bin occupancy may not be accurately reported
Waiting for segments to complete...
Iteration completed successfully
Iteration wallclock: 0:48:11.322614, cputime: 13:34:22.052581


Fri Mar 15 10:35:19 2024
Iteration 474 (1000 requested)
Beginning iteration 474
327 segments remain in iteration 474 (327 total)
79 of 111 (71.171171%) active bins are populated
per-bin minimum non-zero probability:       5.86566e-66
per-bin maximum probability:                0.917567
per-bin probability dynamic range (kT):     150.115
per-segment minimum non-zero probability:   1.46642e-66
per-segment maximum non-zero probability:   0.0848759
per-segment probability dynamic range (kT): 149.121
norm = 1, error in norm = 4.44089e-16 (2*epsilon)
MAB binning in use
Bottleneck bin occupancy may not be accurately reported
Waiting for segments to complete...
Iteration completed successfully
Iteration wallclock: 0:48:09.622696, cputime: 13:49:19.339115


Fri Mar 15 11:23:29 2024
Iteration 475 (1000 requested)
Beginning iteration 475
323 segments remain in iteration 475 (323 total)
79 of 111 (71.171171%) active bins are populated
per-bin minimum non-zero probability:       3.35298e-65
per-bin maximum probability:                0.915123
per-bin probability dynamic range (kT):     148.369
per-segment minimum non-zero probability:   8.38246e-66
per-segment maximum non-zero probability:   0.0833912
per-segment probability dynamic range (kT): 147.36
norm = 1, error in norm = 4.44089e-16 (2*epsilon)
MAB binning in use
Bottleneck bin occupancy may not be accurately reported
Waiting for segments to complete...
Iteration completed successfully
Iteration wallclock: 0:47:22.247295, cputime: 13:43:04.737917


Fri Mar 15 12:10:51 2024
Iteration 476 (1000 requested)
Beginning iteration 476
328 segments remain in iteration 476 (328 total)
80 of 111 (72.072072%) active bins are populated
per-bin minimum non-zero probability:       8.38246e-66
per-bin maximum probability:                0.999999
per-bin probability dynamic range (kT):     149.844
per-segment minimum non-zero probability:   2.09561e-66
per-segment maximum non-zero probability:   0.0839186
per-segment probability dynamic range (kT): 148.753
norm = 1, error in norm = 4.44089e-16 (2*epsilon)
MAB binning in use
Bottleneck bin occupancy may not be accurately reported
Waiting for segments to complete...
Iteration completed successfully
Iteration wallclock: 0:49:45.733911, cputime: 14:03:56.334703


Fri Mar 15 13:00:38 2024
Iteration 477 (1000 requested)
Beginning iteration 477
319 segments remain in iteration 477 (319 total)
79 of 111 (71.171171%) active bins are populated
per-bin minimum non-zero probability:       5.67064e-65
per-bin maximum probability:                0.916733
per-bin probability dynamic range (kT):     147.846
per-segment minimum non-zero probability:   1.41766e-65
per-segment maximum non-zero probability:   0.0836442
per-segment probability dynamic range (kT): 146.838
norm = 1, error in norm = 4.44089e-16 (2*epsilon)
MAB binning in use
Bottleneck bin occupancy may not be accurately reported
Waiting for segments to complete...
Iteration completed successfully
Iteration wallclock: 0:47:39.525491, cputime: 13:39:09.548995


Fri Mar 15 13:48:18 2024
Iteration 478 (1000 requested)
Beginning iteration 478
315 segments remain in iteration 478 (315 total)
75 of 111 (67.567568%) active bins are populated
per-bin minimum non-zero probability:       1.41766e-65
per-bin maximum probability:                0.916783
per-bin probability dynamic range (kT):     149.232
per-segment minimum non-zero probability:   3.54415e-66
per-segment maximum non-zero probability:   0.083507
per-segment probability dynamic range (kT): 148.222
norm = 1, error in norm = 4.44089e-16 (2*epsilon)
MAB binning in use
Bottleneck bin occupancy may not be accurately reported
Waiting for segments to complete...
Iteration completed successfully
Iteration wallclock: 0:46:48.275682, cputime: 13:18:02.700069


Fri Mar 15 14:35:06 2024
Iteration 479 (1000 requested)
Beginning iteration 479
324 segments remain in iteration 479 (324 total)
78 of 111 (70.270270%) active bins are populated
per-bin minimum non-zero probability:       3.54415e-66
per-bin maximum probability:                0.999999
per-bin probability dynamic range (kT):     150.705
per-segment minimum non-zero probability:   8.86038e-67
per-segment maximum non-zero probability:   0.083507
per-segment probability dynamic range (kT): 149.609
norm = 1, error in norm = 4.44089e-16 (2*epsilon)
MAB binning in use
Bottleneck bin occupancy may not be accurately reported
Waiting for segments to complete...
Iteration completed successfully
Iteration wallclock: 0:48:01.548561, cputime: 13:43:36.013407


Fri Mar 15 15:23:08 2024
Iteration 480 (1000 requested)
Beginning iteration 480
319 segments remain in iteration 480 (319 total)
78 of 111 (70.270270%) active bins are populated
per-bin minimum non-zero probability:       8.86038e-67
per-bin maximum probability:                0.916716
per-bin probability dynamic range (kT):     152.005
per-segment minimum non-zero probability:   2.21509e-67
per-segment maximum non-zero probability:   0.0834286
per-segment probability dynamic range (kT): 150.994
norm = 1, error in norm = 4.44089e-16 (2*epsilon)
MAB binning in use
Bottleneck bin occupancy may not be accurately reported
Waiting for segments to complete...
Iteration completed successfully
Iteration wallclock: 0:47:31.876074, cputime: 13:31:00.394112


Fri Mar 15 16:10:40 2024
Iteration 481 (1000 requested)
Beginning iteration 481
332 segments remain in iteration 481 (332 total)
76 of 111 (68.468468%) active bins are populated
per-bin minimum non-zero probability:       1.43411e-64
per-bin maximum probability:                0.999999
per-bin probability dynamic range (kT):     147.005
per-segment minimum non-zero probability:   3.58527e-65
per-segment maximum non-zero probability:   0.0834286
per-segment probability dynamic range (kT): 145.907
norm = 1, error in norm = 6.66134e-16 (3*epsilon)
MAB binning in use
Bottleneck bin occupancy may not be accurately reported
Waiting for segments to complete...
Iteration completed successfully
Iteration wallclock: 0:49:03.762786, cputime: 14:07:51.318453


Fri Mar 15 16:59:44 2024
Iteration 482 (1000 requested)
Beginning iteration 482
307 segments remain in iteration 482 (307 total)
75 of 111 (67.567568%) active bins are populated
per-bin minimum non-zero probability:       1.32091e-64
per-bin maximum probability:                0.91657
per-bin probability dynamic range (kT):     147
per-segment minimum non-zero probability:   3.05904e-65
per-segment maximum non-zero probability:   0.0833415
per-segment probability dynamic range (kT): 146.065
norm = 1, error in norm = 6.66134e-16 (3*epsilon)
MAB binning in use
Bottleneck bin occupancy may not be accurately reported
Waiting for segments to complete...
Iteration completed successfully
Iteration wallclock: 0:45:30.786864, cputime: 13:01:58.293274


Fri Mar 15 17:45:15 2024
Iteration 483 (1000 requested)
Beginning iteration 483
304 segments remain in iteration 483 (304 total)
73 of 111 (65.765766%) active bins are populated
per-bin minimum non-zero probability:       6.72671e-65
per-bin maximum probability:                0.979141
per-bin probability dynamic range (kT):     147.741
per-segment minimum non-zero probability:   1.45515e-65
per-segment maximum non-zero probability:   0.0833415
per-segment probability dynamic range (kT): 146.808
norm = 1, error in norm = 6.66134e-16 (3*epsilon)
MAB binning in use
Bottleneck bin occupancy may not be accurately reported
Waiting for segments to complete...
Iteration completed successfully
Iteration wallclock: 0:45:06.949417, cputime: 12:56:05.591462


Fri Mar 15 18:30:22 2024
Iteration 484 (1000 requested)
Beginning iteration 484
324 segments remain in iteration 484 (324 total)
77 of 111 (69.369369%) active bins are populated
per-bin minimum non-zero probability:       1.45515e-65
per-bin maximum probability:                0.999999
per-bin probability dynamic range (kT):     149.293
per-segment minimum non-zero probability:   3.63787e-66
per-segment maximum non-zero probability:   0.0868191
per-segment probability dynamic range (kT): 148.235
norm = 1, error in norm = 6.66134e-16 (3*epsilon)
MAB binning in use
Bottleneck bin occupancy may not be accurately reported
Waiting for segments to complete...
Iteration completed successfully
Iteration wallclock: 0:47:57.297864, cputime: 13:50:10.599547


Fri Mar 15 19:18:19 2024
Iteration 485 (1000 requested)
Beginning iteration 485
316 segments remain in iteration 485 (316 total)
74 of 111 (66.666667%) active bins are populated
per-bin minimum non-zero probability:       8.61254e-66
per-bin maximum probability:                0.999999
per-bin probability dynamic range (kT):     149.817
per-segment minimum non-zero probability:   2.15314e-66
per-segment maximum non-zero probability:   0.0868191
per-segment probability dynamic range (kT): 148.76
norm = 1, error in norm = 4.44089e-16 (2*epsilon)
MAB binning in use
Bottleneck bin occupancy may not be accurately reported
Waiting for segments to complete...
Iteration completed successfully
Iteration wallclock: 0:46:59.363560, cputime: 13:28:42.311899


Fri Mar 15 20:05:19 2024
Iteration 486 (1000 requested)
Beginning iteration 486
323 segments remain in iteration 486 (323 total)
78 of 111 (70.270270%) active bins are populated
per-bin minimum non-zero probability:       2.15314e-66
per-bin maximum probability:                0.913179
per-bin probability dynamic range (kT):     151.113
per-segment minimum non-zero probability:   5.38284e-67
per-segment maximum non-zero probability:   0.0833389
per-segment probability dynamic range (kT): 150.105
norm = 1, error in norm = 4.44089e-16 (2*epsilon)
MAB binning in use
Bottleneck bin occupancy may not be accurately reported
Waiting for segments to complete...
Iteration completed successfully
Iteration wallclock: 0:47:52.900939, cputime: 13:42:20.453894


Fri Mar 15 20:53:12 2024
Iteration 487 (1000 requested)
Beginning iteration 487
308 segments remain in iteration 487 (308 total)
74 of 111 (66.666667%) active bins are populated
per-bin minimum non-zero probability:       2.15314e-65
per-bin maximum probability:                0.999999
per-bin probability dynamic range (kT):     148.901
per-segment minimum non-zero probability:   4.30627e-66
per-segment maximum non-zero probability:   0.0847836
per-segment probability dynamic range (kT): 148.043
norm = 1, error in norm = 6.66134e-16 (3*epsilon)
MAB binning in use
Bottleneck bin occupancy may not be accurately reported
Waiting for segments to complete...
Iteration completed successfully
Iteration wallclock: 0:45:36.873089, cputime: 13:09:55.350792


Fri Mar 15 21:38:49 2024
Iteration 488 (1000 requested)
Beginning iteration 488
311 segments remain in iteration 488 (311 total)
75 of 111 (67.567568%) active bins are populated
per-bin minimum non-zero probability:       8.61254e-66
per-bin maximum probability:                0.917055
per-bin probability dynamic range (kT):     149.731
per-segment minimum non-zero probability:   2.15314e-66
per-segment maximum non-zero probability:   0.0840613
per-segment probability dynamic range (kT): 148.727
norm = 1, error in norm = 4.44089e-16 (2*epsilon)
MAB binning in use
Bottleneck bin occupancy may not be accurately reported
Waiting for segments to complete...
Iteration completed successfully
Iteration wallclock: 0:45:57.599880, cputime: 13:13:21.745125


Fri Mar 15 22:24:47 2024
Iteration 489 (1000 requested)
Beginning iteration 489
312 segments remain in iteration 489 (312 total)
74 of 111 (66.666667%) active bins are populated
per-bin minimum non-zero probability:       2.15314e-66
per-bin maximum probability:                0.979263
per-bin probability dynamic range (kT):     151.183
per-segment minimum non-zero probability:   5.38284e-67
per-segment maximum non-zero probability:   0.0837439
per-segment probability dynamic range (kT): 150.11
norm = 1, error in norm = 4.44089e-16 (2*epsilon)
MAB binning in use
Bottleneck bin occupancy may not be accurately reported
Waiting for segments to complete...
Iteration completed successfully
Iteration wallclock: 0:45:55.839103, cputime: 13:18:23.988411


Fri Mar 15 23:10:43 2024
Iteration 490 (1000 requested)
Beginning iteration 490
315 segments remain in iteration 490 (315 total)
79 of 111 (71.171171%) active bins are populated
per-bin minimum non-zero probability:       5.38284e-67
per-bin maximum probability:                0.916649
per-bin probability dynamic range (kT):     152.503
per-segment minimum non-zero probability:   1.34571e-67
per-segment maximum non-zero probability:   0.086433
per-segment probability dynamic range (kT): 151.528
norm = 1, error in norm = 4.44089e-16 (2*epsilon)
MAB binning in use
Bottleneck bin occupancy may not be accurately reported
Waiting for segments to complete...
Iteration completed successfully
Iteration wallclock: 0:45:57.137202, cputime: 13:19:23.237257

Iteration 491 would require more than the allotted time. Ending run.
