Updating system with the options from the configuration file
Maximum wallclock time: 2 days, 0:00:00

Mon Jul 25 13:17:19 2022
Iteration 89 (200 requested)
Beginning iteration 89
37 segments remain in iteration 89 (37 total)
4 of 32 (12.500000%) active bins are populated
per-bin minimum non-zero probability:       4.60653e-09
per-bin maximum probability:                0.99779
per-bin probability dynamic range (kT):     19.1936
per-segment minimum non-zero probability:   5.75817e-10
per-segment maximum non-zero probability:   0.0957646
per-segment probability dynamic range (kT): 18.9294
norm = 1, error in norm = -2.22045e-16 (-1*epsilon)
MAB binning in use
Bottleneck bin occupancy may not be accurately reported
Waiting for segments to complete...
Iteration completed successfully
Iteration wallclock: 0:34:43.094063, cputime: 0:52:08.610752


Mon Jul 25 13:52:02 2022
Iteration 90 (200 requested)
Beginning iteration 90
29 segments remain in iteration 90 (29 total)
3 of 32 (9.375000%) active bins are populated
per-bin minimum non-zero probability:       5.75817e-10
per-bin maximum probability:                0.999883
per-bin probability dynamic range (kT):     21.2751
per-segment minimum non-zero probability:   7.19771e-11
per-segment maximum non-zero probability:   0.0957646
per-segment probability dynamic range (kT): 21.0088
norm = 1, error in norm = -2.22045e-16 (-1*epsilon)
MAB binning in use
Bottleneck bin occupancy may not be accurately reported
Waiting for segments to complete...
Iteration completed successfully
Iteration wallclock: 0:25:54.823530, cputime: 0:40:42.710501


Mon Jul 25 14:17:57 2022
Iteration 91 (200 requested)
Beginning iteration 91
36 segments remain in iteration 91 (36 total)
4 of 32 (12.500000%) active bins are populated
per-bin minimum non-zero probability:       7.19771e-11
per-bin maximum probability:                0.911613
per-bin probability dynamic range (kT):     23.2621
per-segment minimum non-zero probability:   8.99714e-12
per-segment maximum non-zero probability:   0.0957646
per-segment probability dynamic range (kT): 23.0883
norm = 1, error in norm = 2.22045e-16 (1*epsilon)
MAB binning in use
Bottleneck bin occupancy may not be accurately reported
Waiting for segments to complete...
Iteration completed successfully
Iteration wallclock: 0:33:36.980786, cputime: 0:51:45.097106


Mon Jul 25 14:51:34 2022
Iteration 92 (200 requested)
Beginning iteration 92
37 segments remain in iteration 92 (37 total)
3 of 32 (9.375000%) active bins are populated
per-bin minimum non-zero probability:       8.99714e-12
per-bin maximum probability:                0.904235
per-bin probability dynamic range (kT):     25.3334
per-segment minimum non-zero probability:   1.12464e-12
per-segment maximum non-zero probability:   0.0957646
per-segment probability dynamic range (kT): 25.1677
norm = 1, error in norm = -1.11022e-16 (-0.5*epsilon)
MAB binning in use
Bottleneck bin occupancy may not be accurately reported
Waiting for segments to complete...
Iteration completed successfully
Iteration wallclock: 0:47:29.286502, cputime: 0:56:38.095527


Mon Jul 25 15:39:03 2022
Iteration 93 (200 requested)
Beginning iteration 93
28 segments remain in iteration 93 (28 total)
4 of 32 (12.500000%) active bins are populated
per-bin minimum non-zero probability:       1.12464e-12
per-bin maximum probability:                0.855873
per-bin probability dynamic range (kT):     27.3579
per-segment minimum non-zero probability:   1.12464e-12
per-segment maximum non-zero probability:   0.0957646
per-segment probability dynamic range (kT): 25.1677
norm = 1, error in norm = 2.22045e-16 (1*epsilon)
MAB binning in use
Bottleneck bin occupancy may not be accurately reported
Waiting for segments to complete...
Iteration completed successfully
Iteration wallclock: 0:31:21.787681, cputime: 0:42:21.581627


Mon Jul 25 16:10:25 2022
Iteration 94 (200 requested)
Beginning iteration 94
29 segments remain in iteration 94 (29 total)
4 of 32 (12.500000%) active bins are populated
per-bin minimum non-zero probability:       1.12464e-12
per-bin maximum probability:                0.914443
per-bin probability dynamic range (kT):     27.4241
per-segment minimum non-zero probability:   1.12464e-12
per-segment maximum non-zero probability:   0.0957646
per-segment probability dynamic range (kT): 25.1677
norm = 1, error in norm = 2.22045e-16 (1*epsilon)
MAB binning in use
Bottleneck bin occupancy may not be accurately reported
Waiting for segments to complete...
Iteration completed successfully
Iteration wallclock: 0:33:31.281409, cputime: 0:43:58.027005


Mon Jul 25 16:43:57 2022
Iteration 95 (200 requested)
Beginning iteration 95
29 segments remain in iteration 95 (29 total)
4 of 32 (12.500000%) active bins are populated
per-bin minimum non-zero probability:       1.12464e-12
per-bin maximum probability:                0.930971
per-bin probability dynamic range (kT):     27.442
per-segment minimum non-zero probability:   1.12464e-12
per-segment maximum non-zero probability:   0.0957646
per-segment probability dynamic range (kT): 25.1677
norm = 1, error in norm = 2.22045e-16 (1*epsilon)
MAB binning in use
Bottleneck bin occupancy may not be accurately reported
Waiting for segments to complete...
Iteration completed successfully
Iteration wallclock: 0:34:13.415449, cputime: 0:43:58.806981


Mon Jul 25 17:18:10 2022
Iteration 96 (200 requested)
Beginning iteration 96
30 segments remain in iteration 96 (30 total)
4 of 32 (12.500000%) active bins are populated
per-bin minimum non-zero probability:       1.12464e-12
per-bin maximum probability:                0.983018
per-bin probability dynamic range (kT):     27.4964
per-segment minimum non-zero probability:   1.12464e-12
per-segment maximum non-zero probability:   0.0957646
per-segment probability dynamic range (kT): 25.1677
norm = 1, error in norm = 4.44089e-16 (2*epsilon)
MAB binning in use
Bottleneck bin occupancy may not be accurately reported
Waiting for segments to complete...
Iteration completed successfully
Iteration wallclock: 0:34:15.358419, cputime: 0:45:31.092938


Mon Jul 25 17:52:25 2022
Iteration 97 (200 requested)
Beginning iteration 97
22 segments remain in iteration 97 (22 total)
3 of 32 (9.375000%) active bins are populated
per-bin minimum non-zero probability:       1.12464e-12
per-bin maximum probability:                0.998939
per-bin probability dynamic range (kT):     27.5125
per-segment minimum non-zero probability:   1.12464e-12
per-segment maximum non-zero probability:   0.0957646
per-segment probability dynamic range (kT): 25.1677
norm = 1, error in norm = 0 (0*epsilon)
MAB binning in use
Bottleneck bin occupancy may not be accurately reported
Waiting for segments to complete...
Iteration completed successfully
Iteration wallclock: 0:25:06.180075, cputime: 0:33:23.293453


Mon Jul 25 18:17:32 2022
Iteration 98 (200 requested)
Beginning iteration 98
29 segments remain in iteration 98 (29 total)
4 of 32 (12.500000%) active bins are populated
per-bin minimum non-zero probability:       1.12464e-12
per-bin maximum probability:                0.904103
per-bin probability dynamic range (kT):     27.4127
per-segment minimum non-zero probability:   1.12464e-12
per-segment maximum non-zero probability:   0.0914302
per-segment probability dynamic range (kT): 25.1214
norm = 1, error in norm = 2.22045e-16 (1*epsilon)
MAB binning in use
Bottleneck bin occupancy may not be accurately reported
Waiting for segments to complete...
Iteration completed successfully
Iteration wallclock: 0:34:25.606391, cputime: 0:43:58.527342


Mon Jul 25 18:51:57 2022
Iteration 99 (200 requested)
Beginning iteration 99
21 segments remain in iteration 99 (21 total)
3 of 32 (9.375000%) active bins are populated
per-bin minimum non-zero probability:       1.12464e-12
per-bin maximum probability:                0.93863
per-bin probability dynamic range (kT):     27.4502
per-segment minimum non-zero probability:   1.12464e-12
per-segment maximum non-zero probability:   0.0958973
per-segment probability dynamic range (kT): 25.1691
norm = 1, error in norm = 2.22045e-16 (1*epsilon)
MAB binning in use
Bottleneck bin occupancy may not be accurately reported
Waiting for segments to complete...
Iteration completed successfully
Iteration wallclock: 0:25:40.090998, cputime: 0:31:52.853111


Mon Jul 25 19:17:37 2022
Iteration 100 (200 requested)
Beginning iteration 100
21 segments remain in iteration 100 (21 total)
3 of 32 (9.375000%) active bins are populated
per-bin minimum non-zero probability:       1.12464e-12
per-bin maximum probability:                0.90857
per-bin probability dynamic range (kT):     27.4177
per-segment minimum non-zero probability:   1.12464e-12
per-segment maximum non-zero probability:   0.0958973
per-segment probability dynamic range (kT): 25.1691
norm = 1, error in norm = -1.11022e-16 (-0.5*epsilon)
MAB binning in use
Bottleneck bin occupancy may not be accurately reported
Waiting for segments to complete...
Iteration completed successfully
Iteration wallclock: 0:25:05.025652, cputime: 0:31:46.430515


Mon Jul 25 19:42:43 2022
Iteration 101 (200 requested)
Beginning iteration 101
22 segments remain in iteration 101 (22 total)
3 of 32 (9.375000%) active bins are populated
per-bin minimum non-zero probability:       1.12464e-12
per-bin maximum probability:                0.988571
per-bin probability dynamic range (kT):     27.5021
per-segment minimum non-zero probability:   1.12464e-12
per-segment maximum non-zero probability:   0.0958973
per-segment probability dynamic range (kT): 25.1691
norm = 1, error in norm = 2.22045e-16 (1*epsilon)
MAB binning in use
Bottleneck bin occupancy may not be accurately reported
Waiting for segments to complete...
Iteration completed successfully
Iteration wallclock: 0:25:01.355473, cputime: 0:33:19.833608


Mon Jul 25 20:07:44 2022
Iteration 102 (200 requested)
Beginning iteration 102
21 segments remain in iteration 102 (21 total)
3 of 32 (9.375000%) active bins are populated
per-bin minimum non-zero probability:       1.12464e-12
per-bin maximum probability:                0.911617
per-bin probability dynamic range (kT):     27.421
per-segment minimum non-zero probability:   1.12464e-12
per-segment maximum non-zero probability:   0.0958973
per-segment probability dynamic range (kT): 25.1691
norm = 1, error in norm = -1.11022e-16 (-0.5*epsilon)
MAB binning in use
Bottleneck bin occupancy may not be accurately reported
Waiting for segments to complete...
Iteration completed successfully
Iteration wallclock: 0:24:54.853844, cputime: 0:31:46.888180


Mon Jul 25 20:32:39 2022
Iteration 103 (200 requested)
Beginning iteration 103
21 segments remain in iteration 103 (21 total)
3 of 32 (9.375000%) active bins are populated
per-bin minimum non-zero probability:       1.12464e-12
per-bin maximum probability:                0.904103
per-bin probability dynamic range (kT):     27.4127
per-segment minimum non-zero probability:   1.12464e-12
per-segment maximum non-zero probability:   0.0883833
per-segment probability dynamic range (kT): 25.0875
norm = 1, error in norm = 2.22045e-16 (1*epsilon)
MAB binning in use
Bottleneck bin occupancy may not be accurately reported
Waiting for segments to complete...
Iteration completed successfully
Iteration wallclock: 0:24:42.550624, cputime: 0:31:44.874075


Mon Jul 25 20:57:22 2022
Iteration 104 (200 requested)
Beginning iteration 104
29 segments remain in iteration 104 (29 total)
4 of 32 (12.500000%) active bins are populated
per-bin minimum non-zero probability:       1.12464e-12
per-bin maximum probability:                0.903854
per-bin probability dynamic range (kT):     27.4125
per-segment minimum non-zero probability:   1.12464e-12
per-segment maximum non-zero probability:   0.0883833
per-segment probability dynamic range (kT): 25.0875
norm = 1, error in norm = 2.22045e-16 (1*epsilon)
MAB binning in use
Bottleneck bin occupancy may not be accurately reported
Waiting for segments to complete...
Iteration completed successfully
Iteration wallclock: 0:34:29.635338, cputime: 0:43:54.410249


Mon Jul 25 21:31:51 2022
Iteration 105 (200 requested)
Beginning iteration 105
30 segments remain in iteration 105 (30 total)
4 of 32 (12.500000%) active bins are populated
per-bin minimum non-zero probability:       1.12464e-12
per-bin maximum probability:                0.987982
per-bin probability dynamic range (kT):     27.5015
per-segment minimum non-zero probability:   1.12464e-12
per-segment maximum non-zero probability:   0.0883833
per-segment probability dynamic range (kT): 25.0875
norm = 1, error in norm = 2.22045e-16 (1*epsilon)
MAB binning in use
Bottleneck bin occupancy may not be accurately reported
Waiting for segments to complete...
Iteration completed successfully
Iteration wallclock: 0:31:24.119125, cputime: 0:44:03.077479


Mon Jul 25 22:03:15 2022
Iteration 106 (200 requested)
Beginning iteration 106
30 segments remain in iteration 106 (30 total)
4 of 32 (12.500000%) active bins are populated
per-bin minimum non-zero probability:       1.12464e-12
per-bin maximum probability:                0.99737
per-bin probability dynamic range (kT):     27.5109
per-segment minimum non-zero probability:   1.12464e-12
per-segment maximum non-zero probability:   0.0883833
per-segment probability dynamic range (kT): 25.0875
norm = 1, error in norm = 2.22045e-16 (1*epsilon)
MAB binning in use
Bottleneck bin occupancy may not be accurately reported
Waiting for segments to complete...
Iteration completed successfully
Iteration wallclock: 0:26:03.567043, cputime: 0:41:50.360353


Mon Jul 25 22:29:19 2022
Iteration 107 (200 requested)
Beginning iteration 107
30 segments remain in iteration 107 (30 total)
4 of 32 (12.500000%) active bins are populated
per-bin minimum non-zero probability:       1.12464e-12
per-bin maximum probability:                0.999671
per-bin probability dynamic range (kT):     27.5132
per-segment minimum non-zero probability:   1.12464e-12
per-segment maximum non-zero probability:   0.0883833
per-segment probability dynamic range (kT): 25.0875
norm = 1, error in norm = 2.22045e-16 (1*epsilon)
MAB binning in use
Bottleneck bin occupancy may not be accurately reported
Waiting for segments to complete...
Iteration completed successfully
Iteration wallclock: 0:26:41.996432, cputime: 0:42:36.687590


Mon Jul 25 22:56:01 2022
Iteration 108 (200 requested)
Beginning iteration 108
30 segments remain in iteration 108 (30 total)
4 of 32 (12.500000%) active bins are populated
per-bin minimum non-zero probability:       1.12464e-12
per-bin maximum probability:                0.999959
per-bin probability dynamic range (kT):     27.5135
per-segment minimum non-zero probability:   1.12464e-12
per-segment maximum non-zero probability:   0.0883833
per-segment probability dynamic range (kT): 25.0875
norm = 1, error in norm = 0 (0*epsilon)
MAB binning in use
Bottleneck bin occupancy may not be accurately reported
Waiting for segments to complete...
Iteration completed successfully
Iteration wallclock: 0:26:45.168717, cputime: 0:42:39.570042


Mon Jul 25 23:22:46 2022
Iteration 109 (200 requested)
Beginning iteration 109
30 segments remain in iteration 109 (30 total)
4 of 32 (12.500000%) active bins are populated
per-bin minimum non-zero probability:       1.12464e-12
per-bin maximum probability:                0.999995
per-bin probability dynamic range (kT):     27.5136
per-segment minimum non-zero probability:   1.12464e-12
per-segment maximum non-zero probability:   0.0883833
per-segment probability dynamic range (kT): 25.0875
norm = 1, error in norm = 2.22045e-16 (1*epsilon)
MAB binning in use
Bottleneck bin occupancy may not be accurately reported
Waiting for segments to complete...
Iteration completed successfully
Iteration wallclock: 0:27:46.240584, cputime: 0:42:38.212266


Mon Jul 25 23:50:32 2022
Iteration 110 (200 requested)
Beginning iteration 110
29 segments remain in iteration 110 (29 total)
4 of 32 (12.500000%) active bins are populated
per-bin minimum non-zero probability:       1.12464e-12
per-bin maximum probability:                0.929133
per-bin probability dynamic range (kT):     27.4401
per-segment minimum non-zero probability:   1.12464e-12
per-segment maximum non-zero probability:   0.0883833
per-segment probability dynamic range (kT): 25.0875
norm = 1, error in norm = 2.22045e-16 (1*epsilon)
MAB binning in use
Bottleneck bin occupancy may not be accurately reported
Waiting for segments to complete...
Iteration completed successfully
Iteration wallclock: 0:26:20.928285, cputime: 0:41:13.993943


Tue Jul 26 00:16:53 2022
Iteration 111 (200 requested)
Beginning iteration 111
29 segments remain in iteration 111 (29 total)
4 of 32 (12.500000%) active bins are populated
per-bin minimum non-zero probability:       1.12464e-12
per-bin maximum probability:                0.919258
per-bin probability dynamic range (kT):     27.4294
per-segment minimum non-zero probability:   1.12464e-12
per-segment maximum non-zero probability:   0.0883833
per-segment probability dynamic range (kT): 25.0875
norm = 1, error in norm = 2.22045e-16 (1*epsilon)
MAB binning in use
Bottleneck bin occupancy may not be accurately reported
Waiting for segments to complete...
Iteration completed successfully
Iteration wallclock: 0:26:07.448291, cputime: 0:41:10.856435


Tue Jul 26 00:43:01 2022
Iteration 112 (200 requested)
Beginning iteration 112
22 segments remain in iteration 112 (22 total)
3 of 32 (9.375000%) active bins are populated
per-bin minimum non-zero probability:       1.12464e-12
per-bin maximum probability:                0.991015
per-bin probability dynamic range (kT):     27.5045
per-segment minimum non-zero probability:   1.12464e-12
per-segment maximum non-zero probability:   0.0883833
per-segment probability dynamic range (kT): 25.0875
norm = 1, error in norm = 2.22045e-16 (1*epsilon)
MAB binning in use
Bottleneck bin occupancy may not be accurately reported
Waiting for segments to complete...
Iteration completed successfully
Iteration wallclock: 0:19:32.395078, cputime: 0:31:19.506882


Tue Jul 26 01:02:33 2022
Iteration 113 (200 requested)
Beginning iteration 113
22 segments remain in iteration 113 (22 total)
3 of 32 (9.375000%) active bins are populated
per-bin minimum non-zero probability:       1.12464e-12
per-bin maximum probability:                0.998877
per-bin probability dynamic range (kT):     27.5124
per-segment minimum non-zero probability:   1.12464e-12
per-segment maximum non-zero probability:   0.0883833
per-segment probability dynamic range (kT): 25.0875
norm = 1, error in norm = 2.22045e-16 (1*epsilon)
MAB binning in use
Bottleneck bin occupancy may not be accurately reported
Waiting for segments to complete...
Iteration completed successfully
Iteration wallclock: 0:19:41.119324, cputime: 0:31:14.408356


Tue Jul 26 01:22:14 2022
Iteration 114 (200 requested)
Beginning iteration 114
22 segments remain in iteration 114 (22 total)
3 of 32 (9.375000%) active bins are populated
per-bin minimum non-zero probability:       1.12464e-12
per-bin maximum probability:                0.99986
per-bin probability dynamic range (kT):     27.5134
per-segment minimum non-zero probability:   1.12464e-12
per-segment maximum non-zero probability:   0.0883833
per-segment probability dynamic range (kT): 25.0875
norm = 1, error in norm = 2.22045e-16 (1*epsilon)
MAB binning in use
Bottleneck bin occupancy may not be accurately reported
Waiting for segments to complete...
Iteration completed successfully
Iteration wallclock: 0:20:23.101714, cputime: 0:31:14.614611


Tue Jul 26 01:42:37 2022
Iteration 115 (200 requested)
Beginning iteration 115
22 segments remain in iteration 115 (22 total)
3 of 32 (9.375000%) active bins are populated
per-bin minimum non-zero probability:       1.12464e-12
per-bin maximum probability:                0.999982
per-bin probability dynamic range (kT):     27.5135
per-segment minimum non-zero probability:   1.12464e-12
per-segment maximum non-zero probability:   0.0883833
per-segment probability dynamic range (kT): 25.0875
norm = 1, error in norm = 2.22045e-16 (1*epsilon)
MAB binning in use
Bottleneck bin occupancy may not be accurately reported
Waiting for segments to complete...
Iteration completed successfully
Iteration wallclock: 0:19:30.692860, cputime: 0:31:20.073026


Tue Jul 26 02:02:08 2022
Iteration 116 (200 requested)
Beginning iteration 116
22 segments remain in iteration 116 (22 total)
3 of 32 (9.375000%) active bins are populated
per-bin minimum non-zero probability:       1.12464e-12
per-bin maximum probability:                0.999998
per-bin probability dynamic range (kT):     27.5136
per-segment minimum non-zero probability:   1.12464e-12
per-segment maximum non-zero probability:   0.0883833
per-segment probability dynamic range (kT): 25.0875
norm = 1, error in norm = 0 (0*epsilon)
MAB binning in use
Bottleneck bin occupancy may not be accurately reported
Waiting for segments to complete...
Iteration completed successfully
Iteration wallclock: 0:19:40.968832, cputime: 0:31:16.282983


Tue Jul 26 02:21:49 2022
Iteration 117 (200 requested)
Beginning iteration 117
22 segments remain in iteration 117 (22 total)
3 of 32 (9.375000%) active bins are populated
per-bin minimum non-zero probability:       1.12464e-12
per-bin maximum probability:                0.911617
per-bin probability dynamic range (kT):     27.421
per-segment minimum non-zero probability:   1.12464e-12
per-segment maximum non-zero probability:   0.0883833
per-segment probability dynamic range (kT): 25.0875
norm = 1, error in norm = 2.22045e-16 (1*epsilon)
MAB binning in use
Bottleneck bin occupancy may not be accurately reported
Waiting for segments to complete...
Iteration completed successfully
Iteration wallclock: 0:19:39.630610, cputime: 0:31:16.530716


Tue Jul 26 02:41:29 2022
Iteration 118 (200 requested)
Beginning iteration 118
28 segments remain in iteration 118 (28 total)
4 of 32 (12.500000%) active bins are populated
per-bin minimum non-zero probability:       1.12464e-12
per-bin maximum probability:                0.827489
per-bin probability dynamic range (kT):     27.3242
per-segment minimum non-zero probability:   1.12464e-12
per-segment maximum non-zero probability:   0.0839101
per-segment probability dynamic range (kT): 25.0355
norm = 1, error in norm = 2.22045e-16 (1*epsilon)
MAB binning in use
Bottleneck bin occupancy may not be accurately reported
Waiting for segments to complete...
Iteration completed successfully
Iteration wallclock: 0:24:52.563040, cputime: 0:39:51.814266


Tue Jul 26 03:06:21 2022
Iteration 119 (200 requested)
Beginning iteration 119
30 segments remain in iteration 119 (30 total)
4 of 32 (12.500000%) active bins are populated
per-bin minimum non-zero probability:       1.12464e-12
per-bin maximum probability:                0.917804
per-bin probability dynamic range (kT):     27.4278
per-segment minimum non-zero probability:   1.12464e-12
per-segment maximum non-zero probability:   0.0839101
per-segment probability dynamic range (kT): 25.0355
norm = 1, error in norm = 2.22045e-16 (1*epsilon)
MAB binning in use
Bottleneck bin occupancy may not be accurately reported
Waiting for segments to complete...
Iteration completed successfully
Iteration wallclock: 0:26:45.767265, cputime: 0:42:43.006962


Tue Jul 26 03:33:07 2022
Iteration 120 (200 requested)
Beginning iteration 120
23 segments remain in iteration 120 (23 total)
3 of 32 (9.375000%) active bins are populated
per-bin minimum non-zero probability:       1.12464e-12
per-bin maximum probability:                0.998619
per-bin probability dynamic range (kT):     27.5122
per-segment minimum non-zero probability:   1.12464e-12
per-segment maximum non-zero probability:   0.0839101
per-segment probability dynamic range (kT): 25.0355
norm = 1, error in norm = 0 (0*epsilon)
MAB binning in use
Bottleneck bin occupancy may not be accurately reported
Waiting for segments to complete...
Iteration completed successfully
Iteration wallclock: 0:21:05.827101, cputime: 0:32:45.733027


Tue Jul 26 03:54:13 2022
Iteration 121 (200 requested)
Beginning iteration 121
23 segments remain in iteration 121 (23 total)
3 of 32 (9.375000%) active bins are populated
per-bin minimum non-zero probability:       1.12464e-12
per-bin maximum probability:                0.999827
per-bin probability dynamic range (kT):     27.5134
per-segment minimum non-zero probability:   1.12464e-12
per-segment maximum non-zero probability:   0.0839101
per-segment probability dynamic range (kT): 25.0355
norm = 1, error in norm = 2.22045e-16 (1*epsilon)
MAB binning in use
Bottleneck bin occupancy may not be accurately reported
Waiting for segments to complete...
Iteration completed successfully
Iteration wallclock: 0:21:00.440261, cputime: 0:32:43.424963


Tue Jul 26 04:15:13 2022
Iteration 122 (200 requested)
Beginning iteration 122
23 segments remain in iteration 122 (23 total)
3 of 32 (9.375000%) active bins are populated
per-bin minimum non-zero probability:       1.12464e-12
per-bin maximum probability:                0.999978
per-bin probability dynamic range (kT):     27.5135
per-segment minimum non-zero probability:   1.12464e-12
per-segment maximum non-zero probability:   0.0839101
per-segment probability dynamic range (kT): 25.0355
norm = 1, error in norm = 2.22045e-16 (1*epsilon)
MAB binning in use
Bottleneck bin occupancy may not be accurately reported
Waiting for segments to complete...
Iteration completed successfully
Iteration wallclock: 0:20:49.705016, cputime: 0:32:41.702221


Tue Jul 26 04:36:03 2022
Iteration 123 (200 requested)
Beginning iteration 123
23 segments remain in iteration 123 (23 total)
3 of 32 (9.375000%) active bins are populated
per-bin minimum non-zero probability:       1.12464e-12
per-bin maximum probability:                0.999997
per-bin probability dynamic range (kT):     27.5136
per-segment minimum non-zero probability:   1.12464e-12
per-segment maximum non-zero probability:   0.0839101
per-segment probability dynamic range (kT): 25.0355
norm = 1, error in norm = 0 (0*epsilon)
MAB binning in use
Bottleneck bin occupancy may not be accurately reported
Waiting for segments to complete...
Iteration completed successfully
Iteration wallclock: 0:20:47.279999, cputime: 0:32:37.725004


Tue Jul 26 04:56:50 2022
Iteration 124 (200 requested)
Beginning iteration 124
31 segments remain in iteration 124 (31 total)
4 of 32 (12.500000%) active bins are populated
per-bin minimum non-zero probability:       1.12464e-12
per-bin maximum probability:                0.793072
per-bin probability dynamic range (kT):     27.2817
per-segment minimum non-zero probability:   1.12464e-12
per-segment maximum non-zero probability:   0.0839101
per-segment probability dynamic range (kT): 25.0355
norm = 1, error in norm = 2.22045e-16 (1*epsilon)
MAB binning in use
Bottleneck bin occupancy may not be accurately reported
Waiting for segments to complete...
Iteration completed successfully
Iteration wallclock: 0:40:29.548776, cputime: 0:43:59.279723


Tue Jul 26 05:37:20 2022
Iteration 125 (200 requested)
Beginning iteration 125
22 segments remain in iteration 125 (22 total)
3 of 32 (9.375000%) active bins are populated
per-bin minimum non-zero probability:       1.12464e-12
per-bin maximum probability:                0.938491
per-bin probability dynamic range (kT):     27.4501
per-segment minimum non-zero probability:   1.12464e-12
per-segment maximum non-zero probability:   0.0839101
per-segment probability dynamic range (kT): 25.0355
norm = 1, error in norm = 0 (0*epsilon)
MAB binning in use
Bottleneck bin occupancy may not be accurately reported
Waiting for segments to complete...
Iteration completed successfully
Iteration wallclock: 0:19:34.336002, cputime: 0:31:20.675782


Tue Jul 26 05:56:54 2022
Iteration 126 (200 requested)
Beginning iteration 126
22 segments remain in iteration 126 (22 total)
3 of 32 (9.375000%) active bins are populated
per-bin minimum non-zero probability:       1.12464e-12
per-bin maximum probability:                0.934514
per-bin probability dynamic range (kT):     27.4458
per-segment minimum non-zero probability:   1.12464e-12
per-segment maximum non-zero probability:   0.0839101
per-segment probability dynamic range (kT): 25.0355
norm = 1, error in norm = 4.44089e-16 (2*epsilon)
MAB binning in use
Bottleneck bin occupancy may not be accurately reported
Waiting for segments to complete...
Iteration completed successfully
Iteration wallclock: 0:19:38.527798, cputime: 0:31:15.582239


Tue Jul 26 06:16:33 2022
Iteration 127 (200 requested)
Beginning iteration 127
30 segments remain in iteration 127 (30 total)
4 of 32 (12.500000%) active bins are populated
per-bin minimum non-zero probability:       1.12464e-12
per-bin maximum probability:                0.934159
per-bin probability dynamic range (kT):     27.4454
per-segment minimum non-zero probability:   1.12464e-12
per-segment maximum non-zero probability:   0.0839101
per-segment probability dynamic range (kT): 25.0355
norm = 1, error in norm = 2.22045e-16 (1*epsilon)
MAB binning in use
Bottleneck bin occupancy may not be accurately reported
Waiting for segments to complete...
Iteration completed successfully
Iteration wallclock: 0:26:41.979573, cputime: 0:42:39.312162


Tue Jul 26 06:43:15 2022
Iteration 128 (200 requested)
Beginning iteration 128
23 segments remain in iteration 128 (23 total)
3 of 32 (9.375000%) active bins are populated
per-bin minimum non-zero probability:       1.12464e-12
per-bin maximum probability:                0.998977
per-bin probability dynamic range (kT):     27.5125
per-segment minimum non-zero probability:   1.12464e-12
per-segment maximum non-zero probability:   0.0839101
per-segment probability dynamic range (kT): 25.0355
norm = 1, error in norm = 2.22045e-16 (1*epsilon)
MAB binning in use
Bottleneck bin occupancy may not be accurately reported
Waiting for segments to complete...
Iteration completed successfully
Iteration wallclock: 0:20:50.957106, cputime: 0:32:43.149466


Tue Jul 26 07:04:06 2022
Iteration 129 (200 requested)
Beginning iteration 129
23 segments remain in iteration 129 (23 total)
3 of 32 (9.375000%) active bins are populated
per-bin minimum non-zero probability:       1.12464e-12
per-bin maximum probability:                0.999872
per-bin probability dynamic range (kT):     27.5134
per-segment minimum non-zero probability:   1.12464e-12
per-segment maximum non-zero probability:   0.0839101
per-segment probability dynamic range (kT): 25.0355
norm = 1, error in norm = 2.22045e-16 (1*epsilon)
MAB binning in use
Bottleneck bin occupancy may not be accurately reported
Waiting for segments to complete...
Iteration completed successfully
Iteration wallclock: 0:20:59.422562, cputime: 0:32:43.160436


Tue Jul 26 07:25:05 2022
Iteration 130 (200 requested)
Beginning iteration 130
29 segments remain in iteration 130 (29 total)
4 of 32 (12.500000%) active bins are populated
per-bin minimum non-zero probability:       1.12464e-12
per-bin maximum probability:                0.877704
per-bin probability dynamic range (kT):     27.3831
per-segment minimum non-zero probability:   1.12464e-12
per-segment maximum non-zero probability:   0.0839101
per-segment probability dynamic range (kT): 25.0355
norm = 1, error in norm = 2.22045e-16 (1*epsilon)
MAB binning in use
Bottleneck bin occupancy may not be accurately reported
Waiting for segments to complete...
Iteration completed successfully
Iteration wallclock: 0:31:44.470535, cputime: 0:41:11.043280


Tue Jul 26 07:56:50 2022
Iteration 131 (200 requested)
Beginning iteration 131
23 segments remain in iteration 131 (23 total)
3 of 32 (9.375000%) active bins are populated
per-bin minimum non-zero probability:       1.12464e-12
per-bin maximum probability:                0.992356
per-bin probability dynamic range (kT):     27.5059
per-segment minimum non-zero probability:   1.12464e-12
per-segment maximum non-zero probability:   0.0839101
per-segment probability dynamic range (kT): 25.0355
norm = 1, error in norm = -1.11022e-16 (-0.5*epsilon)
MAB binning in use
Bottleneck bin occupancy may not be accurately reported
Waiting for segments to complete...
Iteration completed successfully
Iteration wallclock: 0:20:57.134607, cputime: 0:32:40.883972


Tue Jul 26 08:17:47 2022
Iteration 132 (200 requested)
Beginning iteration 132
23 segments remain in iteration 132 (23 total)
3 of 32 (9.375000%) active bins are populated
per-bin minimum non-zero probability:       1.12464e-12
per-bin maximum probability:                0.999045
per-bin probability dynamic range (kT):     27.5126
per-segment minimum non-zero probability:   1.12464e-12
per-segment maximum non-zero probability:   0.0839101
per-segment probability dynamic range (kT): 25.0355
norm = 1, error in norm = 2.22045e-16 (1*epsilon)
MAB binning in use
Bottleneck bin occupancy may not be accurately reported
Waiting for segments to complete...
Iteration completed successfully
Iteration wallclock: 0:20:57.938150, cputime: 0:32:42.791738


Tue Jul 26 08:38:45 2022
Iteration 133 (200 requested)
Beginning iteration 133
29 segments remain in iteration 133 (29 total)
4 of 32 (12.500000%) active bins are populated
per-bin minimum non-zero probability:       1.12464e-12
per-bin maximum probability:                0.875243
per-bin probability dynamic range (kT):     27.3803
per-segment minimum non-zero probability:   1.12464e-12
per-segment maximum non-zero probability:   0.0839101
per-segment probability dynamic range (kT): 25.0355
norm = 1, error in norm = 4.44089e-16 (2*epsilon)
MAB binning in use
Bottleneck bin occupancy may not be accurately reported
Waiting for segments to complete...
Iteration completed successfully
Iteration wallclock: 0:33:10.892485, cputime: 0:41:21.270823


Tue Jul 26 09:11:56 2022
Iteration 134 (200 requested)
Beginning iteration 134
22 segments remain in iteration 134 (22 total)
3 of 32 (9.375000%) active bins are populated
per-bin minimum non-zero probability:       1.12464e-12
per-bin maximum probability:                0.936823
per-bin probability dynamic range (kT):     27.4483
per-segment minimum non-zero probability:   1.12464e-12
per-segment maximum non-zero probability:   0.0839101
per-segment probability dynamic range (kT): 25.0355
norm = 1, error in norm = 4.44089e-16 (2*epsilon)
MAB binning in use
Bottleneck bin occupancy may not be accurately reported
Waiting for segments to complete...
Iteration completed successfully
Iteration wallclock: 0:19:26.518609, cputime: 0:31:20.597345


Tue Jul 26 09:31:22 2022
Iteration 135 (200 requested)
Beginning iteration 135
22 segments remain in iteration 135 (22 total)
3 of 32 (9.375000%) active bins are populated
per-bin minimum non-zero probability:       1.12464e-12
per-bin maximum probability:                0.941727
per-bin probability dynamic range (kT):     27.4535
per-segment minimum non-zero probability:   1.12464e-12
per-segment maximum non-zero probability:   0.0839101
per-segment probability dynamic range (kT): 25.0355
norm = 1, error in norm = 0 (0*epsilon)
MAB binning in use
Bottleneck bin occupancy may not be accurately reported
Waiting for segments to complete...
Iteration completed successfully
Iteration wallclock: 0:19:39.180673, cputime: 0:31:17.486784


Tue Jul 26 09:51:01 2022
Iteration 136 (200 requested)
Beginning iteration 136
31 segments remain in iteration 136 (31 total)
4 of 32 (12.500000%) active bins are populated
per-bin minimum non-zero probability:       1.12464e-12
per-bin maximum probability:                0.985432
per-bin probability dynamic range (kT):     27.4989
per-segment minimum non-zero probability:   1.12464e-12
per-segment maximum non-zero probability:   0.0839101
per-segment probability dynamic range (kT): 25.0355
norm = 1, error in norm = 2.22045e-16 (1*epsilon)
MAB binning in use
Bottleneck bin occupancy may not be accurately reported
Waiting for segments to complete...
Iteration completed successfully
Iteration wallclock: 0:28:02.052814, cputime: 0:44:07.756206


Tue Jul 26 10:19:03 2022
Iteration 137 (200 requested)
Beginning iteration 137
22 segments remain in iteration 137 (22 total)
3 of 32 (9.375000%) active bins are populated
per-bin minimum non-zero probability:       1.12464e-12
per-bin maximum probability:                0.920528
per-bin probability dynamic range (kT):     27.4307
per-segment minimum non-zero probability:   1.12464e-12
per-segment maximum non-zero probability:   0.0839101
per-segment probability dynamic range (kT): 25.0355
norm = 1, error in norm = -1.11022e-16 (-0.5*epsilon)
MAB binning in use
Bottleneck bin occupancy may not be accurately reported
Waiting for segments to complete...
Iteration completed successfully
Iteration wallclock: 0:22:22.620935, cputime: 0:31:14.791612


Tue Jul 26 10:41:26 2022
Iteration 138 (200 requested)
Beginning iteration 138
22 segments remain in iteration 138 (22 total)
3 of 32 (9.375000%) active bins are populated
per-bin minimum non-zero probability:       1.12464e-12
per-bin maximum probability:                0.943447
per-bin probability dynamic range (kT):     27.4553
per-segment minimum non-zero probability:   1.12464e-12
per-segment maximum non-zero probability:   0.0839101
per-segment probability dynamic range (kT): 25.0355
norm = 1, error in norm = 2.22045e-16 (1*epsilon)
MAB binning in use
Bottleneck bin occupancy may not be accurately reported
Waiting for segments to complete...
Iteration completed successfully
Iteration wallclock: 0:19:46.758509, cputime: 0:31:02.800911


Tue Jul 26 11:01:13 2022
Iteration 139 (200 requested)
Beginning iteration 139
30 segments remain in iteration 139 (30 total)
4 of 32 (12.500000%) active bins are populated
per-bin minimum non-zero probability:       1.12464e-12
per-bin maximum probability:                0.917471
per-bin probability dynamic range (kT):     27.4274
per-segment minimum non-zero probability:   1.12464e-12
per-segment maximum non-zero probability:   0.0839101
per-segment probability dynamic range (kT): 25.0355
norm = 1, error in norm = 2.22045e-16 (1*epsilon)
MAB binning in use
Bottleneck bin occupancy may not be accurately reported
Waiting for segments to complete...
Iteration completed successfully
Iteration wallclock: 0:29:22.680773, cputime: 0:42:13.025338


Tue Jul 26 11:30:35 2022
Iteration 140 (200 requested)
Beginning iteration 140
31 segments remain in iteration 140 (31 total)
4 of 32 (12.500000%) active bins are populated
per-bin minimum non-zero probability:       1.12464e-12
per-bin maximum probability:                0.989684
per-bin probability dynamic range (kT):     27.5032
per-segment minimum non-zero probability:   1.12464e-12
per-segment maximum non-zero probability:   0.0839101
per-segment probability dynamic range (kT): 25.0355
norm = 1, error in norm = -2.22045e-16 (-1*epsilon)
MAB binning in use
Bottleneck bin occupancy may not be accurately reported
Waiting for segments to complete...
Iteration completed successfully
Iteration wallclock: 0:27:36.818238, cputime: 0:43:41.980686


Tue Jul 26 11:58:12 2022
Iteration 141 (200 requested)
Beginning iteration 141
30 segments remain in iteration 141 (30 total)
4 of 32 (12.500000%) active bins are populated
per-bin minimum non-zero probability:       1.12464e-12
per-bin maximum probability:                0.927368
per-bin probability dynamic range (kT):     27.4382
per-segment minimum non-zero probability:   1.12464e-12
per-segment maximum non-zero probability:   0.0839101
per-segment probability dynamic range (kT): 25.0355
norm = 1, error in norm = 2.22045e-16 (1*epsilon)
MAB binning in use
Bottleneck bin occupancy may not be accurately reported
Waiting for segments to complete...
Iteration completed successfully
Iteration wallclock: 0:29:28.138555, cputime: 0:42:14.933384


Tue Jul 26 12:27:40 2022
Iteration 142 (200 requested)
Beginning iteration 142
23 segments remain in iteration 142 (23 total)
3 of 32 (9.375000%) active bins are populated
per-bin minimum non-zero probability:       1.12464e-12
per-bin maximum probability:                0.999986
per-bin probability dynamic range (kT):     27.5135
per-segment minimum non-zero probability:   1.12464e-12
per-segment maximum non-zero probability:   0.0839101
per-segment probability dynamic range (kT): 25.0355
norm = 1, error in norm = 4.44089e-16 (2*epsilon)
MAB binning in use
Bottleneck bin occupancy may not be accurately reported
Waiting for segments to complete...
Iteration completed successfully
Iteration wallclock: 0:22:33.498421, cputime: 0:32:20.408134


Tue Jul 26 12:50:14 2022
Iteration 143 (200 requested)
Beginning iteration 143
23 segments remain in iteration 143 (23 total)
3 of 32 (9.375000%) active bins are populated
per-bin minimum non-zero probability:       1.12464e-12
per-bin maximum probability:                0.999998
per-bin probability dynamic range (kT):     27.5136
per-segment minimum non-zero probability:   1.12464e-12
per-segment maximum non-zero probability:   0.0839101
per-segment probability dynamic range (kT): 25.0355
norm = 1, error in norm = 2.22045e-16 (1*epsilon)
MAB binning in use
Bottleneck bin occupancy may not be accurately reported
Waiting for segments to complete...
Iteration completed successfully
Iteration wallclock: 0:20:33.893998, cputime: 0:32:19.174817


Tue Jul 26 13:10:48 2022
Iteration 144 (200 requested)
Beginning iteration 144
29 segments remain in iteration 144 (29 total)
4 of 32 (12.500000%) active bins are populated
per-bin minimum non-zero probability:       1.12464e-12
per-bin maximum probability:                0.867843
per-bin probability dynamic range (kT):     27.3718
per-segment minimum non-zero probability:   1.12464e-12
per-segment maximum non-zero probability:   0.0839101
per-segment probability dynamic range (kT): 25.0355
norm = 1, error in norm = 2.22045e-16 (1*epsilon)
MAB binning in use
Bottleneck bin occupancy may not be accurately reported
Waiting for segments to complete...
Iteration completed successfully
Iteration wallclock: 0:25:52.634950, cputime: 0:40:45.810740


Tue Jul 26 13:36:40 2022
Iteration 145 (200 requested)
Beginning iteration 145
31 segments remain in iteration 145 (31 total)
4 of 32 (12.500000%) active bins are populated
per-bin minimum non-zero probability:       1.12464e-12
per-bin maximum probability:                0.98348
per-bin probability dynamic range (kT):     27.4969
per-segment minimum non-zero probability:   1.12464e-12
per-segment maximum non-zero probability:   0.0839101
per-segment probability dynamic range (kT): 25.0355
norm = 1, error in norm = 0 (0*epsilon)
MAB binning in use
Bottleneck bin occupancy may not be accurately reported
Waiting for segments to complete...
Iteration completed successfully
Iteration wallclock: 0:27:30.019903, cputime: 0:43:32.492608


Tue Jul 26 14:04:10 2022
Iteration 146 (200 requested)
Beginning iteration 146
23 segments remain in iteration 146 (23 total)
3 of 32 (9.375000%) active bins are populated
per-bin minimum non-zero probability:       1.12464e-12
per-bin maximum probability:                0.999081
per-bin probability dynamic range (kT):     27.5126
per-segment minimum non-zero probability:   1.12464e-12
per-segment maximum non-zero probability:   0.0839101
per-segment probability dynamic range (kT): 25.0355
norm = 1, error in norm = 2.22045e-16 (1*epsilon)
MAB binning in use
Bottleneck bin occupancy may not be accurately reported
Waiting for segments to complete...
Iteration completed successfully
Iteration wallclock: 0:27:03.217649, cputime: 0:32:19.508858


Tue Jul 26 14:31:14 2022
Iteration 147 (200 requested)
Beginning iteration 147
30 segments remain in iteration 147 (30 total)
4 of 32 (12.500000%) active bins are populated
per-bin minimum non-zero probability:       1.12464e-12
per-bin maximum probability:                0.936285
per-bin probability dynamic range (kT):     27.4477
per-segment minimum non-zero probability:   1.12464e-12
per-segment maximum non-zero probability:   0.0839101
per-segment probability dynamic range (kT): 25.0355
norm = 1, error in norm = 0 (0*epsilon)
MAB binning in use
Bottleneck bin occupancy may not be accurately reported
Waiting for segments to complete...
Iteration completed successfully
Iteration wallclock: 2:01:11.988329, cputime: 0:42:15.874347


Tue Jul 26 16:32:26 2022
Iteration 148 (200 requested)
Beginning iteration 148
23 segments remain in iteration 148 (23 total)
3 of 32 (9.375000%) active bins are populated
per-bin minimum non-zero probability:       1.12464e-12
per-bin maximum probability:                0.999986
per-bin probability dynamic range (kT):     27.5135
per-segment minimum non-zero probability:   1.12464e-12
per-segment maximum non-zero probability:   0.0839101
per-segment probability dynamic range (kT): 25.0355
norm = 1, error in norm = 2.22045e-16 (1*epsilon)
MAB binning in use
Bottleneck bin occupancy may not be accurately reported
Waiting for segments to complete...
Iteration completed successfully
Iteration wallclock: 0:20:53.809438, cputime: 0:32:26.540009


Tue Jul 26 16:53:19 2022
Iteration 149 (200 requested)
Beginning iteration 149
23 segments remain in iteration 149 (23 total)
3 of 32 (9.375000%) active bins are populated
per-bin minimum non-zero probability:       1.12464e-12
per-bin maximum probability:                0.999998
per-bin probability dynamic range (kT):     27.5136
per-segment minimum non-zero probability:   1.12464e-12
per-segment maximum non-zero probability:   0.0839101
per-segment probability dynamic range (kT): 25.0355
norm = 1, error in norm = 2.22045e-16 (1*epsilon)
MAB binning in use
Bottleneck bin occupancy may not be accurately reported
Waiting for segments to complete...
Iteration completed successfully
Iteration wallclock: 0:20:56.471701, cputime: 0:32:27.086447


Tue Jul 26 17:14:16 2022
Iteration 150 (200 requested)
Beginning iteration 150
23 segments remain in iteration 150 (23 total)
3 of 32 (9.375000%) active bins are populated
per-bin minimum non-zero probability:       1.12464e-12
per-bin maximum probability:                0.874108
per-bin probability dynamic range (kT):     27.379
per-segment minimum non-zero probability:   1.12464e-12
per-segment maximum non-zero probability:   0.0839101
per-segment probability dynamic range (kT): 25.0355
norm = 1, error in norm = 4.44089e-16 (2*epsilon)
MAB binning in use
Bottleneck bin occupancy may not be accurately reported
Waiting for segments to complete...
Iteration completed successfully
Iteration wallclock: 0:20:43.810782, cputime: 0:32:24.442757


Tue Jul 26 17:35:00 2022
Iteration 151 (200 requested)
Beginning iteration 151
22 segments remain in iteration 151 (22 total)
3 of 32 (9.375000%) active bins are populated
per-bin minimum non-zero probability:       1.12464e-12
per-bin maximum probability:                0.938147
per-bin probability dynamic range (kT):     27.4497
per-segment minimum non-zero probability:   1.12464e-12
per-segment maximum non-zero probability:   0.0839101
per-segment probability dynamic range (kT): 25.0355
norm = 1, error in norm = 2.22045e-16 (1*epsilon)
MAB binning in use
Bottleneck bin occupancy may not be accurately reported
Waiting for segments to complete...
Iteration completed successfully
Iteration wallclock: 0:19:23.680986, cputime: 0:31:02.111298


Tue Jul 26 17:54:23 2022
Iteration 152 (200 requested)
Beginning iteration 152
31 segments remain in iteration 152 (31 total)
4 of 32 (12.500000%) active bins are populated
per-bin minimum non-zero probability:       1.12464e-12
per-bin maximum probability:                0.984537
per-bin probability dynamic range (kT):     27.498
per-segment minimum non-zero probability:   1.12464e-12
per-segment maximum non-zero probability:   0.0839101
per-segment probability dynamic range (kT): 25.0355
norm = 1, error in norm = 4.44089e-16 (2*epsilon)
MAB binning in use
Bottleneck bin occupancy may not be accurately reported
Waiting for segments to complete...
Iteration completed successfully
Iteration wallclock: 0:27:40.411851, cputime: 0:43:41.234970


Tue Jul 26 18:22:04 2022
Iteration 153 (200 requested)
Beginning iteration 153
23 segments remain in iteration 153 (23 total)
3 of 32 (9.375000%) active bins are populated
per-bin minimum non-zero probability:       1.12464e-12
per-bin maximum probability:                0.999034
per-bin probability dynamic range (kT):     27.5126
per-segment minimum non-zero probability:   1.12464e-12
per-segment maximum non-zero probability:   0.0839101
per-segment probability dynamic range (kT): 25.0355
norm = 1, error in norm = 4.44089e-16 (2*epsilon)
MAB binning in use
Bottleneck bin occupancy may not be accurately reported
Waiting for segments to complete...
Iteration completed successfully
Iteration wallclock: 0:20:44.142459, cputime: 0:32:25.523689


Tue Jul 26 18:42:48 2022
Iteration 154 (200 requested)
Beginning iteration 154
22 segments remain in iteration 154 (22 total)
3 of 32 (9.375000%) active bins are populated
per-bin minimum non-zero probability:       1.12464e-12
per-bin maximum probability:                0.938357
per-bin probability dynamic range (kT):     27.4499
per-segment minimum non-zero probability:   1.12464e-12
per-segment maximum non-zero probability:   0.0839101
per-segment probability dynamic range (kT): 25.0355
norm = 1, error in norm = 0 (0*epsilon)
MAB binning in use
Bottleneck bin occupancy may not be accurately reported
Waiting for segments to complete...
Iteration completed successfully
Iteration wallclock: 0:19:29.050463, cputime: 0:31:03.540052


Tue Jul 26 19:02:17 2022
Iteration 155 (200 requested)
Beginning iteration 155
23 segments remain in iteration 155 (23 total)
3 of 32 (9.375000%) active bins are populated
per-bin minimum non-zero probability:       1.12464e-12
per-bin maximum probability:                0.992295
per-bin probability dynamic range (kT):     27.5058
per-segment minimum non-zero probability:   1.12464e-12
per-segment maximum non-zero probability:   0.0839101
per-segment probability dynamic range (kT): 25.0355
norm = 1, error in norm = 0 (0*epsilon)
MAB binning in use
Bottleneck bin occupancy may not be accurately reported
Waiting for segments to complete...
Iteration completed successfully
Iteration wallclock: 0:20:40.171791, cputime: 0:32:22.255304


Tue Jul 26 19:22:57 2022
Iteration 156 (200 requested)
Beginning iteration 156
23 segments remain in iteration 156 (23 total)
3 of 32 (9.375000%) active bins are populated
per-bin minimum non-zero probability:       1.12464e-12
per-bin maximum probability:                0.999037
per-bin probability dynamic range (kT):     27.5126
per-segment minimum non-zero probability:   1.12464e-12
per-segment maximum non-zero probability:   0.0839101
per-segment probability dynamic range (kT): 25.0355
norm = 1, error in norm = 2.22045e-16 (1*epsilon)
MAB binning in use
Bottleneck bin occupancy may not be accurately reported
Waiting for segments to complete...
Iteration completed successfully
Iteration wallclock: 0:20:44.663134, cputime: 0:32:24.834474


Tue Jul 26 19:43:42 2022
Iteration 157 (200 requested)
Beginning iteration 157
23 segments remain in iteration 157 (23 total)
3 of 32 (9.375000%) active bins are populated
per-bin minimum non-zero probability:       1.12464e-12
per-bin maximum probability:                0.99988
per-bin probability dynamic range (kT):     27.5134
per-segment minimum non-zero probability:   1.12464e-12
per-segment maximum non-zero probability:   0.0839101
per-segment probability dynamic range (kT): 25.0355
norm = 1, error in norm = 2.22045e-16 (1*epsilon)
MAB binning in use
Bottleneck bin occupancy may not be accurately reported
Waiting for segments to complete...
Iteration completed successfully
Iteration wallclock: 0:21:27.691298, cputime: 0:32:24.337837


Tue Jul 26 20:05:10 2022
Iteration 158 (200 requested)
Beginning iteration 158
23 segments remain in iteration 158 (23 total)
3 of 32 (9.375000%) active bins are populated
per-bin minimum non-zero probability:       1.12464e-12
per-bin maximum probability:                0.999985
per-bin probability dynamic range (kT):     27.5135
per-segment minimum non-zero probability:   1.12464e-12
per-segment maximum non-zero probability:   0.0839101
per-segment probability dynamic range (kT): 25.0355
norm = 1, error in norm = 4.44089e-16 (2*epsilon)
MAB binning in use
Bottleneck bin occupancy may not be accurately reported
Waiting for segments to complete...
Iteration completed successfully
Iteration wallclock: 0:20:44.917372, cputime: 0:32:23.910365


Tue Jul 26 20:25:55 2022
Iteration 159 (200 requested)
Beginning iteration 159
22 segments remain in iteration 159 (22 total)
3 of 32 (9.375000%) active bins are populated
per-bin minimum non-zero probability:       1.12464e-12
per-bin maximum probability:                0.932197
per-bin probability dynamic range (kT):     27.4433
per-segment minimum non-zero probability:   1.12464e-12
per-segment maximum non-zero probability:   0.0839101
per-segment probability dynamic range (kT): 25.0355
norm = 1, error in norm = 2.22045e-16 (1*epsilon)
MAB binning in use
Bottleneck bin occupancy may not be accurately reported
Waiting for segments to complete...
Iteration completed successfully
Iteration wallclock: 0:19:22.838945, cputime: 0:31:03.287636


Tue Jul 26 20:45:17 2022
Iteration 160 (200 requested)
Beginning iteration 160
23 segments remain in iteration 160 (23 total)
3 of 32 (9.375000%) active bins are populated
per-bin minimum non-zero probability:       1.12464e-12
per-bin maximum probability:                0.991525
per-bin probability dynamic range (kT):     27.505
per-segment minimum non-zero probability:   1.12464e-12
per-segment maximum non-zero probability:   0.0839101
per-segment probability dynamic range (kT): 25.0355
norm = 1, error in norm = 0 (0*epsilon)
MAB binning in use
Bottleneck bin occupancy may not be accurately reported
Waiting for segments to complete...
Iteration completed successfully
Iteration wallclock: 0:20:54.202165, cputime: 0:32:25.103087


Tue Jul 26 21:06:12 2022
Iteration 161 (200 requested)
Beginning iteration 161
31 segments remain in iteration 161 (31 total)
4 of 32 (12.500000%) active bins are populated
per-bin minimum non-zero probability:       1.12464e-12
per-bin maximum probability:                0.997881
per-bin probability dynamic range (kT):     27.5114
per-segment minimum non-zero probability:   1.12464e-12
per-segment maximum non-zero probability:   0.0839101
per-segment probability dynamic range (kT): 25.0355
norm = 1, error in norm = 0 (0*epsilon)
MAB binning in use
Bottleneck bin occupancy may not be accurately reported
Waiting for segments to complete...
Iteration completed successfully
Iteration wallclock: 0:30:10.243575, cputime: 0:43:47.145874


Tue Jul 26 21:36:22 2022
Iteration 162 (200 requested)
Beginning iteration 162
23 segments remain in iteration 162 (23 total)
3 of 32 (9.375000%) active bins are populated
per-bin minimum non-zero probability:       1.12464e-12
per-bin maximum probability:                0.999868
per-bin probability dynamic range (kT):     27.5134
per-segment minimum non-zero probability:   1.12464e-12
per-segment maximum non-zero probability:   0.0839101
per-segment probability dynamic range (kT): 25.0355
norm = 1, error in norm = 2.22045e-16 (1*epsilon)
MAB binning in use
Bottleneck bin occupancy may not be accurately reported
Waiting for segments to complete...
Iteration completed successfully
Iteration wallclock: 0:20:45.158626, cputime: 0:32:25.908905


Tue Jul 26 21:57:07 2022
Iteration 163 (200 requested)
Beginning iteration 163
23 segments remain in iteration 163 (23 total)
3 of 32 (9.375000%) active bins are populated
per-bin minimum non-zero probability:       1.12464e-12
per-bin maximum probability:                0.999983
per-bin probability dynamic range (kT):     27.5135
per-segment minimum non-zero probability:   1.12464e-12
per-segment maximum non-zero probability:   0.0839101
per-segment probability dynamic range (kT): 25.0355
norm = 1, error in norm = 0 (0*epsilon)
MAB binning in use
Bottleneck bin occupancy may not be accurately reported
Waiting for segments to complete...
Iteration completed successfully
Iteration wallclock: 0:24:06.798287, cputime: 0:32:25.257356


Tue Jul 26 22:21:14 2022
Iteration 164 (200 requested)
Beginning iteration 164
23 segments remain in iteration 164 (23 total)
3 of 32 (9.375000%) active bins are populated
per-bin minimum non-zero probability:       1.12464e-12
per-bin maximum probability:                0.999998
per-bin probability dynamic range (kT):     27.5136
per-segment minimum non-zero probability:   1.12464e-12
per-segment maximum non-zero probability:   0.0839101
per-segment probability dynamic range (kT): 25.0355
norm = 1, error in norm = 2.22045e-16 (1*epsilon)
MAB binning in use
Bottleneck bin occupancy may not be accurately reported
Waiting for segments to complete...
Iteration completed successfully
Iteration wallclock: 0:20:42.882395, cputime: 0:32:24.156369


Tue Jul 26 22:41:57 2022
Iteration 165 (200 requested)
Beginning iteration 165
31 segments remain in iteration 165 (31 total)
4 of 32 (12.500000%) active bins are populated
per-bin minimum non-zero probability:       1.12464e-12
per-bin maximum probability:                0.721382
per-bin probability dynamic range (kT):     27.187
per-segment minimum non-zero probability:   1.12464e-12
per-segment maximum non-zero probability:   0.0839101
per-segment probability dynamic range (kT): 25.0355
norm = 1, error in norm = 4.44089e-16 (2*epsilon)
MAB binning in use
Bottleneck bin occupancy may not be accurately reported
Waiting for segments to complete...
Iteration completed successfully
Iteration wallclock: 0:27:44.441473, cputime: 0:43:41.323601


Tue Jul 26 23:09:41 2022
Iteration 166 (200 requested)
Beginning iteration 166
22 segments remain in iteration 166 (22 total)
3 of 32 (9.375000%) active bins are populated
per-bin minimum non-zero probability:       1.12464e-12
per-bin maximum probability:                0.936742
per-bin probability dynamic range (kT):     27.4482
per-segment minimum non-zero probability:   1.12464e-12
per-segment maximum non-zero probability:   0.0839101
per-segment probability dynamic range (kT): 25.0355
norm = 1, error in norm = 0 (0*epsilon)
MAB binning in use
Bottleneck bin occupancy may not be accurately reported
Waiting for segments to complete...
Iteration completed successfully
Iteration wallclock: 0:19:25.942153, cputime: 0:30:58.050525


Tue Jul 26 23:29:07 2022
Iteration 167 (200 requested)
Beginning iteration 167
22 segments remain in iteration 167 (22 total)
3 of 32 (9.375000%) active bins are populated
per-bin minimum non-zero probability:       1.12464e-12
per-bin maximum probability:                0.930688
per-bin probability dynamic range (kT):     27.4417
per-segment minimum non-zero probability:   1.12464e-12
per-segment maximum non-zero probability:   0.0839101
per-segment probability dynamic range (kT): 25.0355
norm = 1, error in norm = 2.22045e-16 (1*epsilon)
MAB binning in use
Bottleneck bin occupancy may not be accurately reported
Waiting for segments to complete...
Iteration completed successfully
Iteration wallclock: 0:19:28.797870, cputime: 0:30:57.458684


Tue Jul 26 23:48:36 2022
Iteration 168 (200 requested)
Beginning iteration 168
23 segments remain in iteration 168 (23 total)
3 of 32 (9.375000%) active bins are populated
per-bin minimum non-zero probability:       1.12464e-12
per-bin maximum probability:                0.991336
per-bin probability dynamic range (kT):     27.5049
per-segment minimum non-zero probability:   1.12464e-12
per-segment maximum non-zero probability:   0.0839101
per-segment probability dynamic range (kT): 25.0355
norm = 1, error in norm = 0 (0*epsilon)
MAB binning in use
Bottleneck bin occupancy may not be accurately reported
Waiting for segments to complete...
Iteration completed successfully
Iteration wallclock: 0:24:40.685827, cputime: 0:32:26.516196


Wed Jul 27 00:13:17 2022
Iteration 169 (200 requested)
Beginning iteration 169
31 segments remain in iteration 169 (31 total)
4 of 32 (12.500000%) active bins are populated
per-bin minimum non-zero probability:       1.12464e-12
per-bin maximum probability:                0.997834
per-bin probability dynamic range (kT):     27.5114
per-segment minimum non-zero probability:   1.12464e-12
per-segment maximum non-zero probability:   0.0839101
per-segment probability dynamic range (kT): 25.0355
norm = 1, error in norm = 2.22045e-16 (1*epsilon)
MAB binning in use
Bottleneck bin occupancy may not be accurately reported
Waiting for segments to complete...
Iteration completed successfully
Iteration wallclock: 0:27:47.320883, cputime: 0:43:44.695442


Wed Jul 27 00:41:04 2022
Iteration 170 (200 requested)
Beginning iteration 170
31 segments remain in iteration 170 (31 total)
4 of 32 (12.500000%) active bins are populated
per-bin minimum non-zero probability:       1.12464e-12
per-bin maximum probability:                0.999729
per-bin probability dynamic range (kT):     27.5133
per-segment minimum non-zero probability:   1.12464e-12
per-segment maximum non-zero probability:   0.0839101
per-segment probability dynamic range (kT): 25.0355
norm = 1, error in norm = -1.11022e-16 (-0.5*epsilon)
MAB binning in use
Bottleneck bin occupancy may not be accurately reported
Waiting for segments to complete...
Iteration completed successfully
Iteration wallclock: 0:27:47.708303, cputime: 0:43:45.607724


Wed Jul 27 01:08:52 2022
Iteration 171 (200 requested)
Beginning iteration 171
23 segments remain in iteration 171 (23 total)
3 of 32 (9.375000%) active bins are populated
per-bin minimum non-zero probability:       1.12464e-12
per-bin maximum probability:                0.999983
per-bin probability dynamic range (kT):     27.5135
per-segment minimum non-zero probability:   1.12464e-12
per-segment maximum non-zero probability:   0.0839101
per-segment probability dynamic range (kT): 25.0355
norm = 1, error in norm = 0 (0*epsilon)
MAB binning in use
Bottleneck bin occupancy may not be accurately reported
Waiting for segments to complete...
Iteration completed successfully
Iteration wallclock: 0:23:13.587112, cputime: 0:32:23.468466


Wed Jul 27 01:32:05 2022
Iteration 172 (200 requested)
Beginning iteration 172
31 segments remain in iteration 172 (31 total)
4 of 32 (12.500000%) active bins are populated
per-bin minimum non-zero probability:       1.12464e-12
per-bin maximum probability:                0.999996
per-bin probability dynamic range (kT):     27.5136
per-segment minimum non-zero probability:   1.12464e-12
per-segment maximum non-zero probability:   0.0839101
per-segment probability dynamic range (kT): 25.0355
norm = 1, error in norm = -1.11022e-16 (-0.5*epsilon)
MAB binning in use
Bottleneck bin occupancy may not be accurately reported
Waiting for segments to complete...
Iteration completed successfully
Iteration wallclock: 0:27:39.583635, cputime: 0:43:40.458603


Wed Jul 27 01:59:45 2022
Iteration 173 (200 requested)
Beginning iteration 173
23 segments remain in iteration 173 (23 total)
4 of 32 (12.500000%) active bins are populated
per-bin minimum non-zero probability:       1.12464e-12
per-bin maximum probability:                0.767915
per-bin probability dynamic range (kT):     27.2495
per-segment minimum non-zero probability:   1.12464e-12
per-segment maximum non-zero probability:   0.0839101
per-segment probability dynamic range (kT): 25.0355
norm = 1, error in norm = 0 (0*epsilon)
MAB binning in use
Bottleneck bin occupancy may not be accurately reported
Waiting for segments to complete...
Iteration completed successfully
Iteration wallclock: 0:20:45.564424, cputime: 0:32:25.366370


Wed Jul 27 02:20:30 2022
Iteration 174 (200 requested)
Beginning iteration 174
29 segments remain in iteration 174 (29 total)
4 of 32 (12.500000%) active bins are populated
per-bin minimum non-zero probability:       1.12464e-12
per-bin maximum probability:                0.854736
per-bin probability dynamic range (kT):     27.3566
per-segment minimum non-zero probability:   1.12464e-12
per-segment maximum non-zero probability:   0.0839101
per-segment probability dynamic range (kT): 25.0355
norm = 1, error in norm = 2.22045e-16 (1*epsilon)
MAB binning in use
Bottleneck bin occupancy may not be accurately reported
Waiting for segments to complete...
Iteration completed successfully
Iteration wallclock: 0:26:06.097054, cputime: 0:40:50.312509


Wed Jul 27 02:46:36 2022
Iteration 175 (200 requested)
Beginning iteration 175
31 segments remain in iteration 175 (31 total)
4 of 32 (12.500000%) active bins are populated
per-bin minimum non-zero probability:       1.12464e-12
per-bin maximum probability:                0.981842
per-bin probability dynamic range (kT):     27.4952
per-segment minimum non-zero probability:   1.12464e-12
per-segment maximum non-zero probability:   0.0839101
per-segment probability dynamic range (kT): 25.0355
norm = 1, error in norm = -3.33067e-16 (-1.5*epsilon)
MAB binning in use
Bottleneck bin occupancy may not be accurately reported
Waiting for segments to complete...
Iteration completed successfully
Iteration wallclock: 0:29:57.458390, cputime: 0:43:41.169766


Wed Jul 27 03:16:34 2022
Iteration 176 (200 requested)
Beginning iteration 176
30 segments remain in iteration 176 (30 total)
4 of 32 (12.500000%) active bins are populated
per-bin minimum non-zero probability:       1.12464e-12
per-bin maximum probability:                0.940235
per-bin probability dynamic range (kT):     27.4519
per-segment minimum non-zero probability:   1.12464e-12
per-segment maximum non-zero probability:   0.0839101
per-segment probability dynamic range (kT): 25.0355
norm = 1, error in norm = 0 (0*epsilon)
MAB binning in use
Bottleneck bin occupancy may not be accurately reported
Waiting for segments to complete...
Iteration completed successfully
Iteration wallclock: 0:26:17.722400, cputime: 0:42:21.021349


Wed Jul 27 03:42:52 2022
Iteration 177 (200 requested)
Beginning iteration 177
23 segments remain in iteration 177 (23 total)
3 of 32 (9.375000%) active bins are populated
per-bin minimum non-zero probability:       1.12464e-12
per-bin maximum probability:                0.999842
per-bin probability dynamic range (kT):     27.5134
per-segment minimum non-zero probability:   1.12464e-12
per-segment maximum non-zero probability:   0.0839101
per-segment probability dynamic range (kT): 25.0355
norm = 1, error in norm = 2.22045e-16 (1*epsilon)
MAB binning in use
Bottleneck bin occupancy may not be accurately reported
Waiting for segments to complete...
Iteration completed successfully
Iteration wallclock: 0:20:42.905492, cputime: 0:32:25.677589


Wed Jul 27 04:03:35 2022
Iteration 178 (200 requested)
Beginning iteration 178
30 segments remain in iteration 178 (30 total)
4 of 32 (12.500000%) active bins are populated
per-bin minimum non-zero probability:       1.12464e-12
per-bin maximum probability:                0.924345
per-bin probability dynamic range (kT):     27.4349
per-segment minimum non-zero probability:   1.12464e-12
per-segment maximum non-zero probability:   0.0839101
per-segment probability dynamic range (kT): 25.0355
norm = 1, error in norm = 0 (0*epsilon)
MAB binning in use
Bottleneck bin occupancy may not be accurately reported
Waiting for segments to complete...
Iteration completed successfully
Iteration wallclock: 0:27:11.839545, cputime: 0:42:17.536552


Wed Jul 27 04:30:46 2022
Iteration 179 (200 requested)
Beginning iteration 179
23 segments remain in iteration 179 (23 total)
3 of 32 (9.375000%) active bins are populated
per-bin minimum non-zero probability:       1.12464e-12
per-bin maximum probability:                0.999998
per-bin probability dynamic range (kT):     27.5136
per-segment minimum non-zero probability:   1.12464e-12
per-segment maximum non-zero probability:   0.0839101
per-segment probability dynamic range (kT): 25.0355
norm = 1, error in norm = 2.22045e-16 (1*epsilon)
MAB binning in use
Bottleneck bin occupancy may not be accurately reported
Waiting for segments to complete...
Iteration completed successfully
Iteration wallclock: 0:20:54.689699, cputime: 0:32:26.744509


Wed Jul 27 04:51:41 2022
Iteration 180 (200 requested)
Beginning iteration 180
23 segments remain in iteration 180 (23 total)
4 of 32 (12.500000%) active bins are populated
per-bin minimum non-zero probability:       1.12464e-12
per-bin maximum probability:                0.722715
per-bin probability dynamic range (kT):     27.1888
per-segment minimum non-zero probability:   1.12464e-12
per-segment maximum non-zero probability:   0.0839101
per-segment probability dynamic range (kT): 25.0355
norm = 1, error in norm = 2.22045e-16 (1*epsilon)
MAB binning in use
Bottleneck bin occupancy may not be accurately reported
Waiting for segments to complete...
Iteration completed successfully
Iteration wallclock: 0:20:48.902958, cputime: 0:32:25.271708


Wed Jul 27 05:12:30 2022
Iteration 181 (200 requested)
Beginning iteration 181
29 segments remain in iteration 181 (29 total)
4 of 32 (12.500000%) active bins are populated
per-bin minimum non-zero probability:       1.12464e-12
per-bin maximum probability:                0.853327
per-bin probability dynamic range (kT):     27.3549
per-segment minimum non-zero probability:   1.12464e-12
per-segment maximum non-zero probability:   0.0756525
per-segment probability dynamic range (kT): 24.932
norm = 1, error in norm = 0 (0*epsilon)
MAB binning in use
Bottleneck bin occupancy may not be accurately reported
Waiting for segments to complete...
Iteration completed successfully
Iteration wallclock: 0:26:08.168812, cputime: 0:40:54.090661


Wed Jul 27 05:38:38 2022
Iteration 182 (200 requested)
Beginning iteration 182
30 segments remain in iteration 182 (30 total)
4 of 32 (12.500000%) active bins are populated
per-bin minimum non-zero probability:       1.12464e-12
per-bin maximum probability:                0.924741
per-bin probability dynamic range (kT):     27.4353
per-segment minimum non-zero probability:   1.12464e-12
per-segment maximum non-zero probability:   0.0857478
per-segment probability dynamic range (kT): 25.0572
norm = 1, error in norm = -2.22045e-16 (-1*epsilon)
MAB binning in use
Bottleneck bin occupancy may not be accurately reported
Waiting for segments to complete...
Iteration completed successfully
Iteration wallclock: 0:29:55.276652, cputime: 0:42:14.519879


Wed Jul 27 06:08:33 2022
Iteration 183 (200 requested)
Beginning iteration 183
23 segments remain in iteration 183 (23 total)
3 of 32 (9.375000%) active bins are populated
per-bin minimum non-zero probability:       1.12464e-12
per-bin maximum probability:                0.991904
per-bin probability dynamic range (kT):     27.5054
per-segment minimum non-zero probability:   1.12464e-12
per-segment maximum non-zero probability:   0.0857478
per-segment probability dynamic range (kT): 25.0572
norm = 1, error in norm = -1.11022e-16 (-0.5*epsilon)
MAB binning in use
Bottleneck bin occupancy may not be accurately reported
Waiting for segments to complete...
Iteration completed successfully
Iteration wallclock: 0:20:50.201572, cputime: 0:32:23.802183


Wed Jul 27 06:29:24 2022
Iteration 184 (200 requested)
Beginning iteration 184
30 segments remain in iteration 184 (30 total)
4 of 32 (12.500000%) active bins are populated
per-bin minimum non-zero probability:       1.12464e-12
per-bin maximum probability:                0.931416
per-bin probability dynamic range (kT):     27.4425
per-segment minimum non-zero probability:   1.12464e-12
per-segment maximum non-zero probability:   0.0857478
per-segment probability dynamic range (kT): 25.0572
norm = 1, error in norm = 0 (0*epsilon)
MAB binning in use
Bottleneck bin occupancy may not be accurately reported
Waiting for segments to complete...
Iteration completed successfully
Iteration wallclock: 0:26:27.513789, cputime: 0:42:16.787006


Wed Jul 27 06:55:51 2022
Iteration 185 (200 requested)
Beginning iteration 185
23 segments remain in iteration 185 (23 total)
3 of 32 (9.375000%) active bins are populated
per-bin minimum non-zero probability:       1.12464e-12
per-bin maximum probability:                0.991553
per-bin probability dynamic range (kT):     27.5051
per-segment minimum non-zero probability:   1.12464e-12
per-segment maximum non-zero probability:   0.0857478
per-segment probability dynamic range (kT): 25.0572
norm = 1, error in norm = 4.44089e-16 (2*epsilon)
MAB binning in use
Bottleneck bin occupancy may not be accurately reported
Waiting for segments to complete...
Iteration completed successfully
Iteration wallclock: 0:21:05.562039, cputime: 0:32:24.524624


Wed Jul 27 07:16:57 2022
Iteration 186 (200 requested)
Beginning iteration 186
22 segments remain in iteration 186 (22 total)
3 of 32 (9.375000%) active bins are populated
per-bin minimum non-zero probability:       1.12464e-12
per-bin maximum probability:                0.914252
per-bin probability dynamic range (kT):     27.4239
per-segment minimum non-zero probability:   1.12464e-12
per-segment maximum non-zero probability:   0.0756525
per-segment probability dynamic range (kT): 24.932
norm = 1, error in norm = 2.22045e-16 (1*epsilon)
MAB binning in use
Bottleneck bin occupancy may not be accurately reported
Waiting for segments to complete...
Iteration completed successfully
Iteration wallclock: 0:19:29.211816, cputime: 0:31:02.532565


Wed Jul 27 07:36:26 2022
Iteration 187 (200 requested)
Beginning iteration 187
22 segments remain in iteration 187 (22 total)
3 of 32 (9.375000%) active bins are populated
per-bin minimum non-zero probability:       1.12464e-12
per-bin maximum probability:                0.933066
per-bin probability dynamic range (kT):     27.4443
per-segment minimum non-zero probability:   1.12464e-12
per-segment maximum non-zero probability:   0.0857478
per-segment probability dynamic range (kT): 25.0572
norm = 1, error in norm = 0 (0*epsilon)
MAB binning in use
Bottleneck bin occupancy may not be accurately reported
Waiting for segments to complete...
Iteration completed successfully
Iteration wallclock: 0:19:29.359900, cputime: 0:31:00.287670


Wed Jul 27 07:55:55 2022
Iteration 188 (200 requested)
Beginning iteration 188
31 segments remain in iteration 188 (31 total)
4 of 32 (12.500000%) active bins are populated
per-bin minimum non-zero probability:       1.12464e-12
per-bin maximum probability:                0.983267
per-bin probability dynamic range (kT):     27.4967
per-segment minimum non-zero probability:   1.12464e-12
per-segment maximum non-zero probability:   0.0857478
per-segment probability dynamic range (kT): 25.0572
norm = 1, error in norm = -1.11022e-16 (-0.5*epsilon)
MAB binning in use
Bottleneck bin occupancy may not be accurately reported
Waiting for segments to complete...
Iteration completed successfully
Iteration wallclock: 0:30:51.464673, cputime: 0:43:41.043321


Wed Jul 27 08:26:47 2022
Iteration 189 (200 requested)
Beginning iteration 189
23 segments remain in iteration 189 (23 total)
3 of 32 (9.375000%) active bins are populated
per-bin minimum non-zero probability:       1.12464e-12
per-bin maximum probability:                0.998954
per-bin probability dynamic range (kT):     27.5125
per-segment minimum non-zero probability:   1.12464e-12
per-segment maximum non-zero probability:   0.0857478
per-segment probability dynamic range (kT): 25.0572
norm = 1, error in norm = 0 (0*epsilon)
MAB binning in use
Bottleneck bin occupancy may not be accurately reported
Waiting for segments to complete...
Iteration completed successfully
Iteration wallclock: 0:20:40.827842, cputime: 0:32:22.325935


Wed Jul 27 08:47:28 2022
Iteration 190 (200 requested)
Beginning iteration 190
30 segments remain in iteration 190 (30 total)
4 of 32 (12.500000%) active bins are populated
per-bin minimum non-zero probability:       1.12464e-12
per-bin maximum probability:                0.914121
per-bin probability dynamic range (kT):     27.4238
per-segment minimum non-zero probability:   1.12464e-12
per-segment maximum non-zero probability:   0.0756525
per-segment probability dynamic range (kT): 24.932
norm = 1, error in norm = 0 (0*epsilon)
MAB binning in use
Bottleneck bin occupancy may not be accurately reported
Waiting for segments to complete...
Iteration completed successfully
Iteration wallclock: 0:26:22.537934, cputime: 0:42:23.675300


Wed Jul 27 09:13:50 2022
Iteration 191 (200 requested)
Beginning iteration 191
30 segments remain in iteration 191 (30 total)
4 of 32 (12.500000%) active bins are populated
per-bin minimum non-zero probability:       1.12464e-12
per-bin maximum probability:                0.932561
per-bin probability dynamic range (kT):     27.4437
per-segment minimum non-zero probability:   1.12464e-12
per-segment maximum non-zero probability:   0.0858622
per-segment probability dynamic range (kT): 25.0585
norm = 1, error in norm = -2.22045e-16 (-1*epsilon)
MAB binning in use
Bottleneck bin occupancy may not be accurately reported
Waiting for segments to complete...
Iteration completed successfully
Iteration wallclock: 0:28:26.396462, cputime: 0:42:12.118260


Wed Jul 27 09:42:17 2022
Iteration 192 (200 requested)
Beginning iteration 192
22 segments remain in iteration 192 (22 total)
3 of 32 (9.375000%) active bins are populated
per-bin minimum non-zero probability:       1.12464e-12
per-bin maximum probability:                0.938587
per-bin probability dynamic range (kT):     27.4502
per-segment minimum non-zero probability:   1.12464e-12
per-segment maximum non-zero probability:   0.0858622
per-segment probability dynamic range (kT): 25.0585
norm = 1, error in norm = 0 (0*epsilon)
MAB binning in use
Bottleneck bin occupancy may not be accurately reported
Waiting for segments to complete...
Iteration completed successfully
Iteration wallclock: 0:19:49.877459, cputime: 0:30:59.807518


Wed Jul 27 10:02:06 2022
Iteration 193 (200 requested)
Beginning iteration 193
31 segments remain in iteration 193 (31 total)
4 of 32 (12.500000%) active bins are populated
per-bin minimum non-zero probability:       1.12464e-12
per-bin maximum probability:                0.984647
per-bin probability dynamic range (kT):     27.4981
per-segment minimum non-zero probability:   1.12464e-12
per-segment maximum non-zero probability:   0.0858622
per-segment probability dynamic range (kT): 25.0585
norm = 1, error in norm = 4.44089e-16 (2*epsilon)
MAB binning in use
Bottleneck bin occupancy may not be accurately reported
Waiting for segments to complete...
Iteration completed successfully
Iteration wallclock: 0:27:39.661931, cputime: 0:43:39.695072


Wed Jul 27 10:29:46 2022
Iteration 194 (200 requested)
Beginning iteration 194
30 segments remain in iteration 194 (30 total)
4 of 32 (12.500000%) active bins are populated
per-bin minimum non-zero probability:       1.12464e-12
per-bin maximum probability:                0.924778
per-bin probability dynamic range (kT):     27.4354
per-segment minimum non-zero probability:   1.12464e-12
per-segment maximum non-zero probability:   0.0858622
per-segment probability dynamic range (kT): 25.0585
norm = 1, error in norm = -2.22045e-16 (-1*epsilon)
MAB binning in use
Bottleneck bin occupancy may not be accurately reported
Waiting for segments to complete...
Iteration completed successfully
Iteration wallclock: 0:26:32.352983, cputime: 0:42:15.922206


Wed Jul 27 10:56:18 2022
Iteration 195 (200 requested)
Beginning iteration 195
31 segments remain in iteration 195 (31 total)
4 of 32 (12.500000%) active bins are populated
per-bin minimum non-zero probability:       1.12464e-12
per-bin maximum probability:                0.990597
per-bin probability dynamic range (kT):     27.5041
per-segment minimum non-zero probability:   1.12464e-12
per-segment maximum non-zero probability:   0.0858622
per-segment probability dynamic range (kT): 25.0585
norm = 1, error in norm = -1.11022e-16 (-0.5*epsilon)
MAB binning in use
Bottleneck bin occupancy may not be accurately reported
Waiting for segments to complete...
Iteration completed successfully
Iteration wallclock: 0:27:40.614898, cputime: 0:43:42.589575


Wed Jul 27 11:23:59 2022
Iteration 196 (200 requested)
Beginning iteration 196
31 segments remain in iteration 196 (31 total)
4 of 32 (12.500000%) active bins are populated
per-bin minimum non-zero probability:       1.12464e-12
per-bin maximum probability:                0.997679
per-bin probability dynamic range (kT):     27.5112
per-segment minimum non-zero probability:   1.12464e-12
per-segment maximum non-zero probability:   0.0858622
per-segment probability dynamic range (kT): 25.0585
norm = 1, error in norm = -1.11022e-16 (-0.5*epsilon)
MAB binning in use
Bottleneck bin occupancy may not be accurately reported
Waiting for segments to complete...
Iteration completed successfully
Iteration wallclock: 0:27:42.738107, cputime: 0:43:46.784468


Wed Jul 27 11:51:42 2022
Iteration 197 (200 requested)
Beginning iteration 197
31 segments remain in iteration 197 (31 total)
4 of 32 (12.500000%) active bins are populated
per-bin minimum non-zero probability:       1.12464e-12
per-bin maximum probability:                0.99971
per-bin probability dynamic range (kT):     27.5133
per-segment minimum non-zero probability:   1.12464e-12
per-segment maximum non-zero probability:   0.0858622
per-segment probability dynamic range (kT): 25.0585
norm = 1, error in norm = -2.22045e-16 (-1*epsilon)
MAB binning in use
Bottleneck bin occupancy may not be accurately reported
Waiting for segments to complete...
Iteration completed successfully
Iteration wallclock: 0:27:42.922855, cputime: 0:43:46.355142


Wed Jul 27 12:19:25 2022
Iteration 198 (200 requested)
Beginning iteration 198
30 segments remain in iteration 198 (30 total)
4 of 32 (12.500000%) active bins are populated
per-bin minimum non-zero probability:       1.12464e-12
per-bin maximum probability:                0.932459
per-bin probability dynamic range (kT):     27.4436
per-segment minimum non-zero probability:   1.12464e-12
per-segment maximum non-zero probability:   0.0858622
per-segment probability dynamic range (kT): 25.0585
norm = 1, error in norm = 0 (0*epsilon)
MAB binning in use
Bottleneck bin occupancy may not be accurately reported
Waiting for segments to complete...
Iteration completed successfully
Iteration wallclock: 0:26:33.921820, cputime: 0:42:24.976450


Wed Jul 27 12:45:59 2022
Iteration 199 (200 requested)
Beginning iteration 199
23 segments remain in iteration 199 (23 total)
3 of 32 (9.375000%) active bins are populated
per-bin minimum non-zero probability:       1.12464e-12
per-bin maximum probability:                0.999998
per-bin probability dynamic range (kT):     27.5136
per-segment minimum non-zero probability:   1.12464e-12
per-segment maximum non-zero probability:   0.0858622
per-segment probability dynamic range (kT): 25.0585
norm = 1, error in norm = 0 (0*epsilon)
MAB binning in use
Bottleneck bin occupancy may not be accurately reported
Waiting for segments to complete...
Iteration completed successfully
Iteration wallclock: 0:20:46.551540, cputime: 0:32:32.259879

Iteration 200 would require more than the allotted time. Ending run.
