Warning: When compiling code please add the following flags to nvcc:
         -gencode arch=compute_35,code=[compute_35,sm_35] \
         -gencode arch=compute_61,code=[compute_61,sm_61] 
         -gencode arch=compute_70,code=[compute_70,sm_70] 
+ export 'DO_PARALLEL=mpirun -np 8'
+ DO_PARALLEL='mpirun -np 8'
+ SANDER=pmemd.MPI
+ PDB=1x88_solv
+ printf '\nstart min\n\n'
+ mpirun -np 8 pmemd.MPI -O -i 02_min.in -o 02_min.out -p 1x88_solv.prmtop -c 1x88_solv.inpcrd -r 02_min.rst
+ printf '\ndone min\n\n'
+ printf '\nstart restrained system heat in\n\n'
+ mpirun -np 8 pmemd.MPI -O -i 03_eq1.in -o 03_eq1.out -x 03_eq1.nc -p 1x88_solv.prmtop -c 02_min.rst -r 03_eq1.rst -ref 02_min.rst
+ printf '\ndone restrained system heat in\n\n'
+ printf '\nstart restrained equil\n\n'
+ mpirun -np 8 pmemd.MPI -O -i 04_eq2.in -o 04_eq2.out -x 04_eq2.nc -p 1x88_solv.prmtop -c 03_eq1.rst -r 04_eq2.rst -ref 03_eq1.rst
+ printf '\ndone restrained equil\n\n'
+ printf '\nstart unrestrained equil\n\n'
+ mpirun -np 8 pmemd.MPI -O -i 05_eq3.in -o 05_eq3.out -x 05_eq3.nc -p 1x88_solv.prmtop -c 04_eq2.rst -r 05_eq3.rst
slurmstepd: error: *** JOB 26739 ON smp-n123 CANCELLED AT 2022-06-17T12:36:27 DUE TO TIME LIMIT ***
slurmstepd: error: *** STEP 26739.3 ON smp-n123 CANCELLED AT 2022-06-17T12:36:27 DUE TO TIME LIMIT ***
srun: Job step aborted: Waiting up to 32 seconds for job step to finish.
forrtl: error (78): process killed (SIGTERM)
Image              PC                Routine            Line        Source             
libifcoremt.so.5   00007EFE9F780154  for__signal_handl     Unknown  Unknown
libpthread-2.17.s  00007EFE9FCFC630  Unknown               Unknown  Unknown
pmemd.MPI          000000000077B9A3  Unknown               Unknown  Unknown
pmemd.MPI          0000000000768BD2  Unknown               Unknown  Unknown
pmemd.MPI          00000000006181E6  Unknown               Unknown  Unknown
pmemd.MPI          000000000055AB7B  Unknown               Unknown  Unknown
pmemd.MPI          0000000000407A58  Unknown               Unknown  Unknown
pmemd.MPI          00000000004068AE  Unknown               Unknown  Unknown
libc-2.17.so       00007EFE9E928555  __libc_start_main     Unknown  Unknown
pmemd.MPI          00000000004067B9  Unknown               Unknown  Unknown
forrtl: error (78): process killed (SIGTERM)
Image              PC                Routine            Line        Source             
libifcoremt.so.5   00007FD43CD32154  for__signal_handl     Unknown  Unknown
libpthread-2.17.s  00007FD43D2AE630  Unknown               Unknown  Unknown
pmemd.MPI          000000000077B96D  Unknown               Unknown  Unknown
pmemd.MPI          0000000000768BD2  Unknown               Unknown  Unknown
pmemd.MPI          00000000006181E6  Unknown               Unknown  Unknown
pmemd.MPI          000000000055AB7B  Unknown               Unknown  Unknown
pmemd.MPI          0000000000407A58  Unknown               Unknown  Unknown
pmemd.MPI          00000000004068AE  Unknown               Unknown  Unknown
libc-2.17.so       00007FD43BEDA555  __libc_start_main     Unknown  Unknown
pmemd.MPI          00000000004067B9  Unknown               Unknown  Unknown
forrtl: error (78): process killed (SIGTERM)
Image              PC                Routine            Line        Source             
libifcoremt.so.5   00007FB16614C154  for__signal_handl     Unknown  Unknown
libpthread-2.17.s  00007FB1666C8630  Unknown               Unknown  Unknown
pmemd.MPI          000000000077B14B  Unknown               Unknown  Unknown
pmemd.MPI          0000000000768BD2  Unknown               Unknown  Unknown
pmemd.MPI          00000000006181E6  Unknown               Unknown  Unknown
pmemd.MPI          000000000055AB7B  Unknown               Unknown  Unknown
pmemd.MPI          0000000000407A58  Unknown               Unknown  Unknown
pmemd.MPI          00000000004068AE  Unknown               Unknown  Unknown
libc-2.17.so       00007FB1652F4555  __libc_start_main     Unknown  Unknown
pmemd.MPI          00000000004067B9  Unknown               Unknown  Unknown
forrtl: error (78): process killed (SIGTERM)
Image              PC                Routine            Line        Source             
libifcoremt.so.5   00007FEFAF31D154  for__signal_handl     Unknown  Unknown
libpthread-2.17.s  00007FEFAF899630  Unknown               Unknown  Unknown
pmemd.MPI          000000000077B922  Unknown               Unknown  Unknown
pmemd.MPI          0000000000768BD2  Unknown               Unknown  Unknown
pmemd.MPI          00000000006181E6  Unknown               Unknown  Unknown
pmemd.MPI          000000000055AB7B  Unknown               Unknown  Unknown
pmemd.MPI          0000000000407A58  Unknown               Unknown  Unknown
pmemd.MPI          00000000004068AE  Unknown               Unknown  Unknown
libc-2.17.so       00007FEFAE4C5555  __libc_start_main     Unknown  Unknown
pmemd.MPI          00000000004067B9  Unknown               Unknown  Unknown
forrtl: error (78): process killed (SIGTERM)
Image              PC                Routine            Line        Source             
libifcoremt.so.5   00007F767AE09154  for__signal_handl     Unknown  Unknown
libpthread-2.17.s  00007F767B385630  Unknown               Unknown  Unknown
pmemd.MPI          000000000077B9A3  Unknown               Unknown  Unknown
pmemd.MPI          0000000000768BD2  Unknown               Unknown  Unknown
pmemd.MPI          00000000006181E6  Unknown               Unknown  Unknown
pmemd.MPI          000000000055AB7B  Unknown               Unknown  Unknown
pmemd.MPI          0000000000407A58  Unknown               Unknown  Unknown
pmemd.MPI          00000000004068AE  Unknown               Unknown  Unknown
libc-2.17.so       00007F7679FB1555  __libc_start_main     Unknown  Unknown
pmemd.MPI          00000000004067B9  Unknown               Unknown  Unknown
forrtl: error (78): process killed (SIGTERM)
Image              PC                Routine            Line        Source             
libifcoremt.so.5   00007F2ED7BBC154  for__signal_handl     Unknown  Unknown
libpthread-2.17.s  00007F2ED8138630  Unknown               Unknown  Unknown
pmemd.MPI          000000000077B118  Unknown               Unknown  Unknown
pmemd.MPI          0000000000768BD2  Unknown               Unknown  Unknown
pmemd.MPI          00000000006181E6  Unknown               Unknown  Unknown
pmemd.MPI          000000000055AB7B  Unknown               Unknown  Unknown
pmemd.MPI          0000000000407A58  Unknown               Unknown  Unknown
pmemd.MPI          00000000004068AE  Unknown               Unknown  Unknown
libc-2.17.so       00007F2ED6D64555  __libc_start_main     Unknown  Unknown
pmemd.MPI          00000000004067B9  Unknown               Unknown  Unknown
forrtl: error (78): process killed (SIGTERM)
Image              PC                Routine            Line        Source             
libifcoremt.so.5   00007F6833BBE154  for__signal_handl     Unknown  Unknown
libpthread-2.17.s  00007F683413A630  Unknown               Unknown  Unknown
pmemd.MPI          000000000077B0D0  Unknown               Unknown  Unknown
pmemd.MPI          0000000000768BD2  Unknown               Unknown  Unknown
pmemd.MPI          00000000006181E6  Unknown               Unknown  Unknown
pmemd.MPI          000000000055AB7B  Unknown               Unknown  Unknown
pmemd.MPI          0000000000407A58  Unknown               Unknown  Unknown
pmemd.MPI          00000000004068AE  Unknown               Unknown  Unknown
libc-2.17.so       00007F6832D66555  __libc_start_main     Unknown  Unknown
pmemd.MPI          00000000004067B9  Unknown               Unknown  Unknown
forrtl: error (78): process killed (SIGTERM)
Image              PC                Routine            Line        Source             
libifcoremt.so.5   00007FC39D291154  for__signal_handl     Unknown  Unknown
libpthread-2.17.s  00007FC39D80D630  Unknown               Unknown  Unknown
pmemd.MPI          000000000077B94F  Unknown               Unknown  Unknown
pmemd.MPI          0000000000768BD2  Unknown               Unknown  Unknown
pmemd.MPI          00000000006181E6  Unknown               Unknown  Unknown
pmemd.MPI          000000000055AB7B  Unknown               Unknown  Unknown
pmemd.MPI          0000000000407A58  Unknown               Unknown  Unknown
pmemd.MPI          00000000004068AE  Unknown               Unknown  Unknown
libc-2.17.so       00007FC39C439555  __libc_start_main     Unknown  Unknown
pmemd.MPI          00000000004067B9  Unknown               Unknown  Unknown
