Updating system with the options from the configuration file
Maximum wallclock time: 2 days, 0:00:00

Tue Sep  6 12:39:53 2022
Iteration 600 (1000 requested)
Beginning iteration 600
40 segments remain in iteration 600 (40 total)
5 of 32 (15.625000%) active bins are populated
per-bin minimum non-zero probability:       4.59043e-296
per-bin maximum probability:                1
per-bin probability dynamic range (kT):     680.041
per-segment minimum non-zero probability:   5.73804e-297
per-segment maximum non-zero probability:   0.173166
per-segment probability dynamic range (kT): 680.367
norm = 1, error in norm = 0 (0*epsilon)
-- WARNING  [westpa.core.sim_manager] -- 
Minimum segment weight is < 1e-100 and might not be physically relevant. Please reconsider your progress coordinate or binning scheme.
MAB binning in use
Bottleneck bin occupancy may not be accurately reported
Waiting for segments to complete...
Iteration completed successfully
Iteration wallclock: 0:31:09.782896, cputime: 1:38:51.510966


Tue Sep  6 13:11:02 2022
Iteration 601 (1000 requested)
Beginning iteration 601
40 segments remain in iteration 601 (40 total)
5 of 32 (15.625000%) active bins are populated
per-bin minimum non-zero probability:       5.73804e-297
per-bin maximum probability:                1
per-bin probability dynamic range (kT):     682.121
per-segment minimum non-zero probability:   7.17255e-298
per-segment maximum non-zero probability:   0.173166
per-segment probability dynamic range (kT): 682.447
norm = 1, error in norm = 0 (0*epsilon)
-- WARNING  [westpa.core.sim_manager] -- 
Minimum segment weight is < 1e-100 and might not be physically relevant. Please reconsider your progress coordinate or binning scheme.
MAB binning in use
Bottleneck bin occupancy may not be accurately reported
Waiting for segments to complete...
Iteration completed successfully
Iteration wallclock: 0:29:14.760404, cputime: 1:38:46.128762


Tue Sep  6 13:40:17 2022
Iteration 602 (1000 requested)
Beginning iteration 602
40 segments remain in iteration 602 (40 total)
5 of 32 (15.625000%) active bins are populated
per-bin minimum non-zero probability:       7.17255e-298
per-bin maximum probability:                1
per-bin probability dynamic range (kT):     684.2
per-segment minimum non-zero probability:   8.96568e-299
per-segment maximum non-zero probability:   0.173166
per-segment probability dynamic range (kT): 684.526
norm = 1, error in norm = 0 (0*epsilon)
-- WARNING  [westpa.core.sim_manager] -- 
Minimum segment weight is < 1e-100 and might not be physically relevant. Please reconsider your progress coordinate or binning scheme.
MAB binning in use
Bottleneck bin occupancy may not be accurately reported
Waiting for segments to complete...
Iteration completed successfully
Iteration wallclock: 0:29:26.606159, cputime: 1:38:46.957992


Tue Sep  6 14:09:44 2022
Iteration 603 (1000 requested)
Beginning iteration 603
40 segments remain in iteration 603 (40 total)
5 of 32 (15.625000%) active bins are populated
per-bin minimum non-zero probability:       8.96568e-299
per-bin maximum probability:                1
per-bin probability dynamic range (kT):     686.28
per-segment minimum non-zero probability:   1.12071e-299
per-segment maximum non-zero probability:   0.173166
per-segment probability dynamic range (kT): 686.605
norm = 1, error in norm = 0 (0*epsilon)
-- WARNING  [westpa.core.sim_manager] -- 
Minimum segment weight is < 1e-100 and might not be physically relevant. Please reconsider your progress coordinate or binning scheme.
MAB binning in use
Bottleneck bin occupancy may not be accurately reported
Waiting for segments to complete...
Iteration completed successfully
Iteration wallclock: 0:29:24.458528, cputime: 1:38:51.746131


Tue Sep  6 14:39:08 2022
Iteration 604 (1000 requested)
Beginning iteration 604
40 segments remain in iteration 604 (40 total)
5 of 32 (15.625000%) active bins are populated
per-bin minimum non-zero probability:       1.12071e-299
per-bin maximum probability:                1
per-bin probability dynamic range (kT):     688.359
per-segment minimum non-zero probability:   1.40089e-300
per-segment maximum non-zero probability:   0.173166
per-segment probability dynamic range (kT): 688.685
norm = 1, error in norm = 0 (0*epsilon)
-- WARNING  [westpa.core.sim_manager] -- 
Minimum segment weight is < 1e-100 and might not be physically relevant. Please reconsider your progress coordinate or binning scheme.
MAB binning in use
Bottleneck bin occupancy may not be accurately reported
Waiting for segments to complete...
Iteration completed successfully
Iteration wallclock: 0:30:29.708463, cputime: 1:42:08.749774


Tue Sep  6 15:09:38 2022
Iteration 605 (1000 requested)
Beginning iteration 605
40 segments remain in iteration 605 (40 total)
5 of 32 (15.625000%) active bins are populated
per-bin minimum non-zero probability:       1.40089e-300
per-bin maximum probability:                1
per-bin probability dynamic range (kT):     690.438
per-segment minimum non-zero probability:   1.75111e-301
per-segment maximum non-zero probability:   0.173166
per-segment probability dynamic range (kT): 690.764
norm = 1, error in norm = 0 (0*epsilon)
-- WARNING  [westpa.core.sim_manager] -- 
Minimum segment weight is < 1e-100 and might not be physically relevant. Please reconsider your progress coordinate or binning scheme.
MAB binning in use
Bottleneck bin occupancy may not be accurately reported
Waiting for segments to complete...
Iteration completed successfully
Iteration wallclock: 0:32:10.030058, cputime: 1:43:47.097020


Tue Sep  6 15:41:48 2022
Iteration 606 (1000 requested)
Beginning iteration 606
40 segments remain in iteration 606 (40 total)
5 of 32 (15.625000%) active bins are populated
per-bin minimum non-zero probability:       1.75111e-301
per-bin maximum probability:                1
per-bin probability dynamic range (kT):     692.518
per-segment minimum non-zero probability:   2.18889e-302
per-segment maximum non-zero probability:   0.173166
per-segment probability dynamic range (kT): 692.844
norm = 1, error in norm = 2.22045e-16 (1*epsilon)
-- WARNING  [westpa.core.sim_manager] -- 
Minimum segment weight is < 1e-100 and might not be physically relevant. Please reconsider your progress coordinate or binning scheme.
MAB binning in use
Bottleneck bin occupancy may not be accurately reported
Waiting for segments to complete...
Iteration completed successfully
Iteration wallclock: 0:37:31.128632, cputime: 1:43:43.814247


Tue Sep  6 16:19:19 2022
Iteration 607 (1000 requested)
Beginning iteration 607
40 segments remain in iteration 607 (40 total)
5 of 32 (15.625000%) active bins are populated
per-bin minimum non-zero probability:       2.18889e-302
per-bin maximum probability:                1
per-bin probability dynamic range (kT):     694.597
per-segment minimum non-zero probability:   2.73611e-303
per-segment maximum non-zero probability:   0.173166
per-segment probability dynamic range (kT): 694.923
norm = 1, error in norm = 0 (0*epsilon)
-- WARNING  [westpa.core.sim_manager] -- 
Minimum segment weight is < 1e-100 and might not be physically relevant. Please reconsider your progress coordinate or binning scheme.
MAB binning in use
Bottleneck bin occupancy may not be accurately reported
Waiting for segments to complete...
Iteration completed successfully
Iteration wallclock: 0:37:39.381833, cputime: 1:43:37.483349


Tue Sep  6 16:56:59 2022
Iteration 608 (1000 requested)
Beginning iteration 608
40 segments remain in iteration 608 (40 total)
5 of 32 (15.625000%) active bins are populated
per-bin minimum non-zero probability:       2.73611e-303
per-bin maximum probability:                1
per-bin probability dynamic range (kT):     696.677
per-segment minimum non-zero probability:   3.42014e-304
per-segment maximum non-zero probability:   0.173166
per-segment probability dynamic range (kT): 697.003
norm = 1, error in norm = 0 (0*epsilon)
-- WARNING  [westpa.core.sim_manager] -- 
Minimum segment weight is < 1e-100 and might not be physically relevant. Please reconsider your progress coordinate or binning scheme.
MAB binning in use
Bottleneck bin occupancy may not be accurately reported
Waiting for segments to complete...
Iteration completed successfully
Iteration wallclock: 0:34:57.247965, cputime: 1:43:48.824693


Tue Sep  6 17:31:56 2022
Iteration 609 (1000 requested)
Beginning iteration 609
40 segments remain in iteration 609 (40 total)
5 of 32 (15.625000%) active bins are populated
per-bin minimum non-zero probability:       3.42014e-304
per-bin maximum probability:                1
per-bin probability dynamic range (kT):     698.756
per-segment minimum non-zero probability:   4.27517e-305
per-segment maximum non-zero probability:   0.173166
per-segment probability dynamic range (kT): 699.082
norm = 1, error in norm = 2.22045e-16 (1*epsilon)
-- WARNING  [westpa.core.sim_manager] -- 
Minimum segment weight is < 1e-100 and might not be physically relevant. Please reconsider your progress coordinate or binning scheme.
MAB binning in use
Bottleneck bin occupancy may not be accurately reported
Waiting for segments to complete...
Iteration completed successfully
Iteration wallclock: 0:38:32.563957, cputime: 1:43:51.228215


Tue Sep  6 18:10:29 2022
Iteration 610 (1000 requested)
Beginning iteration 610
40 segments remain in iteration 610 (40 total)
5 of 32 (15.625000%) active bins are populated
per-bin minimum non-zero probability:       4.27517e-305
per-bin maximum probability:                1
per-bin probability dynamic range (kT):     700.836
per-segment minimum non-zero probability:   5.34396e-306
per-segment maximum non-zero probability:   0.173166
per-segment probability dynamic range (kT): 701.162
norm = 1, error in norm = 0 (0*epsilon)
-- WARNING  [westpa.core.sim_manager] -- 
Minimum segment weight is < 1e-100 and might not be physically relevant. Please reconsider your progress coordinate or binning scheme.
MAB binning in use
Bottleneck bin occupancy may not be accurately reported
Waiting for segments to complete...
Iteration completed successfully
Iteration wallclock: 0:38:30.472282, cputime: 1:43:44.042258


Tue Sep  6 18:49:00 2022
Iteration 611 (1000 requested)
Beginning iteration 611
40 segments remain in iteration 611 (40 total)
5 of 32 (15.625000%) active bins are populated
per-bin minimum non-zero probability:       5.34396e-306
per-bin maximum probability:                1
per-bin probability dynamic range (kT):     702.915
per-segment minimum non-zero probability:   6.67996e-307
per-segment maximum non-zero probability:   0.173166
per-segment probability dynamic range (kT): 703.241
norm = 1, error in norm = 0 (0*epsilon)
-- WARNING  [westpa.core.sim_manager] -- 
Minimum segment weight is < 1e-100 and might not be physically relevant. Please reconsider your progress coordinate or binning scheme.
MAB binning in use
Bottleneck bin occupancy may not be accurately reported
Waiting for segments to complete...
Iteration completed successfully
Iteration wallclock: 0:38:15.430400, cputime: 1:43:47.119338


Tue Sep  6 19:27:16 2022
Iteration 612 (1000 requested)
Beginning iteration 612
40 segments remain in iteration 612 (40 total)
5 of 32 (15.625000%) active bins are populated
per-bin minimum non-zero probability:       6.67996e-307
per-bin maximum probability:                1
per-bin probability dynamic range (kT):     704.995
per-segment minimum non-zero probability:   8.34994e-308
per-segment maximum non-zero probability:   0.173166
per-segment probability dynamic range (kT): 705.32
norm = 1, error in norm = 0 (0*epsilon)
-- WARNING  [westpa.core.sim_manager] -- 
Minimum segment weight is < 1e-100 and might not be physically relevant. Please reconsider your progress coordinate or binning scheme.
MAB binning in use
Bottleneck bin occupancy may not be accurately reported
Waiting for segments to complete...
Iteration completed successfully
Iteration wallclock: 0:35:42.610109, cputime: 1:43:55.399831


Tue Sep  6 20:02:58 2022
Iteration 613 (1000 requested)
Beginning iteration 613
40 segments remain in iteration 613 (40 total)
5 of 32 (15.625000%) active bins are populated
per-bin minimum non-zero probability:       8.34994e-308
per-bin maximum probability:                1
per-bin probability dynamic range (kT):     707.074
per-segment minimum non-zero probability:   1.04374e-308
per-segment maximum non-zero probability:   0.173166
per-segment probability dynamic range (kT): 707.4
norm = 1, error in norm = 0 (0*epsilon)
-- WARNING  [westpa.core.sim_manager] -- 
Minimum segment weight is < 1e-100 and might not be physically relevant. Please reconsider your progress coordinate or binning scheme.
MAB binning in use
Bottleneck bin occupancy may not be accurately reported
Waiting for segments to complete...
Iteration completed successfully
Iteration wallclock: 0:30:22.728037, cputime: 1:41:51.886535


Tue Sep  6 20:33:21 2022
Iteration 614 (1000 requested)
Beginning iteration 614
40 segments remain in iteration 614 (40 total)
5 of 32 (15.625000%) active bins are populated
per-bin minimum non-zero probability:       1.04374e-308
per-bin maximum probability:                1
per-bin probability dynamic range (kT):     709.153
per-segment minimum non-zero probability:   1.30468e-309
per-segment maximum non-zero probability:   0.173166
per-segment probability dynamic range (kT): 709.479
norm = 1, error in norm = 0 (0*epsilon)
-- WARNING  [westpa.core.sim_manager] -- 
Minimum segment weight is < 1e-100 and might not be physically relevant. Please reconsider your progress coordinate or binning scheme.
MAB binning in use
Bottleneck bin occupancy may not be accurately reported
Waiting for segments to complete...
Iteration completed successfully
Iteration wallclock: 0:29:18.062825, cputime: 1:38:57.438582


Tue Sep  6 21:02:39 2022
Iteration 615 (1000 requested)
Beginning iteration 615
40 segments remain in iteration 615 (40 total)
5 of 32 (15.625000%) active bins are populated
per-bin minimum non-zero probability:       1.30468e-309
per-bin maximum probability:                1
per-bin probability dynamic range (kT):     inf
per-segment minimum non-zero probability:   1.63085e-310
per-segment maximum non-zero probability:   0.173166
per-segment probability dynamic range (kT): inf
norm = 1, error in norm = 0 (0*epsilon)
-- WARNING  [westpa.core.sim_manager] -- 
Minimum segment weight is < 1e-100 and might not be physically relevant. Please reconsider your progress coordinate or binning scheme.
MAB binning in use
Bottleneck bin occupancy may not be accurately reported
Waiting for segments to complete...
Iteration completed successfully
Iteration wallclock: 0:29:28.989561, cputime: 1:38:52.935072


Tue Sep  6 21:32:08 2022
Iteration 616 (1000 requested)
Beginning iteration 616
40 segments remain in iteration 616 (40 total)
5 of 32 (15.625000%) active bins are populated
per-bin minimum non-zero probability:       1.63085e-310
per-bin maximum probability:                1
per-bin probability dynamic range (kT):     inf
per-segment minimum non-zero probability:   1.81205e-311
per-segment maximum non-zero probability:   0.173166
per-segment probability dynamic range (kT): inf
norm = 1, error in norm = 0 (0*epsilon)
-- WARNING  [westpa.core.sim_manager] -- 
Minimum segment weight is < 1e-100 and might not be physically relevant. Please reconsider your progress coordinate or binning scheme.
MAB binning in use
Bottleneck bin occupancy may not be accurately reported
Waiting for segments to complete...
Iteration completed successfully
Iteration wallclock: 0:29:24.520364, cputime: 1:38:47.905715


Tue Sep  6 22:01:33 2022
Iteration 617 (1000 requested)
Beginning iteration 617
40 segments remain in iteration 617 (40 total)
5 of 32 (15.625000%) active bins are populated
per-bin minimum non-zero probability:       1.81205e-311
per-bin maximum probability:                0.826834
per-bin probability dynamic range (kT):     inf
per-segment minimum non-zero probability:   2.01339e-312
per-segment maximum non-zero probability:   0.12878
per-segment probability dynamic range (kT): inf
norm = 1, error in norm = 2.22045e-16 (1*epsilon)
-- WARNING  [westpa.core.sim_manager] -- 
Minimum segment weight is < 1e-100 and might not be physically relevant. Please reconsider your progress coordinate or binning scheme.
MAB binning in use
Bottleneck bin occupancy may not be accurately reported
Waiting for segments to complete...
Iteration completed successfully
Iteration wallclock: 0:29:26.421916, cputime: 1:38:41.127279


Tue Sep  6 22:30:59 2022
Iteration 618 (1000 requested)
Beginning iteration 618
40 segments remain in iteration 618 (40 total)
5 of 32 (15.625000%) active bins are populated
per-bin minimum non-zero probability:       2.01339e-312
per-bin maximum probability:                0.978354
per-bin probability dynamic range (kT):     inf
per-segment minimum non-zero probability:   2.2371e-313
per-segment maximum non-zero probability:   0.151521
per-segment probability dynamic range (kT): inf
norm = 1, error in norm = 0 (0*epsilon)
-- WARNING  [westpa.core.sim_manager] -- 
Minimum segment weight is < 1e-100 and might not be physically relevant. Please reconsider your progress coordinate or binning scheme.
MAB binning in use
Bottleneck bin occupancy may not be accurately reported
Waiting for segments to complete...
Iteration completed successfully
Iteration wallclock: 0:29:26.868062, cputime: 1:38:50.743072


Tue Sep  6 23:00:26 2022
Iteration 619 (1000 requested)
Beginning iteration 619
40 segments remain in iteration 619 (40 total)
5 of 32 (15.625000%) active bins are populated
per-bin minimum non-zero probability:       2.2371e-313
per-bin maximum probability:                0.997294
per-bin probability dynamic range (kT):     inf
per-segment minimum non-zero probability:   2.79638e-314
per-segment maximum non-zero probability:   0.151521
per-segment probability dynamic range (kT): inf
norm = 1, error in norm = 0 (0*epsilon)
-- WARNING  [westpa.core.sim_manager] -- 
Minimum segment weight is < 1e-100 and might not be physically relevant. Please reconsider your progress coordinate or binning scheme.
MAB binning in use
Bottleneck bin occupancy may not be accurately reported
Waiting for segments to complete...
Iteration completed successfully
Iteration wallclock: 0:29:24.558684, cputime: 1:38:44.774574


Tue Sep  6 23:29:51 2022
Iteration 620 (1000 requested)
Beginning iteration 620
40 segments remain in iteration 620 (40 total)
5 of 32 (15.625000%) active bins are populated
per-bin minimum non-zero probability:       2.79638e-314
per-bin maximum probability:                0.999662
per-bin probability dynamic range (kT):     inf
per-segment minimum non-zero probability:   3.49547e-315
per-segment maximum non-zero probability:   0.151521
per-segment probability dynamic range (kT): inf
norm = 1, error in norm = 0 (0*epsilon)
-- WARNING  [westpa.core.sim_manager] -- 
Minimum segment weight is < 1e-100 and might not be physically relevant. Please reconsider your progress coordinate or binning scheme.
MAB binning in use
Bottleneck bin occupancy may not be accurately reported
Waiting for segments to complete...
Iteration completed successfully
Iteration wallclock: 0:29:18.650316, cputime: 1:38:51.002017


Tue Sep  6 23:59:09 2022
Iteration 621 (1000 requested)
Beginning iteration 621
40 segments remain in iteration 621 (40 total)
5 of 32 (15.625000%) active bins are populated
per-bin minimum non-zero probability:       3.49547e-315
per-bin maximum probability:                0.848479
per-bin probability dynamic range (kT):     inf
per-segment minimum non-zero probability:   3.88386e-316
per-segment maximum non-zero probability:   0.130351
per-segment probability dynamic range (kT): inf
norm = 1, error in norm = 0 (0*epsilon)
-- WARNING  [westpa.core.sim_manager] -- 
Minimum segment weight is < 1e-100 and might not be physically relevant. Please reconsider your progress coordinate or binning scheme.
MAB binning in use
Bottleneck bin occupancy may not be accurately reported
Waiting for segments to complete...
Iteration completed successfully
Iteration wallclock: 0:29:27.869514, cputime: 1:38:45.624619


Wed Sep  7 00:28:37 2022
Iteration 622 (1000 requested)
Beginning iteration 622
40 segments remain in iteration 622 (40 total)
5 of 32 (15.625000%) active bins are populated
per-bin minimum non-zero probability:       3.88386e-316
per-bin maximum probability:                0.98106
per-bin probability dynamic range (kT):     inf
per-segment minimum non-zero probability:   4.3154e-317
per-segment maximum non-zero probability:   0.131957
per-segment probability dynamic range (kT): inf
norm = 1, error in norm = 0 (0*epsilon)
-- WARNING  [westpa.core.sim_manager] -- 
Minimum segment weight is < 1e-100 and might not be physically relevant. Please reconsider your progress coordinate or binning scheme.
MAB binning in use
Bottleneck bin occupancy may not be accurately reported
Waiting for segments to complete...
Iteration completed successfully
Iteration wallclock: 0:29:30.371763, cputime: 1:38:50.249744


Wed Sep  7 00:58:08 2022
Iteration 623 (1000 requested)
Beginning iteration 623
40 segments remain in iteration 623 (40 total)
5 of 32 (15.625000%) active bins are populated
per-bin minimum non-zero probability:       4.3154e-317
per-bin maximum probability:                0.997632
per-bin probability dynamic range (kT):     inf
per-segment minimum non-zero probability:   4.79489e-318
per-segment maximum non-zero probability:   0.131957
per-segment probability dynamic range (kT): inf
norm = 1, error in norm = 0 (0*epsilon)
-- WARNING  [westpa.core.sim_manager] -- 
Minimum segment weight is < 1e-100 and might not be physically relevant. Please reconsider your progress coordinate or binning scheme.
MAB binning in use
Bottleneck bin occupancy may not be accurately reported
Waiting for segments to complete...
Iteration completed successfully
Iteration wallclock: 0:29:16.215056, cputime: 1:38:51.073442


Wed Sep  7 01:27:24 2022
Iteration 624 (1000 requested)
Beginning iteration 624
40 segments remain in iteration 624 (40 total)
5 of 32 (15.625000%) active bins are populated
per-bin minimum non-zero probability:       4.79489e-318
per-bin maximum probability:                0.869449
per-bin probability dynamic range (kT):     inf
per-segment minimum non-zero probability:   5.99361e-319
per-segment maximum non-zero probability:   0.131957
per-segment probability dynamic range (kT): inf
norm = 1, error in norm = 2.22045e-16 (1*epsilon)
-- WARNING  [westpa.core.sim_manager] -- 
Minimum segment weight is < 1e-100 and might not be physically relevant. Please reconsider your progress coordinate or binning scheme.
MAB binning in use
Bottleneck bin occupancy may not be accurately reported
Waiting for segments to complete...
Iteration completed successfully
Iteration wallclock: 0:29:19.105377, cputime: 1:38:51.327610


Wed Sep  7 01:56:43 2022
Iteration 625 (1000 requested)
Beginning iteration 625
40 segments remain in iteration 625 (40 total)
5 of 32 (15.625000%) active bins are populated
per-bin minimum non-zero probability:       5.99361e-319
per-bin maximum probability:                0.983681
per-bin probability dynamic range (kT):     inf
per-segment minimum non-zero probability:   7.49201e-320
per-segment maximum non-zero probability:   0.131957
per-segment probability dynamic range (kT): inf
norm = 1, error in norm = 0 (0*epsilon)
-- WARNING  [westpa.core.sim_manager] -- 
Minimum segment weight is < 1e-100 and might not be physically relevant. Please reconsider your progress coordinate or binning scheme.
MAB binning in use
Bottleneck bin occupancy may not be accurately reported
Waiting for segments to complete...
Iteration completed successfully
Iteration wallclock: 0:29:19.047402, cputime: 1:38:45.524704


Wed Sep  7 02:26:02 2022
Iteration 626 (1000 requested)
Beginning iteration 626
40 segments remain in iteration 626 (40 total)
5 of 32 (15.625000%) active bins are populated
per-bin minimum non-zero probability:       7.49399e-320
per-bin maximum probability:                0.99796
per-bin probability dynamic range (kT):     inf
per-segment minimum non-zero probability:   9.36748e-321
per-segment maximum non-zero probability:   0.131957
per-segment probability dynamic range (kT): inf
norm = 1, error in norm = 0 (0*epsilon)
-- WARNING  [westpa.core.sim_manager] -- 
Minimum segment weight is < 1e-100 and might not be physically relevant. Please reconsider your progress coordinate or binning scheme.
MAB binning in use
Bottleneck bin occupancy may not be accurately reported
Waiting for segments to complete...
Iteration completed successfully
Iteration wallclock: 0:29:28.295955, cputime: 1:38:48.969796


Wed Sep  7 02:55:30 2022
Iteration 627 (1000 requested)
Beginning iteration 627
40 segments remain in iteration 627 (40 total)
5 of 32 (15.625000%) active bins are populated
per-bin minimum non-zero probability:       9.36748e-321
per-bin maximum probability:                0.999745
per-bin probability dynamic range (kT):     inf
per-segment minimum non-zero probability:   1.17094e-321
per-segment maximum non-zero probability:   0.131957
per-segment probability dynamic range (kT): inf
norm = 1, error in norm = 0 (0*epsilon)
-- WARNING  [westpa.core.sim_manager] -- 
Minimum segment weight is < 1e-100 and might not be physically relevant. Please reconsider your progress coordinate or binning scheme.
MAB binning in use
Bottleneck bin occupancy may not be accurately reported
Waiting for segments to complete...
Iteration completed successfully
Iteration wallclock: 0:29:20.387174, cputime: 1:38:44.176893


Wed Sep  7 03:24:51 2022
Iteration 628 (1000 requested)
Beginning iteration 628
40 segments remain in iteration 628 (40 total)
5 of 32 (15.625000%) active bins are populated
per-bin minimum non-zero probability:       1.18576e-321
per-bin maximum probability:                0.8834
per-bin probability dynamic range (kT):     inf
per-segment minimum non-zero probability:   1.4822e-322
per-segment maximum non-zero probability:   0.131957
per-segment probability dynamic range (kT): inf
norm = 1, error in norm = 0 (0*epsilon)
-- WARNING  [westpa.core.sim_manager] -- 
Minimum segment weight is < 1e-100 and might not be physically relevant. Please reconsider your progress coordinate or binning scheme.
MAB binning in use
Bottleneck bin occupancy may not be accurately reported
Waiting for segments to complete...
Iteration completed successfully
Iteration wallclock: 0:29:23.402924, cputime: 1:38:48.383071


Wed Sep  7 03:54:14 2022
Iteration 629 (1000 requested)
Beginning iteration 629
40 segments remain in iteration 629 (40 total)
5 of 32 (15.625000%) active bins are populated
per-bin minimum non-zero probability:       1.58101e-322
per-bin maximum probability:                0.985425
per-bin probability dynamic range (kT):     inf
per-segment minimum non-zero probability:   1.97626e-323
per-segment maximum non-zero probability:   0.131957
per-segment probability dynamic range (kT): inf
norm = 1, error in norm = 0 (0*epsilon)
-- WARNING  [westpa.core.sim_manager] -- 
Minimum segment weight is < 1e-100 and might not be physically relevant. Please reconsider your progress coordinate or binning scheme.
MAB binning in use
Bottleneck bin occupancy may not be accurately reported
Waiting for segments to complete...
exception caught; shutting down
-- ERROR    [w_run] -- error message: index 4 is out of bounds for axis 0 with size 4
-- ERROR    [w_run] -- Traceback (most recent call last):
  File "/jet/home/dyang4/Apps/westpa/src/westpa/cli/core/w_run.py", line 62, in run_simulation
    sim_manager.run()
  File "/jet/home/dyang4/Apps/westpa/src/westpa/core/sim_manager.py", line 760, in run
    self.run_we()
  File "/jet/home/dyang4/Apps/westpa/src/westpa/core/sim_manager.py", line 682, in run_we
    self.we_driver.construct_next()
  File "/jet/home/dyang4/Apps/westpa/src/westpa/core/we_driver.py", line 875, in construct_next
    self._run_we()
  File "/jet/home/dyang4/Apps/westpa/src/westpa/core/we_driver.py", line 704, in _run_we
    self._merge_by_threshold(bin, i)
  File "/jet/home/dyang4/Apps/westpa/src/westpa/core/we_driver.py", line 614, in _merge_by_threshold
    new_segment, parent = self._merge_walkers(to_merge, cumul_weight, bin)
  File "/jet/home/dyang4/Apps/westpa/src/westpa/core/we_driver.py", line 482, in _merge_walkers
    gparent_seg = segments[iparent]
IndexError: index 4 is out of bounds for axis 0 with size 4

