Updating system with the options from the configuration file
Maximum wallclock time: 2 days, 0:00:00

Mon Aug 22 13:32:58 2022
Iteration 253 (500 requested)
Beginning iteration 253
40 segments remain in iteration 253 (40 total)
5 of 32 (15.625000%) active bins are populated
per-bin minimum non-zero probability:       1.55815e-21
per-bin maximum probability:                1
per-bin probability dynamic range (kT):     47.9108
per-segment minimum non-zero probability:   1.94768e-22
per-segment maximum non-zero probability:   0.161909
per-segment probability dynamic range (kT): 48.1695
norm = 1, error in norm = 2.22045e-16 (1*epsilon)
MAB binning in use
Bottleneck bin occupancy may not be accurately reported
Waiting for segments to complete...
Iteration completed successfully
Iteration wallclock: 1:10:57.893964, cputime: 1:47:56.629279


Mon Aug 22 14:43:55 2022
Iteration 254 (500 requested)
Beginning iteration 254
40 segments remain in iteration 254 (40 total)
5 of 32 (15.625000%) active bins are populated
per-bin minimum non-zero probability:       1.94768e-22
per-bin maximum probability:                0.880244
per-bin probability dynamic range (kT):     49.8627
per-segment minimum non-zero probability:   2.4346e-23
per-segment maximum non-zero probability:   0.161909
per-segment probability dynamic range (kT): 50.249
norm = 1, error in norm = 0 (0*epsilon)
MAB binning in use
Bottleneck bin occupancy may not be accurately reported
Waiting for segments to complete...
Iteration completed successfully
Iteration wallclock: 0:35:58.939775, cputime: 1:48:50.073189


Mon Aug 22 15:19:54 2022
Iteration 255 (500 requested)
Beginning iteration 255
40 segments remain in iteration 255 (40 total)
5 of 32 (15.625000%) active bins are populated
per-bin minimum non-zero probability:       2.4346e-23
per-bin maximum probability:                0.770089
per-bin probability dynamic range (kT):     51.8084
per-segment minimum non-zero probability:   3.04326e-24
per-segment maximum non-zero probability:   0.161909
per-segment probability dynamic range (kT): 52.3284
norm = 1, error in norm = 2.22045e-16 (1*epsilon)
MAB binning in use
Bottleneck bin occupancy may not be accurately reported
Waiting for segments to complete...
Iteration completed successfully
Iteration wallclock: 0:34:31.105167, cputime: 1:49:15.670776


Mon Aug 22 15:54:26 2022
Iteration 256 (500 requested)
Beginning iteration 256
40 segments remain in iteration 256 (40 total)
5 of 32 (15.625000%) active bins are populated
per-bin minimum non-zero probability:       3.04326e-24
per-bin maximum probability:                0.838091
per-bin probability dynamic range (kT):     53.9725
per-segment minimum non-zero probability:   3.80407e-25
per-segment maximum non-zero probability:   0.123225
per-segment probability dynamic range (kT): 54.1348
norm = 1, error in norm = 0 (0*epsilon)
MAB binning in use
Bottleneck bin occupancy may not be accurately reported
Waiting for segments to complete...
Iteration completed successfully
Iteration wallclock: 0:34:32.173162, cputime: 1:49:15.384494


Mon Aug 22 16:28:58 2022
Iteration 257 (500 requested)
Beginning iteration 257
40 segments remain in iteration 257 (40 total)
5 of 32 (15.625000%) active bins are populated
per-bin minimum non-zero probability:       3.80407e-25
per-bin maximum probability:                0.970061
per-bin probability dynamic range (kT):     56.1982
per-segment minimum non-zero probability:   4.75509e-26
per-segment maximum non-zero probability:   0.169647
per-segment probability dynamic range (kT): 56.534
norm = 1, error in norm = 0 (0*epsilon)
MAB binning in use
Bottleneck bin occupancy may not be accurately reported
Waiting for segments to complete...
Iteration completed successfully
Iteration wallclock: 0:34:28.142238, cputime: 1:48:55.668496


Mon Aug 22 17:03:26 2022
Iteration 258 (500 requested)
Beginning iteration 258
40 segments remain in iteration 258 (40 total)
5 of 32 (15.625000%) active bins are populated
per-bin minimum non-zero probability:       4.75509e-26
per-bin maximum probability:                0.996258
per-bin probability dynamic range (kT):     58.3042
per-segment minimum non-zero probability:   5.94386e-27
per-segment maximum non-zero probability:   0.169647
per-segment probability dynamic range (kT): 58.6134
norm = 1, error in norm = 2.22045e-16 (1*epsilon)
MAB binning in use
Bottleneck bin occupancy may not be accurately reported
Waiting for segments to complete...
Iteration completed successfully
Iteration wallclock: 0:34:19.016688, cputime: 1:49:00.295121


Mon Aug 22 17:37:45 2022
Iteration 259 (500 requested)
Beginning iteration 259
40 segments remain in iteration 259 (40 total)
5 of 32 (15.625000%) active bins are populated
per-bin minimum non-zero probability:       5.94386e-27
per-bin maximum probability:                0.999532
per-bin probability dynamic range (kT):     60.387
per-segment minimum non-zero probability:   7.42982e-28
per-segment maximum non-zero probability:   0.169647
per-segment probability dynamic range (kT): 60.6928
norm = 1, error in norm = 0 (0*epsilon)
MAB binning in use
Bottleneck bin occupancy may not be accurately reported
Waiting for segments to complete...
Iteration completed successfully
Iteration wallclock: 0:34:34.822827, cputime: 1:49:58.001646


Mon Aug 22 18:12:20 2022
Iteration 260 (500 requested)
Beginning iteration 260
40 segments remain in iteration 260 (40 total)
5 of 32 (15.625000%) active bins are populated
per-bin minimum non-zero probability:       7.42982e-28
per-bin maximum probability:                0.999942
per-bin probability dynamic range (kT):     62.4668
per-segment minimum non-zero probability:   9.28728e-29
per-segment maximum non-zero probability:   0.169647
per-segment probability dynamic range (kT): 62.7723
norm = 1, error in norm = 0 (0*epsilon)
MAB binning in use
Bottleneck bin occupancy may not be accurately reported
Waiting for segments to complete...
Iteration completed successfully
Iteration wallclock: 0:34:35.242289, cputime: 1:49:23.754783


Mon Aug 22 18:46:55 2022
Iteration 261 (500 requested)
Beginning iteration 261
32 segments remain in iteration 261 (32 total)
4 of 32 (12.500000%) active bins are populated
per-bin minimum non-zero probability:       9.28728e-29
per-bin maximum probability:                0.999993
per-bin probability dynamic range (kT):     64.5463
per-segment minimum non-zero probability:   1.16091e-29
per-segment maximum non-zero probability:   0.169647
per-segment probability dynamic range (kT): 64.8517
norm = 1, error in norm = 0 (0*epsilon)
MAB binning in use
Bottleneck bin occupancy may not be accurately reported
Waiting for segments to complete...
Iteration completed successfully
Iteration wallclock: 0:27:15.119358, cputime: 1:26:18.435151


Mon Aug 22 19:14:10 2022
Iteration 262 (500 requested)
Beginning iteration 262
32 segments remain in iteration 262 (32 total)
4 of 32 (12.500000%) active bins are populated
per-bin minimum non-zero probability:       1.16091e-29
per-bin maximum probability:                0.999999
per-bin probability dynamic range (kT):     66.6258
per-segment minimum non-zero probability:   1.45114e-30
per-segment maximum non-zero probability:   0.169647
per-segment probability dynamic range (kT): 66.9312
norm = 1, error in norm = 0 (0*epsilon)
MAB binning in use
Bottleneck bin occupancy may not be accurately reported
Waiting for segments to complete...
Iteration completed successfully
Iteration wallclock: 0:29:56.027075, cputime: 1:27:16.424903


Mon Aug 22 19:44:06 2022
Iteration 263 (500 requested)
Beginning iteration 263
40 segments remain in iteration 263 (40 total)
5 of 32 (15.625000%) active bins are populated
per-bin minimum non-zero probability:       1.45114e-30
per-bin maximum probability:                1
per-bin probability dynamic range (kT):     68.7052
per-segment minimum non-zero probability:   1.81392e-31
per-segment maximum non-zero probability:   0.169647
per-segment probability dynamic range (kT): 69.0106
norm = 1, error in norm = 2.22045e-16 (1*epsilon)
MAB binning in use
Bottleneck bin occupancy may not be accurately reported
Waiting for segments to complete...
Iteration completed successfully
Iteration wallclock: 0:35:07.493516, cputime: 1:50:10.043442


Mon Aug 22 20:19:14 2022
Iteration 264 (500 requested)
Beginning iteration 264
40 segments remain in iteration 264 (40 total)
5 of 32 (15.625000%) active bins are populated
per-bin minimum non-zero probability:       1.81392e-31
per-bin maximum probability:                1
per-bin probability dynamic range (kT):     70.7846
per-segment minimum non-zero probability:   2.2674e-32
per-segment maximum non-zero probability:   0.169647
per-segment probability dynamic range (kT): 71.0901
norm = 1, error in norm = 2.22045e-16 (1*epsilon)
MAB binning in use
Bottleneck bin occupancy may not be accurately reported
Waiting for segments to complete...
Iteration completed successfully
Iteration wallclock: 0:35:00.558826, cputime: 1:50:08.021591


Mon Aug 22 20:54:14 2022
Iteration 265 (500 requested)
Beginning iteration 265
40 segments remain in iteration 265 (40 total)
5 of 32 (15.625000%) active bins are populated
per-bin minimum non-zero probability:       2.2674e-32
per-bin maximum probability:                1
per-bin probability dynamic range (kT):     72.8641
per-segment minimum non-zero probability:   2.83425e-33
per-segment maximum non-zero probability:   0.169647
per-segment probability dynamic range (kT): 73.1695
norm = 1, error in norm = 0 (0*epsilon)
MAB binning in use
Bottleneck bin occupancy may not be accurately reported
Waiting for segments to complete...
Iteration completed successfully
Iteration wallclock: 0:35:58.588641, cputime: 1:50:40.436735


Mon Aug 22 21:30:13 2022
Iteration 266 (500 requested)
Beginning iteration 266
40 segments remain in iteration 266 (40 total)
5 of 32 (15.625000%) active bins are populated
per-bin minimum non-zero probability:       2.83425e-33
per-bin maximum probability:                1
per-bin probability dynamic range (kT):     74.9435
per-segment minimum non-zero probability:   3.54282e-34
per-segment maximum non-zero probability:   0.169647
per-segment probability dynamic range (kT): 75.2489
norm = 1, error in norm = 0 (0*epsilon)
MAB binning in use
Bottleneck bin occupancy may not be accurately reported
Waiting for segments to complete...
Iteration completed successfully
Iteration wallclock: 0:35:15.677396, cputime: 1:50:07.032443


Mon Aug 22 22:05:29 2022
Iteration 267 (500 requested)
Beginning iteration 267
40 segments remain in iteration 267 (40 total)
5 of 32 (15.625000%) active bins are populated
per-bin minimum non-zero probability:       3.54282e-34
per-bin maximum probability:                1
per-bin probability dynamic range (kT):     77.023
per-segment minimum non-zero probability:   4.42852e-35
per-segment maximum non-zero probability:   0.169647
per-segment probability dynamic range (kT): 77.3284
norm = 1, error in norm = 0 (0*epsilon)
MAB binning in use
Bottleneck bin occupancy may not be accurately reported
Waiting for segments to complete...
Iteration completed successfully
Iteration wallclock: 0:34:54.097970, cputime: 1:50:33.674848


Mon Aug 22 22:40:23 2022
Iteration 268 (500 requested)
Beginning iteration 268
32 segments remain in iteration 268 (32 total)
4 of 32 (12.500000%) active bins are populated
per-bin minimum non-zero probability:       4.42852e-35
per-bin maximum probability:                1
per-bin probability dynamic range (kT):     79.1024
per-segment minimum non-zero probability:   5.53565e-36
per-segment maximum non-zero probability:   0.169647
per-segment probability dynamic range (kT): 79.4078
norm = 1, error in norm = 2.22045e-16 (1*epsilon)
MAB binning in use
Bottleneck bin occupancy may not be accurately reported
Waiting for segments to complete...
Iteration completed successfully
Iteration wallclock: 0:27:59.177721, cputime: 1:28:35.626095


Mon Aug 22 23:08:22 2022
Iteration 269 (500 requested)
Beginning iteration 269
40 segments remain in iteration 269 (40 total)
5 of 32 (15.625000%) active bins are populated
per-bin minimum non-zero probability:       5.53565e-36
per-bin maximum probability:                1
per-bin probability dynamic range (kT):     81.1819
per-segment minimum non-zero probability:   6.91956e-37
per-segment maximum non-zero probability:   0.169647
per-segment probability dynamic range (kT): 81.4873
norm = 1, error in norm = 0 (0*epsilon)
MAB binning in use
Bottleneck bin occupancy may not be accurately reported
Waiting for segments to complete...
Iteration completed successfully
Iteration wallclock: 0:34:42.994822, cputime: 1:50:31.032926


Mon Aug 22 23:43:05 2022
Iteration 270 (500 requested)
Beginning iteration 270
40 segments remain in iteration 270 (40 total)
5 of 32 (15.625000%) active bins are populated
per-bin minimum non-zero probability:       6.91956e-37
per-bin maximum probability:                1
per-bin probability dynamic range (kT):     83.2613
per-segment minimum non-zero probability:   8.64945e-38
per-segment maximum non-zero probability:   0.169647
per-segment probability dynamic range (kT): 83.5667
norm = 1, error in norm = 0 (0*epsilon)
MAB binning in use
Bottleneck bin occupancy may not be accurately reported
Waiting for segments to complete...
Iteration completed successfully
Iteration wallclock: 0:43:08.931876, cputime: 2:14:22.543701


Tue Aug 23 00:26:14 2022
Iteration 271 (500 requested)
Beginning iteration 271
40 segments remain in iteration 271 (40 total)
5 of 32 (15.625000%) active bins are populated
per-bin minimum non-zero probability:       8.64945e-38
per-bin maximum probability:                1
per-bin probability dynamic range (kT):     85.3407
per-segment minimum non-zero probability:   1.08118e-38
per-segment maximum non-zero probability:   0.169647
per-segment probability dynamic range (kT): 85.6461
norm = 1, error in norm = 2.22045e-16 (1*epsilon)
MAB binning in use
Bottleneck bin occupancy may not be accurately reported
Waiting for segments to complete...
Iteration completed successfully
Iteration wallclock: 0:58:51.175047, cputime: 2:53:56.323565


Tue Aug 23 01:25:05 2022
Iteration 272 (500 requested)
Beginning iteration 272
40 segments remain in iteration 272 (40 total)
5 of 32 (15.625000%) active bins are populated
per-bin minimum non-zero probability:       1.08118e-38
per-bin maximum probability:                0.883795
per-bin probability dynamic range (kT):     87.2966
per-segment minimum non-zero probability:   1.35148e-39
per-segment maximum non-zero probability:   0.169647
per-segment probability dynamic range (kT): 87.7256
norm = 1, error in norm = 2.22045e-16 (1*epsilon)
MAB binning in use
Bottleneck bin occupancy may not be accurately reported
Waiting for segments to complete...
Iteration completed successfully
Iteration wallclock: 0:56:45.994390, cputime: 2:46:45.302900


Tue Aug 23 02:21:51 2022
Iteration 273 (500 requested)
Beginning iteration 273
40 segments remain in iteration 273 (40 total)
5 of 32 (15.625000%) active bins are populated
per-bin minimum non-zero probability:       1.35148e-39
per-bin maximum probability:                1
per-bin probability dynamic range (kT):     89.4996
per-segment minimum non-zero probability:   1.68935e-40
per-segment maximum non-zero probability:   0.169647
per-segment probability dynamic range (kT): 89.805
norm = 1, error in norm = 0 (0*epsilon)
MAB binning in use
Bottleneck bin occupancy may not be accurately reported
Waiting for segments to complete...
Iteration completed successfully
Iteration wallclock: 0:57:25.180629, cputime: 2:52:45.273254


Tue Aug 23 03:19:17 2022
Iteration 274 (500 requested)
Beginning iteration 274
40 segments remain in iteration 274 (40 total)
5 of 32 (15.625000%) active bins are populated
per-bin minimum non-zero probability:       1.68935e-40
per-bin maximum probability:                0.882729
per-bin probability dynamic range (kT):     91.4543
per-segment minimum non-zero probability:   2.11168e-41
per-segment maximum non-zero probability:   0.169647
per-segment probability dynamic range (kT): 91.8845
norm = 1, error in norm = 0 (0*epsilon)
MAB binning in use
Bottleneck bin occupancy may not be accurately reported
Waiting for segments to complete...
Iteration completed successfully
Iteration wallclock: 1:00:22.728673, cputime: 2:55:32.304636


Tue Aug 23 04:19:40 2022
Iteration 275 (500 requested)
Beginning iteration 275
40 segments remain in iteration 275 (40 total)
5 of 32 (15.625000%) active bins are populated
per-bin minimum non-zero probability:       2.11168e-41
per-bin maximum probability:                0.985341
per-bin probability dynamic range (kT):     93.6437
per-segment minimum non-zero probability:   2.6396e-42
per-segment maximum non-zero probability:   0.169647
per-segment probability dynamic range (kT): 93.9639
norm = 1, error in norm = 0 (0*epsilon)
MAB binning in use
Bottleneck bin occupancy may not be accurately reported
Waiting for segments to complete...
Iteration completed successfully
Iteration wallclock: 0:56:48.409342, cputime: 2:46:55.856763


Tue Aug 23 05:16:28 2022
Iteration 276 (500 requested)
Beginning iteration 276
40 segments remain in iteration 276 (40 total)
5 of 32 (15.625000%) active bins are populated
per-bin minimum non-zero probability:       2.6396e-42
per-bin maximum probability:                0.998168
per-bin probability dynamic range (kT):     95.7361
per-segment minimum non-zero probability:   3.2995e-43
per-segment maximum non-zero probability:   0.169647
per-segment probability dynamic range (kT): 96.0434
norm = 1, error in norm = 0 (0*epsilon)
MAB binning in use
Bottleneck bin occupancy may not be accurately reported
Waiting for segments to complete...
Iteration completed successfully
Iteration wallclock: 0:58:50.976648, cputime: 2:54:53.261833


Tue Aug 23 06:15:19 2022
Iteration 277 (500 requested)
Beginning iteration 277
40 segments remain in iteration 277 (40 total)
5 of 32 (15.625000%) active bins are populated
per-bin minimum non-zero probability:       1.29839e-20
per-bin maximum probability:                0.741417
per-bin probability dynamic range (kT):     45.4914
per-segment minimum non-zero probability:   1.62299e-21
per-segment maximum non-zero probability:   0.116205
per-segment probability dynamic range (kT): 45.7176
norm = 1, error in norm = 0 (0*epsilon)
MAB binning in use
Bottleneck bin occupancy may not be accurately reported
Waiting for segments to complete...
Iteration completed successfully
Iteration wallclock: 0:52:05.505641, cputime: 2:39:08.660659


Tue Aug 23 07:07:25 2022
Iteration 278 (500 requested)
Beginning iteration 278
40 segments remain in iteration 278 (40 total)
5 of 32 (15.625000%) active bins are populated
per-bin minimum non-zero probability:       1.62299e-21
per-bin maximum probability:                0.771203
per-bin probability dynamic range (kT):     47.6102
per-segment minimum non-zero probability:   2.02874e-22
per-segment maximum non-zero probability:   0.116205
per-segment probability dynamic range (kT): 47.7971
norm = 1, error in norm = 2.22045e-16 (1*epsilon)
MAB binning in use
Bottleneck bin occupancy may not be accurately reported
Waiting for segments to complete...
Iteration completed successfully
Iteration wallclock: 0:50:39.589792, cputime: 2:32:18.029571


Tue Aug 23 07:58:04 2022
Iteration 279 (500 requested)
Beginning iteration 279
40 segments remain in iteration 279 (40 total)
5 of 32 (15.625000%) active bins are populated
per-bin minimum non-zero probability:       2.02874e-22
per-bin maximum probability:                0.9714
per-bin probability dynamic range (kT):     49.9204
per-segment minimum non-zero probability:   2.53592e-23
per-segment maximum non-zero probability:   0.169647
per-segment probability dynamic range (kT): 50.2549
norm = 1, error in norm = 0 (0*epsilon)
MAB binning in use
Bottleneck bin occupancy may not be accurately reported
Waiting for segments to complete...
Iteration completed successfully
Iteration wallclock: 0:50:43.527842, cputime: 2:33:47.962465


Tue Aug 23 08:48:48 2022
Iteration 280 (500 requested)
Beginning iteration 280
40 segments remain in iteration 280 (40 total)
5 of 32 (15.625000%) active bins are populated
per-bin minimum non-zero probability:       2.53592e-23
per-bin maximum probability:                0.996425
per-bin probability dynamic range (kT):     52.0253
per-segment minimum non-zero probability:   3.1699e-24
per-segment maximum non-zero probability:   0.169647
per-segment probability dynamic range (kT): 52.3343
norm = 1, error in norm = 0 (0*epsilon)
MAB binning in use
Bottleneck bin occupancy may not be accurately reported
Waiting for segments to complete...
Iteration completed successfully
Iteration wallclock: 0:50:13.263349, cputime: 2:32:22.655044


Tue Aug 23 09:39:01 2022
Iteration 281 (500 requested)
Beginning iteration 281
32 segments remain in iteration 281 (32 total)
4 of 32 (12.500000%) active bins are populated
per-bin minimum non-zero probability:       3.1699e-24
per-bin maximum probability:                0.830352
per-bin probability dynamic range (kT):     53.9224
per-segment minimum non-zero probability:   3.96238e-25
per-segment maximum non-zero probability:   0.169647
per-segment probability dynamic range (kT): 54.4138
norm = 1, error in norm = 0 (0*epsilon)
MAB binning in use
Bottleneck bin occupancy may not be accurately reported
Waiting for segments to complete...
Iteration completed successfully
Iteration wallclock: 0:38:36.159064, cputime: 1:57:27.535885


Tue Aug 23 10:17:37 2022
Iteration 282 (500 requested)
Beginning iteration 282
32 segments remain in iteration 282 (32 total)
4 of 32 (12.500000%) active bins are populated
per-bin minimum non-zero probability:       3.96238e-25
per-bin maximum probability:                0.830353
per-bin probability dynamic range (kT):     56.0019
per-segment minimum non-zero probability:   4.95297e-26
per-segment maximum non-zero probability:   0.116205
per-segment probability dynamic range (kT): 56.1148
norm = 1, error in norm = 0 (0*epsilon)
MAB binning in use
Bottleneck bin occupancy may not be accurately reported
Waiting for segments to complete...
Iteration completed successfully
Iteration wallclock: 0:41:06.317178, cputime: 2:02:09.418291


Tue Aug 23 10:58:44 2022
Iteration 283 (500 requested)
Beginning iteration 283
40 segments remain in iteration 283 (40 total)
5 of 32 (15.625000%) active bins are populated
per-bin minimum non-zero probability:       4.95297e-26
per-bin maximum probability:                0.774778
per-bin probability dynamic range (kT):     58.012
per-segment minimum non-zero probability:   6.19121e-27
per-segment maximum non-zero probability:   0.116205
per-segment probability dynamic range (kT): 58.1943
norm = 1, error in norm = 0 (0*epsilon)
MAB binning in use
Bottleneck bin occupancy may not be accurately reported
Waiting for segments to complete...
Iteration completed successfully
Iteration wallclock: 0:49:13.436295, cputime: 2:31:13.943721


Tue Aug 23 11:47:57 2022
Iteration 284 (500 requested)
Beginning iteration 284
40 segments remain in iteration 284 (40 total)
5 of 32 (15.625000%) active bins are populated
per-bin minimum non-zero probability:       6.19121e-27
per-bin maximum probability:                0.971847
per-bin probability dynamic range (kT):     60.3181
per-segment minimum non-zero probability:   7.73902e-28
per-segment maximum non-zero probability:   0.169647
per-segment probability dynamic range (kT): 60.6521
norm = 1, error in norm = 0 (0*epsilon)
MAB binning in use
Bottleneck bin occupancy may not be accurately reported
Waiting for segments to complete...
Iteration completed successfully
Iteration wallclock: 0:47:17.128713, cputime: 2:26:45.540412


Tue Aug 23 12:35:14 2022
Iteration 285 (500 requested)
Beginning iteration 285
40 segments remain in iteration 285 (40 total)
5 of 32 (15.625000%) active bins are populated
per-bin minimum non-zero probability:       7.73902e-28
per-bin maximum probability:                0.996481
per-bin probability dynamic range (kT):     62.4226
per-segment minimum non-zero probability:   9.67377e-29
per-segment maximum non-zero probability:   0.169647
per-segment probability dynamic range (kT): 62.7315
norm = 1, error in norm = 0 (0*epsilon)
MAB binning in use
Bottleneck bin occupancy may not be accurately reported
Waiting for segments to complete...
Iteration completed successfully
Iteration wallclock: 0:48:52.080714, cputime: 2:29:58.601204


Tue Aug 23 13:24:06 2022
Iteration 286 (500 requested)
Beginning iteration 286
40 segments remain in iteration 286 (40 total)
5 of 32 (15.625000%) active bins are populated
per-bin minimum non-zero probability:       9.67377e-29
per-bin maximum probability:                0.99956
per-bin probability dynamic range (kT):     64.5051
per-segment minimum non-zero probability:   1.20922e-29
per-segment maximum non-zero probability:   0.169647
per-segment probability dynamic range (kT): 64.811
norm = 1, error in norm = 0 (0*epsilon)
MAB binning in use
Bottleneck bin occupancy may not be accurately reported
Waiting for segments to complete...
Iteration completed successfully
Iteration wallclock: 0:49:40.329503, cputime: 2:31:40.005795


Tue Aug 23 14:13:47 2022
Iteration 287 (500 requested)
Beginning iteration 287
40 segments remain in iteration 287 (40 total)
5 of 32 (15.625000%) active bins are populated
per-bin minimum non-zero probability:       1.20922e-29
per-bin maximum probability:                0.888117
per-bin probability dynamic range (kT):     66.4663
per-segment minimum non-zero probability:   1.51153e-30
per-segment maximum non-zero probability:   0.165934
per-segment probability dynamic range (kT): 66.8683
norm = 1, error in norm = 0 (0*epsilon)
MAB binning in use
Bottleneck bin occupancy may not be accurately reported
Waiting for segments to complete...
Iteration completed successfully
Iteration wallclock: 0:49:22.785541, cputime: 2:28:38.646326


Tue Aug 23 15:03:10 2022
Iteration 288 (500 requested)
Beginning iteration 288
40 segments remain in iteration 288 (40 total)
5 of 32 (15.625000%) active bins are populated
per-bin minimum non-zero probability:       1.51153e-30
per-bin maximum probability:                0.986015
per-bin probability dynamic range (kT):     68.6503
per-segment minimum non-zero probability:   1.88941e-31
per-segment maximum non-zero probability:   0.169647
per-segment probability dynamic range (kT): 68.9698
norm = 1, error in norm = 0 (0*epsilon)
MAB binning in use
Bottleneck bin occupancy may not be accurately reported
Waiting for segments to complete...
Iteration completed successfully
Iteration wallclock: 0:51:13.547516, cputime: 2:29:58.867995


Tue Aug 23 15:54:23 2022
Iteration 289 (500 requested)
Beginning iteration 289
40 segments remain in iteration 289 (40 total)
5 of 32 (15.625000%) active bins are populated
per-bin minimum non-zero probability:       1.88941e-31
per-bin maximum probability:                0.89871
per-bin probability dynamic range (kT):     70.6371
per-segment minimum non-zero probability:   2.36176e-32
per-segment maximum non-zero probability:   0.165934
per-segment probability dynamic range (kT): 71.0272
norm = 1, error in norm = 0 (0*epsilon)
MAB binning in use
Bottleneck bin occupancy may not be accurately reported
Waiting for segments to complete...
Iteration completed successfully
Iteration wallclock: 0:49:48.958768, cputime: 2:31:54.283033


Tue Aug 23 16:44:12 2022
Iteration 290 (500 requested)
Beginning iteration 290
32 segments remain in iteration 290 (32 total)
4 of 32 (12.500000%) active bins are populated
per-bin minimum non-zero probability:       2.36176e-32
per-bin maximum probability:                0.987339
per-bin probability dynamic range (kT):     72.8106
per-segment minimum non-zero probability:   2.9522e-33
per-segment maximum non-zero probability:   0.169647
per-segment probability dynamic range (kT): 73.1287
norm = 1, error in norm = 0 (0*epsilon)
MAB binning in use
Bottleneck bin occupancy may not be accurately reported
Waiting for segments to complete...
Iteration completed successfully
Iteration wallclock: 0:39:48.305511, cputime: 2:00:57.718223


Tue Aug 23 17:24:01 2022
Iteration 291 (500 requested)
Beginning iteration 291
40 segments remain in iteration 291 (40 total)
5 of 32 (15.625000%) active bins are populated
per-bin minimum non-zero probability:       2.9522e-33
per-bin maximum probability:                0.998417
per-bin probability dynamic range (kT):     74.9012
per-segment minimum non-zero probability:   3.69025e-34
per-segment maximum non-zero probability:   0.169647
per-segment probability dynamic range (kT): 75.2082
norm = 1, error in norm = 0 (0*epsilon)
MAB binning in use
Bottleneck bin occupancy may not be accurately reported
Waiting for segments to complete...
Iteration completed successfully
Iteration wallclock: 0:48:57.600437, cputime: 2:26:27.830610


Tue Aug 23 18:12:58 2022
Iteration 292 (500 requested)
Beginning iteration 292
40 segments remain in iteration 292 (40 total)
5 of 32 (15.625000%) active bins are populated
per-bin minimum non-zero probability:       3.69025e-34
per-bin maximum probability:                0.830155
per-bin probability dynamic range (kT):     76.7961
per-segment minimum non-zero probability:   4.61281e-35
per-segment maximum non-zero probability:   0.116205
per-segment probability dynamic range (kT): 76.9092
norm = 1, error in norm = 0 (0*epsilon)
MAB binning in use
Bottleneck bin occupancy may not be accurately reported
Waiting for segments to complete...
Iteration completed successfully
Iteration wallclock: 0:49:45.521347, cputime: 2:30:32.813910


Tue Aug 23 19:02:44 2022
Iteration 293 (500 requested)
Beginning iteration 293
40 segments remain in iteration 293 (40 total)
5 of 32 (15.625000%) active bins are populated
per-bin minimum non-zero probability:       4.61281e-35
per-bin maximum probability:                0.978769
per-bin probability dynamic range (kT):     79.0402
per-segment minimum non-zero probability:   5.76602e-36
per-segment maximum non-zero probability:   0.184059
per-segment probability dynamic range (kT): 79.4486
norm = 1, error in norm = 0 (0*epsilon)
MAB binning in use
Bottleneck bin occupancy may not be accurately reported
Waiting for segments to complete...
Iteration completed successfully
Iteration wallclock: 0:50:53.572643, cputime: 2:34:36.809235


Tue Aug 23 19:53:37 2022
Iteration 294 (500 requested)
Beginning iteration 294
40 segments remain in iteration 294 (40 total)
5 of 32 (15.625000%) active bins are populated
per-bin minimum non-zero probability:       5.76602e-36
per-bin maximum probability:                0.997346
per-bin probability dynamic range (kT):     81.1384
per-segment minimum non-zero probability:   7.20752e-37
per-segment maximum non-zero probability:   0.184059
per-segment probability dynamic range (kT): 81.528
norm = 1, error in norm = 0 (0*epsilon)
MAB binning in use
Bottleneck bin occupancy may not be accurately reported
Waiting for segments to complete...
Iteration completed successfully
Iteration wallclock: 0:47:19.110298, cputime: 2:25:53.828901


Tue Aug 23 20:40:57 2022
Iteration 295 (500 requested)
Beginning iteration 295
40 segments remain in iteration 295 (40 total)
5 of 32 (15.625000%) active bins are populated
per-bin minimum non-zero probability:       7.20752e-37
per-bin maximum probability:                0.999668
per-bin probability dynamic range (kT):     83.2202
per-segment minimum non-zero probability:   9.0094e-38
per-segment maximum non-zero probability:   0.184059
per-segment probability dynamic range (kT): 83.6075
norm = 1, error in norm = 2.22045e-16 (1*epsilon)
MAB binning in use
Bottleneck bin occupancy may not be accurately reported
Waiting for segments to complete...
Iteration completed successfully
Iteration wallclock: 0:51:08.843918, cputime: 2:34:20.454820


Tue Aug 23 21:32:05 2022
Iteration 296 (500 requested)
Beginning iteration 296
40 segments remain in iteration 296 (40 total)
5 of 32 (15.625000%) active bins are populated
per-bin minimum non-zero probability:       9.0094e-38
per-bin maximum probability:                0.999959
per-bin probability dynamic range (kT):     85.2999
per-segment minimum non-zero probability:   1.12618e-38
per-segment maximum non-zero probability:   0.184059
per-segment probability dynamic range (kT): 85.6869
norm = 1, error in norm = 2.22045e-16 (1*epsilon)
MAB binning in use
Bottleneck bin occupancy may not be accurately reported
Waiting for segments to complete...
Iteration completed successfully
Iteration wallclock: 0:49:55.303976, cputime: 2:32:38.816234


Tue Aug 23 22:22:01 2022
Iteration 297 (500 requested)
Beginning iteration 297
40 segments remain in iteration 297 (40 total)
5 of 32 (15.625000%) active bins are populated
per-bin minimum non-zero probability:       1.12618e-38
per-bin maximum probability:                0.87522
per-bin probability dynamic range (kT):     87.2461
per-segment minimum non-zero probability:   1.40772e-39
per-segment maximum non-zero probability:   0.184059
per-segment probability dynamic range (kT): 87.7663
norm = 1, error in norm = 0 (0*epsilon)
MAB binning in use
Bottleneck bin occupancy may not be accurately reported
Waiting for segments to complete...
Iteration completed successfully
Iteration wallclock: 0:48:48.572207, cputime: 2:25:36.406957


Tue Aug 23 23:10:49 2022
Iteration 298 (500 requested)
Beginning iteration 298
32 segments remain in iteration 298 (32 total)
4 of 32 (12.500000%) active bins are populated
per-bin minimum non-zero probability:       1.40772e-39
per-bin maximum probability:                0.888117
per-bin probability dynamic range (kT):     89.3402
per-segment minimum non-zero probability:   1.75965e-40
per-segment maximum non-zero probability:   0.125379
per-segment probability dynamic range (kT): 89.4619
norm = 1, error in norm = 2.22045e-16 (1*epsilon)
MAB binning in use
Bottleneck bin occupancy may not be accurately reported
Waiting for segments to complete...
Iteration completed successfully
Iteration wallclock: 0:42:35.339142, cputime: 2:02:58.832710


Tue Aug 23 23:53:25 2022
Iteration 299 (500 requested)
Beginning iteration 299
40 segments remain in iteration 299 (40 total)
5 of 32 (15.625000%) active bins are populated
per-bin minimum non-zero probability:       1.75965e-40
per-bin maximum probability:                0.861235
per-bin probability dynamic range (kT):     91.3889
per-segment minimum non-zero probability:   2.19956e-41
per-segment maximum non-zero probability:   0.125379
per-segment probability dynamic range (kT): 91.5413
norm = 1, error in norm = 2.22045e-16 (1*epsilon)
MAB binning in use
Bottleneck bin occupancy may not be accurately reported
Waiting for segments to complete...
Iteration completed successfully
Iteration wallclock: 0:50:20.254416, cputime: 2:32:18.866732


Wed Aug 24 00:43:45 2022
Iteration 300 (500 requested)
Beginning iteration 300
40 segments remain in iteration 300 (40 total)
5 of 32 (15.625000%) active bins are populated
per-bin minimum non-zero probability:       2.19956e-41
per-bin maximum probability:                0.982654
per-bin probability dynamic range (kT):     93.6002
per-segment minimum non-zero probability:   2.74945e-42
per-segment maximum non-zero probability:   0.184059
per-segment probability dynamic range (kT): 94.0047
norm = 1, error in norm = 2.22045e-16 (1*epsilon)
MAB binning in use
Bottleneck bin occupancy may not be accurately reported
Waiting for segments to complete...
Iteration completed successfully
Iteration wallclock: 0:43:20.700723, cputime: 2:13:22.643677


Wed Aug 24 01:27:06 2022
Iteration 301 (500 requested)
Beginning iteration 301
40 segments remain in iteration 301 (40 total)
5 of 32 (15.625000%) active bins are populated
per-bin minimum non-zero probability:       2.74945e-42
per-bin maximum probability:                0.997832
per-bin probability dynamic range (kT):     95.695
per-segment minimum non-zero probability:   3.43681e-43
per-segment maximum non-zero probability:   0.184059
per-segment probability dynamic range (kT): 96.0841
norm = 1, error in norm = 0 (0*epsilon)
MAB binning in use
Bottleneck bin occupancy may not be accurately reported
Waiting for segments to complete...
Iteration completed successfully
Iteration wallclock: 0:43:06.836279, cputime: 2:14:40.439287


Wed Aug 24 02:10:13 2022
Iteration 302 (500 requested)
Beginning iteration 302
40 segments remain in iteration 302 (40 total)
5 of 32 (15.625000%) active bins are populated
per-bin minimum non-zero probability:       3.43681e-43
per-bin maximum probability:                0.815697
per-bin probability dynamic range (kT):     97.5729
per-segment minimum non-zero probability:   4.29602e-44
per-segment maximum non-zero probability:   0.125379
per-segment probability dynamic range (kT): 97.7796
norm = 1, error in norm = 0 (0*epsilon)
MAB binning in use
Bottleneck bin occupancy may not be accurately reported
Waiting for segments to complete...
Iteration completed successfully
Iteration wallclock: 0:45:04.922725, cputime: 2:16:42.286225


Wed Aug 24 02:55:18 2022
Iteration 303 (500 requested)
Beginning iteration 303
40 segments remain in iteration 303 (40 total)
5 of 32 (15.625000%) active bins are populated
per-bin minimum non-zero probability:       4.29602e-44
per-bin maximum probability:                0.976962
per-bin probability dynamic range (kT):     99.8327
per-segment minimum non-zero probability:   5.37002e-45
per-segment maximum non-zero probability:   0.15697
per-segment probability dynamic range (kT): 100.084
norm = 1, error in norm = 2.22045e-16 (1*epsilon)
MAB binning in use
Bottleneck bin occupancy may not be accurately reported
Waiting for segments to complete...
Iteration completed successfully
Iteration wallclock: 0:37:38.091259, cputime: 1:57:31.905596


Wed Aug 24 03:32:56 2022
Iteration 304 (500 requested)
Beginning iteration 304
40 segments remain in iteration 304 (40 total)
5 of 32 (15.625000%) active bins are populated
per-bin minimum non-zero probability:       5.37002e-45
per-bin maximum probability:                0.99712
per-bin probability dynamic range (kT):     101.933
per-segment minimum non-zero probability:   6.71253e-46
per-segment maximum non-zero probability:   0.15697
per-segment probability dynamic range (kT): 102.163
norm = 1, error in norm = 2.22045e-16 (1*epsilon)
MAB binning in use
Bottleneck bin occupancy may not be accurately reported
Waiting for segments to complete...
Iteration completed successfully
Iteration wallclock: 0:37:49.651272, cputime: 1:57:03.967292


Wed Aug 24 04:10:45 2022
Iteration 305 (500 requested)
Beginning iteration 305
40 segments remain in iteration 305 (40 total)
5 of 32 (15.625000%) active bins are populated
per-bin minimum non-zero probability:       6.71253e-46
per-bin maximum probability:                0.878221
per-bin probability dynamic range (kT):     103.885
per-segment minimum non-zero probability:   8.39066e-47
per-segment maximum non-zero probability:   0.15697
per-segment probability dynamic range (kT): 104.243
norm = 1, error in norm = 2.22045e-16 (1*epsilon)
MAB binning in use
Bottleneck bin occupancy may not be accurately reported
Waiting for segments to complete...
Iteration completed successfully
Iteration wallclock: 0:37:31.041385, cputime: 1:56:08.564625


Wed Aug 24 04:48:16 2022
Iteration 306 (500 requested)
Beginning iteration 306
40 segments remain in iteration 306 (40 total)
5 of 32 (15.625000%) active bins are populated
per-bin minimum non-zero probability:       8.39066e-47
per-bin maximum probability:                0.999955
per-bin probability dynamic range (kT):     106.094
per-segment minimum non-zero probability:   1.04883e-47
per-segment maximum non-zero probability:   0.15697
per-segment probability dynamic range (kT): 106.322
norm = 1, error in norm = 2.22045e-16 (1*epsilon)
MAB binning in use
Bottleneck bin occupancy may not be accurately reported
Waiting for segments to complete...
Iteration completed successfully
Iteration wallclock: 0:37:18.296232, cputime: 1:55:47.941593


Wed Aug 24 05:25:35 2022
Iteration 307 (500 requested)
Beginning iteration 307
40 segments remain in iteration 307 (40 total)
5 of 32 (15.625000%) active bins are populated
per-bin minimum non-zero probability:       1.04883e-47
per-bin maximum probability:                0.999994
per-bin probability dynamic range (kT):     108.174
per-segment minimum non-zero probability:   1.31104e-48
per-segment maximum non-zero probability:   0.15697
per-segment probability dynamic range (kT): 108.402
norm = 1, error in norm = 2.22045e-16 (1*epsilon)
MAB binning in use
Bottleneck bin occupancy may not be accurately reported
Waiting for segments to complete...
Iteration completed successfully
Iteration wallclock: 0:38:18.912129, cputime: 1:57:42.601635


Wed Aug 24 06:03:54 2022
Iteration 308 (500 requested)
Beginning iteration 308
40 segments remain in iteration 308 (40 total)
5 of 32 (15.625000%) active bins are populated
per-bin minimum non-zero probability:       1.31104e-48
per-bin maximum probability:                0.999999
per-bin probability dynamic range (kT):     110.253
per-segment minimum non-zero probability:   1.6388e-49
per-segment maximum non-zero probability:   0.15697
per-segment probability dynamic range (kT): 110.481
norm = 1, error in norm = 2.22045e-16 (1*epsilon)
MAB binning in use
Bottleneck bin occupancy may not be accurately reported
Waiting for segments to complete...
Iteration completed successfully
Iteration wallclock: 0:38:27.373530, cputime: 1:55:48.955521


Wed Aug 24 06:42:21 2022
Iteration 309 (500 requested)
Beginning iteration 309
40 segments remain in iteration 309 (40 total)
5 of 32 (15.625000%) active bins are populated
per-bin minimum non-zero probability:       1.6388e-49
per-bin maximum probability:                1
per-bin probability dynamic range (kT):     112.333
per-segment minimum non-zero probability:   2.0485e-50
per-segment maximum non-zero probability:   0.15697
per-segment probability dynamic range (kT): 112.56
norm = 1, error in norm = 2.22045e-16 (1*epsilon)
MAB binning in use
Bottleneck bin occupancy may not be accurately reported
Waiting for segments to complete...
Iteration completed successfully
Iteration wallclock: 0:39:04.547849, cputime: 1:55:55.024361


Wed Aug 24 07:21:26 2022
Iteration 310 (500 requested)
Beginning iteration 310
40 segments remain in iteration 310 (40 total)
5 of 32 (15.625000%) active bins are populated
per-bin minimum non-zero probability:       2.0485e-50
per-bin maximum probability:                1
per-bin probability dynamic range (kT):     114.412
per-segment minimum non-zero probability:   2.56063e-51
per-segment maximum non-zero probability:   0.15697
per-segment probability dynamic range (kT): 114.64
norm = 1, error in norm = 2.22045e-16 (1*epsilon)
MAB binning in use
Bottleneck bin occupancy may not be accurately reported
Waiting for segments to complete...
Iteration completed successfully
Iteration wallclock: 0:37:38.886354, cputime: 1:54:10.995828


Wed Aug 24 07:59:05 2022
Iteration 311 (500 requested)
Beginning iteration 311
40 segments remain in iteration 311 (40 total)
5 of 32 (15.625000%) active bins are populated
per-bin minimum non-zero probability:       2.56063e-51
per-bin maximum probability:                1
per-bin probability dynamic range (kT):     116.492
per-segment minimum non-zero probability:   3.20078e-52
per-segment maximum non-zero probability:   0.15697
per-segment probability dynamic range (kT): 116.719
norm = 1, error in norm = 0 (0*epsilon)
MAB binning in use
Bottleneck bin occupancy may not be accurately reported
Waiting for segments to complete...
Iteration completed successfully
Iteration wallclock: 0:37:25.564720, cputime: 1:55:57.874192


Wed Aug 24 08:36:30 2022
Iteration 312 (500 requested)
Beginning iteration 312
40 segments remain in iteration 312 (40 total)
5 of 32 (15.625000%) active bins are populated
per-bin minimum non-zero probability:       3.20078e-52
per-bin maximum probability:                1
per-bin probability dynamic range (kT):     118.571
per-segment minimum non-zero probability:   4.00098e-53
per-segment maximum non-zero probability:   0.15697
per-segment probability dynamic range (kT): 118.799
norm = 1, error in norm = 0 (0*epsilon)
MAB binning in use
Bottleneck bin occupancy may not be accurately reported
Waiting for segments to complete...
Iteration completed successfully
Iteration wallclock: 0:37:37.673374, cputime: 1:55:43.252069


Wed Aug 24 09:14:08 2022
Iteration 313 (500 requested)
Beginning iteration 313
40 segments remain in iteration 313 (40 total)
5 of 32 (15.625000%) active bins are populated
per-bin minimum non-zero probability:       4.00098e-53
per-bin maximum probability:                1
per-bin probability dynamic range (kT):     120.65
per-segment minimum non-zero probability:   5.00122e-54
per-segment maximum non-zero probability:   0.15697
per-segment probability dynamic range (kT): 120.878
norm = 1, error in norm = 0 (0*epsilon)
MAB binning in use
Bottleneck bin occupancy may not be accurately reported
Waiting for segments to complete...
Iteration completed successfully
Iteration wallclock: 0:37:05.533703, cputime: 1:55:19.732877


Wed Aug 24 09:51:13 2022
Iteration 314 (500 requested)
Beginning iteration 314
40 segments remain in iteration 314 (40 total)
5 of 32 (15.625000%) active bins are populated
per-bin minimum non-zero probability:       5.00122e-54
per-bin maximum probability:                1
per-bin probability dynamic range (kT):     122.73
per-segment minimum non-zero probability:   6.25153e-55
per-segment maximum non-zero probability:   0.15697
per-segment probability dynamic range (kT): 122.958
norm = 1, error in norm = 0 (0*epsilon)
MAB binning in use
Bottleneck bin occupancy may not be accurately reported
Waiting for segments to complete...
Iteration completed successfully
Iteration wallclock: 0:36:46.530236, cputime: 1:55:25.023515


Wed Aug 24 10:28:00 2022
Iteration 315 (500 requested)
Beginning iteration 315
40 segments remain in iteration 315 (40 total)
5 of 32 (15.625000%) active bins are populated
per-bin minimum non-zero probability:       6.25153e-55
per-bin maximum probability:                1
per-bin probability dynamic range (kT):     124.809
per-segment minimum non-zero probability:   7.81441e-56
per-segment maximum non-zero probability:   0.15697
per-segment probability dynamic range (kT): 125.037
norm = 1, error in norm = 2.22045e-16 (1*epsilon)
MAB binning in use
Bottleneck bin occupancy may not be accurately reported
Waiting for segments to complete...
Iteration completed successfully
Iteration wallclock: 0:36:46.462203, cputime: 1:54:43.995648


Wed Aug 24 11:04:46 2022
Iteration 316 (500 requested)
Beginning iteration 316
40 segments remain in iteration 316 (40 total)
5 of 32 (15.625000%) active bins are populated
per-bin minimum non-zero probability:       7.81441e-56
per-bin maximum probability:                1
per-bin probability dynamic range (kT):     126.889
per-segment minimum non-zero probability:   9.76801e-57
per-segment maximum non-zero probability:   0.15697
per-segment probability dynamic range (kT): 127.117
norm = 1, error in norm = 0 (0*epsilon)
MAB binning in use
Bottleneck bin occupancy may not be accurately reported
Waiting for segments to complete...
Iteration completed successfully
Iteration wallclock: 0:37:48.072229, cputime: 1:57:40.031947


Wed Aug 24 11:42:35 2022
Iteration 317 (500 requested)
Beginning iteration 317
40 segments remain in iteration 317 (40 total)
5 of 32 (15.625000%) active bins are populated
per-bin minimum non-zero probability:       9.76801e-57
per-bin maximum probability:                1
per-bin probability dynamic range (kT):     128.968
per-segment minimum non-zero probability:   1.221e-57
per-segment maximum non-zero probability:   0.15697
per-segment probability dynamic range (kT): 129.196
norm = 1, error in norm = 2.22045e-16 (1*epsilon)
MAB binning in use
Bottleneck bin occupancy may not be accurately reported
Waiting for segments to complete...
Iteration completed successfully
Iteration wallclock: 0:37:14.300904, cputime: 1:55:17.143388


Wed Aug 24 12:19:49 2022
Iteration 318 (500 requested)
Beginning iteration 318
40 segments remain in iteration 318 (40 total)
5 of 32 (15.625000%) active bins are populated
per-bin minimum non-zero probability:       1.221e-57
per-bin maximum probability:                1
per-bin probability dynamic range (kT):     131.048
per-segment minimum non-zero probability:   1.52625e-58
per-segment maximum non-zero probability:   0.15697
per-segment probability dynamic range (kT): 131.275
norm = 1, error in norm = 2.22045e-16 (1*epsilon)
MAB binning in use
Bottleneck bin occupancy may not be accurately reported
Waiting for segments to complete...
Iteration completed successfully
Iteration wallclock: 0:36:46.892281, cputime: 1:54:22.073753

Iteration 319 would require more than the allotted time. Ending run.
