Updating system with the options from the configuration file
Maximum wallclock time: 2 days, 0:00:00

Fri Sep  2 00:51:25 2022
Iteration 501 (600 requested)
Beginning iteration 501
40 segments remain in iteration 501 (40 total)
4 of 32 (12.500000%) active bins are populated
per-bin minimum non-zero probability:       1.16886e-206
per-bin maximum probability:                0.875746
per-bin probability dynamic range (kT):     474.044
per-segment minimum non-zero probability:   1.46107e-207
per-segment maximum non-zero probability:   0.174779
per-segment probability dynamic range (kT): 474.512
norm = 1, error in norm = 2.22045e-16 (1*epsilon)
-- WARNING  [westpa.core.sim_manager] -- 
Minimum segment weight is < 1e-100 and might not be physically relevant. Please reconsider your progress coordinate or binning scheme.
MAB binning in use
Bottleneck bin occupancy may not be accurately reported
Waiting for segments to complete...
Iteration completed successfully
Iteration wallclock: 0:30:50.882905, cputime: 1:29:54.715805


Fri Sep  2 01:22:16 2022
Iteration 502 (600 requested)
Beginning iteration 502
40 segments remain in iteration 502 (40 total)
5 of 32 (15.625000%) active bins are populated
per-bin minimum non-zero probability:       1.46107e-207
per-bin maximum probability:                0.875746
per-bin probability dynamic range (kT):     476.123
per-segment minimum non-zero probability:   1.82634e-208
per-segment maximum non-zero probability:   0.136754
per-segment probability dynamic range (kT): 476.346
norm = 1, error in norm = 2.22045e-16 (1*epsilon)
-- WARNING  [westpa.core.sim_manager] -- 
Minimum segment weight is < 1e-100 and might not be physically relevant. Please reconsider your progress coordinate or binning scheme.
MAB binning in use
Bottleneck bin occupancy may not be accurately reported
Waiting for segments to complete...
Iteration completed successfully
Iteration wallclock: 0:28:35.477782, cputime: 1:30:01.758980


Fri Sep  2 01:50:52 2022
Iteration 503 (600 requested)
Beginning iteration 503
40 segments remain in iteration 503 (40 total)
5 of 32 (15.625000%) active bins are populated
per-bin minimum non-zero probability:       1.82634e-208
per-bin maximum probability:                0.984468
per-bin probability dynamic range (kT):     478.32
per-segment minimum non-zero probability:   2.28293e-209
per-segment maximum non-zero probability:   0.174779
per-segment probability dynamic range (kT): 478.671
norm = 1, error in norm = 0 (0*epsilon)
-- WARNING  [westpa.core.sim_manager] -- 
Minimum segment weight is < 1e-100 and might not be physically relevant. Please reconsider your progress coordinate or binning scheme.
MAB binning in use
Bottleneck bin occupancy may not be accurately reported
Waiting for segments to complete...
Iteration completed successfully
Iteration wallclock: 0:28:45.541052, cputime: 1:30:02.696244


Fri Sep  2 02:19:37 2022
Iteration 504 (600 requested)
Beginning iteration 504
40 segments remain in iteration 504 (40 total)
5 of 32 (15.625000%) active bins are populated
per-bin minimum non-zero probability:       2.28293e-209
per-bin maximum probability:                0.998059
per-bin probability dynamic range (kT):     480.413
per-segment minimum non-zero probability:   2.85366e-210
per-segment maximum non-zero probability:   0.174779
per-segment probability dynamic range (kT): 480.75
norm = 1, error in norm = 0 (0*epsilon)
-- WARNING  [westpa.core.sim_manager] -- 
Minimum segment weight is < 1e-100 and might not be physically relevant. Please reconsider your progress coordinate or binning scheme.
MAB binning in use
Bottleneck bin occupancy may not be accurately reported
Waiting for segments to complete...
Iteration completed successfully
Iteration wallclock: 0:28:36.747805, cputime: 1:30:01.208553


Fri Sep  2 02:48:14 2022
Iteration 505 (600 requested)
Beginning iteration 505
40 segments remain in iteration 505 (40 total)
5 of 32 (15.625000%) active bins are populated
per-bin minimum non-zero probability:       2.85366e-210
per-bin maximum probability:                0.999757
per-bin probability dynamic range (kT):     482.494
per-segment minimum non-zero probability:   3.56707e-211
per-segment maximum non-zero probability:   0.174779
per-segment probability dynamic range (kT): 482.829
norm = 1, error in norm = 0 (0*epsilon)
-- WARNING  [westpa.core.sim_manager] -- 
Minimum segment weight is < 1e-100 and might not be physically relevant. Please reconsider your progress coordinate or binning scheme.
MAB binning in use
Bottleneck bin occupancy may not be accurately reported
Waiting for segments to complete...
Iteration completed successfully
Iteration wallclock: 0:28:39.849087, cputime: 1:29:56.423454


Fri Sep  2 03:16:54 2022
Iteration 506 (600 requested)
Beginning iteration 506
40 segments remain in iteration 506 (40 total)
5 of 32 (15.625000%) active bins are populated
per-bin minimum non-zero probability:       3.56707e-211
per-bin maximum probability:                0.99997
per-bin probability dynamic range (kT):     484.574
per-segment minimum non-zero probability:   4.45884e-212
per-segment maximum non-zero probability:   0.174779
per-segment probability dynamic range (kT): 484.909
norm = 1, error in norm = 0 (0*epsilon)
-- WARNING  [westpa.core.sim_manager] -- 
Minimum segment weight is < 1e-100 and might not be physically relevant. Please reconsider your progress coordinate or binning scheme.
MAB binning in use
Bottleneck bin occupancy may not be accurately reported
Waiting for segments to complete...
Iteration completed successfully
Iteration wallclock: 0:29:42.143089, cputime: 1:29:52.030291


Fri Sep  2 03:46:36 2022
Iteration 507 (600 requested)
Beginning iteration 507
40 segments remain in iteration 507 (40 total)
5 of 32 (15.625000%) active bins are populated
per-bin minimum non-zero probability:       4.45884e-212
per-bin maximum probability:                0.999996
per-bin probability dynamic range (kT):     486.653
per-segment minimum non-zero probability:   5.57355e-213
per-segment maximum non-zero probability:   0.174779
per-segment probability dynamic range (kT): 486.988
norm = 1, error in norm = 0 (0*epsilon)
-- WARNING  [westpa.core.sim_manager] -- 
Minimum segment weight is < 1e-100 and might not be physically relevant. Please reconsider your progress coordinate or binning scheme.
MAB binning in use
Bottleneck bin occupancy may not be accurately reported
Waiting for segments to complete...
Iteration completed successfully
Iteration wallclock: 0:28:44.820637, cputime: 1:30:01.437098


Fri Sep  2 04:15:21 2022
Iteration 508 (600 requested)
Beginning iteration 508
40 segments remain in iteration 508 (40 total)
5 of 32 (15.625000%) active bins are populated
per-bin minimum non-zero probability:       5.57355e-213
per-bin maximum probability:                1
per-bin probability dynamic range (kT):     488.733
per-segment minimum non-zero probability:   6.96694e-214
per-segment maximum non-zero probability:   0.174779
per-segment probability dynamic range (kT): 489.068
norm = 1, error in norm = 0 (0*epsilon)
-- WARNING  [westpa.core.sim_manager] -- 
Minimum segment weight is < 1e-100 and might not be physically relevant. Please reconsider your progress coordinate or binning scheme.
MAB binning in use
Bottleneck bin occupancy may not be accurately reported
Waiting for segments to complete...
Iteration completed successfully
Iteration wallclock: 0:28:46.906173, cputime: 1:29:58.321964


Fri Sep  2 04:44:08 2022
Iteration 509 (600 requested)
Beginning iteration 509
40 segments remain in iteration 509 (40 total)
5 of 32 (15.625000%) active bins are populated
per-bin minimum non-zero probability:       6.96694e-214
per-bin maximum probability:                1
per-bin probability dynamic range (kT):     490.812
per-segment minimum non-zero probability:   8.70868e-215
per-segment maximum non-zero probability:   0.174779
per-segment probability dynamic range (kT): 491.147
norm = 1, error in norm = 2.22045e-16 (1*epsilon)
-- WARNING  [westpa.core.sim_manager] -- 
Minimum segment weight is < 1e-100 and might not be physically relevant. Please reconsider your progress coordinate or binning scheme.
MAB binning in use
Bottleneck bin occupancy may not be accurately reported
Waiting for segments to complete...
Iteration completed successfully
Iteration wallclock: 0:28:45.729298, cputime: 1:30:02.288569


Fri Sep  2 05:12:53 2022
Iteration 510 (600 requested)
Beginning iteration 510
40 segments remain in iteration 510 (40 total)
5 of 32 (15.625000%) active bins are populated
per-bin minimum non-zero probability:       8.70868e-215
per-bin maximum probability:                1
per-bin probability dynamic range (kT):     492.891
per-segment minimum non-zero probability:   1.08858e-215
per-segment maximum non-zero probability:   0.174779
per-segment probability dynamic range (kT): 493.227
norm = 1, error in norm = 2.22045e-16 (1*epsilon)
-- WARNING  [westpa.core.sim_manager] -- 
Minimum segment weight is < 1e-100 and might not be physically relevant. Please reconsider your progress coordinate or binning scheme.
MAB binning in use
Bottleneck bin occupancy may not be accurately reported
Waiting for segments to complete...
Iteration completed successfully
Iteration wallclock: 0:28:41.884507, cputime: 1:30:07.065909


Fri Sep  2 05:41:35 2022
Iteration 511 (600 requested)
Beginning iteration 511
40 segments remain in iteration 511 (40 total)
5 of 32 (15.625000%) active bins are populated
per-bin minimum non-zero probability:       1.08858e-215
per-bin maximum probability:                1
per-bin probability dynamic range (kT):     494.971
per-segment minimum non-zero probability:   1.36073e-216
per-segment maximum non-zero probability:   0.174779
per-segment probability dynamic range (kT): 495.306
norm = 1, error in norm = 2.22045e-16 (1*epsilon)
-- WARNING  [westpa.core.sim_manager] -- 
Minimum segment weight is < 1e-100 and might not be physically relevant. Please reconsider your progress coordinate or binning scheme.
MAB binning in use
Bottleneck bin occupancy may not be accurately reported
Waiting for segments to complete...
Iteration completed successfully
Iteration wallclock: 0:28:46.370844, cputime: 1:29:52.734228


Fri Sep  2 06:10:22 2022
Iteration 512 (600 requested)
Beginning iteration 512
40 segments remain in iteration 512 (40 total)
5 of 32 (15.625000%) active bins are populated
per-bin minimum non-zero probability:       1.36073e-216
per-bin maximum probability:                1
per-bin probability dynamic range (kT):     497.05
per-segment minimum non-zero probability:   1.70091e-217
per-segment maximum non-zero probability:   0.174779
per-segment probability dynamic range (kT): 497.386
norm = 1, error in norm = 2.22045e-16 (1*epsilon)
-- WARNING  [westpa.core.sim_manager] -- 
Minimum segment weight is < 1e-100 and might not be physically relevant. Please reconsider your progress coordinate or binning scheme.
MAB binning in use
Bottleneck bin occupancy may not be accurately reported
Waiting for segments to complete...
Iteration completed successfully
Iteration wallclock: 0:28:41.145369, cputime: 1:29:57.189079


Fri Sep  2 06:39:03 2022
Iteration 513 (600 requested)
Beginning iteration 513
40 segments remain in iteration 513 (40 total)
5 of 32 (15.625000%) active bins are populated
per-bin minimum non-zero probability:       1.70091e-217
per-bin maximum probability:                1
per-bin probability dynamic range (kT):     499.13
per-segment minimum non-zero probability:   2.12614e-218
per-segment maximum non-zero probability:   0.174779
per-segment probability dynamic range (kT): 499.465
norm = 1, error in norm = 0 (0*epsilon)
-- WARNING  [westpa.core.sim_manager] -- 
Minimum segment weight is < 1e-100 and might not be physically relevant. Please reconsider your progress coordinate or binning scheme.
MAB binning in use
Bottleneck bin occupancy may not be accurately reported
Waiting for segments to complete...
Iteration completed successfully
Iteration wallclock: 0:32:35.636148, cputime: 1:29:50.917179


Fri Sep  2 07:11:38 2022
Iteration 514 (600 requested)
Beginning iteration 514
40 segments remain in iteration 514 (40 total)
5 of 32 (15.625000%) active bins are populated
per-bin minimum non-zero probability:       2.12614e-218
per-bin maximum probability:                1
per-bin probability dynamic range (kT):     501.209
per-segment minimum non-zero probability:   2.65768e-219
per-segment maximum non-zero probability:   0.174779
per-segment probability dynamic range (kT): 501.544
norm = 1, error in norm = 0 (0*epsilon)
-- WARNING  [westpa.core.sim_manager] -- 
Minimum segment weight is < 1e-100 and might not be physically relevant. Please reconsider your progress coordinate or binning scheme.
MAB binning in use
Bottleneck bin occupancy may not be accurately reported
Waiting for segments to complete...
Iteration completed successfully
Iteration wallclock: 0:28:47.443182, cputime: 1:30:00.003064


Fri Sep  2 07:40:26 2022
Iteration 515 (600 requested)
Beginning iteration 515
40 segments remain in iteration 515 (40 total)
5 of 32 (15.625000%) active bins are populated
per-bin minimum non-zero probability:       2.65768e-219
per-bin maximum probability:                1
per-bin probability dynamic range (kT):     503.289
per-segment minimum non-zero probability:   3.3221e-220
per-segment maximum non-zero probability:   0.174779
per-segment probability dynamic range (kT): 503.624
norm = 1, error in norm = 0 (0*epsilon)
-- WARNING  [westpa.core.sim_manager] -- 
Minimum segment weight is < 1e-100 and might not be physically relevant. Please reconsider your progress coordinate or binning scheme.
MAB binning in use
Bottleneck bin occupancy may not be accurately reported
Waiting for segments to complete...
Iteration completed successfully
Iteration wallclock: 0:28:46.942540, cputime: 1:29:58.202059


Fri Sep  2 08:09:13 2022
Iteration 516 (600 requested)
Beginning iteration 516
40 segments remain in iteration 516 (40 total)
5 of 32 (15.625000%) active bins are populated
per-bin minimum non-zero probability:       3.3221e-220
per-bin maximum probability:                1
per-bin probability dynamic range (kT):     505.368
per-segment minimum non-zero probability:   4.15262e-221
per-segment maximum non-zero probability:   0.174779
per-segment probability dynamic range (kT): 505.703
norm = 1, error in norm = 0 (0*epsilon)
-- WARNING  [westpa.core.sim_manager] -- 
Minimum segment weight is < 1e-100 and might not be physically relevant. Please reconsider your progress coordinate or binning scheme.
MAB binning in use
Bottleneck bin occupancy may not be accurately reported
Waiting for segments to complete...
Iteration completed successfully
Iteration wallclock: 0:28:38.651248, cputime: 1:29:58.227760


Fri Sep  2 08:37:51 2022
Iteration 517 (600 requested)
Beginning iteration 517
40 segments remain in iteration 517 (40 total)
5 of 32 (15.625000%) active bins are populated
per-bin minimum non-zero probability:       4.15262e-221
per-bin maximum probability:                1
per-bin probability dynamic range (kT):     507.448
per-segment minimum non-zero probability:   5.19078e-222
per-segment maximum non-zero probability:   0.174779
per-segment probability dynamic range (kT): 507.783
norm = 1, error in norm = 2.22045e-16 (1*epsilon)
-- WARNING  [westpa.core.sim_manager] -- 
Minimum segment weight is < 1e-100 and might not be physically relevant. Please reconsider your progress coordinate or binning scheme.
MAB binning in use
Bottleneck bin occupancy may not be accurately reported
Waiting for segments to complete...
Iteration completed successfully
Iteration wallclock: 0:28:40.046348, cputime: 1:30:01.353126


Fri Sep  2 09:06:32 2022
Iteration 518 (600 requested)
Beginning iteration 518
40 segments remain in iteration 518 (40 total)
5 of 32 (15.625000%) active bins are populated
per-bin minimum non-zero probability:       5.19078e-222
per-bin maximum probability:                1
per-bin probability dynamic range (kT):     509.527
per-segment minimum non-zero probability:   6.48847e-223
per-segment maximum non-zero probability:   0.174779
per-segment probability dynamic range (kT): 509.862
norm = 1, error in norm = 0 (0*epsilon)
-- WARNING  [westpa.core.sim_manager] -- 
Minimum segment weight is < 1e-100 and might not be physically relevant. Please reconsider your progress coordinate or binning scheme.
MAB binning in use
Bottleneck bin occupancy may not be accurately reported
Waiting for segments to complete...
Iteration completed successfully
Iteration wallclock: 0:28:39.341636, cputime: 1:29:59.594501


Fri Sep  2 09:35:11 2022
Iteration 519 (600 requested)
Beginning iteration 519
40 segments remain in iteration 519 (40 total)
5 of 32 (15.625000%) active bins are populated
per-bin minimum non-zero probability:       6.48847e-223
per-bin maximum probability:                1
per-bin probability dynamic range (kT):     511.606
per-segment minimum non-zero probability:   8.11059e-224
per-segment maximum non-zero probability:   0.174779
per-segment probability dynamic range (kT): 511.942
norm = 1, error in norm = 0 (0*epsilon)
-- WARNING  [westpa.core.sim_manager] -- 
Minimum segment weight is < 1e-100 and might not be physically relevant. Please reconsider your progress coordinate or binning scheme.
MAB binning in use
Bottleneck bin occupancy may not be accurately reported
Waiting for segments to complete...
Iteration completed successfully
Iteration wallclock: 0:28:35.324190, cputime: 1:30:04.006673


Fri Sep  2 10:03:46 2022
Iteration 520 (600 requested)
Beginning iteration 520
40 segments remain in iteration 520 (40 total)
5 of 32 (15.625000%) active bins are populated
per-bin minimum non-zero probability:       8.11059e-224
per-bin maximum probability:                1
per-bin probability dynamic range (kT):     513.686
per-segment minimum non-zero probability:   1.01382e-224
per-segment maximum non-zero probability:   0.174779
per-segment probability dynamic range (kT): 514.021
norm = 1, error in norm = 0 (0*epsilon)
-- WARNING  [westpa.core.sim_manager] -- 
Minimum segment weight is < 1e-100 and might not be physically relevant. Please reconsider your progress coordinate or binning scheme.
MAB binning in use
Bottleneck bin occupancy may not be accurately reported
Waiting for segments to complete...
Iteration completed successfully
Iteration wallclock: 0:28:38.607225, cputime: 1:29:57.350049


Fri Sep  2 10:32:25 2022
Iteration 521 (600 requested)
Beginning iteration 521
40 segments remain in iteration 521 (40 total)
5 of 32 (15.625000%) active bins are populated
per-bin minimum non-zero probability:       1.01382e-224
per-bin maximum probability:                0.863246
per-bin probability dynamic range (kT):     515.618
per-segment minimum non-zero probability:   1.26728e-225
per-segment maximum non-zero probability:   0.174779
per-segment probability dynamic range (kT): 516.101
norm = 1, error in norm = 0 (0*epsilon)
-- WARNING  [westpa.core.sim_manager] -- 
Minimum segment weight is < 1e-100 and might not be physically relevant. Please reconsider your progress coordinate or binning scheme.
MAB binning in use
Bottleneck bin occupancy may not be accurately reported
Waiting for segments to complete...
Iteration completed successfully
Iteration wallclock: 0:28:38.155283, cputime: 1:30:05.809407


Fri Sep  2 11:01:03 2022
Iteration 522 (600 requested)
Beginning iteration 522
40 segments remain in iteration 522 (40 total)
5 of 32 (15.625000%) active bins are populated
per-bin minimum non-zero probability:       1.26728e-225
per-bin maximum probability:                0.881454
per-bin probability dynamic range (kT):     517.719
per-segment minimum non-zero probability:   1.5841e-226
per-segment maximum non-zero probability:   0.174779
per-segment probability dynamic range (kT): 518.18
norm = 1, error in norm = 2.22045e-16 (1*epsilon)
-- WARNING  [westpa.core.sim_manager] -- 
Minimum segment weight is < 1e-100 and might not be physically relevant. Please reconsider your progress coordinate or binning scheme.
MAB binning in use
Bottleneck bin occupancy may not be accurately reported
Waiting for segments to complete...
Iteration completed successfully
Iteration wallclock: 0:28:51.121524, cputime: 1:30:04.950243


Fri Sep  2 11:29:54 2022
Iteration 523 (600 requested)
Beginning iteration 523
40 segments remain in iteration 523 (40 total)
5 of 32 (15.625000%) active bins are populated
per-bin minimum non-zero probability:       1.5841e-226
per-bin maximum probability:                0.887514
per-bin probability dynamic range (kT):     519.805
per-segment minimum non-zero probability:   1.98012e-227
per-segment maximum non-zero probability:   0.174779
per-segment probability dynamic range (kT): 520.259
norm = 1, error in norm = 0 (0*epsilon)
-- WARNING  [westpa.core.sim_manager] -- 
Minimum segment weight is < 1e-100 and might not be physically relevant. Please reconsider your progress coordinate or binning scheme.
MAB binning in use
Bottleneck bin occupancy may not be accurately reported
Waiting for segments to complete...
Iteration completed successfully
Iteration wallclock: 0:28:37.602948, cputime: 1:30:03.989516


Fri Sep  2 11:58:32 2022
Iteration 524 (600 requested)
Beginning iteration 524
40 segments remain in iteration 524 (40 total)
5 of 32 (15.625000%) active bins are populated
per-bin minimum non-zero probability:       1.98012e-227
per-bin maximum probability:                0.985939
per-bin probability dynamic range (kT):     521.989
per-segment minimum non-zero probability:   2.47516e-228
per-segment maximum non-zero probability:   0.174779
per-segment probability dynamic range (kT): 522.339
norm = 1, error in norm = 0 (0*epsilon)
-- WARNING  [westpa.core.sim_manager] -- 
Minimum segment weight is < 1e-100 and might not be physically relevant. Please reconsider your progress coordinate or binning scheme.
MAB binning in use
Bottleneck bin occupancy may not be accurately reported
Waiting for segments to complete...
Iteration completed successfully
Iteration wallclock: 0:28:44.314709, cputime: 1:29:58.515613


Fri Sep  2 12:27:16 2022
Iteration 525 (600 requested)
Beginning iteration 525
40 segments remain in iteration 525 (40 total)
5 of 32 (15.625000%) active bins are populated
per-bin minimum non-zero probability:       2.47516e-228
per-bin maximum probability:                0.998242
per-bin probability dynamic range (kT):     524.081
per-segment minimum non-zero probability:   3.09394e-229
per-segment maximum non-zero probability:   0.174779
per-segment probability dynamic range (kT): 524.418
norm = 1, error in norm = 0 (0*epsilon)
-- WARNING  [westpa.core.sim_manager] -- 
Minimum segment weight is < 1e-100 and might not be physically relevant. Please reconsider your progress coordinate or binning scheme.
MAB binning in use
Bottleneck bin occupancy may not be accurately reported
Waiting for segments to complete...
Iteration completed successfully
Iteration wallclock: 0:28:34.102703, cputime: 1:30:03.688137


Fri Sep  2 12:55:50 2022
Iteration 526 (600 requested)
Beginning iteration 526
40 segments remain in iteration 526 (40 total)
5 of 32 (15.625000%) active bins are populated
per-bin minimum non-zero probability:       3.09394e-229
per-bin maximum probability:                0.99978
per-bin probability dynamic range (kT):     526.162
per-segment minimum non-zero probability:   3.86743e-230
per-segment maximum non-zero probability:   0.174779
per-segment probability dynamic range (kT): 526.498
norm = 1, error in norm = 0 (0*epsilon)
-- WARNING  [westpa.core.sim_manager] -- 
Minimum segment weight is < 1e-100 and might not be physically relevant. Please reconsider your progress coordinate or binning scheme.
MAB binning in use
Bottleneck bin occupancy may not be accurately reported
Waiting for segments to complete...
Iteration completed successfully
Iteration wallclock: 0:28:44.827080, cputime: 1:29:57.743360


Fri Sep  2 13:24:35 2022
Iteration 527 (600 requested)
Beginning iteration 527
40 segments remain in iteration 527 (40 total)
5 of 32 (15.625000%) active bins are populated
per-bin minimum non-zero probability:       3.86743e-230
per-bin maximum probability:                0.999973
per-bin probability dynamic range (kT):     528.242
per-segment minimum non-zero probability:   4.83429e-231
per-segment maximum non-zero probability:   0.174779
per-segment probability dynamic range (kT): 528.577
norm = 1, error in norm = 0 (0*epsilon)
-- WARNING  [westpa.core.sim_manager] -- 
Minimum segment weight is < 1e-100 and might not be physically relevant. Please reconsider your progress coordinate or binning scheme.
MAB binning in use
Bottleneck bin occupancy may not be accurately reported
Waiting for segments to complete...
Iteration completed successfully
Iteration wallclock: 0:28:32.826106, cputime: 1:30:05.892798


Fri Sep  2 13:53:08 2022
Iteration 528 (600 requested)
Beginning iteration 528
40 segments remain in iteration 528 (40 total)
5 of 32 (15.625000%) active bins are populated
per-bin minimum non-zero probability:       4.83429e-231
per-bin maximum probability:                0.999997
per-bin probability dynamic range (kT):     530.321
per-segment minimum non-zero probability:   6.04286e-232
per-segment maximum non-zero probability:   0.174779
per-segment probability dynamic range (kT): 530.657
norm = 1, error in norm = 2.22045e-16 (1*epsilon)
-- WARNING  [westpa.core.sim_manager] -- 
Minimum segment weight is < 1e-100 and might not be physically relevant. Please reconsider your progress coordinate or binning scheme.
MAB binning in use
Bottleneck bin occupancy may not be accurately reported
Waiting for segments to complete...
Iteration completed successfully
Iteration wallclock: 0:28:35.073786, cputime: 1:30:04.479328


Fri Sep  2 14:21:43 2022
Iteration 529 (600 requested)
Beginning iteration 529
40 segments remain in iteration 529 (40 total)
5 of 32 (15.625000%) active bins are populated
per-bin minimum non-zero probability:       6.04286e-232
per-bin maximum probability:                1
per-bin probability dynamic range (kT):     532.401
per-segment minimum non-zero probability:   7.55357e-233
per-segment maximum non-zero probability:   0.174779
per-segment probability dynamic range (kT): 532.736
norm = 1, error in norm = 2.22045e-16 (1*epsilon)
-- WARNING  [westpa.core.sim_manager] -- 
Minimum segment weight is < 1e-100 and might not be physically relevant. Please reconsider your progress coordinate or binning scheme.
MAB binning in use
Bottleneck bin occupancy may not be accurately reported
Waiting for segments to complete...
Iteration completed successfully
Iteration wallclock: 0:28:39.313497, cputime: 1:30:02.042389


Fri Sep  2 14:50:22 2022
Iteration 530 (600 requested)
Beginning iteration 530
40 segments remain in iteration 530 (40 total)
5 of 32 (15.625000%) active bins are populated
per-bin minimum non-zero probability:       7.55357e-233
per-bin maximum probability:                1
per-bin probability dynamic range (kT):     534.48
per-segment minimum non-zero probability:   9.44197e-234
per-segment maximum non-zero probability:   0.174779
per-segment probability dynamic range (kT): 534.816
norm = 1, error in norm = 0 (0*epsilon)
-- WARNING  [westpa.core.sim_manager] -- 
Minimum segment weight is < 1e-100 and might not be physically relevant. Please reconsider your progress coordinate or binning scheme.
MAB binning in use
Bottleneck bin occupancy may not be accurately reported
Waiting for segments to complete...
Iteration completed successfully
Iteration wallclock: 0:28:37.140110, cputime: 1:30:06.617364


Fri Sep  2 15:18:59 2022
Iteration 531 (600 requested)
Beginning iteration 531
40 segments remain in iteration 531 (40 total)
5 of 32 (15.625000%) active bins are populated
per-bin minimum non-zero probability:       9.44197e-234
per-bin maximum probability:                1
per-bin probability dynamic range (kT):     536.56
per-segment minimum non-zero probability:   1.18025e-234
per-segment maximum non-zero probability:   0.174779
per-segment probability dynamic range (kT): 536.895
norm = 1, error in norm = 0 (0*epsilon)
-- WARNING  [westpa.core.sim_manager] -- 
Minimum segment weight is < 1e-100 and might not be physically relevant. Please reconsider your progress coordinate or binning scheme.
MAB binning in use
Bottleneck bin occupancy may not be accurately reported
Waiting for segments to complete...
Iteration completed successfully
Iteration wallclock: 0:28:41.097400, cputime: 1:29:56.630937


Fri Sep  2 15:47:40 2022
Iteration 532 (600 requested)
Beginning iteration 532
40 segments remain in iteration 532 (40 total)
5 of 32 (15.625000%) active bins are populated
per-bin minimum non-zero probability:       1.18025e-234
per-bin maximum probability:                1
per-bin probability dynamic range (kT):     538.639
per-segment minimum non-zero probability:   1.47531e-235
per-segment maximum non-zero probability:   0.174779
per-segment probability dynamic range (kT): 538.974
norm = 1, error in norm = 0 (0*epsilon)
-- WARNING  [westpa.core.sim_manager] -- 
Minimum segment weight is < 1e-100 and might not be physically relevant. Please reconsider your progress coordinate or binning scheme.
MAB binning in use
Bottleneck bin occupancy may not be accurately reported
Waiting for segments to complete...
Iteration completed successfully
Iteration wallclock: 0:28:39.190107, cputime: 1:30:01.429471


Fri Sep  2 16:16:20 2022
Iteration 533 (600 requested)
Beginning iteration 533
40 segments remain in iteration 533 (40 total)
5 of 32 (15.625000%) active bins are populated
per-bin minimum non-zero probability:       1.47531e-235
per-bin maximum probability:                1
per-bin probability dynamic range (kT):     540.719
per-segment minimum non-zero probability:   1.84413e-236
per-segment maximum non-zero probability:   0.174779
per-segment probability dynamic range (kT): 541.054
norm = 1, error in norm = 2.22045e-16 (1*epsilon)
-- WARNING  [westpa.core.sim_manager] -- 
Minimum segment weight is < 1e-100 and might not be physically relevant. Please reconsider your progress coordinate or binning scheme.
MAB binning in use
Bottleneck bin occupancy may not be accurately reported
Waiting for segments to complete...
Iteration completed successfully
Iteration wallclock: 0:28:39.733541, cputime: 1:29:59.411950


Fri Sep  2 16:44:59 2022
Iteration 534 (600 requested)
Beginning iteration 534
40 segments remain in iteration 534 (40 total)
5 of 32 (15.625000%) active bins are populated
per-bin minimum non-zero probability:       1.84413e-236
per-bin maximum probability:                1
per-bin probability dynamic range (kT):     542.798
per-segment minimum non-zero probability:   2.30517e-237
per-segment maximum non-zero probability:   0.174779
per-segment probability dynamic range (kT): 543.133
norm = 1, error in norm = 0 (0*epsilon)
-- WARNING  [westpa.core.sim_manager] -- 
Minimum segment weight is < 1e-100 and might not be physically relevant. Please reconsider your progress coordinate or binning scheme.
MAB binning in use
Bottleneck bin occupancy may not be accurately reported
Waiting for segments to complete...
Iteration completed successfully
Iteration wallclock: 0:28:55.953215, cputime: 1:29:52.723406


Fri Sep  2 17:13:55 2022
Iteration 535 (600 requested)
Beginning iteration 535
40 segments remain in iteration 535 (40 total)
5 of 32 (15.625000%) active bins are populated
per-bin minimum non-zero probability:       2.30517e-237
per-bin maximum probability:                1
per-bin probability dynamic range (kT):     544.878
per-segment minimum non-zero probability:   2.88146e-238
per-segment maximum non-zero probability:   0.174779
per-segment probability dynamic range (kT): 545.213
norm = 1, error in norm = 0 (0*epsilon)
-- WARNING  [westpa.core.sim_manager] -- 
Minimum segment weight is < 1e-100 and might not be physically relevant. Please reconsider your progress coordinate or binning scheme.
MAB binning in use
Bottleneck bin occupancy may not be accurately reported
Waiting for segments to complete...
Iteration completed successfully
Iteration wallclock: 0:28:42.584115, cputime: 1:29:58.140702


Fri Sep  2 17:42:38 2022
Iteration 536 (600 requested)
Beginning iteration 536
40 segments remain in iteration 536 (40 total)
5 of 32 (15.625000%) active bins are populated
per-bin minimum non-zero probability:       2.88146e-238
per-bin maximum probability:                1
per-bin probability dynamic range (kT):     546.957
per-segment minimum non-zero probability:   3.60182e-239
per-segment maximum non-zero probability:   0.174779
per-segment probability dynamic range (kT): 547.292
norm = 1, error in norm = 0 (0*epsilon)
-- WARNING  [westpa.core.sim_manager] -- 
Minimum segment weight is < 1e-100 and might not be physically relevant. Please reconsider your progress coordinate or binning scheme.
MAB binning in use
Bottleneck bin occupancy may not be accurately reported
Waiting for segments to complete...
Iteration completed successfully
Iteration wallclock: 0:28:46.481102, cputime: 1:29:53.021675


Fri Sep  2 18:11:24 2022
Iteration 537 (600 requested)
Beginning iteration 537
40 segments remain in iteration 537 (40 total)
5 of 32 (15.625000%) active bins are populated
per-bin minimum non-zero probability:       3.60182e-239
per-bin maximum probability:                1
per-bin probability dynamic range (kT):     549.036
per-segment minimum non-zero probability:   4.50228e-240
per-segment maximum non-zero probability:   0.174779
per-segment probability dynamic range (kT): 549.372
norm = 1, error in norm = 0 (0*epsilon)
-- WARNING  [westpa.core.sim_manager] -- 
Minimum segment weight is < 1e-100 and might not be physically relevant. Please reconsider your progress coordinate or binning scheme.
MAB binning in use
Bottleneck bin occupancy may not be accurately reported
Waiting for segments to complete...
Iteration completed successfully
Iteration wallclock: 0:28:44.025844, cputime: 1:30:07.835544


Fri Sep  2 18:40:08 2022
Iteration 538 (600 requested)
Beginning iteration 538
40 segments remain in iteration 538 (40 total)
5 of 32 (15.625000%) active bins are populated
per-bin minimum non-zero probability:       4.50228e-240
per-bin maximum probability:                1
per-bin probability dynamic range (kT):     551.116
per-segment minimum non-zero probability:   5.62785e-241
per-segment maximum non-zero probability:   0.174779
per-segment probability dynamic range (kT): 551.451
norm = 1, error in norm = 2.22045e-16 (1*epsilon)
-- WARNING  [westpa.core.sim_manager] -- 
Minimum segment weight is < 1e-100 and might not be physically relevant. Please reconsider your progress coordinate or binning scheme.
MAB binning in use
Bottleneck bin occupancy may not be accurately reported
Waiting for segments to complete...
Iteration completed successfully
Iteration wallclock: 0:28:39.302026, cputime: 1:30:01.548177


Fri Sep  2 19:08:48 2022
Iteration 539 (600 requested)
Beginning iteration 539
40 segments remain in iteration 539 (40 total)
5 of 32 (15.625000%) active bins are populated
per-bin minimum non-zero probability:       5.62785e-241
per-bin maximum probability:                0.877972
per-bin probability dynamic range (kT):     553.065
per-segment minimum non-zero probability:   7.03481e-242
per-segment maximum non-zero probability:   0.147432
per-segment probability dynamic range (kT): 553.36
norm = 1, error in norm = 2.22045e-16 (1*epsilon)
-- WARNING  [westpa.core.sim_manager] -- 
Minimum segment weight is < 1e-100 and might not be physically relevant. Please reconsider your progress coordinate or binning scheme.
MAB binning in use
Bottleneck bin occupancy may not be accurately reported
Waiting for segments to complete...
Iteration completed successfully
Iteration wallclock: 0:28:41.975972, cputime: 1:30:01.156822


Fri Sep  2 19:37:30 2022
Iteration 540 (600 requested)
Beginning iteration 540
40 segments remain in iteration 540 (40 total)
5 of 32 (15.625000%) active bins are populated
per-bin minimum non-zero probability:       7.03481e-242
per-bin maximum probability:                0.984747
per-bin probability dynamic range (kT):     555.259
per-segment minimum non-zero probability:   8.79352e-243
per-segment maximum non-zero probability:   0.174779
per-segment probability dynamic range (kT): 555.61
norm = 1, error in norm = 0 (0*epsilon)
-- WARNING  [westpa.core.sim_manager] -- 
Minimum segment weight is < 1e-100 and might not be physically relevant. Please reconsider your progress coordinate or binning scheme.
MAB binning in use
Bottleneck bin occupancy may not be accurately reported
Waiting for segments to complete...
Iteration completed successfully
Iteration wallclock: 0:28:39.989137, cputime: 1:29:59.652064


Fri Sep  2 20:06:10 2022
Iteration 541 (600 requested)
Beginning iteration 541
40 segments remain in iteration 541 (40 total)
5 of 32 (15.625000%) active bins are populated
per-bin minimum non-zero probability:       8.79352e-243
per-bin maximum probability:                0.998093
per-bin probability dynamic range (kT):     557.352
per-segment minimum non-zero probability:   1.09919e-243
per-segment maximum non-zero probability:   0.174779
per-segment probability dynamic range (kT): 557.689
norm = 1, error in norm = 2.22045e-16 (1*epsilon)
-- WARNING  [westpa.core.sim_manager] -- 
Minimum segment weight is < 1e-100 and might not be physically relevant. Please reconsider your progress coordinate or binning scheme.
MAB binning in use
Bottleneck bin occupancy may not be accurately reported
Waiting for segments to complete...
Iteration completed successfully
Iteration wallclock: 0:28:39.951042, cputime: 1:30:03.501151


Fri Sep  2 20:34:50 2022
Iteration 542 (600 requested)
Beginning iteration 542
40 segments remain in iteration 542 (40 total)
5 of 32 (15.625000%) active bins are populated
per-bin minimum non-zero probability:       1.09919e-243
per-bin maximum probability:                0.999762
per-bin probability dynamic range (kT):     559.433
per-segment minimum non-zero probability:   1.37399e-244
per-segment maximum non-zero probability:   0.174779
per-segment probability dynamic range (kT): 559.769
norm = 1, error in norm = 2.22045e-16 (1*epsilon)
-- WARNING  [westpa.core.sim_manager] -- 
Minimum segment weight is < 1e-100 and might not be physically relevant. Please reconsider your progress coordinate or binning scheme.
MAB binning in use
Bottleneck bin occupancy may not be accurately reported
Waiting for segments to complete...
Iteration completed successfully
Iteration wallclock: 0:28:35.852329, cputime: 1:30:03.132339


Fri Sep  2 21:03:25 2022
Iteration 543 (600 requested)
Beginning iteration 543
40 segments remain in iteration 543 (40 total)
5 of 32 (15.625000%) active bins are populated
per-bin minimum non-zero probability:       1.37399e-244
per-bin maximum probability:                0.99997
per-bin probability dynamic range (kT):     561.513
per-segment minimum non-zero probability:   1.71748e-245
per-segment maximum non-zero probability:   0.174779
per-segment probability dynamic range (kT): 561.848
norm = 1, error in norm = 0 (0*epsilon)
-- WARNING  [westpa.core.sim_manager] -- 
Minimum segment weight is < 1e-100 and might not be physically relevant. Please reconsider your progress coordinate or binning scheme.
MAB binning in use
Bottleneck bin occupancy may not be accurately reported
Waiting for segments to complete...
Iteration completed successfully
Iteration wallclock: 0:28:52.682977, cputime: 1:29:56.786089


Fri Sep  2 21:32:18 2022
Iteration 544 (600 requested)
Beginning iteration 544
40 segments remain in iteration 544 (40 total)
5 of 32 (15.625000%) active bins are populated
per-bin minimum non-zero probability:       1.71748e-245
per-bin maximum probability:                0.999996
per-bin probability dynamic range (kT):     563.592
per-segment minimum non-zero probability:   2.14685e-246
per-segment maximum non-zero probability:   0.174779
per-segment probability dynamic range (kT): 563.928
norm = 1, error in norm = 0 (0*epsilon)
-- WARNING  [westpa.core.sim_manager] -- 
Minimum segment weight is < 1e-100 and might not be physically relevant. Please reconsider your progress coordinate or binning scheme.
MAB binning in use
Bottleneck bin occupancy may not be accurately reported
Waiting for segments to complete...
Iteration completed successfully
Iteration wallclock: 0:28:56.549251, cputime: 1:29:53.503682


Fri Sep  2 22:01:15 2022
Iteration 545 (600 requested)
Beginning iteration 545
40 segments remain in iteration 545 (40 total)
5 of 32 (15.625000%) active bins are populated
per-bin minimum non-zero probability:       2.14685e-246
per-bin maximum probability:                1
per-bin probability dynamic range (kT):     565.672
per-segment minimum non-zero probability:   2.68357e-247
per-segment maximum non-zero probability:   0.174779
per-segment probability dynamic range (kT): 566.007
norm = 1, error in norm = 0 (0*epsilon)
-- WARNING  [westpa.core.sim_manager] -- 
Minimum segment weight is < 1e-100 and might not be physically relevant. Please reconsider your progress coordinate or binning scheme.
MAB binning in use
Bottleneck bin occupancy may not be accurately reported
Waiting for segments to complete...
Iteration completed successfully
Iteration wallclock: 0:28:45.184408, cputime: 1:30:02.050133


Fri Sep  2 22:30:00 2022
Iteration 546 (600 requested)
Beginning iteration 546
40 segments remain in iteration 546 (40 total)
5 of 32 (15.625000%) active bins are populated
per-bin minimum non-zero probability:       2.68357e-247
per-bin maximum probability:                0.89132
per-bin probability dynamic range (kT):     567.636
per-segment minimum non-zero probability:   3.35446e-248
per-segment maximum non-zero probability:   0.147432
per-segment probability dynamic range (kT): 567.916
norm = 1, error in norm = 2.22045e-16 (1*epsilon)
-- WARNING  [westpa.core.sim_manager] -- 
Minimum segment weight is < 1e-100 and might not be physically relevant. Please reconsider your progress coordinate or binning scheme.
MAB binning in use
Bottleneck bin occupancy may not be accurately reported
Waiting for segments to complete...
Iteration completed successfully
Iteration wallclock: 0:28:40.784821, cputime: 1:29:57.294624


Fri Sep  2 22:58:41 2022
Iteration 547 (600 requested)
Beginning iteration 547
40 segments remain in iteration 547 (40 total)
5 of 32 (15.625000%) active bins are populated
per-bin minimum non-zero probability:       3.35446e-248
per-bin maximum probability:                0.986415
per-bin probability dynamic range (kT):     569.817
per-segment minimum non-zero probability:   4.19308e-249
per-segment maximum non-zero probability:   0.174779
per-segment probability dynamic range (kT): 570.166
norm = 1, error in norm = 2.22045e-16 (1*epsilon)
-- WARNING  [westpa.core.sim_manager] -- 
Minimum segment weight is < 1e-100 and might not be physically relevant. Please reconsider your progress coordinate or binning scheme.
MAB binning in use
Bottleneck bin occupancy may not be accurately reported
Waiting for segments to complete...
Iteration completed successfully
Iteration wallclock: 0:28:39.433779, cputime: 1:29:56.385236


Fri Sep  2 23:27:20 2022
Iteration 548 (600 requested)
Beginning iteration 548
40 segments remain in iteration 548 (40 total)
5 of 32 (15.625000%) active bins are populated
per-bin minimum non-zero probability:       4.19308e-249
per-bin maximum probability:                0.998302
per-bin probability dynamic range (kT):     571.909
per-segment minimum non-zero probability:   5.24135e-250
per-segment maximum non-zero probability:   0.174779
per-segment probability dynamic range (kT): 572.245
norm = 1, error in norm = 2.22045e-16 (1*epsilon)
-- WARNING  [westpa.core.sim_manager] -- 
Minimum segment weight is < 1e-100 and might not be physically relevant. Please reconsider your progress coordinate or binning scheme.
MAB binning in use
Bottleneck bin occupancy may not be accurately reported
Waiting for segments to complete...
Iteration completed successfully
Iteration wallclock: 0:28:35.593328, cputime: 1:29:38.939883


Fri Sep  2 23:55:56 2022
Iteration 549 (600 requested)
Beginning iteration 549
40 segments remain in iteration 549 (40 total)
5 of 32 (15.625000%) active bins are populated
per-bin minimum non-zero probability:       5.24135e-250
per-bin maximum probability:                0.999788
per-bin probability dynamic range (kT):     573.989
per-segment minimum non-zero probability:   6.55168e-251
per-segment maximum non-zero probability:   0.174779
per-segment probability dynamic range (kT): 574.325
norm = 1, error in norm = 0 (0*epsilon)
-- WARNING  [westpa.core.sim_manager] -- 
Minimum segment weight is < 1e-100 and might not be physically relevant. Please reconsider your progress coordinate or binning scheme.
MAB binning in use
Bottleneck bin occupancy may not be accurately reported
Waiting for segments to complete...
Iteration completed successfully
Iteration wallclock: 0:28:22.978111, cputime: 1:29:00.763724


Sat Sep  3 00:24:19 2022
Iteration 550 (600 requested)
Beginning iteration 550
40 segments remain in iteration 550 (40 total)
5 of 32 (15.625000%) active bins are populated
per-bin minimum non-zero probability:       6.55168e-251
per-bin maximum probability:                0.999973
per-bin probability dynamic range (kT):     576.069
per-segment minimum non-zero probability:   8.1896e-252
per-segment maximum non-zero probability:   0.174779
per-segment probability dynamic range (kT): 576.404
norm = 1, error in norm = 0 (0*epsilon)
-- WARNING  [westpa.core.sim_manager] -- 
Minimum segment weight is < 1e-100 and might not be physically relevant. Please reconsider your progress coordinate or binning scheme.
MAB binning in use
Bottleneck bin occupancy may not be accurately reported
Waiting for segments to complete...
Iteration completed successfully
Iteration wallclock: 0:28:23.854120, cputime: 1:29:03.615399


Sat Sep  3 00:52:43 2022
Iteration 551 (600 requested)
Beginning iteration 551
40 segments remain in iteration 551 (40 total)
5 of 32 (15.625000%) active bins are populated
per-bin minimum non-zero probability:       8.1896e-252
per-bin maximum probability:                0.999997
per-bin probability dynamic range (kT):     578.149
per-segment minimum non-zero probability:   1.0237e-252
per-segment maximum non-zero probability:   0.174779
per-segment probability dynamic range (kT): 578.484
norm = 1, error in norm = 0 (0*epsilon)
-- WARNING  [westpa.core.sim_manager] -- 
Minimum segment weight is < 1e-100 and might not be physically relevant. Please reconsider your progress coordinate or binning scheme.
MAB binning in use
Bottleneck bin occupancy may not be accurately reported
Waiting for segments to complete...
Iteration completed successfully
Iteration wallclock: 0:29:11.334079, cputime: 1:31:54.906204


Sat Sep  3 01:21:54 2022
Iteration 552 (600 requested)
Beginning iteration 552
40 segments remain in iteration 552 (40 total)
5 of 32 (15.625000%) active bins are populated
per-bin minimum non-zero probability:       1.0237e-252
per-bin maximum probability:                1
per-bin probability dynamic range (kT):     580.228
per-segment minimum non-zero probability:   1.27963e-253
per-segment maximum non-zero probability:   0.174779
per-segment probability dynamic range (kT): 580.563
norm = 1, error in norm = 2.22045e-16 (1*epsilon)
-- WARNING  [westpa.core.sim_manager] -- 
Minimum segment weight is < 1e-100 and might not be physically relevant. Please reconsider your progress coordinate or binning scheme.
MAB binning in use
Bottleneck bin occupancy may not be accurately reported
Waiting for segments to complete...
Iteration completed successfully
Iteration wallclock: 0:29:27.760945, cputime: 1:32:44.763338


Sat Sep  3 01:51:22 2022
Iteration 553 (600 requested)
Beginning iteration 553
40 segments remain in iteration 553 (40 total)
5 of 32 (15.625000%) active bins are populated
per-bin minimum non-zero probability:       1.27963e-253
per-bin maximum probability:                0.89132
per-bin probability dynamic range (kT):     582.192
per-segment minimum non-zero probability:   1.59953e-254
per-segment maximum non-zero probability:   0.147432
per-segment probability dynamic range (kT): 582.473
norm = 1, error in norm = 0 (0*epsilon)
-- WARNING  [westpa.core.sim_manager] -- 
Minimum segment weight is < 1e-100 and might not be physically relevant. Please reconsider your progress coordinate or binning scheme.
MAB binning in use
Bottleneck bin occupancy may not be accurately reported
Waiting for segments to complete...
Iteration completed successfully
Iteration wallclock: 0:29:23.641059, cputime: 1:32:51.922707


Sat Sep  3 02:20:45 2022
Iteration 554 (600 requested)
Beginning iteration 554
40 segments remain in iteration 554 (40 total)
5 of 32 (15.625000%) active bins are populated
per-bin minimum non-zero probability:       1.59953e-254
per-bin maximum probability:                1
per-bin probability dynamic range (kT):     584.387
per-segment minimum non-zero probability:   1.99941e-255
per-segment maximum non-zero probability:   0.174779
per-segment probability dynamic range (kT): 584.722
norm = 1, error in norm = 2.22045e-16 (1*epsilon)
-- WARNING  [westpa.core.sim_manager] -- 
Minimum segment weight is < 1e-100 and might not be physically relevant. Please reconsider your progress coordinate or binning scheme.
MAB binning in use
Bottleneck bin occupancy may not be accurately reported
Waiting for segments to complete...
Iteration completed successfully
Iteration wallclock: 0:29:41.052614, cputime: 1:32:51.360574


Sat Sep  3 02:50:26 2022
Iteration 555 (600 requested)
Beginning iteration 555
40 segments remain in iteration 555 (40 total)
5 of 32 (15.625000%) active bins are populated
per-bin minimum non-zero probability:       1.99941e-255
per-bin maximum probability:                1
per-bin probability dynamic range (kT):     586.466
per-segment minimum non-zero probability:   2.49927e-256
per-segment maximum non-zero probability:   0.174779
per-segment probability dynamic range (kT): 586.802
norm = 1, error in norm = 0 (0*epsilon)
-- WARNING  [westpa.core.sim_manager] -- 
Minimum segment weight is < 1e-100 and might not be physically relevant. Please reconsider your progress coordinate or binning scheme.
MAB binning in use
Bottleneck bin occupancy may not be accurately reported
Waiting for segments to complete...
Iteration completed successfully
Iteration wallclock: 0:29:47.333046, cputime: 1:32:37.680386


Sat Sep  3 03:20:14 2022
Iteration 556 (600 requested)
Beginning iteration 556
40 segments remain in iteration 556 (40 total)
5 of 32 (15.625000%) active bins are populated
per-bin minimum non-zero probability:       2.49927e-256
per-bin maximum probability:                1
per-bin probability dynamic range (kT):     588.546
per-segment minimum non-zero probability:   3.12409e-257
per-segment maximum non-zero probability:   0.174779
per-segment probability dynamic range (kT): 588.881
norm = 1, error in norm = 0 (0*epsilon)
-- WARNING  [westpa.core.sim_manager] -- 
Minimum segment weight is < 1e-100 and might not be physically relevant. Please reconsider your progress coordinate or binning scheme.
MAB binning in use
Bottleneck bin occupancy may not be accurately reported
Waiting for segments to complete...
Iteration completed successfully
Iteration wallclock: 0:29:27.957700, cputime: 1:32:46.787521


Sat Sep  3 03:49:42 2022
Iteration 557 (600 requested)
Beginning iteration 557
40 segments remain in iteration 557 (40 total)
5 of 32 (15.625000%) active bins are populated
per-bin minimum non-zero probability:       3.12409e-257
per-bin maximum probability:                0.89132
per-bin probability dynamic range (kT):     590.51
per-segment minimum non-zero probability:   3.90511e-258
per-segment maximum non-zero probability:   0.147432
per-segment probability dynamic range (kT): 590.79
norm = 1, error in norm = 0 (0*epsilon)
-- WARNING  [westpa.core.sim_manager] -- 
Minimum segment weight is < 1e-100 and might not be physically relevant. Please reconsider your progress coordinate or binning scheme.
MAB binning in use
Bottleneck bin occupancy may not be accurately reported
Waiting for segments to complete...
Iteration completed successfully
Iteration wallclock: 0:29:31.901556, cputime: 1:32:48.971429


Sat Sep  3 04:19:14 2022
Iteration 558 (600 requested)
Beginning iteration 558
40 segments remain in iteration 558 (40 total)
5 of 32 (15.625000%) active bins are populated
per-bin minimum non-zero probability:       3.90511e-258
per-bin maximum probability:                0.986415
per-bin probability dynamic range (kT):     592.691
per-segment minimum non-zero probability:   4.88138e-259
per-segment maximum non-zero probability:   0.174779
per-segment probability dynamic range (kT): 593.04
norm = 1, error in norm = 2.22045e-16 (1*epsilon)
-- WARNING  [westpa.core.sim_manager] -- 
Minimum segment weight is < 1e-100 and might not be physically relevant. Please reconsider your progress coordinate or binning scheme.
MAB binning in use
Bottleneck bin occupancy may not be accurately reported
Waiting for segments to complete...
Iteration completed successfully
Iteration wallclock: 0:29:32.594936, cputime: 1:32:38.205421


Sat Sep  3 04:48:46 2022
Iteration 559 (600 requested)
Beginning iteration 559
40 segments remain in iteration 559 (40 total)
5 of 32 (15.625000%) active bins are populated
per-bin minimum non-zero probability:       4.88138e-259
per-bin maximum probability:                0.998302
per-bin probability dynamic range (kT):     594.782
per-segment minimum non-zero probability:   6.10173e-260
per-segment maximum non-zero probability:   0.174779
per-segment probability dynamic range (kT): 595.119
norm = 1, error in norm = 0 (0*epsilon)
-- WARNING  [westpa.core.sim_manager] -- 
Minimum segment weight is < 1e-100 and might not be physically relevant. Please reconsider your progress coordinate or binning scheme.
MAB binning in use
Bottleneck bin occupancy may not be accurately reported
Waiting for segments to complete...
Iteration completed successfully
Iteration wallclock: 0:29:28.104146, cputime: 1:32:36.236301


Sat Sep  3 05:18:14 2022
Iteration 560 (600 requested)
Beginning iteration 560
40 segments remain in iteration 560 (40 total)
5 of 32 (15.625000%) active bins are populated
per-bin minimum non-zero probability:       6.10173e-260
per-bin maximum probability:                0.999788
per-bin probability dynamic range (kT):     596.863
per-segment minimum non-zero probability:   7.62716e-261
per-segment maximum non-zero probability:   0.174779
per-segment probability dynamic range (kT): 597.199
norm = 1, error in norm = 2.22045e-16 (1*epsilon)
-- WARNING  [westpa.core.sim_manager] -- 
Minimum segment weight is < 1e-100 and might not be physically relevant. Please reconsider your progress coordinate or binning scheme.
MAB binning in use
Bottleneck bin occupancy may not be accurately reported
Waiting for segments to complete...
Iteration completed successfully
Iteration wallclock: 0:29:32.121584, cputime: 1:32:39.987879


Sat Sep  3 05:47:46 2022
Iteration 561 (600 requested)
Beginning iteration 561
40 segments remain in iteration 561 (40 total)
5 of 32 (15.625000%) active bins are populated
per-bin minimum non-zero probability:       7.62716e-261
per-bin maximum probability:                0.891034
per-bin probability dynamic range (kT):     598.828
per-segment minimum non-zero probability:   9.53395e-262
per-segment maximum non-zero probability:   0.147432
per-segment probability dynamic range (kT): 599.108
norm = 1, error in norm = 0 (0*epsilon)
-- WARNING  [westpa.core.sim_manager] -- 
Minimum segment weight is < 1e-100 and might not be physically relevant. Please reconsider your progress coordinate or binning scheme.
MAB binning in use
Bottleneck bin occupancy may not be accurately reported
Waiting for segments to complete...
Iteration completed successfully
Iteration wallclock: 0:29:26.011027, cputime: 1:32:42.113617


Sat Sep  3 06:17:12 2022
Iteration 562 (600 requested)
Beginning iteration 562
40 segments remain in iteration 562 (40 total)
5 of 32 (15.625000%) active bins are populated
per-bin minimum non-zero probability:       9.53395e-262
per-bin maximum probability:                0.885131
per-bin probability dynamic range (kT):     600.9
per-segment minimum non-zero probability:   1.19174e-262
per-segment maximum non-zero probability:   0.147432
per-segment probability dynamic range (kT): 601.187
norm = 1, error in norm = 0 (0*epsilon)
-- WARNING  [westpa.core.sim_manager] -- 
Minimum segment weight is < 1e-100 and might not be physically relevant. Please reconsider your progress coordinate or binning scheme.
MAB binning in use
Bottleneck bin occupancy may not be accurately reported
Waiting for segments to complete...
Iteration completed successfully
Iteration wallclock: 0:29:41.502832, cputime: 1:33:00.319019


Sat Sep  3 06:46:54 2022
Iteration 563 (600 requested)
Beginning iteration 563
40 segments remain in iteration 563 (40 total)
5 of 32 (15.625000%) active bins are populated
per-bin minimum non-zero probability:       1.19174e-262
per-bin maximum probability:                0.985641
per-bin probability dynamic range (kT):     603.087
per-segment minimum non-zero probability:   1.48968e-263
per-segment maximum non-zero probability:   0.174779
per-segment probability dynamic range (kT): 603.437
norm = 1, error in norm = 0 (0*epsilon)
-- WARNING  [westpa.core.sim_manager] -- 
Minimum segment weight is < 1e-100 and might not be physically relevant. Please reconsider your progress coordinate or binning scheme.
MAB binning in use
Bottleneck bin occupancy may not be accurately reported
Waiting for segments to complete...
Iteration completed successfully
Iteration wallclock: 0:29:31.950830, cputime: 1:32:41.041167


Sat Sep  3 07:16:26 2022
Iteration 564 (600 requested)
Beginning iteration 564
40 segments remain in iteration 564 (40 total)
5 of 32 (15.625000%) active bins are populated
per-bin minimum non-zero probability:       1.48968e-263
per-bin maximum probability:                0.998205
per-bin probability dynamic range (kT):     605.18
per-segment minimum non-zero probability:   1.8621e-264
per-segment maximum non-zero probability:   0.174779
per-segment probability dynamic range (kT): 605.517
norm = 1, error in norm = 0 (0*epsilon)
-- WARNING  [westpa.core.sim_manager] -- 
Minimum segment weight is < 1e-100 and might not be physically relevant. Please reconsider your progress coordinate or binning scheme.
MAB binning in use
Bottleneck bin occupancy may not be accurately reported
Waiting for segments to complete...
Iteration completed successfully
Iteration wallclock: 0:29:38.647315, cputime: 1:32:41.295155


Sat Sep  3 07:46:05 2022
Iteration 565 (600 requested)
Beginning iteration 565
40 segments remain in iteration 565 (40 total)
5 of 32 (15.625000%) active bins are populated
per-bin minimum non-zero probability:       1.8621e-264
per-bin maximum probability:                0.999776
per-bin probability dynamic range (kT):     607.261
per-segment minimum non-zero probability:   2.32762e-265
per-segment maximum non-zero probability:   0.174779
per-segment probability dynamic range (kT): 607.596
norm = 1, error in norm = 0 (0*epsilon)
-- WARNING  [westpa.core.sim_manager] -- 
Minimum segment weight is < 1e-100 and might not be physically relevant. Please reconsider your progress coordinate or binning scheme.
MAB binning in use
Bottleneck bin occupancy may not be accurately reported
Waiting for segments to complete...
Iteration completed successfully
Iteration wallclock: 0:29:22.071886, cputime: 1:32:46.738332


Sat Sep  3 08:15:27 2022
Iteration 566 (600 requested)
Beginning iteration 566
40 segments remain in iteration 566 (40 total)
5 of 32 (15.625000%) active bins are populated
per-bin minimum non-zero probability:       2.32762e-265
per-bin maximum probability:                0.999972
per-bin probability dynamic range (kT):     609.34
per-segment minimum non-zero probability:   2.90953e-266
per-segment maximum non-zero probability:   0.174779
per-segment probability dynamic range (kT): 609.675
norm = 1, error in norm = 2.22045e-16 (1*epsilon)
-- WARNING  [westpa.core.sim_manager] -- 
Minimum segment weight is < 1e-100 and might not be physically relevant. Please reconsider your progress coordinate or binning scheme.
MAB binning in use
Bottleneck bin occupancy may not be accurately reported
Waiting for segments to complete...
Iteration completed successfully
Iteration wallclock: 0:29:31.520495, cputime: 1:32:46.737333


Sat Sep  3 08:44:58 2022
Iteration 567 (600 requested)
Beginning iteration 567
40 segments remain in iteration 567 (40 total)
5 of 32 (15.625000%) active bins are populated
per-bin minimum non-zero probability:       2.90953e-266
per-bin maximum probability:                0.999996
per-bin probability dynamic range (kT):     611.42
per-segment minimum non-zero probability:   3.63691e-267
per-segment maximum non-zero probability:   0.174779
per-segment probability dynamic range (kT): 611.755
norm = 1, error in norm = 0 (0*epsilon)
-- WARNING  [westpa.core.sim_manager] -- 
Minimum segment weight is < 1e-100 and might not be physically relevant. Please reconsider your progress coordinate or binning scheme.
MAB binning in use
Bottleneck bin occupancy may not be accurately reported
Waiting for segments to complete...
Iteration completed successfully
Iteration wallclock: 0:29:29.683008, cputime: 1:32:56.870157


Sat Sep  3 09:14:28 2022
Iteration 568 (600 requested)
Beginning iteration 568
40 segments remain in iteration 568 (40 total)
5 of 32 (15.625000%) active bins are populated
per-bin minimum non-zero probability:       3.63691e-267
per-bin maximum probability:                1
per-bin probability dynamic range (kT):     613.499
per-segment minimum non-zero probability:   4.54614e-268
per-segment maximum non-zero probability:   0.174779
per-segment probability dynamic range (kT): 613.834
norm = 1, error in norm = 0 (0*epsilon)
-- WARNING  [westpa.core.sim_manager] -- 
Minimum segment weight is < 1e-100 and might not be physically relevant. Please reconsider your progress coordinate or binning scheme.
MAB binning in use
Bottleneck bin occupancy may not be accurately reported
Waiting for segments to complete...
Iteration completed successfully
Iteration wallclock: 0:29:29.061444, cputime: 1:32:47.100952


Sat Sep  3 09:43:57 2022
Iteration 569 (600 requested)
Beginning iteration 569
40 segments remain in iteration 569 (40 total)
5 of 32 (15.625000%) active bins are populated
per-bin minimum non-zero probability:       4.54614e-268
per-bin maximum probability:                1
per-bin probability dynamic range (kT):     615.579
per-segment minimum non-zero probability:   5.68268e-269
per-segment maximum non-zero probability:   0.174779
per-segment probability dynamic range (kT): 615.914
norm = 1, error in norm = 2.22045e-16 (1*epsilon)
-- WARNING  [westpa.core.sim_manager] -- 
Minimum segment weight is < 1e-100 and might not be physically relevant. Please reconsider your progress coordinate or binning scheme.
MAB binning in use
Bottleneck bin occupancy may not be accurately reported
Waiting for segments to complete...
Iteration completed successfully
Iteration wallclock: 0:29:34.133437, cputime: 1:32:42.562554


Sat Sep  3 10:13:31 2022
Iteration 570 (600 requested)
Beginning iteration 570
40 segments remain in iteration 570 (40 total)
5 of 32 (15.625000%) active bins are populated
per-bin minimum non-zero probability:       5.68268e-269
per-bin maximum probability:                1
per-bin probability dynamic range (kT):     617.658
per-segment minimum non-zero probability:   7.10335e-270
per-segment maximum non-zero probability:   0.174779
per-segment probability dynamic range (kT): 617.993
norm = 1, error in norm = 0 (0*epsilon)
-- WARNING  [westpa.core.sim_manager] -- 
Minimum segment weight is < 1e-100 and might not be physically relevant. Please reconsider your progress coordinate or binning scheme.
MAB binning in use
Bottleneck bin occupancy may not be accurately reported
Waiting for segments to complete...
Iteration completed successfully
Iteration wallclock: 0:29:34.075677, cputime: 1:32:45.018406


Sat Sep  3 10:43:05 2022
Iteration 571 (600 requested)
Beginning iteration 571
40 segments remain in iteration 571 (40 total)
5 of 32 (15.625000%) active bins are populated
per-bin minimum non-zero probability:       7.10335e-270
per-bin maximum probability:                0.881168
per-bin probability dynamic range (kT):     619.611
per-segment minimum non-zero probability:   8.87918e-271
per-segment maximum non-zero probability:   0.174779
per-segment probability dynamic range (kT): 620.073
norm = 1, error in norm = 0 (0*epsilon)
-- WARNING  [westpa.core.sim_manager] -- 
Minimum segment weight is < 1e-100 and might not be physically relevant. Please reconsider your progress coordinate or binning scheme.
MAB binning in use
Bottleneck bin occupancy may not be accurately reported
Waiting for segments to complete...
Iteration completed successfully
Iteration wallclock: 0:29:28.381710, cputime: 1:32:57.345271


Sat Sep  3 11:12:33 2022
Iteration 572 (600 requested)
Beginning iteration 572
40 segments remain in iteration 572 (40 total)
5 of 32 (15.625000%) active bins are populated
per-bin minimum non-zero probability:       8.87918e-271
per-bin maximum probability:                0.825221
per-bin probability dynamic range (kT):     621.625
per-segment minimum non-zero probability:   1.1099e-271
per-segment maximum non-zero probability:   0.147432
per-segment probability dynamic range (kT): 621.982
norm = 1, error in norm = 0 (0*epsilon)
-- WARNING  [westpa.core.sim_manager] -- 
Minimum segment weight is < 1e-100 and might not be physically relevant. Please reconsider your progress coordinate or binning scheme.
MAB binning in use
Bottleneck bin occupancy may not be accurately reported
Waiting for segments to complete...
Iteration completed successfully
Iteration wallclock: 0:29:30.693316, cputime: 1:32:53.461352


Sat Sep  3 11:42:04 2022
Iteration 573 (600 requested)
Beginning iteration 573
40 segments remain in iteration 573 (40 total)
5 of 32 (15.625000%) active bins are populated
per-bin minimum non-zero probability:       1.1099e-271
per-bin maximum probability:                0.881168
per-bin probability dynamic range (kT):     623.77
per-segment minimum non-zero probability:   1.38737e-272
per-segment maximum non-zero probability:   0.147432
per-segment probability dynamic range (kT): 624.061
norm = 1, error in norm = 0 (0*epsilon)
-- WARNING  [westpa.core.sim_manager] -- 
Minimum segment weight is < 1e-100 and might not be physically relevant. Please reconsider your progress coordinate or binning scheme.
MAB binning in use
Bottleneck bin occupancy may not be accurately reported
Waiting for segments to complete...
Iteration completed successfully
Iteration wallclock: 0:33:30.474451, cputime: 1:32:26.242970


Sat Sep  3 12:15:35 2022
Iteration 574 (600 requested)
Beginning iteration 574
40 segments remain in iteration 574 (40 total)
5 of 32 (15.625000%) active bins are populated
per-bin minimum non-zero probability:       1.38737e-272
per-bin maximum probability:                0.985146
per-bin probability dynamic range (kT):     625.961
per-segment minimum non-zero probability:   1.73422e-273
per-segment maximum non-zero probability:   0.16952
per-segment probability dynamic range (kT): 626.28
norm = 1, error in norm = 0 (0*epsilon)
-- WARNING  [westpa.core.sim_manager] -- 
Minimum segment weight is < 1e-100 and might not be physically relevant. Please reconsider your progress coordinate or binning scheme.
MAB binning in use
Bottleneck bin occupancy may not be accurately reported
Waiting for segments to complete...
Iteration completed successfully
Iteration wallclock: 0:29:15.845535, cputime: 1:31:50.521147


Sat Sep  3 12:44:51 2022
Iteration 575 (600 requested)
Beginning iteration 575
40 segments remain in iteration 575 (40 total)
5 of 32 (15.625000%) active bins are populated
per-bin minimum non-zero probability:       1.73422e-273
per-bin maximum probability:                0.998143
per-bin probability dynamic range (kT):     628.053
per-segment minimum non-zero probability:   2.16777e-274
per-segment maximum non-zero probability:   0.16952
per-segment probability dynamic range (kT): 628.36
norm = 1, error in norm = 0 (0*epsilon)
-- WARNING  [westpa.core.sim_manager] -- 
Minimum segment weight is < 1e-100 and might not be physically relevant. Please reconsider your progress coordinate or binning scheme.
MAB binning in use
Bottleneck bin occupancy may not be accurately reported
Waiting for segments to complete...
Iteration completed successfully
Iteration wallclock: 0:29:15.863621, cputime: 1:31:43.436415


Sat Sep  3 13:14:06 2022
Iteration 576 (600 requested)
Beginning iteration 576
40 segments remain in iteration 576 (40 total)
5 of 32 (15.625000%) active bins are populated
per-bin minimum non-zero probability:       2.16777e-274
per-bin maximum probability:                1
per-bin probability dynamic range (kT):     630.135
per-segment minimum non-zero probability:   2.70971e-275
per-segment maximum non-zero probability:   0.16952
per-segment probability dynamic range (kT): 630.439
norm = 1, error in norm = 0 (0*epsilon)
-- WARNING  [westpa.core.sim_manager] -- 
Minimum segment weight is < 1e-100 and might not be physically relevant. Please reconsider your progress coordinate or binning scheme.
MAB binning in use
Bottleneck bin occupancy may not be accurately reported
Waiting for segments to complete...
Iteration completed successfully
Iteration wallclock: 0:29:22.185903, cputime: 1:31:41.773927


Sat Sep  3 13:43:29 2022
Iteration 577 (600 requested)
Beginning iteration 577
40 segments remain in iteration 577 (40 total)
5 of 32 (15.625000%) active bins are populated
per-bin minimum non-zero probability:       2.70971e-275
per-bin maximum probability:                1
per-bin probability dynamic range (kT):     632.214
per-segment minimum non-zero probability:   3.38714e-276
per-segment maximum non-zero probability:   0.16952
per-segment probability dynamic range (kT): 632.519
norm = 1, error in norm = 0 (0*epsilon)
-- WARNING  [westpa.core.sim_manager] -- 
Minimum segment weight is < 1e-100 and might not be physically relevant. Please reconsider your progress coordinate or binning scheme.
MAB binning in use
Bottleneck bin occupancy may not be accurately reported
Waiting for segments to complete...
Iteration completed successfully
Iteration wallclock: 0:29:05.769029, cputime: 1:31:41.655634


Sat Sep  3 14:12:34 2022
Iteration 578 (600 requested)
Beginning iteration 578
40 segments remain in iteration 578 (40 total)
5 of 32 (15.625000%) active bins are populated
per-bin minimum non-zero probability:       3.38714e-276
per-bin maximum probability:                1
per-bin probability dynamic range (kT):     634.293
per-segment minimum non-zero probability:   4.23392e-277
per-segment maximum non-zero probability:   0.16952
per-segment probability dynamic range (kT): 634.598
norm = 1, error in norm = 0 (0*epsilon)
-- WARNING  [westpa.core.sim_manager] -- 
Minimum segment weight is < 1e-100 and might not be physically relevant. Please reconsider your progress coordinate or binning scheme.
MAB binning in use
Bottleneck bin occupancy may not be accurately reported
Waiting for segments to complete...
Iteration completed successfully
Iteration wallclock: 0:29:20.318277, cputime: 1:31:46.911216


Sat Sep  3 14:41:55 2022
Iteration 579 (600 requested)
Beginning iteration 579
40 segments remain in iteration 579 (40 total)
5 of 32 (15.625000%) active bins are populated
per-bin minimum non-zero probability:       4.23392e-277
per-bin maximum probability:                1
per-bin probability dynamic range (kT):     636.373
per-segment minimum non-zero probability:   5.29241e-278
per-segment maximum non-zero probability:   0.16952
per-segment probability dynamic range (kT): 636.678
norm = 1, error in norm = 0 (0*epsilon)
-- WARNING  [westpa.core.sim_manager] -- 
Minimum segment weight is < 1e-100 and might not be physically relevant. Please reconsider your progress coordinate or binning scheme.
MAB binning in use
Bottleneck bin occupancy may not be accurately reported
Waiting for segments to complete...
Iteration completed successfully
Iteration wallclock: 0:29:06.024516, cputime: 1:31:49.230604


Sat Sep  3 15:11:01 2022
Iteration 580 (600 requested)
Beginning iteration 580
40 segments remain in iteration 580 (40 total)
5 of 32 (15.625000%) active bins are populated
per-bin minimum non-zero probability:       5.29241e-278
per-bin maximum probability:                1
per-bin probability dynamic range (kT):     638.452
per-segment minimum non-zero probability:   6.61551e-279
per-segment maximum non-zero probability:   0.16952
per-segment probability dynamic range (kT): 638.757
norm = 1, error in norm = 0 (0*epsilon)
-- WARNING  [westpa.core.sim_manager] -- 
Minimum segment weight is < 1e-100 and might not be physically relevant. Please reconsider your progress coordinate or binning scheme.
MAB binning in use
Bottleneck bin occupancy may not be accurately reported
Waiting for segments to complete...
Iteration completed successfully
Iteration wallclock: 0:29:58.749962, cputime: 1:31:45.112400


Sat Sep  3 15:40:59 2022
Iteration 581 (600 requested)
Beginning iteration 581
40 segments remain in iteration 581 (40 total)
5 of 32 (15.625000%) active bins are populated
per-bin minimum non-zero probability:       6.61551e-279
per-bin maximum probability:                1
per-bin probability dynamic range (kT):     640.532
per-segment minimum non-zero probability:   8.26938e-280
per-segment maximum non-zero probability:   0.16952
per-segment probability dynamic range (kT): 640.836
norm = 1, error in norm = 0 (0*epsilon)
-- WARNING  [westpa.core.sim_manager] -- 
Minimum segment weight is < 1e-100 and might not be physically relevant. Please reconsider your progress coordinate or binning scheme.
MAB binning in use
Bottleneck bin occupancy may not be accurately reported
Waiting for segments to complete...
Iteration completed successfully
Iteration wallclock: 0:29:17.387349, cputime: 1:31:45.036485


Sat Sep  3 16:10:17 2022
Iteration 582 (600 requested)
Beginning iteration 582
40 segments remain in iteration 582 (40 total)
5 of 32 (15.625000%) active bins are populated
per-bin minimum non-zero probability:       8.26938e-280
per-bin maximum probability:                1
per-bin probability dynamic range (kT):     642.611
per-segment minimum non-zero probability:   1.03367e-280
per-segment maximum non-zero probability:   0.16952
per-segment probability dynamic range (kT): 642.916
norm = 1, error in norm = 2.22045e-16 (1*epsilon)
-- WARNING  [westpa.core.sim_manager] -- 
Minimum segment weight is < 1e-100 and might not be physically relevant. Please reconsider your progress coordinate or binning scheme.
MAB binning in use
Bottleneck bin occupancy may not be accurately reported
Waiting for segments to complete...
Iteration completed successfully
Iteration wallclock: 0:29:10.512914, cputime: 1:31:48.913009


Sat Sep  3 16:39:27 2022
Iteration 583 (600 requested)
Beginning iteration 583
40 segments remain in iteration 583 (40 total)
5 of 32 (15.625000%) active bins are populated
per-bin minimum non-zero probability:       1.03367e-280
per-bin maximum probability:                1
per-bin probability dynamic range (kT):     644.691
per-segment minimum non-zero probability:   1.29209e-281
per-segment maximum non-zero probability:   0.16952
per-segment probability dynamic range (kT): 644.995
norm = 1, error in norm = 0 (0*epsilon)
-- WARNING  [westpa.core.sim_manager] -- 
Minimum segment weight is < 1e-100 and might not be physically relevant. Please reconsider your progress coordinate or binning scheme.
MAB binning in use
Bottleneck bin occupancy may not be accurately reported
Waiting for segments to complete...
Iteration completed successfully
Iteration wallclock: 0:28:58.634184, cputime: 1:30:35.741707


Sat Sep  3 17:08:26 2022
Iteration 584 (600 requested)
Beginning iteration 584
40 segments remain in iteration 584 (40 total)
5 of 32 (15.625000%) active bins are populated
per-bin minimum non-zero probability:       1.29209e-281
per-bin maximum probability:                0.83048
per-bin probability dynamic range (kT):     646.584
per-segment minimum non-zero probability:   1.61511e-282
per-segment maximum non-zero probability:   0.147432
per-segment probability dynamic range (kT): 646.935
norm = 1, error in norm = 0 (0*epsilon)
-- WARNING  [westpa.core.sim_manager] -- 
Minimum segment weight is < 1e-100 and might not be physically relevant. Please reconsider your progress coordinate or binning scheme.
MAB binning in use
Bottleneck bin occupancy may not be accurately reported
Waiting for segments to complete...
Iteration completed successfully
Iteration wallclock: 0:32:05.338928, cputime: 1:29:02.807131


Sat Sep  3 17:40:31 2022
Iteration 585 (600 requested)
Beginning iteration 585
40 segments remain in iteration 585 (40 total)
5 of 32 (15.625000%) active bins are populated
per-bin minimum non-zero probability:       1.61511e-282
per-bin maximum probability:                0.97881
per-bin probability dynamic range (kT):     648.828
per-segment minimum non-zero probability:   2.01889e-283
per-segment maximum non-zero probability:   0.14833
per-segment probability dynamic range (kT): 649.021
norm = 1, error in norm = 0 (0*epsilon)
-- WARNING  [westpa.core.sim_manager] -- 
Minimum segment weight is < 1e-100 and might not be physically relevant. Please reconsider your progress coordinate or binning scheme.
MAB binning in use
Bottleneck bin occupancy may not be accurately reported
Waiting for segments to complete...
Iteration completed successfully
Iteration wallclock: 0:28:46.281652, cputime: 1:29:11.345631


Sat Sep  3 18:09:18 2022
Iteration 586 (600 requested)
Beginning iteration 586
40 segments remain in iteration 586 (40 total)
5 of 32 (15.625000%) active bins are populated
per-bin minimum non-zero probability:       2.01889e-283
per-bin maximum probability:                0.997351
per-bin probability dynamic range (kT):     650.926
per-segment minimum non-zero probability:   2.52362e-284
per-segment maximum non-zero probability:   0.14833
per-segment probability dynamic range (kT): 651.1
norm = 1, error in norm = 0 (0*epsilon)
-- WARNING  [westpa.core.sim_manager] -- 
Minimum segment weight is < 1e-100 and might not be physically relevant. Please reconsider your progress coordinate or binning scheme.
MAB binning in use
Bottleneck bin occupancy may not be accurately reported
Waiting for segments to complete...
Iteration completed successfully
Iteration wallclock: 0:28:44.951965, cputime: 1:29:31.062220


Sat Sep  3 18:38:03 2022
Iteration 587 (600 requested)
Beginning iteration 587
40 segments remain in iteration 587 (40 total)
5 of 32 (15.625000%) active bins are populated
per-bin minimum non-zero probability:       2.52362e-284
per-bin maximum probability:                0.999669
per-bin probability dynamic range (kT):     653.008
per-segment minimum non-zero probability:   3.15452e-285
per-segment maximum non-zero probability:   0.14833
per-segment probability dynamic range (kT): 653.18
norm = 1, error in norm = 2.22045e-16 (1*epsilon)
-- WARNING  [westpa.core.sim_manager] -- 
Minimum segment weight is < 1e-100 and might not be physically relevant. Please reconsider your progress coordinate or binning scheme.
MAB binning in use
Bottleneck bin occupancy may not be accurately reported
Waiting for segments to complete...
Iteration completed successfully
Iteration wallclock: 0:28:27.360711, cputime: 1:29:27.694732


Sat Sep  3 19:06:30 2022
Iteration 588 (600 requested)
Beginning iteration 588
40 segments remain in iteration 588 (40 total)
5 of 32 (15.625000%) active bins are populated
per-bin minimum non-zero probability:       3.15452e-285
per-bin maximum probability:                0.886884
per-bin probability dynamic range (kT):     654.968
per-segment minimum non-zero probability:   3.94315e-286
per-segment maximum non-zero probability:   0.14833
per-segment probability dynamic range (kT): 655.259
norm = 1, error in norm = 0 (0*epsilon)
-- WARNING  [westpa.core.sim_manager] -- 
Minimum segment weight is < 1e-100 and might not be physically relevant. Please reconsider your progress coordinate or binning scheme.
MAB binning in use
Bottleneck bin occupancy may not be accurately reported
Waiting for segments to complete...
Iteration completed successfully
Iteration wallclock: 0:28:30.062923, cputime: 1:29:27.420612


Sat Sep  3 19:35:00 2022
Iteration 589 (600 requested)
Beginning iteration 589
40 segments remain in iteration 589 (40 total)
5 of 32 (15.625000%) active bins are populated
per-bin minimum non-zero probability:       3.94315e-286
per-bin maximum probability:                0.985861
per-bin probability dynamic range (kT):     657.153
per-segment minimum non-zero probability:   4.92894e-287
per-segment maximum non-zero probability:   0.14833
per-segment probability dynamic range (kT): 657.338
norm = 1, error in norm = 0 (0*epsilon)
-- WARNING  [westpa.core.sim_manager] -- 
Minimum segment weight is < 1e-100 and might not be physically relevant. Please reconsider your progress coordinate or binning scheme.
MAB binning in use
Bottleneck bin occupancy may not be accurately reported
Waiting for segments to complete...
Iteration completed successfully
Iteration wallclock: 0:28:20.725636, cputime: 1:29:36.105916


Sat Sep  3 20:03:21 2022
Iteration 590 (600 requested)
Beginning iteration 590
40 segments remain in iteration 590 (40 total)
5 of 32 (15.625000%) active bins are populated
per-bin minimum non-zero probability:       4.92894e-287
per-bin maximum probability:                0.998233
per-bin probability dynamic range (kT):     659.245
per-segment minimum non-zero probability:   6.16117e-288
per-segment maximum non-zero probability:   0.14833
per-segment probability dynamic range (kT): 659.418
norm = 1, error in norm = 0 (0*epsilon)
-- WARNING  [westpa.core.sim_manager] -- 
Minimum segment weight is < 1e-100 and might not be physically relevant. Please reconsider your progress coordinate or binning scheme.
MAB binning in use
Bottleneck bin occupancy may not be accurately reported
Waiting for segments to complete...
Iteration completed successfully
Iteration wallclock: 0:28:26.207870, cputime: 1:29:38.381519


Sat Sep  3 20:31:47 2022
Iteration 591 (600 requested)
Beginning iteration 591
40 segments remain in iteration 591 (40 total)
5 of 32 (15.625000%) active bins are populated
per-bin minimum non-zero probability:       6.16117e-288
per-bin maximum probability:                0.888362
per-bin probability dynamic range (kT):     661.208
per-segment minimum non-zero probability:   7.70146e-289
per-segment maximum non-zero probability:   0.14833
per-segment probability dynamic range (kT): 661.497
norm = 1, error in norm = 0 (0*epsilon)
-- WARNING  [westpa.core.sim_manager] -- 
Minimum segment weight is < 1e-100 and might not be physically relevant. Please reconsider your progress coordinate or binning scheme.
MAB binning in use
Bottleneck bin occupancy may not be accurately reported
Waiting for segments to complete...
Iteration completed successfully
Iteration wallclock: 0:28:23.544474, cputime: 1:29:32.454019


Sat Sep  3 21:00:11 2022
Iteration 592 (600 requested)
Beginning iteration 592
40 segments remain in iteration 592 (40 total)
5 of 32 (15.625000%) active bins are populated
per-bin minimum non-zero probability:       7.70146e-289
per-bin maximum probability:                0.837715
per-bin probability dynamic range (kT):     663.229
per-segment minimum non-zero probability:   9.62683e-290
per-segment maximum non-zero probability:   0.12878
per-segment probability dynamic range (kT): 663.435
norm = 1, error in norm = 0 (0*epsilon)
-- WARNING  [westpa.core.sim_manager] -- 
Minimum segment weight is < 1e-100 and might not be physically relevant. Please reconsider your progress coordinate or binning scheme.
MAB binning in use
Bottleneck bin occupancy may not be accurately reported
Waiting for segments to complete...
Iteration completed successfully
Iteration wallclock: 0:28:24.012711, cputime: 1:29:30.176441


Sat Sep  3 21:28:35 2022
Iteration 593 (600 requested)
Beginning iteration 593
40 segments remain in iteration 593 (40 total)
5 of 32 (15.625000%) active bins are populated
per-bin minimum non-zero probability:       9.62683e-290
per-bin maximum probability:                0.979714
per-bin probability dynamic range (kT):     665.465
per-segment minimum non-zero probability:   1.20335e-290
per-segment maximum non-zero probability:   0.173166
per-segment probability dynamic range (kT): 665.811
norm = 1, error in norm = 0 (0*epsilon)
-- WARNING  [westpa.core.sim_manager] -- 
Minimum segment weight is < 1e-100 and might not be physically relevant. Please reconsider your progress coordinate or binning scheme.
MAB binning in use
Bottleneck bin occupancy may not be accurately reported
Waiting for segments to complete...
Iteration completed successfully
Iteration wallclock: 0:28:24.221981, cputime: 1:29:26.862843


Sat Sep  3 21:56:59 2022
Iteration 594 (600 requested)
Beginning iteration 594
40 segments remain in iteration 594 (40 total)
5 of 32 (15.625000%) active bins are populated
per-bin minimum non-zero probability:       1.20335e-290
per-bin maximum probability:                0.997464
per-bin probability dynamic range (kT):     667.562
per-segment minimum non-zero probability:   1.50419e-291
per-segment maximum non-zero probability:   0.173166
per-segment probability dynamic range (kT): 667.891
norm = 1, error in norm = 0 (0*epsilon)
-- WARNING  [westpa.core.sim_manager] -- 
Minimum segment weight is < 1e-100 and might not be physically relevant. Please reconsider your progress coordinate or binning scheme.
MAB binning in use
Bottleneck bin occupancy may not be accurately reported
Waiting for segments to complete...
Iteration completed successfully
Iteration wallclock: 0:28:25.178808, cputime: 1:29:28.831184


Sat Sep  3 22:25:24 2022
Iteration 595 (600 requested)
Beginning iteration 595
40 segments remain in iteration 595 (40 total)
5 of 32 (15.625000%) active bins are populated
per-bin minimum non-zero probability:       1.50419e-291
per-bin maximum probability:                0.999683
per-bin probability dynamic range (kT):     669.644
per-segment minimum non-zero probability:   1.88024e-292
per-segment maximum non-zero probability:   0.173166
per-segment probability dynamic range (kT): 669.97
norm = 1, error in norm = 0 (0*epsilon)
-- WARNING  [westpa.core.sim_manager] -- 
Minimum segment weight is < 1e-100 and might not be physically relevant. Please reconsider your progress coordinate or binning scheme.
MAB binning in use
Bottleneck bin occupancy may not be accurately reported
Waiting for segments to complete...
Iteration completed successfully
Iteration wallclock: 0:28:24.626043, cputime: 1:29:32.511475


Sat Sep  3 22:53:49 2022
Iteration 596 (600 requested)
Beginning iteration 596
40 segments remain in iteration 596 (40 total)
5 of 32 (15.625000%) active bins are populated
per-bin minimum non-zero probability:       1.88024e-292
per-bin maximum probability:                0.99996
per-bin probability dynamic range (kT):     671.723
per-segment minimum non-zero probability:   2.3503e-293
per-segment maximum non-zero probability:   0.173166
per-segment probability dynamic range (kT): 672.049
norm = 1, error in norm = 0 (0*epsilon)
-- WARNING  [westpa.core.sim_manager] -- 
Minimum segment weight is < 1e-100 and might not be physically relevant. Please reconsider your progress coordinate or binning scheme.
MAB binning in use
Bottleneck bin occupancy may not be accurately reported
Waiting for segments to complete...
Iteration completed successfully
Iteration wallclock: 0:28:23.934111, cputime: 1:29:27.690412


Sat Sep  3 23:22:13 2022
Iteration 597 (600 requested)
Beginning iteration 597
40 segments remain in iteration 597 (40 total)
5 of 32 (15.625000%) active bins are populated
per-bin minimum non-zero probability:       2.3503e-293
per-bin maximum probability:                0.999995
per-bin probability dynamic range (kT):     673.803
per-segment minimum non-zero probability:   2.93788e-294
per-segment maximum non-zero probability:   0.173166
per-segment probability dynamic range (kT): 674.129
norm = 1, error in norm = 0 (0*epsilon)
-- WARNING  [westpa.core.sim_manager] -- 
Minimum segment weight is < 1e-100 and might not be physically relevant. Please reconsider your progress coordinate or binning scheme.
MAB binning in use
Bottleneck bin occupancy may not be accurately reported
Waiting for segments to complete...
Iteration completed successfully
Iteration wallclock: 0:28:29.067765, cputime: 1:29:34.819043


Sat Sep  3 23:50:42 2022
Iteration 598 (600 requested)
Beginning iteration 598
40 segments remain in iteration 598 (40 total)
5 of 32 (15.625000%) active bins are populated
per-bin minimum non-zero probability:       2.93788e-294
per-bin maximum probability:                0.999999
per-bin probability dynamic range (kT):     675.882
per-segment minimum non-zero probability:   3.67234e-295
per-segment maximum non-zero probability:   0.173166
per-segment probability dynamic range (kT): 676.208
norm = 1, error in norm = 0 (0*epsilon)
-- WARNING  [westpa.core.sim_manager] -- 
Minimum segment weight is < 1e-100 and might not be physically relevant. Please reconsider your progress coordinate or binning scheme.
MAB binning in use
Bottleneck bin occupancy may not be accurately reported
Waiting for segments to complete...
Iteration completed successfully
Iteration wallclock: 0:28:25.038392, cputime: 1:29:29.122374


Sun Sep  4 00:19:07 2022
Iteration 599 (600 requested)
Beginning iteration 599
40 segments remain in iteration 599 (40 total)
5 of 32 (15.625000%) active bins are populated
per-bin minimum non-zero probability:       3.67234e-295
per-bin maximum probability:                1
per-bin probability dynamic range (kT):     677.962
per-segment minimum non-zero probability:   4.59043e-296
per-segment maximum non-zero probability:   0.173166
per-segment probability dynamic range (kT): 678.288
norm = 1, error in norm = 0 (0*epsilon)
-- WARNING  [westpa.core.sim_manager] -- 
Minimum segment weight is < 1e-100 and might not be physically relevant. Please reconsider your progress coordinate or binning scheme.
MAB binning in use
Bottleneck bin occupancy may not be accurately reported
Waiting for segments to complete...
Iteration completed successfully
Iteration wallclock: 0:28:35.127570, cputime: 1:29:28.892338

Iteration 600 would require more than the allotted time. Ending run.
