Updating system with the options from the configuration file
Maximum wallclock time: 2 days, 0:00:00

Fri Aug 26 23:25:33 2022
Iteration 319 (500 requested)
Beginning iteration 319
40 segments remain in iteration 319 (40 total)
5 of 32 (15.625000%) active bins are populated
per-bin minimum non-zero probability:       1.52625e-58
per-bin maximum probability:                1
per-bin probability dynamic range (kT):     133.127
per-segment minimum non-zero probability:   1.90782e-59
per-segment maximum non-zero probability:   0.15697
per-segment probability dynamic range (kT): 133.355
norm = 1, error in norm = 2.22045e-16 (1*epsilon)
MAB binning in use
Bottleneck bin occupancy may not be accurately reported
Waiting for segments to complete...
Iteration completed successfully
Iteration wallclock: 0:30:15.714843, cputime: 1:29:07.504486


Fri Aug 26 23:55:49 2022
Iteration 320 (500 requested)
Beginning iteration 320
40 segments remain in iteration 320 (40 total)
5 of 32 (15.625000%) active bins are populated
per-bin minimum non-zero probability:       1.90782e-59
per-bin maximum probability:                1
per-bin probability dynamic range (kT):     135.207
per-segment minimum non-zero probability:   2.38477e-60
per-segment maximum non-zero probability:   0.15697
per-segment probability dynamic range (kT): 135.434
norm = 1, error in norm = 2.22045e-16 (1*epsilon)
MAB binning in use
Bottleneck bin occupancy may not be accurately reported
Waiting for segments to complete...
Iteration completed successfully
Iteration wallclock: 0:32:56.967547, cputime: 1:39:30.876399


Sat Aug 27 00:28:46 2022
Iteration 321 (500 requested)
Beginning iteration 321
40 segments remain in iteration 321 (40 total)
5 of 32 (15.625000%) active bins are populated
per-bin minimum non-zero probability:       2.38477e-60
per-bin maximum probability:                1
per-bin probability dynamic range (kT):     137.286
per-segment minimum non-zero probability:   2.98096e-61
per-segment maximum non-zero probability:   0.15697
per-segment probability dynamic range (kT): 137.514
norm = 1, error in norm = 2.22045e-16 (1*epsilon)
MAB binning in use
Bottleneck bin occupancy may not be accurately reported
Waiting for segments to complete...
Iteration completed successfully
Iteration wallclock: 0:33:54.125916, cputime: 1:41:06.101486


Sat Aug 27 01:02:40 2022
Iteration 322 (500 requested)
Beginning iteration 322
40 segments remain in iteration 322 (40 total)
5 of 32 (15.625000%) active bins are populated
per-bin minimum non-zero probability:       2.98096e-61
per-bin maximum probability:                0.867672
per-bin probability dynamic range (kT):     139.224
per-segment minimum non-zero probability:   3.7262e-62
per-segment maximum non-zero probability:   0.15697
per-segment probability dynamic range (kT): 139.593
norm = 1, error in norm = 2.22045e-16 (1*epsilon)
MAB binning in use
Bottleneck bin occupancy may not be accurately reported
Waiting for segments to complete...
Iteration completed successfully
Iteration wallclock: 0:33:40.430809, cputime: 1:40:32.659320


Sat Aug 27 01:36:20 2022
Iteration 323 (500 requested)
Beginning iteration 323
40 segments remain in iteration 323 (40 total)
5 of 32 (15.625000%) active bins are populated
per-bin minimum non-zero probability:       3.7262e-62
per-bin maximum probability:                0.84303
per-bin probability dynamic range (kT):     141.274
per-segment minimum non-zero probability:   4.65775e-63
per-segment maximum non-zero probability:   0.132328
per-segment probability dynamic range (kT): 141.502
norm = 1, error in norm = 2.22045e-16 (1*epsilon)
MAB binning in use
Bottleneck bin occupancy may not be accurately reported
Waiting for segments to complete...
Iteration completed successfully
Iteration wallclock: 0:33:25.039098, cputime: 1:40:17.673564


Sat Aug 27 02:09:45 2022
Iteration 324 (500 requested)
Beginning iteration 324
40 segments remain in iteration 324 (40 total)
5 of 32 (15.625000%) active bins are populated
per-bin minimum non-zero probability:       4.65775e-63
per-bin maximum probability:                0.980379
per-bin probability dynamic range (kT):     143.505
per-segment minimum non-zero probability:   5.82219e-64
per-segment maximum non-zero probability:   0.132741
per-segment probability dynamic range (kT): 143.584
norm = 1, error in norm = 2.22045e-16 (1*epsilon)
MAB binning in use
Bottleneck bin occupancy may not be accurately reported
Waiting for segments to complete...
Iteration completed successfully
Iteration wallclock: 0:34:38.826790, cputime: 1:41:24.130245


Sat Aug 27 02:44:24 2022
Iteration 325 (500 requested)
Beginning iteration 325
40 segments remain in iteration 325 (40 total)
5 of 32 (15.625000%) active bins are populated
per-bin minimum non-zero probability:       5.82219e-64
per-bin maximum probability:                0.997547
per-bin probability dynamic range (kT):     145.601
per-segment minimum non-zero probability:   7.27774e-65
per-segment maximum non-zero probability:   0.132741
per-segment probability dynamic range (kT): 145.664
norm = 1, error in norm = 2.22045e-16 (1*epsilon)
MAB binning in use
Bottleneck bin occupancy may not be accurately reported
Waiting for segments to complete...
Iteration completed successfully
Iteration wallclock: 0:33:53.574546, cputime: 1:41:05.040434


Sat Aug 27 03:18:18 2022
Iteration 326 (500 requested)
Beginning iteration 326
40 segments remain in iteration 326 (40 total)
5 of 32 (15.625000%) active bins are populated
per-bin minimum non-zero probability:       7.27774e-65
per-bin maximum probability:                0.999693
per-bin probability dynamic range (kT):     147.683
per-segment minimum non-zero probability:   9.09717e-66
per-segment maximum non-zero probability:   0.132741
per-segment probability dynamic range (kT): 147.743
norm = 1, error in norm = 0 (0*epsilon)
MAB binning in use
Bottleneck bin occupancy may not be accurately reported
Waiting for segments to complete...
Iteration completed successfully
Iteration wallclock: 0:33:56.976315, cputime: 1:40:57.662751


Sat Aug 27 03:52:15 2022
Iteration 327 (500 requested)
Beginning iteration 327
40 segments remain in iteration 327 (40 total)
5 of 32 (15.625000%) active bins are populated
per-bin minimum non-zero probability:       9.09717e-66
per-bin maximum probability:                0.867672
per-bin probability dynamic range (kT):     149.621
per-segment minimum non-zero probability:   1.13715e-66
per-segment maximum non-zero probability:   0.132741
per-segment probability dynamic range (kT): 149.823
norm = 1, error in norm = 0 (0*epsilon)
MAB binning in use
Bottleneck bin occupancy may not be accurately reported
Waiting for segments to complete...
Iteration completed successfully
Iteration wallclock: 0:33:09.843201, cputime: 1:39:57.480093


Sat Aug 27 04:25:24 2022
Iteration 328 (500 requested)
Beginning iteration 328
40 segments remain in iteration 328 (40 total)
5 of 32 (15.625000%) active bins are populated
per-bin minimum non-zero probability:       1.13715e-66
per-bin maximum probability:                0.983459
per-bin probability dynamic range (kT):     151.825
per-segment minimum non-zero probability:   1.42143e-67
per-segment maximum non-zero probability:   0.132741
per-segment probability dynamic range (kT): 151.902
norm = 1, error in norm = 0 (0*epsilon)
MAB binning in use
Bottleneck bin occupancy may not be accurately reported
Waiting for segments to complete...
Iteration completed successfully
Iteration wallclock: 0:34:30.647230, cputime: 1:42:36.633401


Sat Aug 27 04:59:55 2022
Iteration 329 (500 requested)
Beginning iteration 329
40 segments remain in iteration 329 (40 total)
5 of 32 (15.625000%) active bins are populated
per-bin minimum non-zero probability:       1.42143e-67
per-bin maximum probability:                0.997932
per-bin probability dynamic range (kT):     153.919
per-segment minimum non-zero probability:   1.77679e-68
per-segment maximum non-zero probability:   0.132741
per-segment probability dynamic range (kT): 153.982
norm = 1, error in norm = 0 (0*epsilon)
MAB binning in use
Bottleneck bin occupancy may not be accurately reported
Waiting for segments to complete...
Iteration completed successfully
Iteration wallclock: 0:33:18.949131, cputime: 1:40:04.419394


Sat Aug 27 05:33:14 2022
Iteration 330 (500 requested)
Beginning iteration 330
40 segments remain in iteration 330 (40 total)
5 of 32 (15.625000%) active bins are populated
per-bin minimum non-zero probability:       1.77679e-68
per-bin maximum probability:                0.999742
per-bin probability dynamic range (kT):     156.001
per-segment minimum non-zero probability:   2.22099e-69
per-segment maximum non-zero probability:   0.132741
per-segment probability dynamic range (kT): 156.061
norm = 1, error in norm = 0 (0*epsilon)
MAB binning in use
Bottleneck bin occupancy may not be accurately reported
Waiting for segments to complete...
Iteration completed successfully
Iteration wallclock: 0:34:30.174558, cputime: 1:41:02.989746


Sat Aug 27 06:07:44 2022
Iteration 331 (500 requested)
Beginning iteration 331
40 segments remain in iteration 331 (40 total)
5 of 32 (15.625000%) active bins are populated
per-bin minimum non-zero probability:       2.22099e-69
per-bin maximum probability:                0.882273
per-bin probability dynamic range (kT):     157.955
per-segment minimum non-zero probability:   2.77624e-70
per-segment maximum non-zero probability:   0.132741
per-segment probability dynamic range (kT): 158.141
norm = 1, error in norm = 2.22045e-16 (1*epsilon)
MAB binning in use
Bottleneck bin occupancy may not be accurately reported
Waiting for segments to complete...
Iteration completed successfully
Iteration wallclock: 0:33:18.676534, cputime: 1:39:48.568214


Sat Aug 27 06:41:03 2022
Iteration 332 (500 requested)
Beginning iteration 332
40 segments remain in iteration 332 (40 total)
5 of 32 (15.625000%) active bins are populated
per-bin minimum non-zero probability:       2.77624e-70
per-bin maximum probability:                0.985284
per-bin probability dynamic range (kT):     160.145
per-segment minimum non-zero probability:   3.4703e-71
per-segment maximum non-zero probability:   0.132741
per-segment probability dynamic range (kT): 160.22
norm = 1, error in norm = 0 (0*epsilon)
MAB binning in use
Bottleneck bin occupancy may not be accurately reported
Waiting for segments to complete...
Iteration completed successfully
Iteration wallclock: 0:34:05.788988, cputime: 1:40:57.772470


Sat Aug 27 07:15:09 2022
Iteration 333 (500 requested)
Beginning iteration 333
40 segments remain in iteration 333 (40 total)
5 of 32 (15.625000%) active bins are populated
per-bin minimum non-zero probability:       3.4703e-71
per-bin maximum probability:                0.998161
per-bin probability dynamic range (kT):     162.237
per-segment minimum non-zero probability:   4.33787e-72
per-segment maximum non-zero probability:   0.132741
per-segment probability dynamic range (kT): 162.299
norm = 1, error in norm = 2.22045e-16 (1*epsilon)
MAB binning in use
Bottleneck bin occupancy may not be accurately reported
Waiting for segments to complete...
Iteration completed successfully
Iteration wallclock: 0:33:33.511532, cputime: 1:40:11.364203


Sat Aug 27 07:48:42 2022
Iteration 334 (500 requested)
Beginning iteration 334
40 segments remain in iteration 334 (40 total)
5 of 32 (15.625000%) active bins are populated
per-bin minimum non-zero probability:       4.33787e-72
per-bin maximum probability:                0.99977
per-bin probability dynamic range (kT):     164.319
per-segment minimum non-zero probability:   5.42234e-73
per-segment maximum non-zero probability:   0.132741
per-segment probability dynamic range (kT): 164.379
norm = 1, error in norm = 0 (0*epsilon)
MAB binning in use
Bottleneck bin occupancy may not be accurately reported
Waiting for segments to complete...
Iteration completed successfully
Iteration wallclock: 0:33:17.011056, cputime: 1:40:17.383024


Sat Aug 27 08:21:59 2022
Iteration 335 (500 requested)
Beginning iteration 335
40 segments remain in iteration 335 (40 total)
5 of 32 (15.625000%) active bins are populated
per-bin minimum non-zero probability:       5.42234e-73
per-bin maximum probability:                0.999971
per-bin probability dynamic range (kT):     166.398
per-segment minimum non-zero probability:   6.77792e-74
per-segment maximum non-zero probability:   0.132741
per-segment probability dynamic range (kT): 166.458
norm = 1, error in norm = 2.22045e-16 (1*epsilon)
MAB binning in use
Bottleneck bin occupancy may not be accurately reported
Waiting for segments to complete...
Iteration completed successfully
Iteration wallclock: 0:32:55.715918, cputime: 1:39:21.251443


Sat Aug 27 08:54:55 2022
Iteration 336 (500 requested)
Beginning iteration 336
40 segments remain in iteration 336 (40 total)
5 of 32 (15.625000%) active bins are populated
per-bin minimum non-zero probability:       6.77792e-74
per-bin maximum probability:                0.999996
per-bin probability dynamic range (kT):     168.478
per-segment minimum non-zero probability:   8.4724e-75
per-segment maximum non-zero probability:   0.132741
per-segment probability dynamic range (kT): 168.538
norm = 1, error in norm = 2.22045e-16 (1*epsilon)
MAB binning in use
Bottleneck bin occupancy may not be accurately reported
Waiting for segments to complete...
Iteration completed successfully
Iteration wallclock: 0:34:27.472472, cputime: 1:41:12.606642


Sat Aug 27 09:29:22 2022
Iteration 337 (500 requested)
Beginning iteration 337
40 segments remain in iteration 337 (40 total)
5 of 32 (15.625000%) active bins are populated
per-bin minimum non-zero probability:       8.4724e-75
per-bin maximum probability:                1
per-bin probability dynamic range (kT):     170.557
per-segment minimum non-zero probability:   1.05905e-75
per-segment maximum non-zero probability:   0.132741
per-segment probability dynamic range (kT): 170.617
norm = 1, error in norm = 2.22045e-16 (1*epsilon)
MAB binning in use
Bottleneck bin occupancy may not be accurately reported
Waiting for segments to complete...
Iteration completed successfully
Iteration wallclock: 0:33:01.493579, cputime: 1:39:39.561612


Sat Aug 27 10:02:24 2022
Iteration 338 (500 requested)
Beginning iteration 338
40 segments remain in iteration 338 (40 total)
5 of 32 (15.625000%) active bins are populated
per-bin minimum non-zero probability:       1.05905e-75
per-bin maximum probability:                1
per-bin probability dynamic range (kT):     172.637
per-segment minimum non-zero probability:   1.32381e-76
per-segment maximum non-zero probability:   0.132741
per-segment probability dynamic range (kT): 172.697
norm = 1, error in norm = 0 (0*epsilon)
MAB binning in use
Bottleneck bin occupancy may not be accurately reported
Waiting for segments to complete...
Iteration completed successfully
Iteration wallclock: 0:33:38.330912, cputime: 1:40:27.802187


Sat Aug 27 10:36:02 2022
Iteration 339 (500 requested)
Beginning iteration 339
40 segments remain in iteration 339 (40 total)
5 of 32 (15.625000%) active bins are populated
per-bin minimum non-zero probability:       1.32381e-76
per-bin maximum probability:                1
per-bin probability dynamic range (kT):     174.716
per-segment minimum non-zero probability:   1.65477e-77
per-segment maximum non-zero probability:   0.132741
per-segment probability dynamic range (kT): 174.776
norm = 1, error in norm = 0 (0*epsilon)
MAB binning in use
Bottleneck bin occupancy may not be accurately reported
Waiting for segments to complete...
Iteration completed successfully
Iteration wallclock: 0:33:53.761711, cputime: 1:41:05.591313


Sat Aug 27 11:09:56 2022
Iteration 340 (500 requested)
Beginning iteration 340
40 segments remain in iteration 340 (40 total)
5 of 32 (15.625000%) active bins are populated
per-bin minimum non-zero probability:       1.65477e-77
per-bin maximum probability:                1
per-bin probability dynamic range (kT):     176.795
per-segment minimum non-zero probability:   2.06846e-78
per-segment maximum non-zero probability:   0.132741
per-segment probability dynamic range (kT): 176.855
norm = 1, error in norm = 0 (0*epsilon)
MAB binning in use
Bottleneck bin occupancy may not be accurately reported
Waiting for segments to complete...
Iteration completed successfully
Iteration wallclock: 0:33:28.236094, cputime: 1:40:26.941466


Sat Aug 27 11:43:24 2022
Iteration 341 (500 requested)
Beginning iteration 341
40 segments remain in iteration 341 (40 total)
5 of 32 (15.625000%) active bins are populated
per-bin minimum non-zero probability:       2.06846e-78
per-bin maximum probability:                1
per-bin probability dynamic range (kT):     178.875
per-segment minimum non-zero probability:   2.58557e-79
per-segment maximum non-zero probability:   0.132741
per-segment probability dynamic range (kT): 178.935
norm = 1, error in norm = 0 (0*epsilon)
MAB binning in use
Bottleneck bin occupancy may not be accurately reported
Waiting for segments to complete...
Iteration completed successfully
Iteration wallclock: 0:34:42.226248, cputime: 1:41:51.385471


Sat Aug 27 12:18:06 2022
Iteration 342 (500 requested)
Beginning iteration 342
40 segments remain in iteration 342 (40 total)
5 of 32 (15.625000%) active bins are populated
per-bin minimum non-zero probability:       2.58557e-79
per-bin maximum probability:                1
per-bin probability dynamic range (kT):     180.954
per-segment minimum non-zero probability:   3.23196e-80
per-segment maximum non-zero probability:   0.132741
per-segment probability dynamic range (kT): 181.014
norm = 1, error in norm = 2.22045e-16 (1*epsilon)
MAB binning in use
Bottleneck bin occupancy may not be accurately reported
Waiting for segments to complete...
Iteration completed successfully
Iteration wallclock: 0:33:26.397773, cputime: 1:40:32.887360


Sat Aug 27 12:51:33 2022
Iteration 343 (500 requested)
Beginning iteration 343
40 segments remain in iteration 343 (40 total)
5 of 32 (15.625000%) active bins are populated
per-bin minimum non-zero probability:       3.23196e-80
per-bin maximum probability:                1
per-bin probability dynamic range (kT):     183.034
per-segment minimum non-zero probability:   4.03996e-81
per-segment maximum non-zero probability:   0.132741
per-segment probability dynamic range (kT): 183.094
norm = 1, error in norm = 0 (0*epsilon)
MAB binning in use
Bottleneck bin occupancy may not be accurately reported
Waiting for segments to complete...
Iteration completed successfully
Iteration wallclock: 0:34:02.157977, cputime: 1:41:10.624651


Sat Aug 27 13:25:35 2022
Iteration 344 (500 requested)
Beginning iteration 344
40 segments remain in iteration 344 (40 total)
5 of 32 (15.625000%) active bins are populated
per-bin minimum non-zero probability:       4.03996e-81
per-bin maximum probability:                0.869433
per-bin probability dynamic range (kT):     184.973
per-segment minimum non-zero probability:   5.04995e-82
per-segment maximum non-zero probability:   0.132741
per-segment probability dynamic range (kT): 185.173
norm = 1, error in norm = 0 (0*epsilon)
MAB binning in use
Bottleneck bin occupancy may not be accurately reported
Waiting for segments to complete...
Iteration completed successfully
Iteration wallclock: 0:33:08.974868, cputime: 1:39:53.402163


Sat Aug 27 13:58:44 2022
Iteration 345 (500 requested)
Beginning iteration 345
40 segments remain in iteration 345 (40 total)
5 of 32 (15.625000%) active bins are populated
per-bin minimum non-zero probability:       5.04995e-82
per-bin maximum probability:                1
per-bin probability dynamic range (kT):     187.193
per-segment minimum non-zero probability:   6.31243e-83
per-segment maximum non-zero probability:   0.132741
per-segment probability dynamic range (kT): 187.253
norm = 1, error in norm = 0 (0*epsilon)
MAB binning in use
Bottleneck bin occupancy may not be accurately reported
Waiting for segments to complete...
Iteration completed successfully
Iteration wallclock: 0:33:13.223733, cputime: 1:40:00.492890


Sat Aug 27 14:31:57 2022
Iteration 346 (500 requested)
Beginning iteration 346
40 segments remain in iteration 346 (40 total)
5 of 32 (15.625000%) active bins are populated
per-bin minimum non-zero probability:       6.31243e-83
per-bin maximum probability:                0.882014
per-bin probability dynamic range (kT):     189.146
per-segment minimum non-zero probability:   7.89054e-84
per-segment maximum non-zero probability:   0.132741
per-segment probability dynamic range (kT): 189.332
norm = 1, error in norm = 2.22045e-16 (1*epsilon)
MAB binning in use
Bottleneck bin occupancy may not be accurately reported
Waiting for segments to complete...
Iteration completed successfully
Iteration wallclock: 0:33:37.198547, cputime: 1:40:43.570499


Sat Aug 27 15:05:34 2022
Iteration 347 (500 requested)
Beginning iteration 347
40 segments remain in iteration 347 (40 total)
5 of 32 (15.625000%) active bins are populated
per-bin minimum non-zero probability:       7.89054e-84
per-bin maximum probability:                0.985252
per-bin probability dynamic range (kT):     191.337
per-segment minimum non-zero probability:   9.86317e-85
per-segment maximum non-zero probability:   0.132741
per-segment probability dynamic range (kT): 191.412
norm = 1, error in norm = 0 (0*epsilon)
MAB binning in use
Bottleneck bin occupancy may not be accurately reported
Waiting for segments to complete...
Iteration completed successfully
Iteration wallclock: 0:33:24.456954, cputime: 1:40:07.874929


Sat Aug 27 15:38:59 2022
Iteration 348 (500 requested)
Beginning iteration 348
40 segments remain in iteration 348 (40 total)
5 of 32 (15.625000%) active bins are populated
per-bin minimum non-zero probability:       9.86317e-85
per-bin maximum probability:                0.998156
per-bin probability dynamic range (kT):     193.429
per-segment minimum non-zero probability:   1.2329e-85
per-segment maximum non-zero probability:   0.132741
per-segment probability dynamic range (kT): 193.491
norm = 1, error in norm = 0 (0*epsilon)
MAB binning in use
Bottleneck bin occupancy may not be accurately reported
Waiting for segments to complete...
Iteration completed successfully
Iteration wallclock: 0:32:49.709507, cputime: 1:39:10.717026


Sat Aug 27 16:11:49 2022
Iteration 349 (500 requested)
Beginning iteration 349
40 segments remain in iteration 349 (40 total)
5 of 32 (15.625000%) active bins are populated
per-bin minimum non-zero probability:       1.2329e-85
per-bin maximum probability:                0.99977
per-bin probability dynamic range (kT):     195.51
per-segment minimum non-zero probability:   1.54112e-86
per-segment maximum non-zero probability:   0.132741
per-segment probability dynamic range (kT): 195.57
norm = 1, error in norm = 2.22045e-16 (1*epsilon)
MAB binning in use
Bottleneck bin occupancy may not be accurately reported
Waiting for segments to complete...
Iteration completed successfully
Iteration wallclock: 0:32:58.819275, cputime: 1:39:29.959148


Sat Aug 27 16:44:47 2022
Iteration 350 (500 requested)
Beginning iteration 350
40 segments remain in iteration 350 (40 total)
5 of 32 (15.625000%) active bins are populated
per-bin minimum non-zero probability:       1.54112e-86
per-bin maximum probability:                0.999971
per-bin probability dynamic range (kT):     197.59
per-segment minimum non-zero probability:   1.9264e-87
per-segment maximum non-zero probability:   0.132741
per-segment probability dynamic range (kT): 197.65
norm = 1, error in norm = 0 (0*epsilon)
MAB binning in use
Bottleneck bin occupancy may not be accurately reported
Waiting for segments to complete...
Iteration completed successfully
Iteration wallclock: 0:33:20.926874, cputime: 1:39:57.122978


Sat Aug 27 17:18:08 2022
Iteration 351 (500 requested)
Beginning iteration 351
40 segments remain in iteration 351 (40 total)
5 of 32 (15.625000%) active bins are populated
per-bin minimum non-zero probability:       1.9264e-87
per-bin maximum probability:                0.882014
per-bin probability dynamic range (kT):     199.544
per-segment minimum non-zero probability:   2.408e-88
per-segment maximum non-zero probability:   0.132741
per-segment probability dynamic range (kT): 199.729
norm = 1, error in norm = 0 (0*epsilon)
MAB binning in use
Bottleneck bin occupancy may not be accurately reported
Waiting for segments to complete...
Iteration completed successfully
Iteration wallclock: 0:33:28.307613, cputime: 1:40:24.570647


Sat Aug 27 17:51:37 2022
Iteration 352 (500 requested)
Beginning iteration 352
40 segments remain in iteration 352 (40 total)
5 of 32 (15.625000%) active bins are populated
per-bin minimum non-zero probability:       2.408e-88
per-bin maximum probability:                0.869433
per-bin probability dynamic range (kT):     201.609
per-segment minimum non-zero probability:   3.01e-89
per-segment maximum non-zero probability:   0.132741
per-segment probability dynamic range (kT): 201.809
norm = 1, error in norm = 2.22045e-16 (1*epsilon)
MAB binning in use
Bottleneck bin occupancy may not be accurately reported
Waiting for segments to complete...
Iteration completed successfully
Iteration wallclock: 0:34:13.322837, cputime: 1:40:59.652999


Sat Aug 27 18:25:50 2022
Iteration 353 (500 requested)
Beginning iteration 353
40 segments remain in iteration 353 (40 total)
5 of 32 (15.625000%) active bins are populated
per-bin minimum non-zero probability:       3.01e-89
per-bin maximum probability:                0.983676
per-bin probability dynamic range (kT):     203.812
per-segment minimum non-zero probability:   3.7625e-90
per-segment maximum non-zero probability:   0.132741
per-segment probability dynamic range (kT): 203.888
norm = 1, error in norm = 0 (0*epsilon)
MAB binning in use
Bottleneck bin occupancy may not be accurately reported
Waiting for segments to complete...
Iteration completed successfully
Iteration wallclock: 0:33:38.104425, cputime: 1:40:24.700391


Sat Aug 27 18:59:28 2022
Iteration 354 (500 requested)
Beginning iteration 354
40 segments remain in iteration 354 (40 total)
5 of 32 (15.625000%) active bins are populated
per-bin minimum non-zero probability:       3.7625e-90
per-bin maximum probability:                0.99796
per-bin probability dynamic range (kT):     205.906
per-segment minimum non-zero probability:   4.70313e-91
per-segment maximum non-zero probability:   0.132741
per-segment probability dynamic range (kT): 205.968
norm = 1, error in norm = 2.22045e-16 (1*epsilon)
MAB binning in use
Bottleneck bin occupancy may not be accurately reported
Waiting for segments to complete...
Iteration completed successfully
Iteration wallclock: 0:34:06.939579, cputime: 1:41:13.477618


Sat Aug 27 19:33:35 2022
Iteration 355 (500 requested)
Beginning iteration 355
40 segments remain in iteration 355 (40 total)
5 of 32 (15.625000%) active bins are populated
per-bin minimum non-zero probability:       4.70313e-91
per-bin maximum probability:                0.999745
per-bin probability dynamic range (kT):     207.987
per-segment minimum non-zero probability:   5.87891e-92
per-segment maximum non-zero probability:   0.132741
per-segment probability dynamic range (kT): 208.047
norm = 1, error in norm = 0 (0*epsilon)
MAB binning in use
Bottleneck bin occupancy may not be accurately reported
Waiting for segments to complete...
Iteration completed successfully
Iteration wallclock: 0:32:48.096805, cputime: 1:38:53.288822


Sat Aug 27 20:06:23 2022
Iteration 356 (500 requested)
Beginning iteration 356
40 segments remain in iteration 356 (40 total)
5 of 32 (15.625000%) active bins are populated
per-bin minimum non-zero probability:       5.87891e-92
per-bin maximum probability:                0.999968
per-bin probability dynamic range (kT):     210.066
per-segment minimum non-zero probability:   7.34864e-93
per-segment maximum non-zero probability:   0.132741
per-segment probability dynamic range (kT): 210.127
norm = 1, error in norm = 2.22045e-16 (1*epsilon)
MAB binning in use
Bottleneck bin occupancy may not be accurately reported
Waiting for segments to complete...
Iteration completed successfully
Iteration wallclock: 0:34:21.593482, cputime: 1:41:34.923445


Sat Aug 27 20:40:45 2022
Iteration 357 (500 requested)
Beginning iteration 357
40 segments remain in iteration 357 (40 total)
5 of 32 (15.625000%) active bins are populated
per-bin minimum non-zero probability:       7.34864e-93
per-bin maximum probability:                0.999996
per-bin probability dynamic range (kT):     212.146
per-segment minimum non-zero probability:   9.1858e-94
per-segment maximum non-zero probability:   0.132741
per-segment probability dynamic range (kT): 212.206
norm = 1, error in norm = 2.22045e-16 (1*epsilon)
MAB binning in use
Bottleneck bin occupancy may not be accurately reported
Waiting for segments to complete...
Iteration completed successfully
Iteration wallclock: 0:33:26.710173, cputime: 1:40:22.383442


Sat Aug 27 21:14:11 2022
Iteration 358 (500 requested)
Beginning iteration 358
40 segments remain in iteration 358 (40 total)
5 of 32 (15.625000%) active bins are populated
per-bin minimum non-zero probability:       1.62043e-77
per-bin maximum probability:                0.87147
per-bin probability dynamic range (kT):     176.679
per-segment minimum non-zero probability:   2.02554e-78
per-segment maximum non-zero probability:   0.132741
per-segment probability dynamic range (kT): 176.876
norm = 1, error in norm = 2.22045e-16 (1*epsilon)
MAB binning in use
Bottleneck bin occupancy may not be accurately reported
Waiting for segments to complete...
Iteration completed successfully
Iteration wallclock: 0:38:05.297830, cputime: 1:39:59.998758


Sat Aug 27 21:52:17 2022
Iteration 359 (500 requested)
Beginning iteration 359
40 segments remain in iteration 359 (40 total)
5 of 32 (15.625000%) active bins are populated
per-bin minimum non-zero probability:       2.02554e-78
per-bin maximum probability:                0.880232
per-bin probability dynamic range (kT):     178.768
per-segment minimum non-zero probability:   2.53192e-79
per-segment maximum non-zero probability:   0.132741
per-segment probability dynamic range (kT): 178.956
norm = 1, error in norm = 0 (0*epsilon)
MAB binning in use
Bottleneck bin occupancy may not be accurately reported
Waiting for segments to complete...
Iteration completed successfully
Iteration wallclock: 0:39:12.724158, cputime: 1:40:10.743194


Sat Aug 27 22:31:29 2022
Iteration 360 (500 requested)
Beginning iteration 360
32 segments remain in iteration 360 (32 total)
5 of 32 (15.625000%) active bins are populated
per-bin minimum non-zero probability:       2.53192e-79
per-bin maximum probability:                0.856495
per-bin probability dynamic range (kT):     180.82
per-segment minimum non-zero probability:   3.1649e-80
per-segment maximum non-zero probability:   0.132741
per-segment probability dynamic range (kT): 181.035
norm = 1, error in norm = 2.22045e-16 (1*epsilon)
MAB binning in use
Bottleneck bin occupancy may not be accurately reported
Waiting for segments to complete...
Iteration completed successfully
Iteration wallclock: 0:26:23.384962, cputime: 1:20:34.717932


Sat Aug 27 22:57:53 2022
Iteration 361 (500 requested)
Beginning iteration 361
40 segments remain in iteration 361 (40 total)
5 of 32 (15.625000%) active bins are populated
per-bin minimum non-zero probability:       3.1649e-80
per-bin maximum probability:                0.985029
per-bin probability dynamic range (kT):     183.04
per-segment minimum non-zero probability:   3.95613e-81
per-segment maximum non-zero probability:   0.132741
per-segment probability dynamic range (kT): 183.115
norm = 1, error in norm = 0 (0*epsilon)
MAB binning in use
Bottleneck bin occupancy may not be accurately reported
Waiting for segments to complete...
Iteration completed successfully
Iteration wallclock: 0:34:01.949420, cputime: 1:41:10.847118


Sat Aug 27 23:31:55 2022
Iteration 362 (500 requested)
Beginning iteration 362
40 segments remain in iteration 362 (40 total)
5 of 32 (15.625000%) active bins are populated
per-bin minimum non-zero probability:       3.95613e-81
per-bin maximum probability:                0.880232
per-bin probability dynamic range (kT):     185.007
per-segment minimum non-zero probability:   4.94516e-82
per-segment maximum non-zero probability:   0.128534
per-segment probability dynamic range (kT): 185.162
norm = 1, error in norm = 0 (0*epsilon)
MAB binning in use
Bottleneck bin occupancy may not be accurately reported
Waiting for segments to complete...
Iteration completed successfully
Iteration wallclock: 0:34:21.309041, cputime: 1:40:51.247264


Sun Aug 28 00:06:16 2022
Iteration 363 (500 requested)
Beginning iteration 363
40 segments remain in iteration 363 (40 total)
5 of 32 (15.625000%) active bins are populated
per-bin minimum non-zero probability:       4.94516e-82
per-bin maximum probability:                0.891694
per-bin probability dynamic range (kT):     187.099
per-segment minimum non-zero probability:   6.18145e-83
per-segment maximum non-zero probability:   0.128534
per-segment probability dynamic range (kT): 187.241
norm = 1, error in norm = 0 (0*epsilon)
MAB binning in use
Bottleneck bin occupancy may not be accurately reported
Waiting for segments to complete...
Iteration completed successfully
Iteration wallclock: 0:33:43.615928, cputime: 1:40:47.016115


Sun Aug 28 00:40:00 2022
Iteration 364 (500 requested)
Beginning iteration 364
40 segments remain in iteration 364 (40 total)
5 of 32 (15.625000%) active bins are populated
per-bin minimum non-zero probability:       6.18145e-83
per-bin maximum probability:                0.871262
per-bin probability dynamic range (kT):     189.155
per-segment minimum non-zero probability:   7.72681e-84
per-segment maximum non-zero probability:   0.160637
per-segment probability dynamic range (kT): 189.544
norm = 1, error in norm = 0 (0*epsilon)
MAB binning in use
Bottleneck bin occupancy may not be accurately reported
Waiting for segments to complete...
Iteration completed successfully
Iteration wallclock: 0:33:18.468354, cputime: 1:40:23.211928


Sun Aug 28 01:13:18 2022
Iteration 365 (500 requested)
Beginning iteration 365
40 segments remain in iteration 365 (40 total)
5 of 32 (15.625000%) active bins are populated
per-bin minimum non-zero probability:       7.72681e-84
per-bin maximum probability:                0.839338
per-bin probability dynamic range (kT):     191.197
per-segment minimum non-zero probability:   9.65852e-85
per-segment maximum non-zero probability:   0.160637
per-segment probability dynamic range (kT): 191.623
norm = 1, error in norm = 2.22045e-16 (1*epsilon)
MAB binning in use
Bottleneck bin occupancy may not be accurately reported
Waiting for segments to complete...
Iteration completed successfully
Iteration wallclock: 0:33:40.514957, cputime: 1:40:49.560426


Sun Aug 28 01:46:59 2022
Iteration 366 (500 requested)
Beginning iteration 366
40 segments remain in iteration 366 (40 total)
5 of 32 (15.625000%) active bins are populated
per-bin minimum non-zero probability:       9.65852e-85
per-bin maximum probability:                0.998308
per-bin probability dynamic range (kT):     193.45
per-segment minimum non-zero probability:   1.20731e-85
per-segment maximum non-zero probability:   0.160637
per-segment probability dynamic range (kT): 193.703
norm = 1, error in norm = 2.22045e-16 (1*epsilon)
MAB binning in use
Bottleneck bin occupancy may not be accurately reported
Waiting for segments to complete...
Iteration completed successfully
Iteration wallclock: 0:34:17.030609, cputime: 1:41:30.881401


Sun Aug 28 02:21:16 2022
Iteration 367 (500 requested)
Beginning iteration 367
40 segments remain in iteration 367 (40 total)
5 of 32 (15.625000%) active bins are populated
per-bin minimum non-zero probability:       1.20731e-85
per-bin maximum probability:                0.986122
per-bin probability dynamic range (kT):     195.517
per-segment minimum non-zero probability:   1.50914e-86
per-segment maximum non-zero probability:   0.160637
per-segment probability dynamic range (kT): 195.782
norm = 1, error in norm = 2.22045e-16 (1*epsilon)
MAB binning in use
Bottleneck bin occupancy may not be accurately reported
Waiting for segments to complete...
Iteration completed successfully
Iteration wallclock: 0:31:20.653557, cputime: 1:37:23.422285


Sun Aug 28 02:52:36 2022
Iteration 368 (500 requested)
Beginning iteration 368
40 segments remain in iteration 368 (40 total)
5 of 32 (15.625000%) active bins are populated
per-bin minimum non-zero probability:       1.50914e-86
per-bin maximum probability:                0.839363
per-bin probability dynamic range (kT):     197.436
per-segment minimum non-zero probability:   1.88643e-87
per-segment maximum non-zero probability:   0.128534
per-segment probability dynamic range (kT): 197.639
norm = 1, error in norm = 2.22045e-16 (1*epsilon)
MAB binning in use
Bottleneck bin occupancy may not be accurately reported
Waiting for segments to complete...
Iteration completed successfully
Iteration wallclock: 0:28:11.011493, cputime: 1:28:41.940373


Sun Aug 28 03:20:47 2022
Iteration 369 (500 requested)
Beginning iteration 369
40 segments remain in iteration 369 (40 total)
5 of 32 (15.625000%) active bins are populated
per-bin minimum non-zero probability:       1.88643e-87
per-bin maximum probability:                0.97992
per-bin probability dynamic range (kT):     199.67
per-segment minimum non-zero probability:   2.35804e-88
per-segment maximum non-zero probability:   0.138992
per-segment probability dynamic range (kT): 199.796
norm = 1, error in norm = 2.22045e-16 (1*epsilon)
MAB binning in use
Bottleneck bin occupancy may not be accurately reported
Waiting for segments to complete...
Iteration completed successfully
Iteration wallclock: 0:28:25.726409, cputime: 1:28:37.501742


Sun Aug 28 03:49:13 2022
Iteration 370 (500 requested)
Beginning iteration 370
40 segments remain in iteration 370 (40 total)
5 of 32 (15.625000%) active bins are populated
per-bin minimum non-zero probability:       2.35804e-88
per-bin maximum probability:                0.99749
per-bin probability dynamic range (kT):     201.767
per-segment minimum non-zero probability:   2.94754e-89
per-segment maximum non-zero probability:   0.138992
per-segment probability dynamic range (kT): 201.876
norm = 1, error in norm = 2.22045e-16 (1*epsilon)
MAB binning in use
Bottleneck bin occupancy may not be accurately reported
Waiting for segments to complete...
Iteration completed successfully
Iteration wallclock: 0:28:15.926491, cputime: 1:28:41.941459


Sun Aug 28 04:17:29 2022
Iteration 371 (500 requested)
Beginning iteration 371
40 segments remain in iteration 371 (40 total)
5 of 32 (15.625000%) active bins are populated
per-bin minimum non-zero probability:       2.94754e-89
per-bin maximum probability:                0.999686
per-bin probability dynamic range (kT):     203.849
per-segment minimum non-zero probability:   3.68443e-90
per-segment maximum non-zero probability:   0.138992
per-segment probability dynamic range (kT): 203.955
norm = 1, error in norm = 0 (0*epsilon)
MAB binning in use
Bottleneck bin occupancy may not be accurately reported
Waiting for segments to complete...
Iteration completed successfully
Iteration wallclock: 0:28:11.848192, cputime: 1:28:36.062115


Sun Aug 28 04:45:41 2022
Iteration 372 (500 requested)
Beginning iteration 372
40 segments remain in iteration 372 (40 total)
5 of 32 (15.625000%) active bins are populated
per-bin minimum non-zero probability:       3.68443e-90
per-bin maximum probability:                0.999961
per-bin probability dynamic range (kT):     205.929
per-segment minimum non-zero probability:   4.60554e-91
per-segment maximum non-zero probability:   0.138992
per-segment probability dynamic range (kT): 206.035
norm = 1, error in norm = 2.22045e-16 (1*epsilon)
MAB binning in use
Bottleneck bin occupancy may not be accurately reported
Waiting for segments to complete...
Iteration completed successfully
Iteration wallclock: 0:29:29.320853, cputime: 1:28:28.861456


Sun Aug 28 05:15:10 2022
Iteration 373 (500 requested)
Beginning iteration 373
40 segments remain in iteration 373 (40 total)
5 of 32 (15.625000%) active bins are populated
per-bin minimum non-zero probability:       4.60554e-91
per-bin maximum probability:                0.883249
per-bin probability dynamic range (kT):     207.884
per-segment minimum non-zero probability:   5.75692e-92
per-segment maximum non-zero probability:   0.138992
per-segment probability dynamic range (kT): 208.114
norm = 1, error in norm = 2.22045e-16 (1*epsilon)
MAB binning in use
Bottleneck bin occupancy may not be accurately reported
Waiting for segments to complete...
Iteration completed successfully
Iteration wallclock: 0:28:15.832443, cputime: 1:28:38.687748


Sun Aug 28 05:43:26 2022
Iteration 374 (500 requested)
Beginning iteration 374
40 segments remain in iteration 374 (40 total)
5 of 32 (15.625000%) active bins are populated
per-bin minimum non-zero probability:       5.75692e-92
per-bin maximum probability:                0.985406
per-bin probability dynamic range (kT):     210.073
per-segment minimum non-zero probability:   7.19615e-93
per-segment maximum non-zero probability:   0.138992
per-segment probability dynamic range (kT): 210.194
norm = 1, error in norm = 0 (0*epsilon)
MAB binning in use
Bottleneck bin occupancy may not be accurately reported
Waiting for segments to complete...
Iteration completed successfully
Iteration wallclock: 0:28:20.824469, cputime: 1:28:38.316970


Sun Aug 28 06:11:47 2022
Iteration 375 (500 requested)
Beginning iteration 375
40 segments remain in iteration 375 (40 total)
5 of 32 (15.625000%) active bins are populated
per-bin minimum non-zero probability:       7.19615e-93
per-bin maximum probability:                0.998176
per-bin probability dynamic range (kT):     212.165
per-segment minimum non-zero probability:   8.99519e-94
per-segment maximum non-zero probability:   0.138992
per-segment probability dynamic range (kT): 212.273
norm = 1, error in norm = 2.22045e-16 (1*epsilon)
MAB binning in use
Bottleneck bin occupancy may not be accurately reported
Waiting for segments to complete...
Iteration completed successfully
Iteration wallclock: 0:28:13.672430, cputime: 1:28:37.857024


Sun Aug 28 06:40:01 2022
Iteration 376 (500 requested)
Beginning iteration 376
40 segments remain in iteration 376 (40 total)
5 of 32 (15.625000%) active bins are populated
per-bin minimum non-zero probability:       8.99519e-94
per-bin maximum probability:                0.884811
per-bin probability dynamic range (kT):     214.124
per-segment minimum non-zero probability:   1.1244e-94
per-segment maximum non-zero probability:   0.138992
per-segment probability dynamic range (kT): 214.352
norm = 1, error in norm = 2.22045e-16 (1*epsilon)
MAB binning in use
Bottleneck bin occupancy may not be accurately reported
Waiting for segments to complete...
Iteration completed successfully
Iteration wallclock: 0:28:19.870049, cputime: 1:28:35.175415


Sun Aug 28 07:08:20 2022
Iteration 377 (500 requested)
Beginning iteration 377
40 segments remain in iteration 377 (40 total)
5 of 32 (15.625000%) active bins are populated
per-bin minimum non-zero probability:       1.1244e-94
per-bin maximum probability:                0.883214
per-bin probability dynamic range (kT):     216.202
per-segment minimum non-zero probability:   1.4055e-95
per-segment maximum non-zero probability:   0.128534
per-segment probability dynamic range (kT): 216.354
norm = 1, error in norm = 0 (0*epsilon)
MAB binning in use
Bottleneck bin occupancy may not be accurately reported
Waiting for segments to complete...
Iteration completed successfully
Iteration wallclock: 0:28:17.699397, cputime: 1:28:38.264478


Sun Aug 28 07:36:38 2022
Iteration 378 (500 requested)
Beginning iteration 378
40 segments remain in iteration 378 (40 total)
5 of 32 (15.625000%) active bins are populated
per-bin minimum non-zero probability:       1.4055e-95
per-bin maximum probability:                0.895788
per-bin probability dynamic range (kT):     218.295
per-segment minimum non-zero probability:   1.75687e-96
per-segment maximum non-zero probability:   0.128534
per-segment probability dynamic range (kT): 218.433
norm = 1, error in norm = 0 (0*epsilon)
MAB binning in use
Bottleneck bin occupancy may not be accurately reported
Waiting for segments to complete...
Iteration completed successfully
Iteration wallclock: 0:28:20.490899, cputime: 1:28:34.383603


Sun Aug 28 08:04:59 2022
Iteration 379 (500 requested)
Beginning iteration 379
40 segments remain in iteration 379 (40 total)
5 of 32 (15.625000%) active bins are populated
per-bin minimum non-zero probability:       1.75687e-96
per-bin maximum probability:                0.839094
per-bin probability dynamic range (kT):     220.309
per-segment minimum non-zero probability:   2.19609e-97
per-segment maximum non-zero probability:   0.148104
per-segment probability dynamic range (kT): 220.654
norm = 1, error in norm = 4.44089e-16 (2*epsilon)
MAB binning in use
Bottleneck bin occupancy may not be accurately reported
Waiting for segments to complete...
Iteration completed successfully
Iteration wallclock: 0:28:11.438685, cputime: 1:28:41.272924


Sun Aug 28 08:33:10 2022
Iteration 380 (500 requested)
Beginning iteration 380
40 segments remain in iteration 380 (40 total)
5 of 32 (15.625000%) active bins are populated
per-bin minimum non-zero probability:       2.19609e-97
per-bin maximum probability:                0.974396
per-bin probability dynamic range (kT):     222.538
per-segment minimum non-zero probability:   2.74512e-98
per-segment maximum non-zero probability:   0.128534
per-segment probability dynamic range (kT): 222.592
norm = 1, error in norm = 4.44089e-16 (2*epsilon)
MAB binning in use
Bottleneck bin occupancy may not be accurately reported
Waiting for segments to complete...
Iteration completed successfully
Iteration wallclock: 0:28:15.552943, cputime: 1:28:42.071032


Sun Aug 28 09:01:26 2022
Iteration 381 (500 requested)
Beginning iteration 381
40 segments remain in iteration 381 (40 total)
5 of 32 (15.625000%) active bins are populated
per-bin minimum non-zero probability:       2.74512e-98
per-bin maximum probability:                0.981287
per-bin probability dynamic range (kT):     224.625
per-segment minimum non-zero probability:   3.43139e-99
per-segment maximum non-zero probability:   0.14413
per-segment probability dynamic range (kT): 224.786
norm = 1, error in norm = 0 (0*epsilon)
MAB binning in use
Bottleneck bin occupancy may not be accurately reported
Waiting for segments to complete...
Iteration completed successfully
Iteration wallclock: 0:28:14.767933, cputime: 1:28:36.435329


Sun Aug 28 09:29:40 2022
Iteration 382 (500 requested)
Beginning iteration 382
32 segments remain in iteration 382 (32 total)
5 of 32 (15.625000%) active bins are populated
per-bin minimum non-zero probability:       3.43139e-99
per-bin maximum probability:                0.778595
per-bin probability dynamic range (kT):     226.473
per-segment minimum non-zero probability:   4.28924e-100
per-segment maximum non-zero probability:   0.14413
per-segment probability dynamic range (kT): 226.865
norm = 1, error in norm = 2.22045e-16 (1*epsilon)
MAB binning in use
Bottleneck bin occupancy may not be accurately reported
Waiting for segments to complete...
Iteration completed successfully
Iteration wallclock: 0:22:40.860561, cputime: 1:10:56.192816


Sun Aug 28 09:52:21 2022
Iteration 383 (500 requested)
Beginning iteration 383
40 segments remain in iteration 383 (40 total)
5 of 32 (15.625000%) active bins are populated
per-bin minimum non-zero probability:       4.28924e-100
per-bin maximum probability:                0.891073
per-bin probability dynamic range (kT):     228.687
per-segment minimum non-zero probability:   5.36155e-101
per-segment maximum non-zero probability:   0.14413
per-segment probability dynamic range (kT): 228.945
norm = 1, error in norm = 2.22045e-16 (1*epsilon)
-- WARNING  [westpa.core.sim_manager] -- 
Minimum segment weight is < 1e-100 and might not be physically relevant. Please reconsider your progress coordinate or binning scheme.
MAB binning in use
Bottleneck bin occupancy may not be accurately reported
Waiting for segments to complete...
Iteration completed successfully
Iteration wallclock: 0:28:11.962029, cputime: 1:28:41.320095


Sun Aug 28 10:20:33 2022
Iteration 384 (500 requested)
Beginning iteration 384
32 segments remain in iteration 384 (32 total)
4 of 32 (12.500000%) active bins are populated
per-bin minimum non-zero probability:       5.36155e-101
per-bin maximum probability:                0.904689
per-bin probability dynamic range (kT):     230.782
per-segment minimum non-zero probability:   6.70194e-102
per-segment maximum non-zero probability:   0.14413
per-segment probability dynamic range (kT): 231.024
norm = 1, error in norm = 0 (0*epsilon)
-- WARNING  [westpa.core.sim_manager] -- 
Minimum segment weight is < 1e-100 and might not be physically relevant. Please reconsider your progress coordinate or binning scheme.
MAB binning in use
Bottleneck bin occupancy may not be accurately reported
Waiting for segments to complete...
Iteration completed successfully
Iteration wallclock: 0:22:42.785801, cputime: 1:10:55.915228


Sun Aug 28 10:43:16 2022
Iteration 385 (500 requested)
Beginning iteration 385
40 segments remain in iteration 385 (40 total)
5 of 32 (15.625000%) active bins are populated
per-bin minimum non-zero probability:       6.70194e-102
per-bin maximum probability:                0.876052
per-bin probability dynamic range (kT):     232.829
per-segment minimum non-zero probability:   8.37743e-103
per-segment maximum non-zero probability:   0.14413
per-segment probability dynamic range (kT): 233.104
norm = 1, error in norm = 4.44089e-16 (2*epsilon)
-- WARNING  [westpa.core.sim_manager] -- 
Minimum segment weight is < 1e-100 and might not be physically relevant. Please reconsider your progress coordinate or binning scheme.
MAB binning in use
Bottleneck bin occupancy may not be accurately reported
Waiting for segments to complete...
Iteration completed successfully
Iteration wallclock: 0:28:10.626380, cputime: 1:28:44.570645


Sun Aug 28 11:11:27 2022
Iteration 386 (500 requested)
Beginning iteration 386
40 segments remain in iteration 386 (40 total)
5 of 32 (15.625000%) active bins are populated
per-bin minimum non-zero probability:       8.37743e-103
per-bin maximum probability:                0.841866
per-bin probability dynamic range (kT):     234.869
per-segment minimum non-zero probability:   1.04718e-103
per-segment maximum non-zero probability:   0.14413
per-segment probability dynamic range (kT): 235.183
norm = 1, error in norm = 2.22045e-16 (1*epsilon)
-- WARNING  [westpa.core.sim_manager] -- 
Minimum segment weight is < 1e-100 and might not be physically relevant. Please reconsider your progress coordinate or binning scheme.
MAB binning in use
Bottleneck bin occupancy may not be accurately reported
Waiting for segments to complete...
Iteration completed successfully
Iteration wallclock: 0:32:03.721934, cputime: 1:28:29.591153


Sun Aug 28 11:43:30 2022
Iteration 387 (500 requested)
Beginning iteration 387
40 segments remain in iteration 387 (40 total)
5 of 32 (15.625000%) active bins are populated
per-bin minimum non-zero probability:       1.04718e-103
per-bin maximum probability:                0.845445
per-bin probability dynamic range (kT):     236.952
per-segment minimum non-zero probability:   1.30897e-104
per-segment maximum non-zero probability:   0.128534
per-segment probability dynamic range (kT): 237.148
norm = 1, error in norm = 2.22045e-16 (1*epsilon)
-- WARNING  [westpa.core.sim_manager] -- 
Minimum segment weight is < 1e-100 and might not be physically relevant. Please reconsider your progress coordinate or binning scheme.
MAB binning in use
Bottleneck bin occupancy may not be accurately reported
Waiting for segments to complete...
Iteration completed successfully
Iteration wallclock: 0:28:19.486055, cputime: 1:28:41.291483


Sun Aug 28 12:11:50 2022
Iteration 388 (500 requested)
Beginning iteration 388
40 segments remain in iteration 388 (40 total)
5 of 32 (15.625000%) active bins are populated
per-bin minimum non-zero probability:       1.30897e-104
per-bin maximum probability:                0.888753
per-bin probability dynamic range (kT):     239.082
per-segment minimum non-zero probability:   1.63622e-105
per-segment maximum non-zero probability:   0.137766
per-segment probability dynamic range (kT): 239.297
norm = 1, error in norm = 2.22045e-16 (1*epsilon)
-- WARNING  [westpa.core.sim_manager] -- 
Minimum segment weight is < 1e-100 and might not be physically relevant. Please reconsider your progress coordinate or binning scheme.
MAB binning in use
Bottleneck bin occupancy may not be accurately reported
Waiting for segments to complete...
Iteration completed successfully
Iteration wallclock: 0:35:22.134859, cputime: 1:28:26.953304


Sun Aug 28 12:47:12 2022
Iteration 389 (500 requested)
Beginning iteration 389
40 segments remain in iteration 389 (40 total)
5 of 32 (15.625000%) active bins are populated
per-bin minimum non-zero probability:       1.63622e-105
per-bin maximum probability:                0.882618
per-bin probability dynamic range (kT):     241.154
per-segment minimum non-zero probability:   2.04527e-106
per-segment maximum non-zero probability:   0.137766
per-segment probability dynamic range (kT): 241.376
norm = 1, error in norm = 4.44089e-16 (2*epsilon)
-- WARNING  [westpa.core.sim_manager] -- 
Minimum segment weight is < 1e-100 and might not be physically relevant. Please reconsider your progress coordinate or binning scheme.
MAB binning in use
Bottleneck bin occupancy may not be accurately reported
Waiting for segments to complete...
Iteration completed successfully
Iteration wallclock: 0:30:48.444452, cputime: 1:28:36.781443


Sun Aug 28 13:18:01 2022
Iteration 390 (500 requested)
Beginning iteration 390
40 segments remain in iteration 390 (40 total)
5 of 32 (15.625000%) active bins are populated
per-bin minimum non-zero probability:       2.04527e-106
per-bin maximum probability:                0.985327
per-bin probability dynamic range (kT):     243.344
per-segment minimum non-zero probability:   2.55659e-107
per-segment maximum non-zero probability:   0.137766
per-segment probability dynamic range (kT): 243.456
norm = 1, error in norm = 2.22045e-16 (1*epsilon)
-- WARNING  [westpa.core.sim_manager] -- 
Minimum segment weight is < 1e-100 and might not be physically relevant. Please reconsider your progress coordinate or binning scheme.
MAB binning in use
Bottleneck bin occupancy may not be accurately reported
Waiting for segments to complete...
Iteration completed successfully
Iteration wallclock: 0:28:11.440120, cputime: 1:28:48.092925


Sun Aug 28 13:46:12 2022
Iteration 391 (500 requested)
Beginning iteration 391
40 segments remain in iteration 391 (40 total)
5 of 32 (15.625000%) active bins are populated
per-bin minimum non-zero probability:       2.55659e-107
per-bin maximum probability:                0.890054
per-bin probability dynamic range (kT):     245.321
per-segment minimum non-zero probability:   3.19573e-108
per-segment maximum non-zero probability:   0.137766
per-segment probability dynamic range (kT): 245.535
norm = 1, error in norm = 2.22045e-16 (1*epsilon)
-- WARNING  [westpa.core.sim_manager] -- 
Minimum segment weight is < 1e-100 and might not be physically relevant. Please reconsider your progress coordinate or binning scheme.
MAB binning in use
Bottleneck bin occupancy may not be accurately reported
Waiting for segments to complete...
Iteration completed successfully
Iteration wallclock: 0:28:14.420345, cputime: 1:28:38.791714


Sun Aug 28 14:14:26 2022
Iteration 392 (500 requested)
Beginning iteration 392
40 segments remain in iteration 392 (40 total)
5 of 32 (15.625000%) active bins are populated
per-bin minimum non-zero probability:       3.19573e-108
per-bin maximum probability:                0.986257
per-bin probability dynamic range (kT):     247.504
per-segment minimum non-zero probability:   3.99467e-109
per-segment maximum non-zero probability:   0.137766
per-segment probability dynamic range (kT): 247.615
norm = 1, error in norm = 2.22045e-16 (1*epsilon)
-- WARNING  [westpa.core.sim_manager] -- 
Minimum segment weight is < 1e-100 and might not be physically relevant. Please reconsider your progress coordinate or binning scheme.
MAB binning in use
Bottleneck bin occupancy may not be accurately reported
Waiting for segments to complete...
Iteration completed successfully
Iteration wallclock: 0:28:23.251101, cputime: 1:28:32.748144


Sun Aug 28 14:42:50 2022
Iteration 393 (500 requested)
Beginning iteration 393
40 segments remain in iteration 393 (40 total)
5 of 32 (15.625000%) active bins are populated
per-bin minimum non-zero probability:       3.99467e-109
per-bin maximum probability:                0.998282
per-bin probability dynamic range (kT):     249.595
per-segment minimum non-zero probability:   4.99334e-110
per-segment maximum non-zero probability:   0.137766
per-segment probability dynamic range (kT): 249.694
norm = 1, error in norm = 2.22045e-16 (1*epsilon)
-- WARNING  [westpa.core.sim_manager] -- 
Minimum segment weight is < 1e-100 and might not be physically relevant. Please reconsider your progress coordinate or binning scheme.
MAB binning in use
Bottleneck bin occupancy may not be accurately reported
Waiting for segments to complete...
Iteration completed successfully
Iteration wallclock: 0:30:43.711159, cputime: 1:28:33.561245


Sun Aug 28 15:13:33 2022
Iteration 394 (500 requested)
Beginning iteration 394
40 segments remain in iteration 394 (40 total)
5 of 32 (15.625000%) active bins are populated
per-bin minimum non-zero probability:       4.99334e-110
per-bin maximum probability:                0.999785
per-bin probability dynamic range (kT):     251.676
per-segment minimum non-zero probability:   6.24167e-111
per-segment maximum non-zero probability:   0.137766
per-segment probability dynamic range (kT): 251.773
norm = 1, error in norm = 2.22045e-16 (1*epsilon)
-- WARNING  [westpa.core.sim_manager] -- 
Minimum segment weight is < 1e-100 and might not be physically relevant. Please reconsider your progress coordinate or binning scheme.
MAB binning in use
Bottleneck bin occupancy may not be accurately reported
Waiting for segments to complete...
Iteration completed successfully
Iteration wallclock: 0:28:13.342609, cputime: 1:28:42.536894


Sun Aug 28 15:41:47 2022
Iteration 395 (500 requested)
Beginning iteration 395
40 segments remain in iteration 395 (40 total)
5 of 32 (15.625000%) active bins are populated
per-bin minimum non-zero probability:       6.24167e-111
per-bin maximum probability:                0.999973
per-bin probability dynamic range (kT):     253.756
per-segment minimum non-zero probability:   7.80209e-112
per-segment maximum non-zero probability:   0.137766
per-segment probability dynamic range (kT): 253.853
norm = 1, error in norm = 4.44089e-16 (2*epsilon)
-- WARNING  [westpa.core.sim_manager] -- 
Minimum segment weight is < 1e-100 and might not be physically relevant. Please reconsider your progress coordinate or binning scheme.
MAB binning in use
Bottleneck bin occupancy may not be accurately reported
Waiting for segments to complete...
Iteration completed successfully
Iteration wallclock: 0:28:07.931362, cputime: 1:28:43.307858


Sun Aug 28 16:09:55 2022
Iteration 396 (500 requested)
Beginning iteration 396
40 segments remain in iteration 396 (40 total)
5 of 32 (15.625000%) active bins are populated
per-bin minimum non-zero probability:       7.80209e-112
per-bin maximum probability:                0.862231
per-bin probability dynamic range (kT):     255.687
per-segment minimum non-zero probability:   9.75261e-113
per-segment maximum non-zero probability:   0.128534
per-segment probability dynamic range (kT): 255.863
norm = 1, error in norm = 4.44089e-16 (2*epsilon)
-- WARNING  [westpa.core.sim_manager] -- 
Minimum segment weight is < 1e-100 and might not be physically relevant. Please reconsider your progress coordinate or binning scheme.
MAB binning in use
Bottleneck bin occupancy may not be accurately reported
Waiting for segments to complete...
Iteration completed successfully
Iteration wallclock: 0:28:10.573840, cputime: 1:28:41.828946


Sun Aug 28 16:38:05 2022
Iteration 397 (500 requested)
Beginning iteration 397
40 segments remain in iteration 397 (40 total)
5 of 32 (15.625000%) active bins are populated
per-bin minimum non-zero probability:       9.75261e-113
per-bin maximum probability:                0.982756
per-bin probability dynamic range (kT):     257.897
per-segment minimum non-zero probability:   1.21908e-113
per-segment maximum non-zero probability:   0.128534
per-segment probability dynamic range (kT): 257.942
norm = 1, error in norm = 2.22045e-16 (1*epsilon)
-- WARNING  [westpa.core.sim_manager] -- 
Minimum segment weight is < 1e-100 and might not be physically relevant. Please reconsider your progress coordinate or binning scheme.
MAB binning in use
Bottleneck bin occupancy may not be accurately reported
Waiting for segments to complete...
Iteration completed successfully
Iteration wallclock: 0:28:19.020004, cputime: 1:28:34.676251


Sun Aug 28 17:06:24 2022
Iteration 398 (500 requested)
Beginning iteration 398
40 segments remain in iteration 398 (40 total)
5 of 32 (15.625000%) active bins are populated
per-bin minimum non-zero probability:       1.21908e-113
per-bin maximum probability:                0.997844
per-bin probability dynamic range (kT):     259.992
per-segment minimum non-zero probability:   1.52385e-114
per-segment maximum non-zero probability:   0.13426
per-segment probability dynamic range (kT): 260.065
norm = 1, error in norm = 2.22045e-16 (1*epsilon)
-- WARNING  [westpa.core.sim_manager] -- 
Minimum segment weight is < 1e-100 and might not be physically relevant. Please reconsider your progress coordinate or binning scheme.
MAB binning in use
Bottleneck bin occupancy may not be accurately reported
Waiting for segments to complete...
Iteration completed successfully
Iteration wallclock: 0:28:09.541944, cputime: 1:28:45.000191


Sun Aug 28 17:34:34 2022
Iteration 399 (500 requested)
Beginning iteration 399
40 segments remain in iteration 399 (40 total)
5 of 32 (15.625000%) active bins are populated
per-bin minimum non-zero probability:       1.52385e-114
per-bin maximum probability:                0.877101
per-bin probability dynamic range (kT):     261.942
per-segment minimum non-zero probability:   1.90481e-115
per-segment maximum non-zero probability:   0.13426
per-segment probability dynamic range (kT): 262.145
norm = 1, error in norm = 2.22045e-16 (1*epsilon)
-- WARNING  [westpa.core.sim_manager] -- 
Minimum segment weight is < 1e-100 and might not be physically relevant. Please reconsider your progress coordinate or binning scheme.
MAB binning in use
Bottleneck bin occupancy may not be accurately reported
Waiting for segments to complete...
Iteration completed successfully
Iteration wallclock: 0:28:15.103729, cputime: 1:28:38.704062


Sun Aug 28 18:02:49 2022
Iteration 400 (500 requested)
Beginning iteration 400
40 segments remain in iteration 400 (40 total)
5 of 32 (15.625000%) active bins are populated
per-bin minimum non-zero probability:       1.90481e-115
per-bin maximum probability:                0.984638
per-bin probability dynamic range (kT):     264.137
per-segment minimum non-zero probability:   2.38101e-116
per-segment maximum non-zero probability:   0.13426
per-segment probability dynamic range (kT): 264.224
norm = 1, error in norm = 2.22045e-16 (1*epsilon)
-- WARNING  [westpa.core.sim_manager] -- 
Minimum segment weight is < 1e-100 and might not be physically relevant. Please reconsider your progress coordinate or binning scheme.
MAB binning in use
Bottleneck bin occupancy may not be accurately reported
Waiting for segments to complete...
Iteration completed successfully
Iteration wallclock: 0:30:57.889407, cputime: 1:28:37.968145


Sun Aug 28 18:33:47 2022
Iteration 401 (500 requested)
Beginning iteration 401
40 segments remain in iteration 401 (40 total)
5 of 32 (15.625000%) active bins are populated
per-bin minimum non-zero probability:       2.38101e-116
per-bin maximum probability:                0.752755
per-bin probability dynamic range (kT):     265.948
per-segment minimum non-zero probability:   2.97626e-117
per-segment maximum non-zero probability:   0.13426
per-segment probability dynamic range (kT): 266.304
norm = 1, error in norm = 2.22045e-16 (1*epsilon)
-- WARNING  [westpa.core.sim_manager] -- 
Minimum segment weight is < 1e-100 and might not be physically relevant. Please reconsider your progress coordinate or binning scheme.
MAB binning in use
Bottleneck bin occupancy may not be accurately reported
Waiting for segments to complete...
Iteration completed successfully
Iteration wallclock: 0:28:11.988614, cputime: 1:28:44.473025


Sun Aug 28 19:01:59 2022
Iteration 402 (500 requested)
Beginning iteration 402
40 segments remain in iteration 402 (40 total)
5 of 32 (15.625000%) active bins are populated
per-bin minimum non-zero probability:       2.97626e-117
per-bin maximum probability:                0.859388
per-bin probability dynamic range (kT):     268.16
per-segment minimum non-zero probability:   3.72032e-118
per-segment maximum non-zero probability:   0.13426
per-segment probability dynamic range (kT): 268.383
norm = 1, error in norm = 4.44089e-16 (2*epsilon)
-- WARNING  [westpa.core.sim_manager] -- 
Minimum segment weight is < 1e-100 and might not be physically relevant. Please reconsider your progress coordinate or binning scheme.
MAB binning in use
Bottleneck bin occupancy may not be accurately reported
Waiting for segments to complete...
Iteration completed successfully
Iteration wallclock: 0:28:21.709254, cputime: 1:28:42.052050


Sun Aug 28 19:30:20 2022
Iteration 403 (500 requested)
Beginning iteration 403
40 segments remain in iteration 403 (40 total)
5 of 32 (15.625000%) active bins are populated
per-bin minimum non-zero probability:       3.72032e-118
per-bin maximum probability:                0.982423
per-bin probability dynamic range (kT):     270.373
per-segment minimum non-zero probability:   4.65041e-119
per-segment maximum non-zero probability:   0.13426
per-segment probability dynamic range (kT): 270.463
norm = 1, error in norm = 2.22045e-16 (1*epsilon)
-- WARNING  [westpa.core.sim_manager] -- 
Minimum segment weight is < 1e-100 and might not be physically relevant. Please reconsider your progress coordinate or binning scheme.
MAB binning in use
Bottleneck bin occupancy may not be accurately reported
Waiting for segments to complete...
Iteration completed successfully
Iteration wallclock: 0:29:01.539127, cputime: 1:28:35.623725


Sun Aug 28 19:59:22 2022
Iteration 404 (500 requested)
Beginning iteration 404
40 segments remain in iteration 404 (40 total)
5 of 32 (15.625000%) active bins are populated
per-bin minimum non-zero probability:       4.65041e-119
per-bin maximum probability:                0.997803
per-bin probability dynamic range (kT):     272.468
per-segment minimum non-zero probability:   5.81301e-120
per-segment maximum non-zero probability:   0.13426
per-segment probability dynamic range (kT): 272.542
norm = 1, error in norm = 0 (0*epsilon)
-- WARNING  [westpa.core.sim_manager] -- 
Minimum segment weight is < 1e-100 and might not be physically relevant. Please reconsider your progress coordinate or binning scheme.
MAB binning in use
Bottleneck bin occupancy may not be accurately reported
Waiting for segments to complete...
Iteration completed successfully
Iteration wallclock: 0:34:00.381250, cputime: 1:28:37.767439


Sun Aug 28 20:33:22 2022
Iteration 405 (500 requested)
Beginning iteration 405
40 segments remain in iteration 405 (40 total)
5 of 32 (15.625000%) active bins are populated
per-bin minimum non-zero probability:       5.81301e-120
per-bin maximum probability:                0.999725
per-bin probability dynamic range (kT):     274.55
per-segment minimum non-zero probability:   7.26626e-121
per-segment maximum non-zero probability:   0.13426
per-segment probability dynamic range (kT): 274.622
norm = 1, error in norm = 2.22045e-16 (1*epsilon)
-- WARNING  [westpa.core.sim_manager] -- 
Minimum segment weight is < 1e-100 and might not be physically relevant. Please reconsider your progress coordinate or binning scheme.
MAB binning in use
Bottleneck bin occupancy may not be accurately reported
Waiting for segments to complete...
Iteration completed successfully
Iteration wallclock: 0:32:03.084105, cputime: 1:28:32.913141


Sun Aug 28 21:05:25 2022
Iteration 406 (500 requested)
Beginning iteration 406
40 segments remain in iteration 406 (40 total)
5 of 32 (15.625000%) active bins are populated
per-bin minimum non-zero probability:       7.26626e-121
per-bin maximum probability:                0.999966
per-bin probability dynamic range (kT):     276.63
per-segment minimum non-zero probability:   9.08282e-122
per-segment maximum non-zero probability:   0.13426
per-segment probability dynamic range (kT): 276.701
norm = 1, error in norm = 2.22045e-16 (1*epsilon)
-- WARNING  [westpa.core.sim_manager] -- 
Minimum segment weight is < 1e-100 and might not be physically relevant. Please reconsider your progress coordinate or binning scheme.
MAB binning in use
Bottleneck bin occupancy may not be accurately reported
Waiting for segments to complete...
Iteration completed successfully
Iteration wallclock: 0:28:19.064905, cputime: 1:28:32.175069


Sun Aug 28 21:33:45 2022
Iteration 407 (500 requested)
Beginning iteration 407
40 segments remain in iteration 407 (40 total)
5 of 32 (15.625000%) active bins are populated
per-bin minimum non-zero probability:       9.08282e-122
per-bin maximum probability:                1
per-bin probability dynamic range (kT):     278.709
per-segment minimum non-zero probability:   1.13535e-122
per-segment maximum non-zero probability:   0.13426
per-segment probability dynamic range (kT): 278.78
norm = 1, error in norm = 4.44089e-16 (2*epsilon)
-- WARNING  [westpa.core.sim_manager] -- 
Minimum segment weight is < 1e-100 and might not be physically relevant. Please reconsider your progress coordinate or binning scheme.
MAB binning in use
Bottleneck bin occupancy may not be accurately reported
Waiting for segments to complete...
Iteration completed successfully
Iteration wallclock: 0:28:08.031045, cputime: 1:28:41.450511


Sun Aug 28 22:01:53 2022
Iteration 408 (500 requested)
Beginning iteration 408
40 segments remain in iteration 408 (40 total)
5 of 32 (15.625000%) active bins are populated
per-bin minimum non-zero probability:       1.13535e-122
per-bin maximum probability:                0.871466
per-bin probability dynamic range (kT):     280.651
per-segment minimum non-zero probability:   1.41919e-123
per-segment maximum non-zero probability:   0.13426
per-segment probability dynamic range (kT): 280.86
norm = 1, error in norm = 2.22045e-16 (1*epsilon)
-- WARNING  [westpa.core.sim_manager] -- 
Minimum segment weight is < 1e-100 and might not be physically relevant. Please reconsider your progress coordinate or binning scheme.
MAB binning in use
Bottleneck bin occupancy may not be accurately reported
Waiting for segments to complete...
Iteration completed successfully
Iteration wallclock: 0:28:17.034264, cputime: 1:28:36.846126


Sun Aug 28 22:30:10 2022
Iteration 409 (500 requested)
Beginning iteration 409
40 segments remain in iteration 409 (40 total)
5 of 32 (15.625000%) active bins are populated
per-bin minimum non-zero probability:       1.41919e-123
per-bin maximum probability:                0.874929
per-bin probability dynamic range (kT):     282.734
per-segment minimum non-zero probability:   1.77399e-124
per-segment maximum non-zero probability:   0.13426
per-segment probability dynamic range (kT): 282.939
norm = 1, error in norm = 4.44089e-16 (2*epsilon)
-- WARNING  [westpa.core.sim_manager] -- 
Minimum segment weight is < 1e-100 and might not be physically relevant. Please reconsider your progress coordinate or binning scheme.
MAB binning in use
Bottleneck bin occupancy may not be accurately reported
Waiting for segments to complete...
Iteration completed successfully
Iteration wallclock: 0:28:18.522468, cputime: 1:28:39.210835

Iteration 410 would require more than the allotted time. Ending run.
