Updating system with the options from the configuration file
Maximum wallclock time: 2 days, 0:00:00

Wed Aug 17 18:45:01 2022
Iteration 50 (500 requested)
0 segments remain in iteration 50 (40 total)
5 of 32 (15.625000%) active bins are populated
per-bin minimum non-zero probability:       1.3088e-12
per-bin maximum probability:                0.895859
per-bin probability dynamic range (kT):     27.2519
per-segment minimum non-zero probability:   1.636e-13
per-segment maximum non-zero probability:   0.137127
per-segment probability dynamic range (kT): 27.4545
norm = 1, error in norm = 2.22045e-16 (1*epsilon)
MAB binning in use
Bottleneck bin occupancy may not be accurately reported
Waiting for segments to complete...
Iteration completed successfully
Iteration wallclock: 1:10:36.264444, cputime: 1:44:36.118094


Wed Aug 17 18:46:41 2022
Iteration 51 (500 requested)
Beginning iteration 51
40 segments remain in iteration 51 (40 total)
5 of 32 (15.625000%) active bins are populated
per-bin minimum non-zero probability:       1.636e-13
per-bin maximum probability:                0.908268
per-bin probability dynamic range (kT):     29.3451
per-segment minimum non-zero probability:   2.045e-14
per-segment maximum non-zero probability:   0.137127
per-segment probability dynamic range (kT): 29.5339
norm = 1, error in norm = 0 (0*epsilon)
MAB binning in use
Bottleneck bin occupancy may not be accurately reported
Waiting for segments to complete...
Iteration completed successfully
Iteration wallclock: 0:29:24.631158, cputime: 1:38:25.266685


Wed Aug 17 19:16:06 2022
Iteration 52 (500 requested)
Beginning iteration 52
40 segments remain in iteration 52 (40 total)
5 of 32 (15.625000%) active bins are populated
per-bin minimum non-zero probability:       6.28664e-07
per-bin maximum probability:                0.839395
per-bin probability dynamic range (kT):     14.1046
per-segment minimum non-zero probability:   7.8583e-08
per-segment maximum non-zero probability:   0.149138
per-segment probability dynamic range (kT): 14.4562
norm = 1, error in norm = 0 (0*epsilon)
MAB binning in use
Bottleneck bin occupancy may not be accurately reported
Waiting for segments to complete...
Iteration completed successfully
Iteration wallclock: 0:29:16.745184, cputime: 1:38:16.795771


Wed Aug 17 19:45:22 2022
Iteration 53 (500 requested)
Beginning iteration 53
40 segments remain in iteration 53 (40 total)
5 of 32 (15.625000%) active bins are populated
per-bin minimum non-zero probability:       7.8583e-08
per-bin maximum probability:                0.891898
per-bin probability dynamic range (kT):     16.2447
per-segment minimum non-zero probability:   9.82288e-09
per-segment maximum non-zero probability:   0.149138
per-segment probability dynamic range (kT): 16.5357
norm = 1, error in norm = 0 (0*epsilon)
MAB binning in use
Bottleneck bin occupancy may not be accurately reported
Waiting for segments to complete...
Iteration completed successfully
Iteration wallclock: 0:29:33.170082, cputime: 1:38:22.999001


Wed Aug 17 20:14:56 2022
Iteration 54 (500 requested)
Beginning iteration 54
40 segments remain in iteration 54 (40 total)
5 of 32 (15.625000%) active bins are populated
per-bin minimum non-zero probability:       3.45253e-06
per-bin maximum probability:                0.864735
per-bin probability dynamic range (kT):     12.4311
per-segment minimum non-zero probability:   4.31567e-07
per-segment maximum non-zero probability:   0.137127
per-segment probability dynamic range (kT): 12.669
norm = 1, error in norm = 2.22045e-16 (1*epsilon)
MAB binning in use
Bottleneck bin occupancy may not be accurately reported
Waiting for segments to complete...
Iteration completed successfully
Iteration wallclock: 0:29:21.223431, cputime: 1:38:21.493687


Wed Aug 17 20:44:17 2022
Iteration 55 (500 requested)
Beginning iteration 55
40 segments remain in iteration 55 (40 total)
5 of 32 (15.625000%) active bins are populated
per-bin minimum non-zero probability:       0.0016667
per-bin maximum probability:                0.771228
per-bin probability dynamic range (kT):     6.13714
per-segment minimum non-zero probability:   0.000208337
per-segment maximum non-zero probability:   0.137127
per-segment probability dynamic range (kT): 6.4895
norm = 1, error in norm = 0 (0*epsilon)
MAB binning in use
Bottleneck bin occupancy may not be accurately reported
Waiting for segments to complete...
Iteration completed successfully
Iteration wallclock: 0:29:23.899292, cputime: 1:38:24.206830


Wed Aug 17 21:13:41 2022
Iteration 56 (500 requested)
Beginning iteration 56
32 segments remain in iteration 56 (32 total)
4 of 32 (12.500000%) active bins are populated
per-bin minimum non-zero probability:       0.0128387
per-bin maximum probability:                0.753361
per-bin probability dynamic range (kT):     4.07208
per-segment minimum non-zero probability:   0.00160483
per-segment maximum non-zero probability:   0.130613
per-segment probability dynamic range (kT): 4.39922
norm = 1, error in norm = 0 (0*epsilon)
MAB binning in use
Bottleneck bin occupancy may not be accurately reported
Waiting for segments to complete...
Iteration completed successfully
Iteration wallclock: 0:23:30.495136, cputime: 1:18:41.631661


Wed Aug 17 21:37:11 2022
Iteration 57 (500 requested)
Beginning iteration 57
40 segments remain in iteration 57 (40 total)
5 of 32 (15.625000%) active bins are populated
per-bin minimum non-zero probability:       0.013884
per-bin maximum probability:                0.757903
per-bin probability dynamic range (kT):     3.99982
per-segment minimum non-zero probability:   0.0017355
per-segment maximum non-zero probability:   0.114587
per-segment probability dynamic range (kT): 4.19004
norm = 1, error in norm = 0 (0*epsilon)
MAB binning in use
Bottleneck bin occupancy may not be accurately reported
Waiting for segments to complete...
Iteration completed successfully
Iteration wallclock: 0:30:27.808605, cputime: 1:38:25.771753


Wed Aug 17 22:07:39 2022
Iteration 58 (500 requested)
Beginning iteration 58
40 segments remain in iteration 58 (40 total)
5 of 32 (15.625000%) active bins are populated
per-bin minimum non-zero probability:       0.0017355
per-bin maximum probability:                0.804517
per-bin probability dynamic range (kT):     6.13895
per-segment minimum non-zero probability:   0.000216937
per-segment maximum non-zero probability:   0.169666
per-segment probability dynamic range (kT): 6.66198
norm = 1, error in norm = 0 (0*epsilon)
MAB binning in use
Bottleneck bin occupancy may not be accurately reported
Waiting for segments to complete...
Iteration completed successfully
Iteration wallclock: 0:29:27.650783, cputime: 1:38:20.166744


Wed Aug 17 22:37:07 2022
Iteration 59 (500 requested)
Beginning iteration 59
40 segments remain in iteration 59 (40 total)
5 of 32 (15.625000%) active bins are populated
per-bin minimum non-zero probability:       0.000216937
per-bin maximum probability:                0.804641
per-bin probability dynamic range (kT):     8.21854
per-segment minimum non-zero probability:   2.71171e-05
per-segment maximum non-zero probability:   0.169666
per-segment probability dynamic range (kT): 8.74142
norm = 1, error in norm = 2.22045e-16 (1*epsilon)
MAB binning in use
Bottleneck bin occupancy may not be accurately reported
Waiting for segments to complete...
Iteration completed successfully
Iteration wallclock: 0:29:32.047090, cputime: 1:38:22.169618


Wed Aug 17 23:06:39 2022
Iteration 60 (500 requested)
Beginning iteration 60
40 segments remain in iteration 60 (40 total)
5 of 32 (15.625000%) active bins are populated
per-bin minimum non-zero probability:       2.99631e-05
per-bin maximum probability:                0.893535
per-bin probability dynamic range (kT):     10.303
per-segment minimum non-zero probability:   3.74539e-06
per-segment maximum non-zero probability:   0.169666
per-segment probability dynamic range (kT): 10.7211
norm = 1, error in norm = 0 (0*epsilon)
MAB binning in use
Bottleneck bin occupancy may not be accurately reported
Waiting for segments to complete...
Iteration completed successfully
Iteration wallclock: 0:29:18.023222, cputime: 1:38:22.948882


Wed Aug 17 23:35:57 2022
Iteration 61 (500 requested)
Beginning iteration 61
40 segments remain in iteration 61 (40 total)
5 of 32 (15.625000%) active bins are populated
per-bin minimum non-zero probability:       3.74539e-06
per-bin maximum probability:                0.71269
per-bin probability dynamic range (kT):     12.1563
per-segment minimum non-zero probability:   4.68174e-07
per-segment maximum non-zero probability:   0.187097
per-segment probability dynamic range (kT): 12.8983
norm = 1, error in norm = 0 (0*epsilon)
MAB binning in use
Bottleneck bin occupancy may not be accurately reported
Waiting for segments to complete...
Iteration completed successfully
Iteration wallclock: 0:29:26.189638, cputime: 1:38:27.802525


Thu Aug 18 00:05:23 2022
Iteration 62 (500 requested)
Beginning iteration 62
40 segments remain in iteration 62 (40 total)
5 of 32 (15.625000%) active bins are populated
per-bin minimum non-zero probability:       4.68174e-07
per-bin maximum probability:                0.882109
per-bin probability dynamic range (kT):     14.449
per-segment minimum non-zero probability:   5.85217e-08
per-segment maximum non-zero probability:   0.187097
per-segment probability dynamic range (kT): 14.9777
norm = 1, error in norm = 0 (0*epsilon)
MAB binning in use
Bottleneck bin occupancy may not be accurately reported
Waiting for segments to complete...
Iteration completed successfully
Iteration wallclock: 0:29:24.238871, cputime: 1:38:31.367342


Thu Aug 18 00:34:47 2022
Iteration 63 (500 requested)
Beginning iteration 63
40 segments remain in iteration 63 (40 total)
5 of 32 (15.625000%) active bins are populated
per-bin minimum non-zero probability:       5.85217e-08
per-bin maximum probability:                0.712865
per-bin probability dynamic range (kT):     16.3154
per-segment minimum non-zero probability:   7.31521e-09
per-segment maximum non-zero probability:   0.114587
per-segment probability dynamic range (kT): 16.5669
norm = 1, error in norm = 2.22045e-16 (1*epsilon)
MAB binning in use
Bottleneck bin occupancy may not be accurately reported
Waiting for segments to complete...
Iteration completed successfully
Iteration wallclock: 0:29:24.817600, cputime: 1:38:21.921794


Thu Aug 18 01:04:12 2022
Iteration 64 (500 requested)
Beginning iteration 64
40 segments remain in iteration 64 (40 total)
5 of 32 (15.625000%) active bins are populated
per-bin minimum non-zero probability:       7.31521e-09
per-bin maximum probability:                0.910565
per-bin probability dynamic range (kT):     18.6396
per-segment minimum non-zero probability:   9.14402e-10
per-segment maximum non-zero probability:   0.178382
per-segment probability dynamic range (kT): 19.0889
norm = 1, error in norm = 2.22045e-16 (1*epsilon)
MAB binning in use
Bottleneck bin occupancy may not be accurately reported
Waiting for segments to complete...
Iteration completed successfully
Iteration wallclock: 0:29:24.565996, cputime: 1:38:20.736884


Thu Aug 18 01:33:37 2022
Iteration 65 (500 requested)
Beginning iteration 65
40 segments remain in iteration 65 (40 total)
5 of 32 (15.625000%) active bins are populated
per-bin minimum non-zero probability:       9.14402e-10
per-bin maximum probability:                0.988821
per-bin probability dynamic range (kT):     20.8015
per-segment minimum non-zero probability:   1.143e-10
per-segment maximum non-zero probability:   0.178382
per-segment probability dynamic range (kT): 21.1684
norm = 1, error in norm = 0 (0*epsilon)
MAB binning in use
Bottleneck bin occupancy may not be accurately reported
Waiting for segments to complete...
Iteration completed successfully
Iteration wallclock: 0:29:21.367451, cputime: 1:38:17.260139


Thu Aug 18 02:02:58 2022
Iteration 66 (500 requested)
Beginning iteration 66
40 segments remain in iteration 66 (40 total)
5 of 32 (15.625000%) active bins are populated
per-bin minimum non-zero probability:       1.143e-10
per-bin maximum probability:                0.998603
per-bin probability dynamic range (kT):     22.8908
per-segment minimum non-zero probability:   1.42875e-11
per-segment maximum non-zero probability:   0.178382
per-segment probability dynamic range (kT): 23.2478
norm = 1, error in norm = 0 (0*epsilon)
MAB binning in use
Bottleneck bin occupancy may not be accurately reported
Waiting for segments to complete...
Iteration completed successfully
Iteration wallclock: 0:29:18.345721, cputime: 1:38:17.039857


Thu Aug 18 02:32:16 2022
Iteration 67 (500 requested)
Beginning iteration 67
40 segments remain in iteration 67 (40 total)
5 of 32 (15.625000%) active bins are populated
per-bin minimum non-zero probability:       1.42875e-11
per-bin maximum probability:                0.999825
per-bin probability dynamic range (kT):     24.9715
per-segment minimum non-zero probability:   1.78594e-12
per-segment maximum non-zero probability:   0.178382
per-segment probability dynamic range (kT): 25.3272
norm = 1, error in norm = 2.22045e-16 (1*epsilon)
MAB binning in use
Bottleneck bin occupancy may not be accurately reported
Waiting for segments to complete...
Iteration completed successfully
Iteration wallclock: 0:29:37.320416, cputime: 1:38:23.131533


Thu Aug 18 03:01:54 2022
Iteration 68 (500 requested)
Beginning iteration 68
40 segments remain in iteration 68 (40 total)
5 of 32 (15.625000%) active bins are populated
per-bin minimum non-zero probability:       1.78594e-12
per-bin maximum probability:                0.999978
per-bin probability dynamic range (kT):     27.0511
per-segment minimum non-zero probability:   2.23243e-13
per-segment maximum non-zero probability:   0.178382
per-segment probability dynamic range (kT): 27.4067
norm = 1, error in norm = 0 (0*epsilon)
MAB binning in use
Bottleneck bin occupancy may not be accurately reported
Waiting for segments to complete...
Iteration completed successfully
Iteration wallclock: 0:29:19.816152, cputime: 1:38:14.951651


Thu Aug 18 03:31:13 2022
Iteration 69 (500 requested)
Beginning iteration 69
40 segments remain in iteration 69 (40 total)
5 of 32 (15.625000%) active bins are populated
per-bin minimum non-zero probability:       2.23243e-13
per-bin maximum probability:                0.719454
per-bin probability dynamic range (kT):     28.8013
per-segment minimum non-zero probability:   2.79053e-14
per-segment maximum non-zero probability:   0.114587
per-segment probability dynamic range (kT): 29.0435
norm = 1, error in norm = 0 (0*epsilon)
MAB binning in use
Bottleneck bin occupancy may not be accurately reported
Waiting for segments to complete...
Iteration completed successfully
Iteration wallclock: 0:29:31.061718, cputime: 1:38:12.289981


Thu Aug 18 04:00:45 2022
Iteration 70 (500 requested)
Beginning iteration 70
40 segments remain in iteration 70 (40 total)
5 of 32 (15.625000%) active bins are populated
per-bin minimum non-zero probability:       2.79053e-14
per-bin maximum probability:                0.873741
per-bin probability dynamic range (kT):     31.075
per-segment minimum non-zero probability:   3.48817e-15
per-segment maximum non-zero probability:   0.132142
per-segment probability dynamic range (kT): 31.2655
norm = 1, error in norm = 0 (0*epsilon)
MAB binning in use
Bottleneck bin occupancy may not be accurately reported
Waiting for segments to complete...
Iteration completed successfully
Iteration wallclock: 0:29:18.700814, cputime: 1:38:26.069963


Thu Aug 18 04:30:03 2022
Iteration 71 (500 requested)
Beginning iteration 71
40 segments remain in iteration 71 (40 total)
5 of 32 (15.625000%) active bins are populated
per-bin minimum non-zero probability:       3.48817e-15
per-bin maximum probability:                0.888573
per-bin probability dynamic range (kT):     33.1713
per-segment minimum non-zero probability:   4.36021e-16
per-segment maximum non-zero probability:   0.132142
per-segment probability dynamic range (kT): 33.345
norm = 1, error in norm = 0 (0*epsilon)
MAB binning in use
Bottleneck bin occupancy may not be accurately reported
Waiting for segments to complete...
Iteration completed successfully
Iteration wallclock: 0:29:23.947928, cputime: 1:38:16.509388


Thu Aug 18 04:59:27 2022
Iteration 72 (500 requested)
Beginning iteration 72
40 segments remain in iteration 72 (40 total)
5 of 32 (15.625000%) active bins are populated
per-bin minimum non-zero probability:       4.36021e-16
per-bin maximum probability:                0.986072
per-bin probability dynamic range (kT):     35.3548
per-segment minimum non-zero probability:   5.45026e-17
per-segment maximum non-zero probability:   0.199787
per-segment probability dynamic range (kT): 35.8378
norm = 1, error in norm = 0 (0*epsilon)
MAB binning in use
Bottleneck bin occupancy may not be accurately reported
Waiting for segments to complete...
Iteration completed successfully
Iteration wallclock: 0:29:23.561035, cputime: 1:38:22.752272


Thu Aug 18 05:28:51 2022
Iteration 73 (500 requested)
Beginning iteration 73
40 segments remain in iteration 73 (40 total)
5 of 32 (15.625000%) active bins are populated
per-bin minimum non-zero probability:       5.45026e-17
per-bin maximum probability:                0.998259
per-bin probability dynamic range (kT):     37.4465
per-segment minimum non-zero probability:   6.81282e-18
per-segment maximum non-zero probability:   0.199787
per-segment probability dynamic range (kT): 37.9172
norm = 1, error in norm = 2.22045e-16 (1*epsilon)
MAB binning in use
Bottleneck bin occupancy may not be accurately reported
Waiting for segments to complete...
Iteration completed successfully
Iteration wallclock: 0:29:38.429358, cputime: 1:38:23.831074


Thu Aug 18 05:58:29 2022
Iteration 74 (500 requested)
Beginning iteration 74
40 segments remain in iteration 74 (40 total)
5 of 32 (15.625000%) active bins are populated
per-bin minimum non-zero probability:       6.81282e-18
per-bin maximum probability:                0.999782
per-bin probability dynamic range (kT):     39.5275
per-segment minimum non-zero probability:   8.51603e-19
per-segment maximum non-zero probability:   0.199787
per-segment probability dynamic range (kT): 39.9967
norm = 1, error in norm = 0 (0*epsilon)
MAB binning in use
Bottleneck bin occupancy may not be accurately reported
Waiting for segments to complete...
Iteration completed successfully
Iteration wallclock: 0:29:15.891261, cputime: 1:38:24.263279


Thu Aug 18 06:27:45 2022
Iteration 75 (500 requested)
Beginning iteration 75
40 segments remain in iteration 75 (40 total)
5 of 32 (15.625000%) active bins are populated
per-bin minimum non-zero probability:       8.51603e-19
per-bin maximum probability:                0.999973
per-bin probability dynamic range (kT):     41.6071
per-segment minimum non-zero probability:   1.0645e-19
per-segment maximum non-zero probability:   0.199787
per-segment probability dynamic range (kT): 42.0761
norm = 1, error in norm = 0 (0*epsilon)
MAB binning in use
Bottleneck bin occupancy may not be accurately reported
Waiting for segments to complete...
Iteration completed successfully
Iteration wallclock: 0:29:50.098368, cputime: 1:38:21.529642


Thu Aug 18 06:57:35 2022
Iteration 76 (500 requested)
Beginning iteration 76
40 segments remain in iteration 76 (40 total)
5 of 32 (15.625000%) active bins are populated
per-bin minimum non-zero probability:       1.0645e-19
per-bin maximum probability:                0.999997
per-bin probability dynamic range (kT):     43.6866
per-segment minimum non-zero probability:   1.33063e-20
per-segment maximum non-zero probability:   0.199787
per-segment probability dynamic range (kT): 44.1555
norm = 1, error in norm = 0 (0*epsilon)
MAB binning in use
Bottleneck bin occupancy may not be accurately reported
Waiting for segments to complete...
Iteration completed successfully
Iteration wallclock: 0:29:27.427733, cputime: 1:38:16.984312


Thu Aug 18 07:27:03 2022
Iteration 77 (500 requested)
Beginning iteration 77
40 segments remain in iteration 77 (40 total)
5 of 32 (15.625000%) active bins are populated
per-bin minimum non-zero probability:       1.33063e-20
per-bin maximum probability:                1
per-bin probability dynamic range (kT):     45.766
per-segment minimum non-zero probability:   1.66329e-21
per-segment maximum non-zero probability:   0.199787
per-segment probability dynamic range (kT): 46.235
norm = 1, error in norm = 0 (0*epsilon)
MAB binning in use
Bottleneck bin occupancy may not be accurately reported
Waiting for segments to complete...
Iteration completed successfully
Iteration wallclock: 0:29:14.983531, cputime: 1:38:27.004406


Thu Aug 18 07:56:18 2022
Iteration 78 (500 requested)
Beginning iteration 78
40 segments remain in iteration 78 (40 total)
5 of 32 (15.625000%) active bins are populated
per-bin minimum non-zero probability:       1.66329e-21
per-bin maximum probability:                0.867858
per-bin probability dynamic range (kT):     47.7038
per-segment minimum non-zero probability:   2.07911e-22
per-segment maximum non-zero probability:   0.114801
per-segment probability dynamic range (kT): 47.7604
norm = 1, error in norm = 0 (0*epsilon)
MAB binning in use
Bottleneck bin occupancy may not be accurately reported
Waiting for segments to complete...
Iteration completed successfully
Iteration wallclock: 0:29:18.760525, cputime: 1:38:20.151306


Thu Aug 18 08:25:36 2022
Iteration 79 (500 requested)
Beginning iteration 79
40 segments remain in iteration 79 (40 total)
4 of 32 (12.500000%) active bins are populated
per-bin minimum non-zero probability:       2.07911e-22
per-bin maximum probability:                0.983482
per-bin probability dynamic range (kT):     49.9083
per-segment minimum non-zero probability:   2.59889e-23
per-segment maximum non-zero probability:   0.115624
per-segment probability dynamic range (kT): 49.847
norm = 1, error in norm = 0 (0*epsilon)
MAB binning in use
Bottleneck bin occupancy may not be accurately reported
Waiting for segments to complete...
Iteration completed successfully
Iteration wallclock: 0:29:22.202901, cputime: 1:38:19.474386


Thu Aug 18 08:54:59 2022
Iteration 80 (500 requested)
Beginning iteration 80
40 segments remain in iteration 80 (40 total)
4 of 32 (12.500000%) active bins are populated
per-bin minimum non-zero probability:       2.59889e-23
per-bin maximum probability:                0.986387
per-bin probability dynamic range (kT):     51.9907
per-segment minimum non-zero probability:   3.24861e-24
per-segment maximum non-zero probability:   0.115624
per-segment probability dynamic range (kT): 51.9264
norm = 1, error in norm = 0 (0*epsilon)
MAB binning in use
Bottleneck bin occupancy may not be accurately reported
Waiting for segments to complete...
Iteration completed successfully
Iteration wallclock: 0:29:27.166804, cputime: 1:38:23.579534


Thu Aug 18 09:24:26 2022
Iteration 81 (500 requested)
Beginning iteration 81
40 segments remain in iteration 81 (40 total)
5 of 32 (15.625000%) active bins are populated
per-bin minimum non-zero probability:       3.24861e-24
per-bin maximum probability:                0.886492
per-bin probability dynamic range (kT):     53.9633
per-segment minimum non-zero probability:   4.06076e-25
per-segment maximum non-zero probability:   0.115624
per-segment probability dynamic range (kT): 54.0058
norm = 1, error in norm = 0 (0*epsilon)
MAB binning in use
Bottleneck bin occupancy may not be accurately reported
Waiting for segments to complete...
Iteration completed successfully
Iteration wallclock: 0:29:18.552339, cputime: 1:38:28.452412


Thu Aug 18 09:53:44 2022
Iteration 82 (500 requested)
Beginning iteration 82
32 segments remain in iteration 82 (32 total)
4 of 32 (12.500000%) active bins are populated
per-bin minimum non-zero probability:       4.06076e-25
per-bin maximum probability:                0.999787
per-bin probability dynamic range (kT):     56.163
per-segment minimum non-zero probability:   5.07595e-26
per-segment maximum non-zero probability:   0.207853
per-segment probability dynamic range (kT): 56.6718
norm = 1, error in norm = 0 (0*epsilon)
MAB binning in use
Bottleneck bin occupancy may not be accurately reported
Waiting for segments to complete...
Iteration completed successfully
Iteration wallclock: 0:23:33.866996, cputime: 1:18:47.865041


Thu Aug 18 10:17:18 2022
Iteration 83 (500 requested)
Beginning iteration 83
40 segments remain in iteration 83 (40 total)
5 of 32 (15.625000%) active bins are populated
per-bin minimum non-zero probability:       5.07595e-26
per-bin maximum probability:                0.999973
per-bin probability dynamic range (kT):     58.2427
per-segment minimum non-zero probability:   6.34494e-27
per-segment maximum non-zero probability:   0.207853
per-segment probability dynamic range (kT): 58.7512
norm = 1, error in norm = 2.22045e-16 (1*epsilon)
MAB binning in use
Bottleneck bin occupancy may not be accurately reported
Waiting for segments to complete...
Iteration completed successfully
Iteration wallclock: 0:29:24.787268, cputime: 1:38:27.309615


Thu Aug 18 10:46:43 2022
Iteration 84 (500 requested)
Beginning iteration 84
40 segments remain in iteration 84 (40 total)
5 of 32 (15.625000%) active bins are populated
per-bin minimum non-zero probability:       6.34494e-27
per-bin maximum probability:                0.999997
per-bin probability dynamic range (kT):     60.3221
per-segment minimum non-zero probability:   7.93117e-28
per-segment maximum non-zero probability:   0.207853
per-segment probability dynamic range (kT): 60.8307
norm = 1, error in norm = 0 (0*epsilon)
MAB binning in use
Bottleneck bin occupancy may not be accurately reported
Waiting for segments to complete...
Iteration completed successfully
Iteration wallclock: 0:29:22.606824, cputime: 1:38:30.108560


Thu Aug 18 11:16:06 2022
Iteration 85 (500 requested)
Beginning iteration 85
40 segments remain in iteration 85 (40 total)
5 of 32 (15.625000%) active bins are populated
per-bin minimum non-zero probability:       7.93117e-28
per-bin maximum probability:                0.889314
per-bin probability dynamic range (kT):     62.2843
per-segment minimum non-zero probability:   9.91396e-29
per-segment maximum non-zero probability:   0.207853
per-segment probability dynamic range (kT): 62.9101
norm = 1, error in norm = 0 (0*epsilon)
MAB binning in use
Bottleneck bin occupancy may not be accurately reported
Waiting for segments to complete...
Iteration completed successfully
Iteration wallclock: 0:29:19.696481, cputime: 1:38:27.992814


Thu Aug 18 11:45:25 2022
Iteration 86 (500 requested)
Beginning iteration 86
40 segments remain in iteration 86 (40 total)
5 of 32 (15.625000%) active bins are populated
per-bin minimum non-zero probability:       9.91396e-29
per-bin maximum probability:                0.986164
per-bin probability dynamic range (kT):     64.4671
per-segment minimum non-zero probability:   1.23925e-29
per-segment maximum non-zero probability:   0.207853
per-segment probability dynamic range (kT): 64.9895
norm = 1, error in norm = 0 (0*epsilon)
MAB binning in use
Bottleneck bin occupancy may not be accurately reported
Waiting for segments to complete...
Iteration completed successfully
Iteration wallclock: 0:29:19.686954, cputime: 1:38:21.726612


Thu Aug 18 12:14:45 2022
Iteration 87 (500 requested)
Beginning iteration 87
40 segments remain in iteration 87 (40 total)
5 of 32 (15.625000%) active bins are populated
per-bin minimum non-zero probability:       1.23925e-29
per-bin maximum probability:                0.998271
per-bin probability dynamic range (kT):     66.5587
per-segment minimum non-zero probability:   1.54906e-30
per-segment maximum non-zero probability:   0.207853
per-segment probability dynamic range (kT): 67.069
norm = 1, error in norm = 2.22045e-16 (1*epsilon)
MAB binning in use
Bottleneck bin occupancy may not be accurately reported
Waiting for segments to complete...
Iteration completed successfully
Iteration wallclock: 0:29:16.019387, cputime: 1:38:27.622886


Thu Aug 18 12:44:01 2022
Iteration 88 (500 requested)
Beginning iteration 88
40 segments remain in iteration 88 (40 total)
5 of 32 (15.625000%) active bins are populated
per-bin minimum non-zero probability:       4.82912e-17
per-bin maximum probability:                0.890608
per-bin probability dynamic range (kT):     37.4534
per-segment minimum non-zero probability:   6.0364e-18
per-segment maximum non-zero probability:   0.207853
per-segment probability dynamic range (kT): 38.0778
norm = 1, error in norm = 0 (0*epsilon)
MAB binning in use
Bottleneck bin occupancy may not be accurately reported
Waiting for segments to complete...
Iteration completed successfully
Iteration wallclock: 0:29:31.169626, cputime: 1:38:28.500418


Thu Aug 18 13:13:32 2022
Iteration 89 (500 requested)
Beginning iteration 89
40 segments remain in iteration 89 (40 total)
5 of 32 (15.625000%) active bins are populated
per-bin minimum non-zero probability:       6.0364e-18
per-bin maximum probability:                0.884349
per-bin probability dynamic range (kT):     39.5258
per-segment minimum non-zero probability:   7.5455e-19
per-segment maximum non-zero probability:   0.207853
per-segment probability dynamic range (kT): 40.1572
norm = 1, error in norm = 2.22045e-16 (1*epsilon)
MAB binning in use
Bottleneck bin occupancy may not be accurately reported
Waiting for segments to complete...
Iteration completed successfully
Iteration wallclock: 0:29:17.254132, cputime: 1:38:29.901592


Thu Aug 18 13:42:49 2022
Iteration 90 (500 requested)
Beginning iteration 90
40 segments remain in iteration 90 (40 total)
5 of 32 (15.625000%) active bins are populated
per-bin minimum non-zero probability:       7.5455e-19
per-bin maximum probability:                0.985544
per-bin probability dynamic range (kT):     41.7136
per-segment minimum non-zero probability:   9.43188e-20
per-segment maximum non-zero probability:   0.207853
per-segment probability dynamic range (kT): 42.2367
norm = 1, error in norm = 0 (0*epsilon)
MAB binning in use
Bottleneck bin occupancy may not be accurately reported
Waiting for segments to complete...
Iteration completed successfully
Iteration wallclock: 0:29:23.651867, cputime: 1:38:18.697092


Thu Aug 18 14:12:13 2022
Iteration 91 (500 requested)
Beginning iteration 91
40 segments remain in iteration 91 (40 total)
5 of 32 (15.625000%) active bins are populated
per-bin minimum non-zero probability:       9.43188e-20
per-bin maximum probability:                0.998193
per-bin probability dynamic range (kT):     43.8058
per-segment minimum non-zero probability:   1.17898e-20
per-segment maximum non-zero probability:   0.207853
per-segment probability dynamic range (kT): 44.3161
norm = 1, error in norm = 0 (0*epsilon)
MAB binning in use
Bottleneck bin occupancy may not be accurately reported
Waiting for segments to complete...
Iteration completed successfully
Iteration wallclock: 0:29:19.519125, cputime: 1:38:42.642637


Thu Aug 18 14:41:33 2022
Iteration 92 (500 requested)
Beginning iteration 92
40 segments remain in iteration 92 (40 total)
5 of 32 (15.625000%) active bins are populated
per-bin minimum non-zero probability:       1.17898e-20
per-bin maximum probability:                1
per-bin probability dynamic range (kT):     45.887
per-segment minimum non-zero probability:   1.47373e-21
per-segment maximum non-zero probability:   0.207853
per-segment probability dynamic range (kT): 46.3956
norm = 1, error in norm = 0 (0*epsilon)
MAB binning in use
Bottleneck bin occupancy may not be accurately reported
Waiting for segments to complete...
Iteration completed successfully
Iteration wallclock: 0:29:23.063736, cputime: 1:38:41.500333


Thu Aug 18 15:10:56 2022
Iteration 93 (500 requested)
Beginning iteration 93
32 segments remain in iteration 93 (32 total)
4 of 32 (12.500000%) active bins are populated
per-bin minimum non-zero probability:       1.47373e-21
per-bin maximum probability:                0.886705
per-bin probability dynamic range (kT):     47.8462
per-segment minimum non-zero probability:   1.84216e-22
per-segment maximum non-zero probability:   0.207853
per-segment probability dynamic range (kT): 48.475
norm = 1, error in norm = 2.22045e-16 (1*epsilon)
MAB binning in use
Bottleneck bin occupancy may not be accurately reported
Waiting for segments to complete...
Iteration completed successfully
Iteration wallclock: 0:23:29.989667, cputime: 1:18:53.473726


Thu Aug 18 15:34:26 2022
Iteration 94 (500 requested)
Beginning iteration 94
40 segments remain in iteration 94 (40 total)
5 of 32 (15.625000%) active bins are populated
per-bin minimum non-zero probability:       1.84216e-22
per-bin maximum probability:                0.985838
per-bin probability dynamic range (kT):     50.0317
per-segment minimum non-zero probability:   2.3027e-23
per-segment maximum non-zero probability:   0.207853
per-segment probability dynamic range (kT): 50.5544
norm = 1, error in norm = 0 (0*epsilon)
MAB binning in use
Bottleneck bin occupancy may not be accurately reported
Waiting for segments to complete...
Iteration completed successfully
Iteration wallclock: 0:29:35.585860, cputime: 1:38:28.757679


Thu Aug 18 16:04:01 2022
Iteration 95 (500 requested)
Beginning iteration 95
40 segments remain in iteration 95 (40 total)
5 of 32 (15.625000%) active bins are populated
per-bin minimum non-zero probability:       2.3027e-23
per-bin maximum probability:                0.885185
per-bin probability dynamic range (kT):     52.0034
per-segment minimum non-zero probability:   2.87838e-24
per-segment maximum non-zero probability:   0.207853
per-segment probability dynamic range (kT): 52.6339
norm = 1, error in norm = 2.22045e-16 (1*epsilon)
MAB binning in use
Bottleneck bin occupancy may not be accurately reported
Waiting for segments to complete...
Iteration completed successfully
Iteration wallclock: 0:29:31.880310, cputime: 1:38:26.927650


Thu Aug 18 16:33:33 2022
Iteration 96 (500 requested)
Beginning iteration 96
40 segments remain in iteration 96 (40 total)
4 of 32 (12.500000%) active bins are populated
per-bin minimum non-zero probability:       2.87838e-24
per-bin maximum probability:                0.985648
per-bin probability dynamic range (kT):     54.1904
per-segment minimum non-zero probability:   3.59798e-25
per-segment maximum non-zero probability:   0.207853
per-segment probability dynamic range (kT): 54.7133
norm = 1, error in norm = 0 (0*epsilon)
MAB binning in use
Bottleneck bin occupancy may not be accurately reported
Waiting for segments to complete...
Iteration completed successfully
Iteration wallclock: 0:31:29.227165, cputime: 1:38:21.954529


Thu Aug 18 17:05:02 2022
Iteration 97 (500 requested)
Beginning iteration 97
40 segments remain in iteration 97 (40 total)
5 of 32 (15.625000%) active bins are populated
per-bin minimum non-zero probability:       3.59798e-25
per-bin maximum probability:                0.971462
per-bin probability dynamic range (kT):     56.2553
per-segment minimum non-zero probability:   4.49747e-26
per-segment maximum non-zero probability:   0.207853
per-segment probability dynamic range (kT): 56.7928
norm = 1, error in norm = 2.22045e-16 (1*epsilon)
MAB binning in use
Bottleneck bin occupancy may not be accurately reported
Waiting for segments to complete...
Iteration completed successfully
Iteration wallclock: 0:29:26.697084, cputime: 1:38:26.784950


Thu Aug 18 17:34:29 2022
Iteration 98 (500 requested)
Beginning iteration 98
40 segments remain in iteration 98 (40 total)
5 of 32 (15.625000%) active bins are populated
per-bin minimum non-zero probability:       4.49747e-26
per-bin maximum probability:                0.971901
per-bin probability dynamic range (kT):     58.3352
per-segment minimum non-zero probability:   5.62184e-27
per-segment maximum non-zero probability:   0.207853
per-segment probability dynamic range (kT): 58.8722
norm = 1, error in norm = 2.22045e-16 (1*epsilon)
MAB binning in use
Bottleneck bin occupancy may not be accurately reported
Waiting for segments to complete...
Iteration completed successfully
Iteration wallclock: 0:29:18.651789, cputime: 1:38:36.049869


Thu Aug 18 18:03:48 2022
Iteration 99 (500 requested)
Beginning iteration 99
40 segments remain in iteration 99 (40 total)
5 of 32 (15.625000%) active bins are populated
per-bin minimum non-zero probability:       5.62184e-27
per-bin maximum probability:                0.874344
per-bin probability dynamic range (kT):     60.3089
per-segment minimum non-zero probability:   7.0273e-28
per-segment maximum non-zero probability:   0.207853
per-segment probability dynamic range (kT): 60.9517
norm = 1, error in norm = 0 (0*epsilon)
MAB binning in use
Bottleneck bin occupancy may not be accurately reported
Waiting for segments to complete...
Iteration completed successfully
Iteration wallclock: 0:29:26.587694, cputime: 1:38:35.146814


Thu Aug 18 18:33:14 2022
Iteration 100 (500 requested)
Beginning iteration 100
40 segments remain in iteration 100 (40 total)
5 of 32 (15.625000%) active bins are populated
per-bin minimum non-zero probability:       7.0273e-28
per-bin maximum probability:                0.887842
per-bin probability dynamic range (kT):     62.4036
per-segment minimum non-zero probability:   8.78412e-29
per-segment maximum non-zero probability:   0.123886
per-segment probability dynamic range (kT): 62.5136
norm = 1, error in norm = 2.22045e-16 (1*epsilon)
MAB binning in use
Bottleneck bin occupancy may not be accurately reported
Waiting for segments to complete...
Iteration completed successfully
Iteration wallclock: 0:29:23.501845, cputime: 1:38:25.050362


Thu Aug 18 19:02:38 2022
Iteration 101 (500 requested)
Beginning iteration 101
40 segments remain in iteration 101 (40 total)
5 of 32 (15.625000%) active bins are populated
per-bin minimum non-zero probability:       4.37983e-07
per-bin maximum probability:                0.971988
per-bin probability dynamic range (kT):     14.6127
per-segment minimum non-zero probability:   5.47479e-08
per-segment maximum non-zero probability:   0.18771
per-segment probability dynamic range (kT): 15.0477
norm = 1, error in norm = 2.22045e-16 (1*epsilon)
MAB binning in use
Bottleneck bin occupancy may not be accurately reported
Waiting for segments to complete...
Iteration completed successfully
Iteration wallclock: 0:29:22.700141, cputime: 1:38:25.572014


Thu Aug 18 19:32:00 2022
Iteration 102 (500 requested)
Beginning iteration 102
40 segments remain in iteration 102 (40 total)
5 of 32 (15.625000%) active bins are populated
per-bin minimum non-zero probability:       5.47479e-08
per-bin maximum probability:                0.883661
per-bin probability dynamic range (kT):     16.5968
per-segment minimum non-zero probability:   6.84349e-09
per-segment maximum non-zero probability:   0.18771
per-segment probability dynamic range (kT): 17.1271
norm = 1, error in norm = 0 (0*epsilon)
MAB binning in use
Bottleneck bin occupancy may not be accurately reported
Waiting for segments to complete...
Iteration completed successfully
Iteration wallclock: 0:29:19.734180, cputime: 1:38:20.952549


Thu Aug 18 20:01:20 2022
Iteration 103 (500 requested)
Beginning iteration 103
40 segments remain in iteration 103 (40 total)
5 of 32 (15.625000%) active bins are populated
per-bin minimum non-zero probability:       6.84349e-09
per-bin maximum probability:                0.885194
per-bin probability dynamic range (kT):     18.678
per-segment minimum non-zero probability:   8.55436e-10
per-segment maximum non-zero probability:   0.18771
per-segment probability dynamic range (kT): 19.2066
norm = 1, error in norm = 0 (0*epsilon)
MAB binning in use
Bottleneck bin occupancy may not be accurately reported
Waiting for segments to complete...
Iteration completed successfully
Iteration wallclock: 0:29:32.268406, cputime: 1:38:22.388390


Thu Aug 18 20:30:52 2022
Iteration 104 (500 requested)
Beginning iteration 104
40 segments remain in iteration 104 (40 total)
5 of 32 (15.625000%) active bins are populated
per-bin minimum non-zero probability:       8.55436e-10
per-bin maximum probability:                0.761527
per-bin probability dynamic range (kT):     20.607
per-segment minimum non-zero probability:   1.0693e-10
per-segment maximum non-zero probability:   0.128437
per-segment probability dynamic range (kT): 20.9065
norm = 1, error in norm = 0 (0*epsilon)
MAB binning in use
Bottleneck bin occupancy may not be accurately reported
Waiting for segments to complete...
Iteration completed successfully
Iteration wallclock: 0:29:22.279823, cputime: 1:38:28.710264


Thu Aug 18 21:00:15 2022
Iteration 105 (500 requested)
Beginning iteration 105
40 segments remain in iteration 105 (40 total)
5 of 32 (15.625000%) active bins are populated
per-bin minimum non-zero probability:       1.0693e-10
per-bin maximum probability:                0.878276
per-bin probability dynamic range (kT):     22.8291
per-segment minimum non-zero probability:   1.33662e-11
per-segment maximum non-zero probability:   0.18771
per-segment probability dynamic range (kT): 23.3654
norm = 1, error in norm = 0 (0*epsilon)
MAB binning in use
Bottleneck bin occupancy may not be accurately reported
Waiting for segments to complete...
Iteration completed successfully
Iteration wallclock: 0:29:31.085107, cputime: 1:38:18.530522


Thu Aug 18 21:29:46 2022
Iteration 106 (500 requested)
Beginning iteration 106
40 segments remain in iteration 106 (40 total)
5 of 32 (15.625000%) active bins are populated
per-bin minimum non-zero probability:       1.33662e-11
per-bin maximum probability:                0.874323
per-bin probability dynamic range (kT):     24.904
per-segment minimum non-zero probability:   1.67077e-12
per-segment maximum non-zero probability:   0.18771
per-segment probability dynamic range (kT): 25.4449
norm = 1, error in norm = 0 (0*epsilon)
MAB binning in use
Bottleneck bin occupancy may not be accurately reported
Waiting for segments to complete...
Iteration completed successfully
Iteration wallclock: 0:29:24.333745, cputime: 1:38:33.794798


Thu Aug 18 21:59:10 2022
Iteration 107 (500 requested)
Beginning iteration 107
40 segments remain in iteration 107 (40 total)
5 of 32 (15.625000%) active bins are populated
per-bin minimum non-zero probability:       1.67077e-12
per-bin maximum probability:                0.98429
per-bin probability dynamic range (kT):     27.1019
per-segment minimum non-zero probability:   2.08847e-13
per-segment maximum non-zero probability:   0.18771
per-segment probability dynamic range (kT): 27.5243
norm = 1, error in norm = 0 (0*epsilon)
MAB binning in use
Bottleneck bin occupancy may not be accurately reported
Waiting for segments to complete...
Iteration completed successfully
Iteration wallclock: 0:29:21.351285, cputime: 1:38:32.615955


Thu Aug 18 22:28:32 2022
Iteration 108 (500 requested)
Beginning iteration 108
40 segments remain in iteration 108 (40 total)
5 of 32 (15.625000%) active bins are populated
per-bin minimum non-zero probability:       2.08847e-13
per-bin maximum probability:                0.998036
per-bin probability dynamic range (kT):     29.1952
per-segment minimum non-zero probability:   2.61058e-14
per-segment maximum non-zero probability:   0.18771
per-segment probability dynamic range (kT): 29.6038
norm = 1, error in norm = 2.22045e-16 (1*epsilon)
MAB binning in use
Bottleneck bin occupancy may not be accurately reported
Waiting for segments to complete...
Iteration completed successfully
Iteration wallclock: 0:29:38.610597, cputime: 1:38:34.672127


Thu Aug 18 22:58:10 2022
Iteration 109 (500 requested)
Beginning iteration 109
40 segments remain in iteration 109 (40 total)
5 of 32 (15.625000%) active bins are populated
per-bin minimum non-zero probability:       2.61058e-14
per-bin maximum probability:                0.999755
per-bin probability dynamic range (kT):     31.2764
per-segment minimum non-zero probability:   3.26323e-15
per-segment maximum non-zero probability:   0.18771
per-segment probability dynamic range (kT): 31.6832
norm = 1, error in norm = 2.22045e-16 (1*epsilon)
MAB binning in use
Bottleneck bin occupancy may not be accurately reported
Waiting for segments to complete...
Iteration completed successfully
Iteration wallclock: 0:29:31.454691, cputime: 1:38:36.412042


Thu Aug 18 23:27:42 2022
Iteration 110 (500 requested)
Beginning iteration 110
40 segments remain in iteration 110 (40 total)
5 of 32 (15.625000%) active bins are populated
per-bin minimum non-zero probability:       3.26323e-15
per-bin maximum probability:                0.812259
per-bin probability dynamic range (kT):     33.1481
per-segment minimum non-zero probability:   4.07904e-16
per-segment maximum non-zero probability:   0.18771
per-segment probability dynamic range (kT): 33.7626
norm = 1, error in norm = 0 (0*epsilon)
MAB binning in use
Bottleneck bin occupancy may not be accurately reported
Waiting for segments to complete...
Iteration completed successfully
Iteration wallclock: 0:29:29.025069, cputime: 1:38:33.733807


Thu Aug 18 23:57:11 2022
Iteration 111 (500 requested)
Beginning iteration 111
40 segments remain in iteration 111 (40 total)
5 of 32 (15.625000%) active bins are populated
per-bin minimum non-zero probability:       4.07904e-16
per-bin maximum probability:                0.763464
per-bin probability dynamic range (kT):     35.1656
per-segment minimum non-zero probability:   5.0988e-17
per-segment maximum non-zero probability:   0.128437
per-segment probability dynamic range (kT): 35.4626
norm = 1, error in norm = 0 (0*epsilon)
MAB binning in use
Bottleneck bin occupancy may not be accurately reported
Waiting for segments to complete...
Iteration completed successfully
Iteration wallclock: 0:29:25.596006, cputime: 1:38:34.320373


Fri Aug 19 00:26:36 2022
Iteration 112 (500 requested)
Beginning iteration 112
32 segments remain in iteration 112 (32 total)
5 of 32 (15.625000%) active bins are populated
per-bin minimum non-zero probability:       3.16897e-15
per-bin maximum probability:                0.763464
per-bin probability dynamic range (kT):     33.1155
per-segment minimum non-zero probability:   3.96121e-16
per-segment maximum non-zero probability:   0.128437
per-segment probability dynamic range (kT): 33.4125
norm = 1, error in norm = 2.22045e-16 (1*epsilon)
MAB binning in use
Bottleneck bin occupancy may not be accurately reported
Waiting for segments to complete...
Iteration completed successfully
Iteration wallclock: 0:26:07.315217, cputime: 1:18:42.292650


Fri Aug 19 00:52:44 2022
Iteration 113 (500 requested)
Beginning iteration 113
40 segments remain in iteration 113 (40 total)
5 of 32 (15.625000%) active bins are populated
per-bin minimum non-zero probability:       3.96121e-16
per-bin maximum probability:                0.876641
per-bin probability dynamic range (kT):     35.3332
per-segment minimum non-zero probability:   4.95152e-17
per-segment maximum non-zero probability:   0.128437
per-segment probability dynamic range (kT): 35.4919
norm = 1, error in norm = 0 (0*epsilon)
MAB binning in use
Bottleneck bin occupancy may not be accurately reported
Waiting for segments to complete...
Iteration completed successfully
Iteration wallclock: 0:29:19.046346, cputime: 1:38:23.384693


Fri Aug 19 01:22:03 2022
Iteration 114 (500 requested)
Beginning iteration 114
40 segments remain in iteration 114 (40 total)
5 of 32 (15.625000%) active bins are populated
per-bin minimum non-zero probability:       4.95152e-17
per-bin maximum probability:                0.8052
per-bin probability dynamic range (kT):     37.3276
per-segment minimum non-zero probability:   6.1894e-18
per-segment maximum non-zero probability:   0.192779
per-segment probability dynamic range (kT): 37.9775
norm = 1, error in norm = 0 (0*epsilon)
MAB binning in use
Bottleneck bin occupancy may not be accurately reported
Waiting for segments to complete...
Iteration completed successfully
Iteration wallclock: 0:34:02.112830, cputime: 1:38:24.062097


Fri Aug 19 01:56:05 2022
Iteration 115 (500 requested)
Beginning iteration 115
40 segments remain in iteration 115 (40 total)
5 of 32 (15.625000%) active bins are populated
per-bin minimum non-zero probability:       6.1894e-18
per-bin maximum probability:                0.878316
per-bin probability dynamic range (kT):     39.4939
per-segment minimum non-zero probability:   7.73674e-19
per-segment maximum non-zero probability:   0.192779
per-segment probability dynamic range (kT): 40.0569
norm = 1, error in norm = 0 (0*epsilon)
MAB binning in use
Bottleneck bin occupancy may not be accurately reported
Waiting for segments to complete...
Iteration completed successfully
Iteration wallclock: 0:29:21.835986, cputime: 1:38:24.801801


Fri Aug 19 02:25:27 2022
Iteration 116 (500 requested)
Beginning iteration 116
40 segments remain in iteration 116 (40 total)
5 of 32 (15.625000%) active bins are populated
per-bin minimum non-zero probability:       7.73674e-19
per-bin maximum probability:                0.891859
per-bin probability dynamic range (kT):     41.5887
per-segment minimum non-zero probability:   9.67093e-20
per-segment maximum non-zero probability:   0.128437
per-segment probability dynamic range (kT): 41.7303
norm = 1, error in norm = 2.22045e-16 (1*epsilon)
MAB binning in use
Bottleneck bin occupancy may not be accurately reported
Waiting for segments to complete...
Iteration completed successfully
Iteration wallclock: 0:29:16.136373, cputime: 1:38:20.591352


Fri Aug 19 02:54:43 2022
Iteration 117 (500 requested)
Beginning iteration 117
40 segments remain in iteration 117 (40 total)
5 of 32 (15.625000%) active bins are populated
per-bin minimum non-zero probability:       9.67093e-20
per-bin maximum probability:                0.986482
per-bin probability dynamic range (kT):     43.769
per-segment minimum non-zero probability:   1.20887e-20
per-segment maximum non-zero probability:   0.191013
per-segment probability dynamic range (kT): 44.2066
norm = 1, error in norm = 0 (0*epsilon)
MAB binning in use
Bottleneck bin occupancy may not be accurately reported
Waiting for segments to complete...
Iteration completed successfully
Iteration wallclock: 0:29:24.042491, cputime: 1:38:33.339589


Fri Aug 19 03:24:07 2022
Iteration 118 (500 requested)
Beginning iteration 118
40 segments remain in iteration 118 (40 total)
5 of 32 (15.625000%) active bins are populated
per-bin minimum non-zero probability:       1.20887e-20
per-bin maximum probability:                0.99831
per-bin probability dynamic range (kT):     45.8603
per-segment minimum non-zero probability:   1.51108e-21
per-segment maximum non-zero probability:   0.191013
per-segment probability dynamic range (kT): 46.286
norm = 1, error in norm = 0 (0*epsilon)
MAB binning in use
Bottleneck bin occupancy may not be accurately reported
Waiting for segments to complete...
Iteration completed successfully
Iteration wallclock: 0:29:22.820404, cputime: 1:38:30.418205


Fri Aug 19 03:53:30 2022
Iteration 119 (500 requested)
Beginning iteration 119
40 segments remain in iteration 119 (40 total)
5 of 32 (15.625000%) active bins are populated
per-bin minimum non-zero probability:       1.51108e-21
per-bin maximum probability:                0.999789
per-bin probability dynamic range (kT):     47.9412
per-segment minimum non-zero probability:   1.88885e-22
per-segment maximum non-zero probability:   0.191013
per-segment probability dynamic range (kT): 48.3655
norm = 1, error in norm = 0 (0*epsilon)
MAB binning in use
Bottleneck bin occupancy may not be accurately reported
Waiting for segments to complete...
Iteration completed successfully
Iteration wallclock: 0:29:28.139489, cputime: 1:38:28.206384


Fri Aug 19 04:22:58 2022
Iteration 120 (500 requested)
Beginning iteration 120
40 segments remain in iteration 120 (40 total)
5 of 32 (15.625000%) active bins are populated
per-bin minimum non-zero probability:       1.88885e-22
per-bin maximum probability:                0.878569
per-bin probability dynamic range (kT):     49.8914
per-segment minimum non-zero probability:   2.36107e-23
per-segment maximum non-zero probability:   0.191013
per-segment probability dynamic range (kT): 50.4449
norm = 1, error in norm = 2.22045e-16 (1*epsilon)
MAB binning in use
Bottleneck bin occupancy may not be accurately reported
Waiting for segments to complete...
Iteration completed successfully
Iteration wallclock: 0:29:24.555387, cputime: 1:38:38.823120


Fri Aug 19 04:52:22 2022
Iteration 121 (500 requested)
Beginning iteration 121
40 segments remain in iteration 121 (40 total)
5 of 32 (15.625000%) active bins are populated
per-bin minimum non-zero probability:       2.36107e-23
per-bin maximum probability:                0.878569
per-bin probability dynamic range (kT):     51.9709
per-segment minimum non-zero probability:   2.95133e-24
per-segment maximum non-zero probability:   0.191013
per-segment probability dynamic range (kT): 52.5244
norm = 1, error in norm = 0 (0*epsilon)
MAB binning in use
Bottleneck bin occupancy may not be accurately reported
Waiting for segments to complete...
Iteration completed successfully
Iteration wallclock: 0:29:34.896505, cputime: 1:38:40.736079


Fri Aug 19 05:21:57 2022
Iteration 122 (500 requested)
Beginning iteration 122
40 segments remain in iteration 122 (40 total)
5 of 32 (15.625000%) active bins are populated
per-bin minimum non-zero probability:       2.95133e-24
per-bin maximum probability:                0.984821
per-bin probability dynamic range (kT):     54.1645
per-segment minimum non-zero probability:   3.68917e-25
per-segment maximum non-zero probability:   0.191013
per-segment probability dynamic range (kT): 54.6038
norm = 1, error in norm = 0 (0*epsilon)
MAB binning in use
Bottleneck bin occupancy may not be accurately reported
Waiting for segments to complete...
Iteration completed successfully
Iteration wallclock: 0:29:18.708473, cputime: 1:38:33.321663


Fri Aug 19 05:51:16 2022
Iteration 123 (500 requested)
Beginning iteration 123
40 segments remain in iteration 123 (40 total)
5 of 32 (15.625000%) active bins are populated
per-bin minimum non-zero probability:       3.68917e-25
per-bin maximum probability:                0.998103
per-bin probability dynamic range (kT):     56.2573
per-segment minimum non-zero probability:   4.61146e-26
per-segment maximum non-zero probability:   0.191013
per-segment probability dynamic range (kT): 56.6833
norm = 1, error in norm = 0 (0*epsilon)
MAB binning in use
Bottleneck bin occupancy may not be accurately reported
Waiting for segments to complete...
Iteration completed successfully
Iteration wallclock: 0:29:51.800642, cputime: 1:38:41.060167


Fri Aug 19 06:21:08 2022
Iteration 124 (500 requested)
Beginning iteration 124
40 segments remain in iteration 124 (40 total)
5 of 32 (15.625000%) active bins are populated
per-bin minimum non-zero probability:       4.61146e-26
per-bin maximum probability:                0.999763
per-bin probability dynamic range (kT):     58.3384
per-segment minimum non-zero probability:   5.76432e-27
per-segment maximum non-zero probability:   0.191013
per-segment probability dynamic range (kT): 58.7627
norm = 1, error in norm = 2.22045e-16 (1*epsilon)
MAB binning in use
Bottleneck bin occupancy may not be accurately reported
Waiting for segments to complete...
Iteration completed successfully
Iteration wallclock: 0:29:19.816882, cputime: 1:38:34.105757


Fri Aug 19 06:50:28 2022
Iteration 125 (500 requested)
Beginning iteration 125
40 segments remain in iteration 125 (40 total)
5 of 32 (15.625000%) active bins are populated
per-bin minimum non-zero probability:       5.76432e-27
per-bin maximum probability:                0.99997
per-bin probability dynamic range (kT):     60.4181
per-segment minimum non-zero probability:   7.2054e-28
per-segment maximum non-zero probability:   0.191013
per-segment probability dynamic range (kT): 60.8421
norm = 1, error in norm = 0 (0*epsilon)
MAB binning in use
Bottleneck bin occupancy may not be accurately reported
Waiting for segments to complete...
Iteration completed successfully
Iteration wallclock: 0:29:21.121362, cputime: 1:38:34.698074


Fri Aug 19 07:19:49 2022
Iteration 126 (500 requested)
Beginning iteration 126
40 segments remain in iteration 126 (40 total)
5 of 32 (15.625000%) active bins are populated
per-bin minimum non-zero probability:       7.2054e-28
per-bin maximum probability:                0.999996
per-bin probability dynamic range (kT):     62.4975
per-segment minimum non-zero probability:   9.00676e-29
per-segment maximum non-zero probability:   0.191013
per-segment probability dynamic range (kT): 62.9216
norm = 1, error in norm = 0 (0*epsilon)
MAB binning in use
Bottleneck bin occupancy may not be accurately reported
Waiting for segments to complete...
Iteration completed successfully
Iteration wallclock: 0:29:29.578287, cputime: 1:38:36.696691


Fri Aug 19 07:49:18 2022
Iteration 127 (500 requested)
Beginning iteration 127
40 segments remain in iteration 127 (40 total)
5 of 32 (15.625000%) active bins are populated
per-bin minimum non-zero probability:       9.00676e-29
per-bin maximum probability:                0.885199
per-bin probability dynamic range (kT):     64.455
per-segment minimum non-zero probability:   1.12584e-29
per-segment maximum non-zero probability:   0.191013
per-segment probability dynamic range (kT): 65.001
norm = 1, error in norm = 2.22045e-16 (1*epsilon)
MAB binning in use
Bottleneck bin occupancy may not be accurately reported
Waiting for segments to complete...
Iteration completed successfully
Iteration wallclock: 0:32:07.822211, cputime: 1:38:24.711848


Fri Aug 19 08:21:26 2022
Iteration 128 (500 requested)
Beginning iteration 128
40 segments remain in iteration 128 (40 total)
5 of 32 (15.625000%) active bins are populated
per-bin minimum non-zero probability:       5.44024e-17
per-bin maximum probability:                0.888459
per-bin probability dynamic range (kT):     37.3319
per-segment minimum non-zero probability:   6.8003e-18
per-segment maximum non-zero probability:   0.191013
per-segment probability dynamic range (kT): 37.8741
norm = 1, error in norm = 0 (0*epsilon)
MAB binning in use
Bottleneck bin occupancy may not be accurately reported
Waiting for segments to complete...
Iteration completed successfully
Iteration wallclock: 0:29:16.763390, cputime: 1:38:33.563165


Fri Aug 19 08:50:43 2022
Iteration 129 (500 requested)
Beginning iteration 129
40 segments remain in iteration 129 (40 total)
5 of 32 (15.625000%) active bins are populated
per-bin minimum non-zero probability:       6.8003e-18
per-bin maximum probability:                0.885199
per-bin probability dynamic range (kT):     39.4076
per-segment minimum non-zero probability:   8.50037e-19
per-segment maximum non-zero probability:   0.191013
per-segment probability dynamic range (kT): 39.9536
norm = 1, error in norm = 0 (0*epsilon)
MAB binning in use
Bottleneck bin occupancy may not be accurately reported
Waiting for segments to complete...
Iteration completed successfully
Iteration wallclock: 0:29:22.623508, cputime: 1:38:40.967710


Fri Aug 19 09:20:05 2022
Iteration 130 (500 requested)
Beginning iteration 130
40 segments remain in iteration 130 (40 total)
5 of 32 (15.625000%) active bins are populated
per-bin minimum non-zero probability:       8.50037e-19
per-bin maximum probability:                0.986057
per-bin probability dynamic range (kT):     41.595
per-segment minimum non-zero probability:   1.06255e-19
per-segment maximum non-zero probability:   0.191013
per-segment probability dynamic range (kT): 42.033
norm = 1, error in norm = 2.22045e-16 (1*epsilon)
MAB binning in use
Bottleneck bin occupancy may not be accurately reported
Waiting for segments to complete...
Iteration completed successfully
Iteration wallclock: 0:29:30.095093, cputime: 1:38:46.381566


Fri Aug 19 09:49:36 2022
Iteration 131 (500 requested)
Beginning iteration 131
40 segments remain in iteration 131 (40 total)
5 of 32 (15.625000%) active bins are populated
per-bin minimum non-zero probability:       1.06255e-19
per-bin maximum probability:                0.782841
per-bin probability dynamic range (kT):     43.4436
per-segment minimum non-zero probability:   1.32818e-20
per-segment maximum non-zero probability:   0.128437
per-segment probability dynamic range (kT): 43.7156
norm = 1, error in norm = 2.22045e-16 (1*epsilon)
MAB binning in use
Bottleneck bin occupancy may not be accurately reported
Waiting for segments to complete...
Iteration completed successfully
Iteration wallclock: 0:29:20.486527, cputime: 1:38:38.593758


Fri Aug 19 10:18:56 2022
Iteration 132 (500 requested)
Beginning iteration 132
40 segments remain in iteration 132 (40 total)
5 of 32 (15.625000%) active bins are populated
per-bin minimum non-zero probability:       1.32818e-20
per-bin maximum probability:                0.972855
per-bin probability dynamic range (kT):     45.7404
per-segment minimum non-zero probability:   1.66023e-21
per-segment maximum non-zero probability:   0.185177
per-segment probability dynamic range (kT): 46.1609
norm = 1, error in norm = 2.22045e-16 (1*epsilon)
MAB binning in use
Bottleneck bin occupancy may not be accurately reported
Waiting for segments to complete...
Iteration completed successfully
Iteration wallclock: 0:29:32.681107, cputime: 1:38:44.421260


Fri Aug 19 10:48:29 2022
Iteration 133 (500 requested)
Beginning iteration 133
40 segments remain in iteration 133 (40 total)
5 of 32 (15.625000%) active bins are populated
per-bin minimum non-zero probability:       1.66023e-21
per-bin maximum probability:                0.996607
per-bin probability dynamic range (kT):     47.8439
per-segment minimum non-zero probability:   2.07529e-22
per-segment maximum non-zero probability:   0.185177
per-segment probability dynamic range (kT): 48.2403
norm = 1, error in norm = 0 (0*epsilon)
MAB binning in use
Bottleneck bin occupancy may not be accurately reported
Waiting for segments to complete...
Iteration completed successfully
Iteration wallclock: 0:29:13.074921, cputime: 1:38:38.051463


Fri Aug 19 11:17:42 2022
Iteration 134 (500 requested)
Beginning iteration 134
40 segments remain in iteration 134 (40 total)
5 of 32 (15.625000%) active bins are populated
per-bin minimum non-zero probability:       2.07529e-22
per-bin maximum probability:                0.999576
per-bin probability dynamic range (kT):     49.9263
per-segment minimum non-zero probability:   2.59411e-23
per-segment maximum non-zero probability:   0.185177
per-segment probability dynamic range (kT): 50.3198
norm = 1, error in norm = 0 (0*epsilon)
MAB binning in use
Bottleneck bin occupancy may not be accurately reported
Waiting for segments to complete...
Iteration completed successfully
Iteration wallclock: 0:29:26.787228, cputime: 1:38:37.328241


Fri Aug 19 11:47:09 2022
Iteration 135 (500 requested)
Beginning iteration 135
40 segments remain in iteration 135 (40 total)
5 of 32 (15.625000%) active bins are populated
per-bin minimum non-zero probability:       2.59411e-23
per-bin maximum probability:                0.999952
per-bin probability dynamic range (kT):     52.0062
per-segment minimum non-zero probability:   3.24264e-24
per-segment maximum non-zero probability:   0.185177
per-segment probability dynamic range (kT): 52.3992
norm = 1, error in norm = 0 (0*epsilon)
MAB binning in use
Bottleneck bin occupancy may not be accurately reported
Waiting for segments to complete...
Iteration completed successfully
Iteration wallclock: 0:29:31.606675, cputime: 1:38:37.561861


Fri Aug 19 12:16:40 2022
Iteration 136 (500 requested)
Beginning iteration 136
40 segments remain in iteration 136 (40 total)
5 of 32 (15.625000%) active bins are populated
per-bin minimum non-zero probability:       3.24264e-24
per-bin maximum probability:                0.885708
per-bin probability dynamic range (kT):     53.9643
per-segment minimum non-zero probability:   4.05329e-25
per-segment maximum non-zero probability:   0.185177
per-segment probability dynamic range (kT): 54.4787
norm = 1, error in norm = 0 (0*epsilon)
MAB binning in use
Bottleneck bin occupancy may not be accurately reported
Waiting for segments to complete...
Iteration completed successfully
Iteration wallclock: 0:29:20.177520, cputime: 1:38:39.938250


Fri Aug 19 12:46:00 2022
Iteration 137 (500 requested)
Beginning iteration 137
40 segments remain in iteration 137 (40 total)
5 of 32 (15.625000%) active bins are populated
per-bin minimum non-zero probability:       4.05329e-25
per-bin maximum probability:                0.985713
per-bin probability dynamic range (kT):     56.1507
per-segment minimum non-zero probability:   5.06662e-26
per-segment maximum non-zero probability:   0.185177
per-segment probability dynamic range (kT): 56.5581
norm = 1, error in norm = 2.22045e-16 (1*epsilon)
MAB binning in use
Bottleneck bin occupancy may not be accurately reported
Waiting for segments to complete...
Iteration completed successfully
Iteration wallclock: 0:29:36.376373, cputime: 1:38:42.654032


Fri Aug 19 13:15:37 2022
Iteration 138 (500 requested)
Beginning iteration 138
40 segments remain in iteration 138 (40 total)
5 of 32 (15.625000%) active bins are populated
per-bin minimum non-zero probability:       5.06662e-26
per-bin maximum probability:                0.998214
per-bin probability dynamic range (kT):     58.2428
per-segment minimum non-zero probability:   6.33327e-27
per-segment maximum non-zero probability:   0.185177
per-segment probability dynamic range (kT): 58.6375
norm = 1, error in norm = 2.22045e-16 (1*epsilon)
MAB binning in use
Bottleneck bin occupancy may not be accurately reported
Waiting for segments to complete...
Iteration completed successfully
Iteration wallclock: 0:29:32.639635, cputime: 1:38:35.618165


Fri Aug 19 13:45:09 2022
Iteration 139 (500 requested)
Beginning iteration 139
40 segments remain in iteration 139 (40 total)
5 of 32 (15.625000%) active bins are populated
per-bin minimum non-zero probability:       6.33327e-27
per-bin maximum probability:                0.999777
per-bin probability dynamic range (kT):     60.3238
per-segment minimum non-zero probability:   7.91659e-28
per-segment maximum non-zero probability:   0.185177
per-segment probability dynamic range (kT): 60.717
norm = 1, error in norm = 2.22045e-16 (1*epsilon)
MAB binning in use
Bottleneck bin occupancy may not be accurately reported
Waiting for segments to complete...
Iteration completed successfully
Iteration wallclock: 0:29:24.319295, cputime: 1:38:42.238142


Fri Aug 19 14:14:34 2022
Iteration 140 (500 requested)
Beginning iteration 140
40 segments remain in iteration 140 (40 total)
5 of 32 (15.625000%) active bins are populated
per-bin minimum non-zero probability:       7.91659e-28
per-bin maximum probability:                0.999972
per-bin probability dynamic range (kT):     62.4034
per-segment minimum non-zero probability:   9.89574e-29
per-segment maximum non-zero probability:   0.185177
per-segment probability dynamic range (kT): 62.7964
norm = 1, error in norm = 0 (0*epsilon)
MAB binning in use
Bottleneck bin occupancy may not be accurately reported
Waiting for segments to complete...
Iteration completed successfully
Iteration wallclock: 0:29:22.030007, cputime: 1:38:34.688715


Fri Aug 19 14:43:56 2022
Iteration 141 (500 requested)
Beginning iteration 141
40 segments remain in iteration 141 (40 total)
5 of 32 (15.625000%) active bins are populated
per-bin minimum non-zero probability:       9.89574e-29
per-bin maximum probability:                0.880742
per-bin probability dynamic range (kT):     64.3559
per-segment minimum non-zero probability:   1.23697e-29
per-segment maximum non-zero probability:   0.185177
per-segment probability dynamic range (kT): 64.8759
norm = 1, error in norm = 2.22045e-16 (1*epsilon)
MAB binning in use
Bottleneck bin occupancy may not be accurately reported
Waiting for segments to complete...
Iteration completed successfully
Iteration wallclock: 0:29:18.186144, cputime: 1:38:30.200615


Fri Aug 19 15:13:14 2022
Iteration 142 (500 requested)
Beginning iteration 142
40 segments remain in iteration 142 (40 total)
5 of 32 (15.625000%) active bins are populated
per-bin minimum non-zero probability:       1.23697e-29
per-bin maximum probability:                0.985093
per-bin probability dynamic range (kT):     66.5473
per-segment minimum non-zero probability:   1.54621e-30
per-segment maximum non-zero probability:   0.185177
per-segment probability dynamic range (kT): 66.9553
norm = 1, error in norm = 2.22045e-16 (1*epsilon)
MAB binning in use
Bottleneck bin occupancy may not be accurately reported
Waiting for segments to complete...
Iteration completed successfully
Iteration wallclock: 0:29:37.147746, cputime: 1:38:31.907999


Fri Aug 19 15:42:51 2022
Iteration 143 (500 requested)
Beginning iteration 143
40 segments remain in iteration 143 (40 total)
5 of 32 (15.625000%) active bins are populated
per-bin minimum non-zero probability:       1.54621e-30
per-bin maximum probability:                0.998137
per-bin probability dynamic range (kT):     68.6399
per-segment minimum non-zero probability:   1.93276e-31
per-segment maximum non-zero probability:   0.185177
per-segment probability dynamic range (kT): 69.0347
norm = 1, error in norm = 0 (0*epsilon)
MAB binning in use
Bottleneck bin occupancy may not be accurately reported
Waiting for segments to complete...
Iteration completed successfully
Iteration wallclock: 0:29:17.529452, cputime: 1:38:29.453563


Fri Aug 19 16:12:09 2022
Iteration 144 (500 requested)
Beginning iteration 144
40 segments remain in iteration 144 (40 total)
5 of 32 (15.625000%) active bins are populated
per-bin minimum non-zero probability:       1.93276e-31
per-bin maximum probability:                0.999767
per-bin probability dynamic range (kT):     70.721
per-segment minimum non-zero probability:   2.41595e-32
per-segment maximum non-zero probability:   0.185177
per-segment probability dynamic range (kT): 71.1142
norm = 1, error in norm = 0 (0*epsilon)
MAB binning in use
Bottleneck bin occupancy may not be accurately reported
Waiting for segments to complete...
Iteration completed successfully
Iteration wallclock: 0:29:21.678661, cputime: 1:38:24.416283


Fri Aug 19 16:41:30 2022
Iteration 145 (500 requested)
Beginning iteration 145
40 segments remain in iteration 145 (40 total)
5 of 32 (15.625000%) active bins are populated
per-bin minimum non-zero probability:       2.41595e-32
per-bin maximum probability:                0.999971
per-bin probability dynamic range (kT):     72.8006
per-segment minimum non-zero probability:   3.01994e-33
per-segment maximum non-zero probability:   0.185177
per-segment probability dynamic range (kT): 73.1936
norm = 1, error in norm = 0 (0*epsilon)
MAB binning in use
Bottleneck bin occupancy may not be accurately reported
Waiting for segments to complete...
Iteration completed successfully
Iteration wallclock: 0:29:27.281299, cputime: 1:38:20.302064


Fri Aug 19 17:10:58 2022
Iteration 146 (500 requested)
Beginning iteration 146
40 segments remain in iteration 146 (40 total)
4 of 32 (12.500000%) active bins are populated
per-bin minimum non-zero probability:       3.01994e-33
per-bin maximum probability:                0.885199
per-bin probability dynamic range (kT):     74.7581
per-segment minimum non-zero probability:   3.77492e-34
per-segment maximum non-zero probability:   0.128437
per-segment probability dynamic range (kT): 74.9072
norm = 1, error in norm = 0 (0*epsilon)
MAB binning in use
Bottleneck bin occupancy may not be accurately reported
Waiting for segments to complete...
Iteration completed successfully
Iteration wallclock: 0:29:23.975224, cputime: 1:38:13.326820


Fri Aug 19 17:40:22 2022
Iteration 147 (500 requested)
Beginning iteration 147
32 segments remain in iteration 147 (32 total)
5 of 32 (15.625000%) active bins are populated
per-bin minimum non-zero probability:       3.77492e-34
per-bin maximum probability:                0.870492
per-bin probability dynamic range (kT):     76.8208
per-segment minimum non-zero probability:   4.71866e-35
per-segment maximum non-zero probability:   0.185177
per-segment probability dynamic range (kT): 77.3525
norm = 1, error in norm = 0 (0*epsilon)
MAB binning in use
Bottleneck bin occupancy may not be accurately reported
Waiting for segments to complete...
Iteration completed successfully
Iteration wallclock: 0:23:27.169303, cputime: 1:18:39.711746


Fri Aug 19 18:03:49 2022
Iteration 148 (500 requested)
Beginning iteration 148
40 segments remain in iteration 148 (40 total)
5 of 32 (15.625000%) active bins are populated
per-bin minimum non-zero probability:       4.71866e-35
per-bin maximum probability:                0.895461
per-bin probability dynamic range (kT):     78.9285
per-segment minimum non-zero probability:   5.89832e-36
per-segment maximum non-zero probability:   0.185177
per-segment probability dynamic range (kT): 79.432
norm = 1, error in norm = 0 (0*epsilon)
MAB binning in use
Bottleneck bin occupancy may not be accurately reported
Waiting for segments to complete...
Iteration completed successfully
Iteration wallclock: 0:29:23.605454, cputime: 1:38:23.370792

Iteration 149 would require more than the allotted time. Ending run.
