Updating system with the options from the configuration file
Maximum wallclock time: 2 days, 0:00:00

Fri Aug 19 23:35:31 2022
Iteration 149 (500 requested)
Beginning iteration 149
40 segments remain in iteration 149 (40 total)
5 of 32 (15.625000%) active bins are populated
per-bin minimum non-zero probability:       5.89832e-36
per-bin maximum probability:                0.874405
per-bin probability dynamic range (kT):     80.9842
per-segment minimum non-zero probability:   7.3729e-37
per-segment maximum non-zero probability:   0.128437
per-segment probability dynamic range (kT): 81.1455
norm = 1, error in norm = 0 (0*epsilon)
MAB binning in use
Bottleneck bin occupancy may not be accurately reported
Waiting for segments to complete...
Iteration completed successfully
Iteration wallclock: 0:30:05.816558, cputime: 1:29:08.780083


Sat Aug 20 00:05:37 2022
Iteration 150 (500 requested)
Beginning iteration 150
40 segments remain in iteration 150 (40 total)
4 of 32 (12.500000%) active bins are populated
per-bin minimum non-zero probability:       7.3729e-37
per-bin maximum probability:                0.888499
per-bin probability dynamic range (kT):     83.0796
per-segment minimum non-zero probability:   9.21612e-38
per-segment maximum non-zero probability:   0.128437
per-segment probability dynamic range (kT): 83.225
norm = 1, error in norm = 0 (0*epsilon)
MAB binning in use
Bottleneck bin occupancy may not be accurately reported
Waiting for segments to complete...
Iteration completed successfully
Iteration wallclock: 0:36:32.676301, cputime: 1:29:18.738718


Sat Aug 20 00:42:10 2022
Iteration 151 (500 requested)
Beginning iteration 151
40 segments remain in iteration 151 (40 total)
5 of 32 (15.625000%) active bins are populated
per-bin minimum non-zero probability:       9.21612e-38
per-bin maximum probability:                0.880286
per-bin probability dynamic range (kT):     85.1498
per-segment minimum non-zero probability:   1.15202e-38
per-segment maximum non-zero probability:   0.189995
per-segment probability dynamic range (kT): 85.696
norm = 1, error in norm = 0 (0*epsilon)
MAB binning in use
Bottleneck bin occupancy may not be accurately reported
Waiting for segments to complete...
Iteration completed successfully
Iteration wallclock: 0:28:18.207387, cputime: 1:29:24.959714


Sat Aug 20 01:10:28 2022
Iteration 152 (500 requested)
Beginning iteration 152
40 segments remain in iteration 152 (40 total)
5 of 32 (15.625000%) active bins are populated
per-bin minimum non-zero probability:       1.15202e-38
per-bin maximum probability:                0.808376
per-bin probability dynamic range (kT):     87.144
per-segment minimum non-zero probability:   1.44002e-39
per-segment maximum non-zero probability:   0.128437
per-segment probability dynamic range (kT): 87.3838
norm = 1, error in norm = 0 (0*epsilon)
MAB binning in use
Bottleneck bin occupancy may not be accurately reported
Waiting for segments to complete...
Iteration completed successfully
Iteration wallclock: 0:28:32.849837, cputime: 1:29:15.650628


Sat Aug 20 01:39:01 2022
Iteration 153 (500 requested)
Beginning iteration 153
40 segments remain in iteration 153 (40 total)
5 of 32 (15.625000%) active bins are populated
per-bin minimum non-zero probability:       1.44002e-39
per-bin maximum probability:                0.869365
per-bin probability dynamic range (kT):     89.2962
per-segment minimum non-zero probability:   1.80002e-40
per-segment maximum non-zero probability:   0.152813
per-segment probability dynamic range (kT): 89.6371
norm = 1, error in norm = 0 (0*epsilon)
MAB binning in use
Bottleneck bin occupancy may not be accurately reported
Waiting for segments to complete...
Iteration completed successfully
Iteration wallclock: 0:28:19.541461, cputime: 1:29:11.559501


Sat Aug 20 02:07:20 2022
Iteration 154 (500 requested)
Beginning iteration 154
40 segments remain in iteration 154 (40 total)
5 of 32 (15.625000%) active bins are populated
per-bin minimum non-zero probability:       1.80002e-40
per-bin maximum probability:                0.875434
per-bin probability dynamic range (kT):     91.3826
per-segment minimum non-zero probability:   2.25003e-41
per-segment maximum non-zero probability:   0.152813
per-segment probability dynamic range (kT): 91.7165
norm = 1, error in norm = 0 (0*epsilon)
MAB binning in use
Bottleneck bin occupancy may not be accurately reported
Waiting for segments to complete...
Iteration completed successfully
Iteration wallclock: 0:28:22.057011, cputime: 1:29:15.461794


Sat Aug 20 02:35:43 2022
Iteration 155 (500 requested)
Beginning iteration 155
40 segments remain in iteration 155 (40 total)
5 of 32 (15.625000%) active bins are populated
per-bin minimum non-zero probability:       2.25003e-41
per-bin maximum probability:                0.884293
per-bin probability dynamic range (kT):     93.4721
per-segment minimum non-zero probability:   2.81254e-42
per-segment maximum non-zero probability:   0.152813
per-segment probability dynamic range (kT): 93.7959
norm = 1, error in norm = 0 (0*epsilon)
MAB binning in use
Bottleneck bin occupancy may not be accurately reported
Waiting for segments to complete...
Iteration completed successfully
Iteration wallclock: 0:28:13.285014, cputime: 1:29:18.534257


Sat Aug 20 03:03:56 2022
Iteration 156 (500 requested)
Beginning iteration 156
40 segments remain in iteration 156 (40 total)
5 of 32 (15.625000%) active bins are populated
per-bin minimum non-zero probability:       2.81254e-42
per-bin maximum probability:                0.9396
per-bin probability dynamic range (kT):     95.6122
per-segment minimum non-zero probability:   3.51567e-43
per-segment maximum non-zero probability:   0.152813
per-segment probability dynamic range (kT): 95.8754
norm = 1, error in norm = 0 (0*epsilon)
MAB binning in use
Bottleneck bin occupancy may not be accurately reported
Waiting for segments to complete...
Iteration completed successfully
Iteration wallclock: 0:28:22.264235, cputime: 1:29:12.439889


Sat Aug 20 03:32:18 2022
Iteration 157 (500 requested)
Beginning iteration 157
40 segments remain in iteration 157 (40 total)
5 of 32 (15.625000%) active bins are populated
per-bin minimum non-zero probability:       3.51567e-43
per-bin maximum probability:                0.9396
per-bin probability dynamic range (kT):     97.6916
per-segment minimum non-zero probability:   4.39459e-44
per-segment maximum non-zero probability:   0.152813
per-segment probability dynamic range (kT): 97.9548
norm = 1, error in norm = 0 (0*epsilon)
MAB binning in use
Bottleneck bin occupancy may not be accurately reported
Waiting for segments to complete...
Iteration completed successfully
Iteration wallclock: 0:28:23.308380, cputime: 1:29:11.930094


Sat Aug 20 04:00:41 2022
Iteration 158 (500 requested)
Beginning iteration 158
40 segments remain in iteration 158 (40 total)
4 of 32 (12.500000%) active bins are populated
per-bin minimum non-zero probability:       4.39459e-44
per-bin maximum probability:                0.946429
per-bin probability dynamic range (kT):     99.7783
per-segment minimum non-zero probability:   5.49324e-45
per-segment maximum non-zero probability:   0.152813
per-segment probability dynamic range (kT): 100.034
norm = 1, error in norm = 2.22045e-16 (1*epsilon)
MAB binning in use
Bottleneck bin occupancy may not be accurately reported
Waiting for segments to complete...
Iteration completed successfully
Iteration wallclock: 0:28:12.375627, cputime: 1:29:19.427863


Sat Aug 20 04:28:54 2022
Iteration 159 (500 requested)
Beginning iteration 159
40 segments remain in iteration 159 (40 total)
5 of 32 (15.625000%) active bins are populated
per-bin minimum non-zero probability:       5.49324e-45
per-bin maximum probability:                0.87927
per-bin probability dynamic range (kT):     101.784
per-segment minimum non-zero probability:   6.86655e-46
per-segment maximum non-zero probability:   0.152813
per-segment probability dynamic range (kT): 102.114
norm = 1, error in norm = 0 (0*epsilon)
MAB binning in use
Bottleneck bin occupancy may not be accurately reported
Waiting for segments to complete...
Iteration completed successfully
Iteration wallclock: 0:28:18.640923, cputime: 1:29:14.897276


Sat Aug 20 04:57:12 2022
Iteration 160 (500 requested)
Beginning iteration 160
32 segments remain in iteration 160 (32 total)
4 of 32 (12.500000%) active bins are populated
per-bin minimum non-zero probability:       6.86655e-46
per-bin maximum probability:                0.861966
per-bin probability dynamic range (kT):     103.844
per-segment minimum non-zero probability:   8.58318e-47
per-segment maximum non-zero probability:   0.152813
per-segment probability dynamic range (kT): 104.193
norm = 1, error in norm = 2.22045e-16 (1*epsilon)
MAB binning in use
Bottleneck bin occupancy may not be accurately reported
Waiting for segments to complete...
Iteration completed successfully
Iteration wallclock: 0:22:41.325707, cputime: 1:11:26.820000


Sat Aug 20 05:19:54 2022
Iteration 161 (500 requested)
Beginning iteration 161
40 segments remain in iteration 161 (40 total)
4 of 32 (12.500000%) active bins are populated
per-bin minimum non-zero probability:       8.58318e-47
per-bin maximum probability:                0.982746
per-bin probability dynamic range (kT):     106.054
per-segment minimum non-zero probability:   1.0729e-47
per-segment maximum non-zero probability:   0.152813
per-segment probability dynamic range (kT): 106.273
norm = 1, error in norm = 0 (0*epsilon)
MAB binning in use
Bottleneck bin occupancy may not be accurately reported
Waiting for segments to complete...
Iteration completed successfully
Iteration wallclock: 0:28:24.560114, cputime: 1:29:14.836654


Sat Aug 20 05:48:18 2022
Iteration 162 (500 requested)
Beginning iteration 162
40 segments remain in iteration 162 (40 total)
5 of 32 (15.625000%) active bins are populated
per-bin minimum non-zero probability:       1.0729e-47
per-bin maximum probability:                0.894105
per-bin probability dynamic range (kT):     108.039
per-segment minimum non-zero probability:   1.34112e-48
per-segment maximum non-zero probability:   0.152813
per-segment probability dynamic range (kT): 108.352
norm = 1, error in norm = 0 (0*epsilon)
MAB binning in use
Bottleneck bin occupancy may not be accurately reported
Waiting for segments to complete...
Iteration completed successfully
Iteration wallclock: 0:28:27.698969, cputime: 1:29:09.392807


Sat Aug 20 06:16:46 2022
Iteration 163 (500 requested)
Beginning iteration 163
40 segments remain in iteration 163 (40 total)
5 of 32 (15.625000%) active bins are populated
per-bin minimum non-zero probability:       1.34112e-48
per-bin maximum probability:                0.899107
per-bin probability dynamic range (kT):     110.124
per-segment minimum non-zero probability:   1.6764e-49
per-segment maximum non-zero probability:   0.156826
per-segment probability dynamic range (kT): 110.457
norm = 1, error in norm = 0 (0*epsilon)
MAB binning in use
Bottleneck bin occupancy may not be accurately reported
Waiting for segments to complete...
Iteration completed successfully
Iteration wallclock: 0:28:11.471915, cputime: 1:29:11.786289


Sat Aug 20 06:44:57 2022
Iteration 164 (500 requested)
Beginning iteration 164
32 segments remain in iteration 164 (32 total)
4 of 32 (12.500000%) active bins are populated
per-bin minimum non-zero probability:       1.6764e-49
per-bin maximum probability:                0.899344
per-bin probability dynamic range (kT):     112.204
per-segment minimum non-zero probability:   2.0955e-50
per-segment maximum non-zero probability:   0.156826
per-segment probability dynamic range (kT): 112.537
norm = 1, error in norm = 2.22045e-16 (1*epsilon)
MAB binning in use
Bottleneck bin occupancy may not be accurately reported
Waiting for segments to complete...
Iteration completed successfully
Iteration wallclock: 0:22:39.508947, cputime: 1:11:22.380827


Sat Aug 20 07:07:37 2022
Iteration 165 (500 requested)
Beginning iteration 165
40 segments remain in iteration 165 (40 total)
5 of 32 (15.625000%) active bins are populated
per-bin minimum non-zero probability:       2.0955e-50
per-bin maximum probability:                0.987414
per-bin probability dynamic range (kT):     114.377
per-segment minimum non-zero probability:   2.61938e-51
per-segment maximum non-zero probability:   0.156826
per-segment probability dynamic range (kT): 114.616
norm = 1, error in norm = 0 (0*epsilon)
MAB binning in use
Bottleneck bin occupancy may not be accurately reported
Waiting for segments to complete...
Iteration completed successfully
Iteration wallclock: 0:28:18.478261, cputime: 1:29:07.755748


Sat Aug 20 07:35:55 2022
Iteration 166 (500 requested)
Beginning iteration 166
40 segments remain in iteration 166 (40 total)
5 of 32 (15.625000%) active bins are populated
per-bin minimum non-zero probability:       2.61938e-51
per-bin maximum probability:                0.998427
per-bin probability dynamic range (kT):     116.467
per-segment minimum non-zero probability:   3.27422e-52
per-segment maximum non-zero probability:   0.156826
per-segment probability dynamic range (kT): 116.696
norm = 1, error in norm = 0 (0*epsilon)
MAB binning in use
Bottleneck bin occupancy may not be accurately reported
Waiting for segments to complete...
Iteration completed successfully
Iteration wallclock: 0:28:16.060213, cputime: 1:29:25.656890


Sat Aug 20 08:04:12 2022
Iteration 167 (500 requested)
Beginning iteration 167
40 segments remain in iteration 167 (40 total)
5 of 32 (15.625000%) active bins are populated
per-bin minimum non-zero probability:       3.27422e-52
per-bin maximum probability:                0.887713
per-bin probability dynamic range (kT):     118.429
per-segment minimum non-zero probability:   4.09278e-53
per-segment maximum non-zero probability:   0.156826
per-segment probability dynamic range (kT): 118.775
norm = 1, error in norm = 0 (0*epsilon)
MAB binning in use
Bottleneck bin occupancy may not be accurately reported
Waiting for segments to complete...
Iteration completed successfully
Iteration wallclock: 0:28:27.720460, cputime: 1:29:29.732655


Sat Aug 20 08:32:39 2022
Iteration 168 (500 requested)
Beginning iteration 168
40 segments remain in iteration 168 (40 total)
5 of 32 (15.625000%) active bins are populated
per-bin minimum non-zero probability:       4.09278e-53
per-bin maximum probability:                0.891941
per-bin probability dynamic range (kT):     120.513
per-segment minimum non-zero probability:   5.11598e-54
per-segment maximum non-zero probability:   0.156826
per-segment probability dynamic range (kT): 120.855
norm = 1, error in norm = 2.22045e-16 (1*epsilon)
MAB binning in use
Bottleneck bin occupancy may not be accurately reported
Waiting for segments to complete...
Iteration completed successfully
Iteration wallclock: 0:28:29.024704, cputime: 1:29:24.581595


Sat Aug 20 09:01:08 2022
Iteration 169 (500 requested)
Beginning iteration 169
40 segments remain in iteration 169 (40 total)
5 of 32 (15.625000%) active bins are populated
per-bin minimum non-zero probability:       5.11598e-54
per-bin maximum probability:                0.986493
per-bin probability dynamic range (kT):     122.694
per-segment minimum non-zero probability:   6.39497e-55
per-segment maximum non-zero probability:   0.156826
per-segment probability dynamic range (kT): 122.934
norm = 1, error in norm = 0 (0*epsilon)
MAB binning in use
Bottleneck bin occupancy may not be accurately reported
Waiting for segments to complete...
Iteration completed successfully
Iteration wallclock: 0:28:21.101254, cputime: 1:29:11.952813


Sat Aug 20 09:29:29 2022
Iteration 170 (500 requested)
Beginning iteration 170
40 segments remain in iteration 170 (40 total)
5 of 32 (15.625000%) active bins are populated
per-bin minimum non-zero probability:       6.39497e-55
per-bin maximum probability:                0.998312
per-bin probability dynamic range (kT):     124.785
per-segment minimum non-zero probability:   7.99371e-56
per-segment maximum non-zero probability:   0.156826
per-segment probability dynamic range (kT): 125.013
norm = 1, error in norm = 0 (0*epsilon)
MAB binning in use
Bottleneck bin occupancy may not be accurately reported
Waiting for segments to complete...
Iteration completed successfully
Iteration wallclock: 0:28:21.413245, cputime: 1:29:06.264078


Sat Aug 20 09:57:51 2022
Iteration 171 (500 requested)
Beginning iteration 171
32 segments remain in iteration 171 (32 total)
4 of 32 (12.500000%) active bins are populated
per-bin minimum non-zero probability:       7.99371e-56
per-bin maximum probability:                0.999789
per-bin probability dynamic range (kT):     126.866
per-segment minimum non-zero probability:   9.99214e-57
per-segment maximum non-zero probability:   0.156826
per-segment probability dynamic range (kT): 127.093
norm = 1, error in norm = 0 (0*epsilon)
MAB binning in use
Bottleneck bin occupancy may not be accurately reported
Waiting for segments to complete...
Iteration completed successfully
Iteration wallclock: 0:22:37.604133, cputime: 1:11:21.237871


Sat Aug 20 10:20:28 2022
Iteration 172 (500 requested)
Beginning iteration 172
40 segments remain in iteration 172 (40 total)
5 of 32 (15.625000%) active bins are populated
per-bin minimum non-zero probability:       9.99214e-57
per-bin maximum probability:                0.999974
per-bin probability dynamic range (kT):     128.946
per-segment minimum non-zero probability:   1.24902e-57
per-segment maximum non-zero probability:   0.156826
per-segment probability dynamic range (kT): 129.172
norm = 1, error in norm = 0 (0*epsilon)
MAB binning in use
Bottleneck bin occupancy may not be accurately reported
Waiting for segments to complete...
Iteration completed successfully
Iteration wallclock: 0:28:16.117003, cputime: 1:29:07.286806


Sat Aug 20 10:48:45 2022
Iteration 173 (500 requested)
Beginning iteration 173
40 segments remain in iteration 173 (40 total)
5 of 32 (15.625000%) active bins are populated
per-bin minimum non-zero probability:       1.24902e-57
per-bin maximum probability:                0.887713
per-bin probability dynamic range (kT):     130.906
per-segment minimum non-zero probability:   1.56127e-58
per-segment maximum non-zero probability:   0.152813
per-segment probability dynamic range (kT): 131.226
norm = 1, error in norm = 2.22045e-16 (1*epsilon)
MAB binning in use
Bottleneck bin occupancy may not be accurately reported
Waiting for segments to complete...
Iteration completed successfully
Iteration wallclock: 0:28:19.026003, cputime: 1:29:14.395697


Sat Aug 20 11:17:04 2022
Iteration 174 (500 requested)
Beginning iteration 174
32 segments remain in iteration 174 (32 total)
4 of 32 (12.500000%) active bins are populated
per-bin minimum non-zero probability:       1.56127e-58
per-bin maximum probability:                0.847187
per-bin probability dynamic range (kT):     132.939
per-segment minimum non-zero probability:   1.95159e-59
per-segment maximum non-zero probability:   0.128437
per-segment probability dynamic range (kT): 133.132
norm = 1, error in norm = 0 (0*epsilon)
MAB binning in use
Bottleneck bin occupancy may not be accurately reported
Waiting for segments to complete...
Iteration completed successfully
Iteration wallclock: 0:22:37.812812, cputime: 1:11:17.363405


Sat Aug 20 11:39:41 2022
Iteration 175 (500 requested)
Beginning iteration 175
32 segments remain in iteration 175 (32 total)
4 of 32 (12.500000%) active bins are populated
per-bin minimum non-zero probability:       1.95159e-59
per-bin maximum probability:                0.980898
per-bin probability dynamic range (kT):     135.165
per-segment minimum non-zero probability:   2.43949e-60
per-segment maximum non-zero probability:   0.189963
per-segment probability dynamic range (kT): 135.602
norm = 1, error in norm = 0 (0*epsilon)
MAB binning in use
Bottleneck bin occupancy may not be accurately reported
Waiting for segments to complete...
Iteration completed successfully
Iteration wallclock: 0:29:01.660515, cputime: 1:11:20.757077


Sat Aug 20 12:08:43 2022
Iteration 176 (500 requested)
Beginning iteration 176
32 segments remain in iteration 176 (32 total)
4 of 32 (12.500000%) active bins are populated
per-bin minimum non-zero probability:       2.43949e-60
per-bin maximum probability:                0.997612
per-bin probability dynamic range (kT):     137.261
per-segment minimum non-zero probability:   3.04936e-61
per-segment maximum non-zero probability:   0.189963
per-segment probability dynamic range (kT): 137.682
norm = 1, error in norm = 0 (0*epsilon)
MAB binning in use
Bottleneck bin occupancy may not be accurately reported
Waiting for segments to complete...
Iteration completed successfully
Iteration wallclock: 0:22:48.533169, cputime: 1:11:21.818035


Sat Aug 20 12:31:32 2022
Iteration 177 (500 requested)
Beginning iteration 177
40 segments remain in iteration 177 (40 total)
5 of 32 (15.625000%) active bins are populated
per-bin minimum non-zero probability:       3.04936e-61
per-bin maximum probability:                0.999702
per-bin probability dynamic range (kT):     139.342
per-segment minimum non-zero probability:   3.8117e-62
per-segment maximum non-zero probability:   0.189963
per-segment probability dynamic range (kT): 139.761
norm = 1, error in norm = 0 (0*epsilon)
MAB binning in use
Bottleneck bin occupancy may not be accurately reported
Waiting for segments to complete...
Iteration completed successfully
Iteration wallclock: 0:28:19.441600, cputime: 1:29:10.307608


Sat Aug 20 12:59:51 2022
Iteration 178 (500 requested)
Beginning iteration 178
40 segments remain in iteration 178 (40 total)
5 of 32 (15.625000%) active bins are populated
per-bin minimum non-zero probability:       3.8117e-62
per-bin maximum probability:                0.999963
per-bin probability dynamic range (kT):     141.422
per-segment minimum non-zero probability:   4.76462e-63
per-segment maximum non-zero probability:   0.189963
per-segment probability dynamic range (kT): 141.841
norm = 1, error in norm = 0 (0*epsilon)
MAB binning in use
Bottleneck bin occupancy may not be accurately reported
Waiting for segments to complete...
Iteration completed successfully
Iteration wallclock: 0:28:25.339057, cputime: 1:29:11.821463


Sat Aug 20 13:28:16 2022
Iteration 179 (500 requested)
Beginning iteration 179
40 segments remain in iteration 179 (40 total)
5 of 32 (15.625000%) active bins are populated
per-bin minimum non-zero probability:       4.76462e-63
per-bin maximum probability:                0.999995
per-bin probability dynamic range (kT):     143.502
per-segment minimum non-zero probability:   5.95578e-64
per-segment maximum non-zero probability:   0.189963
per-segment probability dynamic range (kT): 143.92
norm = 1, error in norm = 0 (0*epsilon)
MAB binning in use
Bottleneck bin occupancy may not be accurately reported
Waiting for segments to complete...
Iteration completed successfully
Iteration wallclock: 0:28:16.118691, cputime: 1:29:09.245731


Sat Aug 20 13:56:32 2022
Iteration 180 (500 requested)
Beginning iteration 180
40 segments remain in iteration 180 (40 total)
5 of 32 (15.625000%) active bins are populated
per-bin minimum non-zero probability:       5.95578e-64
per-bin maximum probability:                0.999999
per-bin probability dynamic range (kT):     145.581
per-segment minimum non-zero probability:   7.44473e-65
per-segment maximum non-zero probability:   0.189963
per-segment probability dynamic range (kT): 146
norm = 1, error in norm = 0 (0*epsilon)
MAB binning in use
Bottleneck bin occupancy may not be accurately reported
Waiting for segments to complete...
Iteration completed successfully
Iteration wallclock: 0:28:18.918093, cputime: 1:29:06.852726


Sat Aug 20 14:24:51 2022
Iteration 181 (500 requested)
Beginning iteration 181
40 segments remain in iteration 181 (40 total)
5 of 32 (15.625000%) active bins are populated
per-bin minimum non-zero probability:       7.44473e-65
per-bin maximum probability:                1
per-bin probability dynamic range (kT):     147.661
per-segment minimum non-zero probability:   9.30591e-66
per-segment maximum non-zero probability:   0.189963
per-segment probability dynamic range (kT): 148.079
norm = 1, error in norm = 0 (0*epsilon)
MAB binning in use
Bottleneck bin occupancy may not be accurately reported
Waiting for segments to complete...
Iteration completed successfully
Iteration wallclock: 0:28:14.103771, cputime: 1:29:07.938357


Sat Aug 20 14:53:05 2022
Iteration 182 (500 requested)
Beginning iteration 182
40 segments remain in iteration 182 (40 total)
5 of 32 (15.625000%) active bins are populated
per-bin minimum non-zero probability:       9.30591e-66
per-bin maximum probability:                0.885035
per-bin probability dynamic range (kT):     149.618
per-segment minimum non-zero probability:   1.16324e-66
per-segment maximum non-zero probability:   0.189963
per-segment probability dynamic range (kT): 150.158
norm = 1, error in norm = 0 (0*epsilon)
MAB binning in use
Bottleneck bin occupancy may not be accurately reported
Waiting for segments to complete...
Iteration completed successfully
Iteration wallclock: 0:28:22.868015, cputime: 1:29:10.209483


Sat Aug 20 15:21:28 2022
Iteration 183 (500 requested)
Beginning iteration 183
40 segments remain in iteration 183 (40 total)
5 of 32 (15.625000%) active bins are populated
per-bin minimum non-zero probability:       2.30953e-22
per-bin maximum probability:                0.699393
per-bin probability dynamic range (kT):     49.4623
per-segment minimum non-zero probability:   2.88692e-23
per-segment maximum non-zero probability:   0.11461
per-segment probability dynamic range (kT): 49.733
norm = 1, error in norm = 0 (0*epsilon)
MAB binning in use
Bottleneck bin occupancy may not be accurately reported
Waiting for segments to complete...
Iteration completed successfully
Iteration wallclock: 0:28:19.526680, cputime: 1:29:14.382417


Sat Aug 20 15:49:48 2022
Iteration 184 (500 requested)
Beginning iteration 184
40 segments remain in iteration 184 (40 total)
5 of 32 (15.625000%) active bins are populated
per-bin minimum non-zero probability:       2.88692e-23
per-bin maximum probability:                0.972339
per-bin probability dynamic range (kT):     51.8712
per-segment minimum non-zero probability:   3.60865e-24
per-segment maximum non-zero probability:   0.162456
per-segment probability dynamic range (kT): 52.1614
norm = 1, error in norm = 0 (0*epsilon)
MAB binning in use
Bottleneck bin occupancy may not be accurately reported
Waiting for segments to complete...
Iteration completed successfully
Iteration wallclock: 0:28:23.707274, cputime: 1:29:10.582985


Sat Aug 20 16:18:12 2022
Iteration 185 (500 requested)
Beginning iteration 185
40 segments remain in iteration 185 (40 total)
5 of 32 (15.625000%) active bins are populated
per-bin minimum non-zero probability:       3.60865e-24
per-bin maximum probability:                0.883661
per-bin probability dynamic range (kT):     53.855
per-segment minimum non-zero probability:   4.51081e-25
per-segment maximum non-zero probability:   0.162456
per-segment probability dynamic range (kT): 54.2408
norm = 1, error in norm = 0 (0*epsilon)
MAB binning in use
Bottleneck bin occupancy may not be accurately reported
Waiting for segments to complete...
Iteration completed successfully
Iteration wallclock: 0:28:17.478435, cputime: 1:29:13.011783


Sat Aug 20 16:46:29 2022
Iteration 186 (500 requested)
Beginning iteration 186
40 segments remain in iteration 186 (40 total)
5 of 32 (15.625000%) active bins are populated
per-bin minimum non-zero probability:       4.51081e-25
per-bin maximum probability:                0.985458
per-bin probability dynamic range (kT):     56.0435
per-segment minimum non-zero probability:   5.63851e-26
per-segment maximum non-zero probability:   0.162456
per-segment probability dynamic range (kT): 56.3202
norm = 1, error in norm = 0 (0*epsilon)
MAB binning in use
Bottleneck bin occupancy may not be accurately reported
Waiting for segments to complete...
Iteration completed successfully
Iteration wallclock: 0:28:15.821974, cputime: 1:29:08.803828


Sat Aug 20 17:14:45 2022
Iteration 187 (500 requested)
Beginning iteration 187
40 segments remain in iteration 187 (40 total)
5 of 32 (15.625000%) active bins are populated
per-bin minimum non-zero probability:       5.63851e-26
per-bin maximum probability:                0.998182
per-bin probability dynamic range (kT):     58.1358
per-segment minimum non-zero probability:   7.04814e-27
per-segment maximum non-zero probability:   0.162456
per-segment probability dynamic range (kT): 58.3997
norm = 1, error in norm = 0 (0*epsilon)
MAB binning in use
Bottleneck bin occupancy may not be accurately reported
Waiting for segments to complete...
Iteration completed successfully
Iteration wallclock: 0:28:21.586651, cputime: 1:29:11.214434


Sat Aug 20 17:43:06 2022
Iteration 188 (500 requested)
Beginning iteration 188
40 segments remain in iteration 188 (40 total)
5 of 32 (15.625000%) active bins are populated
per-bin minimum non-zero probability:       7.04814e-27
per-bin maximum probability:                0.999773
per-bin probability dynamic range (kT):     60.2168
per-segment minimum non-zero probability:   8.81018e-28
per-segment maximum non-zero probability:   0.162456
per-segment probability dynamic range (kT): 60.4791
norm = 1, error in norm = 2.22045e-16 (1*epsilon)
MAB binning in use
Bottleneck bin occupancy may not be accurately reported
Waiting for segments to complete...
Iteration completed successfully
Iteration wallclock: 0:28:19.349418, cputime: 1:29:09.084108


Sat Aug 20 18:11:26 2022
Iteration 189 (500 requested)
Beginning iteration 189
40 segments remain in iteration 189 (40 total)
5 of 32 (15.625000%) active bins are populated
per-bin minimum non-zero probability:       8.81018e-28
per-bin maximum probability:                0.999972
per-bin probability dynamic range (kT):     62.2964
per-segment minimum non-zero probability:   1.10127e-28
per-segment maximum non-zero probability:   0.162456
per-segment probability dynamic range (kT): 62.5586
norm = 1, error in norm = 0 (0*epsilon)
MAB binning in use
Bottleneck bin occupancy may not be accurately reported
Waiting for segments to complete...
Iteration completed successfully
Iteration wallclock: 0:28:15.599688, cputime: 1:29:06.005580


Sat Aug 20 18:39:41 2022
Iteration 190 (500 requested)
Beginning iteration 190
40 segments remain in iteration 190 (40 total)
5 of 32 (15.625000%) active bins are populated
per-bin minimum non-zero probability:       1.10127e-28
per-bin maximum probability:                0.753541
per-bin probability dynamic range (kT):     64.0929
per-segment minimum non-zero probability:   1.37659e-29
per-segment maximum non-zero probability:   0.128437
per-segment probability dynamic range (kT): 64.403
norm = 1, error in norm = 0 (0*epsilon)
MAB binning in use
Bottleneck bin occupancy may not be accurately reported
Waiting for segments to complete...
Iteration completed successfully
Iteration wallclock: 0:28:18.768146, cputime: 1:29:19.902936


Sat Aug 20 19:08:00 2022
Iteration 191 (500 requested)
Beginning iteration 191
40 segments remain in iteration 191 (40 total)
5 of 32 (15.625000%) active bins are populated
per-bin minimum non-zero probability:       1.37659e-29
per-bin maximum probability:                0.864581
per-bin probability dynamic range (kT):     66.3098
per-segment minimum non-zero probability:   1.72074e-30
per-segment maximum non-zero probability:   0.128437
per-segment probability dynamic range (kT): 66.4825
norm = 1, error in norm = 0 (0*epsilon)
MAB binning in use
Bottleneck bin occupancy may not be accurately reported
Waiting for segments to complete...
Iteration completed successfully
Iteration wallclock: 0:28:27.422503, cputime: 1:29:10.150388


Sat Aug 20 19:36:28 2022
Iteration 192 (500 requested)
Beginning iteration 192
40 segments remain in iteration 192 (40 total)
5 of 32 (15.625000%) active bins are populated
per-bin minimum non-zero probability:       1.72074e-30
per-bin maximum probability:                0.983073
per-bin probability dynamic range (kT):     68.5177
per-segment minimum non-zero probability:   2.15092e-31
per-segment maximum non-zero probability:   0.175899
per-segment probability dynamic range (kT): 68.8764
norm = 1, error in norm = 0 (0*epsilon)
MAB binning in use
Bottleneck bin occupancy may not be accurately reported
Waiting for segments to complete...
Iteration completed successfully
Iteration wallclock: 0:28:13.714997, cputime: 1:29:05.716910


Sat Aug 20 20:04:41 2022
Iteration 193 (500 requested)
Beginning iteration 193
40 segments remain in iteration 193 (40 total)
5 of 32 (15.625000%) active bins are populated
per-bin minimum non-zero probability:       2.15092e-31
per-bin maximum probability:                0.997884
per-bin probability dynamic range (kT):     70.6121
per-segment minimum non-zero probability:   2.68865e-32
per-segment maximum non-zero probability:   0.175899
per-segment probability dynamic range (kT): 70.9558
norm = 1, error in norm = 0 (0*epsilon)
MAB binning in use
Bottleneck bin occupancy may not be accurately reported
Waiting for segments to complete...
Iteration completed successfully
Iteration wallclock: 0:28:11.429745, cputime: 1:29:14.456272


Sat Aug 20 20:32:53 2022
Iteration 194 (500 requested)
Beginning iteration 194
40 segments remain in iteration 194 (40 total)
5 of 32 (15.625000%) active bins are populated
per-bin minimum non-zero probability:       2.68865e-32
per-bin maximum probability:                0.999736
per-bin probability dynamic range (kT):     72.6934
per-segment minimum non-zero probability:   3.36082e-33
per-segment maximum non-zero probability:   0.175899
per-segment probability dynamic range (kT): 73.0353
norm = 1, error in norm = 0 (0*epsilon)
MAB binning in use
Bottleneck bin occupancy may not be accurately reported
Waiting for segments to complete...
Iteration completed successfully
Iteration wallclock: 0:28:16.528867, cputime: 1:29:11.035065


Sat Aug 20 21:01:09 2022
Iteration 195 (500 requested)
Beginning iteration 195
40 segments remain in iteration 195 (40 total)
5 of 32 (15.625000%) active bins are populated
per-bin minimum non-zero probability:       3.36082e-33
per-bin maximum probability:                0.885013
per-bin probability dynamic range (kT):     74.651
per-segment minimum non-zero probability:   4.20102e-34
per-segment maximum non-zero probability:   0.175899
per-segment probability dynamic range (kT): 75.1147
norm = 1, error in norm = 0 (0*epsilon)
MAB binning in use
Bottleneck bin occupancy may not be accurately reported
Waiting for segments to complete...
Iteration completed successfully
Iteration wallclock: 0:28:16.807237, cputime: 1:29:15.596832


Sat Aug 20 21:29:26 2022
Iteration 196 (500 requested)
Beginning iteration 196
40 segments remain in iteration 196 (40 total)
5 of 32 (15.625000%) active bins are populated
per-bin minimum non-zero probability:       4.20102e-34
per-bin maximum probability:                0.824101
per-bin probability dynamic range (kT):     76.6591
per-segment minimum non-zero probability:   5.25127e-35
per-segment maximum non-zero probability:   0.128437
per-segment probability dynamic range (kT): 76.8797
norm = 1, error in norm = 0 (0*epsilon)
MAB binning in use
Bottleneck bin occupancy may not be accurately reported
Waiting for segments to complete...
Iteration completed successfully
Iteration wallclock: 0:28:18.904016, cputime: 1:29:36.193277


Sat Aug 20 21:57:45 2022
Iteration 197 (500 requested)
Beginning iteration 197
40 segments remain in iteration 197 (40 total)
5 of 32 (15.625000%) active bins are populated
per-bin minimum non-zero probability:       5.25127e-35
per-bin maximum probability:                0.978013
per-bin probability dynamic range (kT):     78.9098
per-segment minimum non-zero probability:   6.56409e-36
per-segment maximum non-zero probability:   0.153945
per-segment probability dynamic range (kT): 79.1403
norm = 1, error in norm = 0 (0*epsilon)
MAB binning in use
Bottleneck bin occupancy may not be accurately reported
Waiting for segments to complete...
Iteration completed successfully
Iteration wallclock: 0:28:28.051178, cputime: 1:29:09.120810


Sat Aug 20 22:26:13 2022
Iteration 198 (500 requested)
Beginning iteration 198
40 segments remain in iteration 198 (40 total)
5 of 32 (15.625000%) active bins are populated
per-bin minimum non-zero probability:       6.56409e-36
per-bin maximum probability:                0.885042
per-bin probability dynamic range (kT):     80.8893
per-segment minimum non-zero probability:   8.20511e-37
per-segment maximum non-zero probability:   0.153945
per-segment probability dynamic range (kT): 81.2197
norm = 1, error in norm = 0 (0*epsilon)
MAB binning in use
Bottleneck bin occupancy may not be accurately reported
Waiting for segments to complete...
Iteration completed successfully
Iteration wallclock: 0:28:26.770523, cputime: 1:29:05.644704


Sat Aug 20 22:54:40 2022
Iteration 199 (500 requested)
Beginning iteration 199
40 segments remain in iteration 199 (40 total)
5 of 32 (15.625000%) active bins are populated
per-bin minimum non-zero probability:       8.20511e-37
per-bin maximum probability:                0.824068
per-bin probability dynamic range (kT):     82.8974
per-segment minimum non-zero probability:   1.02564e-37
per-segment maximum non-zero probability:   0.128437
per-segment probability dynamic range (kT): 83.118
norm = 1, error in norm = 0 (0*epsilon)
MAB binning in use
Bottleneck bin occupancy may not be accurately reported
Waiting for segments to complete...
Iteration completed successfully
Iteration wallclock: 0:28:13.683822, cputime: 1:29:14.823009


Sat Aug 20 23:22:54 2022
Iteration 200 (500 requested)
Beginning iteration 200
40 segments remain in iteration 200 (40 total)
5 of 32 (15.625000%) active bins are populated
per-bin minimum non-zero probability:       1.02564e-37
per-bin maximum probability:                0.980757
per-bin probability dynamic range (kT):     85.1509
per-segment minimum non-zero probability:   1.28205e-38
per-segment maximum non-zero probability:   0.158317
per-segment probability dynamic range (kT): 85.4066
norm = 1, error in norm = 2.22045e-16 (1*epsilon)
MAB binning in use
Bottleneck bin occupancy may not be accurately reported
Waiting for segments to complete...
Iteration completed successfully
Iteration wallclock: 0:28:21.394565, cputime: 1:29:08.453701


Sat Aug 20 23:51:15 2022
Iteration 201 (500 requested)
Beginning iteration 201
40 segments remain in iteration 201 (40 total)
5 of 32 (15.625000%) active bins are populated
per-bin minimum non-zero probability:       1.28205e-38
per-bin maximum probability:                0.997595
per-bin probability dynamic range (kT):     87.2474
per-segment minimum non-zero probability:   1.60256e-39
per-segment maximum non-zero probability:   0.158317
per-segment probability dynamic range (kT): 87.4861
norm = 1, error in norm = 2.22045e-16 (1*epsilon)
MAB binning in use
Bottleneck bin occupancy may not be accurately reported
Waiting for segments to complete...
Iteration completed successfully
Iteration wallclock: 0:28:25.500682, cputime: 1:29:06.013726


Sun Aug 21 00:19:40 2022
Iteration 202 (500 requested)
Beginning iteration 202
40 segments remain in iteration 202 (40 total)
5 of 32 (15.625000%) active bins are populated
per-bin minimum non-zero probability:       1.60256e-39
per-bin maximum probability:                0.999699
per-bin probability dynamic range (kT):     89.3289
per-segment minimum non-zero probability:   2.0032e-40
per-segment maximum non-zero probability:   0.158317
per-segment probability dynamic range (kT): 89.5655
norm = 1, error in norm = 0 (0*epsilon)
MAB binning in use
Bottleneck bin occupancy may not be accurately reported
Waiting for segments to complete...
Iteration completed successfully
Iteration wallclock: 0:28:13.614614, cputime: 1:29:03.889598


Sun Aug 21 00:47:54 2022
Iteration 203 (500 requested)
Beginning iteration 203
40 segments remain in iteration 203 (40 total)
5 of 32 (15.625000%) active bins are populated
per-bin minimum non-zero probability:       6.36213e-18
per-bin maximum probability:                0.999925
per-bin probability dynamic range (kT):     39.5961
per-segment minimum non-zero probability:   7.95266e-19
per-segment maximum non-zero probability:   0.158317
per-segment probability dynamic range (kT): 39.8325
norm = 1, error in norm = 0 (0*epsilon)
MAB binning in use
Bottleneck bin occupancy may not be accurately reported
Waiting for segments to complete...
Iteration completed successfully
Iteration wallclock: 0:28:20.224916, cputime: 1:29:00.255961


Sun Aug 21 01:16:14 2022
Iteration 204 (500 requested)
Beginning iteration 204
40 segments remain in iteration 204 (40 total)
5 of 32 (15.625000%) active bins are populated
per-bin minimum non-zero probability:       7.95266e-19
per-bin maximum probability:                0.754817
per-bin probability dynamic range (kT):     41.3943
per-segment minimum non-zero probability:   9.94082e-20
per-segment maximum non-zero probability:   0.128437
per-segment probability dynamic range (kT): 41.7027
norm = 1, error in norm = 2.22045e-16 (1*epsilon)
MAB binning in use
Bottleneck bin occupancy may not be accurately reported
Waiting for segments to complete...
Iteration completed successfully
Iteration wallclock: 0:28:12.385190, cputime: 1:29:08.278172


Sun Aug 21 01:44:27 2022
Iteration 205 (500 requested)
Beginning iteration 205
32 segments remain in iteration 205 (32 total)
5 of 32 (15.625000%) active bins are populated
per-bin minimum non-zero probability:       9.94082e-20
per-bin maximum probability:                0.809141
per-bin probability dynamic range (kT):     43.5433
per-segment minimum non-zero probability:   1.2426e-20
per-segment maximum non-zero probability:   0.158317
per-segment probability dynamic range (kT): 43.9913
norm = 1, error in norm = 2.22045e-16 (1*epsilon)
MAB binning in use
Bottleneck bin occupancy may not be accurately reported
Waiting for segments to complete...
Iteration completed successfully
Iteration wallclock: 0:22:42.469046, cputime: 1:11:15.018761


Sun Aug 21 02:07:09 2022
Iteration 206 (500 requested)
Beginning iteration 206
40 segments remain in iteration 206 (40 total)
5 of 32 (15.625000%) active bins are populated
per-bin minimum non-zero probability:       1.2426e-20
per-bin maximum probability:                0.995932
per-bin probability dynamic range (kT):     45.8304
per-segment minimum non-zero probability:   1.55325e-21
per-segment maximum non-zero probability:   0.158317
per-segment probability dynamic range (kT): 46.0708
norm = 1, error in norm = 2.22045e-16 (1*epsilon)
MAB binning in use
Bottleneck bin occupancy may not be accurately reported
Waiting for segments to complete...
Iteration completed successfully
Iteration wallclock: 0:28:18.107403, cputime: 1:29:05.529941


Sun Aug 21 02:35:27 2022
Iteration 207 (500 requested)
Beginning iteration 207
40 segments remain in iteration 207 (40 total)
5 of 32 (15.625000%) active bins are populated
per-bin minimum non-zero probability:       1.55325e-21
per-bin maximum probability:                0.884405
per-bin probability dynamic range (kT):     47.7911
per-segment minimum non-zero probability:   1.94157e-22
per-segment maximum non-zero probability:   0.158317
per-segment probability dynamic range (kT): 48.1502
norm = 1, error in norm = 0 (0*epsilon)
MAB binning in use
Bottleneck bin occupancy may not be accurately reported
Waiting for segments to complete...
Iteration completed successfully
Iteration wallclock: 0:28:15.884053, cputime: 1:29:09.038298


Sun Aug 21 03:03:43 2022
Iteration 208 (500 requested)
Beginning iteration 208
40 segments remain in iteration 208 (40 total)
5 of 32 (15.625000%) active bins are populated
per-bin minimum non-zero probability:       3.17791e-05
per-bin maximum probability:                0.755346
per-bin probability dynamic range (kT):     10.0761
per-segment minimum non-zero probability:   3.97238e-06
per-segment maximum non-zero probability:   0.128437
per-segment probability dynamic range (kT): 10.3838
norm = 1, error in norm = 2.22045e-16 (1*epsilon)
MAB binning in use
Bottleneck bin occupancy may not be accurately reported
Waiting for segments to complete...
Iteration completed successfully
Iteration wallclock: 0:28:11.037498, cputime: 1:28:59.844729


Sun Aug 21 03:31:54 2022
Iteration 209 (500 requested)
Beginning iteration 209
40 segments remain in iteration 209 (40 total)
5 of 32 (15.625000%) active bins are populated
per-bin minimum non-zero probability:       3.97238e-06
per-bin maximum probability:                0.893911
per-bin probability dynamic range (kT):     12.324
per-segment minimum non-zero probability:   4.96548e-07
per-segment maximum non-zero probability:   0.128437
per-segment probability dynamic range (kT): 12.4633
norm = 1, error in norm = 2.22045e-16 (1*epsilon)
MAB binning in use
Bottleneck bin occupancy may not be accurately reported
Waiting for segments to complete...
Iteration completed successfully
Iteration wallclock: 0:28:29.424155, cputime: 1:28:59.759986


Sun Aug 21 04:00:24 2022
Iteration 210 (500 requested)
Beginning iteration 210
40 segments remain in iteration 210 (40 total)
5 of 32 (15.625000%) active bins are populated
per-bin minimum non-zero probability:       4.96548e-07
per-bin maximum probability:                0.894293
per-bin probability dynamic range (kT):     14.4039
per-segment minimum non-zero probability:   6.20685e-08
per-segment maximum non-zero probability:   0.128437
per-segment probability dynamic range (kT): 14.5427
norm = 1, error in norm = 0 (0*epsilon)
MAB binning in use
Bottleneck bin occupancy may not be accurately reported
Waiting for segments to complete...
Iteration completed successfully
Iteration wallclock: 0:28:15.628340, cputime: 1:29:02.901546


Sun Aug 21 04:28:39 2022
Iteration 211 (500 requested)
Beginning iteration 211
40 segments remain in iteration 211 (40 total)
5 of 32 (15.625000%) active bins are populated
per-bin minimum non-zero probability:       0.000246288
per-bin maximum probability:                0.784907
per-bin probability dynamic range (kT):     8.06682
per-segment minimum non-zero probability:   3.0786e-05
per-segment maximum non-zero probability:   0.123693
per-segment probability dynamic range (kT): 8.2985
norm = 1, error in norm = 2.22045e-16 (1*epsilon)
MAB binning in use
Bottleneck bin occupancy may not be accurately reported
Waiting for segments to complete...
Iteration completed successfully
Iteration wallclock: 0:28:15.668833, cputime: 1:28:58.407643


Sun Aug 21 04:56:55 2022
Iteration 212 (500 requested)
Beginning iteration 212
32 segments remain in iteration 212 (32 total)
5 of 32 (15.625000%) active bins are populated
per-bin minimum non-zero probability:       3.0786e-05
per-bin maximum probability:                0.789684
per-bin probability dynamic range (kT):     10.1523
per-segment minimum non-zero probability:   3.84825e-06
per-segment maximum non-zero probability:   0.143278
per-segment probability dynamic range (kT): 10.5249
norm = 1, error in norm = 0 (0*epsilon)
MAB binning in use
Bottleneck bin occupancy may not be accurately reported
Waiting for segments to complete...
Iteration completed successfully
Iteration wallclock: 0:22:37.703162, cputime: 1:11:12.948059


Sun Aug 21 05:19:33 2022
Iteration 213 (500 requested)
Beginning iteration 213
40 segments remain in iteration 213 (40 total)
5 of 32 (15.625000%) active bins are populated
per-bin minimum non-zero probability:       3.84825e-06
per-bin maximum probability:                0.88284
per-bin probability dynamic range (kT):     12.3433
per-segment minimum non-zero probability:   4.81031e-07
per-segment maximum non-zero probability:   0.143278
per-segment probability dynamic range (kT): 12.6044
norm = 1, error in norm = 2.22045e-16 (1*epsilon)
MAB binning in use
Bottleneck bin occupancy may not be accurately reported
Waiting for segments to complete...
Iteration completed successfully
Iteration wallclock: 0:28:19.987595, cputime: 1:29:05.943052


Sun Aug 21 05:47:53 2022
Iteration 214 (500 requested)
Beginning iteration 214
40 segments remain in iteration 214 (40 total)
4 of 32 (12.500000%) active bins are populated
per-bin minimum non-zero probability:       0.0129856
per-bin maximum probability:                0.850336
per-bin probability dynamic range (kT):     4.18179
per-segment minimum non-zero probability:   0.0016232
per-segment maximum non-zero probability:   0.116205
per-segment probability dynamic range (kT): 4.27095
norm = 1, error in norm = 0 (0*epsilon)
MAB binning in use
Bottleneck bin occupancy may not be accurately reported
Waiting for segments to complete...
Iteration completed successfully
Iteration wallclock: 0:28:14.335499, cputime: 1:29:05.988242


Sun Aug 21 06:16:07 2022
Iteration 215 (500 requested)
Beginning iteration 215
32 segments remain in iteration 215 (32 total)
5 of 32 (15.625000%) active bins are populated
per-bin minimum non-zero probability:       0.0016232
per-bin maximum probability:                0.766721
per-bin probability dynamic range (kT):     6.15772
per-segment minimum non-zero probability:   0.0002029
per-segment maximum non-zero probability:   0.170347
per-segment probability dynamic range (kT): 6.73288
norm = 1, error in norm = 0 (0*epsilon)
MAB binning in use
Bottleneck bin occupancy may not be accurately reported
Waiting for segments to complete...
Iteration completed successfully
Iteration wallclock: 0:22:43.644214, cputime: 1:11:13.060681


Sun Aug 21 06:38:51 2022
Iteration 216 (500 requested)
Beginning iteration 216
40 segments remain in iteration 216 (40 total)
5 of 32 (15.625000%) active bins are populated
per-bin minimum non-zero probability:       0.0002029
per-bin maximum probability:                0.736324
per-bin probability dynamic range (kT):     8.19671
per-segment minimum non-zero probability:   2.53625e-05
per-segment maximum non-zero probability:   0.121246
per-segment probability dynamic range (kT): 8.4723
norm = 1, error in norm = 2.22045e-16 (1*epsilon)
MAB binning in use
Bottleneck bin occupancy may not be accurately reported
Waiting for segments to complete...
Iteration completed successfully
Iteration wallclock: 0:28:21.785643, cputime: 1:29:03.513482


Sun Aug 21 07:07:12 2022
Iteration 217 (500 requested)
Beginning iteration 217
40 segments remain in iteration 217 (40 total)
5 of 32 (15.625000%) active bins are populated
per-bin minimum non-zero probability:       2.53625e-05
per-bin maximum probability:                0.858171
per-bin probability dynamic range (kT):     10.4293
per-segment minimum non-zero probability:   3.17032e-06
per-segment maximum non-zero probability:   0.121246
per-segment probability dynamic range (kT): 10.5517
norm = 1, error in norm = 2.22045e-16 (1*epsilon)
MAB binning in use
Bottleneck bin occupancy may not be accurately reported
Waiting for segments to complete...
Iteration completed successfully
Iteration wallclock: 0:28:24.408564, cputime: 1:29:05.170706


Sun Aug 21 07:35:37 2022
Iteration 218 (500 requested)
Beginning iteration 218
40 segments remain in iteration 218 (40 total)
5 of 32 (15.625000%) active bins are populated
per-bin minimum non-zero probability:       3.17032e-06
per-bin maximum probability:                0.895893
per-bin probability dynamic range (kT):     12.5517
per-segment minimum non-zero probability:   3.9629e-07
per-segment maximum non-zero probability:   0.121246
per-segment probability dynamic range (kT): 12.6312
norm = 1, error in norm = 0 (0*epsilon)
MAB binning in use
Bottleneck bin occupancy may not be accurately reported
Waiting for segments to complete...
Iteration completed successfully
Iteration wallclock: 0:28:26.409409, cputime: 1:29:00.761626


Sun Aug 21 08:04:03 2022
Iteration 219 (500 requested)
Beginning iteration 219
40 segments remain in iteration 219 (40 total)
5 of 32 (15.625000%) active bins are populated
per-bin minimum non-zero probability:       3.9629e-07
per-bin maximum probability:                0.877012
per-bin probability dynamic range (kT):     14.6099
per-segment minimum non-zero probability:   4.95362e-08
per-segment maximum non-zero probability:   0.190137
per-segment probability dynamic range (kT): 15.1606
norm = 1, error in norm = 2.22045e-16 (1*epsilon)
MAB binning in use
Bottleneck bin occupancy may not be accurately reported
Waiting for segments to complete...
Iteration completed successfully
Iteration wallclock: 0:28:22.325610, cputime: 1:29:05.961851


Sun Aug 21 08:32:26 2022
Iteration 220 (500 requested)
Beginning iteration 220
32 segments remain in iteration 220 (32 total)
4 of 32 (12.500000%) active bins are populated
per-bin minimum non-zero probability:       4.95362e-08
per-bin maximum probability:                0.696034
per-bin probability dynamic range (kT):     16.4582
per-segment minimum non-zero probability:   6.19202e-09
per-segment maximum non-zero probability:   0.116205
per-segment probability dynamic range (kT): 16.7476
norm = 1, error in norm = 2.22045e-16 (1*epsilon)
MAB binning in use
Bottleneck bin occupancy may not be accurately reported
Waiting for segments to complete...
Iteration completed successfully
Iteration wallclock: 0:22:43.750182, cputime: 1:11:13.842555


Sun Aug 21 08:55:09 2022
Iteration 221 (500 requested)
Beginning iteration 221
40 segments remain in iteration 221 (40 total)
5 of 32 (15.625000%) active bins are populated
per-bin minimum non-zero probability:       6.19202e-09
per-bin maximum probability:                0.971543
per-bin probability dynamic range (kT):     18.8711
per-segment minimum non-zero probability:   7.74003e-10
per-segment maximum non-zero probability:   0.169505
per-segment probability dynamic range (kT): 19.2046
norm = 1, error in norm = 2.22045e-16 (1*epsilon)
MAB binning in use
Bottleneck bin occupancy may not be accurately reported
Waiting for segments to complete...
Iteration completed successfully
Iteration wallclock: 0:28:20.904301, cputime: 1:29:05.222703


Sun Aug 21 09:23:30 2022
Iteration 222 (500 requested)
Beginning iteration 222
40 segments remain in iteration 222 (40 total)
5 of 32 (15.625000%) active bins are populated
per-bin minimum non-zero probability:       7.74003e-10
per-bin maximum probability:                0.875197
per-bin probability dynamic range (kT):     20.8461
per-segment minimum non-zero probability:   9.67504e-11
per-segment maximum non-zero probability:   0.169505
per-segment probability dynamic range (kT): 21.284
norm = 1, error in norm = 2.22045e-16 (1*epsilon)
MAB binning in use
Bottleneck bin occupancy may not be accurately reported
Waiting for segments to complete...
Iteration completed successfully
Iteration wallclock: 0:28:21.907197, cputime: 1:29:02.934674


Sun Aug 21 09:51:52 2022
Iteration 223 (500 requested)
Beginning iteration 223
40 segments remain in iteration 223 (40 total)
5 of 32 (15.625000%) active bins are populated
per-bin minimum non-zero probability:       9.67504e-11
per-bin maximum probability:                0.974655
per-bin probability dynamic range (kT):     23.0332
per-segment minimum non-zero probability:   1.20938e-11
per-segment maximum non-zero probability:   0.169505
per-segment probability dynamic range (kT): 23.3635
norm = 1, error in norm = 0 (0*epsilon)
MAB binning in use
Bottleneck bin occupancy may not be accurately reported
Waiting for segments to complete...
Iteration completed successfully
Iteration wallclock: 0:28:25.611750, cputime: 1:29:04.493909


Sun Aug 21 10:20:18 2022
Iteration 224 (500 requested)
Beginning iteration 224
40 segments remain in iteration 224 (40 total)
5 of 32 (15.625000%) active bins are populated
per-bin minimum non-zero probability:       1.20938e-11
per-bin maximum probability:                0.889456
per-bin probability dynamic range (kT):     25.0212
per-segment minimum non-zero probability:   1.51172e-12
per-segment maximum non-zero probability:   0.169505
per-segment probability dynamic range (kT): 25.4429
norm = 1, error in norm = 0 (0*epsilon)
MAB binning in use
Bottleneck bin occupancy may not be accurately reported
Waiting for segments to complete...
Iteration completed successfully
Iteration wallclock: 0:28:20.598669, cputime: 1:29:05.292183


Sun Aug 21 10:48:38 2022
Iteration 225 (500 requested)
Beginning iteration 225
40 segments remain in iteration 225 (40 total)
5 of 32 (15.625000%) active bins are populated
per-bin minimum non-zero probability:       1.51172e-12
per-bin maximum probability:                0.996832
per-bin probability dynamic range (kT):     27.2146
per-segment minimum non-zero probability:   1.88966e-13
per-segment maximum non-zero probability:   0.169505
per-segment probability dynamic range (kT): 27.5223
norm = 1, error in norm = 0 (0*epsilon)
MAB binning in use
Bottleneck bin occupancy may not be accurately reported
Waiting for segments to complete...
Iteration completed successfully
Iteration wallclock: 0:28:15.613738, cputime: 1:29:04.472773


Sun Aug 21 11:16:54 2022
Iteration 226 (500 requested)
Beginning iteration 226
32 segments remain in iteration 226 (32 total)
4 of 32 (12.500000%) active bins are populated
per-bin minimum non-zero probability:       1.88966e-13
per-bin maximum probability:                0.868572
per-bin probability dynamic range (kT):     29.1563
per-segment minimum non-zero probability:   2.36207e-14
per-segment maximum non-zero probability:   0.169505
per-segment probability dynamic range (kT): 29.6018
norm = 1, error in norm = 0 (0*epsilon)
MAB binning in use
Bottleneck bin occupancy may not be accurately reported
Waiting for segments to complete...
Iteration completed successfully
Iteration wallclock: 0:22:42.413092, cputime: 1:11:23.644752


Sun Aug 21 11:39:36 2022
Iteration 227 (500 requested)
Beginning iteration 227
32 segments remain in iteration 227 (32 total)
4 of 32 (12.500000%) active bins are populated
per-bin minimum non-zero probability:       2.36207e-14
per-bin maximum probability:                0.983572
per-bin probability dynamic range (kT):     31.3601
per-segment minimum non-zero probability:   2.95259e-15
per-segment maximum non-zero probability:   0.169505
per-segment probability dynamic range (kT): 31.6812
norm = 1, error in norm = 0 (0*epsilon)
MAB binning in use
Bottleneck bin occupancy may not be accurately reported
Waiting for segments to complete...
Iteration completed successfully
Iteration wallclock: 0:22:35.597604, cputime: 1:11:23.650195


Sun Aug 21 12:02:12 2022
Iteration 228 (500 requested)
Beginning iteration 228
32 segments remain in iteration 228 (32 total)
4 of 32 (12.500000%) active bins are populated
per-bin minimum non-zero probability:       2.95259e-15
per-bin maximum probability:                0.884516
per-bin probability dynamic range (kT):     33.3334
per-segment minimum non-zero probability:   3.69073e-16
per-segment maximum non-zero probability:   0.169505
per-segment probability dynamic range (kT): 33.7607
norm = 1, error in norm = 0 (0*epsilon)
MAB binning in use
Bottleneck bin occupancy may not be accurately reported
Waiting for segments to complete...
Iteration completed successfully
Iteration wallclock: 0:22:39.153068, cputime: 1:11:17.461611


Sun Aug 21 12:24:51 2022
Iteration 229 (500 requested)
Beginning iteration 229
40 segments remain in iteration 229 (40 total)
5 of 32 (15.625000%) active bins are populated
per-bin minimum non-zero probability:       3.69073e-16
per-bin maximum probability:                0.885261
per-bin probability dynamic range (kT):     35.4137
per-segment minimum non-zero probability:   4.61342e-17
per-segment maximum non-zero probability:   0.169505
per-segment probability dynamic range (kT): 35.8401
norm = 1, error in norm = 2.22045e-16 (1*epsilon)
MAB binning in use
Bottleneck bin occupancy may not be accurately reported
Waiting for segments to complete...
Iteration completed successfully
Iteration wallclock: 0:28:13.300814, cputime: 1:29:07.937882


Sun Aug 21 12:53:04 2022
Iteration 230 (500 requested)
Beginning iteration 230
32 segments remain in iteration 230 (32 total)
4 of 32 (12.500000%) active bins are populated
per-bin minimum non-zero probability:       4.61342e-17
per-bin maximum probability:                0.830463
per-bin probability dynamic range (kT):     37.4292
per-segment minimum non-zero probability:   5.76677e-18
per-segment maximum non-zero probability:   0.123523
per-segment probability dynamic range (kT): 37.6031
norm = 1, error in norm = 0 (0*epsilon)
MAB binning in use
Bottleneck bin occupancy may not be accurately reported
Waiting for segments to complete...
Iteration completed successfully
Iteration wallclock: 0:22:40.957693, cputime: 1:11:13.504576


Sun Aug 21 13:15:45 2022
Iteration 231 (500 requested)
Beginning iteration 231
40 segments remain in iteration 231 (40 total)
5 of 32 (15.625000%) active bins are populated
per-bin minimum non-zero probability:       5.76677e-18
per-bin maximum probability:                0.915244
per-bin probability dynamic range (kT):     39.6059
per-segment minimum non-zero probability:   7.20846e-19
per-segment maximum non-zero probability:   0.123523
per-segment probability dynamic range (kT): 39.6825
norm = 1, error in norm = 2.22045e-16 (1*epsilon)
MAB binning in use
Bottleneck bin occupancy may not be accurately reported
Waiting for segments to complete...
Iteration completed successfully
Iteration wallclock: 0:28:14.969287, cputime: 1:29:05.214222


Sun Aug 21 13:44:00 2022
Iteration 232 (500 requested)
Beginning iteration 232
40 segments remain in iteration 232 (40 total)
5 of 32 (15.625000%) active bins are populated
per-bin minimum non-zero probability:       7.20846e-19
per-bin maximum probability:                0.782091
per-bin probability dynamic range (kT):     41.5281
per-segment minimum non-zero probability:   9.01058e-20
per-segment maximum non-zero probability:   0.123523
per-segment probability dynamic range (kT): 41.762
norm = 1, error in norm = 2.22045e-16 (1*epsilon)
MAB binning in use
Bottleneck bin occupancy may not be accurately reported
Waiting for segments to complete...
Iteration completed successfully
Iteration wallclock: 0:28:13.692441, cputime: 1:29:05.465015


Sun Aug 21 14:12:14 2022
Iteration 233 (500 requested)
Beginning iteration 233
40 segments remain in iteration 233 (40 total)
5 of 32 (15.625000%) active bins are populated
per-bin minimum non-zero probability:       9.01058e-20
per-bin maximum probability:                0.918471
per-bin probability dynamic range (kT):     43.7683
per-segment minimum non-zero probability:   1.12632e-20
per-segment maximum non-zero probability:   0.123523
per-segment probability dynamic range (kT): 43.8414
norm = 1, error in norm = 0 (0*epsilon)
MAB binning in use
Bottleneck bin occupancy may not be accurately reported
Waiting for segments to complete...
Iteration completed successfully
Iteration wallclock: 0:28:12.308343, cputime: 1:29:05.030546


Sun Aug 21 14:40:26 2022
Iteration 234 (500 requested)
Beginning iteration 234
32 segments remain in iteration 234 (32 total)
4 of 32 (12.500000%) active bins are populated
per-bin minimum non-zero probability:       0.000224553
per-bin maximum probability:                0.718958
per-bin probability dynamic range (kT):     8.07145
per-segment minimum non-zero probability:   2.80691e-05
per-segment maximum non-zero probability:   0.166592
per-segment probability dynamic range (kT): 8.68863
norm = 1, error in norm = 0 (0*epsilon)
MAB binning in use
Bottleneck bin occupancy may not be accurately reported
Waiting for segments to complete...
Iteration completed successfully
Iteration wallclock: 0:22:39.482653, cputime: 1:11:15.844837


Sun Aug 21 15:03:06 2022
Iteration 235 (500 requested)
Beginning iteration 235
40 segments remain in iteration 235 (40 total)
5 of 32 (15.625000%) active bins are populated
per-bin minimum non-zero probability:       2.80691e-05
per-bin maximum probability:                0.719904
per-bin probability dynamic range (kT):     10.1522
per-segment minimum non-zero probability:   3.50863e-06
per-segment maximum non-zero probability:   0.166592
per-segment probability dynamic range (kT): 10.7681
norm = 1, error in norm = 2.22045e-16 (1*epsilon)
MAB binning in use
Bottleneck bin occupancy may not be accurately reported
Waiting for segments to complete...
Iteration completed successfully
Iteration wallclock: 0:28:21.767764, cputime: 1:29:02.064670


Sun Aug 21 15:31:28 2022
Iteration 236 (500 requested)
Beginning iteration 236
40 segments remain in iteration 236 (40 total)
5 of 32 (15.625000%) active bins are populated
per-bin minimum non-zero probability:       3.50863e-06
per-bin maximum probability:                0.71163
per-bin probability dynamic range (kT):     12.2201
per-segment minimum non-zero probability:   4.38579e-07
per-segment maximum non-zero probability:   0.166592
per-segment probability dynamic range (kT): 12.8475
norm = 1, error in norm = 0 (0*epsilon)
MAB binning in use
Bottleneck bin occupancy may not be accurately reported
Waiting for segments to complete...
Iteration completed successfully
Iteration wallclock: 0:28:27.096253, cputime: 1:29:05.306534


Sun Aug 21 15:59:55 2022
Iteration 237 (500 requested)
Beginning iteration 237
40 segments remain in iteration 237 (40 total)
5 of 32 (15.625000%) active bins are populated
per-bin minimum non-zero probability:       4.38579e-07
per-bin maximum probability:                0.719182
per-bin probability dynamic range (kT):     14.3101
per-segment minimum non-zero probability:   5.48224e-08
per-segment maximum non-zero probability:   0.116205
per-segment probability dynamic range (kT): 14.5668
norm = 1, error in norm = 0 (0*epsilon)
MAB binning in use
Bottleneck bin occupancy may not be accurately reported
Waiting for segments to complete...
Iteration completed successfully
Iteration wallclock: 0:28:22.178630, cputime: 1:29:03.202518


Sun Aug 21 16:28:17 2022
Iteration 238 (500 requested)
Beginning iteration 238
40 segments remain in iteration 238 (40 total)
5 of 32 (15.625000%) active bins are populated
per-bin minimum non-zero probability:       5.48224e-08
per-bin maximum probability:                0.964898
per-bin probability dynamic range (kT):     16.6834
per-segment minimum non-zero probability:   6.8528e-09
per-segment maximum non-zero probability:   0.179194
per-segment probability dynamic range (kT): 17.0793
norm = 1, error in norm = 2.22045e-16 (1*epsilon)
MAB binning in use
Bottleneck bin occupancy may not be accurately reported
Waiting for segments to complete...
Iteration completed successfully
Iteration wallclock: 0:28:10.379818, cputime: 1:29:07.930417


Sun Aug 21 16:56:27 2022
Iteration 239 (500 requested)
Beginning iteration 239
40 segments remain in iteration 239 (40 total)
5 of 32 (15.625000%) active bins are populated
per-bin minimum non-zero probability:       6.8528e-09
per-bin maximum probability:                0.964898
per-bin probability dynamic range (kT):     18.7629
per-segment minimum non-zero probability:   8.566e-10
per-segment maximum non-zero probability:   0.136909
per-segment probability dynamic range (kT): 18.8896
norm = 1, error in norm = 0 (0*epsilon)
MAB binning in use
Bottleneck bin occupancy may not be accurately reported
Waiting for segments to complete...
Iteration completed successfully
Iteration wallclock: 0:28:18.829297, cputime: 1:29:02.742396


Sun Aug 21 17:24:46 2022
Iteration 240 (500 requested)
Beginning iteration 240
40 segments remain in iteration 240 (40 total)
5 of 32 (15.625000%) active bins are populated
per-bin minimum non-zero probability:       8.566e-10
per-bin maximum probability:                0.969453
per-bin probability dynamic range (kT):     20.847
per-segment minimum non-zero probability:   1.07075e-10
per-segment maximum non-zero probability:   0.167583
per-segment probability dynamic range (kT): 21.1712
norm = 1, error in norm = 0 (0*epsilon)
MAB binning in use
Bottleneck bin occupancy may not be accurately reported
Waiting for segments to complete...
Iteration completed successfully
Iteration wallclock: 0:28:11.257487, cputime: 1:29:02.747185


Sun Aug 21 17:52:57 2022
Iteration 241 (500 requested)
Beginning iteration 241
32 segments remain in iteration 241 (32 total)
4 of 32 (12.500000%) active bins are populated
per-bin minimum non-zero probability:       1.07075e-10
per-bin maximum probability:                0.999959
per-bin probability dynamic range (kT):     22.9575
per-segment minimum non-zero probability:   1.33844e-11
per-segment maximum non-zero probability:   0.167583
per-segment probability dynamic range (kT): 23.2507
norm = 1, error in norm = 0 (0*epsilon)
MAB binning in use
Bottleneck bin occupancy may not be accurately reported
Waiting for segments to complete...
Iteration completed successfully
Iteration wallclock: 0:22:43.486695, cputime: 1:11:11.781409


Sun Aug 21 18:15:41 2022
Iteration 242 (500 requested)
Beginning iteration 242
40 segments remain in iteration 242 (40 total)
5 of 32 (15.625000%) active bins are populated
per-bin minimum non-zero probability:       1.33844e-11
per-bin maximum probability:                0.866079
per-bin probability dynamic range (kT):     24.8932
per-segment minimum non-zero probability:   1.67305e-12
per-segment maximum non-zero probability:   0.136909
per-segment probability dynamic range (kT): 25.1279
norm = 1, error in norm = 2.22045e-16 (1*epsilon)
MAB binning in use
Bottleneck bin occupancy may not be accurately reported
Waiting for segments to complete...
Iteration completed successfully
Iteration wallclock: 0:28:18.656671, cputime: 1:29:05.790214


Sun Aug 21 18:44:00 2022
Iteration 243 (500 requested)
Beginning iteration 243
40 segments remain in iteration 243 (40 total)
5 of 32 (15.625000%) active bins are populated
per-bin minimum non-zero probability:       1.67305e-12
per-bin maximum probability:                0.758936
per-bin probability dynamic range (kT):     26.8405
per-segment minimum non-zero probability:   2.09131e-13
per-segment maximum non-zero probability:   0.136909
per-segment probability dynamic range (kT): 27.2074
norm = 1, error in norm = 2.22045e-16 (1*epsilon)
MAB binning in use
Bottleneck bin occupancy may not be accurately reported
Waiting for segments to complete...
Iteration completed successfully
Iteration wallclock: 0:28:25.482929, cputime: 1:29:02.320798


Sun Aug 21 19:12:25 2022
Iteration 244 (500 requested)
Beginning iteration 244
40 segments remain in iteration 244 (40 total)
5 of 32 (15.625000%) active bins are populated
per-bin minimum non-zero probability:       2.09131e-13
per-bin maximum probability:                0.973961
per-bin probability dynamic range (kT):     29.1694
per-segment minimum non-zero probability:   2.61414e-14
per-segment maximum non-zero probability:   0.161909
per-segment probability dynamic range (kT): 29.4545
norm = 1, error in norm = 0 (0*epsilon)
MAB binning in use
Bottleneck bin occupancy may not be accurately reported
Waiting for segments to complete...
Iteration completed successfully
Iteration wallclock: 0:28:18.588631, cputime: 1:28:58.113241


Sun Aug 21 19:40:44 2022
Iteration 245 (500 requested)
Beginning iteration 245
40 segments remain in iteration 245 (40 total)
5 of 32 (15.625000%) active bins are populated
per-bin minimum non-zero probability:       2.61414e-14
per-bin maximum probability:                0.996745
per-bin probability dynamic range (kT):     31.272
per-segment minimum non-zero probability:   3.26767e-15
per-segment maximum non-zero probability:   0.161909
per-segment probability dynamic range (kT): 31.534
norm = 1, error in norm = 0 (0*epsilon)
MAB binning in use
Bottleneck bin occupancy may not be accurately reported
Waiting for segments to complete...
Iteration completed successfully
Iteration wallclock: 0:28:12.086732, cputime: 1:29:05.873033


Sun Aug 21 20:08:56 2022
Iteration 246 (500 requested)
Beginning iteration 246
40 segments remain in iteration 246 (40 total)
5 of 32 (15.625000%) active bins are populated
per-bin minimum non-zero probability:       3.26767e-15
per-bin maximum probability:                0.883042
per-bin probability dynamic range (kT):     33.2303
per-segment minimum non-zero probability:   4.08459e-16
per-segment maximum non-zero probability:   0.161909
per-segment probability dynamic range (kT): 33.6134
norm = 1, error in norm = 2.22045e-16 (1*epsilon)
MAB binning in use
Bottleneck bin occupancy may not be accurately reported
Waiting for segments to complete...
Iteration completed successfully
Iteration wallclock: 0:28:19.009643, cputime: 1:29:04.204105


Sun Aug 21 20:37:15 2022
Iteration 247 (500 requested)
Beginning iteration 247
32 segments remain in iteration 247 (32 total)
4 of 32 (12.500000%) active bins are populated
per-bin minimum non-zero probability:       4.08459e-16
per-bin maximum probability:                0.999949
per-bin probability dynamic range (kT):     35.4341
per-segment minimum non-zero probability:   5.10574e-17
per-segment maximum non-zero probability:   0.161909
per-segment probability dynamic range (kT): 35.6929
norm = 1, error in norm = 2.22045e-16 (1*epsilon)
MAB binning in use
Bottleneck bin occupancy may not be accurately reported
Waiting for segments to complete...
Iteration completed successfully
Iteration wallclock: 0:22:41.329611, cputime: 1:11:16.229958


Sun Aug 21 20:59:56 2022
Iteration 248 (500 requested)
Beginning iteration 248
32 segments remain in iteration 248 (32 total)
4 of 32 (12.500000%) active bins are populated
per-bin minimum non-zero probability:       5.10574e-17
per-bin maximum probability:                0.999994
per-bin probability dynamic range (kT):     37.5136
per-segment minimum non-zero probability:   6.38217e-18
per-segment maximum non-zero probability:   0.161909
per-segment probability dynamic range (kT): 37.7723
norm = 1, error in norm = 0 (0*epsilon)
MAB binning in use
Bottleneck bin occupancy may not be accurately reported
Waiting for segments to complete...
Iteration completed successfully
Iteration wallclock: 0:22:42.411094, cputime: 1:11:22.257143


Sun Aug 21 21:22:38 2022
Iteration 249 (500 requested)
Beginning iteration 249
32 segments remain in iteration 249 (32 total)
4 of 32 (12.500000%) active bins are populated
per-bin minimum non-zero probability:       6.38217e-18
per-bin maximum probability:                0.999999
per-bin probability dynamic range (kT):     39.593
per-segment minimum non-zero probability:   7.97771e-19
per-segment maximum non-zero probability:   0.161909
per-segment probability dynamic range (kT): 39.8517
norm = 1, error in norm = 0 (0*epsilon)
MAB binning in use
Bottleneck bin occupancy may not be accurately reported
Waiting for segments to complete...
Iteration completed successfully
Iteration wallclock: 0:23:39.231801, cputime: 1:14:10.189732


Sun Aug 21 21:46:18 2022
Iteration 250 (500 requested)
Beginning iteration 250
40 segments remain in iteration 250 (40 total)
5 of 32 (15.625000%) active bins are populated
per-bin minimum non-zero probability:       7.97771e-19
per-bin maximum probability:                1
per-bin probability dynamic range (kT):     41.6725
per-segment minimum non-zero probability:   9.97214e-20
per-segment maximum non-zero probability:   0.161909
per-segment probability dynamic range (kT): 41.9312
norm = 1, error in norm = 0 (0*epsilon)
MAB binning in use
Bottleneck bin occupancy may not be accurately reported
Waiting for segments to complete...
Iteration completed successfully
Iteration wallclock: 0:29:35.925731, cputime: 1:33:33.356887


Sun Aug 21 22:15:54 2022
Iteration 251 (500 requested)
Beginning iteration 251
40 segments remain in iteration 251 (40 total)
5 of 32 (15.625000%) active bins are populated
per-bin minimum non-zero probability:       9.97214e-20
per-bin maximum probability:                1
per-bin probability dynamic range (kT):     43.7519
per-segment minimum non-zero probability:   1.24652e-20
per-segment maximum non-zero probability:   0.161909
per-segment probability dynamic range (kT): 44.0106
norm = 1, error in norm = 0 (0*epsilon)
MAB binning in use
Bottleneck bin occupancy may not be accurately reported
Waiting for segments to complete...
Iteration completed successfully
Iteration wallclock: 0:29:36.635961, cputime: 1:33:18.152110


Sun Aug 21 22:45:30 2022
Iteration 252 (500 requested)
Beginning iteration 252
40 segments remain in iteration 252 (40 total)
5 of 32 (15.625000%) active bins are populated
per-bin minimum non-zero probability:       1.24652e-20
per-bin maximum probability:                1
per-bin probability dynamic range (kT):     45.8313
per-segment minimum non-zero probability:   1.55815e-21
per-segment maximum non-zero probability:   0.161909
per-segment probability dynamic range (kT): 46.0901
norm = 1, error in norm = 2.22045e-16 (1*epsilon)
MAB binning in use
Bottleneck bin occupancy may not be accurately reported
Waiting for segments to complete...
Iteration completed successfully
Iteration wallclock: 0:29:39.952666, cputime: 1:33:12.386018

Iteration 253 would require more than the allotted time. Ending run.
