Updating system with the options from the configuration file
Maximum wallclock time: 2 days, 0:00:00

Thu Sep  8 17:08:57 2022
Iteration 627 (1000 requested)
0 segments remain in iteration 627 (40 total)
5 of 32 (15.625000%) active bins are populated
per-bin minimum non-zero probability:       9.36748e-321
per-bin maximum probability:                0.999745
per-bin probability dynamic range (kT):     inf
per-segment minimum non-zero probability:   1.17094e-321
per-segment maximum non-zero probability:   0.131957
per-segment probability dynamic range (kT): inf
norm = 1, error in norm = 0 (0*epsilon)
-- WARNING  [westpa.core.sim_manager] -- 
Minimum segment weight is < 1e-100 and might not be physically relevant. Please reconsider your progress coordinate or binning scheme.
MAB binning in use
Bottleneck bin occupancy may not be accurately reported
Waiting for segments to complete...
Iteration completed successfully
Iteration wallclock: 0:31:00.597946, cputime: 1:38:44.176893


Thu Sep  8 17:10:37 2022
Iteration 628 (1000 requested)
Beginning iteration 628
40 segments remain in iteration 628 (40 total)
5 of 32 (15.625000%) active bins are populated
per-bin minimum non-zero probability:       1.18576e-321
per-bin maximum probability:                0.8834
per-bin probability dynamic range (kT):     inf
per-segment minimum non-zero probability:   1.4822e-322
per-segment maximum non-zero probability:   0.131957
per-segment probability dynamic range (kT): inf
norm = 1, error in norm = 0 (0*epsilon)
-- WARNING  [westpa.core.sim_manager] -- 
Minimum segment weight is < 1e-100 and might not be physically relevant. Please reconsider your progress coordinate or binning scheme.
MAB binning in use
Bottleneck bin occupancy may not be accurately reported
Waiting for segments to complete...
Iteration completed successfully
Iteration wallclock: 0:28:45.875642, cputime: 1:29:59.396637


Thu Sep  8 17:39:23 2022
Iteration 629 (1000 requested)
Beginning iteration 629
40 segments remain in iteration 629 (40 total)
5 of 32 (15.625000%) active bins are populated
per-bin minimum non-zero probability:       1.58101e-322
per-bin maximum probability:                0.985425
per-bin probability dynamic range (kT):     inf
per-segment minimum non-zero probability:   1.97626e-323
per-segment maximum non-zero probability:   0.131957
per-segment probability dynamic range (kT): inf
norm = 1, error in norm = 2.22045e-16 (1*epsilon)
-- WARNING  [westpa.core.sim_manager] -- 
Minimum segment weight is < 1e-100 and might not be physically relevant. Please reconsider your progress coordinate or binning scheme.
MAB binning in use
Bottleneck bin occupancy may not be accurately reported
Waiting for segments to complete...
exception caught; shutting down
-- ERROR    [w_run] -- error message: cannot convert float infinity to integer
-- ERROR    [w_run] -- Traceback (most recent call last):
  File "/jet/home/dyang4/Apps/westpa/src/westpa/cli/core/w_run.py", line 62, in run_simulation
    sim_manager.run()
  File "/jet/home/dyang4/Apps/westpa/src/westpa/core/sim_manager.py", line 760, in run
    self.run_we()
  File "/jet/home/dyang4/Apps/westpa/src/westpa/core/sim_manager.py", line 682, in run_we
    self.we_driver.construct_next()
  File "/jet/home/dyang4/Apps/westpa/src/westpa/core/we_driver.py", line 875, in construct_next
    self._run_we()
  File "/jet/home/dyang4/Apps/westpa/src/westpa/core/we_driver.py", line 694, in _run_we
    self._split_by_weight(i, target_count, ideal_weight)
  File "/jet/home/dyang4/Apps/westpa/src/westpa/core/we_driver.py", line 533, in _split_by_weight
    m = int(math.ceil(segment.weight / ideal_weight))
OverflowError: cannot convert float infinity to integer

