Updating system with the options from the configuration file
Maximum wallclock time: 2 days, 0:00:00

Sun Aug 14 14:29:08 2022
Iteration 10 (500 requested)
Beginning iteration 10
40 segments remain in iteration 10 (40 total)
4 of 32 (12.500000%) active bins are populated
per-bin minimum non-zero probability:       0.000183105
per-bin maximum probability:                0.971859
per-bin probability dynamic range (kT):     8.5769
per-segment minimum non-zero probability:   2.28882e-05
per-segment maximum non-zero probability:   0.128906
per-segment probability dynamic range (kT): 8.63622
norm = 1, error in norm = 0 (0*epsilon)
MAB binning in use
Bottleneck bin occupancy may not be accurately reported
Waiting for segments to complete...
Iteration completed successfully
Iteration wallclock: 0:58:41.758801, cputime: 1:29:04.816203


Sun Aug 14 15:27:50 2022
Iteration 11 (500 requested)
Beginning iteration 11
40 segments remain in iteration 11 (40 total)
5 of 32 (15.625000%) active bins are populated
per-bin minimum non-zero probability:       2.28882e-05
per-bin maximum probability:                0.796833
per-bin probability dynamic range (kT):     10.4578
per-segment minimum non-zero probability:   2.86102e-06
per-segment maximum non-zero probability:   0.128906
per-segment probability dynamic range (kT): 10.7157
norm = 1, error in norm = 0 (0*epsilon)
MAB binning in use
Bottleneck bin occupancy may not be accurately reported
Waiting for segments to complete...
Iteration completed successfully
Iteration wallclock: 0:56:57.321457, cputime: 1:29:02.300628


Sun Aug 14 16:24:47 2022
Iteration 12 (500 requested)
Beginning iteration 12
32 segments remain in iteration 12 (32 total)
4 of 32 (12.500000%) active bins are populated
per-bin minimum non-zero probability:       2.86102e-06
per-bin maximum probability:                0.869386
per-bin probability dynamic range (kT):     12.6244
per-segment minimum non-zero probability:   3.57628e-07
per-segment maximum non-zero probability:   0.128906
per-segment probability dynamic range (kT): 12.7951
norm = 1, error in norm = 0 (0*epsilon)
MAB binning in use
Bottleneck bin occupancy may not be accurately reported
Waiting for segments to complete...
Iteration completed successfully
Iteration wallclock: 0:45:50.640832, cputime: 1:11:20.900613


Sun Aug 14 17:10:38 2022
Iteration 13 (500 requested)
Beginning iteration 13
40 segments remain in iteration 13 (40 total)
4 of 32 (12.500000%) active bins are populated
per-bin minimum non-zero probability:       3.57628e-07
per-bin maximum probability:                0.891456
per-bin probability dynamic range (kT):     14.7289
per-segment minimum non-zero probability:   4.47035e-08
per-segment maximum non-zero probability:   0.128906
per-segment probability dynamic range (kT): 14.8745
norm = 1, error in norm = 0 (0*epsilon)
MAB binning in use
Bottleneck bin occupancy may not be accurately reported
Waiting for segments to complete...
Iteration completed successfully
Iteration wallclock: 0:56:55.823378, cputime: 1:28:43.315385


Sun Aug 14 18:07:34 2022
Iteration 14 (500 requested)
Beginning iteration 14
40 segments remain in iteration 14 (40 total)
5 of 32 (15.625000%) active bins are populated
per-bin minimum non-zero probability:       4.47035e-08
per-bin maximum probability:                0.808725
per-bin probability dynamic range (kT):     16.7109
per-segment minimum non-zero probability:   5.58794e-09
per-segment maximum non-zero probability:   0.177707
per-segment probability dynamic range (kT): 17.275
norm = 1, error in norm = 0 (0*epsilon)
MAB binning in use
Bottleneck bin occupancy may not be accurately reported
Waiting for segments to complete...
Iteration completed successfully
Iteration wallclock: 0:56:56.573390, cputime: 1:28:29.343813


Sun Aug 14 19:04:30 2022
Iteration 15 (500 requested)
Beginning iteration 15
40 segments remain in iteration 15 (40 total)
5 of 32 (15.625000%) active bins are populated
per-bin minimum non-zero probability:       5.58794e-09
per-bin maximum probability:                0.873304
per-bin probability dynamic range (kT):     18.8672
per-segment minimum non-zero probability:   6.98492e-10
per-segment maximum non-zero probability:   0.177707
per-segment probability dynamic range (kT): 19.3545
norm = 1, error in norm = 0 (0*epsilon)
MAB binning in use
Bottleneck bin occupancy may not be accurately reported
Waiting for segments to complete...
Iteration completed successfully
Iteration wallclock: 0:57:16.120406, cputime: 1:28:54.794022


Sun Aug 14 20:01:46 2022
Iteration 16 (500 requested)
Beginning iteration 16
40 segments remain in iteration 16 (40 total)
5 of 32 (15.625000%) active bins are populated
per-bin minimum non-zero probability:       6.98492e-10
per-bin maximum probability:                0.806485
per-bin probability dynamic range (kT):     20.867
per-segment minimum non-zero probability:   8.73115e-11
per-segment maximum non-zero probability:   0.177707
per-segment probability dynamic range (kT): 21.4339
norm = 1, error in norm = 0 (0*epsilon)
MAB binning in use
Bottleneck bin occupancy may not be accurately reported
Waiting for segments to complete...
Iteration completed successfully
Iteration wallclock: 0:56:58.663702, cputime: 1:29:05.042198


Sun Aug 14 20:58:45 2022
Iteration 17 (500 requested)
Beginning iteration 17
40 segments remain in iteration 17 (40 total)
5 of 32 (15.625000%) active bins are populated
per-bin minimum non-zero probability:       8.73115e-11
per-bin maximum probability:                0.820317
per-bin probability dynamic range (kT):     22.9635
per-segment minimum non-zero probability:   1.09139e-11
per-segment maximum non-zero probability:   0.177707
per-segment probability dynamic range (kT): 23.5134
norm = 1, error in norm = 0 (0*epsilon)
MAB binning in use
Bottleneck bin occupancy may not be accurately reported
Waiting for segments to complete...
Iteration completed successfully
Iteration wallclock: 0:56:52.793630, cputime: 1:29:10.319308


Sun Aug 14 21:55:38 2022
Iteration 18 (500 requested)
Beginning iteration 18
40 segments remain in iteration 18 (40 total)
5 of 32 (15.625000%) active bins are populated
per-bin minimum non-zero probability:       1.09139e-11
per-bin maximum probability:                0.875285
per-bin probability dynamic range (kT):     25.1078
per-segment minimum non-zero probability:   1.36424e-12
per-segment maximum non-zero probability:   0.177707
per-segment probability dynamic range (kT): 25.5928
norm = 1, error in norm = 0 (0*epsilon)
MAB binning in use
Bottleneck bin occupancy may not be accurately reported
Waiting for segments to complete...
Iteration completed successfully
Iteration wallclock: 0:57:08.821047, cputime: 1:29:07.797713


Sun Aug 14 22:52:47 2022
Iteration 19 (500 requested)
Beginning iteration 19
40 segments remain in iteration 19 (40 total)
5 of 32 (15.625000%) active bins are populated
per-bin minimum non-zero probability:       1.36424e-12
per-bin maximum probability:                0.769135
per-bin probability dynamic range (kT):     27.0579
per-segment minimum non-zero probability:   1.7053e-13
per-segment maximum non-zero probability:   0.130613
per-segment probability dynamic range (kT): 27.3643
norm = 1, error in norm = 0 (0*epsilon)
MAB binning in use
Bottleneck bin occupancy may not be accurately reported
Waiting for segments to complete...
Iteration completed successfully
Iteration wallclock: 0:57:12.079886, cputime: 1:29:23.837220


Sun Aug 14 23:49:59 2022
Iteration 20 (500 requested)
Beginning iteration 20
40 segments remain in iteration 20 (40 total)
5 of 32 (15.625000%) active bins are populated
per-bin minimum non-zero probability:       1.7053e-13
per-bin maximum probability:                0.971142
per-bin probability dynamic range (kT):     29.3706
per-segment minimum non-zero probability:   2.13163e-14
per-segment maximum non-zero probability:   0.177707
per-segment probability dynamic range (kT): 29.7517
norm = 1, error in norm = 0 (0*epsilon)
MAB binning in use
Bottleneck bin occupancy may not be accurately reported
Waiting for segments to complete...
Iteration completed successfully
Iteration wallclock: 0:57:22.337414, cputime: 1:29:31.806257


Mon Aug 15 00:47:21 2022
Iteration 21 (500 requested)
Beginning iteration 21
40 segments remain in iteration 21 (40 total)
5 of 32 (15.625000%) active bins are populated
per-bin minimum non-zero probability:       2.13163e-14
per-bin maximum probability:                0.902857
per-bin probability dynamic range (kT):     31.3771
per-segment minimum non-zero probability:   2.66454e-15
per-segment maximum non-zero probability:   0.177707
per-segment probability dynamic range (kT): 31.8311
norm = 1, error in norm = 0 (0*epsilon)
MAB binning in use
Bottleneck bin occupancy may not be accurately reported
Waiting for segments to complete...
Iteration completed successfully
Iteration wallclock: 0:57:35.822767, cputime: 1:29:37.126411


Mon Aug 15 01:44:57 2022
Iteration 22 (500 requested)
Beginning iteration 22
40 segments remain in iteration 22 (40 total)
5 of 32 (15.625000%) active bins are populated
per-bin minimum non-zero probability:       2.66454e-15
per-bin maximum probability:                0.887685
per-bin probability dynamic range (kT):     33.4396
per-segment minimum non-zero probability:   3.33067e-16
per-segment maximum non-zero probability:   0.130613
per-segment probability dynamic range (kT): 33.6027
norm = 1, error in norm = 0 (0*epsilon)
MAB binning in use
Bottleneck bin occupancy may not be accurately reported
Waiting for segments to complete...
Iteration completed successfully
Iteration wallclock: 0:57:12.674266, cputime: 1:29:20.706818


Mon Aug 15 02:42:10 2022
Iteration 23 (500 requested)
Beginning iteration 23
40 segments remain in iteration 23 (40 total)
5 of 32 (15.625000%) active bins are populated
per-bin minimum non-zero probability:       3.33067e-16
per-bin maximum probability:                0.883397
per-bin probability dynamic range (kT):     35.5142
per-segment minimum non-zero probability:   4.16334e-17
per-segment maximum non-zero probability:   0.130613
per-segment probability dynamic range (kT): 35.6821
norm = 1, error in norm = 0 (0*epsilon)
MAB binning in use
Bottleneck bin occupancy may not be accurately reported
Waiting for segments to complete...
Iteration completed successfully
Iteration wallclock: 0:57:03.217643, cputime: 1:29:32.954595


Mon Aug 15 03:39:13 2022
Iteration 24 (500 requested)
Beginning iteration 24
40 segments remain in iteration 24 (40 total)
5 of 32 (15.625000%) active bins are populated
per-bin minimum non-zero probability:       4.16334e-17
per-bin maximum probability:                0.911143
per-bin probability dynamic range (kT):     37.6246
per-segment minimum non-zero probability:   5.20417e-18
per-segment maximum non-zero probability:   0.130613
per-segment probability dynamic range (kT): 37.7616
norm = 1, error in norm = 0 (0*epsilon)
MAB binning in use
Bottleneck bin occupancy may not be accurately reported
Waiting for segments to complete...
Iteration completed successfully
Iteration wallclock: 0:56:47.984799, cputime: 1:29:00.538682


Mon Aug 15 04:36:01 2022
Iteration 25 (500 requested)
Beginning iteration 25
40 segments remain in iteration 25 (40 total)
5 of 32 (15.625000%) active bins are populated
per-bin minimum non-zero probability:       5.20417e-18
per-bin maximum probability:                1
per-bin probability dynamic range (kT):     39.7971
per-segment minimum non-zero probability:   6.50521e-19
per-segment maximum non-zero probability:   0.187492
per-segment probability dynamic range (kT): 40.2025
norm = 1, error in norm = 0 (0*epsilon)
MAB binning in use
Bottleneck bin occupancy may not be accurately reported
Waiting for segments to complete...
Iteration completed successfully
Iteration wallclock: 0:56:55.488329, cputime: 1:29:00.408878


Mon Aug 15 05:32:56 2022
Iteration 26 (500 requested)
Beginning iteration 26
40 segments remain in iteration 26 (40 total)
5 of 32 (15.625000%) active bins are populated
per-bin minimum non-zero probability:       6.50521e-19
per-bin maximum probability:                0.875892
per-bin probability dynamic range (kT):     41.744
per-segment minimum non-zero probability:   8.13152e-20
per-segment maximum non-zero probability:   0.130613
per-segment probability dynamic range (kT): 41.9204
norm = 1, error in norm = 0 (0*epsilon)
MAB binning in use
Bottleneck bin occupancy may not be accurately reported
Waiting for segments to complete...
Iteration completed successfully
Iteration wallclock: 0:56:58.113382, cputime: 1:28:39.348098


Mon Aug 15 06:29:54 2022
Iteration 27 (500 requested)
Beginning iteration 27
40 segments remain in iteration 27 (40 total)
4 of 32 (12.500000%) active bins are populated
per-bin minimum non-zero probability:       8.13152e-20
per-bin maximum probability:                0.984487
per-bin probability dynamic range (kT):     43.9403
per-segment minimum non-zero probability:   1.01644e-20
per-segment maximum non-zero probability:   0.130613
per-segment probability dynamic range (kT): 43.9999
norm = 1, error in norm = 0 (0*epsilon)
MAB binning in use
Bottleneck bin occupancy may not be accurately reported
Waiting for segments to complete...
Iteration completed successfully
Iteration wallclock: 0:56:50.188685, cputime: 1:28:58.967686


Mon Aug 15 07:26:45 2022
Iteration 28 (500 requested)
Beginning iteration 28
40 segments remain in iteration 28 (40 total)
5 of 32 (15.625000%) active bins are populated
per-bin minimum non-zero probability:       1.01644e-20
per-bin maximum probability:                0.873061
per-bin probability dynamic range (kT):     45.8996
per-segment minimum non-zero probability:   1.27055e-21
per-segment maximum non-zero probability:   0.130613
per-segment probability dynamic range (kT): 46.0793
norm = 1, error in norm = 0 (0*epsilon)
MAB binning in use
Bottleneck bin occupancy may not be accurately reported
Waiting for segments to complete...
Iteration completed successfully
Iteration wallclock: 0:56:51.401658, cputime: 1:28:39.711200


Mon Aug 15 08:23:36 2022
Iteration 29 (500 requested)
Beginning iteration 29
40 segments remain in iteration 29 (40 total)
5 of 32 (15.625000%) active bins are populated
per-bin minimum non-zero probability:       1.27055e-21
per-bin maximum probability:                0.896178
per-bin probability dynamic range (kT):     48.0052
per-segment minimum non-zero probability:   1.58819e-22
per-segment maximum non-zero probability:   0.130613
per-segment probability dynamic range (kT): 48.1588
norm = 1, error in norm = 0 (0*epsilon)
MAB binning in use
Bottleneck bin occupancy may not be accurately reported
Waiting for segments to complete...
Iteration completed successfully
Iteration wallclock: 0:56:50.088093, cputime: 1:28:58.429845


Mon Aug 15 09:20:26 2022
Iteration 30 (500 requested)
Beginning iteration 30
40 segments remain in iteration 30 (40 total)
5 of 32 (15.625000%) active bins are populated
per-bin minimum non-zero probability:       1.58819e-22
per-bin maximum probability:                0.987022
per-bin probability dynamic range (kT):     50.1812
per-segment minimum non-zero probability:   1.98523e-23
per-segment maximum non-zero probability:   0.192872
per-segment probability dynamic range (kT): 50.628
norm = 1, error in norm = 0 (0*epsilon)
MAB binning in use
Bottleneck bin occupancy may not be accurately reported
Waiting for segments to complete...
Iteration completed successfully
Iteration wallclock: 0:56:29.801616, cputime: 1:28:02.382265


Mon Aug 15 10:16:56 2022
Iteration 31 (500 requested)
Beginning iteration 31
40 segments remain in iteration 31 (40 total)
5 of 32 (15.625000%) active bins are populated
per-bin minimum non-zero probability:       1.98523e-23
per-bin maximum probability:                0.766988
per-bin probability dynamic range (kT):     52.0084
per-segment minimum non-zero probability:   2.48154e-24
per-segment maximum non-zero probability:   0.192872
per-segment probability dynamic range (kT): 52.7074
norm = 1, error in norm = 0 (0*epsilon)
MAB binning in use
Bottleneck bin occupancy may not be accurately reported
Waiting for segments to complete...
Iteration completed successfully
Iteration wallclock: 0:55:59.233465, cputime: 1:27:04.708732


Mon Aug 15 11:12:55 2022
Iteration 32 (500 requested)
Beginning iteration 32
40 segments remain in iteration 32 (40 total)
5 of 32 (15.625000%) active bins are populated
per-bin minimum non-zero probability:       2.17788e-13
per-bin maximum probability:                0.76679
per-bin probability dynamic range (kT):     28.8897
per-segment minimum non-zero probability:   2.72235e-14
per-segment maximum non-zero probability:   0.130613
per-segment probability dynamic range (kT): 29.1992
norm = 1, error in norm = 0 (0*epsilon)
MAB binning in use
Bottleneck bin occupancy may not be accurately reported
Waiting for segments to complete...
Iteration completed successfully
Iteration wallclock: 0:55:57.524070, cputime: 1:27:01.931445


Mon Aug 15 12:08:53 2022
Iteration 33 (500 requested)
Beginning iteration 33
40 segments remain in iteration 33 (40 total)
5 of 32 (15.625000%) active bins are populated
per-bin minimum non-zero probability:       2.72235e-14
per-bin maximum probability:                0.872747
per-bin probability dynamic range (kT):     31.0986
per-segment minimum non-zero probability:   3.40294e-15
per-segment maximum non-zero probability:   0.130613
per-segment probability dynamic range (kT): 31.2786
norm = 1, error in norm = 0 (0*epsilon)
MAB binning in use
Bottleneck bin occupancy may not be accurately reported
Waiting for segments to complete...
Iteration completed successfully
Iteration wallclock: 0:55:57.320818, cputime: 1:27:04.605970


Mon Aug 15 13:04:50 2022
Iteration 34 (500 requested)
Beginning iteration 34
40 segments remain in iteration 34 (40 total)
5 of 32 (15.625000%) active bins are populated
per-bin minimum non-zero probability:       3.40294e-15
per-bin maximum probability:                0.984093
per-bin probability dynamic range (kT):     33.2981
per-segment minimum non-zero probability:   4.25368e-16
per-segment maximum non-zero probability:   0.17988
per-segment probability dynamic range (kT): 33.6781
norm = 1, error in norm = 0 (0*epsilon)
MAB binning in use
Bottleneck bin occupancy may not be accurately reported
Waiting for segments to complete...
Iteration completed successfully
Iteration wallclock: 0:56:13.658589, cputime: 1:27:52.643980


Mon Aug 15 14:01:04 2022
Iteration 35 (500 requested)
Beginning iteration 35
40 segments remain in iteration 35 (40 total)
5 of 32 (15.625000%) active bins are populated
per-bin minimum non-zero probability:       4.25368e-16
per-bin maximum probability:                0.894798
per-bin probability dynamic range (kT):     35.2824
per-segment minimum non-zero probability:   5.3171e-17
per-segment maximum non-zero probability:   0.17988
per-segment probability dynamic range (kT): 35.7576
norm = 1, error in norm = 0 (0*epsilon)
MAB binning in use
Bottleneck bin occupancy may not be accurately reported
Waiting for segments to complete...
Iteration completed successfully
Iteration wallclock: 0:56:36.732583, cputime: 1:28:29.141716


Mon Aug 15 14:57:40 2022
Iteration 36 (500 requested)
Beginning iteration 36
40 segments remain in iteration 36 (40 total)
5 of 32 (15.625000%) active bins are populated
per-bin minimum non-zero probability:       2.80881e-05
per-bin maximum probability:                0.877479
per-bin probability dynamic range (kT):     10.3495
per-segment minimum non-zero probability:   3.51101e-06
per-segment maximum non-zero probability:   0.130613
per-segment probability dynamic range (kT): 10.5241
norm = 1, error in norm = 0 (0*epsilon)
MAB binning in use
Bottleneck bin occupancy may not be accurately reported
Waiting for segments to complete...
Iteration completed successfully
Iteration wallclock: 0:56:43.088148, cputime: 1:28:40.983269


Mon Aug 15 15:54:24 2022
Iteration 37 (500 requested)
Beginning iteration 37
40 segments remain in iteration 37 (40 total)
4 of 32 (12.500000%) active bins are populated
per-bin minimum non-zero probability:       3.51101e-06
per-bin maximum probability:                0.984712
per-bin probability dynamic range (kT):     12.5442
per-segment minimum non-zero probability:   4.38876e-07
per-segment maximum non-zero probability:   0.130613
per-segment probability dynamic range (kT): 12.6035
norm = 1, error in norm = 0 (0*epsilon)
MAB binning in use
Bottleneck bin occupancy may not be accurately reported
Waiting for segments to complete...
Iteration completed successfully
Iteration wallclock: 0:56:59.394826, cputime: 1:29:14.144040


Mon Aug 15 16:51:23 2022
Iteration 38 (500 requested)
Beginning iteration 38
40 segments remain in iteration 38 (40 total)
5 of 32 (15.625000%) active bins are populated
per-bin minimum non-zero probability:       0.000201591
per-bin maximum probability:                0.802048
per-bin probability dynamic range (kT):     8.28868
per-segment minimum non-zero probability:   2.51989e-05
per-segment maximum non-zero probability:   0.130613
per-segment probability dynamic range (kT): 8.5532
norm = 1, error in norm = 0 (0*epsilon)
MAB binning in use
Bottleneck bin occupancy may not be accurately reported
Waiting for segments to complete...
Iteration completed successfully
Iteration wallclock: 1:02:33.185690, cputime: 1:37:18.905420


Mon Aug 15 17:53:56 2022
Iteration 39 (500 requested)
Beginning iteration 39
40 segments remain in iteration 39 (40 total)
5 of 32 (15.625000%) active bins are populated
per-bin minimum non-zero probability:       2.51989e-05
per-bin maximum probability:                0.882417
per-bin probability dynamic range (kT):     10.4636
per-segment minimum non-zero probability:   3.14986e-06
per-segment maximum non-zero probability:   0.130613
per-segment probability dynamic range (kT): 10.6326
norm = 1, error in norm = 0 (0*epsilon)
MAB binning in use
Bottleneck bin occupancy may not be accurately reported
Waiting for segments to complete...
Iteration completed successfully
Iteration wallclock: 1:05:09.940097, cputime: 1:41:08.621971


Mon Aug 15 18:59:06 2022
Iteration 40 (500 requested)
Beginning iteration 40
40 segments remain in iteration 40 (40 total)
5 of 32 (15.625000%) active bins are populated
per-bin minimum non-zero probability:       3.14986e-06
per-bin maximum probability:                0.803152
per-bin probability dynamic range (kT):     12.4489
per-segment minimum non-zero probability:   3.93732e-07
per-segment maximum non-zero probability:   0.183556
per-segment probability dynamic range (kT): 13.0524
norm = 1, error in norm = 0 (0*epsilon)
MAB binning in use
Bottleneck bin occupancy may not be accurately reported
Waiting for segments to complete...
Iteration completed successfully
Iteration wallclock: 1:05:25.669454, cputime: 1:38:47.129202


Mon Aug 15 20:04:32 2022
Iteration 41 (500 requested)
Beginning iteration 41
40 segments remain in iteration 41 (40 total)
5 of 32 (15.625000%) active bins are populated
per-bin minimum non-zero probability:       3.93732e-07
per-bin maximum probability:                0.686439
per-bin probability dynamic range (kT):     14.3714
per-segment minimum non-zero probability:   4.92165e-08
per-segment maximum non-zero probability:   0.183556
per-segment probability dynamic range (kT): 15.1318
norm = 1, error in norm = 0 (0*epsilon)
MAB binning in use
Bottleneck bin occupancy may not be accurately reported
Waiting for segments to complete...
Iteration completed successfully
Iteration wallclock: 1:04:33.246442, cputime: 1:38:28.503764


Mon Aug 15 21:09:05 2022
Iteration 42 (500 requested)
Beginning iteration 42
40 segments remain in iteration 42 (40 total)
5 of 32 (15.625000%) active bins are populated
per-bin minimum non-zero probability:       4.17217e-07
per-bin maximum probability:                0.880842
per-bin probability dynamic range (kT):     14.5628
per-segment minimum non-zero probability:   5.21521e-08
per-segment maximum non-zero probability:   0.183556
per-segment probability dynamic range (kT): 15.0739
norm = 1, error in norm = 0 (0*epsilon)
MAB binning in use
Bottleneck bin occupancy may not be accurately reported
Waiting for segments to complete...
Iteration completed successfully
Iteration wallclock: 1:06:23.666095, cputime: 1:42:52.765266


Mon Aug 15 22:15:29 2022
Iteration 43 (500 requested)
Beginning iteration 43
40 segments remain in iteration 43 (40 total)
5 of 32 (15.625000%) active bins are populated
per-bin minimum non-zero probability:       5.21521e-08
per-bin maximum probability:                0.81441
per-bin probability dynamic range (kT):     16.5638
per-segment minimum non-zero probability:   6.51902e-09
per-segment maximum non-zero probability:   0.130613
per-segment probability dynamic range (kT): 16.813
norm = 1, error in norm = 0 (0*epsilon)
MAB binning in use
Bottleneck bin occupancy may not be accurately reported
Waiting for segments to complete...
Iteration completed successfully
Iteration wallclock: 1:11:17.060875, cputime: 1:48:16.972239


Mon Aug 15 23:26:46 2022
Iteration 44 (500 requested)
Beginning iteration 44
40 segments remain in iteration 44 (40 total)
5 of 32 (15.625000%) active bins are populated
per-bin minimum non-zero probability:       3.43095e-07
per-bin maximum probability:                0.883244
per-bin probability dynamic range (kT):     14.7611
per-segment minimum non-zero probability:   4.28868e-08
per-segment maximum non-zero probability:   0.160236
per-segment probability dynamic range (kT): 15.1336
norm = 1, error in norm = 0 (0*epsilon)
MAB binning in use
Bottleneck bin occupancy may not be accurately reported
Waiting for segments to complete...
Iteration completed successfully
Iteration wallclock: 1:20:18.819535, cputime: 2:01:41.059011


Tue Aug 16 00:47:05 2022
Iteration 45 (500 requested)
Beginning iteration 45
40 segments remain in iteration 45 (40 total)
5 of 32 (15.625000%) active bins are populated
per-bin minimum non-zero probability:       4.28868e-08
per-bin maximum probability:                0.989822
per-bin probability dynamic range (kT):     16.9545
per-segment minimum non-zero probability:   5.36085e-09
per-segment maximum non-zero probability:   0.164801
per-segment probability dynamic range (kT): 17.2411
norm = 1, error in norm = 0 (0*epsilon)
MAB binning in use
Bottleneck bin occupancy may not be accurately reported
Waiting for segments to complete...
Iteration completed successfully
Iteration wallclock: 1:19:49.148844, cputime: 2:00:51.836129


Tue Aug 16 02:06:54 2022
Iteration 46 (500 requested)
Beginning iteration 46
40 segments remain in iteration 46 (40 total)
5 of 32 (15.625000%) active bins are populated
per-bin minimum non-zero probability:       5.36085e-09
per-bin maximum probability:                0.834837
per-bin probability dynamic range (kT):     18.8636
per-segment minimum non-zero probability:   6.70106e-10
per-segment maximum non-zero probability:   0.160236
per-segment probability dynamic range (kT): 19.2925
norm = 1, error in norm = 0 (0*epsilon)
MAB binning in use
Bottleneck bin occupancy may not be accurately reported
Waiting for segments to complete...
Iteration completed successfully
Iteration wallclock: 1:18:39.526260, cputime: 1:59:16.481149


Tue Aug 16 03:25:33 2022
Iteration 47 (500 requested)
Beginning iteration 47
40 segments remain in iteration 47 (40 total)
5 of 32 (15.625000%) active bins are populated
per-bin minimum non-zero probability:       6.70106e-10
per-bin maximum probability:                0.979355
per-bin probability dynamic range (kT):     21.1027
per-segment minimum non-zero probability:   8.37633e-11
per-segment maximum non-zero probability:   0.160236
per-segment probability dynamic range (kT): 21.3719
norm = 1, error in norm = 0 (0*epsilon)
MAB binning in use
Bottleneck bin occupancy may not be accurately reported
Waiting for segments to complete...
Iteration completed successfully
Iteration wallclock: 1:20:53.953161, cputime: 2:02:29.539838


Tue Aug 16 04:46:27 2022
Iteration 48 (500 requested)
Beginning iteration 48
40 segments remain in iteration 48 (40 total)
5 of 32 (15.625000%) active bins are populated
per-bin minimum non-zero probability:       8.37633e-11
per-bin maximum probability:                0.99485
per-bin probability dynamic range (kT):     23.1979
per-segment minimum non-zero probability:   1.04704e-11
per-segment maximum non-zero probability:   0.160236
per-segment probability dynamic range (kT): 23.4514
norm = 1, error in norm = 0 (0*epsilon)
MAB binning in use
Bottleneck bin occupancy may not be accurately reported
Waiting for segments to complete...
Iteration completed successfully
Iteration wallclock: 1:21:09.394116, cputime: 2:02:51.264542


Tue Aug 16 06:07:37 2022
Iteration 49 (500 requested)
Beginning iteration 49
40 segments remain in iteration 49 (40 total)
5 of 32 (15.625000%) active bins are populated
per-bin minimum non-zero probability:       1.04704e-11
per-bin maximum probability:                0.99485
per-bin probability dynamic range (kT):     25.2773
per-segment minimum non-zero probability:   1.3088e-12
per-segment maximum non-zero probability:   0.160236
per-segment probability dynamic range (kT): 25.5308
norm = 1, error in norm = 2.22045e-16 (1*epsilon)
MAB binning in use
Bottleneck bin occupancy may not be accurately reported
Waiting for segments to complete...
Iteration completed successfully
Iteration wallclock: 1:15:32.816055, cputime: 1:54:17.304144


Tue Aug 16 07:23:10 2022
Iteration 50 (500 requested)
Beginning iteration 50
40 segments remain in iteration 50 (40 total)
5 of 32 (15.625000%) active bins are populated
per-bin minimum non-zero probability:       1.3088e-12
per-bin maximum probability:                0.895859
per-bin probability dynamic range (kT):     27.2519
per-segment minimum non-zero probability:   1.636e-13
per-segment maximum non-zero probability:   0.137127
per-segment probability dynamic range (kT): 27.4545
norm = 1, error in norm = 2.22045e-16 (1*epsilon)
MAB binning in use
Bottleneck bin occupancy may not be accurately reported
Waiting for segments to complete...
Iteration completed successfully
Iteration wallclock: 1:08:56.104147, cputime: 1:44:36.118094


Tue Aug 16 08:32:06 2022
Iteration 51 (500 requested)
Beginning iteration 51
40 segments remain in iteration 51 (40 total)
5 of 32 (15.625000%) active bins are populated
per-bin minimum non-zero probability:       1.636e-13
per-bin maximum probability:                0.908268
per-bin probability dynamic range (kT):     29.3451
per-segment minimum non-zero probability:   2.045e-14
per-segment maximum non-zero probability:   0.137127
per-segment probability dynamic range (kT): 29.5339
norm = 1, error in norm = 2.22045e-16 (1*epsilon)
MAB binning in use
Bottleneck bin occupancy may not be accurately reported
Waiting for segments to complete...
Iteration completed successfully
Iteration wallclock: 0:56:20.213128, cputime: 1:27:56.623124


Tue Aug 16 09:28:26 2022
Iteration 52 (500 requested)
Beginning iteration 52
40 segments remain in iteration 52 (40 total)
5 of 32 (15.625000%) active bins are populated
per-bin minimum non-zero probability:       2.045e-14
per-bin maximum probability:                0.87727
per-bin probability dynamic range (kT):     31.3899
per-segment minimum non-zero probability:   2.55625e-15
per-segment maximum non-zero probability:   0.171628
per-segment probability dynamic range (kT): 31.8378
norm = 1, error in norm = 0 (0*epsilon)
MAB binning in use
Bottleneck bin occupancy may not be accurately reported
Waiting for segments to complete...
-- ERROR    [westpa.core.sim_manager] -- propagation failed for 36 segment(s):
2  
3  
4  
5  
6  
7  
8  
10  
11  
12  
13  
14  
15  
16  
17  
18  
19  
20  
21  
22  
23  
24  
25  
26  
27  
28  
29  
30  
31  
32  
34  
35  
36  
37  
38  
39
exception caught; shutting down
-- ERROR    [w_run] -- error message: propagation failed for 36 segments
-- ERROR    [w_run] -- Traceback (most recent call last):
  File "/jet/home/dyang4/Apps/westpa/src/westpa/cli/core/w_run.py", line 62, in run_simulation
    sim_manager.run()
  File "/jet/home/dyang4/Apps/westpa/src/westpa/core/sim_manager.py", line 752, in run
    self.check_propagation()
  File "/jet/home/dyang4/Apps/westpa/src/westpa/core/sim_manager.py", line 650, in check_propagation
    raise PropagationError('propagation failed for {:d} segments'.format(len(failed_segments)))
westpa.core.sim_manager.PropagationError: propagation failed for 36 segments

