Updating system with the options from the configuration file
Maximum wallclock time: 23:00:00

Sun Jul  3 17:27:20 2022
Iteration 166 (200 requested)
Continuing iteration 166
8 segments remain in iteration 166 (40 total)
MAB binning in use.
1 of 37 (2.702703%) active bins are populated
per-bin minimum non-zero probability:       1
per-bin maximum probability:                1
per-bin probability dynamic range (kT):     0
per-segment minimum non-zero probability:   7.60598e-123
per-segment maximum non-zero probability:   0.133333
per-segment probability dynamic range (kT): 279.174
norm = 1, error in norm = -1.11022e-16 (-0.5*epsilon)
-- WARNING  [westpa.core.sim_manager] -- 
 Minimum segment weight is < 1e-100 and might not be physically relevant. Please reconsider your progress coordinate or binning scheme.
################ MAB stats ################
minima in each dimension:      [1.2626, 0.5153, 1.6726]
maxima in each dimension:      [13.0229, 5.8284, 2.0145001]
direction in each dimension:   [1, 1, 1]
skip in each dimension:        [0, 0, 1]
###########################################
Iteration wallclock: 0:11:16.988818, cputime: 1:11:30.738439


Sun Jul  3 17:38:37 2022
Iteration 167 (200 requested)
Beginning iteration 167
32 segments remain in iteration 167 (32 total)
MAB binning in use.
1 of 37 (2.702703%) active bins are populated
per-bin minimum non-zero probability:       1
per-bin maximum probability:                1
per-bin probability dynamic range (kT):     0
per-segment minimum non-zero probability:   9.50747e-124
per-segment maximum non-zero probability:   0.133333
per-segment probability dynamic range (kT): 281.254
norm = 1, error in norm = -1.11022e-16 (-0.5*epsilon)
-- WARNING  [westpa.core.sim_manager] -- 
 Minimum segment weight is < 1e-100 and might not be physically relevant. Please reconsider your progress coordinate or binning scheme.
################ MAB stats ################
minima in each dimension:      [1.107, 0.5561, 1.6449]
maxima in each dimension:      [12.6597, 5.764, 1.8927]
direction in each dimension:   [1, 1, 1]
skip in each dimension:        [0, 0, 1]
###########################################
Iteration wallclock: 0:43:39.443096, cputime: 0:57:54.333091


Sun Jul  3 18:22:17 2022
Iteration 168 (200 requested)
Beginning iteration 168
32 segments remain in iteration 168 (32 total)
MAB binning in use.
1 of 37 (2.702703%) active bins are populated
per-bin minimum non-zero probability:       1
per-bin maximum probability:                1
per-bin probability dynamic range (kT):     0
per-segment minimum non-zero probability:   1.18843e-124
per-segment maximum non-zero probability:   0.170336
per-segment probability dynamic range (kT): 283.578
norm = 1, error in norm = -1.11022e-16 (-0.5*epsilon)
-- WARNING  [westpa.core.sim_manager] -- 
 Minimum segment weight is < 1e-100 and might not be physically relevant. Please reconsider your progress coordinate or binning scheme.
################ MAB stats ################
minima in each dimension:      [0.9119, 0.538, 1.5922]
maxima in each dimension:      [12.5626, 5.635, 1.9807]
direction in each dimension:   [1, 1, 1]
skip in each dimension:        [0, 0, 1]
###########################################
Iteration wallclock: 0:38:03.587815, cputime: 0:57:57.245383


Sun Jul  3 19:00:20 2022
Iteration 169 (200 requested)
Beginning iteration 169
32 segments remain in iteration 169 (32 total)
MAB binning in use.
1 of 37 (2.702703%) active bins are populated
per-bin minimum non-zero probability:       1
per-bin maximum probability:                1
per-bin probability dynamic range (kT):     0
per-segment minimum non-zero probability:   1.48554e-125
per-segment maximum non-zero probability:   0.170336
per-segment probability dynamic range (kT): 285.657
norm = 1, error in norm = 0 (0*epsilon)
-- WARNING  [westpa.core.sim_manager] -- 
 Minimum segment weight is < 1e-100 and might not be physically relevant. Please reconsider your progress coordinate or binning scheme.
################ MAB stats ################
minima in each dimension:      [1.2115, 0.7484, 1.6161]
maxima in each dimension:      [12.8533, 5.782, 1.8962]
direction in each dimension:   [1, 1, 1]
skip in each dimension:        [0, 0, 1]
###########################################
Iteration wallclock: 0:38:06.916089, cputime: 0:57:56.906877


Sun Jul  3 19:38:27 2022
Iteration 170 (200 requested)
Beginning iteration 170
32 segments remain in iteration 170 (32 total)
MAB binning in use.
1 of 37 (2.702703%) active bins are populated
per-bin minimum non-zero probability:       1
per-bin maximum probability:                1
per-bin probability dynamic range (kT):     0
per-segment minimum non-zero probability:   1.85693e-126
per-segment maximum non-zero probability:   0.170336
per-segment probability dynamic range (kT): 287.737
norm = 1, error in norm = 0 (0*epsilon)
-- WARNING  [westpa.core.sim_manager] -- 
 Minimum segment weight is < 1e-100 and might not be physically relevant. Please reconsider your progress coordinate or binning scheme.
################ MAB stats ################
minima in each dimension:      [1.2362, 0.6083, 1.6351]
maxima in each dimension:      [12.687, 5.8382, 1.907]
direction in each dimension:   [1, 1, 1]
skip in each dimension:        [0, 0, 1]
###########################################
Iteration wallclock: 0:37:59.393622, cputime: 0:57:52.457747


Sun Jul  3 20:16:27 2022
Iteration 171 (200 requested)
Beginning iteration 171
40 segments remain in iteration 171 (40 total)
MAB binning in use.
1 of 37 (2.702703%) active bins are populated
per-bin minimum non-zero probability:       1
per-bin maximum probability:                1
per-bin probability dynamic range (kT):     0
per-segment minimum non-zero probability:   2.32116e-127
per-segment maximum non-zero probability:   0.170336
per-segment probability dynamic range (kT): 289.816
norm = 1, error in norm = -1.11022e-16 (-0.5*epsilon)
-- WARNING  [westpa.core.sim_manager] -- 
 Minimum segment weight is < 1e-100 and might not be physically relevant. Please reconsider your progress coordinate or binning scheme.
################ MAB stats ################
minima in each dimension:      [1.3726, 0.619, 1.6067]
maxima in each dimension:      [13.1843, 5.9575, 2.0381]
direction in each dimension:   [1, 1, 1]
skip in each dimension:        [0, 0, 1]
###########################################
Iteration wallclock: 0:47:25.251204, cputime: 1:12:15.604023


Sun Jul  3 21:03:52 2022
Iteration 172 (200 requested)
Beginning iteration 172
40 segments remain in iteration 172 (40 total)
MAB binning in use.
1 of 37 (2.702703%) active bins are populated
per-bin minimum non-zero probability:       1
per-bin maximum probability:                1
per-bin probability dynamic range (kT):     0
per-segment minimum non-zero probability:   2.90145e-128
per-segment maximum non-zero probability:   0.170336
per-segment probability dynamic range (kT): 291.896
norm = 1, error in norm = -1.11022e-16 (-0.5*epsilon)
-- WARNING  [westpa.core.sim_manager] -- 
 Minimum segment weight is < 1e-100 and might not be physically relevant. Please reconsider your progress coordinate or binning scheme.
################ MAB stats ################
minima in each dimension:      [1.372, 0.5983, 1.6039]
maxima in each dimension:      [13.0502, 6.0266, 1.9415]
direction in each dimension:   [1, 1, 1]
skip in each dimension:        [0, 0, 1]
###########################################
Iteration wallclock: 0:50:01.909076, cputime: 1:12:29.007882


Sun Jul  3 21:53:54 2022
Iteration 173 (200 requested)
Beginning iteration 173
32 segments remain in iteration 173 (32 total)
MAB binning in use.
1 of 37 (2.702703%) active bins are populated
per-bin minimum non-zero probability:       1
per-bin maximum probability:                1
per-bin probability dynamic range (kT):     0
per-segment minimum non-zero probability:   3.62681e-129
per-segment maximum non-zero probability:   0.170336
per-segment probability dynamic range (kT): 293.975
norm = 1, error in norm = 0 (0*epsilon)
-- WARNING  [westpa.core.sim_manager] -- 
 Minimum segment weight is < 1e-100 and might not be physically relevant. Please reconsider your progress coordinate or binning scheme.
################ MAB stats ################
minima in each dimension:      [1.4439, 0.6058, 1.6523]
maxima in each dimension:      [13.0353, 5.9579, 1.8966]
direction in each dimension:   [1, 1, 1]
skip in each dimension:        [0, 0, 1]
###########################################
Iteration wallclock: 0:38:16.402260, cputime: 0:58:07.979378


Sun Jul  3 22:32:10 2022
Iteration 174 (200 requested)
Beginning iteration 174
32 segments remain in iteration 174 (32 total)
MAB binning in use.
1 of 37 (2.702703%) active bins are populated
per-bin minimum non-zero probability:       1
per-bin maximum probability:                1
per-bin probability dynamic range (kT):     0
per-segment minimum non-zero probability:   4.53352e-130
per-segment maximum non-zero probability:   0.170336
per-segment probability dynamic range (kT): 296.055
norm = 1, error in norm = 0 (0*epsilon)
-- WARNING  [westpa.core.sim_manager] -- 
 Minimum segment weight is < 1e-100 and might not be physically relevant. Please reconsider your progress coordinate or binning scheme.
################ MAB stats ################
minima in each dimension:      [1.2957, 0.5554, 1.6382]
maxima in each dimension:      [13.064, 6.0645, 1.8305]
direction in each dimension:   [1, 1, 1]
skip in each dimension:        [0, 0, 1]
###########################################
Iteration wallclock: 0:38:07.926257, cputime: 0:58:00.761902


Sun Jul  3 23:10:18 2022
Iteration 175 (200 requested)
Beginning iteration 175
32 segments remain in iteration 175 (32 total)
MAB binning in use.
1 of 37 (2.702703%) active bins are populated
per-bin minimum non-zero probability:       1
per-bin maximum probability:                1
per-bin probability dynamic range (kT):     0
per-segment minimum non-zero probability:   5.6669e-131
per-segment maximum non-zero probability:   0.170336
per-segment probability dynamic range (kT): 298.134
norm = 1, error in norm = -1.11022e-16 (-0.5*epsilon)
-- WARNING  [westpa.core.sim_manager] -- 
 Minimum segment weight is < 1e-100 and might not be physically relevant. Please reconsider your progress coordinate or binning scheme.
################ MAB stats ################
minima in each dimension:      [1.3579, 0.7587, 1.6692]
maxima in each dimension:      [12.977, 5.9915, 1.943]
direction in each dimension:   [1, 1, 1]
skip in each dimension:        [0, 0, 1]
###########################################
Iteration wallclock: 0:38:23.496293, cputime: 0:58:12.871845


Sun Jul  3 23:48:42 2022
Iteration 176 (200 requested)
Beginning iteration 176
32 segments remain in iteration 176 (32 total)
MAB binning in use.
1 of 37 (2.702703%) active bins are populated
per-bin minimum non-zero probability:       1
per-bin maximum probability:                1
per-bin probability dynamic range (kT):     0
per-segment minimum non-zero probability:   7.08362e-132
per-segment maximum non-zero probability:   0.133333
per-segment probability dynamic range (kT): 299.969
norm = 1, error in norm = 0 (0*epsilon)
-- WARNING  [westpa.core.sim_manager] -- 
 Minimum segment weight is < 1e-100 and might not be physically relevant. Please reconsider your progress coordinate or binning scheme.
################ MAB stats ################
minima in each dimension:      [1.4255, 0.5851, 1.6544]
maxima in each dimension:      [12.6279, 5.6597, 1.9738]
direction in each dimension:   [1, 1, 1]
skip in each dimension:        [0, 0, 1]
###########################################
Iteration wallclock: 0:45:36.038878, cputime: 0:58:18.772014


Mon Jul  4 00:34:18 2022
Iteration 177 (200 requested)
Beginning iteration 177
40 segments remain in iteration 177 (40 total)
MAB binning in use.
1 of 37 (2.702703%) active bins are populated
per-bin minimum non-zero probability:       1
per-bin maximum probability:                1
per-bin probability dynamic range (kT):     0
per-segment minimum non-zero probability:   8.85453e-133
per-segment maximum non-zero probability:   0.169038
per-segment probability dynamic range (kT): 302.285
norm = 1, error in norm = 0 (0*epsilon)
-- WARNING  [westpa.core.sim_manager] -- 
 Minimum segment weight is < 1e-100 and might not be physically relevant. Please reconsider your progress coordinate or binning scheme.
################ MAB stats ################
minima in each dimension:      [1.2648, 0.5603, 1.6026]
maxima in each dimension:      [12.8397, 5.8486, 1.9277]
direction in each dimension:   [1, 1, 1]
skip in each dimension:        [0, 0, 1]
###########################################
Iteration wallclock: 0:47:40.090698, cputime: 1:12:24.282188


Mon Jul  4 01:21:58 2022
Iteration 178 (200 requested)
Beginning iteration 178
32 segments remain in iteration 178 (32 total)
MAB binning in use.
1 of 37 (2.702703%) active bins are populated
per-bin minimum non-zero probability:       1
per-bin maximum probability:                1
per-bin probability dynamic range (kT):     0
per-segment minimum non-zero probability:   1.10682e-133
per-segment maximum non-zero probability:   0.169038
per-segment probability dynamic range (kT): 304.365
norm = 1, error in norm = 0 (0*epsilon)
-- WARNING  [westpa.core.sim_manager] -- 
 Minimum segment weight is < 1e-100 and might not be physically relevant. Please reconsider your progress coordinate or binning scheme.
################ MAB stats ################
minima in each dimension:      [1.545, 0.6639, 1.641]
maxima in each dimension:      [12.6446, 5.7693, 1.8848]
direction in each dimension:   [1, 1, 1]
skip in each dimension:        [0, 0, 1]
###########################################
Iteration wallclock: 0:38:04.009530, cputime: 0:58:01.679681


Mon Jul  4 02:00:02 2022
Iteration 179 (200 requested)
Beginning iteration 179
32 segments remain in iteration 179 (32 total)
MAB binning in use.
1 of 37 (2.702703%) active bins are populated
per-bin minimum non-zero probability:       1
per-bin maximum probability:                1
per-bin probability dynamic range (kT):     0
per-segment minimum non-zero probability:   1.38352e-134
per-segment maximum non-zero probability:   0.133333
per-segment probability dynamic range (kT): 306.207
norm = 1, error in norm = -1.11022e-16 (-0.5*epsilon)
-- WARNING  [westpa.core.sim_manager] -- 
 Minimum segment weight is < 1e-100 and might not be physically relevant. Please reconsider your progress coordinate or binning scheme.
################ MAB stats ################
minima in each dimension:      [1.5776, 0.6176, 1.6527]
maxima in each dimension:      [12.9653, 5.9318, 1.8538]
direction in each dimension:   [1, 1, 1]
skip in each dimension:        [0, 0, 1]
###########################################
Iteration wallclock: 0:38:01.784213, cputime: 0:57:57.833078


Mon Jul  4 02:38:04 2022
Iteration 180 (200 requested)
Beginning iteration 180
32 segments remain in iteration 180 (32 total)
MAB binning in use.
1 of 37 (2.702703%) active bins are populated
per-bin minimum non-zero probability:       1
per-bin maximum probability:                1
per-bin probability dynamic range (kT):     0
per-segment minimum non-zero probability:   1.7294e-135
per-segment maximum non-zero probability:   0.169038
per-segment probability dynamic range (kT): 308.524
norm = 1, error in norm = -1.11022e-16 (-0.5*epsilon)
-- WARNING  [westpa.core.sim_manager] -- 
 Minimum segment weight is < 1e-100 and might not be physically relevant. Please reconsider your progress coordinate or binning scheme.
################ MAB stats ################
minima in each dimension:      [1.4299, 0.826, 1.6351]
maxima in each dimension:      [13.1171, 5.9868, 1.9163]
direction in each dimension:   [1, 1, 1]
skip in each dimension:        [0, 0, 1]
###########################################
Iteration wallclock: 0:37:58.314805, cputime: 0:57:53.934404


Mon Jul  4 03:16:02 2022
Iteration 181 (200 requested)
Beginning iteration 181
32 segments remain in iteration 181 (32 total)
MAB binning in use.
1 of 37 (2.702703%) active bins are populated
per-bin minimum non-zero probability:       1
per-bin maximum probability:                1
per-bin probability dynamic range (kT):     0
per-segment minimum non-zero probability:   2.16175e-136
per-segment maximum non-zero probability:   0.169038
per-segment probability dynamic range (kT): 310.603
norm = 1, error in norm = -1.11022e-16 (-0.5*epsilon)
-- WARNING  [westpa.core.sim_manager] -- 
 Minimum segment weight is < 1e-100 and might not be physically relevant. Please reconsider your progress coordinate or binning scheme.
################ MAB stats ################
minima in each dimension:      [1.3752, 0.7221, 1.617]
maxima in each dimension:      [12.7613, 5.7889, 1.9562]
direction in each dimension:   [1, 1, 1]
skip in each dimension:        [0, 0, 1]
###########################################
Iteration wallclock: 0:38:01.245869, cputime: 0:57:56.726845


Mon Jul  4 03:54:03 2022
Iteration 182 (200 requested)
Beginning iteration 182
32 segments remain in iteration 182 (32 total)
MAB binning in use.
1 of 37 (2.702703%) active bins are populated
per-bin minimum non-zero probability:       1
per-bin maximum probability:                1
per-bin probability dynamic range (kT):     0
per-segment minimum non-zero probability:   2.70219e-137
per-segment maximum non-zero probability:   0.169038
per-segment probability dynamic range (kT): 312.682
norm = 1, error in norm = 0 (0*epsilon)
-- WARNING  [westpa.core.sim_manager] -- 
 Minimum segment weight is < 1e-100 and might not be physically relevant. Please reconsider your progress coordinate or binning scheme.
################ MAB stats ################
minima in each dimension:      [1.5351, 0.7494, 1.6152]
maxima in each dimension:      [12.9095, 5.8413, 1.9546]
direction in each dimension:   [1, 1, 1]
skip in each dimension:        [0, 0, 1]
###########################################
Iteration wallclock: 0:37:52.226110, cputime: 0:57:50.393846


Mon Jul  4 04:31:55 2022
Iteration 183 (200 requested)
Beginning iteration 183
24 segments remain in iteration 183 (24 total)
MAB binning in use.
1 of 37 (2.702703%) active bins are populated
per-bin minimum non-zero probability:       1
per-bin maximum probability:                1
per-bin probability dynamic range (kT):     0
per-segment minimum non-zero probability:   3.37773e-138
per-segment maximum non-zero probability:   0.169038
per-segment probability dynamic range (kT): 314.762
norm = 1, error in norm = -2.22045e-16 (-1*epsilon)
-- WARNING  [westpa.core.sim_manager] -- 
 Minimum segment weight is < 1e-100 and might not be physically relevant. Please reconsider your progress coordinate or binning scheme.
################ MAB stats ################
minima in each dimension:      [1.584, 0.6524, 1.6705]
maxima in each dimension:      [13.0866, 6.0317, 1.9352]
direction in each dimension:   [1, 1, 1]
skip in each dimension:        [0, 0, 1]
###########################################
Iteration wallclock: 0:28:50.188067, cputime: 0:43:23.378559


Mon Jul  4 05:00:46 2022
Iteration 184 (200 requested)
Beginning iteration 184
24 segments remain in iteration 184 (24 total)
MAB binning in use.
1 of 37 (2.702703%) active bins are populated
per-bin minimum non-zero probability:       1
per-bin maximum probability:                1
per-bin probability dynamic range (kT):     0
per-segment minimum non-zero probability:   4.22217e-139
per-segment maximum non-zero probability:   0.169038
per-segment probability dynamic range (kT): 316.841
norm = 1, error in norm = 0 (0*epsilon)
-- WARNING  [westpa.core.sim_manager] -- 
 Minimum segment weight is < 1e-100 and might not be physically relevant. Please reconsider your progress coordinate or binning scheme.
################ MAB stats ################
minima in each dimension:      [1.6338, 0.7065, 1.641]
maxima in each dimension:      [13.0349, 5.9749, 1.9077]
direction in each dimension:   [1, 1, 1]
skip in each dimension:        [0, 0, 1]
###########################################
Iteration wallclock: 0:31:19.882541, cputime: 0:43:20.147474


Mon Jul  4 05:32:05 2022
Iteration 185 (200 requested)
Beginning iteration 185
32 segments remain in iteration 185 (32 total)
MAB binning in use.
1 of 37 (2.702703%) active bins are populated
per-bin minimum non-zero probability:       1
per-bin maximum probability:                1
per-bin probability dynamic range (kT):     0
per-segment minimum non-zero probability:   5.27771e-140
per-segment maximum non-zero probability:   0.169038
per-segment probability dynamic range (kT): 318.921
norm = 1, error in norm = -1.11022e-16 (-0.5*epsilon)
-- WARNING  [westpa.core.sim_manager] -- 
 Minimum segment weight is < 1e-100 and might not be physically relevant. Please reconsider your progress coordinate or binning scheme.
################ MAB stats ################
minima in each dimension:      [1.4879, 0.7299, 1.6706]
maxima in each dimension:      [13.1034, 6.1094, 1.9966]
direction in each dimension:   [1, 1, 1]
skip in each dimension:        [0, 0, 1]
###########################################
Iteration wallclock: 0:38:00.077361, cputime: 0:57:50.094161


Mon Jul  4 06:10:06 2022
Iteration 186 (200 requested)
Beginning iteration 186
24 segments remain in iteration 186 (24 total)
MAB binning in use.
1 of 37 (2.702703%) active bins are populated
per-bin minimum non-zero probability:       1
per-bin maximum probability:                1
per-bin probability dynamic range (kT):     0
per-segment minimum non-zero probability:   6.59714e-141
per-segment maximum non-zero probability:   0.169038
per-segment probability dynamic range (kT): 321
norm = 1, error in norm = -2.22045e-16 (-1*epsilon)
-- WARNING  [westpa.core.sim_manager] -- 
 Minimum segment weight is < 1e-100 and might not be physically relevant. Please reconsider your progress coordinate or binning scheme.
################ MAB stats ################
minima in each dimension:      [1.3498, 0.7052, 1.6177]
maxima in each dimension:      [13.1859, 5.994, 1.9893]
direction in each dimension:   [1, 1, 1]
skip in each dimension:        [0, 0, 1]
###########################################
Iteration wallclock: 0:30:24.634209, cputime: 0:43:21.301401


Mon Jul  4 06:40:30 2022
Iteration 187 (200 requested)
Beginning iteration 187
32 segments remain in iteration 187 (32 total)
MAB binning in use.
1 of 37 (2.702703%) active bins are populated
per-bin minimum non-zero probability:       1
per-bin maximum probability:                1
per-bin probability dynamic range (kT):     0
per-segment minimum non-zero probability:   8.24642e-142
per-segment maximum non-zero probability:   0.169038
per-segment probability dynamic range (kT): 323.08
norm = 1, error in norm = -2.22045e-16 (-1*epsilon)
-- WARNING  [westpa.core.sim_manager] -- 
 Minimum segment weight is < 1e-100 and might not be physically relevant. Please reconsider your progress coordinate or binning scheme.
################ MAB stats ################
minima in each dimension:      [1.3257, 0.6628, 1.6184]
maxima in each dimension:      [13.2124, 6.0366, 1.8791]
direction in each dimension:   [1, 1, 1]
skip in each dimension:        [0, 0, 1]
###########################################
Iteration wallclock: 0:38:17.743287, cputime: 0:58:11.925570


Mon Jul  4 07:18:48 2022
Iteration 188 (200 requested)
Beginning iteration 188
32 segments remain in iteration 188 (32 total)
MAB binning in use.
1 of 37 (2.702703%) active bins are populated
per-bin minimum non-zero probability:       1
per-bin maximum probability:                1
per-bin probability dynamic range (kT):     0
per-segment minimum non-zero probability:   1.0308e-142
per-segment maximum non-zero probability:   0.169038
per-segment probability dynamic range (kT): 325.159
norm = 1, error in norm = -1.11022e-16 (-0.5*epsilon)
-- WARNING  [westpa.core.sim_manager] -- 
 Minimum segment weight is < 1e-100 and might not be physically relevant. Please reconsider your progress coordinate or binning scheme.
################ MAB stats ################
minima in each dimension:      [1.5164, 0.713, 1.5951]
maxima in each dimension:      [13.1442, 5.9756, 1.8637]
direction in each dimension:   [1, 1, 1]
skip in each dimension:        [0, 0, 1]
###########################################
Iteration wallclock: 0:39:23.217395, cputime: 0:59:31.292044


Mon Jul  4 07:58:11 2022
Iteration 189 (200 requested)
Beginning iteration 189
40 segments remain in iteration 189 (40 total)
MAB binning in use.
1 of 37 (2.702703%) active bins are populated
per-bin minimum non-zero probability:       1
per-bin maximum probability:                1
per-bin probability dynamic range (kT):     0
per-segment minimum non-zero probability:   1.2885e-143
per-segment maximum non-zero probability:   0.169038
per-segment probability dynamic range (kT): 327.239
norm = 1, error in norm = -1.11022e-16 (-0.5*epsilon)
-- WARNING  [westpa.core.sim_manager] -- 
 Minimum segment weight is < 1e-100 and might not be physically relevant. Please reconsider your progress coordinate or binning scheme.
################ MAB stats ################
minima in each dimension:      [1.6317, 0.622, 1.6052]
maxima in each dimension:      [13.1014, 6.0091, 1.9168]
direction in each dimension:   [1, 1, 1]
skip in each dimension:        [0, 0, 1]
###########################################
Iteration wallclock: 0:48:55.889113, cputime: 1:14:08.603340


Mon Jul  4 08:47:07 2022
Iteration 190 (200 requested)
Beginning iteration 190
24 segments remain in iteration 190 (24 total)
MAB binning in use.
1 of 37 (2.702703%) active bins are populated
per-bin minimum non-zero probability:       1
per-bin maximum probability:                1
per-bin probability dynamic range (kT):     0
per-segment minimum non-zero probability:   1.61063e-144
per-segment maximum non-zero probability:   0.169038
per-segment probability dynamic range (kT): 329.318
norm = 1, error in norm = 0 (0*epsilon)
-- WARNING  [westpa.core.sim_manager] -- 
 Minimum segment weight is < 1e-100 and might not be physically relevant. Please reconsider your progress coordinate or binning scheme.
################ MAB stats ################
minima in each dimension:      [1.5689, 0.7033, 1.632]
maxima in each dimension:      [12.7442, 5.7768, 2.0262]
direction in each dimension:   [1, 1, 1]
skip in each dimension:        [0, 0, 1]
###########################################
Iteration wallclock: 0:29:40.835849, cputime: 0:44:42.776319


Mon Jul  4 09:16:48 2022
Iteration 191 (200 requested)
Beginning iteration 191
40 segments remain in iteration 191 (40 total)
MAB binning in use.
1 of 37 (2.702703%) active bins are populated
per-bin minimum non-zero probability:       1
per-bin maximum probability:                1
per-bin probability dynamic range (kT):     0
per-segment minimum non-zero probability:   2.01329e-145
per-segment maximum non-zero probability:   0.169038
per-segment probability dynamic range (kT): 331.397
norm = 1, error in norm = -2.22045e-16 (-1*epsilon)
-- WARNING  [westpa.core.sim_manager] -- 
 Minimum segment weight is < 1e-100 and might not be physically relevant. Please reconsider your progress coordinate or binning scheme.
################ MAB stats ################
minima in each dimension:      [1.4591, 0.6382, 1.6524]
maxima in each dimension:      [12.9545, 6.0185, 1.9036]
direction in each dimension:   [1, 1, 1]
skip in each dimension:        [0, 0, 1]
###########################################
Iteration wallclock: 0:51:56.684365, cputime: 1:13:46.971410


Mon Jul  4 10:08:45 2022
Iteration 192 (200 requested)
Beginning iteration 192
40 segments remain in iteration 192 (40 total)
MAB binning in use.
1 of 37 (2.702703%) active bins are populated
per-bin minimum non-zero probability:       1
per-bin maximum probability:                1
per-bin probability dynamic range (kT):     0
per-segment minimum non-zero probability:   2.51661e-146
per-segment maximum non-zero probability:   0.169038
per-segment probability dynamic range (kT): 333.477
norm = 1, error in norm = 0 (0*epsilon)
-- WARNING  [westpa.core.sim_manager] -- 
 Minimum segment weight is < 1e-100 and might not be physically relevant. Please reconsider your progress coordinate or binning scheme.
################ MAB stats ################
minima in each dimension:      [0.7605, 0.3233, 1.6309]
maxima in each dimension:      [12.9659, 5.9572, 1.9621]
direction in each dimension:   [1, 1, 1]
skip in each dimension:        [0, 0, 1]
###########################################
Iteration wallclock: 0:48:43.751172, cputime: 1:12:26.742482


Mon Jul  4 10:57:28 2022
Iteration 193 (200 requested)
Beginning iteration 193
32 segments remain in iteration 193 (32 total)
MAB binning in use.
1 of 37 (2.702703%) active bins are populated
per-bin minimum non-zero probability:       1
per-bin maximum probability:                1
per-bin probability dynamic range (kT):     0
per-segment minimum non-zero probability:   3.14576e-147
per-segment maximum non-zero probability:   0.169038
per-segment probability dynamic range (kT): 335.556
norm = 1, error in norm = -2.22045e-16 (-1*epsilon)
-- WARNING  [westpa.core.sim_manager] -- 
 Minimum segment weight is < 1e-100 and might not be physically relevant. Please reconsider your progress coordinate or binning scheme.
################ MAB stats ################
minima in each dimension:      [0.5952, 0.4779, 1.6249]
maxima in each dimension:      [13.1115, 5.9241, 1.844]
direction in each dimension:   [1, 1, 1]
skip in each dimension:        [0, 0, 1]
###########################################
Iteration wallclock: 0:39:20.743137, cputime: 0:57:58.064303


Mon Jul  4 11:36:49 2022
Iteration 194 (200 requested)
Beginning iteration 194
24 segments remain in iteration 194 (24 total)
MAB binning in use.
1 of 37 (2.702703%) active bins are populated
per-bin minimum non-zero probability:       1
per-bin maximum probability:                1
per-bin probability dynamic range (kT):     0
per-segment minimum non-zero probability:   3.9322e-148
per-segment maximum non-zero probability:   0.169038
per-segment probability dynamic range (kT): 337.636
norm = 1, error in norm = 0 (0*epsilon)
-- WARNING  [westpa.core.sim_manager] -- 
 Minimum segment weight is < 1e-100 and might not be physically relevant. Please reconsider your progress coordinate or binning scheme.
################ MAB stats ################
minima in each dimension:      [0.7966, 0.4454, 1.5522]
maxima in each dimension:      [13.1122, 6.1166, 1.9432]
direction in each dimension:   [1, 1, 1]
skip in each dimension:        [0, 0, 1]
###########################################
Iteration wallclock: 0:28:09.890170, cputime: 0:42:47.166618


Mon Jul  4 12:04:59 2022
Iteration 195 (200 requested)
Beginning iteration 195
32 segments remain in iteration 195 (32 total)
MAB binning in use.
1 of 37 (2.702703%) active bins are populated
per-bin minimum non-zero probability:       1
per-bin maximum probability:                1
per-bin probability dynamic range (kT):     0
per-segment minimum non-zero probability:   4.91525e-149
per-segment maximum non-zero probability:   0.169038
per-segment probability dynamic range (kT): 339.715
norm = 1, error in norm = -1.11022e-16 (-0.5*epsilon)
-- WARNING  [westpa.core.sim_manager] -- 
 Minimum segment weight is < 1e-100 and might not be physically relevant. Please reconsider your progress coordinate or binning scheme.
################ MAB stats ################
minima in each dimension:      [0.6547, 0.4312, 1.6271]
maxima in each dimension:      [12.9396, 5.9223, 1.9062]
direction in each dimension:   [1, 1, 1]
skip in each dimension:        [0, 0, 1]
###########################################
Iteration wallclock: 0:37:24.215648, cputime: 0:56:56.757485


Mon Jul  4 12:42:23 2022
Iteration 196 (200 requested)
Beginning iteration 196
40 segments remain in iteration 196 (40 total)
MAB binning in use.
1 of 37 (2.702703%) active bins are populated
per-bin minimum non-zero probability:       1
per-bin maximum probability:                1
per-bin probability dynamic range (kT):     0
per-segment minimum non-zero probability:   6.14406e-150
per-segment maximum non-zero probability:   0.169038
per-segment probability dynamic range (kT): 341.795
norm = 1, error in norm = -1.11022e-16 (-0.5*epsilon)
-- WARNING  [westpa.core.sim_manager] -- 
 Minimum segment weight is < 1e-100 and might not be physically relevant. Please reconsider your progress coordinate or binning scheme.
################ MAB stats ################
minima in each dimension:      [1.3836, 0.6406, 1.5844]
maxima in each dimension:      [12.9047, 5.7899, 1.9721]
direction in each dimension:   [1, 1, 1]
skip in each dimension:        [0, 0, 1]
###########################################
Iteration wallclock: 0:47:40.371777, cputime: 1:12:28.082692


Mon Jul  4 13:30:04 2022
Iteration 197 (200 requested)
Beginning iteration 197
40 segments remain in iteration 197 (40 total)
MAB binning in use.
1 of 37 (2.702703%) active bins are populated
per-bin minimum non-zero probability:       1
per-bin maximum probability:                1
per-bin probability dynamic range (kT):     0
per-segment minimum non-zero probability:   7.68008e-151
per-segment maximum non-zero probability:   0.169038
per-segment probability dynamic range (kT): 343.874
norm = 1, error in norm = -2.22045e-16 (-1*epsilon)
-- WARNING  [westpa.core.sim_manager] -- 
 Minimum segment weight is < 1e-100 and might not be physically relevant. Please reconsider your progress coordinate or binning scheme.
################ MAB stats ################
minima in each dimension:      [1.0399, 0.7473, 1.6642]
maxima in each dimension:      [13.8055, 6.3219, 2.0299]
direction in each dimension:   [1, 1, 1]
skip in each dimension:        [0, 0, 1]
###########################################
Iteration wallclock: 0:48:22.477638, cputime: 1:13:30.226746


Mon Jul  4 14:18:26 2022
Iteration 198 (200 requested)
Beginning iteration 198
32 segments remain in iteration 198 (32 total)
MAB binning in use.
1 of 37 (2.702703%) active bins are populated
per-bin minimum non-zero probability:       1
per-bin maximum probability:                1
per-bin probability dynamic range (kT):     0
per-segment minimum non-zero probability:   9.6001e-152
per-segment maximum non-zero probability:   0.12375
per-segment probability dynamic range (kT): 345.642
norm = 1, error in norm = -1.11022e-16 (-0.5*epsilon)
-- WARNING  [westpa.core.sim_manager] -- 
 Minimum segment weight is < 1e-100 and might not be physically relevant. Please reconsider your progress coordinate or binning scheme.
################ MAB stats ################
minima in each dimension:      [1.2672, 0.6247, 1.5823]
maxima in each dimension:      [12.955, 6.0773, 1.9684]
direction in each dimension:   [1, 1, 1]
skip in each dimension:        [0, 0, 1]
###########################################
Iteration wallclock: 0:39:07.220107, cputime: 0:58:40.441331


Mon Jul  4 14:57:33 2022
Iteration 199 (200 requested)
Beginning iteration 199
40 segments remain in iteration 199 (40 total)
MAB binning in use.
1 of 37 (2.702703%) active bins are populated
per-bin minimum non-zero probability:       1
per-bin maximum probability:                1
per-bin probability dynamic range (kT):     0
per-segment minimum non-zero probability:   1.20001e-152
per-segment maximum non-zero probability:   0.151185
per-segment probability dynamic range (kT): 347.921
norm = 1, error in norm = -1.11022e-16 (-0.5*epsilon)
-- WARNING  [westpa.core.sim_manager] -- 
 Minimum segment weight is < 1e-100 and might not be physically relevant. Please reconsider your progress coordinate or binning scheme.
################ MAB stats ################
minima in each dimension:      [1.4524, 0.5827, 1.6134]
maxima in each dimension:      [12.8466, 5.8386, 1.9419]
direction in each dimension:   [1, 1, 1]
skip in each dimension:        [0, 0, 1]
###########################################
Iteration wallclock: 0:48:18.854362, cputime: 1:13:20.638344

Iteration 200 would require more than the allotted time. Ending run.
