Updating system with the options from the configuration file
Maximum wallclock time: 2 days, 0:00:00

Mon Aug 29 09:08:15 2022
Iteration 82 (300 requested)
Beginning iteration 82
100 segments remain in iteration 82 (100 total)
1 of 1 (100.000000%) active bins are populated
per-bin minimum non-zero probability:       1
per-bin maximum probability:                1
per-bin probability dynamic range (kT):     0
per-segment minimum non-zero probability:   1.02565e-12
per-segment maximum non-zero probability:   0.1
per-segment probability dynamic range (kT): 25.3031
norm = 1, error in norm = -2.22045e-16 (-1*epsilon)
Waiting for segments to complete...
pcoords [4.3454 1.9028 4.872  1.7851 5.173  1.7809 4.5208 1.8573 5.0581 1.8016
 4.5756 1.7989 5.4331 1.7567 4.8409 1.7927 4.6001 1.8306 4.2075 1.6738
 4.8615 1.7013 5.0408 1.7051 4.2197 1.6941 4.2673 1.8755 4.424  1.693
 4.2819 1.7782 4.6883 1.7105 4.3179 1.8825 5.0326 1.6615 5.4319 1.7146
 4.645  1.7392 4.9043 1.6982 4.63   1.758  4.892  1.7556 5.0352 1.7496
 4.8457 1.7072 4.8451 1.7321 5.5506 1.7597 4.5455 1.7541 5.0191 1.7738
 4.7208 1.8387 4.3865 1.7334 5.5941 1.7715 4.7989 1.7453 4.8281 1.7153
 1.0022 1.6981 0.5379 1.7375 0.7402 1.8493 0.6228 1.7237 0.5817 1.7644
 0.7262 1.8204 0.7421 1.9976 0.6792 1.8025 0.5552 1.9214 0.9434 1.761
 0.73   1.8222 0.6449 1.7016 0.8028 1.8022 0.7135 1.6921 0.5877 1.7751
 0.9616 1.6831 0.661  1.761  0.4911 1.6761 0.5248 1.7609 0.8358 1.7518
 0.7864 1.6591 1.0712 1.7338 1.245  1.6848 0.5923 1.7825 0.8206 1.6953
 1.1343 1.7522 1.1027 1.7161 1.2498 1.7968 0.562  1.715  0.6531 1.8351
 1.2781 1.7114 0.7678 1.7076 0.8967 1.5602 0.5381 1.7077 0.6806 1.6292
 0.6801 1.7589 0.3687 1.7223 0.855  1.6374 1.0693 1.7917 0.8726 1.7136
 0.7009 1.8277 0.5879 1.7313 0.7767 1.7615 0.5775 1.6661 1.1957 1.6573
 0.4371 1.7402 0.9104 1.7757 0.5606 1.7119 0.5418 1.8287 0.777  1.7293
 0.6482 1.7467 0.5726 1.7305 0.7141 1.7017 0.624  1.8306 1.0255 1.797
 0.7271 1.7761 0.6011 1.7115 1.3584 1.8575 1.4921 1.5962 1.7682 1.8443
 1.0149 1.7265 0.9313 1.7492 1.5282 1.584  1.3203 1.7122 1.1899 1.7081]
weights [1.02565353e-12 1.03122815e-12 1.03122815e-12 1.03897774e-12
 1.03897774e-12 1.07844777e-12 1.08056539e-12 1.08699370e-12
 1.10910043e-12 1.10910043e-12 1.12936632e-12 1.14565801e-12
 1.15830715e-12 1.15830715e-12 1.29096076e-12 1.38378401e-12
 1.38378401e-12 1.38996360e-12 1.38996360e-12 1.41156822e-12
 1.43342648e-12 1.43342648e-12 1.43342648e-12 1.43342648e-12
 1.43342648e-12 1.51228593e-12 1.51228593e-12 1.51228593e-12
 1.51228593e-12 1.56793745e-12 1.65073519e-12 1.74468867e-12
 1.76587372e-12 1.79196164e-12 1.92221408e-12 1.71447061e-05
 1.71447061e-05 1.71447061e-05 1.71447061e-05 1.71447061e-05
 1.71447061e-05 1.71447061e-05 1.71447061e-05 1.71447061e-05
 6.17209420e-05 6.17209420e-05 6.17209420e-05 6.17209420e-05
 6.17209420e-05 6.17209420e-05 1.08919309e-04 1.08919309e-04
 1.08919309e-04 1.08919309e-04 1.08919309e-04 1.08919309e-04
 1.08919309e-04 1.08919309e-04 1.08919309e-04 1.08919309e-04
 1.08919309e-04 1.08919309e-04 1.08919309e-04 1.08919309e-04
 1.08919309e-04 1.08919309e-04 1.08919309e-04 1.54302355e-04
 1.54302355e-04 1.54302355e-04 1.54302355e-04 3.70325652e-04
 9.25814130e-04 2.26993665e-03 2.26993665e-03 2.26993665e-03
 2.26993665e-03 2.26993665e-03 2.26993665e-03 2.26993665e-03
 2.26993665e-03 2.26993665e-03 2.26993665e-03 2.26993665e-03
 8.32310106e-03 8.32310106e-03 8.32310106e-03 1.24846516e-02
 1.24846516e-02 1.24846516e-02 1.24846516e-02 9.59717614e-02
 9.99099907e-02 9.99845862e-02 9.99880149e-02 9.99888554e-02
 9.99899732e-02 1.00000000e-01 1.00000000e-01 1.00000000e-01]
Initial weight sum:  1.0
-- INFO     [wevo] -- distance_matrix
-- INFO     [wevo] -- 
[[0.         0.53959358 0.83652937 ... 2.83518028 3.03109837 3.16150093]
 [0.53959358 0.         0.30102894 ... 3.34984183 3.55244827 3.6829052 ]
 [0.83652937 0.30102894 0.         ... 3.6501143  3.85331225 3.98376513]
 ...
 [2.83518028 3.34984183 3.6501143  ... 0.         0.24424922 0.36034384]
 [3.03109837 3.55244827 3.85331225 ... 0.24424922 0.         0.13046439]
 [3.16150093 3.6829052  3.98376513 ... 0.36034384 0.13046439 0.        ]]
-- INFO     [wevo] -- Starting variance optimization: 72785513.701464
-- INFO     [wevo] -- WEVO ran for 43 cycles
-- INFO     [wevo] -- 
To split: 100 total: 42 being split 
 [0, 0, 0, 0, 0, 0, 0, 0, 0, 0, 0, 0, 0, 0, 0, 0, 0, 0, 0, 0, 0, 0, 0, 0, 0, 0, 0, 0, 0, 0, 0, 0, 0, 0, 0, 0, 0, 0, 0, 0, 0, 0, 0, 0, 0, 0, 0, 0, 0, 0, 0, 0, 0, 0, 0, 0, 0, 0, 0, 0, 0, 0, 0, 0, 0, 0, 0, 0, 0, 0, 0, 14, 0, 0, 0, 0, 0, 0, 0, 0, 21, 0, 1, 2, 0, 0, 3, 0, 1, 0, 0, 0, 0, 0, 0, 0, 0, 0, 0, 0]
-- INFO     [wevo] -- 
To merge: 100 total: 42 being merged 
 [[], [], [], [], [], [], [], [], [], [], [], [], [], [], [], [], [], [], [], [], [], [], [], [], [], [], [], [], [], [], [], [], [], [], [], [], [], [], [], [], [], [], [], [], [], [], [], [], [], [], [], [], [], [], [], [], [], [], [], [], [], [], [], [], [], [], [], [], [], [], [], [], [], [50, 89, 67, 54, 47, 37, 59, 41, 40, 81, 55, 66, 72, 42, 74, 45, 48, 38, 46, 39, 77, 70, 69, 51, 84, 64, 43, 36, 49, 90, 58, 75, 87], [], [], [], [], [], [], [], [], [], [], [], [], [], [], [], [], [], [65, 62, 57, 60, 61, 79, 56], [35, 44], [], [], [], [], [], [], []]
Final variation value after 43 wevo cycles:  89821468.70325524
Bin attrs post WEVO:  <Bin at 0x15387ab73660, label=None, count=100, weight=1>
Total = 100, splitting = 48, merging = 45
Iteration completed successfully
Iteration wallclock: 1:32:32.949481, cputime: 4:47:33.671524


Mon Aug 29 10:40:47 2022
Iteration 83 (300 requested)
Beginning iteration 83
100 segments remain in iteration 83 (100 total)
1 of 1 (100.000000%) active bins are populated
per-bin minimum non-zero probability:       1
per-bin maximum probability:                1
per-bin probability dynamic range (kT):     0
per-segment minimum non-zero probability:   1.02565e-12
per-segment maximum non-zero probability:   0.1
per-segment probability dynamic range (kT): 25.3031
norm = 1, error in norm = 2.22045e-16 (1*epsilon)
Waiting for segments to complete...
pcoords [4.3995 1.6986 4.626  1.6184 4.7913 1.897  4.8615 1.6977 4.6137 1.8298
 4.8237 1.7125 4.8981 1.8426 4.7566 1.8075 5.0216 1.7127 4.3212 1.7427
 4.7868 1.7746 4.6465 1.6538 4.582  1.7616 4.3917 1.8109 4.8722 1.8156
 4.9563 1.7716 4.432  1.6339 4.7158 1.7415 4.4162 1.7117 5.5295 1.873
 4.7316 1.7383 5.0987 1.759  4.8434 1.7372 4.9431 1.778  5.0356 1.7154
 4.59   1.7362 4.6265 1.8041 4.694  1.6808 4.8262 1.686  4.843  1.5929
 4.6796 1.6777 4.4564 1.7871 5.0226 1.8821 5.0205 1.681  4.9296 1.8176
 0.935  1.698  0.4756 1.7314 0.5085 1.8992 0.9179 1.7475 1.0794 1.7493
 0.5668 1.7342 0.5814 1.7538 0.5883 1.6988 0.7117 1.6881 1.0697 1.726
 0.8314 1.681  0.3935 1.8836 0.686  1.77   0.7786 1.705  0.7793 1.753
 0.5865 1.7457 1.0078 1.7801 1.0034 1.743  0.7376 1.7716 0.731  1.7112
 0.6397 1.7667 1.1084 1.8357 0.6147 1.7282 0.713  1.7984 0.5462 1.7508
 0.7804 1.8048 0.7929 1.7701 0.5638 1.7004 1.7961 1.7604 0.9556 1.9349
 1.0068 1.6469 0.785  1.7653 0.7986 1.8303 0.6625 1.8183 0.6382 1.8099
 0.5906 1.8415 0.8568 1.8029 0.5019 1.6254 0.7263 1.7186 0.7505 1.6912
 0.9707 1.7158 0.7932 1.719  0.5325 1.7487 1.3886 1.6922 0.6281 1.8933
 0.7306 1.8496 0.8708 1.8074 1.2732 1.7319 0.7038 1.7859 0.6801 1.75
 0.3819 1.7114 1.0959 1.7857 0.672  1.7694 0.8312 1.7504 0.5997 1.8111
 0.7077 1.6988 0.439  1.7576 1.57   1.6432 1.6145 1.6911 1.4062 1.8082
 1.7    1.634  0.7455 1.8969 1.2625 1.7287 1.3803 1.6429 1.437  1.6329]
weights [1.02565353e-12 1.03122815e-12 1.03122815e-12 1.03897774e-12
 1.03897774e-12 1.07844777e-12 1.08056539e-12 1.08699370e-12
 1.10910043e-12 1.10910043e-12 1.12936632e-12 1.14565801e-12
 1.15830715e-12 1.15830715e-12 1.29096076e-12 1.38378401e-12
 1.38378401e-12 1.38996360e-12 1.38996360e-12 1.41156822e-12
 1.43342648e-12 1.43342648e-12 1.43342648e-12 1.43342648e-12
 1.43342648e-12 1.51228593e-12 1.51228593e-12 1.51228593e-12
 1.51228593e-12 1.56793745e-12 1.65073519e-12 1.74468867e-12
 1.76587372e-12 1.79196164e-12 1.92221408e-12 2.46883768e-05
 2.46883768e-05 2.46883768e-05 2.46883768e-05 2.46883768e-05
 2.46883768e-05 2.46883768e-05 2.46883768e-05 2.46883768e-05
 2.46883768e-05 2.46883768e-05 2.46883768e-05 2.46883768e-05
 2.46883768e-05 2.46883768e-05 1.03178939e-04 1.03178939e-04
 1.03178939e-04 1.03178939e-04 1.03178939e-04 1.03178939e-04
 1.03178939e-04 1.03178939e-04 1.03178939e-04 1.03178939e-04
 1.03178939e-04 1.03178939e-04 1.03178939e-04 1.03178939e-04
 1.03178939e-04 1.03178939e-04 1.03178939e-04 1.03178939e-04
 1.03178939e-04 1.03178939e-04 1.03178939e-04 1.03178939e-04
 1.08919309e-04 1.08919309e-04 1.08919309e-04 1.54302355e-04
 7.56645551e-04 7.56645551e-04 7.56645551e-04 1.13496833e-03
 1.13496833e-03 2.08077527e-03 2.08077527e-03 2.08077527e-03
 2.08077527e-03 2.26993665e-03 2.26993665e-03 6.24232580e-03
 6.24232580e-03 8.32310106e-03 5.98325771e-02 9.88952139e-02
 9.99845862e-02 9.99880149e-02 9.99888554e-02 9.99888563e-02
 9.99899732e-02 1.00000000e-01 1.00000000e-01 1.00000000e-01]
Initial weight sum:  1.0
-- INFO     [wevo] -- distance_matrix
-- INFO     [wevo] -- 
[[0.         0.24027966 0.43916935 ... 3.13714433 3.01971364 2.96322823]
 [0.24027966 0.         0.32394755 ... 3.36530781 3.24579239 3.18903279]
 [0.43916935 0.32394755 0.         ... 3.53281093 3.42045116 3.36468077]
 ...
 [3.13714433 3.36530781 3.53281093 ... 0.         0.14573431 0.19906756]
 [3.01971364 3.24579239 3.42045116 ... 0.14573431 0.         0.05757507]
 [2.96322823 3.18903279 3.36468077 ... 0.19906756 0.05757507 0.        ]]
-- INFO     [wevo] -- Starting variance optimization: 67388087.51590712
-- INFO     [wevo] -- WEVO ran for 56 cycles
-- INFO     [wevo] -- 
To split: 100 total: 55 being split 
 [0, 0, 0, 0, 0, 0, 0, 0, 0, 0, 0, 0, 0, 0, 0, 0, 0, 0, 0, 0, 0, 0, 0, 0, 0, 0, 0, 0, 0, 0, 0, 0, 0, 0, 0, 0, 0, 0, 0, 0, 0, 0, 0, 0, 0, 0, 0, 0, 0, 0, 0, 0, 0, 0, 0, 0, 0, 0, 0, 0, 0, 0, 0, 0, 0, 0, 0, 0, 0, 0, 0, 0, 0, 0, 0, 0, 0, 0, 0, 0, 0, 0, 0, 0, 0, 4, 0, 0, 0, 0, 0, 51, 0, 0, 0, 0, 0, 0, 0, 0]
-- INFO     [wevo] -- 
To merge: 100 total: 55 being merged 
 [[], [], [], [], [], [], [], [], [], [0], [], [], [], [], [], [], [], [], [], [], [], [], [], [], [], [], [], [], [], [], [], [], [], [], [], [], [], [], [], [], [], [], [], [], [], [], [], [], [], [], [], [], [], [], [], [], [], [], [], [], [], [], [], [], [], [], [], [], [], [], [], [], [], [], [], [], [], [], [], [], [], [], [], [], [], [], [], [], [], [], [63, 78, 82, 39, 44, 56, 51, 86, 35, 38, 52, 65, 75, 64, 45, 71, 49, 48, 67, 61, 66, 60, 43, 81, 47, 74, 53, 54, 73, 76, 58, 88, 68, 42, 41, 55, 69, 40, 80, 57, 70, 50, 83, 37, 62, 84, 59, 36, 79, 87, 72, 46, 77, 89], [], [], [], [], [], [], [], [], []]
Final variation value after 56 wevo cycles:  96635695.59014979
Bin attrs post WEVO:  <Bin at 0x15387a53e4a0, label=None, count=100, weight=1>
Total = 100, splitting = 57, merging = 57
Iteration completed successfully
Iteration wallclock: 1:27:52.025140, cputime: 4:45:07.897113


Mon Aug 29 12:08:39 2022
Iteration 84 (300 requested)
Beginning iteration 84
100 segments remain in iteration 84 (100 total)
1 of 1 (100.000000%) active bins are populated
per-bin minimum non-zero probability:       1
per-bin maximum probability:                1
per-bin probability dynamic range (kT):     0
per-segment minimum non-zero probability:   1.03123e-12
per-segment maximum non-zero probability:   0.1
per-segment probability dynamic range (kT): 25.2977
norm = 1, error in norm = -1.11022e-16 (-0.5*epsilon)
Waiting for segments to complete...
pcoords [4.8346 1.5403 4.881  1.7756 4.418  1.8173 4.683  1.7463 4.9934 1.657
 4.6935 1.7168 5.1038 1.7149 4.5151 1.8138 4.8894 1.6824 5.1096 1.8237
 4.5916 1.8073 4.3592 1.7374 4.5192 1.7    4.1034 1.6105 5.0171 1.7189
 4.836  1.8367 4.2556 1.8854 5.2869 1.9017 4.5729 1.6747 4.5897 1.7483
 4.5116 1.6776 5.1882 1.6821 4.4211 1.7109 4.429  1.746  4.4803 1.6528
 4.7991 1.7365 4.7344 1.667  5.199  1.8089 4.5429 1.7007 4.2643 1.8414
 5.1716 1.8939 4.8329 1.8407 4.9276 1.7678 4.4469 1.7036 0.7334 1.7664
 0.6822 1.7891 0.6361 1.7939 0.5336 1.8204 0.954  1.6444 0.7651 1.7397
 0.5799 1.7802 0.5929 1.8333 0.6386 1.8469 0.7108 1.8698 0.4605 1.6812
 0.6553 1.6897 0.6387 1.6314 0.6879 1.664  0.4914 1.8566 1.0565 1.6719
 0.5347 1.779  0.9832 1.7537 0.6935 1.8052 0.5243 1.8135 0.4628 1.7894
 0.5688 1.6918 0.8395 1.7054 0.6398 1.681  0.8321 1.8289 0.7513 1.7966
 0.7348 1.7952 1.0678 1.8334 1.5948 1.7245 0.3982 1.7411 0.9424 1.7246
 0.5637 1.6394 0.5544 1.7661 0.9764 1.867  0.5515 1.8055 0.5904 1.765
 0.7653 1.8716 0.5275 1.8145 0.6558 1.7203 0.5932 1.8051 0.5557 1.7642
 0.9196 1.6672 0.8856 1.8104 0.8078 1.7545 0.825  1.6425 0.5708 1.835
 0.4432 1.7693 0.7606 1.8263 0.7247 1.8035 0.9078 1.8345 0.8725 1.7965
 0.8139 1.7072 0.4401 1.6975 0.5976 1.7096 0.9957 1.6673 0.5426 1.6375
 0.9188 1.864  0.4615 1.7001 1.791  1.7359 1.6431 1.7773 1.2766 1.7148
 0.7809 1.7698 0.5457 1.8331 1.694  1.8139 1.5005 1.7686 1.3403 1.752 ]
weights [1.03122815e-12 1.03122815e-12 1.03897774e-12 1.03897774e-12
 1.07844777e-12 1.08056539e-12 1.08699370e-12 1.10910043e-12
 1.12936632e-12 1.14565801e-12 1.15830715e-12 1.15830715e-12
 1.29096076e-12 1.38378401e-12 1.38378401e-12 1.38996360e-12
 1.38996360e-12 1.41156822e-12 1.43342648e-12 1.43342648e-12
 1.43342648e-12 1.43342648e-12 1.43342648e-12 1.51228593e-12
 1.51228593e-12 1.51228593e-12 1.51228593e-12 1.56793745e-12
 1.65073519e-12 1.74468867e-12 1.76587372e-12 1.79196164e-12
 1.92221408e-12 2.13475396e-12 4.53987331e-04 4.53987331e-04
 4.53987331e-04 4.53987331e-04 4.53987331e-04 1.90183104e-03
 1.90183104e-03 1.90183104e-03 1.90183104e-03 1.90183104e-03
 1.90183104e-03 1.90183104e-03 1.90183104e-03 1.90183104e-03
 1.90183104e-03 1.90183104e-03 1.90183104e-03 1.90183104e-03
 1.90183104e-03 1.90183104e-03 1.90183104e-03 1.90183104e-03
 1.90183104e-03 1.90183104e-03 1.90183104e-03 1.90183104e-03
 1.90183104e-03 1.90183104e-03 1.90183104e-03 1.90183104e-03
 1.90183104e-03 1.90183104e-03 1.90183104e-03 1.90183104e-03
 1.90183104e-03 1.90183104e-03 1.90183104e-03 1.90183104e-03
 1.90183104e-03 1.90183104e-03 1.90183104e-03 1.90183104e-03
 1.90183104e-03 1.90183104e-03 1.90183104e-03 1.90183104e-03
 1.90183104e-03 1.90183104e-03 1.90183104e-03 1.90183104e-03
 1.90183104e-03 1.90183104e-03 1.90183104e-03 1.90183104e-03
 1.90183104e-03 1.90183104e-03 1.90183104e-03 9.88945634e-02
 9.99845862e-02 9.99880149e-02 9.99888554e-02 9.99888563e-02
 9.99899732e-02 1.00000000e-01 1.00000000e-01 1.00000000e-01]
Initial weight sum:  1.0
-- INFO     [wevo] -- distance_matrix
-- INFO     [wevo] -- 
[[0.         0.23983125 0.50028425 ... 3.15249491 3.34190726 3.50070691]
 [0.23983125 0.         0.46487388 ... 3.18723011 3.38050723 3.54077864]
 [0.50028425 0.46487388 0.         ... 2.72400236 2.91790676 3.07839274]
 ...
 [3.15249491 3.18723011 2.72400236 ... 0.         0.19873187 0.35907567]
 [3.34190726 3.38050723 2.91790676 ... 0.19873187 0.         0.16105776]
 [3.50070691 3.54077864 3.07839274 ... 0.35907567 0.16105776 0.        ]]
-- INFO     [wevo] -- Starting variance optimization: 74027557.14157596
-- INFO     [wevo] -- WEVO ran for 52 cycles
-- INFO     [wevo] -- 
To split: 100 total: 51 being split 
 [0, 0, 0, 0, 0, 0, 0, 0, 0, 0, 0, 0, 0, 0, 0, 0, 0, 0, 0, 0, 0, 0, 0, 0, 0, 0, 0, 0, 0, 0, 0, 0, 0, 1, 0, 0, 0, 0, 0, 0, 0, 0, 0, 0, 0, 0, 0, 0, 0, 0, 0, 0, 0, 0, 0, 0, 0, 0, 0, 0, 0, 0, 0, 3, 0, 0, 0, 0, 0, 0, 0, 0, 0, 0, 0, 0, 0, 0, 0, 0, 1, 0, 0, 0, 0, 0, 1, 0, 0, 0, 0, 41, 0, 0, 0, 0, 4, 0, 0, 0]
-- INFO     [wevo] -- 
To merge: 100 total: 51 being merged 
 [[], [], [], [], [], [], [], [], [], [], [], [], [], [], [], [], [], [], [], [], [], [], [], [], [], [], [], [], [], [], [], [], [], [], [], [], [], [], [], [], [], [], [], [], [], [], [], [], [], [], [], [], [], [], [], [], [], [], [], [], [], [], [], [], [], [], [], [], [52, 51, 67, 88, 62, 61, 49, 38, 64, 75, 90, 83, 76, 84, 56, 58, 78, 85, 77, 34, 39, 70, 81, 59, 35, 60, 82, 43, 36, 47, 46, 72, 45, 42, 57, 87, 37, 69, 40, 79, 55, 73, 41, 65, 74, 66, 89, 50, 53, 71], [], [], [], [], [], [], [], [], [], [], [], [], [], [], [], [], [], [], [], [], [], [], [], [13], [], [], [], [], [], [], []]
Final variation value after 52 wevo cycles:  91891562.43677108
Bin attrs post WEVO:  <Bin at 0x15387a4d5200, label=None, count=100, weight=1>
Total = 100, splitting = 57, merging = 53
Iteration completed successfully
Iteration wallclock: 1:28:25.155690, cputime: 4:46:19.651779


Mon Aug 29 13:37:05 2022
Iteration 85 (300 requested)
Beginning iteration 85
100 segments remain in iteration 85 (100 total)
1 of 1 (100.000000%) active bins are populated
per-bin minimum non-zero probability:       1
per-bin maximum probability:                1
per-bin probability dynamic range (kT):     0
per-segment minimum non-zero probability:   1.03123e-12
per-segment maximum non-zero probability:   0.1
per-segment probability dynamic range (kT): 25.2977
norm = 1, error in norm = 0 (0*epsilon)
Waiting for segments to complete...
pcoords [4.8856 1.6967 4.8008 1.8276 4.3673 1.8514 4.6527 1.702  4.3969 1.8077
 4.2903 1.7266 4.7963 1.9056 5.0297 1.755  5.2388 1.7159 4.9447 1.7263
 4.7885 1.8513 5.0869 1.7414 4.1347 1.7197 4.2849 1.7921 4.602  1.7971
 5.0553 1.714  4.8907 1.7133 4.4583 1.857  4.9903 1.6424 5.1837 1.6711
 4.7556 1.7168 4.4431 1.7635 4.6235 1.6869 4.766  1.7827 4.4225 1.7187
 4.8779 1.7041 4.7583 1.7734 4.4133 1.7886 5.1978 1.8346 4.5684 1.6743
 4.2002 1.7772 4.4999 1.8066 4.8382 1.8325 4.8651 1.828  1.0568 1.8349
 0.5824 1.7817 0.6313 1.7279 0.814  1.7684 0.5976 1.7047 0.363  1.8521
 1.2931 1.9592 0.6443 1.7614 0.8605 1.8634 0.5631 1.8095 0.6621 1.7484
 0.7876 1.8494 0.5711 1.808  0.9237 1.6979 0.5582 1.7783 0.9263 1.8318
 0.7254 1.7802 0.6055 1.7939 0.6286 1.7325 0.6375 1.7466 0.6687 1.6869
 0.8817 1.6902 0.4915 1.8119 0.4651 1.679  0.7539 1.8069 0.9845 1.7996
 0.8888 1.7705 0.7926 1.8586 0.6968 1.7553 0.7092 1.6903 1.2672 1.9239
 0.6765 1.8053 0.7592 1.7757 0.8857 1.6725 0.6206 1.6528 0.4959 1.9162
 0.7746 1.7909 0.4418 1.6883 0.5084 1.7611 0.6568 1.7064 0.8224 1.8258
 1.2066 1.8227 1.1182 1.752  0.7752 1.8005 0.629  1.6836 0.7286 1.648
 0.5815 1.8323 1.0641 1.7824 0.9313 1.7467 0.6608 1.7934 0.7398 1.7872
 0.7976 1.7282 0.7736 1.7262 1.1102 1.7041 0.763  1.7114 0.4731 1.8598
 0.8268 1.7908 0.7236 1.8575 0.7528 1.7498 1.5608 1.6802 1.6755 1.8199
 1.4769 1.6887 0.5289 1.7297 1.8803 1.6413 1.2107 1.7685 1.2686 1.5941]
weights [1.03122815e-12 1.03122815e-12 1.03897774e-12 1.03897774e-12
 1.06737698e-12 1.06737698e-12 1.07844777e-12 1.08056539e-12
 1.08699370e-12 1.10910043e-12 1.12936632e-12 1.14565801e-12
 1.15830715e-12 1.15830715e-12 1.29096076e-12 1.38378401e-12
 1.38996360e-12 1.38996360e-12 1.41156822e-12 1.43342648e-12
 1.43342648e-12 1.43342648e-12 1.43342648e-12 1.43342648e-12
 1.51228593e-12 1.51228593e-12 1.51228593e-12 1.51228593e-12
 1.56793745e-12 1.65073519e-12 1.74468867e-12 1.76587372e-12
 1.79196164e-12 1.92221408e-12 4.75457759e-04 4.75457759e-04
 4.75457759e-04 4.75457759e-04 9.50915518e-04 9.50915518e-04
 9.50915518e-04 9.50915518e-04 1.90183104e-03 1.90183104e-03
 1.90183104e-03 2.35463246e-03 2.35463246e-03 2.35463246e-03
 2.35463246e-03 2.35463246e-03 2.35463246e-03 2.35463246e-03
 2.35463246e-03 2.35463246e-03 2.35463246e-03 2.35463246e-03
 2.35463246e-03 2.35463246e-03 2.35463246e-03 2.35463246e-03
 2.35463246e-03 2.35463246e-03 2.35463246e-03 2.35463246e-03
 2.35463246e-03 2.35463246e-03 2.35463246e-03 2.35463246e-03
 2.35463246e-03 2.35463246e-03 2.35463246e-03 2.35463246e-03
 2.35463246e-03 2.35463246e-03 2.35463246e-03 2.35463246e-03
 2.35463246e-03 2.35463246e-03 2.35463246e-03 2.35463246e-03
 2.35463246e-03 2.35463246e-03 2.35463246e-03 2.35463246e-03
 2.35463246e-03 2.35463246e-03 2.35463246e-03 1.99979946e-02
 1.99979946e-02 1.99979946e-02 1.99979946e-02 1.99979946e-02
 8.97541643e-02 9.99845862e-02 9.99880149e-02 9.99888554e-02
 9.99888563e-02 1.00000000e-01 1.00000000e-01 1.00000000e-01]
Initial weight sum:  1.0
-- INFO     [wevo] -- distance_matrix
-- INFO     [wevo] -- 
[[0.         0.15596762 0.54089469 ... 3.0058105  3.67560148 3.61845493]
 [0.15596762 0.         0.43415266 ... 2.92643595 3.59058619 3.53990936]
 [0.54089469 0.43415266 0.         ... 2.49585867 3.15768838 3.10936403]
 ...
 [3.0058105  2.92643595 2.49585867 ... 0.         0.68157464 0.61351836]
 [3.67560148 3.59058619 3.15768838 ... 0.68157464 0.         0.18376005]
 [3.61845493 3.53990936 3.10936403 ... 0.61351836 0.18376005 0.        ]]
-- INFO     [wevo] -- Starting variance optimization: 71363746.50131477
-- INFO     [wevo] -- WEVO ran for 50 cycles
-- INFO     [wevo] -- 
To split: 100 total: 49 being split 
 [0, 0, 0, 0, 0, 0, 0, 0, 0, 0, 0, 0, 0, 0, 0, 0, 0, 0, 0, 0, 0, 0, 0, 0, 0, 0, 0, 0, 0, 0, 0, 0, 0, 0, 0, 0, 0, 0, 0, 9, 0, 0, 0, 0, 0, 0, 0, 0, 0, 0, 0, 0, 0, 0, 0, 0, 1, 2, 0, 0, 0, 0, 0, 0, 0, 0, 0, 0, 0, 1, 0, 3, 0, 0, 0, 0, 0, 0, 0, 0, 0, 0, 0, 0, 0, 0, 0, 0, 0, 15, 0, 0, 0, 0, 0, 0, 18, 0, 0, 0]
-- INFO     [wevo] -- 
To merge: 100 total: 49 being merged 
 [[], [], [], [], [], [], [], [], [], [], [], [], [], [], [], [], [], [], [], [], [], [], [], [], [], [], [], [], [], [], [], [], [], [], [], [], [], [], [], [], [], [], [], [], [], [], [], [], [], [], [], [], [], [], [], [], [], [], [], [], [], [], [], [], [], [], [], [], [], [], [], [], [], [], [], [], [], [], [], [], [], [], [], [], [], [], [], [], [41, 65, 44, 54, 83, 73, 91, 53, 52, 78, 68, 51, 80, 43, 46, 48], [], [76, 34, 87, 81, 59, 82, 49, 47, 60, 67, 55, 37, 42, 74, 45, 86, 61, 85, 66, 58, 77, 70, 84, 79, 50, 63, 62, 36, 35, 38], [], [40, 64, 75], [], [], [], [], [], [], []]
Final variation value after 50 wevo cycles:  87480358.35994059
Bin attrs post WEVO:  <Bin at 0x15387a4d1580, label=None, count=100, weight=1>
Total = 100, splitting = 56, merging = 52
Iteration completed successfully
Iteration wallclock: 1:26:58.387583, cputime: 4:42:14.363995


Mon Aug 29 15:04:03 2022
Iteration 86 (300 requested)
Beginning iteration 86
100 segments remain in iteration 86 (100 total)
1 of 1 (100.000000%) active bins are populated
per-bin minimum non-zero probability:       1
per-bin maximum probability:                1
per-bin probability dynamic range (kT):     0
per-segment minimum non-zero probability:   1.03123e-12
per-segment maximum non-zero probability:   0.1
per-segment probability dynamic range (kT): 25.2977
norm = 1, error in norm = -1.11022e-16 (-0.5*epsilon)
Waiting for segments to complete...
