Updating system with the options from the configuration file
Maximum wallclock time: 8:00:00

Tue Aug 23 14:16:56 2022
Iteration 1 (5 requested)
Beginning iteration 1
100 segments remain in iteration 1 (100 total)
1 of 1 (100.000000%) active bins are populated
per-bin minimum non-zero probability:       1
per-bin maximum probability:                1
per-bin probability dynamic range (kT):     0
per-segment minimum non-zero probability:   0.01
per-segment maximum non-zero probability:   0.01
per-segment probability dynamic range (kT): 0
norm = 1, error in norm = -1.11022e-16 (-0.5*epsilon)
Waiting for segments to complete...
pcoords [0.4667 1.7476 1.1975 1.671  0.5159 1.6021 0.3972 1.7928 0.7111 1.7705
 0.5684 1.7546 0.5244 1.7831 0.5355 1.7112 0.462  1.7568 0.3819 1.7578
 0.7073 1.7334 0.8834 1.714  0.4677 1.741  0.5218 1.7238 0.3722 1.7822
 0.6245 1.7716 0.8603 1.7358 0.6381 1.756  0.6481 1.6021 0.7901 1.8407
 0.6404 1.7904 0.664  1.7606 0.5161 1.7277 0.5387 1.7306 0.5987 1.7438
 0.5948 1.7861 0.6449 1.639  0.7946 1.6543 0.6856 1.7579 0.6747 1.8224
 0.418  1.743  0.6143 1.8696 0.6302 1.8302 0.755  1.7827 0.54   1.6757
 0.897  1.7049 0.6067 1.758  0.4479 1.7386 0.5314 1.739  0.4907 1.8945
 0.6617 1.8301 0.4637 1.7103 0.4352 1.7574 0.5576 1.6629 0.5504 1.7275
 0.5156 1.5992 0.5448 1.6946 0.3993 1.7994 0.5206 1.7327 0.8123 1.7573
 0.533  1.8901 0.9661 1.6439 0.8467 1.832  0.5832 1.7511 0.6991 1.7568
 0.3563 1.6781 0.5122 1.6876 0.4184 1.7965 0.7089 1.7013 0.6279 1.8146
 0.8108 1.7684 0.4504 1.625  0.4468 1.8341 0.756  1.7684 0.4243 1.845
 0.6071 1.8428 0.5122 1.8029 0.6957 1.7984 0.6226 1.7246 0.4777 1.8403
 0.4733 1.8993 0.7409 1.6995 0.7051 1.9234 0.8211 1.9072 0.5436 1.7603
 0.5992 1.8687 0.9055 1.6911 0.4719 1.7564 0.4641 1.7976 0.6783 1.755
 0.5701 1.8126 0.5544 1.7029 0.4255 1.7686 0.7975 1.7131 1.0468 1.7422
 0.5643 1.7572 0.6446 1.6978 0.5125 1.7792 0.519  1.8309 0.4798 1.7179
 0.3531 1.8093 0.5829 1.7417 1.1324 1.8886 0.9511 1.7286 0.4709 1.7409
 0.35   1.8042 0.3646 1.6842 0.4751 1.8346 0.5642 1.7174 0.3812 1.8219]
weights [0.01 0.01 0.01 0.01 0.01 0.01 0.01 0.01 0.01 0.01 0.01 0.01 0.01 0.01
 0.01 0.01 0.01 0.01 0.01 0.01 0.01 0.01 0.01 0.01 0.01 0.01 0.01 0.01
 0.01 0.01 0.01 0.01 0.01 0.01 0.01 0.01 0.01 0.01 0.01 0.01 0.01 0.01
 0.01 0.01 0.01 0.01 0.01 0.01 0.01 0.01 0.01 0.01 0.01 0.01 0.01 0.01
 0.01 0.01 0.01 0.01 0.01 0.01 0.01 0.01 0.01 0.01 0.01 0.01 0.01 0.01
 0.01 0.01 0.01 0.01 0.01 0.01 0.01 0.01 0.01 0.01 0.01 0.01 0.01 0.01
 0.01 0.01 0.01 0.01 0.01 0.01 0.01 0.01 0.01 0.01 0.01 0.01 0.01 0.01
 0.01 0.01]
Initial weight sum:  0.9999999999999999
-- INFO     [wevo] -- distance_matrix
-- INFO     [wevo] -- 
[[0.         0.73480356 0.15359323 ... 0.08740459 0.10207002 0.11327289]
 [0.73480356 0.         0.68507355 ... 0.74069333 0.63499749 0.83013046]
 [0.15359323 0.68507355 0.         ... 0.23605269 0.12500785 0.25779089]
 ...
 [0.08740459 0.74069333 0.23605269 ... 0.         0.14722313 0.09475496]
 [0.10207002 0.63499749 0.12500785 ... 0.14722313 0.         0.21073505]
 [0.11327289 0.83013046 0.25779089 ... 0.09475496 0.21073505 0.        ]]
-- INFO     [wevo] -- Starting variance optimization: 52067.776056714836
-- INFO     [wevo] -- WEVO ran for 85 cycles
-- INFO     [wevo] -- 
To split: 100 total: 84 being split 
 [0, 46, 0, 0, 0, 0, 0, 0, 0, 0, 0, 0, 0, 0, 0, 0, 0, 0, 0, 0, 0, 0, 0, 0, 0, 0, 0, 0, 0, 0, 0, 0, 0, 0, 0, 0, 0, 0, 0, 0, 0, 0, 0, 0, 0, 0, 0, 0, 0, 0, 0, 0, 0, 0, 0, 2, 0, 0, 0, 0, 0, 0, 0, 0, 0, 0, 0, 0, 0, 0, 0, 0, 0, 0, 0, 0, 0, 0, 0, 0, 0, 0, 0, 0, 0, 0, 0, 0, 0, 0, 16, 0, 0, 0, 0, 20, 0, 0, 0, 0]
-- INFO     [wevo] -- 
To merge: 100 total: 84 being merged 
 [[], [], [], [], [], [], [], [], [], [3, 47, 99], [], [], [], [], [], [], [], [], [], [], [], [], [], [], [], [], [], [], [], [], [], [], [], [], [], [], [], [8, 97, 61, 62, 82, 30, 57, 64, 92], [], [], [], [], [], [], [], [48, 6, 22, 56, 2, 50, 84, 77, 12], [], [], [], [], [], [], [], [], [79, 21, 28, 10, 4, 58, 63, 49, 19], [], [], [], [], [], [71, 67, 33, 83, 27, 29, 86, 16, 52], [], [], [], [], [68, 15, 59, 93, 32, 36, 24, 25, 53], [], [], [], [], [], [], [], [], [], [], [35, 11, 17, 73, 26, 40, 18, 20, 72], [], [], [], [], [], [], [], [], [], [], [13, 23, 74, 34, 46, 44, 7, 38, 0], [], [], [], [31, 51, 75, 5, 98, 85, 43, 80, 81], [], [], [66, 88, 89, 41, 69, 39, 78, 70, 42], [], [], [], [], []]
Final variation value after 85 wevo cycles:  708420.0356045516
Bin attrs post WEVO:  <Bin at 0x154c4c039f20, label=None, count=100, weight=1>
Total = 100, splitting = 88, merging = 94
Iteration completed successfully
Iteration wallclock: 2:28:42.860574, cputime: 3:50:46.408258


Tue Aug 23 16:45:39 2022
Iteration 2 (5 requested)
Beginning iteration 2
100 segments remain in iteration 2 (100 total)
1 of 1 (100.000000%) active bins are populated
per-bin minimum non-zero probability:       1
per-bin maximum probability:                1
per-bin probability dynamic range (kT):     0
per-segment minimum non-zero probability:   0.000212766
per-segment maximum non-zero probability:   0.1
per-segment probability dynamic range (kT): 6.15273
norm = 1, error in norm = -1.11022e-16 (-0.5*epsilon)
Waiting for segments to complete...
pcoords [0.913  1.8113 0.8428 1.743  0.6872 1.644  0.7981 1.7996 0.8509 1.7001
 0.5757 1.6998 0.3885 1.8597 1.2469 1.7518 0.4423 1.7432 0.5166 1.6238
 0.6    1.7372 0.5914 1.7435 0.547  1.8276 1.6802 1.6943 0.703  1.8074
 0.8695 1.6827 0.8202 1.7886 0.6798 1.8181 0.6764 1.7085 0.963  1.7391
 0.6155 1.793  0.8402 1.6769 0.4773 1.7276 0.6791 1.8301 0.4452 1.7502
 0.7408 1.657  0.5273 1.7378 0.5092 1.6458 0.6978 1.7605 0.7716 1.6405
 1.1202 1.6952 0.6845 1.7658 0.5655 1.6726 1.0177 1.6934 0.6514 1.7291
 0.6349 1.7216 0.573  1.6473 0.7332 1.892  0.8041 1.7695 0.9394 1.7865
 0.591  1.7072 1.1285 1.7223 0.9425 1.7702 0.6188 1.7886 0.7417 1.7997
 0.7406 1.6939 0.5919 1.7204 0.4611 1.8443 0.5586 1.7757 0.7175 1.7151
 0.6709 1.7776 1.5413 1.635  0.814  1.7246 0.472  1.8455 0.4979 1.7446
 0.5103 1.7827 0.5483 1.7174 0.5872 1.8338 0.3745 1.7231 0.8884 1.7037
 0.3108 1.7781 1.0961 1.7936 0.5173 1.6807 0.5675 1.7562 1.27   1.7544
 0.5673 1.7589 0.3141 1.6667 0.4246 1.6843 0.4422 1.8386 0.9209 1.7493
 0.4027 1.7814 0.5216 1.8272 0.6799 1.7032 0.6706 1.8484 0.7825 1.8769
 0.3794 1.6293 0.9487 1.6903 1.4608 1.695  0.7074 1.6411 0.6141 1.8011
 1.0329 1.7156 0.6391 1.7413 0.8981 1.7707 1.4879 1.7561 1.0876 1.678
 0.3984 1.7346 0.7603 1.732  0.4885 1.6627 0.8879 1.667  0.6287 1.8546
 0.6939 1.8287 0.7699 1.6707 0.5976 1.7616 0.3499 1.6713 0.5814 1.7283
 0.5312 1.8108 0.7023 1.7537 0.6255 1.8109 0.4412 1.7242 0.5865 1.8027]
weights [0.00021277 0.00021277 0.00021277 0.00021277 0.00021277 0.00021277
 0.00021277 0.00021277 0.00021277 0.00021277 0.00021277 0.00021277
 0.00021277 0.00021277 0.00021277 0.00021277 0.00021277 0.00021277
 0.00021277 0.00021277 0.00021277 0.00021277 0.00021277 0.00021277
 0.00021277 0.00021277 0.00021277 0.00021277 0.00021277 0.00021277
 0.00021277 0.00021277 0.00021277 0.00021277 0.00021277 0.00021277
 0.00021277 0.00021277 0.00021277 0.00021277 0.00021277 0.00021277
 0.00021277 0.00021277 0.00021277 0.00021277 0.00021277 0.00047619
 0.00047619 0.00047619 0.00047619 0.00047619 0.00047619 0.00047619
 0.00047619 0.00047619 0.00047619 0.00047619 0.00047619 0.00047619
 0.00047619 0.00047619 0.00047619 0.00047619 0.00047619 0.00047619
 0.00047619 0.00047619 0.00058824 0.00058824 0.00058824 0.00058824
 0.00058824 0.00058824 0.00058824 0.00058824 0.00058824 0.00058824
 0.00058824 0.00058824 0.00058824 0.00058824 0.00058824 0.00058824
 0.00058824 0.00333333 0.00333333 0.00333333 0.01       0.01
 0.04       0.1        0.1        0.1        0.1        0.1
 0.1        0.1        0.1        0.1       ]
Initial weight sum:  0.9999999999999999
-- INFO     [wevo] -- distance_matrix
-- INFO     [wevo] -- 
[[0.         0.09794348 0.28102475 ... 0.28750023 0.47977251 0.32661325]
 [0.09794348 0.         0.1844244  ... 0.22766134 0.40203983 0.26316115]
 [0.28102475 0.1844244  0.         ... 0.17793952 0.2587432  0.18795261]
 ...
 [0.28750023 0.22766134 0.17793952 ... 0.         0.2036747  0.03985275]
 [0.47977251 0.40203983 0.2587432  ... 0.2036747  0.         0.16514947]
 [0.32661325 0.26316115 0.18795261 ... 0.03985275 0.16514947 0.        ]]
-- INFO     [wevo] -- Starting variance optimization: 251163.46167204427
-- INFO     [wevo] -- WEVO ran for 88 cycles
-- INFO     [wevo] -- 
To split: 100 total: 87 being split 
 [0, 0, 0, 0, 0, 0, 0, 0, 0, 0, 0, 0, 0, 47, 0, 0, 0, 0, 0, 0, 0, 0, 0, 0, 0, 0, 0, 0, 0, 0, 0, 0, 0, 0, 0, 0, 0, 0, 0, 0, 0, 0, 0, 0, 0, 0, 0, 0, 0, 0, 0, 0, 0, 0, 0, 0, 0, 0, 0, 0, 3, 0, 0, 0, 0, 0, 2, 0, 0, 0, 0, 0, 0, 0, 0, 0, 0, 0, 0, 0, 0, 0, 0, 0, 0, 0, 0, 0, 0, 0, 0, 0, 0, 35, 0, 0, 0, 0, 0, 0]
-- INFO     [wevo] -- 
To merge: 100 total: 87 being merged 
 [[], [], [], [], [], [], [], [], [], [], [], [], [], [], [], [], [], [], [], [], [], [], [], [], [], [], [], [], [], [], [], [], [], [], [], [], [], [], [], [], [], [], [], [], [], [], [], [], [], [], [], [], [], [], [], [], [], [], [], [], [], [], [], [], [], [], [], [], [], [], [], [], [], [], [], [], [], [], [], [], [], [], [], [], [], [], [], [], [39, 82, 0, 76, 19, 69, 42, 33, 15, 21, 59, 80, 16, 84, 61, 30, 41, 52, 38, 1, 3, 29, 90, 4, 74, 7, 45, 25, 86, 44, 64, 49, 37, 14, 28, 78, 2, 31, 18, 17, 72, 23, 50, 34, 73, 35, 81, 43, 20, 10, 79, 89, 46, 40, 11, 5, 36, 57, 32, 63, 65, 48, 56, 12, 26, 9, 62, 27, 71, 55, 54, 77, 22, 87, 83, 53, 24, 47, 8, 68, 67, 51, 70, 6, 85, 75, 58], [], [], [], [], [], [], [], [], [], [], []]
Final variation value after 88 wevo cycles:  3730561.9643047
Bin attrs post WEVO:  <Bin at 0x154c4c055e40, label=None, count=100, weight=1>
Total = 100, splitting = 91, merging = 88
Iteration completed successfully
Iteration wallclock: 2:27:53.987270, cputime: 3:50:46.821886


Tue Aug 23 19:13:33 2022
Iteration 3 (5 requested)
Beginning iteration 3
100 segments remain in iteration 3 (100 total)
1 of 1 (100.000000%) active bins are populated
per-bin minimum non-zero probability:       1
per-bin maximum probability:                1
per-bin probability dynamic range (kT):     0
per-segment minimum non-zero probability:   4.43262e-06
per-segment maximum non-zero probability:   0.1
per-segment probability dynamic range (kT): 10.0239
norm = 1, error in norm = 0 (0*epsilon)
Waiting for segments to complete...
pcoords [0.6141 1.7531 0.748  1.7338 0.5044 1.8086 0.7372 1.8054 0.6362 1.835
 0.6747 1.7993 0.4429 1.7397 0.4487 1.7976 0.6002 1.7363 0.9931 1.7486
 0.8382 1.7371 0.4816 1.733  1.336  1.6923 0.583  1.8655 0.699  1.7646
 1.395  1.6476 0.5259 1.7136 1.1278 1.7533 0.7495 1.6742 1.3002 1.7301
 0.4916 1.6615 0.7183 1.8391 1.3305 1.824  1.1743 1.7842 1.3221 1.6629
 0.9221 1.6482 1.3811 1.7961 0.5135 1.7522 1.0264 1.7434 0.5124 1.7672
 1.1783 1.7603 0.5782 1.7729 0.7006 1.6631 0.9261 1.7117 1.6686 1.7075
 0.7246 1.8189 1.525  1.81   0.5454 1.6965 0.5169 1.9367 1.2847 1.7246
 0.65   1.7612 1.4821 1.6658 1.0922 1.7125 0.7059 1.7844 0.8828 1.6425
 0.5014 1.7582 0.7302 1.6658 0.6644 1.9024 0.5194 1.7748 0.437  1.749
 0.6176 1.7934 0.4813 1.6861 0.6082 1.8308 0.5213 1.7338 0.5451 1.7239
 0.5448 1.7508 0.6063 1.6734 0.5251 1.7738 0.5964 1.8011 0.8741 1.6492
 0.8138 1.7022 0.7951 1.7929 0.6558 1.6837 0.5309 1.7816 0.5109 1.7874
 0.7402 1.8867 1.0374 1.6969 0.5254 1.7328 0.5219 1.6976 0.7067 1.8184
 0.5741 1.695  0.4398 1.8669 0.4267 1.7617 0.8801 1.6478 0.57   1.8296
 0.6033 1.7638 0.451  1.6612 0.4215 1.7286 0.4678 1.6439 0.7655 1.7548
 0.6415 1.6828 0.7794 1.8419 0.6354 1.9195 0.6499 1.6989 0.8772 1.8105
 0.7237 1.7697 1.1385 1.6664 0.6841 1.7107 0.4483 1.7088 0.4539 1.7888
 0.445  1.8042 0.5091 1.8157 0.5113 1.9069 0.7712 1.768  0.5225 1.7772
 0.5355 1.6581 0.5378 1.7957 0.5174 1.7326 0.6446 1.8613 0.4597 1.7389]
weights [4.43262411e-06 4.43262411e-06 4.43262411e-06 4.43262411e-06
 4.43262411e-06 4.43262411e-06 4.43262411e-06 4.43262411e-06
 4.43262411e-06 4.43262411e-06 4.43262411e-06 4.43262411e-06
 4.43262411e-06 4.43262411e-06 4.43262411e-06 4.43262411e-06
 4.43262411e-06 4.43262411e-06 4.43262411e-06 4.43262411e-06
 4.43262411e-06 4.43262411e-06 4.43262411e-06 4.43262411e-06
 4.43262411e-06 4.43262411e-06 4.43262411e-06 4.43262411e-06
 4.43262411e-06 4.43262411e-06 4.43262411e-06 4.43262411e-06
 4.43262411e-06 4.43262411e-06 4.43262411e-06 4.43262411e-06
 4.43262411e-06 4.43262411e-06 4.43262411e-06 4.43262411e-06
 4.43262411e-06 4.43262411e-06 4.43262411e-06 4.43262411e-06
 4.43262411e-06 4.43262411e-06 4.43262411e-06 4.43262411e-06
 1.19047619e-04 1.19047619e-04 1.19047619e-04 1.19047619e-04
 1.58730159e-04 1.58730159e-04 1.58730159e-04 2.77777778e-03
 2.77777778e-03 2.77777778e-03 2.77777778e-03 2.77777778e-03
 2.77777778e-03 2.77777778e-03 2.77777778e-03 2.77777778e-03
 2.77777778e-03 2.77777778e-03 2.77777778e-03 2.77777778e-03
 2.77777778e-03 2.77777778e-03 2.77777778e-03 2.77777778e-03
 2.77777778e-03 2.77777778e-03 2.77777778e-03 2.77777778e-03
 2.77777778e-03 2.77777778e-03 2.77777778e-03 2.77777778e-03
 2.77777778e-03 2.77777778e-03 2.77777778e-03 2.77777778e-03
 2.77777778e-03 2.77777778e-03 2.77777778e-03 2.77777778e-03
 2.77777778e-03 2.77777778e-03 2.77777778e-03 9.88348531e-02
 1.00000000e-01 1.00000000e-01 1.00000000e-01 1.00000000e-01
 1.00000000e-01 1.00000000e-01 1.00000000e-01 1.00000000e-01]
Initial weight sum:  0.9999999999999998
-- INFO     [wevo] -- distance_matrix
-- INFO     [wevo] -- 
[[0.         0.13528383 0.12294032 ... 0.09884904 0.11241655 0.1550516 ]
 [0.13528383 0.         0.25482541 ... 0.23060313 0.16415787 0.28834513]
 [0.12294032 0.25482541 0.         ... 0.0771038  0.14977758 0.08280207]
 ...
 [0.09884904 0.23060313 0.0771038  ... 0.         0.18095171 0.05804295]
 [0.11241655 0.16415787 0.14977758 ... 0.18095171 0.         0.2217426 ]
 [0.1550516  0.28834513 0.08280207 ... 0.05804295 0.2217426  0.        ]]
-- INFO     [wevo] -- Starting variance optimization: 245656.38823416588
-- INFO     [wevo] -- WEVO ran for 83 cycles
-- INFO     [wevo] -- 
To split: 100 total: 82 being split 
 [0, 0, 0, 0, 0, 0, 0, 0, 0, 0, 0, 0, 0, 0, 0, 0, 0, 0, 0, 0, 0, 0, 0, 0, 0, 0, 0, 0, 0, 0, 0, 0, 0, 0, 48, 0, 0, 0, 0, 0, 0, 0, 0, 0, 0, 0, 0, 0, 0, 0, 0, 0, 0, 0, 0, 0, 0, 0, 0, 0, 0, 0, 0, 0, 0, 0, 0, 0, 0, 0, 0, 4, 6, 0, 0, 0, 0, 9, 0, 0, 0, 0, 0, 0, 0, 0, 0, 0, 1, 0, 1, 0, 0, 0, 0, 0, 0, 0, 0, 13]
-- INFO     [wevo] -- 
To merge: 100 total: 82 being merged 
 [[], [], [], [], [], [], [], [], [], [], [], [], [], [], [], [], [], [], [], [], [], [], [], [], [], [], [], [], [], [], [], [], [], [], [], [], [], [], [], [], [], [], [], [], [], [], [], [], [], [], [], [], [], [], [], [], [], [], [], [], [], [], [], [], [], [], [], [], [], [], [], [], [], [], [], [], [], [], [], [], [], [], [], [], [], [86, 60, 59, 84, 9, 73, 28, 1, 18, 42, 66, 17, 3, 46, 61, 23, 30, 35, 21, 43, 81, 79, 32, 14, 39, 5, 19, 24, 22, 65, 12, 40, 47, 69, 4, 26, 87, 0, 8, 15, 62, 83, 31, 50, 13, 80, 52, 37, 82, 56, 75, 16, 58, 27, 29, 45, 41, 2, 70, 54, 38, 20, 74, 11, 53, 48, 55, 63, 36, 67, 57, 7, 68, 6, 51, 64, 49, 78], [], [], [], [], [], [10, 44, 33, 25], [], [], [], [], [], [], [], []]
Final variation value after 83 wevo cycles:  2228804.403360048
Bin attrs post WEVO:  <Bin at 0x154c3ffc5c80, label=None, count=100, weight=1>
Total = 100, splitting = 89, merging = 84
Iteration completed successfully
Iteration wallclock: 2:27:13.531356, cputime: 3:50:45.351149

Iteration 4 would require more than the allotted time. Ending run.
