
CPPTRAJ: Trajectory Analysis. V6.4.4 (AmberTools)
    ___  ___  ___  ___
     | \/ | \/ | \/ | 
    _|_/\_|_/\_|_/\_|_

| Date/time: 07/27/22 11:03:13
| Available memory: 189.343 GB

INPUT: Reading input from 'rmsd.cpp'
  [parm 1x88_apo_dry.prmtop]
	Reading '1x88_apo_dry.prmtop' as Amber Topology
	Radius Set: modified Bondi radii (mbondi)
  [trajin 06_prod.nc 1 last 100]
	Reading '06_prod.nc' as Amber NetCDF
  [trajin 07_prod.nc 1 last 100]
	Reading '07_prod.nc' as Amber NetCDF
  [trajin 08_prod.nc 1 last 100]
	Reading '08_prod.nc' as Amber NetCDF
  [autoimage]
    AUTOIMAGE: To box center based on center of mass, anchor is first molecule.
  [reference 1x88_apo_solv.pdb [REF]]
	Reading '1x88_apo_solv.pdb' as PDB
	Read CRYST1 info from PDB: a=134.876 b=134.876 c=134.876 alpha=109.47 beta=109.47 gamma=109.47
Warning: Low precision truncated octahedron angles detected (109.47 vs 109.471).
Warning:   If desired, the 'box' command can be used during processing
Warning:   to set higher-precision angles.
Warning: PDB line length is short (67 chars, expected 80).
Warning: PDB 1x88_apo_solv.pdb: Reading frame 40, got 4675 atoms, expected 5831.
Warning: Only using frames 1-39
Warning: Reference has 39 frames, only reading frame 1
	Setting active reference for distance-based masks: '1x88_apo_solv.pdb'
  [rms prot :1-368&!@H= out 1us/rms_prot_heavy.dat ref [REF]]
    RMSD: (:1-368&!@H*), reference is "[REF]:1" (:1-368&!@H*).
	Best-fit RMSD will be calculated, coords will be rotated and translated.
  [rms mon :369&!@H= out 1us/rms_mon_heavy.dat ref [REF] nofit]
    RMSD: (:369&!@H*), reference is "[REF]:1" (:369&!@H*).
	No fitting will be performed.
  [average crdset avg_crd]
    AVERAGE: Averaging over coordinates in mask [*]
	Start: 1  Stop: Final frame
	Saving averaged coords to set 'avg_crd'
  [run]
---------- RUN BEGIN -------------------------------------------------

PARAMETER FILES (1 total):
 0: 1x88_apo_dry.prmtop, 5831 atoms, 369 res, box: Truncated octahedron, 2 mol

INPUT TRAJECTORIES (3 total):
 0: '06_prod.nc' is a NetCDF AMBER trajectory with coordinates, time, box, Parm 1x88_apo_dry.prmtop (Truncated octahedron box) (reading 2000 of 200000)
 1: '07_prod.nc' is a NetCDF AMBER trajectory with coordinates, time, box, Parm 1x88_apo_dry.prmtop (Truncated octahedron box) (reading 4000 of 400000)
 2: '08_prod.nc' is a NetCDF AMBER trajectory with coordinates, time, box, Parm 1x88_apo_dry.prmtop (Truncated octahedron box) (reading 4000 of 400000)
  Coordinate processing will occur on 10000 frames.

REFERENCE FRAMES (2 total):
    0: [REF]:1
    1: avg_crd
	Active reference frame for distance-based masks is '[REF]:1'

BEGIN TRAJECTORY PROCESSING:
.....................................................
ACTION SETUP FOR PARM '1x88_apo_dry.prmtop' (4 actions):
  0: [autoimage]
	Original box is truncated octahedron, turning on 'familiar'.
	Using first molecule as anchor.
	1 molecules are fixed to anchor: 2
	0 molecules are mobile.
  1: [rms prot :1-368&!@H= out 1us/rms_prot_heavy.dat ref [REF]]
	Target mask: [:1-368&!@H*](2878)
	Reference topology: 1x88_apo_dry.prmtop
	Reference mask: [:1-368&!@H*](2878)
  2: [rms mon :369&!@H= out 1us/rms_mon_heavy.dat ref [REF] nofit]
	Target mask: [:369&!@H*](20)
	Reference topology: 1x88_apo_dry.prmtop
	Reference mask: [:369&!@H*](20)
  3: [average crdset avg_crd]
	Mask [*] corresponds to 5831 atoms.
	Averaging over 5831 atoms.
----- 06_prod.nc (1-200000, 100) -----
 0% 10% 
----- 07_prod.nc (1-400000, 100) -----
20% 30% 40% 50% 
----- 08_prod.nc (1-400000, 100) -----
60% 70% 80% 90% 100% Complete.

Read 10000 frames and processed 10000 frames.
TIME: Avg. throughput= 33.9468 frames / second.

ACTION OUTPUT:
    AVERAGE: 10000 frames, COORDS set 'avg_crd'
TIME: Analyses took 0.0000 seconds.

DATASETS (2 total):
	prot "prot" (double, rms), size is 10000 (80.000 kB)
	mon "mon" (double, rms), size is 10000 (80.000 kB)
    Total data set memory usage is at least 160.000 kB

DATAFILES (2 total):
  rms_prot_heavy.dat (Standard Data File):  prot
  rms_mon_heavy.dat (Standard Data File):  mon

RUN TIMING:
TIME:		Init               : 0.0000 s (  0.00%)
TIME:		Trajectory Process : 294.5786 s ( 99.99%)
TIME:		Action Post        : 0.0015 s (  0.00%)
TIME:		Analysis           : 0.0000 s (  0.00%)
TIME:		Data File Write    : 0.0173 s (  0.01%)
TIME:		Other              : 0.0002 s (  0.00%)
TIME:	Run Total 294.5977 s
---------- RUN END ---------------------------------------------------
  [rms :1-368@CA,C,O,N ref avg_crd]
    RMSD: (:1-368@CA,C,O,N), reference is "avg_crd" (:1-368@CA,C,O,N).
	Best-fit RMSD will be calculated, coords will be rotated and translated.
  [atomicfluct out 1us/rmsf.dat :1-368@CA,C,O,N byres]
    ATOMICFLUCT: calculating atomic positional fluctuations over residues.
	Output to file 1us/rmsf.dat
	Atom mask: [:1-368@CA,C,O,N]
	Start: 1  Stop: Final frame
  [rms protcut :18-364&!@H= out 1us/rms_protcut_heavy.dat ref [REF]]
    RMSD: (:18-364&!@H*), reference is "[REF]:1" (:18-364&!@H*).
	Best-fit RMSD will be calculated, coords will be rotated and translated.
  [go]
---------- RUN BEGIN -------------------------------------------------

PARAMETER FILES (1 total):
 0: 1x88_apo_dry.prmtop, 5831 atoms, 369 res, box: Truncated octahedron, 2 mol

INPUT TRAJECTORIES (3 total):
 0: '06_prod.nc' is a NetCDF AMBER trajectory with coordinates, time, box, Parm 1x88_apo_dry.prmtop (Truncated octahedron box) (reading 2000 of 200000)
 1: '07_prod.nc' is a NetCDF AMBER trajectory with coordinates, time, box, Parm 1x88_apo_dry.prmtop (Truncated octahedron box) (reading 4000 of 400000)
 2: '08_prod.nc' is a NetCDF AMBER trajectory with coordinates, time, box, Parm 1x88_apo_dry.prmtop (Truncated octahedron box) (reading 4000 of 400000)
  Coordinate processing will occur on 10000 frames.

REFERENCE FRAMES (2 total):
    0: [REF]:1
    1: avg_crd
	Active reference frame for distance-based masks is '[REF]:1'

BEGIN TRAJECTORY PROCESSING:
.....................................................
ACTION SETUP FOR PARM '1x88_apo_dry.prmtop' (3 actions):
  0: [rms :1-368@CA,C,O,N ref avg_crd]
	Target mask: [:1-368@CA,C,O,N](1472)
	Reference topology: 1x88_apo_dry.prmtop
	Reference mask: [:1-368@CA,C,O,N](1472)
  1: [atomicfluct out 1us/rmsf.dat :1-368@CA,C,O,N byres]
	Mask [:1-368@CA,C,O,N] corresponds to 1472 atoms.
  2: [rms protcut :18-364&!@H= out 1us/rms_protcut_heavy.dat ref [REF]]
	Target mask: [:18-364&!@H*](2717)
	Reference topology: 1x88_apo_dry.prmtop
	Reference mask: [:18-364&!@H*](2717)
----- 06_prod.nc (1-200000, 100) -----
 0% 10% 
----- 07_prod.nc (1-400000, 100) -----
20% 30% 40% 50% 
----- 08_prod.nc (1-400000, 100) -----
60% 70% 80% 90% 100% Complete.

Read 10000 frames and processed 10000 frames.
TIME: Avg. throughput= 5630.6053 frames / second.

ACTION OUTPUT:
    ATOMICFLUCT: Calculating fluctuations for 10000 sets.
TIME: Analyses took 0.0000 seconds.

DATASETS (5 total):
	prot "prot" (double, rms), size is 10000 (80.000 kB)
	mon "mon" (double, rms), size is 10000 (80.000 kB)
	RMSD_00005 "RMSD_00005" (double, rms), size is 10000 (80.000 kB)
	Fluct_00006 "AtomicFlx" (X-Y mesh), size is 368 (5.888 kB)
	protcut "protcut" (double, rms), size is 10000 (80.000 kB)
    Total data set memory usage is at least 325.888 kB

DATAFILES (4 total):
  rms_prot_heavy.dat (Standard Data File):  prot
  rms_mon_heavy.dat (Standard Data File):  mon
  rmsf.dat (Standard Data File):  AtomicFlx
  rms_protcut_heavy.dat (Standard Data File):  protcut

RUN TIMING:
TIME:		Init               : 0.0000 s (  0.00%)
TIME:		Trajectory Process : 1.7760 s ( 99.49%)
TIME:		Action Post        : 0.0002 s (  0.01%)
TIME:		Analysis           : 0.0000 s (  0.00%)
TIME:		Data File Write    : 0.0088 s (  0.49%)
TIME:		Other              : 0.0000 s (  0.00%)
TIME:	Run Total 1.7851 s
---------- RUN END ---------------------------------------------------
  [quit]
TIME: Total execution time: 296.7587 seconds.
--------------------------------------------------------------------------------
To cite CPPTRAJ use:
Daniel R. Roe and Thomas E. Cheatham, III, "PTRAJ and CPPTRAJ: Software for
  Processing and Analysis of Molecular Dynamics Trajectory Data". J. Chem.
  Theory Comput., 2013, 9 (7), pp 3084-3095.

