
          -------------------------------------------------------
          Amber 18 PMEMD                              2018
          -------------------------------------------------------

| PMEMD implementation of SANDER, Release 18

| Run on 06/16/2022 at 11:24:46

|   Executable path: pmemd.MPI
| Working directory: /ihome/lchong/dty7/eg5/eg5_adpmon/md/v00
|          Hostname: smp-n123

  [-O]verwriting output

File Assignments:
|   MDIN: 05_eq3.in                                                             
|  MDOUT: 05_eq3.out                                                            
| INPCRD: 04_eq2.rst                                                            
|   PARM: 1x88_solv.prmtop                                                      
| RESTRT: 05_eq3.rst                                                            
|   REFC: refc                                                                  
|  MDVEL: mdvel                                                                 
|   MDEN: mden                                                                  
|  MDCRD: 05_eq3.nc                                                             
| MDINFO: mdinfo                                                                
|LOGFILE: logfile                                                               
|  MDFRC: mdfrc                                                                 

 
 Here is the input file:
 
1 ns unrestrained NPT equilibration using Langevin thermostat and MC barostat  
&cntrl                                                                         
  irest     = 1,                                                               
  ntx       = 5,                                                               
  ig        = -1,                                                              
  dt        = 0.002,                                                           
  nstlim    = 500000,                                                          
  nscm      = 500,                                                             
  ntr       = 0,                                                               
  ntb       = 2,                                                               
  ntp       = 1,                                                               
  barostat  = 2,                                                               
  pres0     = 1.0,                                                             
  mcbarint  = 100,                                                             
  comp      = 44.6,                                                            
  taup      = 1.0,                                                             
  ntt       = 3,                                                               
  temp0     = 298.0,                                                           
  gamma_ln  = 1.0,                                                             
  ntf       = 2,                                                               
  ntc       = 2,                                                               
  cut       = 10.0,                                                            
  ntpr      = 500,                                                             
  ntxo      = 2,                                                               
  ntwr      = 500000,                                                          
  ioutfm    = 1,                                                               
  ntwx      = 500,                                                             
  iwrap     = 1,                                                               
&end                                                                           


Note: ig = -1. Setting random seed to   352839 based on wallclock time in
      microseconds and disabling the synchronization of random numbers 
      between tasks to improve performance.
| irandom = 1, using AMBER's internal random number generator (default).
 

  Unit    9 Error on OPEN: 04_eq2.rst                                                                                                                                                                                                                                                      
