Updating system with the options from the configuration file
Maximum wallclock time: 3 days, 0:00:00

Tue Apr 23 12:14:04 2024
Iteration 328 (800 requested)
Beginning iteration 328
188 segments remain in iteration 328 (188 total)
46 of 111 (41.441441%) active bins are populated
per-bin minimum non-zero probability:       2.27841e-28
per-bin maximum probability:                0.999866
per-bin probability dynamic range (kT):     63.6488
per-segment minimum non-zero probability:   5.69602e-29
per-segment maximum non-zero probability:   0.0837555
per-segment probability dynamic range (kT): 62.5553
norm = 1, error in norm = 2.22045e-16 (1*epsilon)
MAB binning in use
Bottleneck bin occupancy may not be accurately reported
Waiting for segments to complete...
Iteration completed successfully
Iteration wallclock: 0:37:50.948859, cputime: 7:55:19.695195


Tue Apr 23 12:51:55 2024
Iteration 329 (800 requested)
Beginning iteration 329
208 segments remain in iteration 329 (208 total)
48 of 111 (43.243243%) active bins are populated
per-bin minimum non-zero probability:       5.69602e-29
per-bin maximum probability:                0.750006
per-bin probability dynamic range (kT):     64.7475
per-segment minimum non-zero probability:   1.424e-29
per-segment maximum non-zero probability:   0.0837555
per-segment probability dynamic range (kT): 63.9416
norm = 1, error in norm = 2.22045e-16 (1*epsilon)
MAB binning in use
Bottleneck bin occupancy may not be accurately reported
Waiting for segments to complete...
Iteration completed successfully
Iteration wallclock: 0:40:02.287447, cputime: 8:40:02.539192


Tue Apr 23 13:31:58 2024
Iteration 330 (800 requested)
Beginning iteration 330
198 segments remain in iteration 330 (198 total)
47 of 111 (42.342342%) active bins are populated
per-bin minimum non-zero probability:       1.424e-29
per-bin maximum probability:                0.833123
per-bin probability dynamic range (kT):     66.2389
per-segment minimum non-zero probability:   3.56001e-30
per-segment maximum non-zero probability:   0.0837555
per-segment probability dynamic range (kT): 65.3279
norm = 1, error in norm = 0 (0*epsilon)
MAB binning in use
Bottleneck bin occupancy may not be accurately reported
Waiting for segments to complete...
Iteration completed successfully
Iteration wallclock: 0:38:20.519872, cputime: 8:20:52.325462


Tue Apr 23 14:10:18 2024
Iteration 331 (800 requested)
Beginning iteration 331
167 segments remain in iteration 331 (167 total)
40 of 111 (36.036036%) active bins are populated
per-bin minimum non-zero probability:       3.56001e-30
per-bin maximum probability:                0.999866
per-bin probability dynamic range (kT):     67.8077
per-segment minimum non-zero probability:   8.90003e-31
per-segment maximum non-zero probability:   0.0836065
per-segment probability dynamic range (kT): 66.7124
norm = 1, error in norm = 0 (0*epsilon)
MAB binning in use
Bottleneck bin occupancy may not be accurately reported
Waiting for segments to complete...
Iteration completed successfully
Iteration wallclock: 0:32:08.788326, cputime: 7:01:57.645163


Tue Apr 23 14:42:27 2024
Iteration 332 (800 requested)
Beginning iteration 332
196 segments remain in iteration 332 (196 total)
46 of 111 (41.441441%) active bins are populated
per-bin minimum non-zero probability:       8.90003e-31
per-bin maximum probability:                0.999866
per-bin probability dynamic range (kT):     69.1939
per-segment minimum non-zero probability:   2.22501e-31
per-segment maximum non-zero probability:   0.0834893
per-segment probability dynamic range (kT): 68.0973
norm = 1, error in norm = 0 (0*epsilon)
MAB binning in use
Bottleneck bin occupancy may not be accurately reported
Waiting for segments to complete...
Iteration completed successfully
Iteration wallclock: 0:37:48.554485, cputime: 8:07:12.062206


Tue Apr 23 15:20:15 2024
Iteration 333 (800 requested)
Beginning iteration 333
207 segments remain in iteration 333 (207 total)
50 of 111 (45.045045%) active bins are populated
per-bin minimum non-zero probability:       4.45001e-31
per-bin maximum probability:                0.999866
per-bin probability dynamic range (kT):     69.8871
per-segment minimum non-zero probability:   1.1125e-31
per-segment maximum non-zero probability:   0.0867499
per-segment probability dynamic range (kT): 68.8288
norm = 1, error in norm = 2.22045e-16 (1*epsilon)
MAB binning in use
Bottleneck bin occupancy may not be accurately reported
Waiting for segments to complete...
Iteration completed successfully
Iteration wallclock: 0:40:02.386821, cputime: 8:40:42.718494


Tue Apr 23 16:00:18 2024
Iteration 334 (800 requested)
Beginning iteration 334
202 segments remain in iteration 334 (202 total)
48 of 111 (43.243243%) active bins are populated
per-bin minimum non-zero probability:       1.1125e-31
per-bin maximum probability:                0.913116
per-bin probability dynamic range (kT):     71.1826
per-segment minimum non-zero probability:   2.78126e-32
per-segment maximum non-zero probability:   0.085036
per-segment probability dynamic range (kT): 70.1951
norm = 1, error in norm = 2.22045e-16 (1*epsilon)
MAB binning in use
Bottleneck bin occupancy may not be accurately reported
Waiting for segments to complete...
Iteration completed successfully
Iteration wallclock: 0:39:52.015220, cputime: 8:17:06.323604


Tue Apr 23 16:40:10 2024
Iteration 335 (800 requested)
Beginning iteration 335
215 segments remain in iteration 335 (215 total)
51 of 111 (45.945946%) active bins are populated
per-bin minimum non-zero probability:       2.78126e-32
per-bin maximum probability:                0.916561
per-bin probability dynamic range (kT):     72.5727
per-segment minimum non-zero probability:   6.95314e-33
per-segment maximum non-zero probability:   0.0841704
per-segment probability dynamic range (kT): 71.5712
norm = 1, error in norm = 2.22045e-16 (1*epsilon)
MAB binning in use
Bottleneck bin occupancy may not be accurately reported
Waiting for segments to complete...
Iteration completed successfully
Iteration wallclock: 0:41:07.041809, cputime: 8:57:47.953674


Tue Apr 23 17:21:17 2024
Iteration 336 (800 requested)
Beginning iteration 336
168 segments remain in iteration 336 (168 total)
37 of 111 (33.333333%) active bins are populated
per-bin minimum non-zero probability:       6.95314e-33
per-bin maximum probability:                0.999866
per-bin probability dynamic range (kT):     74.046
per-segment minimum non-zero probability:   1.73829e-33
per-segment maximum non-zero probability:   0.0840296
per-segment probability dynamic range (kT): 72.9558
norm = 1, error in norm = 2.22045e-16 (1*epsilon)
MAB binning in use
Bottleneck bin occupancy may not be accurately reported
Waiting for segments to complete...
Iteration completed successfully
Iteration wallclock: 0:32:22.171705, cputime: 7:05:47.881234


Tue Apr 23 17:53:39 2024
Iteration 337 (800 requested)
Beginning iteration 337
187 segments remain in iteration 337 (187 total)
43 of 111 (38.738739%) active bins are populated
per-bin minimum non-zero probability:       1.73829e-33
per-bin maximum probability:                0.673401
per-bin probability dynamic range (kT):     75.037
per-segment minimum non-zero probability:   4.34572e-34
per-segment maximum non-zero probability:   0.0864045
per-segment probability dynamic range (kT): 74.37
norm = 1, error in norm = 0 (0*epsilon)
MAB binning in use
Bottleneck bin occupancy may not be accurately reported
Waiting for segments to complete...
Iteration completed successfully
Iteration wallclock: 0:35:39.091161, cputime: 7:59:25.258987


Tue Apr 23 18:29:18 2024
Iteration 338 (800 requested)
Beginning iteration 338
195 segments remain in iteration 338 (195 total)
46 of 111 (41.441441%) active bins are populated
per-bin minimum non-zero probability:       4.34572e-34
per-bin maximum probability:                0.916559
per-bin probability dynamic range (kT):     76.7316
per-segment minimum non-zero probability:   1.08643e-34
per-segment maximum non-zero probability:   0.0850434
per-segment probability dynamic range (kT): 75.7404
norm = 1, error in norm = 2.22045e-16 (1*epsilon)
MAB binning in use
Bottleneck bin occupancy may not be accurately reported
Waiting for segments to complete...
Iteration completed successfully
Iteration wallclock: 0:37:38.534764, cputime: 8:12:40.812430


Tue Apr 23 19:06:57 2024
Iteration 339 (800 requested)
Beginning iteration 339
183 segments remain in iteration 339 (183 total)
44 of 111 (39.639640%) active bins are populated
per-bin minimum non-zero probability:       1.08643e-34
per-bin maximum probability:                0.917137
per-bin probability dynamic range (kT):     78.1185
per-segment minimum non-zero probability:   2.71607e-35
per-segment maximum non-zero probability:   0.084269
per-segment probability dynamic range (kT): 77.1176
norm = 1, error in norm = 2.22045e-16 (1*epsilon)
MAB binning in use
Bottleneck bin occupancy may not be accurately reported
Waiting for segments to complete...
Iteration completed successfully
Iteration wallclock: 0:35:02.076766, cputime: 7:46:30.829681


Tue Apr 23 19:41:59 2024
Iteration 340 (800 requested)
Beginning iteration 340
171 segments remain in iteration 340 (171 total)
41 of 111 (36.936937%) active bins are populated
per-bin minimum non-zero probability:       2.71607e-35
per-bin maximum probability:                0.999866
per-bin probability dynamic range (kT):     79.5912
per-segment minimum non-zero probability:   6.79018e-36
per-segment maximum non-zero probability:   0.0838848
per-segment probability dynamic range (kT): 78.4993
norm = 1, error in norm = 2.22045e-16 (1*epsilon)
MAB binning in use
Bottleneck bin occupancy may not be accurately reported
Waiting for segments to complete...
Iteration completed successfully
Iteration wallclock: 0:32:50.543387, cputime: 7:03:56.148194


Tue Apr 23 20:14:49 2024
Iteration 341 (800 requested)
Beginning iteration 341
192 segments remain in iteration 341 (192 total)
46 of 111 (41.441441%) active bins are populated
per-bin minimum non-zero probability:       6.79018e-36
per-bin maximum probability:                0.750698
per-bin probability dynamic range (kT):     80.6908
per-segment minimum non-zero probability:   1.69755e-36
per-segment maximum non-zero probability:   0.0838848
per-segment probability dynamic range (kT): 79.8856
norm = 1, error in norm = 4.44089e-16 (2*epsilon)
MAB binning in use
Bottleneck bin occupancy may not be accurately reported
Waiting for segments to complete...
Iteration completed successfully
Iteration wallclock: 0:37:22.385261, cputime: 8:00:45.873732


Tue Apr 23 20:52:12 2024
Iteration 342 (800 requested)
Beginning iteration 342
195 segments remain in iteration 342 (195 total)
46 of 111 (41.441441%) active bins are populated
per-bin minimum non-zero probability:       1.69755e-36
per-bin maximum probability:                0.916765
per-bin probability dynamic range (kT):     82.277
per-segment minimum non-zero probability:   4.24386e-37
per-segment maximum non-zero probability:   0.0836455
per-segment probability dynamic range (kT): 81.269
norm = 1, error in norm = 4.44089e-16 (2*epsilon)
MAB binning in use
Bottleneck bin occupancy may not be accurately reported
Waiting for segments to complete...
Iteration completed successfully
Iteration wallclock: 0:37:19.603035, cputime: 8:15:35.148032


Tue Apr 23 21:29:31 2024
Iteration 343 (800 requested)
Beginning iteration 343
211 segments remain in iteration 343 (211 total)
51 of 111 (45.945946%) active bins are populated
per-bin minimum non-zero probability:       4.24386e-37
per-bin maximum probability:                0.91646
per-bin probability dynamic range (kT):     83.6629
per-segment minimum non-zero probability:   1.06097e-37
per-segment maximum non-zero probability:   0.0835258
per-segment probability dynamic range (kT): 82.6539
norm = 1, error in norm = 4.44089e-16 (2*epsilon)
MAB binning in use
Bottleneck bin occupancy may not be accurately reported
Waiting for segments to complete...
Iteration completed successfully
Iteration wallclock: 0:40:50.106164, cputime: 9:00:46.487914


Tue Apr 23 22:10:21 2024
Iteration 344 (800 requested)
Beginning iteration 344
204 segments remain in iteration 344 (204 total)
49 of 111 (44.144144%) active bins are populated
per-bin minimum non-zero probability:       1.06097e-37
per-bin maximum probability:                0.999866
per-bin probability dynamic range (kT):     85.1363
per-segment minimum non-zero probability:   2.65241e-38
per-segment maximum non-zero probability:   0.0834613
per-segment probability dynamic range (kT): 84.0394
norm = 1, error in norm = 4.44089e-16 (2*epsilon)
MAB binning in use
Bottleneck bin occupancy may not be accurately reported
Waiting for segments to complete...
Iteration completed successfully
Iteration wallclock: 0:38:59.191400, cputime: 8:39:47.478649


Tue Apr 23 22:49:21 2024
Iteration 345 (800 requested)
Beginning iteration 345
219 segments remain in iteration 345 (219 total)
53 of 111 (47.747748%) active bins are populated
per-bin minimum non-zero probability:       2.65241e-38
per-bin maximum probability:                0.916553
per-bin probability dynamic range (kT):     86.4356
per-segment minimum non-zero probability:   6.63104e-39
per-segment maximum non-zero probability:   0.0834613
per-segment probability dynamic range (kT): 85.4257
norm = 1, error in norm = 4.44089e-16 (2*epsilon)
MAB binning in use
Bottleneck bin occupancy may not be accurately reported
Waiting for segments to complete...
Iteration completed successfully
Iteration wallclock: 0:45:06.916553, cputime: 9:21:11.969817


Tue Apr 23 23:34:27 2024
Iteration 346 (800 requested)
Beginning iteration 346
211 segments remain in iteration 346 (211 total)
49 of 111 (44.144144%) active bins are populated
per-bin minimum non-zero probability:       6.63104e-39
per-bin maximum probability:                0.999866
per-bin probability dynamic range (kT):     87.9089
per-segment minimum non-zero probability:   1.65776e-39
per-segment maximum non-zero probability:   0.0833875
per-segment probability dynamic range (kT): 86.8111
norm = 1, error in norm = 2.22045e-16 (1*epsilon)
MAB binning in use
Bottleneck bin occupancy may not be accurately reported
Waiting for segments to complete...
Iteration completed successfully
Iteration wallclock: 0:40:26.211881, cputime: 8:52:49.498838


Wed Apr 24 00:14:54 2024
Iteration 347 (800 requested)
Beginning iteration 347
199 segments remain in iteration 347 (199 total)
47 of 111 (42.342342%) active bins are populated
per-bin minimum non-zero probability:       1.65776e-39
per-bin maximum probability:                0.999866
per-bin probability dynamic range (kT):     89.2952
per-segment minimum non-zero probability:   4.1444e-40
per-segment maximum non-zero probability:   0.0833591
per-segment probability dynamic range (kT): 88.197
norm = 1, error in norm = 2.22045e-16 (1*epsilon)
MAB binning in use
Bottleneck bin occupancy may not be accurately reported
Waiting for segments to complete...
Iteration completed successfully
Iteration wallclock: 0:42:14.120042, cputime: 8:24:49.810056


Wed Apr 24 00:57:08 2024
Iteration 348 (800 requested)
Beginning iteration 348
204 segments remain in iteration 348 (204 total)
44 of 111 (39.639640%) active bins are populated
per-bin minimum non-zero probability:       8.28879e-40
per-bin maximum probability:                0.749826
per-bin probability dynamic range (kT):     89.7006
per-segment minimum non-zero probability:   2.0722e-40
per-segment maximum non-zero probability:   0.0833468
per-segment probability dynamic range (kT): 88.89
norm = 1, error in norm = 4.44089e-16 (2*epsilon)
MAB binning in use
Bottleneck bin occupancy may not be accurately reported
Waiting for segments to complete...
Iteration completed successfully
Iteration wallclock: 0:39:10.213704, cputime: 8:35:08.061160


Wed Apr 24 01:36:18 2024
Iteration 349 (800 requested)
Beginning iteration 349
192 segments remain in iteration 349 (192 total)
45 of 111 (40.540541%) active bins are populated
per-bin minimum non-zero probability:       4.1444e-40
per-bin maximum probability:                0.999866
per-bin probability dynamic range (kT):     90.6815
per-segment minimum non-zero probability:   1.0361e-40
per-segment maximum non-zero probability:   0.0833468
per-segment probability dynamic range (kT): 89.5832
norm = 1, error in norm = 2.22045e-16 (1*epsilon)
MAB binning in use
Bottleneck bin occupancy may not be accurately reported
Waiting for segments to complete...
Iteration completed successfully
Iteration wallclock: 0:37:10.113997, cputime: 7:57:46.070965


Wed Apr 24 02:13:28 2024
Iteration 350 (800 requested)
Beginning iteration 350
204 segments remain in iteration 350 (204 total)
48 of 111 (43.243243%) active bins are populated
per-bin minimum non-zero probability:       1.0361e-40
per-bin maximum probability:                0.999866
per-bin probability dynamic range (kT):     92.0678
per-segment minimum non-zero probability:   2.59025e-41
per-segment maximum non-zero probability:   0.0833468
per-segment probability dynamic range (kT): 90.9695
norm = 1, error in norm = 2.22045e-16 (1*epsilon)
MAB binning in use
Bottleneck bin occupancy may not be accurately reported
Waiting for segments to complete...
Iteration completed successfully
Iteration wallclock: 0:39:11.572504, cputime: 8:36:29.919483


Wed Apr 24 02:52:40 2024
Iteration 351 (800 requested)
Beginning iteration 351
180 segments remain in iteration 351 (180 total)
43 of 111 (38.738739%) active bins are populated
per-bin minimum non-zero probability:       2.59025e-41
per-bin maximum probability:                0.999866
per-bin probability dynamic range (kT):     93.4541
per-segment minimum non-zero probability:   6.47562e-42
per-segment maximum non-zero probability:   0.0833468
per-segment probability dynamic range (kT): 92.3558
norm = 1, error in norm = 2.22045e-16 (1*epsilon)
MAB binning in use
Bottleneck bin occupancy may not be accurately reported
Waiting for segments to complete...
Iteration completed successfully
Iteration wallclock: 0:34:24.656485, cputime: 7:41:50.012418


Wed Apr 24 03:27:04 2024
Iteration 352 (800 requested)
Beginning iteration 352
200 segments remain in iteration 352 (200 total)
44 of 111 (39.639640%) active bins are populated
per-bin minimum non-zero probability:       6.47562e-42
per-bin maximum probability:                0.999866
per-bin probability dynamic range (kT):     94.8404
per-segment minimum non-zero probability:   1.61891e-42
per-segment maximum non-zero probability:   0.0833468
per-segment probability dynamic range (kT): 93.7421
norm = 1, error in norm = 4.44089e-16 (2*epsilon)
MAB binning in use
Bottleneck bin occupancy may not be accurately reported
Waiting for segments to complete...
Iteration completed successfully
Iteration wallclock: 0:37:48.916010, cputime: 8:28:47.467913


Wed Apr 24 04:04:53 2024
Iteration 353 (800 requested)
Beginning iteration 353
196 segments remain in iteration 353 (196 total)
46 of 111 (41.441441%) active bins are populated
per-bin minimum non-zero probability:       1.61891e-42
per-bin maximum probability:                0.999866
per-bin probability dynamic range (kT):     96.2267
per-segment minimum non-zero probability:   4.04726e-43
per-segment maximum non-zero probability:   0.0833468
per-segment probability dynamic range (kT): 95.1284
norm = 1, error in norm = 2.22045e-16 (1*epsilon)
MAB binning in use
Bottleneck bin occupancy may not be accurately reported
Waiting for segments to complete...
Iteration completed successfully
Iteration wallclock: 0:37:54.030527, cputime: 8:10:35.238927


Wed Apr 24 04:42:47 2024
Iteration 354 (800 requested)
Beginning iteration 354
200 segments remain in iteration 354 (200 total)
47 of 111 (42.342342%) active bins are populated
per-bin minimum non-zero probability:       4.04726e-43
per-bin maximum probability:                0.749939
per-bin probability dynamic range (kT):     97.3254
per-segment minimum non-zero probability:   1.01182e-43
per-segment maximum non-zero probability:   0.0833468
per-segment probability dynamic range (kT): 96.5147
norm = 1, error in norm = 2.22045e-16 (1*epsilon)
MAB binning in use
Bottleneck bin occupancy may not be accurately reported
Waiting for segments to complete...
Iteration completed successfully
Iteration wallclock: 0:37:50.307922, cputime: 8:27:38.313762


Wed Apr 24 05:20:38 2024
Iteration 355 (800 requested)
Beginning iteration 355
199 segments remain in iteration 355 (199 total)
48 of 111 (43.243243%) active bins are populated
per-bin minimum non-zero probability:       1.01182e-43
per-bin maximum probability:                0.916553
per-bin probability dynamic range (kT):     98.9123
per-segment minimum non-zero probability:   2.52954e-44
per-segment maximum non-zero probability:   0.0833468
per-segment probability dynamic range (kT): 97.901
norm = 1, error in norm = 2.22045e-16 (1*epsilon)
MAB binning in use
Bottleneck bin occupancy may not be accurately reported
Waiting for segments to complete...
Iteration completed successfully
Iteration wallclock: 0:38:31.332072, cputime: 8:19:18.713291


Wed Apr 24 05:59:09 2024
Iteration 356 (800 requested)
Beginning iteration 356
207 segments remain in iteration 356 (207 total)
50 of 111 (45.045045%) active bins are populated
per-bin minimum non-zero probability:       2.52954e-44
per-bin maximum probability:                0.895716
per-bin probability dynamic range (kT):     100.276
per-segment minimum non-zero probability:   6.32385e-45
per-segment maximum non-zero probability:   0.0833342
per-segment probability dynamic range (kT): 99.2871
norm = 1, error in norm = 2.22045e-16 (1*epsilon)
MAB binning in use
Bottleneck bin occupancy may not be accurately reported
Waiting for segments to complete...
Iteration completed successfully
Iteration wallclock: 0:39:33.762428, cputime: 8:42:17.617386


Wed Apr 24 06:38:43 2024
Iteration 357 (800 requested)
Beginning iteration 357
212 segments remain in iteration 357 (212 total)
51 of 111 (45.945946%) active bins are populated
per-bin minimum non-zero probability:       6.32385e-45
per-bin maximum probability:                0.999866
per-bin probability dynamic range (kT):     101.772
per-segment minimum non-zero probability:   1.58096e-45
per-segment maximum non-zero probability:   0.0833342
per-segment probability dynamic range (kT): 100.673
norm = 1, error in norm = 2.22045e-16 (1*epsilon)
MAB binning in use
Bottleneck bin occupancy may not be accurately reported
Waiting for segments to complete...
Iteration completed successfully
Iteration wallclock: 0:40:29.515942, cputime: 8:50:37.832889


Wed Apr 24 07:19:12 2024
Iteration 358 (800 requested)
Beginning iteration 358
207 segments remain in iteration 358 (207 total)
51 of 111 (45.945946%) active bins are populated
per-bin minimum non-zero probability:       1.61683e-40
per-bin maximum probability:                0.916548
per-bin probability dynamic range (kT):     91.5358
per-segment minimum non-zero probability:   4.04208e-41
per-segment maximum non-zero probability:   0.0891097
per-segment probability dynamic range (kT): 90.5913
norm = 1, error in norm = 2.22045e-16 (1*epsilon)
MAB binning in use
Bottleneck bin occupancy may not be accurately reported
Waiting for segments to complete...
Iteration completed successfully
Iteration wallclock: 0:39:16.748625, cputime: 8:44:21.247088


Wed Apr 24 07:58:29 2024
Iteration 359 (800 requested)
Beginning iteration 359
211 segments remain in iteration 359 (211 total)
51 of 111 (45.945946%) active bins are populated
per-bin minimum non-zero probability:       4.04208e-41
per-bin maximum probability:                0.659625
per-bin probability dynamic range (kT):     92.5931
per-segment minimum non-zero probability:   1.01052e-41
per-segment maximum non-zero probability:   0.0837105
per-segment probability dynamic range (kT): 91.9151
norm = 1, error in norm = 4.44089e-16 (2*epsilon)
MAB binning in use
Bottleneck bin occupancy may not be accurately reported
Waiting for segments to complete...
Iteration completed successfully
Iteration wallclock: 0:40:35.505087, cputime: 8:53:44.025351


Wed Apr 24 08:39:05 2024
Iteration 360 (800 requested)
Beginning iteration 360
216 segments remain in iteration 360 (216 total)
49 of 111 (44.144144%) active bins are populated
per-bin minimum non-zero probability:       1.01052e-41
per-bin maximum probability:                0.752211
per-bin probability dynamic range (kT):     94.1108
per-segment minimum non-zero probability:   2.5263e-42
per-segment maximum non-zero probability:   0.0856353
per-segment probability dynamic range (kT): 93.3242
norm = 1, error in norm = 4.44089e-16 (2*epsilon)
MAB binning in use
Bottleneck bin occupancy may not be accurately reported
Waiting for segments to complete...
Iteration completed successfully
Iteration wallclock: 0:41:47.529764, cputime: 9:04:19.892897


Wed Apr 24 09:20:52 2024
Iteration 361 (800 requested)
Beginning iteration 361
206 segments remain in iteration 361 (206 total)
50 of 111 (45.045045%) active bins are populated
per-bin minimum non-zero probability:       2.5263e-42
per-bin maximum probability:                0.835544
per-bin probability dynamic range (kT):     95.6021
per-segment minimum non-zero probability:   6.31575e-43
per-segment maximum non-zero probability:   0.0856353
per-segment probability dynamic range (kT): 94.7105
norm = 1, error in norm = 4.44089e-16 (2*epsilon)
MAB binning in use
Bottleneck bin occupancy may not be accurately reported
Waiting for segments to complete...
Iteration completed successfully
Iteration wallclock: 0:39:14.815521, cputime: 8:43:26.786246


Wed Apr 24 10:00:07 2024
Iteration 362 (800 requested)
Beginning iteration 362
207 segments remain in iteration 362 (207 total)
48 of 111 (43.243243%) active bins are populated
per-bin minimum non-zero probability:       6.31575e-43
per-bin maximum probability:                0.914231
per-bin probability dynamic range (kT):     97.0784
per-segment minimum non-zero probability:   1.57894e-43
per-segment maximum non-zero probability:   0.0836144
per-segment probability dynamic range (kT): 96.0729
norm = 1, error in norm = 2.22045e-16 (1*epsilon)
MAB binning in use
Bottleneck bin occupancy may not be accurately reported
Waiting for segments to complete...
Iteration completed successfully
Iteration wallclock: 0:40:31.503785, cputime: 8:33:54.435816


Wed Apr 24 10:40:38 2024
Iteration 363 (800 requested)
Beginning iteration 363
196 segments remain in iteration 363 (196 total)
47 of 111 (42.342342%) active bins are populated
per-bin minimum non-zero probability:       1.57894e-43
per-bin maximum probability:                0.999866
per-bin probability dynamic range (kT):     98.5543
per-segment minimum non-zero probability:   3.94734e-44
per-segment maximum non-zero probability:   0.0840447
per-segment probability dynamic range (kT): 97.4643
norm = 1, error in norm = 2.22045e-16 (1*epsilon)
MAB binning in use
Bottleneck bin occupancy may not be accurately reported
Waiting for segments to complete...
Iteration completed successfully
Iteration wallclock: 0:37:48.090549, cputime: 8:14:21.424227


Wed Apr 24 11:18:26 2024
Iteration 364 (800 requested)
Beginning iteration 364
212 segments remain in iteration 364 (212 total)
50 of 111 (45.045045%) active bins are populated
per-bin minimum non-zero probability:       3.94734e-44
per-bin maximum probability:                0.999866
per-bin probability dynamic range (kT):     99.9406
per-segment minimum non-zero probability:   9.86836e-45
per-segment maximum non-zero probability:   0.0840447
per-segment probability dynamic range (kT): 98.8506
norm = 1, error in norm = 2.22045e-16 (1*epsilon)
MAB binning in use
Bottleneck bin occupancy may not be accurately reported
Waiting for segments to complete...
Iteration completed successfully
Iteration wallclock: 0:42:59.620498, cputime: 8:33:42.563344


Wed Apr 24 12:01:26 2024
Iteration 365 (800 requested)
Beginning iteration 365
204 segments remain in iteration 365 (204 total)
47 of 111 (42.342342%) active bins are populated
per-bin minimum non-zero probability:       9.86836e-45
per-bin maximum probability:                0.999866
per-bin probability dynamic range (kT):     101.327
per-segment minimum non-zero probability:   2.46709e-45
per-segment maximum non-zero probability:   0.0840447
per-segment probability dynamic range (kT): 100.237
norm = 1, error in norm = 4.44089e-16 (2*epsilon)
MAB binning in use
Bottleneck bin occupancy may not be accurately reported
Waiting for segments to complete...
Iteration completed successfully
Iteration wallclock: 0:39:25.332407, cputime: 8:35:18.726415


Wed Apr 24 12:40:51 2024
Iteration 366 (800 requested)
Beginning iteration 366
204 segments remain in iteration 366 (204 total)
47 of 111 (42.342342%) active bins are populated
per-bin minimum non-zero probability:       2.46709e-45
per-bin maximum probability:                0.999866
per-bin probability dynamic range (kT):     102.713
per-segment minimum non-zero probability:   6.16772e-46
per-segment maximum non-zero probability:   0.0840447
per-segment probability dynamic range (kT): 101.623
norm = 1, error in norm = 4.44089e-16 (2*epsilon)
MAB binning in use
Bottleneck bin occupancy may not be accurately reported
Waiting for segments to complete...
Iteration completed successfully
Iteration wallclock: 0:39:36.240981, cputime: 8:32:42.262781


Wed Apr 24 13:20:28 2024
Iteration 367 (800 requested)
Beginning iteration 367
215 segments remain in iteration 367 (215 total)
51 of 111 (45.945946%) active bins are populated
per-bin minimum non-zero probability:       6.16772e-46
per-bin maximum probability:                0.917412
per-bin probability dynamic range (kT):     104.013
per-segment minimum non-zero probability:   1.54193e-46
per-segment maximum non-zero probability:   0.0838295
per-segment probability dynamic range (kT): 103.007
norm = 1, error in norm = 4.44089e-16 (2*epsilon)
MAB binning in use
Bottleneck bin occupancy may not be accurately reported
Waiting for segments to complete...
Iteration completed successfully
Iteration wallclock: 0:43:18.373574, cputime: 8:35:06.532647


Wed Apr 24 14:03:46 2024
Iteration 368 (800 requested)
Beginning iteration 368
211 segments remain in iteration 368 (211 total)
50 of 111 (45.045045%) active bins are populated
per-bin minimum non-zero probability:       1.54193e-46
per-bin maximum probability:                0.916037
per-bin probability dynamic range (kT):     105.398
per-segment minimum non-zero probability:   3.85483e-47
per-segment maximum non-zero probability:   0.0836144
per-segment probability dynamic range (kT): 104.391
norm = 1, error in norm = 4.44089e-16 (2*epsilon)
MAB binning in use
Bottleneck bin occupancy may not be accurately reported
Waiting for segments to complete...
Iteration completed successfully
Iteration wallclock: 0:41:24.778168, cputime: 8:46:34.976103


Wed Apr 24 14:45:11 2024
Iteration 369 (800 requested)
Beginning iteration 369
204 segments remain in iteration 369 (204 total)
48 of 111 (43.243243%) active bins are populated
per-bin minimum non-zero probability:       3.85483e-47
per-bin maximum probability:                0.999866
per-bin probability dynamic range (kT):     106.872
per-segment minimum non-zero probability:   9.63707e-48
per-segment maximum non-zero probability:   0.0836144
per-segment probability dynamic range (kT): 105.777
norm = 1, error in norm = 2.22045e-16 (1*epsilon)
MAB binning in use
Bottleneck bin occupancy may not be accurately reported
Waiting for segments to complete...
Iteration completed successfully
Iteration wallclock: 0:39:14.155864, cputime: 8:41:01.096039


Wed Apr 24 15:24:25 2024
Iteration 370 (800 requested)
Beginning iteration 370
204 segments remain in iteration 370 (204 total)
49 of 111 (44.144144%) active bins are populated
per-bin minimum non-zero probability:       9.63707e-48
per-bin maximum probability:                0.999866
per-bin probability dynamic range (kT):     108.258
per-segment minimum non-zero probability:   2.40927e-48
per-segment maximum non-zero probability:   0.0836144
per-segment probability dynamic range (kT): 107.163
norm = 1, error in norm = 2.22045e-16 (1*epsilon)
MAB binning in use
Bottleneck bin occupancy may not be accurately reported
Waiting for segments to complete...
Iteration completed successfully
Iteration wallclock: 0:39:59.416727, cputime: 8:25:18.378592


Wed Apr 24 16:04:24 2024
Iteration 371 (800 requested)
Beginning iteration 371
208 segments remain in iteration 371 (208 total)
50 of 111 (45.045045%) active bins are populated
per-bin minimum non-zero probability:       2.40927e-48
per-bin maximum probability:                0.999866
per-bin probability dynamic range (kT):     109.645
per-segment minimum non-zero probability:   6.02317e-49
per-segment maximum non-zero probability:   0.0836144
per-segment probability dynamic range (kT): 108.55
norm = 1, error in norm = 4.44089e-16 (2*epsilon)
MAB binning in use
Bottleneck bin occupancy may not be accurately reported
Waiting for segments to complete...
Iteration completed successfully
Iteration wallclock: 0:39:37.453828, cputime: 8:45:17.303159


Wed Apr 24 16:44:02 2024
Iteration 372 (800 requested)
Beginning iteration 372
211 segments remain in iteration 372 (211 total)
51 of 111 (45.945946%) active bins are populated
per-bin minimum non-zero probability:       6.02317e-49
per-bin maximum probability:                0.916678
per-bin probability dynamic range (kT):     110.944
per-segment minimum non-zero probability:   1.50579e-49
per-segment maximum non-zero probability:   0.0835203
per-segment probability dynamic range (kT): 109.935
norm = 1, error in norm = 4.44089e-16 (2*epsilon)
MAB binning in use
Bottleneck bin occupancy may not be accurately reported
Waiting for segments to complete...
Iteration completed successfully
Iteration wallclock: 0:40:21.164623, cputime: 8:55:20.606554


Wed Apr 24 17:24:23 2024
Iteration 373 (800 requested)
Beginning iteration 373
220 segments remain in iteration 373 (220 total)
52 of 111 (46.846847%) active bins are populated
per-bin minimum non-zero probability:       1.50579e-49
per-bin maximum probability:                0.999866
per-bin probability dynamic range (kT):     112.417
per-segment minimum non-zero probability:   3.76448e-50
per-segment maximum non-zero probability:   0.0835203
per-segment probability dynamic range (kT): 111.321
norm = 1, error in norm = 2.22045e-16 (1*epsilon)
MAB binning in use
Bottleneck bin occupancy may not be accurately reported
Waiting for segments to complete...
Iteration completed successfully
Iteration wallclock: 0:41:37.176961, cputime: 9:26:03.941560


Wed Apr 24 18:06:00 2024
Iteration 374 (800 requested)
Beginning iteration 374
215 segments remain in iteration 374 (215 total)
50 of 111 (45.045045%) active bins are populated
per-bin minimum non-zero probability:       3.76448e-50
per-bin maximum probability:                0.999866
per-bin probability dynamic range (kT):     113.804
per-segment minimum non-zero probability:   9.4112e-51
per-segment maximum non-zero probability:   0.0834383
per-segment probability dynamic range (kT): 112.706
norm = 1, error in norm = 4.44089e-16 (2*epsilon)
MAB binning in use
Bottleneck bin occupancy may not be accurately reported
Waiting for segments to complete...
Iteration completed successfully
Iteration wallclock: 0:41:09.102582, cputime: 9:02:42.955186


Wed Apr 24 18:47:09 2024
Iteration 375 (800 requested)
Beginning iteration 375
207 segments remain in iteration 375 (207 total)
49 of 111 (44.144144%) active bins are populated
per-bin minimum non-zero probability:       9.4112e-51
per-bin maximum probability:                0.583305
per-bin probability dynamic range (kT):     114.651
per-segment minimum non-zero probability:   2.3528e-51
per-segment maximum non-zero probability:   0.0833563
per-segment probability dynamic range (kT): 114.092
norm = 1, error in norm = 4.44089e-16 (2*epsilon)
MAB binning in use
Bottleneck bin occupancy may not be accurately reported
Waiting for segments to complete...
Iteration completed successfully
Iteration wallclock: 0:39:47.741246, cputime: 8:47:44.046060


Wed Apr 24 19:26:57 2024
Iteration 376 (800 requested)
Beginning iteration 376
192 segments remain in iteration 376 (192 total)
47 of 111 (42.342342%) active bins are populated
per-bin minimum non-zero probability:       2.3528e-51
per-bin maximum probability:                0.999866
per-bin probability dynamic range (kT):     116.576
per-segment minimum non-zero probability:   5.882e-52
per-segment maximum non-zero probability:   0.0833595
per-segment probability dynamic range (kT): 115.478
norm = 1, error in norm = 4.44089e-16 (2*epsilon)
MAB binning in use
Bottleneck bin occupancy may not be accurately reported
Waiting for segments to complete...
Iteration completed successfully
Iteration wallclock: 0:36:50.147792, cputime: 8:03:28.567401


Wed Apr 24 20:03:47 2024
Iteration 377 (800 requested)
Beginning iteration 377
196 segments remain in iteration 377 (196 total)
47 of 111 (42.342342%) active bins are populated
per-bin minimum non-zero probability:       1.50579e-49
per-bin maximum probability:                0.999866
per-bin probability dynamic range (kT):     112.417
per-segment minimum non-zero probability:   3.76448e-50
per-segment maximum non-zero probability:   0.0833595
per-segment probability dynamic range (kT): 111.319
norm = 1, error in norm = 2.22045e-16 (1*epsilon)
MAB binning in use
Bottleneck bin occupancy may not be accurately reported
Waiting for segments to complete...
Iteration completed successfully
Iteration wallclock: 0:37:45.776968, cputime: 8:11:43.123134


Wed Apr 24 20:41:33 2024
Iteration 378 (800 requested)
Beginning iteration 378
208 segments remain in iteration 378 (208 total)
50 of 111 (45.045045%) active bins are populated
per-bin minimum non-zero probability:       2.97077e-43
per-bin maximum probability:                0.999866
per-bin probability dynamic range (kT):     97.9222
per-segment minimum non-zero probability:   1.50579e-49
per-segment maximum non-zero probability:   0.0833595
per-segment probability dynamic range (kT): 109.933
norm = 1, error in norm = 2.22045e-16 (1*epsilon)
MAB binning in use
Bottleneck bin occupancy may not be accurately reported
Waiting for segments to complete...
Iteration completed successfully
Iteration wallclock: 0:39:59.383050, cputime: 8:49:31.697078


Wed Apr 24 21:21:32 2024
Iteration 379 (800 requested)
Beginning iteration 379
216 segments remain in iteration 379 (216 total)
53 of 111 (47.747748%) active bins are populated
per-bin minimum non-zero probability:       1.50579e-49
per-bin maximum probability:                0.999866
per-bin probability dynamic range (kT):     112.417
per-segment minimum non-zero probability:   3.76448e-50
per-segment maximum non-zero probability:   0.0833595
per-segment probability dynamic range (kT): 111.319
norm = 1, error in norm = 2.22045e-16 (1*epsilon)
MAB binning in use
Bottleneck bin occupancy may not be accurately reported
Waiting for segments to complete...
Iteration completed successfully
Iteration wallclock: 0:41:36.083741, cputime: 9:07:32.984936


Wed Apr 24 22:03:09 2024
Iteration 380 (800 requested)
Beginning iteration 380
212 segments remain in iteration 380 (212 total)
51 of 111 (45.945946%) active bins are populated
per-bin minimum non-zero probability:       3.76448e-50
per-bin maximum probability:                0.999866
per-bin probability dynamic range (kT):     113.804
per-segment minimum non-zero probability:   9.4112e-51
per-segment maximum non-zero probability:   0.0833595
per-segment probability dynamic range (kT): 112.705
norm = 1, error in norm = 4.44089e-16 (2*epsilon)
MAB binning in use
Bottleneck bin occupancy may not be accurately reported
Waiting for segments to complete...
Iteration completed successfully
Iteration wallclock: 0:40:19.847229, cputime: 9:01:30.936438


Wed Apr 24 22:43:28 2024
Iteration 381 (800 requested)
Beginning iteration 381
208 segments remain in iteration 381 (208 total)
50 of 111 (45.045045%) active bins are populated
per-bin minimum non-zero probability:       9.4112e-51
per-bin maximum probability:                0.999866
per-bin probability dynamic range (kT):     115.19
per-segment minimum non-zero probability:   2.3528e-51
per-segment maximum non-zero probability:   0.0833595
per-segment probability dynamic range (kT): 114.092
norm = 1, error in norm = 2.22045e-16 (1*epsilon)
MAB binning in use
Bottleneck bin occupancy may not be accurately reported
Waiting for segments to complete...
Iteration completed successfully
Iteration wallclock: 0:40:51.934254, cputime: 8:44:13.398345


Wed Apr 24 23:24:20 2024
Iteration 382 (800 requested)
Beginning iteration 382
215 segments remain in iteration 382 (215 total)
51 of 111 (45.945946%) active bins are populated
per-bin minimum non-zero probability:       2.3528e-51
per-bin maximum probability:                0.999866
per-bin probability dynamic range (kT):     116.576
per-segment minimum non-zero probability:   5.882e-52
per-segment maximum non-zero probability:   0.0833485
per-segment probability dynamic range (kT): 115.478
norm = 1, error in norm = 4.44089e-16 (2*epsilon)
MAB binning in use
Bottleneck bin occupancy may not be accurately reported
Waiting for segments to complete...
Iteration completed successfully
Iteration wallclock: 0:45:10.089126, cputime: 9:03:26.994473


Thu Apr 25 00:09:30 2024
Iteration 383 (800 requested)
Beginning iteration 383
204 segments remain in iteration 383 (204 total)
49 of 111 (44.144144%) active bins are populated
per-bin minimum non-zero probability:       5.882e-52
per-bin maximum probability:                0.999866
per-bin probability dynamic range (kT):     117.962
per-segment minimum non-zero probability:   1.4705e-52
per-segment maximum non-zero probability:   0.0833448
per-segment probability dynamic range (kT): 116.864
norm = 1, error in norm = 4.44089e-16 (2*epsilon)
MAB binning in use
Bottleneck bin occupancy may not be accurately reported
Waiting for segments to complete...
Iteration completed successfully
Iteration wallclock: 0:43:57.150609, cputime: 8:31:31.602180


Thu Apr 25 00:53:28 2024
Iteration 384 (800 requested)
Beginning iteration 384
204 segments remain in iteration 384 (204 total)
49 of 111 (44.144144%) active bins are populated
per-bin minimum non-zero probability:       1.4705e-52
per-bin maximum probability:                0.999866
per-bin probability dynamic range (kT):     119.349
per-segment minimum non-zero probability:   3.67625e-53
per-segment maximum non-zero probability:   0.0833448
per-segment probability dynamic range (kT): 118.25
norm = 1, error in norm = 4.44089e-16 (2*epsilon)
MAB binning in use
Bottleneck bin occupancy may not be accurately reported
Waiting for segments to complete...
Iteration completed successfully
Iteration wallclock: 0:38:41.466260, cputime: 8:41:30.348293


Thu Apr 25 01:32:09 2024
Iteration 385 (800 requested)
Beginning iteration 385
208 segments remain in iteration 385 (208 total)
50 of 111 (45.045045%) active bins are populated
per-bin minimum non-zero probability:       3.67625e-53
per-bin maximum probability:                0.999866
per-bin probability dynamic range (kT):     120.735
per-segment minimum non-zero probability:   9.19062e-54
per-segment maximum non-zero probability:   0.0833448
per-segment probability dynamic range (kT): 119.637
norm = 1, error in norm = 2.22045e-16 (1*epsilon)
MAB binning in use
Bottleneck bin occupancy may not be accurately reported
Waiting for segments to complete...
Iteration completed successfully
Iteration wallclock: 0:40:14.757927, cputime: 8:40:42.644053


Thu Apr 25 02:12:24 2024
Iteration 386 (800 requested)
Beginning iteration 386
196 segments remain in iteration 386 (196 total)
47 of 111 (42.342342%) active bins are populated
per-bin minimum non-zero probability:       9.19062e-54
per-bin maximum probability:                0.999866
per-bin probability dynamic range (kT):     122.121
per-segment minimum non-zero probability:   2.29766e-54
per-segment maximum non-zero probability:   0.0833448
per-segment probability dynamic range (kT): 121.023
norm = 1, error in norm = 2.22045e-16 (1*epsilon)
MAB binning in use
Bottleneck bin occupancy may not be accurately reported
Waiting for segments to complete...
Iteration completed successfully
Iteration wallclock: 0:37:31.859351, cputime: 8:17:23.009257


Thu Apr 25 02:49:56 2024
Iteration 387 (800 requested)
Beginning iteration 387
200 segments remain in iteration 387 (200 total)
49 of 111 (44.144144%) active bins are populated
per-bin minimum non-zero probability:       1.28669e-51
per-bin maximum probability:                0.999866
per-bin probability dynamic range (kT):     117.18
per-segment minimum non-zero probability:   3.21672e-52
per-segment maximum non-zero probability:   0.0833448
per-segment probability dynamic range (kT): 116.081
norm = 1, error in norm = 2.22045e-16 (1*epsilon)
MAB binning in use
Bottleneck bin occupancy may not be accurately reported
Waiting for segments to complete...
Iteration completed successfully
Iteration wallclock: 0:38:49.213939, cputime: 8:20:39.660972


Thu Apr 25 03:28:45 2024
Iteration 388 (800 requested)
Beginning iteration 388
212 segments remain in iteration 388 (212 total)
47 of 111 (42.342342%) active bins are populated
per-bin minimum non-zero probability:       3.21672e-52
per-bin maximum probability:                0.999866
per-bin probability dynamic range (kT):     118.566
per-segment minimum non-zero probability:   8.0418e-53
per-segment maximum non-zero probability:   0.0833448
per-segment probability dynamic range (kT): 117.468
norm = 1, error in norm = 4.44089e-16 (2*epsilon)
MAB binning in use
Bottleneck bin occupancy may not be accurately reported
Waiting for segments to complete...
Iteration completed successfully
Iteration wallclock: 0:40:45.033445, cputime: 8:54:20.321543


Thu Apr 25 04:09:30 2024
Iteration 389 (800 requested)
Beginning iteration 389
196 segments remain in iteration 389 (196 total)
47 of 111 (42.342342%) active bins are populated
per-bin minimum non-zero probability:       8.0418e-53
per-bin maximum probability:                0.999866
per-bin probability dynamic range (kT):     119.952
per-segment minimum non-zero probability:   2.01045e-53
per-segment maximum non-zero probability:   0.0833448
per-segment probability dynamic range (kT): 118.854
norm = 1, error in norm = 2.22045e-16 (1*epsilon)
MAB binning in use
Bottleneck bin occupancy may not be accurately reported
Waiting for segments to complete...
Iteration completed successfully
Iteration wallclock: 0:37:27.782325, cputime: 8:16:19.659637


Thu Apr 25 04:46:58 2024
Iteration 390 (800 requested)
Beginning iteration 390
208 segments remain in iteration 390 (208 total)
50 of 111 (45.045045%) active bins are populated
per-bin minimum non-zero probability:       2.01045e-53
per-bin maximum probability:                0.999866
per-bin probability dynamic range (kT):     121.339
per-segment minimum non-zero probability:   5.02612e-54
per-segment maximum non-zero probability:   0.0833448
per-segment probability dynamic range (kT): 120.24
norm = 1, error in norm = 2.22045e-16 (1*epsilon)
MAB binning in use
Bottleneck bin occupancy may not be accurately reported
Waiting for segments to complete...
Iteration completed successfully
Iteration wallclock: 0:39:37.782483, cputime: 8:50:27.483732


Thu Apr 25 05:26:35 2024
Iteration 391 (800 requested)
Beginning iteration 391
216 segments remain in iteration 391 (216 total)
51 of 111 (45.945946%) active bins are populated
per-bin minimum non-zero probability:       5.02612e-54
per-bin maximum probability:                0.999866
per-bin probability dynamic range (kT):     122.725
per-segment minimum non-zero probability:   1.25653e-54
per-segment maximum non-zero probability:   0.0833448
per-segment probability dynamic range (kT): 121.626
norm = 1, error in norm = 4.44089e-16 (2*epsilon)
MAB binning in use
Bottleneck bin occupancy may not be accurately reported
Waiting for segments to complete...
Iteration completed successfully
Iteration wallclock: 0:41:02.121214, cputime: 9:08:33.937407


Thu Apr 25 06:07:38 2024
Iteration 392 (800 requested)
Beginning iteration 392
208 segments remain in iteration 392 (208 total)
50 of 111 (45.045045%) active bins are populated
per-bin minimum non-zero probability:       1.25653e-54
per-bin maximum probability:                0.999866
per-bin probability dynamic range (kT):     124.111
per-segment minimum non-zero probability:   3.14133e-55
per-segment maximum non-zero probability:   0.0833448
per-segment probability dynamic range (kT): 123.013
norm = 1, error in norm = 2.22045e-16 (1*epsilon)
MAB binning in use
Bottleneck bin occupancy may not be accurately reported
Waiting for segments to complete...
Iteration completed successfully
Iteration wallclock: 0:39:53.986107, cputime: 8:48:39.255590


Thu Apr 25 06:47:32 2024
Iteration 393 (800 requested)
Beginning iteration 393
212 segments remain in iteration 393 (212 total)
51 of 111 (45.945946%) active bins are populated
per-bin minimum non-zero probability:       3.14133e-55
per-bin maximum probability:                0.999866
per-bin probability dynamic range (kT):     125.497
per-segment minimum non-zero probability:   7.85332e-56
per-segment maximum non-zero probability:   0.0833448
per-segment probability dynamic range (kT): 124.399
norm = 1, error in norm = 4.44089e-16 (2*epsilon)
MAB binning in use
Bottleneck bin occupancy may not be accurately reported
Waiting for segments to complete...
Iteration completed successfully
Iteration wallclock: 0:40:16.109396, cputime: 8:59:25.009500


Thu Apr 25 07:27:48 2024
Iteration 394 (800 requested)
Beginning iteration 394
196 segments remain in iteration 394 (196 total)
46 of 111 (41.441441%) active bins are populated
per-bin minimum non-zero probability:       6.91687e-53
per-bin maximum probability:                0.999866
per-bin probability dynamic range (kT):     120.103
per-segment minimum non-zero probability:   1.72922e-53
per-segment maximum non-zero probability:   0.0833448
per-segment probability dynamic range (kT): 119.005
norm = 1, error in norm = 4.44089e-16 (2*epsilon)
MAB binning in use
Bottleneck bin occupancy may not be accurately reported
Waiting for segments to complete...
Iteration completed successfully
Iteration wallclock: 0:38:02.730583, cputime: 8:07:30.056651


Thu Apr 25 08:05:50 2024
Iteration 395 (800 requested)
Beginning iteration 395
208 segments remain in iteration 395 (208 total)
49 of 111 (44.144144%) active bins are populated
per-bin minimum non-zero probability:       1.72922e-53
per-bin maximum probability:                0.999866
per-bin probability dynamic range (kT):     121.489
per-segment minimum non-zero probability:   4.32304e-54
per-segment maximum non-zero probability:   0.0833448
per-segment probability dynamic range (kT): 120.391
norm = 1, error in norm = 4.44089e-16 (2*epsilon)
MAB binning in use
Bottleneck bin occupancy may not be accurately reported
Waiting for segments to complete...
Iteration completed successfully
Iteration wallclock: 0:39:25.417598, cputime: 8:52:57.149337


Thu Apr 25 08:45:16 2024
Iteration 396 (800 requested)
Beginning iteration 396
200 segments remain in iteration 396 (200 total)
49 of 111 (44.144144%) active bins are populated
per-bin minimum non-zero probability:       4.32304e-54
per-bin maximum probability:                0.749934
per-bin probability dynamic range (kT):     122.588
per-segment minimum non-zero probability:   1.08076e-54
per-segment maximum non-zero probability:   0.0833448
per-segment probability dynamic range (kT): 121.777
norm = 1, error in norm = 2.22045e-16 (1*epsilon)
MAB binning in use
Bottleneck bin occupancy may not be accurately reported
Waiting for segments to complete...
Iteration completed successfully
Iteration wallclock: 0:38:13.048372, cputime: 8:26:26.607096


Thu Apr 25 09:23:29 2024
Iteration 397 (800 requested)
Beginning iteration 397
204 segments remain in iteration 397 (204 total)
48 of 111 (43.243243%) active bins are populated
per-bin minimum non-zero probability:       1.08076e-54
per-bin maximum probability:                0.999866
per-bin probability dynamic range (kT):     124.262
per-segment minimum non-zero probability:   2.7019e-55
per-segment maximum non-zero probability:   0.0833448
per-segment probability dynamic range (kT): 123.163
norm = 1, error in norm = 2.22045e-16 (1*epsilon)
MAB binning in use
Bottleneck bin occupancy may not be accurately reported
Waiting for segments to complete...
Iteration completed successfully
Iteration wallclock: 0:39:01.087495, cputime: 8:40:03.044225


Thu Apr 25 10:02:30 2024
Iteration 398 (800 requested)
Beginning iteration 398
208 segments remain in iteration 398 (208 total)
50 of 111 (45.045045%) active bins are populated
per-bin minimum non-zero probability:       2.7019e-55
per-bin maximum probability:                0.999866
per-bin probability dynamic range (kT):     125.648
per-segment minimum non-zero probability:   6.75475e-56
per-segment maximum non-zero probability:   0.0833448
per-segment probability dynamic range (kT): 124.55
norm = 1, error in norm = 4.44089e-16 (2*epsilon)
MAB binning in use
Bottleneck bin occupancy may not be accurately reported
Waiting for segments to complete...
Iteration completed successfully
Iteration wallclock: 0:39:41.983564, cputime: 8:48:03.003148


Thu Apr 25 10:42:12 2024
Iteration 399 (800 requested)
Beginning iteration 399
212 segments remain in iteration 399 (212 total)
51 of 111 (45.945946%) active bins are populated
per-bin minimum non-zero probability:       6.75475e-56
per-bin maximum probability:                0.999866
per-bin probability dynamic range (kT):     127.034
per-segment minimum non-zero probability:   1.68869e-56
per-segment maximum non-zero probability:   0.0833448
per-segment probability dynamic range (kT): 125.936
norm = 1, error in norm = 4.44089e-16 (2*epsilon)
MAB binning in use
Bottleneck bin occupancy may not be accurately reported
Waiting for segments to complete...
Iteration completed successfully
Iteration wallclock: 0:40:22.845110, cputime: 8:59:23.499739


Thu Apr 25 11:22:35 2024
Iteration 400 (800 requested)
Beginning iteration 400
184 segments remain in iteration 400 (184 total)
43 of 111 (38.738739%) active bins are populated
per-bin minimum non-zero probability:       1.68869e-56
per-bin maximum probability:                0.749932
per-bin probability dynamic range (kT):     128.133
per-segment minimum non-zero probability:   4.22172e-57
per-segment maximum non-zero probability:   0.0833448
per-segment probability dynamic range (kT): 127.322
norm = 1, error in norm = 4.44089e-16 (2*epsilon)
MAB binning in use
Bottleneck bin occupancy may not be accurately reported
Waiting for segments to complete...
Iteration completed successfully
Iteration wallclock: 0:35:06.560285, cputime: 7:47:51.411286


Thu Apr 25 11:57:41 2024
Iteration 401 (800 requested)
Beginning iteration 401
212 segments remain in iteration 401 (212 total)
51 of 111 (45.945946%) active bins are populated
per-bin minimum non-zero probability:       4.22172e-57
per-bin maximum probability:                0.999866
per-bin probability dynamic range (kT):     129.807
per-segment minimum non-zero probability:   1.05543e-57
per-segment maximum non-zero probability:   0.0833448
per-segment probability dynamic range (kT): 128.709
norm = 1, error in norm = 2.22045e-16 (1*epsilon)
MAB binning in use
Bottleneck bin occupancy may not be accurately reported
Waiting for segments to complete...
Iteration completed successfully
Iteration wallclock: 0:40:20.877417, cputime: 9:00:25.739359


Thu Apr 25 12:38:02 2024
Iteration 402 (800 requested)
Beginning iteration 402
212 segments remain in iteration 402 (212 total)
51 of 111 (45.945946%) active bins are populated
per-bin minimum non-zero probability:       1.05543e-57
per-bin maximum probability:                0.999866
per-bin probability dynamic range (kT):     131.193
per-segment minimum non-zero probability:   2.63858e-58
per-segment maximum non-zero probability:   0.0833448
per-segment probability dynamic range (kT): 130.095
norm = 1, error in norm = 4.44089e-16 (2*epsilon)
MAB binning in use
Bottleneck bin occupancy may not be accurately reported
Waiting for segments to complete...
Iteration completed successfully
Iteration wallclock: 0:40:37.444479, cputime: 8:55:26.258466


Thu Apr 25 13:18:40 2024
Iteration 403 (800 requested)
Beginning iteration 403
216 segments remain in iteration 403 (216 total)
50 of 111 (45.045045%) active bins are populated
per-bin minimum non-zero probability:       2.63858e-58
per-bin maximum probability:                0.749832
per-bin probability dynamic range (kT):     132.292
per-segment minimum non-zero probability:   6.59644e-59
per-segment maximum non-zero probability:   0.0833448
per-segment probability dynamic range (kT): 131.481
norm = 1, error in norm = 2.22045e-16 (1*epsilon)
MAB binning in use
Bottleneck bin occupancy may not be accurately reported
Waiting for segments to complete...
Iteration completed successfully
Iteration wallclock: 0:42:34.112556, cputime: 8:51:15.680710


Thu Apr 25 14:01:14 2024
Iteration 404 (800 requested)
Beginning iteration 404
216 segments remain in iteration 404 (216 total)
50 of 111 (45.045045%) active bins are populated
per-bin minimum non-zero probability:       6.59644e-59
per-bin maximum probability:                0.999866
per-bin probability dynamic range (kT):     133.966
per-segment minimum non-zero probability:   1.64911e-59
per-segment maximum non-zero probability:   0.0833448
per-segment probability dynamic range (kT): 132.868
norm = 1, error in norm = 4.44089e-16 (2*epsilon)
MAB binning in use
Bottleneck bin occupancy may not be accurately reported
Waiting for segments to complete...
Iteration completed successfully
Iteration wallclock: 0:42:21.625401, cputime: 8:54:53.752946


Thu Apr 25 14:43:35 2024
Iteration 405 (800 requested)
Beginning iteration 405
212 segments remain in iteration 405 (212 total)
50 of 111 (45.045045%) active bins are populated
per-bin minimum non-zero probability:       1.64911e-59
per-bin maximum probability:                0.749832
per-bin probability dynamic range (kT):     135.064
per-segment minimum non-zero probability:   4.12278e-60
per-segment maximum non-zero probability:   0.0833448
per-segment probability dynamic range (kT): 134.254
norm = 1, error in norm = 2.22045e-16 (1*epsilon)
MAB binning in use
Bottleneck bin occupancy may not be accurately reported
Waiting for segments to complete...
Iteration completed successfully
Iteration wallclock: 0:41:30.648398, cputime: 8:51:01.618728


Thu Apr 25 15:25:06 2024
Iteration 406 (800 requested)
Beginning iteration 406
208 segments remain in iteration 406 (208 total)
50 of 111 (45.045045%) active bins are populated
per-bin minimum non-zero probability:       4.12278e-60
per-bin maximum probability:                0.999866
per-bin probability dynamic range (kT):     136.738
per-segment minimum non-zero probability:   1.03069e-60
per-segment maximum non-zero probability:   0.0833448
per-segment probability dynamic range (kT): 135.64
norm = 1, error in norm = 4.44089e-16 (2*epsilon)
MAB binning in use
Bottleneck bin occupancy may not be accurately reported
Waiting for segments to complete...
Iteration completed successfully
Iteration wallclock: 0:40:14.471141, cputime: 8:43:25.278262


Thu Apr 25 16:05:21 2024
Iteration 407 (800 requested)
Beginning iteration 407
216 segments remain in iteration 407 (216 total)
53 of 111 (47.747748%) active bins are populated
per-bin minimum non-zero probability:       1.03069e-60
per-bin maximum probability:                0.999866
per-bin probability dynamic range (kT):     138.125
per-segment minimum non-zero probability:   2.57673e-61
per-segment maximum non-zero probability:   0.0833448
per-segment probability dynamic range (kT): 137.026
norm = 1, error in norm = 4.44089e-16 (2*epsilon)
MAB binning in use
Bottleneck bin occupancy may not be accurately reported
Waiting for segments to complete...
Iteration completed successfully
Iteration wallclock: 0:41:10.308803, cputime: 9:10:39.330529


Thu Apr 25 16:46:31 2024
Iteration 408 (800 requested)
Beginning iteration 408
220 segments remain in iteration 408 (220 total)
51 of 111 (45.945946%) active bins are populated
per-bin minimum non-zero probability:       2.57673e-61
per-bin maximum probability:                0.999866
per-bin probability dynamic range (kT):     139.511
per-segment minimum non-zero probability:   6.44184e-62
per-segment maximum non-zero probability:   0.0833448
per-segment probability dynamic range (kT): 138.413
norm = 1, error in norm = 2.22045e-16 (1*epsilon)
MAB binning in use
Bottleneck bin occupancy may not be accurately reported
Waiting for segments to complete...
Iteration completed successfully
Iteration wallclock: 0:42:08.021226, cputime: 9:16:31.889759


Thu Apr 25 17:28:39 2024
Iteration 409 (800 requested)
Beginning iteration 409
216 segments remain in iteration 409 (216 total)
50 of 111 (45.045045%) active bins are populated
per-bin minimum non-zero probability:       6.44184e-62
per-bin maximum probability:                0.999866
per-bin probability dynamic range (kT):     140.897
per-segment minimum non-zero probability:   1.61046e-62
per-segment maximum non-zero probability:   0.0833448
per-segment probability dynamic range (kT): 139.799
norm = 1, error in norm = 4.44089e-16 (2*epsilon)
MAB binning in use
Bottleneck bin occupancy may not be accurately reported
Waiting for segments to complete...
Iteration completed successfully
Iteration wallclock: 0:41:20.427150, cputime: 9:04:27.862429


Thu Apr 25 18:09:59 2024
Iteration 410 (800 requested)
Beginning iteration 410
204 segments remain in iteration 410 (204 total)
46 of 111 (41.441441%) active bins are populated
per-bin minimum non-zero probability:       1.61046e-62
per-bin maximum probability:                0.749934
per-bin probability dynamic range (kT):     141.996
per-segment minimum non-zero probability:   4.02615e-63
per-segment maximum non-zero probability:   0.0833448
per-segment probability dynamic range (kT): 141.185
norm = 1, error in norm = 4.44089e-16 (2*epsilon)
MAB binning in use
Bottleneck bin occupancy may not be accurately reported
Waiting for segments to complete...
Iteration completed successfully
Iteration wallclock: 0:38:52.682151, cputime: 8:37:38.314052


Thu Apr 25 18:48:52 2024
Iteration 411 (800 requested)
Beginning iteration 411
195 segments remain in iteration 411 (195 total)
46 of 111 (41.441441%) active bins are populated
per-bin minimum non-zero probability:       4.02615e-63
per-bin maximum probability:                0.999866
per-bin probability dynamic range (kT):     143.67
per-segment minimum non-zero probability:   1.00654e-63
per-segment maximum non-zero probability:   0.0833448
per-segment probability dynamic range (kT): 142.572
norm = 1, error in norm = 4.44089e-16 (2*epsilon)
MAB binning in use
Bottleneck bin occupancy may not be accurately reported
Waiting for segments to complete...
Iteration completed successfully
Iteration wallclock: 0:38:00.532248, cputime: 8:05:33.040019


Thu Apr 25 19:26:53 2024
Iteration 412 (800 requested)
Beginning iteration 412
200 segments remain in iteration 412 (200 total)
48 of 111 (43.243243%) active bins are populated
per-bin minimum non-zero probability:       1.00654e-63
per-bin maximum probability:                0.999866
per-bin probability dynamic range (kT):     145.056
per-segment minimum non-zero probability:   2.51634e-64
per-segment maximum non-zero probability:   0.0833373
per-segment probability dynamic range (kT): 143.958
norm = 1, error in norm = 4.44089e-16 (2*epsilon)
MAB binning in use
Bottleneck bin occupancy may not be accurately reported
Waiting for segments to complete...
Iteration completed successfully
Iteration wallclock: 0:38:15.591815, cputime: 8:25:52.921749


Thu Apr 25 20:05:08 2024
Iteration 413 (800 requested)
Beginning iteration 413
211 segments remain in iteration 413 (211 total)
52 of 111 (46.846847%) active bins are populated
per-bin minimum non-zero probability:       2.51634e-64
per-bin maximum probability:                0.999866
per-bin probability dynamic range (kT):     146.443
per-segment minimum non-zero probability:   6.29086e-65
per-segment maximum non-zero probability:   0.0833373
per-segment probability dynamic range (kT): 145.344
norm = 1, error in norm = 4.44089e-16 (2*epsilon)
MAB binning in use
Bottleneck bin occupancy may not be accurately reported
Waiting for segments to complete...
Iteration completed successfully
Iteration wallclock: 0:40:44.534808, cputime: 8:49:27.452166


Thu Apr 25 20:45:53 2024
Iteration 414 (800 requested)
Beginning iteration 414
208 segments remain in iteration 414 (208 total)
50 of 111 (45.045045%) active bins are populated
per-bin minimum non-zero probability:       6.29086e-65
per-bin maximum probability:                0.999866
per-bin probability dynamic range (kT):     147.829
per-segment minimum non-zero probability:   1.57271e-65
per-segment maximum non-zero probability:   0.0833322
per-segment probability dynamic range (kT): 146.73
norm = 1, error in norm = 2.22045e-16 (1*epsilon)
MAB binning in use
Bottleneck bin occupancy may not be accurately reported
Waiting for segments to complete...
Iteration completed successfully
Iteration wallclock: 0:40:24.068194, cputime: 8:42:18.758170


Thu Apr 25 21:26:17 2024
Iteration 415 (800 requested)
Beginning iteration 415
215 segments remain in iteration 415 (215 total)
52 of 111 (46.846847%) active bins are populated
per-bin minimum non-zero probability:       1.57271e-65
per-bin maximum probability:                0.916547
per-bin probability dynamic range (kT):     149.128
per-segment minimum non-zero probability:   3.93178e-66
per-segment maximum non-zero probability:   0.0833322
per-segment probability dynamic range (kT): 148.117
norm = 1, error in norm = 4.44089e-16 (2*epsilon)
MAB binning in use
Bottleneck bin occupancy may not be accurately reported
Waiting for segments to complete...
Iteration completed successfully
Iteration wallclock: 0:45:03.362221, cputime: 8:54:03.265182


Thu Apr 25 22:11:20 2024
Iteration 416 (800 requested)
Beginning iteration 416
217 segments remain in iteration 416 (217 total)
52 of 111 (46.846847%) active bins are populated
per-bin minimum non-zero probability:       3.93178e-66
per-bin maximum probability:                0.749904
per-bin probability dynamic range (kT):     150.314
per-segment minimum non-zero probability:   9.82946e-67
per-segment maximum non-zero probability:   0.0833269
per-segment probability dynamic range (kT): 149.503
norm = 1, error in norm = 4.44089e-16 (2*epsilon)
MAB binning in use
Bottleneck bin occupancy may not be accurately reported
Waiting for segments to complete...
Iteration completed successfully
Iteration wallclock: 0:40:55.554736, cputime: 9:13:30.685967


Thu Apr 25 22:52:16 2024
Iteration 417 (800 requested)
Beginning iteration 417
200 segments remain in iteration 417 (200 total)
44 of 111 (39.639640%) active bins are populated
per-bin minimum non-zero probability:       9.82946e-67
per-bin maximum probability:                0.999866
per-bin probability dynamic range (kT):     151.988
per-segment minimum non-zero probability:   2.45737e-67
per-segment maximum non-zero probability:   0.0833269
per-segment probability dynamic range (kT): 150.889
norm = 1, error in norm = 2.22045e-16 (1*epsilon)
MAB binning in use
Bottleneck bin occupancy may not be accurately reported
Waiting for segments to complete...
Iteration completed successfully
Iteration wallclock: 0:38:30.369008, cputime: 8:13:21.189202


Thu Apr 25 23:30:46 2024
Iteration 418 (800 requested)
Beginning iteration 418
208 segments remain in iteration 418 (208 total)
52 of 111 (46.846847%) active bins are populated
per-bin minimum non-zero probability:       2.45737e-67
per-bin maximum probability:                0.999866
per-bin probability dynamic range (kT):     153.374
per-segment minimum non-zero probability:   6.14341e-68
per-segment maximum non-zero probability:   0.0833269
per-segment probability dynamic range (kT): 152.275
norm = 1, error in norm = 4.44089e-16 (2*epsilon)
MAB binning in use
Bottleneck bin occupancy may not be accurately reported
Waiting for segments to complete...
Iteration completed successfully
Iteration wallclock: 0:39:26.307966, cputime: 8:45:32.682043


Fri Apr 26 00:10:12 2024
Iteration 419 (800 requested)
Beginning iteration 419
210 segments remain in iteration 419 (210 total)
52 of 111 (46.846847%) active bins are populated
per-bin minimum non-zero probability:       6.14341e-68
per-bin maximum probability:                0.916546
per-bin probability dynamic range (kT):     154.673
per-segment minimum non-zero probability:   1.53585e-68
per-segment maximum non-zero probability:   0.0833269
per-segment probability dynamic range (kT): 153.662
norm = 1, error in norm = 2.22045e-16 (1*epsilon)
MAB binning in use
Bottleneck bin occupancy may not be accurately reported
Waiting for segments to complete...
Iteration completed successfully
Iteration wallclock: 0:44:18.191783, cputime: 8:57:44.721434


Fri Apr 26 00:54:31 2024
Iteration 420 (800 requested)
Beginning iteration 420
224 segments remain in iteration 420 (224 total)
54 of 111 (48.648649%) active bins are populated
per-bin minimum non-zero probability:       3.07171e-68
per-bin maximum probability:                0.749905
per-bin probability dynamic range (kT):     155.166
per-segment minimum non-zero probability:   7.67927e-69
per-segment maximum non-zero probability:   0.0833269
per-segment probability dynamic range (kT): 154.355
norm = 1, error in norm = 4.44089e-16 (2*epsilon)
MAB binning in use
Bottleneck bin occupancy may not be accurately reported
Waiting for segments to complete...
Iteration completed successfully
Iteration wallclock: 0:42:31.290337, cputime: 9:15:19.533739


Fri Apr 26 01:37:02 2024
Iteration 421 (800 requested)
Beginning iteration 421
216 segments remain in iteration 421 (216 total)
52 of 111 (46.846847%) active bins are populated
per-bin minimum non-zero probability:       7.67927e-69
per-bin maximum probability:                0.999866
per-bin probability dynamic range (kT):     156.84
per-segment minimum non-zero probability:   1.91982e-69
per-segment maximum non-zero probability:   0.0833269
per-segment probability dynamic range (kT): 155.741
norm = 1, error in norm = 4.44089e-16 (2*epsilon)
MAB binning in use
Bottleneck bin occupancy may not be accurately reported
Waiting for segments to complete...
Iteration completed successfully
Iteration wallclock: 0:41:04.858894, cputime: 9:04:30.072094


Fri Apr 26 02:18:07 2024
Iteration 422 (800 requested)
Beginning iteration 422
208 segments remain in iteration 422 (208 total)
51 of 111 (45.945946%) active bins are populated
per-bin minimum non-zero probability:       1.91982e-69
per-bin maximum probability:                0.749906
per-bin probability dynamic range (kT):     157.938
per-segment minimum non-zero probability:   4.79954e-70
per-segment maximum non-zero probability:   0.0833269
per-segment probability dynamic range (kT): 157.127
norm = 1, error in norm = 2.22045e-16 (1*epsilon)
MAB binning in use
Bottleneck bin occupancy may not be accurately reported
Waiting for segments to complete...
Iteration completed successfully
Iteration wallclock: 0:39:42.797648, cputime: 8:46:11.665445


Fri Apr 26 02:57:50 2024
Iteration 423 (800 requested)
Beginning iteration 423
223 segments remain in iteration 423 (223 total)
54 of 111 (48.648649%) active bins are populated
per-bin minimum non-zero probability:       4.79954e-70
per-bin maximum probability:                0.999866
per-bin probability dynamic range (kT):     159.612
per-segment minimum non-zero probability:   1.19989e-70
per-segment maximum non-zero probability:   0.0833249
per-segment probability dynamic range (kT): 158.514
norm = 1, error in norm = 4.44089e-16 (2*epsilon)
MAB binning in use
Bottleneck bin occupancy may not be accurately reported
Waiting for segments to complete...
Iteration completed successfully
Iteration wallclock: 0:42:22.022510, cputime: 9:26:25.347656


Fri Apr 26 03:40:12 2024
Iteration 424 (800 requested)
Beginning iteration 424
228 segments remain in iteration 424 (228 total)
51 of 111 (45.945946%) active bins are populated
per-bin minimum non-zero probability:       1.19989e-70
per-bin maximum probability:                0.999866
per-bin probability dynamic range (kT):     160.999
per-segment minimum non-zero probability:   2.99971e-71
per-segment maximum non-zero probability:   0.0833249
per-segment probability dynamic range (kT): 159.9
norm = 1, error in norm = 4.44089e-16 (2*epsilon)
MAB binning in use
Bottleneck bin occupancy may not be accurately reported
Waiting for segments to complete...
Iteration completed successfully
Iteration wallclock: 0:43:23.123334, cputime: 9:41:25.575016


Fri Apr 26 04:23:35 2024
Iteration 425 (800 requested)
Beginning iteration 425
220 segments remain in iteration 425 (220 total)
52 of 111 (46.846847%) active bins are populated
per-bin minimum non-zero probability:       2.99971e-71
per-bin maximum probability:                0.999866
per-bin probability dynamic range (kT):     162.385
per-segment minimum non-zero probability:   7.49928e-72
per-segment maximum non-zero probability:   0.0833249
per-segment probability dynamic range (kT): 161.286
norm = 1, error in norm = 2.22045e-16 (1*epsilon)
MAB binning in use
Bottleneck bin occupancy may not be accurately reported
Waiting for segments to complete...
Iteration completed successfully
Iteration wallclock: 0:42:19.867423, cputime: 9:06:57.808869


Fri Apr 26 05:05:55 2024
Iteration 426 (800 requested)
Beginning iteration 426
232 segments remain in iteration 426 (232 total)
52 of 111 (46.846847%) active bins are populated
per-bin minimum non-zero probability:       7.49928e-72
per-bin maximum probability:                0.999866
per-bin probability dynamic range (kT):     163.771
per-segment minimum non-zero probability:   1.87482e-72
per-segment maximum non-zero probability:   0.0833249
per-segment probability dynamic range (kT): 162.673
norm = 1, error in norm = 2.22045e-16 (1*epsilon)
MAB binning in use
Bottleneck bin occupancy may not be accurately reported
Waiting for segments to complete...
Iteration completed successfully
Iteration wallclock: 0:44:21.186670, cputime: 9:48:15.728726


Fri Apr 26 05:50:16 2024
Iteration 427 (800 requested)
Beginning iteration 427
224 segments remain in iteration 427 (224 total)
55 of 111 (49.549550%) active bins are populated
per-bin minimum non-zero probability:       1.87482e-72
per-bin maximum probability:                0.999866
per-bin probability dynamic range (kT):     165.157
per-segment minimum non-zero probability:   4.68705e-73
per-segment maximum non-zero probability:   0.0833249
per-segment probability dynamic range (kT): 164.059
norm = 1, error in norm = 4.44089e-16 (2*epsilon)
MAB binning in use
Bottleneck bin occupancy may not be accurately reported
Waiting for segments to complete...
Iteration completed successfully
Iteration wallclock: 0:43:25.071971, cputime: 9:19:46.751486


Fri Apr 26 06:33:41 2024
Iteration 428 (800 requested)
Beginning iteration 428
224 segments remain in iteration 428 (224 total)
54 of 111 (48.648649%) active bins are populated
per-bin minimum non-zero probability:       4.68705e-73
per-bin maximum probability:                0.833217
per-bin probability dynamic range (kT):     166.361
per-segment minimum non-zero probability:   1.17176e-73
per-segment maximum non-zero probability:   0.0833249
per-segment probability dynamic range (kT): 165.445
norm = 1, error in norm = 4.44089e-16 (2*epsilon)
MAB binning in use
Bottleneck bin occupancy may not be accurately reported
Waiting for segments to complete...
Iteration completed successfully
Iteration wallclock: 0:43:07.000149, cputime: 9:29:11.959609


Fri Apr 26 07:16:48 2024
Iteration 429 (800 requested)
Beginning iteration 429
220 segments remain in iteration 429 (220 total)
53 of 111 (47.747748%) active bins are populated
per-bin minimum non-zero probability:       1.17176e-73
per-bin maximum probability:                0.833217
per-bin probability dynamic range (kT):     167.748
per-segment minimum non-zero probability:   2.92941e-74
per-segment maximum non-zero probability:   0.0833249
per-segment probability dynamic range (kT): 166.831
norm = 1, error in norm = 4.44089e-16 (2*epsilon)
MAB binning in use
Bottleneck bin occupancy may not be accurately reported
Waiting for segments to complete...
Iteration completed successfully
Iteration wallclock: 0:42:19.973127, cputime: 9:21:04.977503


Fri Apr 26 07:59:08 2024
Iteration 430 (800 requested)
Beginning iteration 430
222 segments remain in iteration 430 (222 total)
52 of 111 (46.846847%) active bins are populated
per-bin minimum non-zero probability:       2.92941e-74
per-bin maximum probability:                0.833224
per-bin probability dynamic range (kT):     169.134
per-segment minimum non-zero probability:   7.32352e-75
per-segment maximum non-zero probability:   0.0833249
per-segment probability dynamic range (kT): 168.218
norm = 1, error in norm = 4.44089e-16 (2*epsilon)
MAB binning in use
Bottleneck bin occupancy may not be accurately reported
Waiting for segments to complete...
Iteration completed successfully
Iteration wallclock: 0:42:47.762640, cputime: 9:21:30.164865


Fri Apr 26 08:41:56 2024
Iteration 431 (800 requested)
Beginning iteration 431
224 segments remain in iteration 431 (224 total)
55 of 111 (49.549550%) active bins are populated
per-bin minimum non-zero probability:       7.32352e-75
per-bin maximum probability:                0.999866
per-bin probability dynamic range (kT):     170.703
per-segment minimum non-zero probability:   1.83088e-75
per-segment maximum non-zero probability:   0.0833249
per-segment probability dynamic range (kT): 169.604
norm = 1, error in norm = 4.44089e-16 (2*epsilon)
MAB binning in use
Bottleneck bin occupancy may not be accurately reported
Waiting for segments to complete...
Iteration completed successfully
Iteration wallclock: 0:42:30.237912, cputime: 9:31:49.580031


Fri Apr 26 09:24:26 2024
Iteration 432 (800 requested)
Beginning iteration 432
199 segments remain in iteration 432 (199 total)
46 of 111 (41.441441%) active bins are populated
per-bin minimum non-zero probability:       1.83088e-75
per-bin maximum probability:                0.916545
per-bin probability dynamic range (kT):     172.002
per-segment minimum non-zero probability:   4.5772e-76
per-segment maximum non-zero probability:   0.0833237
per-segment probability dynamic range (kT): 170.99
norm = 1, error in norm = 4.44089e-16 (2*epsilon)
MAB binning in use
Bottleneck bin occupancy may not be accurately reported
Waiting for segments to complete...
Iteration completed successfully
Iteration wallclock: 0:37:57.699095, cputime: 8:24:56.690933


Fri Apr 26 10:02:24 2024
Iteration 433 (800 requested)
Beginning iteration 433
204 segments remain in iteration 433 (204 total)
47 of 111 (42.342342%) active bins are populated
per-bin minimum non-zero probability:       4.5772e-76
per-bin maximum probability:                0.999866
per-bin probability dynamic range (kT):     173.475
per-segment minimum non-zero probability:   1.1443e-76
per-segment maximum non-zero probability:   0.0833237
per-segment probability dynamic range (kT): 172.377
norm = 1, error in norm = 4.44089e-16 (2*epsilon)
MAB binning in use
Bottleneck bin occupancy may not be accurately reported
Waiting for segments to complete...
Iteration completed successfully
Iteration wallclock: 0:39:18.425025, cputime: 8:32:43.443506


Fri Apr 26 10:41:42 2024
Iteration 434 (800 requested)
Beginning iteration 434
204 segments remain in iteration 434 (204 total)
49 of 111 (44.144144%) active bins are populated
per-bin minimum non-zero probability:       1.1443e-76
per-bin maximum probability:                0.666576
per-bin probability dynamic range (kT):     174.456
per-segment minimum non-zero probability:   2.86075e-77
per-segment maximum non-zero probability:   0.0833237
per-segment probability dynamic range (kT): 173.763
norm = 1, error in norm = 4.44089e-16 (2*epsilon)
MAB binning in use
Bottleneck bin occupancy may not be accurately reported
Waiting for segments to complete...
Iteration completed successfully
Iteration wallclock: 0:38:55.591249, cputime: 8:34:46.731602


Fri Apr 26 11:20:38 2024
Iteration 435 (800 requested)
Beginning iteration 435
211 segments remain in iteration 435 (211 total)
50 of 111 (45.045045%) active bins are populated
per-bin minimum non-zero probability:       2.86075e-77
per-bin maximum probability:                0.999866
per-bin probability dynamic range (kT):     176.248
per-segment minimum non-zero probability:   7.15187e-78
per-segment maximum non-zero probability:   0.0833231
per-segment probability dynamic range (kT): 175.149
norm = 1, error in norm = 4.44089e-16 (2*epsilon)
MAB binning in use
Bottleneck bin occupancy may not be accurately reported
Waiting for segments to complete...
Iteration completed successfully
Iteration wallclock: 0:40:05.262872, cputime: 8:51:51.460025

Iteration 436 would require more than the allotted time. Ending run.
