Updating system with the options from the configuration file
Maximum wallclock time: 2 days, 0:00:00

Fri Oct 21 05:35:04 2022
Iteration 1030 (2000 requested)
Continuing iteration 1030
18 segments remain in iteration 1030 (40 total)
1 of 1 (100.000000%) active bins are populated
per-bin minimum non-zero probability:       1
per-bin maximum probability:                1
per-bin probability dynamic range (kT):     0
per-segment minimum non-zero probability:   7.97844e-73
per-segment maximum non-zero probability:   0.1
per-segment probability dynamic range (kT): 163.709
norm = 1, error in norm = -6.66134e-16 (-3*epsilon)
Waiting for segments to complete...
pcoords [10.4244995  1.7938     9.4405     1.6057     9.345799   1.7650001
  9.8732     1.7341     9.2956     1.8183    10.3943     1.6972
  9.5013     1.8523     9.5493     1.9093     9.0622     1.8109
  9.236199   1.7767     9.6867     1.7495999  9.6468     1.8482001
  9.581699   1.6931     9.7611     1.7764001  9.671599   1.7308
  9.9254     1.9434     9.3121     1.8336     9.54       1.7186
  9.952499   1.7406     1.1106     1.7891     1.286      1.7632
  1.3067     1.7539     1.0785     1.7565     1.2514     1.7641001
  1.4557     1.7262001  1.7794     1.7659     1.4203     1.7634001
  1.3104     1.7305     0.9261     1.7653     1.3562     1.7519
  1.3489001  1.6987     1.4834     1.7326     1.7608     1.8051
  1.5318     1.6609     1.2115     1.8026     1.692      1.7631
  1.4921     1.7228     1.6135     1.6719     1.7386     1.7332001
  4.8517     1.7351   ]
weights [7.97844394e-73 7.97844394e-73 7.97844394e-73 7.97844394e-73
 7.97844394e-73 7.97844394e-73 7.97844394e-73 7.97844394e-73
 7.97844394e-73 7.97844394e-73 7.97844394e-73 7.97844394e-73
 7.97844394e-73 7.97844394e-73 7.97844394e-73 7.97844394e-73
 7.97844394e-73 7.97844394e-73 1.65871879e-68 7.57565862e-04
 7.57565862e-04 7.57565862e-04 7.57565862e-04 7.57565862e-04
 7.57565862e-04 7.57565862e-04 7.57565862e-04 7.57565862e-04
 7.57565862e-04 7.57565862e-04 9.24231539e-02 9.92544617e-02
 9.99917073e-02 9.99986938e-02 9.99990976e-02 9.99998405e-02
 9.99998686e-02 9.99999520e-02 1.00000000e-01 1.00000000e-01]
Initial weight sum:  0.9999999999999993
-- INFO     [wevo] -- distance_matrix
-- INFO     [wevo] -- 
[[0.         1.00181639 1.07908452 ... 8.81184292 8.68611145 5.57310915]
 [1.00181639 0.         0.1853234  ... 7.82728004 7.70295572 4.59062433]
 [1.07908452 0.1853234  0.         ... 7.73285961 7.60726595 4.49419928]
 ...
 [8.81184292 7.82728004 7.73285961 ... 0.         0.13931155 3.23881626]
 [8.68611145 7.70295572 7.60726595 ... 0.13931155 0.         3.11310029]
 [5.57310915 4.59062433 4.49419928 ... 3.23881626 3.11310029 0.        ]]
-- INFO     [wevo] -- Starting variance optimization: 11340923300.841232
-- INFO     [wevo] -- WEVO ran for 27 cycles
-- INFO     [wevo] -- 
To split: 40 total: 26 being split 
 [1, 0, 0, 0, 0, 0, 0, 0, 0, 0, 0, 0, 0, 0, 0, 0, 0, 0, 15, 0, 0, 0, 0, 0, 0, 0, 0, 0, 10, 0, 0, 0, 0, 0, 0, 0, 0, 0, 0, 0]
-- INFO     [wevo] -- 
To merge: 40 total: 26 being merged 
 [[], [], [], [], [], [], [16, 4, 9, 8, 2, 1, 17, 7, 12, 11, 14, 10, 13, 3, 15, 5], [], [], [], [], [], [], [], [], [], [], [], [], [], [], [], [], [], [], [], [], [], [], [], [25, 24, 26, 29, 27, 21, 20, 23, 19, 22], [], [], [], [], [], [], [], [], []]
Final variation value after 27 wevo cycles:  16787762777.214699
Bin attrs post WEVO:  <Bin at 0x14940b070580, label=None, count=40, weight=1>
Total = 40, splitting = 29, merging = 28
Iteration completed successfully
Iteration wallclock: 0:10:37.889408, cputime: 1:01:28.236111


Fri Oct 21 05:45:42 2022
Iteration 1031 (2000 requested)
Beginning iteration 1031
40 segments remain in iteration 1031 (40 total)
1 of 1 (100.000000%) active bins are populated
per-bin minimum non-zero probability:       1
per-bin maximum probability:                1
per-bin probability dynamic range (kT):     0
per-segment minimum non-zero probability:   3.98922e-73
per-segment maximum non-zero probability:   0.1
per-segment probability dynamic range (kT): 164.403
norm = 1, error in norm = -6.66134e-16 (-3*epsilon)
Waiting for segments to complete...
pcoords [10.504   1.7793 10.4552  1.8525  9.9081  1.7478  9.4274  1.8472  9.2458
  1.7985  9.8136  1.8585  9.0576  1.6123  9.0505  1.8421  9.8118  1.7103
  9.4585  1.704   9.0093  1.7073  9.4042  1.7871  9.04    1.9069  9.7865
  1.9017  9.5657  1.7467  9.6654  1.7789  9.217   1.9168  9.5241  1.8647
  9.5714  1.5774  1.4516  1.738   1.2598  1.7878  1.3324  1.7992  1.4401
  1.7345  1.2302  1.83    1.3517  1.7524  1.7068  1.6896  1.6012  1.6965
  1.3208  1.7136  1.2052  1.7082  0.9766  1.6926  1.7373  1.7663  1.6717
  1.7636  1.8075  1.7171  1.278   1.7615  1.6042  1.6837  1.7592  1.8908
  1.6816  1.8116  1.2889  1.7464  2.0795  1.7049  4.9062  1.6906]
weights [3.98922197e-73 3.98922197e-73 1.35633547e-71 1.03669924e-69
 1.03669924e-69 1.03669924e-69 1.03669924e-69 1.03669924e-69
 1.03669924e-69 1.03669924e-69 1.03669924e-69 1.03669924e-69
 1.03669924e-69 1.03669924e-69 1.03669924e-69 1.03669924e-69
 1.03669924e-69 1.03669924e-69 1.03669924e-69 6.88696238e-05
 6.88696238e-05 6.88696238e-05 6.88696238e-05 6.88696238e-05
 6.88696238e-05 6.88696238e-05 6.88696238e-05 6.88696238e-05
 6.88696238e-05 6.88696238e-05 9.92544617e-02 9.99917073e-02
 9.99986938e-02 9.99988126e-02 9.99990976e-02 9.99998405e-02
 9.99998686e-02 9.99999520e-02 1.00000000e-01 1.00000000e-01]
Initial weight sum:  0.9999999999999993
-- INFO     [wevo] -- distance_matrix
-- INFO     [wevo] -- 
[[0.         0.08797517 0.59673154 ... 9.21515751 8.42482853 5.59850264]
 [0.08797517 0.         0.55702835 ... 9.16691399 8.37700081 5.55136156]
 [0.59673154 0.55702835 0.         ... 8.61919975 7.82871723 5.00222731]
 ...
 [9.21515751 9.16691399 8.61919975 ... 0.         0.79168844 3.61773038]
 [8.42482853 8.37700081 7.82871723 ... 0.79168844 0.         2.82673621]
 [5.59850264 5.55136156 5.00222731 ... 3.61773038 2.82673621 0.        ]]
-- INFO     [wevo] -- Starting variance optimization: 12031352143.358887
-- INFO     [wevo] -- WEVO ran for 25 cycles
-- INFO     [wevo] -- 
To split: 40 total: 24 being split 
 [9, 4, 0, 0, 0, 0, 0, 0, 0, 0, 0, 0, 0, 0, 0, 0, 0, 0, 0, 0, 0, 0, 0, 0, 0, 0, 0, 0, 0, 11, 0, 0, 0, 0, 0, 0, 0, 0, 0, 0]
-- INFO     [wevo] -- 
To merge: 40 total: 24 being merged 
 [[], [], [], [], [], [], [], [], [], [], [], [], [], [], [], [], [], [11, 6, 7, 10, 12, 16, 4, 3, 9, 18, 14, 2, 15, 13], [], [], [], [], [], [], [], [], [], [], [], [], [25, 26, 19, 22, 24, 21, 27, 20, 23, 28], [], [], [], [], [], [], [], [], []]
Final variation value after 25 wevo cycles:  15437745087.435003
Bin attrs post WEVO:  <Bin at 0x14940b070f20, label=None, count=40, weight=1>
Total = 40, splitting = 27, merging = 26
Iteration completed successfully
Iteration wallclock: 0:18:09.870516, cputime: 1:01:42.928258


Fri Oct 21 06:03:52 2022
Iteration 1032 (2000 requested)
Beginning iteration 1032
40 segments remain in iteration 1032 (40 total)
1 of 1 (100.000000%) active bins are populated
per-bin minimum non-zero probability:       1
per-bin maximum probability:                1
per-bin probability dynamic range (kT):     0
per-segment minimum non-zero probability:   3.98922e-74
per-segment maximum non-zero probability:   0.1
per-segment probability dynamic range (kT): 166.705
norm = 1, error in norm = -6.66134e-16 (-3*epsilon)
Waiting for segments to complete...
pcoords [10.9056  1.712  10.5389  1.7876 10.3056  1.6539 10.8013  1.6543 10.5892
  1.638  10.6938  1.7189 10.5267  1.6121 10.2242  1.6657 10.4027  1.6459
  9.3901  1.8001 10.252   1.7391 10.4262  1.8133  9.5839  1.7789  9.6161
  1.6991 10.8639  1.6727  9.0722  1.7704  9.2163  1.6338  8.8617  1.7965
  1.1221  1.7336  1.288   1.7617  1.2025  1.7064  1.5281  1.6185  1.1017
  1.7551  1.1961  1.7395  1.4495  1.701   1.4461  1.7834  1.2427  1.7697
  1.5339  1.735   1.1521  1.7173  1.2607  1.8262  1.4922  1.8217  1.4812
  1.7453  1.7009  1.6346  1.366   1.7197  1.7106  1.6782  1.6835  1.7187
  1.7515  1.755   1.5179  1.7014  2.3693  1.6644  4.9085  1.7   ]
weights [3.98922197e-74 3.98922197e-74 3.98922197e-74 3.98922197e-74
 3.98922197e-74 3.98922197e-74 3.98922197e-74 3.98922197e-74
 3.98922197e-74 3.98922197e-74 7.97844394e-74 7.97844394e-74
 7.97844394e-74 7.97844394e-74 7.97844394e-74 1.03669924e-69
 1.03669924e-69 1.45273528e-68 5.73913532e-06 5.73913532e-06
 5.73913532e-06 5.73913532e-06 5.73913532e-06 5.73913532e-06
 5.73913532e-06 5.73913532e-06 5.73913532e-06 5.73913532e-06
 5.73913532e-06 5.73913532e-06 9.99431579e-02 9.99917073e-02
 9.99986938e-02 9.99988126e-02 9.99990976e-02 9.99998405e-02
 9.99998686e-02 9.99999520e-02 1.00000000e-01 1.00000000e-01]
Initial weight sum:  0.9999999999999993
-- INFO     [wevo] -- distance_matrix
-- INFO     [wevo] -- 
[[0.         0.37441111 0.60280585 ... 9.3877058  8.53643227 5.9971118 ]
 [0.37441111 0.         0.2688953  ... 9.0214119  8.17052937 5.63108158]
 [0.60280585 0.2688953  0.         ... 8.7878294  7.93630743 5.39729691]
 ...
 [9.3877058  9.0214119  8.7878294  ... 0.         0.85220349 3.39060044]
 [8.53643227 8.17052937 7.93630743 ... 0.85220349 0.         2.53944993]
 [5.9971118  5.63108158 5.39729691 ... 3.39060044 2.53944993 0.        ]]
-- INFO     [wevo] -- Starting variance optimization: 12922263367.829243
-- INFO     [wevo] -- WEVO ran for 23 cycles
-- INFO     [wevo] -- 
To split: 40 total: 22 being split 
 [6, 0, 0, 1, 0, 0, 0, 0, 0, 0, 0, 0, 0, 0, 7, 0, 0, 0, 1, 0, 0, 0, 7, 0, 0, 0, 0, 0, 0, 0, 0, 0, 0, 0, 0, 0, 0, 0, 0, 0]
-- INFO     [wevo] -- 
To merge: 40 total: 22 being merged 
 [[], [], [], [], [], [], [], [], [], [], [], [], [], [], [], [], [], [9, 12, 15, 13, 16, 7, 10, 2, 8, 11, 6, 1, 4], [], [], [], [], [], [], [], [], [], [], [], [], [27, 21, 24, 25, 19, 29, 26, 20, 23], [], [], [], [], [], [], [], [], []]
Final variation value after 23 wevo cycles:  16119774636.514685
Bin attrs post WEVO:  <Bin at 0x14940aa22580, label=None, count=40, weight=1>
Total = 40, splitting = 27, merging = 24
Iteration completed successfully
Iteration wallclock: 0:18:12.770406, cputime: 1:01:45.288190


Fri Oct 21 06:22:04 2022
Iteration 1033 (2000 requested)
Beginning iteration 1033
40 segments remain in iteration 1033 (40 total)
1 of 1 (100.000000%) active bins are populated
per-bin minimum non-zero probability:       1
per-bin maximum probability:                1
per-bin probability dynamic range (kT):     0
per-segment minimum non-zero probability:   5.69889e-75
per-segment maximum non-zero probability:   0.1
per-segment probability dynamic range (kT): 168.651
norm = 1, error in norm = -5.55112e-16 (-2.5*epsilon)
Waiting for segments to complete...
pcoords [10.018   1.6113 10.1918  1.7089 10.4512  1.797  10.4602  1.783  10.144
  1.7301 10.67    1.7021 10.4831  1.7225 10.0362  1.8092 10.0265  1.8328
 10.0238  1.7499 10.086   1.7442 10.4944  1.6884 10.538   1.6845 10.8685
  1.7658  9.6438  1.7468 10.5855  1.8128 10.4511  1.72   10.1606  1.8494
  8.6648  1.8546  1.4644  1.7145  1.5928  1.6937  1.1965  1.6961  1.1457
  1.6916  1.4093  1.7728  1.3005  1.7255  1.3399  1.7632  0.5789  1.7736
  1.6352  1.6719  1.3123  1.7689  1.2328  1.7136  1.6954  1.7264  1.3919
  1.7565  1.6819  1.7681  1.1325  1.7546  1.6955  1.7413  1.7847  1.7201
  1.7571  1.7543  1.2965  1.6811  1.9281  1.7146  4.954   1.6683]
weights [5.69888853e-75 5.69888853e-75 5.69888853e-75 5.69888853e-75
 5.69888853e-75 5.69888853e-75 5.69888853e-75 9.97305493e-75
 9.97305493e-75 9.97305493e-75 9.97305493e-75 9.97305493e-75
 9.97305493e-75 9.97305493e-75 9.97305493e-75 1.99461099e-74
 1.99461099e-74 3.98922197e-74 1.66013496e-68 7.17391915e-07
 7.17391915e-07 7.17391915e-07 7.17391915e-07 7.17391915e-07
 7.17391915e-07 7.17391915e-07 7.17391915e-07 2.86956766e-06
 2.86956766e-06 5.73913532e-06 9.99917073e-02 9.99948102e-02
 9.99986938e-02 9.99988126e-02 9.99990976e-02 9.99998405e-02
 9.99998686e-02 9.99999520e-02 1.00000000e-01 1.00000000e-01]
Initial weight sum:  0.9999999999999994
-- INFO     [wevo] -- distance_matrix
-- INFO     [wevo] -- 
[[0.         0.19932978 0.47132435 ... 8.72177887 8.09055996 5.06432056]
 [0.19932978 0.         0.27395195 ... 8.89534283 8.26370239 5.23795748]
 [0.47132435 0.27395195 0.         ... 9.1554327  8.52349854 5.49870586]
 ...
 [8.72177887 8.89534283 9.1554327  ... 0.         0.63248783 3.65752244]
 [8.09055996 8.26370239 8.52349854 ... 0.63248783 0.         3.02625394]
 [5.06432056 5.23795748 5.49870586 ... 3.65752244 3.02625394 0.        ]]
-- INFO     [wevo] -- Starting variance optimization: 12401427182.50605
-- INFO     [wevo] -- WEVO ran for 24 cycles
-- INFO     [wevo] -- 
To split: 40 total: 23 being split 
 [0, 0, 0, 0, 0, 0, 0, 0, 0, 0, 0, 0, 0, 12, 0, 1, 0, 0, 0, 0, 0, 0, 0, 0, 0, 0, 10, 0, 0, 0, 0, 0, 0, 0, 0, 0, 0, 0, 0, 0]
-- INFO     [wevo] -- 
To merge: 40 total: 23 being merged 
 [[], [], [], [], [], [], [], [], [], [], [], [], [], [], [], [], [], [], [14, 0, 9, 8, 7, 10, 4, 1, 17, 2, 3, 6, 11, 16], [], [], [], [], [], [], [], [], [], [], [21, 22], [27, 19, 23, 25, 24], [28], [], [], [20], [], [], [], [], []]
Final variation value after 24 wevo cycles:  16587963738.269691
Bin attrs post WEVO:  <Bin at 0x14940b0f9f20, label=None, count=40, weight=1>
Total = 40, splitting = 26, merging = 28
Iteration completed successfully
Iteration wallclock: 0:18:10.061167, cputime: 1:01:45.994380


Fri Oct 21 06:40:14 2022
Iteration 1034 (2000 requested)
Beginning iteration 1034
40 segments remain in iteration 1034 (40 total)
1 of 1 (100.000000%) active bins are populated
per-bin minimum non-zero probability:       1
per-bin maximum probability:                1
per-bin probability dynamic range (kT):     0
per-segment minimum non-zero probability:   7.67158e-76
per-segment maximum non-zero probability:   0.1
per-segment probability dynamic range (kT): 170.656
norm = 1, error in norm = -6.66134e-16 (-3*epsilon)
Waiting for segments to complete...
pcoords [10.3573  1.8816 10.5883  1.7484 10.9818  1.7522 11.1089  1.7517 10.1105
  1.8032 10.5432  1.7984 10.433   1.78   10.4726  1.7594 10.4832  1.7268
 10.7564  1.7647 10.0618  1.6922 10.2287  1.8781 10.4135  1.9039 10.6098
  1.7705 10.4764  1.825  10.735   1.7532 10.4653  1.8477  9.1513  1.8539
  1.0617  1.7048  1.2474  1.6632  1.1979  1.7134  1.3634  1.8045  1.3733
  1.7811  1.2605  1.6748  1.5498  1.7475  1.3772  1.8442  1.5713  1.7209
  1.4396  1.6963  0.8731  1.7112  1.4106  1.6299  1.9745  1.6968  1.1733
  1.8336  1.5989  1.8208  0.9441  1.7632  1.4172  1.8205  1.9882  1.7986
  1.3685  1.7734  1.4648  1.7659  2.0984  1.7356  4.8352  1.7394]
weights [7.67158071e-76 7.67158071e-76 7.67158071e-76 7.67158071e-76
 7.67158071e-76 7.67158071e-76 7.67158071e-76 7.67158071e-76
 7.67158071e-76 7.67158071e-76 7.67158071e-76 7.67158071e-76
 7.67158071e-76 5.69888853e-75 9.97305493e-75 9.97305493e-75
 9.97305493e-75 1.66015035e-68 6.52174468e-08 6.52174468e-08
 6.52174468e-08 6.52174468e-08 6.52174468e-08 6.52174468e-08
 6.52174468e-08 6.52174468e-08 6.52174468e-08 6.52174468e-08
 6.52174468e-08 7.17391915e-06 9.99974465e-02 9.99976797e-02
 9.99986938e-02 9.99988126e-02 9.99998150e-02 9.99998405e-02
 9.99998686e-02 9.99999520e-02 1.00000000e-01 1.00000000e-01]
Initial weight sum:  0.9999999999999993
-- INFO     [wevo] -- distance_matrix
-- INFO     [wevo] -- 
[[0.         0.2666519  0.63776559 ... 8.89325237 8.26019001 5.52393055]
 [0.2666519  0.         0.39351869 ... 9.12351704 8.48990917 5.75310707]
 [0.63776559 0.39351869 0.         ... 9.51701069 8.88341522 6.1466136 ]
 ...
 [8.89325237 9.12351704 9.51701069 ... 0.         0.63432419 3.37050414]
 [8.26019001 8.48990917 8.88341522 ... 0.63432419 0.         2.73680234]
 [5.52393055 5.75310707 6.1466136  ... 3.37050414 2.73680234 0.        ]]
-- INFO     [wevo] -- Starting variance optimization: 12723880701.148962
-- INFO     [wevo] -- WEVO ran for 25 cycles
-- INFO     [wevo] -- 
To split: 40 total: 24 being split 
 [0, 0, 2, 9, 0, 0, 0, 0, 0, 0, 0, 0, 0, 0, 0, 2, 0, 0, 0, 0, 0, 0, 0, 0, 0, 0, 0, 0, 0, 0, 0, 0, 0, 11, 0, 0, 0, 0, 0, 0]
-- INFO     [wevo] -- 
To merge: 40 total: 24 being merged 
 [[], [], [], [], [], [], [], [], [], [], [], [], [], [], [], [], [], [10, 4, 11, 0, 12, 6, 7, 8, 5, 1, 16, 14, 9], [], [], [], [], [], [], [], [], [], [], [], [23, 19, 20, 18, 28], [27, 25, 22, 21], [], [], [], [], [26, 24], [], [], [], []]
Final variation value after 25 wevo cycles:  16042877140.39981
Bin attrs post WEVO:  <Bin at 0x14940aa4d3c0, label=None, count=40, weight=1>
Total = 40, splitting = 28, merging = 28
Iteration completed successfully
Iteration wallclock: 0:18:08.521625, cputime: 1:01:41.089958


Fri Oct 21 06:58:23 2022
Iteration 1035 (2000 requested)
Beginning iteration 1035
40 segments remain in iteration 1035 (40 total)
1 of 1 (100.000000%) active bins are populated
per-bin minimum non-zero probability:       1
per-bin maximum probability:                1
per-bin probability dynamic range (kT):     0
per-segment minimum non-zero probability:   7.67158e-77
per-segment maximum non-zero probability:   0.1
per-segment probability dynamic range (kT): 172.959
norm = 1, error in norm = -5.55112e-16 (-2.5*epsilon)
Waiting for segments to complete...
pcoords [ 9.8988  1.6782 10.6664  1.7352 10.0252  1.7184 10.6089  1.692  10.8206
  1.7419 10.504   1.7556  9.4714  1.7035 10.8051  1.8494  9.9534  1.9333
  9.9592  1.7076 10.7115  1.6826 10.5856  1.7173 10.444   1.7341 11.4051
  1.8272 10.3255  1.7792 10.6579  1.7107 10.8966  1.6369  8.7197  1.7354
  1.1858  1.7472  1.4843  1.6809  1.3538  1.7525  1.507   1.666   1.3744
  1.7296  1.5977  1.7066  1.7369  1.7181  1.6048  1.7198  1.5958  1.7413
  1.4477  1.7359  1.2646  1.8127  1.2818  1.8487  1.3976  1.77    1.3751
  1.7311  1.4768  1.8356  1.7158  1.6855  1.4446  1.7202  1.3884  1.78
  1.552   1.7523  1.8228  1.691   2.1318  1.7694  5.0891  1.7077]
weights [7.67158071e-77 7.67158071e-77 7.67158071e-77 7.67158071e-77
 7.67158071e-77 7.67158071e-77 7.67158071e-77 7.67158071e-77
 7.67158071e-77 7.67158071e-77 2.55719357e-76 2.55719357e-76
 2.55719357e-76 3.32435164e-75 3.32435164e-75 3.32435164e-75
 5.69888853e-75 1.66015319e-68 7.50000638e-06 8.33323438e-03
 8.33323438e-03 8.33323438e-03 8.33323438e-03 8.33323438e-03
 8.33323438e-03 8.33323438e-03 8.33323438e-03 8.33323438e-03
 8.33323438e-03 8.33323438e-03 8.33323438e-03 9.99976797e-02
 9.99977073e-02 9.99986938e-02 9.99998150e-02 9.99998686e-02
 9.99999520e-02 9.99999709e-02 1.00000000e-01 1.00000000e-01]
Initial weight sum:  0.9999999999999994
-- INFO     [wevo] -- distance_matrix
-- INFO     [wevo] -- 
[[0.         0.76971346 0.1326386  ... 8.07600975 7.76753569 4.80979061]
 [0.76971346 0.         0.64142013 ... 8.8437109  8.53466892 5.57736778]
 [0.1326386  0.64142013 0.         ... 8.20244598 7.89356518 4.93611145]
 ...
 [8.07600975 8.8437109  8.20244598 ... 0.         0.31879067 3.2663424 ]
 [7.76753569 8.53466892 7.89356518 ... 0.31879067 0.         2.95794344]
 [4.80979061 5.57736778 4.93611145 ... 3.2663424  2.95794344 0.        ]]
-- INFO     [wevo] -- Starting variance optimization: 11515970826.905256
-- INFO     [wevo] -- WEVO ran for 26 cycles
-- INFO     [wevo] -- 
To split: 40 total: 25 being split 
 [0, 0, 0, 0, 0, 0, 0, 0, 0, 0, 0, 0, 0, 18, 0, 0, 0, 0, 1, 0, 0, 0, 0, 0, 0, 0, 0, 0, 5, 1, 0, 0, 0, 0, 0, 0, 0, 0, 0, 0]
-- INFO     [wevo] -- 
To merge: 40 total: 25 being merged 
 [[], [], [], [], [], [], [], [], [], [], [], [], [], [], [], [], [], [6, 0, 8, 9, 2, 5, 12, 3, 1, 14, 11, 7, 4, 10, 15, 16], [], [], [], [], [25, 24, 23, 26, 21, 19, 27, 30, 20], [], [], [], [], [], [], [], [], [], [], [], [], [], [], [], [], []]
Final variation value after 26 wevo cycles:  17148808107.264893
Bin attrs post WEVO:  <Bin at 0x14940b08a740, label=None, count=40, weight=1>
Total = 40, splitting = 29, merging = 27
Iteration completed successfully
Iteration wallclock: 0:18:16.663815, cputime: 1:01:38.756694


Fri Oct 21 07:16:40 2022
Iteration 1036 (2000 requested)
Beginning iteration 1036
40 segments remain in iteration 1036 (40 total)
1 of 1 (100.000000%) active bins are populated
per-bin minimum non-zero probability:       1
per-bin maximum probability:                1
per-bin probability dynamic range (kT):     0
per-segment minimum non-zero probability:   1.74966e-76
per-segment maximum non-zero probability:   0.1
per-segment probability dynamic range (kT): 172.134
norm = 1, error in norm = -5.55112e-16 (-2.5*epsilon)
Waiting for segments to complete...
pcoords [10.6656  1.7756 10.702   1.6721 10.9207  1.6586 10.7446  1.8605 11.0851
  1.8672 10.3961  1.7084 10.4935  1.7267 10.7787  1.7961 10.5317  1.7992
 10.2747  1.6929 10.7555  1.8114 10.5323  1.8977 10.5103  1.7413 10.8138
  1.7774 11.1184  1.8053 11.2231  1.767  10.9533  1.8726 11.3801  1.8488
 11.0158  1.793   8.7079  1.704   1.0318  1.7732  1.5223  1.8086  1.6451
  1.7084  1.423   1.8165  1.5893  1.8136  1.4641  1.7575  1.1853  1.6987
  1.2121  1.8202  1.4916  1.7151  1.2545  1.6228  1.2859  1.6903  1.3615
  1.6641  1.6336  1.8599  2.044   1.625   1.3537  1.7005  1.4143  1.6888
  1.9217  1.7133  1.6652  1.7903  2.248   1.5938  4.5544  1.8114]
weights [1.74965876e-76 1.74965876e-76 1.74965876e-76 1.74965876e-76
 1.74965876e-76 1.74965876e-76 1.74965876e-76 1.74965876e-76
 1.74965876e-76 1.74965876e-76 1.74965876e-76 1.74965876e-76
 1.74965876e-76 1.74965876e-76 1.74965876e-76 1.74965876e-76
 1.74965876e-76 1.74965876e-76 1.74965876e-76 1.66015458e-68
 3.75000319e-06 3.75000319e-06 1.38887240e-03 1.38887240e-03
 1.38887240e-03 1.38887240e-03 1.38887240e-03 1.38887240e-03
 4.16661719e-03 4.16661719e-03 8.33323438e-02 9.99976797e-02
 9.99977073e-02 9.99986938e-02 9.99998150e-02 9.99998686e-02
 9.99999520e-02 9.99999709e-02 1.00000000e-01 1.00000000e-01]
Initial weight sum:  0.9999999999999994
-- INFO     [wevo] -- distance_matrix
-- INFO     [wevo] -- 
[[0.         0.10971418 0.28065127 ... 9.00041199 8.41956329 6.11130476]
 [0.10971418 0.         0.21911667 ... 9.03757191 8.45436192 6.14917755]
 [0.28065127 0.21911667 0.         ... 9.25643635 8.67294121 6.36813354]
 ...
 [9.00041199 9.03757191 9.25643635 ... 0.         0.61503494 2.88927698]
 [8.41956329 8.45436192 8.67294121 ... 0.61503494 0.         2.31664228]
 [6.11130476 6.14917755 6.36813354 ... 2.88927698 2.31664228 0.        ]]
-- INFO     [wevo] -- Starting variance optimization: 12890306890.636076
-- INFO     [wevo] -- WEVO ran for 21 cycles
-- INFO     [wevo] -- 
To split: 40 total: 20 being split 
 [0, 0, 0, 0, 0, 0, 0, 0, 0, 0, 0, 0, 0, 0, 1, 2, 0, 10, 0, 0, 7, 0, 0, 0, 0, 0, 0, 0, 0, 0, 0, 0, 0, 0, 0, 0, 0, 0, 0, 0]
-- INFO     [wevo] -- 
To merge: 40 total: 20 being merged 
 [[], [], [], [], [], [], [], [], [], [], [], [], [], [], [], [], [], [], [], [9, 5, 6, 12, 8, 11, 0, 1, 3, 10, 7, 13, 2, 16], [], [], [], [], [], [], [], [], [], [], [22, 21, 24, 25, 28, 23], [], [], [], [], [], [], [], [], []]
Final variation value after 21 wevo cycles:  15429508300.572464
Bin attrs post WEVO:  <Bin at 0x14940b08e740, label=None, count=40, weight=1>
Total = 40, splitting = 24, merging = 22
Iteration completed successfully
Iteration wallclock: 0:18:15.944792, cputime: 1:01:46.137837


Fri Oct 21 07:34:56 2022
Iteration 1037 (2000 requested)
Beginning iteration 1037
40 segments remain in iteration 1037 (40 total)
1 of 1 (100.000000%) active bins are populated
per-bin minimum non-zero probability:       1
per-bin maximum probability:                1
per-bin probability dynamic range (kT):     0
per-segment minimum non-zero probability:   1.5906e-77
per-segment maximum non-zero probability:   0.1
per-segment probability dynamic range (kT): 174.532
norm = 1, error in norm = -6.66134e-16 (-3*epsilon)
Waiting for segments to complete...
pcoords [10.6069  1.7417 10.62    1.8426 10.7723  1.6974 10.8114  1.8434 10.6872
  1.6676 11.0084  1.793  10.7123  1.6853 10.1959  1.8034 10.5769  1.66
 10.8055  1.5674 10.4448  1.7707 10.6428  1.7809 10.4301  1.6962 10.6144
  1.7683 10.6024  1.6927 11.0484  1.6559 10.8026  1.7427 11.1215  1.6935
  8.1623  1.7443  1.4257  1.8505  1.2066  1.6937  1.244   1.6907  1.3356
  1.7616  1.2461  1.7073  0.9305  1.7675  1.6139  1.8487  1.2501  1.5869
  1.5876  1.797   1.0271  1.7705  1.4361  1.6466  1.7582  1.7671  1.1995
  1.7317  1.2302  1.7762  1.7414  1.7677  1.7549  1.6982  1.1162  1.8436
  1.6566  1.6542  1.5237  1.6599  2.083   1.695   4.6291  1.775 ]
weights [1.59059887e-77 1.59059887e-77 1.59059887e-77 1.59059887e-77
 1.59059887e-77 1.59059887e-77 1.59059887e-77 1.59059887e-77
 1.59059887e-77 1.59059887e-77 1.59059887e-77 5.83219586e-77
 5.83219586e-77 5.83219586e-77 8.74829380e-77 8.74829380e-77
 1.74965876e-76 1.74965876e-76 1.66015482e-68 4.68750399e-07
 4.68750399e-07 4.68750399e-07 4.68750399e-07 4.68750399e-07
 4.68750399e-07 4.68750399e-07 4.68750399e-07 1.38887240e-03
 1.38887240e-03 4.16661719e-03 9.30582006e-02 9.99976797e-02
 9.99977073e-02 9.99986938e-02 9.99998150e-02 9.99998686e-02
 9.99999520e-02 9.99999709e-02 1.00000000e-01 1.00000000e-01]
Initial weight sum:  0.9999999999999994
-- INFO     [wevo] -- distance_matrix
-- INFO     [wevo] -- 
[[0.         0.10174674 0.17122941 ... 9.08356857 8.52402782 5.97789335]
 [0.10174674 0.         0.2104241  ... 9.09813499 8.53827572 5.99128151]
 [0.17122941 0.2104241  0.         ... 9.2486763  8.68930054 6.14369011]
 ...
 [9.08356857 9.09813499 9.2486763  ... 0.         0.56040025 3.10753226]
 [8.52402782 8.53827572 8.68930054 ... 0.56040025 0.         2.54735637]
 [5.97789335 5.99128151 6.14369011 ... 3.10753226 2.54735637 0.        ]]
-- INFO     [wevo] -- Starting variance optimization: 11707572268.52474
-- INFO     [wevo] -- WEVO ran for 25 cycles
-- INFO     [wevo] -- 
To split: 40 total: 24 being split 
 [0, 0, 0, 0, 0, 0, 0, 0, 0, 0, 0, 0, 0, 0, 0, 3, 0, 12, 0, 0, 0, 0, 0, 0, 3, 0, 0, 0, 6, 0, 0, 0, 0, 0, 0, 0, 0, 0, 0, 0]
-- INFO     [wevo] -- 
To merge: 40 total: 24 being merged 
 [[], [], [], [], [], [], [], [], [], [], [], [], [], [], [], [], [5], [], [7, 10, 12, 8, 0, 1, 13, 11, 2, 9, 14, 4, 6, 3], [], [], [], [], [], [], [], [], [], [], [], [25, 27, 19, 22, 29, 26, 23, 21, 20], [], [], [], [], [], [], [], [], []]
Final variation value after 25 wevo cycles:  14359802023.956514
Bin attrs post WEVO:  <Bin at 0x14940aa1e3c0, label=None, count=40, weight=1>
Total = 40, splitting = 28, merging = 27
Iteration completed successfully
Iteration wallclock: 0:18:13.437703, cputime: 1:01:41.213113


Fri Oct 21 07:53:09 2022
Iteration 1038 (2000 requested)
Beginning iteration 1038
40 segments remain in iteration 1038 (40 total)
1 of 1 (100.000000%) active bins are populated
per-bin minimum non-zero probability:       1
per-bin maximum probability:                1
per-bin probability dynamic range (kT):     0
per-segment minimum non-zero probability:   1.34589e-77
per-segment maximum non-zero probability:   0.1
per-segment probability dynamic range (kT): 174.699
norm = 1, error in norm = -5.55112e-16 (-2.5*epsilon)
Waiting for segments to complete...
pcoords [10.7819  1.7813 10.7566  1.7181 10.6901  1.6411 10.9977  1.812  11.0039
  1.7732 10.9123  1.7078 11.1143  1.6853 10.6174  1.7412 11.2029  1.8352
 10.5768  1.7211 10.7097  1.8748 10.4406  1.7068 11.2708  1.7641 10.9236
  1.7252 10.7627  1.7023 11.365   1.8572 10.5677  1.7801 10.5752  1.8221
  9.3058  1.7861  1.1671  1.7152  1.0652  1.7384  1.2883  1.652   1.1935
  1.7164  1.2992  1.6647  1.4486  1.6961  1.4218  1.7785  1.2608  1.7046
  1.3296  1.6362  1.0309  1.7014  1.3244  1.6765  1.4285  1.7337  1.3959
  1.7963  1.6139  1.718   1.9521  1.7482  1.5627  1.6738  1.6492  1.7502
  1.6042  1.7325  1.8973  1.7473  2.4484  1.7147  4.7055  1.8038]
weights [1.34589135e-77 1.34589135e-77 1.34589135e-77 1.34589135e-77
 1.34589135e-77 1.34589135e-77 1.34589135e-77 1.34589135e-77
 1.34589135e-77 1.34589135e-77 1.34589135e-77 1.34589135e-77
 1.34589135e-77 2.18707345e-77 2.18707345e-77 2.18707345e-77
 2.18707345e-77 1.90871865e-76 1.66015486e-68 1.17187600e-07
 1.17187600e-07 1.17187600e-07 1.17187600e-07 1.98410342e-04
 1.98410342e-04 1.98410342e-04 1.98410342e-04 1.98410342e-04
 1.98410342e-04 1.98410342e-04 9.86169714e-02 9.99976797e-02
 9.99977073e-02 9.99986938e-02 9.99998150e-02 9.99998686e-02
 9.99999520e-02 9.99999709e-02 1.00000000e-01 1.00000000e-01]
Initial weight sum:  0.9999999999999993
-- INFO     [wevo] -- distance_matrix
-- INFO     [wevo] -- 
[[0.         0.06807592 0.16758096 ... 8.88466549 8.33376598 6.07644224]
 [0.06807592 0.         0.10174145 ... 8.8593483  8.30820179 6.05170679]
 [0.16758096 0.10174145 0.         ... 8.79344082 8.24202824 5.98681068]
 ...
 [8.88466549 8.8593483  8.79344082 ... 0.         0.55206341 2.80876851]
 [8.33376598 8.30820179 8.24202824 ... 0.55206341 0.         2.2588582 ]
 [6.07644224 6.05170679 5.98681068 ... 2.80876851 2.2588582  0.        ]]
-- INFO     [wevo] -- Starting variance optimization: 12214666109.814734
-- INFO     [wevo] -- WEVO ran for 24 cycles
-- INFO     [wevo] -- 
To split: 40 total: 23 being split 
 [0, 0, 0, 0, 0, 0, 0, 0, 1, 0, 0, 0, 2, 0, 0, 10, 0, 0, 0, 0, 0, 0, 0, 0, 0, 0, 0, 0, 10, 0, 0, 0, 0, 0, 0, 0, 0, 0, 0, 0]
-- INFO     [wevo] -- 
To merge: 40 total: 23 being merged 
 [[], [], [], [], [], [], [], [], [], [], [], [], [], [], [], [], [], [], [11, 9, 7, 16, 2, 10, 1, 0, 14, 17, 5, 13, 3, 4], [], [], [], [], [], [], [], [], [], [], [], [24, 25, 27, 29, 23, 26], [], [], [21, 22, 19], [], [], [], [], [], []]
Final variation value after 24 wevo cycles:  14185012452.671638
Bin attrs post WEVO:  <Bin at 0x14940aa1f3c0, label=None, count=40, weight=1>
Total = 40, splitting = 27, merging = 26
Iteration completed successfully
Iteration wallclock: 0:18:04.062127, cputime: 1:01:45.807704


Fri Oct 21 08:11:13 2022
Iteration 1039 (2000 requested)
Beginning iteration 1039
40 segments remain in iteration 1039 (40 total)
1 of 1 (100.000000%) active bins are populated
per-bin minimum non-zero probability:       1
per-bin maximum probability:                1
per-bin probability dynamic range (kT):     0
per-segment minimum non-zero probability:   1.98825e-78
per-segment maximum non-zero probability:   0.1
per-segment probability dynamic range (kT): 176.612
norm = 1, error in norm = -6.66134e-16 (-3*epsilon)
Waiting for segments to complete...
pcoords [10.4608  1.7481 10.5799  1.7538 10.6874  1.718  10.7046  1.8852 10.9281
  1.7488 11.1729  1.7735 11.1498  1.7259 10.7012  1.6964 11.1905  1.8096
 10.3162  1.7805 11.116   1.7627 10.8414  1.8567 11.1817  1.6721 10.8707
  1.6653 10.8385  1.9102 10.6635  1.768  10.8796  1.7415  9.4957  1.72
  1.0911  1.7519  1.5188  1.6614  1.3889  1.7575  1.142   1.7203  1.2641
  1.7783  1.3944  1.7649  1.7909  1.6654  1.3885  1.6306  1.342   1.747
  1.2021  1.8226  1.2764  1.7845  1.1563  1.754   1.5356  1.7219  1.4178
  1.7399  1.7921  1.8064  1.8947  1.7511  1.4358  1.7762  1.3911  1.8076
  1.3364  1.6809  1.9206  1.712   2.2122  1.6997  4.5922  1.8116]
weights [1.98824859e-78 1.98824859e-78 1.98824859e-78 1.98824859e-78
 1.98824859e-78 1.98824859e-78 1.98824859e-78 1.98824859e-78
 1.98824859e-78 1.98824859e-78 1.98824859e-78 4.48630451e-78
 4.48630451e-78 4.48630451e-78 6.72945677e-78 6.72945677e-78
 1.34589135e-77 1.66015490e-68 1.17187600e-07 1.80373039e-05
 1.80373039e-05 1.80373039e-05 1.80373039e-05 1.80373039e-05
 1.80373039e-05 1.80373039e-05 1.80373039e-05 1.80373039e-05
 1.80373039e-05 1.80373039e-05 9.98074335e-02 9.99976797e-02
 9.99977073e-02 9.99990454e-02 9.99998150e-02 9.99998686e-02
 9.99999520e-02 9.99999709e-02 1.00000000e-01 1.00000000e-01]
Initial weight sum:  0.9999999999999994
-- INFO     [wevo] -- distance_matrix
-- INFO     [wevo] -- 
[[0.         0.11923594 0.22859009 ... 8.54027653 8.2487421  5.86894417]
 [0.11923594 0.         0.11330448 ... 8.65940094 8.36787415 5.98797894]
 [0.22859009 0.11330448 0.         ... 8.76680183 8.47521973 6.09591866]
 ...
 [8.54027653 8.65940094 8.76680183 ... 0.         0.29185918 2.67345572]
 [8.2487421  8.36787415 8.47521973 ... 0.29185918 0.         2.38262916]
 [5.86894417 5.98797894 6.09591866 ... 2.67345572 2.38262916 0.        ]]
-- INFO     [wevo] -- Starting variance optimization: 11195495990.516005
-- INFO     [wevo] -- WEVO ran for 21 cycles
-- INFO     [wevo] -- 
To split: 40 total: 20 being split 
 [0, 0, 0, 0, 0, 1, 1, 0, 1, 0, 0, 0, 3, 0, 0, 0, 0, 6, 2, 0, 0, 5, 0, 0, 0, 0, 0, 0, 0, 1, 0, 0, 0, 0, 0, 0, 0, 0, 0, 0]
-- INFO     [wevo] -- 
To merge: 40 total: 20 being merged 
 [[], [], [], [], [], [], [], [], [], [], [], [], [], [], [], [], [15, 3, 7, 2, 1, 9, 0, 4, 11, 13, 14], [], [], [], [], [], [], [], [], [], [], [], [], [], [24, 19, 23, 20, 25, 26, 28, 22, 27], [], [], [], [], [], [], [], [], []]
Final variation value after 21 wevo cycles:  12696455674.855814
Bin attrs post WEVO:  <Bin at 0x14940aa4dc80, label=None, count=40, weight=1>
Total = 40, splitting = 28, merging = 22
Iteration completed successfully
Iteration wallclock: 0:18:09.034705, cputime: 1:01:42.151390


Fri Oct 21 08:29:22 2022
Iteration 1040 (2000 requested)
Beginning iteration 1040
40 segments remain in iteration 1040 (40 total)
1 of 1 (100.000000%) active bins are populated
per-bin minimum non-zero probability:       1
per-bin maximum probability:                1
per-bin probability dynamic range (kT):     0
per-segment minimum non-zero probability:   9.94124e-79
per-segment maximum non-zero probability:   0.1
per-segment probability dynamic range (kT): 177.305
norm = 1, error in norm = -5.55112e-16 (-2.5*epsilon)
Waiting for segments to complete...
pcoords [10.9973  1.8415 10.759   1.7575 10.7205  1.7948 10.517   1.8112 10.6399
  1.7428 10.8845  1.8892 10.2195  1.6797 10.7023  1.7863 10.3859  1.6976
 10.9982  1.9317 10.3838  1.7392 10.3902  1.761   8.403   1.7947  9.0072
  1.7135  9.0381  1.8022  9.3766  1.8538  9.216   1.7621  9.583   1.919
 10.0035  1.8031  1.4491  1.6201  1.206   1.7143  1.3886  1.8497  1.3432
  1.7044  1.3001  1.6229  1.363   1.7809  1.5303  1.6809  1.0541  1.7481
  1.2125  1.6356  0.7748  1.6216  1.4933  1.7736  1.4388  1.7599  1.238
  1.8688  1.7297  1.8506  1.9492  1.6433  1.3437  1.7744  1.4142  1.6843
  1.2483  1.6863  1.7895  1.8238  1.9475  1.7604  4.9807  1.6873]
weights [9.94124295e-79 9.94124295e-79 9.94124295e-79 9.94124295e-79
 9.94124295e-79 9.94124295e-79 1.12157613e-78 1.12157613e-78
 1.12157613e-78 1.12157613e-78 1.98824859e-78 4.98081762e-77
 2.37164986e-69 2.37164986e-69 2.37164986e-69 2.37164986e-69
 2.37164986e-69 2.37164986e-69 2.37164986e-69 3.90625333e-08
 3.90625333e-08 3.90625333e-08 3.00621731e-06 3.00621731e-06
 3.00621731e-06 3.00621731e-06 3.00621731e-06 3.00621731e-06
 9.01865193e-06 9.01865193e-06 9.99697692e-02 9.99976797e-02
 9.99977073e-02 9.99990454e-02 9.99998150e-02 9.99998686e-02
 9.99999520e-02 9.99999709e-02 1.00000000e-01 1.00000000e-01]
Initial weight sum:  0.9999999999999993
-- INFO     [wevo] -- distance_matrix
-- INFO     [wevo] -- 
[[0.         0.25267181 0.28071198 ... 9.20781708 9.05016327 6.01857567]
 [0.25267181 0.         0.05360528 ... 8.96974468 8.8114996  5.7787261 ]
 [0.28071198 0.05360528 0.         ... 8.93104649 8.77306747 5.74080658]
 ...
 [9.20781708 8.96974468 8.93104649 ... 0.         0.17024554 3.19411802]
 [9.05016327 8.8114996  8.77306747 ... 0.17024554 0.         3.03408074]
 [6.01857567 5.7787261  5.74080658 ... 3.19411802 3.03408074 0.        ]]
-- INFO     [wevo] -- Starting variance optimization: 10505441915.201353
-- INFO     [wevo] -- WEVO ran for 28 cycles
-- INFO     [wevo] -- 
To split: 40 total: 27 being split 
 [0, 0, 0, 0, 0, 0, 0, 0, 0, 0, 0, 0, 0, 0, 0, 0, 0, 0, 17, 0, 0, 0, 0, 0, 0, 0, 0, 0, 10, 0, 0, 0, 0, 0, 0, 0, 0, 0, 0, 0]
-- INFO     [wevo] -- 
To merge: 40 total: 27 being merged 
 [[], [], [], [], [], [], [], [], [], [], [], [], [6, 13, 8, 14, 10, 3, 4, 16, 7, 2, 1, 11, 5, 15, 17, 0, 9], [], [], [], [], [], [], [], [], [], [], [], [], [], [], [], [], [], [25, 29, 24, 22, 23, 27, 26], [], [], [19, 21, 20], [], [], [], [], [], []]
Final variation value after 28 wevo cycles:  16527371721.23623
Bin attrs post WEVO:  <Bin at 0x14940a9fd660, label=None, count=40, weight=1>
Total = 40, splitting = 29, merging = 30
Iteration completed successfully
Iteration wallclock: 0:18:09.674503, cputime: 1:01:39.634592


Fri Oct 21 08:47:32 2022
Iteration 1041 (2000 requested)
Beginning iteration 1041
40 segments remain in iteration 1041 (40 total)
1 of 1 (100.000000%) active bins are populated
per-bin minimum non-zero probability:       1
per-bin maximum probability:                1
per-bin probability dynamic range (kT):     0
per-segment minimum non-zero probability:   1.31758e-70
per-segment maximum non-zero probability:   0.1
per-segment probability dynamic range (kT): 158.603
norm = 1, error in norm = -6.66134e-16 (-3*epsilon)
Waiting for segments to complete...
pcoords [9.6168 1.8811 9.5875 1.8657 9.649  1.6991 9.7858 1.7502 8.7794 1.8799
 9.9248 1.7458 9.7837 1.6825 9.6259 1.8075 9.9433 1.7702 9.2896 1.7621
 9.6645 1.7175 9.1835 1.7469 8.416  1.7492 8.5993 1.7875 9.8043 1.844
 9.4023 1.7432 9.1284 1.6617 9.2861 1.6086 8.8894 1.9013 1.4195 1.7254
 1.195  1.7471 1.4044 1.7457 1.4322 1.619  1.5248 1.6144 1.0861 1.6709
 1.2905 1.7109 1.2549 1.6948 1.5858 1.7065 1.2731 1.6962 1.1816 1.7439
 1.2445 1.7595 1.2887 1.6918 1.5969 1.8674 1.8909 1.5879 1.2715 1.7702
 1.7664 1.7413 1.344  1.7667 1.7512 1.7763 2.3004 1.7741 4.8352 1.6315]
weights [1.31758326e-70 1.31758326e-70 1.31758326e-70 1.31758326e-70
 1.31758326e-70 1.31758326e-70 1.31758326e-70 1.31758326e-70
 1.31758326e-70 1.31758326e-70 1.31758326e-70 1.31758326e-70
 1.31758326e-70 1.31758326e-70 1.31758326e-70 1.31758326e-70
 1.31758326e-70 1.31758326e-70 1.42298992e-68 8.19877448e-07
 8.19877448e-07 8.19877448e-07 8.19877448e-07 8.19877448e-07
 8.19877448e-07 8.19877448e-07 8.19877448e-07 8.19877448e-07
 8.19877448e-07 8.19877448e-07 9.99968252e-02 9.99976797e-02
 9.99977073e-02 9.99991626e-02 9.99998150e-02 9.99998686e-02
 9.99999520e-02 9.99999709e-02 1.00000000e-01 1.00000000e-01]
Initial weight sum:  0.9999999999999993
-- INFO     [wevo] -- distance_matrix
-- INFO     [wevo] -- 
[[0.         0.03310124 0.18482652 ... 7.86629868 7.31718302 4.78811073]
 [0.03310124 0.         0.17758906 ... 7.83680964 7.28767586 4.75806713]
 [0.18482652 0.17758906 0.         ... 7.89817762 7.34898329 4.81427526]
 ...
 [7.86629868 7.83680964 7.89817762 ... 0.         0.54920447 3.08739734]
 [7.31718302 7.28767586 7.34898329 ... 0.54920447 0.         2.53880763]
 [4.78811073 4.75806713 4.81427526 ... 3.08739734 2.53880763 0.        ]]
-- INFO     [wevo] -- Starting variance optimization: 11041469551.407925
-- INFO     [wevo] -- WEVO ran for 23 cycles
-- INFO     [wevo] -- 
To split: 40 total: 22 being split 
 [0, 0, 0, 0, 0, 5, 0, 0, 8, 0, 0, 0, 0, 0, 0, 0, 0, 0, 0, 0, 0, 0, 0, 0, 9, 0, 0, 0, 0, 0, 0, 0, 0, 0, 0, 0, 0, 0, 0, 0]
-- INFO     [wevo] -- 
To merge: 40 total: 22 being merged 
 [[], [], [], [], [], [], [], [], [], [], [], [], [], [], [], [], [], [], [12, 13, 4, 16, 11, 17, 9, 15, 1, 0, 7, 2, 10], [], [], [], [], [], [], [], [], [], [], [20], [25, 28, 26], [19, 21], [23, 22], [27], [], [], [], [], [], []]
Final variation value after 23 wevo cycles:  13832491556.676504
Bin attrs post WEVO:  <Bin at 0x14940a9f9c80, label=None, count=40, weight=1>
Total = 40, splitting = 25, merging = 28
Iteration completed successfully
Iteration wallclock: 0:18:11.895273, cputime: 1:01:41.665708


Fri Oct 21 09:05:44 2022
Iteration 1042 (2000 requested)
Beginning iteration 1042
40 segments remain in iteration 1042 (40 total)
1 of 1 (100.000000%) active bins are populated
per-bin minimum non-zero probability:       1
per-bin maximum probability:                1
per-bin probability dynamic range (kT):     0
per-segment minimum non-zero probability:   1.46398e-71
per-segment maximum non-zero probability:   0.1
per-segment probability dynamic range (kT): 160.8
norm = 1, error in norm = -6.66134e-16 (-3*epsilon)
Waiting for segments to complete...
pcoords [ 9.921   1.8797 10.3084  1.8785  9.0594  1.8856  9.0219  1.8319  9.3662
  1.628   9.9662  1.7217  9.3809  1.7297  9.043   1.5996  8.9725  1.7011
  9.641   1.735   9.1879  1.6538  8.8709  1.7682  9.4123  1.7103  9.6775
  1.91    9.0087  1.8073  8.7577  1.8481  9.7046  1.7762 10.1132  1.8427
  8.9339  1.7746  1.2436  1.782   1.3562  1.7607  1.2666  1.7569  1.1874
  1.7089  1.5479  1.8431  1.3148  1.5405  1.5105  1.8378  1.3592  1.7654
  1.3119  1.5901  1.2516  1.8016  1.5068  1.6655  1.8389  1.7475  1.5022
  1.6762  1.6025  1.7208  1.4082  1.6878  1.6859  1.7261  1.4925  1.7287
  1.8693  1.7176  1.8445  1.7746  2.011   1.7337  4.6935  1.7537]
weights [1.46398140e-71 1.46398140e-71 1.46398140e-71 1.46398140e-71
 1.46398140e-71 1.46398140e-71 1.46398140e-71 1.46398140e-71
 1.46398140e-71 2.19597209e-71 2.19597209e-71 2.19597209e-71
 2.19597209e-71 2.19597209e-71 2.19597209e-71 1.31758326e-70
 1.31758326e-70 1.31758326e-70 1.59427575e-68 8.19877448e-08
 8.19877448e-08 8.19877448e-08 8.19877448e-08 8.19877448e-08
 8.19877448e-08 8.19877448e-08 8.19877448e-08 8.19877448e-08
 8.19877448e-08 1.63975490e-06 9.99992848e-02 9.99993195e-02
 9.99993471e-02 9.99998150e-02 9.99998686e-02 9.99999520e-02
 9.99999709e-02 9.99999824e-02 1.00000000e-01 1.00000000e-01]
Initial weight sum:  0.9999999999999993
-- INFO     [wevo] -- distance_matrix
-- INFO     [wevo] -- 
[[0.         0.3874025  0.86162013 ... 8.07718372 7.91134691 5.22901773]
 [0.3874025  0.         1.2490207  ... 8.46453857 8.29866409 5.61628675]
 [0.86162013 1.2490207  0.         ... 7.21575356 7.05003691 4.36789131]
 ...
 [8.07718372 8.46453857 7.21575356 ... 0.         0.17144985 2.84907675]
 [7.91134691 8.29866409 7.05003691 ... 0.17144985 0.         2.68257475]
 [5.22901773 5.61628675 4.36789131 ... 2.84907675 2.68257475 0.        ]]
-- INFO     [wevo] -- Starting variance optimization: 10214059013.781254
-- INFO     [wevo] -- WEVO ran for 23 cycles
-- INFO     [wevo] -- 
To split: 40 total: 22 being split 
 [0, 11, 0, 0, 0, 0, 0, 0, 0, 0, 0, 0, 0, 0, 0, 0, 0, 5, 0, 0, 0, 0, 6, 0, 0, 0, 0, 0, 0, 0, 0, 0, 0, 0, 0, 0, 0, 0, 0, 0]
-- INFO     [wevo] -- 
To merge: 40 total: 22 being merged 
 [[], [], [], [], [], [], [], [], [], [], [], [], [], [], [], [], [], [], [15, 11, 8, 3, 14, 7, 2, 10, 4, 6, 12, 9, 13, 16, 0, 5], [], [], [], [], [], [], [], [], [], [], [26, 20, 24, 27], [23, 25], [], [], [], [], [], [], [], [], []]
Final variation value after 23 wevo cycles:  14237309301.51463
Bin attrs post WEVO:  <Bin at 0x14940b08e900, label=None, count=40, weight=1>
Total = 40, splitting = 25, merging = 25
Iteration completed successfully
Iteration wallclock: 0:18:11.672168, cputime: 1:01:39.347497


Fri Oct 21 09:23:55 2022
Iteration 1043 (2000 requested)
Beginning iteration 1043
40 segments remain in iteration 1043 (40 total)
1 of 1 (100.000000%) active bins are populated
per-bin minimum non-zero probability:       1
per-bin maximum probability:                1
per-bin probability dynamic range (kT):     0
per-segment minimum non-zero probability:   1.21998e-72
per-segment maximum non-zero probability:   0.1
per-segment probability dynamic range (kT): 163.285
norm = 1, error in norm = -6.66134e-16 (-3*epsilon)
Waiting for segments to complete...
pcoords [ 9.6644  1.7049  9.4023  1.8386  9.8238  1.8363  9.8154  1.762  10.075
  1.7129 10.2459  1.8156 10.6893  1.7334  9.1939  1.8129 10.3818  1.8643
  9.4953  1.7329  9.8534  1.7983  9.5212  1.7793  9.2751  1.8739  9.3105
  1.807   9.7315  1.8201  9.0943  1.8253  9.4354  1.8534  9.8934  1.9568
  9.2183  1.9234  1.3959  1.7405  1.3965  1.7331  1.6439  1.7048  1.4442
  1.6324  1.1545  1.864   1.4628  1.7828  0.7614  1.7124  1.2951  1.646
  1.5936  1.6938  1.5792  1.7393  1.3668  1.749   1.3326  1.7272  2.1372
  1.7419  1.9856  1.7216  1.3641  1.757   1.6713  1.824   1.6031  1.7744
  2.098   1.7316  1.7146  1.7541  1.9374  1.6926  4.927   1.6838]
weights [1.21998450e-72 1.21998450e-72 1.21998450e-72 1.21998450e-72
 1.21998450e-72 1.21998450e-72 1.21998450e-72 1.21998450e-72
 1.21998450e-72 1.21998450e-72 1.21998450e-72 1.21998450e-72
 2.19597209e-71 2.19597209e-71 2.19597209e-71 2.19597209e-71
 2.19597209e-71 2.19597209e-71 1.64551509e-68 1.17125350e-08
 1.17125350e-08 1.17125350e-08 1.17125350e-08 1.17125350e-08
 1.17125350e-08 1.17125350e-08 8.19877448e-08 8.19877448e-08
 8.19877448e-08 1.96770587e-06 9.99993195e-02 9.99993471e-02
 9.99994488e-02 9.99998150e-02 9.99998686e-02 9.99999520e-02
 9.99999709e-02 9.99999824e-02 1.00000000e-01 1.00000000e-01]
Initial weight sum:  0.9999999999999993
-- INFO     [wevo] -- distance_matrix
-- INFO     [wevo] -- 
[[0.         0.29423159 0.20657761 ... 7.9499526  7.72701025 4.73744678]
 [0.29423159 0.         0.42150646 ... 7.68816423 7.46632767 4.47797632]
 [0.20657761 0.42150646 0.         ... 8.10961723 7.88770914 4.89917421]
 ...
 [7.9499526  7.68816423 8.10961723 ... 0.         0.23113219 3.2131691 ]
 [7.72701025 7.46632767 7.88770914 ... 0.23113219 0.         2.98961306]
 [4.73744678 4.47797632 4.89917421 ... 3.2131691  2.98961306 0.        ]]
-- INFO     [wevo] -- Starting variance optimization: 10943406311.095926
-- INFO     [wevo] -- WEVO ran for 27 cycles
-- INFO     [wevo] -- 
To split: 40 total: 26 being split 
 [0, 0, 0, 0, 0, 0, 16, 0, 0, 0, 0, 0, 0, 0, 0, 0, 0, 0, 0, 0, 0, 0, 0, 0, 0, 10, 0, 0, 0, 0, 0, 0, 0, 0, 0, 0, 0, 0, 0, 0]
-- INFO     [wevo] -- 
To merge: 40 total: 26 being merged 
 [[], [], [], [], [], [], [], [], [], [], [], [], [], [], [], [], [], [], [7, 15, 1, 12, 13, 9, 11, 16, 0, 3, 2, 10, 14, 4, 17, 5, 8], [], [], [], [], [], [], [], [], [], [], [26, 23], [], [21, 27, 28, 24, 22, 20, 19], [], [], [], [], [], [], [], []]
Final variation value after 27 wevo cycles:  16862365331.427807
Bin attrs post WEVO:  <Bin at 0x14940a9fd4a0, label=None, count=40, weight=1>
Total = 40, splitting = 28, merging = 29
Iteration completed successfully
Iteration wallclock: 0:18:14.936790, cputime: 1:01:44.842862


Fri Oct 21 09:42:10 2022
Iteration 1044 (2000 requested)
Beginning iteration 1044
40 segments remain in iteration 1044 (40 total)
1 of 1 (100.000000%) active bins are populated
per-bin minimum non-zero probability:       1
per-bin maximum probability:                1
per-bin probability dynamic range (kT):     0
per-segment minimum non-zero probability:   7.17638e-74
per-segment maximum non-zero probability:   0.1
per-segment probability dynamic range (kT): 166.118
norm = 1, error in norm = -5.55112e-16 (-2.5*epsilon)
Waiting for segments to complete...
pcoords [10.195   1.7854  9.8085  1.6733 10.2061  1.6794  9.5481  1.7555 10.2422
  1.7787  9.8113  1.9159 10.5679  1.8853 10.403   1.7744 10.3444  1.7369
  9.572   1.8313 10.7528  1.8199  9.668   1.7435 10.0503  1.8153 10.31
  1.8187 11.144   1.9139  9.6776  1.6852  9.7914  1.8861  8.1021  1.781
  1.2441  1.7305  0.9838  1.7522  1.0068  1.8144  1.128   1.7411  1.2053
  1.6512  1.018   1.6603  1.2874  1.8016  1.4487  1.6619  1.5027  1.7403
  1.2262  1.7051  1.4412  1.6214  1.3898  1.7113  1.1736  1.9018  1.6839
  1.7107  1.621   1.7555  1.426   1.7134  1.4618  1.7399  1.7546  1.7164
  1.5594  1.7876  1.4432  1.6576  2.2281  1.7676  5.0988  1.7087]
weights [7.17637939e-74 7.17637939e-74 7.17637939e-74 7.17637939e-74
 7.17637939e-74 7.17637939e-74 7.17637939e-74 7.17637939e-74
 7.17637939e-74 7.17637939e-74 7.17637939e-74 7.17637939e-74
 7.17637939e-74 7.17637939e-74 7.17637939e-74 7.17637939e-74
 7.17637939e-74 1.66003291e-68 1.06477591e-09 1.06477591e-09
 1.06477591e-09 1.06477591e-09 1.06477591e-09 1.06477591e-09
 1.06477591e-09 1.06477591e-09 1.06477591e-09 1.06477591e-09
 1.06477591e-09 2.06140615e-06 9.99993195e-02 9.99994488e-02
 9.99995696e-02 9.99998150e-02 9.99998686e-02 9.99999520e-02
 9.99999709e-02 9.99999824e-02 1.00000000e-01 1.00000000e-01]
Initial weight sum:  0.9999999999999994
-- INFO     [wevo] -- distance_matrix
-- INFO     [wevo] -- 
[[0.         0.40242788 0.10657974 ... 8.75273228 7.9669199  5.09677649]
 [0.40242788 0.         0.39764696 ... 8.36531448 7.58098698 4.70983315]
 [0.10657974 0.39764696 0.         ... 8.76292706 7.97848797 5.1073842 ]
 ...
 [8.75273228 8.36531448 8.76292706 ... 0.         0.79257059 3.65595722]
 [7.9669199  7.58098698 7.97848797 ... 0.79257059 0.         2.87130427]
 [5.09677649 4.70983315 5.1073842  ... 3.65595722 2.87130427 0.        ]]
-- INFO     [wevo] -- Starting variance optimization: 12148131531.664465
-- INFO     [wevo] -- WEVO ran for 23 cycles
-- INFO     [wevo] -- 
To split: 40 total: 22 being split 
 [0, 0, 0, 0, 0, 0, 0, 0, 0, 0, 0, 0, 0, 0, 16, 0, 0, 0, 0, 0, 0, 0, 0, 0, 0, 0, 0, 0, 0, 0, 6, 0, 0, 0, 0, 0, 0, 0, 0, 0]
-- INFO     [wevo] -- 
To merge: 40 total: 22 being merged 
 [[], [], [], [], [], [], [], [], [], [], [], [], [], [], [], [], [], [3, 9, 11, 15, 16, 1, 5, 12, 0, 2, 4, 13, 8, 7, 6], [], [], [], [], [], [], [], [], [], [], [], [24, 18, 27, 22], [], [], [], [], [], [26, 25, 28], [], [], [], []]
Final variation value after 23 wevo cycles:  17565946582.43931
Bin attrs post WEVO:  <Bin at 0x14940aa4de40, label=None, count=40, weight=1>
Total = 40, splitting = 24, merging = 25
Iteration completed successfully
Iteration wallclock: 0:18:12.985839, cputime: 1:01:44.397686


Fri Oct 21 10:00:23 2022
Iteration 1045 (2000 requested)
Beginning iteration 1045
40 segments remain in iteration 1045 (40 total)
1 of 1 (100.000000%) active bins are populated
per-bin minimum non-zero probability:       1
per-bin maximum probability:                1
per-bin probability dynamic range (kT):     0
per-segment minimum non-zero probability:   4.2214e-75
per-segment maximum non-zero probability:   0.1
per-segment probability dynamic range (kT): 168.951
norm = 1, error in norm = -6.66134e-16 (-3*epsilon)
Waiting for segments to complete...
pcoords [ 9.8597  1.7835 10.0162  1.8249  9.5992  1.6921  9.0307  1.7382  9.8875
  1.7554  9.9171  1.6196 10.6222  1.7881  9.5196  1.7289  9.0218  1.7004
  9.3036  1.6912 10.2852  1.7366  9.911   1.7866 10.4021  1.6825 10.134
  1.7979 10.0776  1.8686 10.4999  1.9303 10.451   1.6925 10.4314  1.749
  8.3559  1.8487  1.3619  1.7005  1.4498  1.8024  1.5033  1.7067  1.1369
  1.6665  1.4714  1.6474  1.3774  1.7173  1.8098  1.8463  1.4808  1.6823
  1.4904  1.7771  1.3985  1.7559  1.3838  1.7916  1.464   1.7392  1.6756
  1.6664  1.5014  1.7931  1.3644  1.7107  1.6561  1.7421  1.5539  1.7613
  1.8904  1.6742  1.5483  1.5553  2.238   1.6802  4.5982  1.8017]
weights [4.22139964e-75 4.22139964e-75 4.22139964e-75 4.22139964e-75
 4.22139964e-75 4.22139964e-75 4.22139964e-75 4.22139964e-75
 4.22139964e-75 4.22139964e-75 4.22139964e-75 4.22139964e-75
 4.22139964e-75 4.22139964e-75 4.22139964e-75 4.22139964e-75
 4.22139964e-75 7.17637939e-74 1.66014056e-68 1.06477591e-09
 1.06477591e-09 1.06477591e-09 1.06477591e-09 2.06566526e-06
 1.42856171e-02 1.42856171e-02 1.42856171e-02 1.42856171e-02
 1.42856171e-02 1.42856171e-02 1.42856171e-02 9.99994488e-02
 9.99995696e-02 9.99998150e-02 9.99998686e-02 9.99999552e-02
 9.99999709e-02 9.99999824e-02 1.00000000e-01 1.00000000e-01]
Initial weight sum:  0.9999999999999993
-- INFO     [wevo] -- distance_matrix
-- INFO     [wevo] -- 
[[0.         0.16188322 0.27606913 ... 8.31453228 7.62240028 5.26153183]
 [0.16188322 0.         0.43763533 ... 8.47219086 7.77954578 5.41804981]
 [0.27606913 0.43763533 0.         ... 8.05206299 7.36120987 5.00220156]
 ...
 [8.31453228 8.47219086 8.05206299 ... 0.         0.7009179  3.05983686]
 [7.62240028 7.77954578 7.36120987 ... 0.7009179  0.         2.36332512]
 [5.26153183 5.41804981 5.00220156 ... 3.05983686 2.36332512 0.        ]]
-- INFO     [wevo] -- Starting variance optimization: 9942061653.349436
-- INFO     [wevo] -- WEVO ran for 21 cycles
-- INFO     [wevo] -- 
To split: 40 total: 20 being split 
 [0, 0, 0, 0, 0, 0, 5, 0, 0, 0, 0, 0, 0, 0, 0, 1, 0, 9, 0, 0, 0, 0, 3, 0, 0, 0, 0, 0, 0, 0, 0, 0, 0, 2, 0, 0, 0, 0, 0, 0]
-- INFO     [wevo] -- 
To merge: 40 total: 20 being merged 
 [[], [], [], [], [], [], [], [], [], [], [], [], [], [], [], [], [], [], [8, 3, 9, 7, 2, 0, 4, 11, 5, 1, 14, 13, 10, 12, 16], [], [], [], [], [], [], [], [], [25, 21, 23], [], [], [], [], [], [], [], [], [20, 19], [], [], []]
Final variation value after 21 wevo cycles:  12674636583.913649
Bin attrs post WEVO:  <Bin at 0x14940a9f7ac0, label=None, count=40, weight=1>
Total = 40, splitting = 25, merging = 23
Iteration completed successfully
Iteration wallclock: 0:18:12.411664, cputime: 1:01:42.660753


Fri Oct 21 10:18:36 2022
Iteration 1046 (2000 requested)
Beginning iteration 1046
40 segments remain in iteration 1046 (40 total)
1 of 1 (100.000000%) active bins are populated
per-bin minimum non-zero probability:       1
per-bin maximum probability:                1
per-bin probability dynamic range (kT):     0
per-segment minimum non-zero probability:   7.03567e-76
per-segment maximum non-zero probability:   0.1
per-segment probability dynamic range (kT): 170.743
norm = 1, error in norm = -4.44089e-16 (-2*epsilon)
Waiting for segments to complete...
pcoords [10.4857  1.9908  9.5159  1.7706  9.5921  1.7383 10.2865  1.72   10.4391
  1.746   9.9805  1.8169  9.2073  1.8303  9.9502  1.8305 10.208   1.8801
  9.6599  1.838   9.1841  1.9343  8.479   1.8153  9.0305  1.7776  9.2456
  1.6557  9.8366  1.7121  9.4704  1.8427  9.9387  1.7255  9.9347  1.7889
  8.2875  1.8152  1.3783  1.7962  1.0592  1.7105  1.239   1.6747  1.5293
  1.7535  1.3657  1.7088  1.3088  1.7761  1.551   1.723   1.4172  1.8149
  1.5039  1.7681  1.17    1.8     1.3143  1.7378  1.78    1.7262  1.35
  1.7024  1.3489  1.6352  1.5202  1.6801  1.4847  1.703   1.5065  1.6431
  1.6096  1.7404  1.6378  1.6977  2.5264  1.7878  4.9447  1.7028]
weights [7.03566607e-76 7.03566607e-76 7.03566607e-76 7.03566607e-76
 7.03566607e-76 7.03566607e-76 2.11069982e-75 2.11069982e-75
 7.17637939e-75 7.17637939e-75 7.17637939e-75 7.17637939e-75
 7.17637939e-75 7.17637939e-75 7.17637939e-75 7.17637939e-75
 7.17637939e-75 7.17637939e-75 1.66014689e-68 2.66193977e-10
 2.66193977e-10 2.66193977e-10 2.66193977e-10 1.42856171e-02
 1.42856171e-02 1.42856171e-02 1.42856171e-02 1.42856171e-02
 2.85733009e-02 3.33332717e-02 3.33332717e-02 3.33332717e-02
 9.99994488e-02 9.99995696e-02 9.99998686e-02 9.99999552e-02
 9.99999730e-02 9.99999824e-02 1.00000000e-01 1.00000000e-01]
Initial weight sum:  0.9999999999999994
-- INFO     [wevo] -- distance_matrix
-- INFO     [wevo] -- 
[[0.         0.99448484 0.92858839 ... 8.85275269 7.96188784 5.54847956]
 [0.99448484 0.         0.08276355 ... 7.87843657 6.98952103 4.57170248]
 [0.92858839 0.08276355 0.         ... 7.9544034  7.06587362 4.6475358 ]
 ...
 [8.85275269 7.87843657 7.9544034  ... 0.         0.89315629 3.3069036 ]
 [7.96188784 6.98952103 7.06587362 ... 0.89315629 0.         2.41979289]
 [5.54847956 4.57170248 4.6475358  ... 3.3069036  2.41979289 0.        ]]
-- INFO     [wevo] -- Starting variance optimization: 8962052469.056257
-- INFO     [wevo] -- WEVO ran for 25 cycles
-- INFO     [wevo] -- 
To split: 40 total: 24 being split 
 [7, 0, 0, 0, 4, 0, 0, 0, 3, 0, 0, 0, 0, 0, 0, 0, 0, 0, 0, 0, 0, 0, 0, 0, 0, 0, 0, 0, 10, 0, 0, 0, 0, 0, 0, 0, 0, 0, 0, 0]
-- INFO     [wevo] -- 
To merge: 40 total: 24 being merged 
 [[], [], [], [], [], [], [], [], [], [], [], [], [], [], [], [], [], [], [11, 12, 6, 10, 13, 1, 2, 15, 9, 5, 14, 7, 17, 16], [], [], [], [], [], [], [], [], [30, 22, 25, 19, 26, 23], [], [31, 24], [], [], [], [], [], [], [], [21, 20], [], []]
Final variation value after 25 wevo cycles:  11700746856.643393
Bin attrs post WEVO:  <Bin at 0x14940b08a2e0, label=None, count=40, weight=1>
Total = 40, splitting = 28, merging = 28
Iteration completed successfully
Iteration wallclock: 0:19:37.174600, cputime: 1:06:39.448701


Fri Oct 21 10:38:13 2022
Iteration 1047 (2000 requested)
Beginning iteration 1047
40 segments remain in iteration 1047 (40 total)
1 of 1 (100.000000%) active bins are populated
per-bin minimum non-zero probability:       1
per-bin maximum probability:                1
per-bin probability dynamic range (kT):     0
per-segment minimum non-zero probability:   8.79458e-77
per-segment maximum non-zero probability:   0.1
per-segment probability dynamic range (kT): 172.822
norm = 1, error in norm = -6.66134e-16 (-3*epsilon)
Waiting for segments to complete...
pcoords [ 9.8341  1.7566 10.0807  1.8309 10.3927  1.6197 10.2267  1.8531  9.1358
  2.0977  9.1394  1.7201  9.7835  1.6892 10.179   1.9291  9.6041  1.7689
 10.1953  1.7842 10.7494  1.7842  9.6568  1.8698 10.3119  1.8044 10.9918
  1.788   9.5203  1.7455 10.1145  1.7048 10.2183  1.8847 10.4379  1.8985
  8.9009  1.7222  1.4046  1.7293  1.3961  1.7816  1.3856  1.7232  1.4456
  1.7733  1.3962  1.6955  1.1817  1.7973  1.3059  1.7399  1.2666  1.7441
  1.4035  1.6512  1.2497  1.7899  1.3067  1.7517  1.2898  1.6445  1.5808
  1.6938  1.0262  1.7878  1.7428  1.6688  1.7601  1.7376  1.424   1.7994
  1.7192  1.6868  2.0758  1.6623  2.4084  1.8271  4.7975  1.7761]
weights [8.79458258e-77 8.79458258e-77 8.79458258e-77 8.79458258e-77
 8.79458258e-77 8.79458258e-77 8.79458258e-77 8.79458258e-77
 1.40713321e-76 1.40713321e-76 1.40713321e-76 1.40713321e-76
 1.40713321e-76 7.03566607e-76 1.79409485e-75 1.79409485e-75
 1.79409485e-75 1.79409485e-75 1.66015398e-68 2.59757281e-03
 2.59757281e-03 2.59757281e-03 2.59757281e-03 2.59757281e-03
 2.59757281e-03 2.59757281e-03 2.59757281e-03 2.59757281e-03
 2.59757281e-03 2.59757281e-03 8.09521604e-02 9.04757405e-02
 9.99994488e-02 9.99995696e-02 9.99998686e-02 9.99999552e-02
 9.99999730e-02 9.99999830e-02 1.00000000e-01 1.00000000e-01]
Initial weight sum:  0.9999999999999993
-- INFO     [wevo] -- distance_matrix
-- INFO     [wevo] -- 
[[0.         0.25755021 0.57513136 ... 7.75887299 7.42603445 5.03663731]
 [0.25755021 0.         0.376762   ... 8.00667572 7.67230082 5.28348398]
 [0.57513136 0.376762   0.         ... 8.31700897 7.98699331 5.59738541]
 ...
 [7.75887299 8.00667572 8.31700897 ... 0.         0.37118983 2.72407818]
 [7.42603445 7.67230082 7.98699331 ... 0.37118983 0.         2.38964438]
 [5.03663731 5.28348398 5.59738541 ... 2.72407818 2.38964438 0.        ]]
-- INFO     [wevo] -- Starting variance optimization: 9770383030.342062
-- INFO     [wevo] -- WEVO ran for 28 cycles
-- INFO     [wevo] -- 
To split: 40 total: 27 being split 
 [0, 0, 0, 0, 0, 0, 0, 0, 0, 0, 0, 0, 0, 16, 0, 0, 0, 0, 0, 0, 0, 0, 0, 0, 0, 0, 0, 0, 0, 0, 0, 0, 11, 0, 0, 0, 0, 0, 0, 0]
-- INFO     [wevo] -- 
To merge: 40 total: 27 being merged 
 [[], [], [], [], [], [], [], [], [], [], [], [], [], [], [], [], [], [], [5, 4, 8, 11, 14, 6, 0, 1, 7, 3, 9, 12, 15, 2, 16, 17, 10], [], [], [], [], [], [], [], [], [], [], [], [20, 23, 21, 29, 25, 26, 28], [22, 19, 27], [], [], [], [], [], [], [], []]
Final variation value after 28 wevo cycles:  14429948276.07461
Bin attrs post WEVO:  <Bin at 0x14940a9f5660, label=None, count=40, weight=1>
Total = 40, splitting = 29, merging = 30
Iteration completed successfully
Iteration wallclock: 0:19:38.570753, cputime: 1:06:49.854576


Fri Oct 21 10:57:51 2022
Iteration 1048 (2000 requested)
Beginning iteration 1048
40 segments remain in iteration 1048 (40 total)
1 of 1 (100.000000%) active bins are populated
per-bin minimum non-zero probability:       1
per-bin maximum probability:                1
per-bin probability dynamic range (kT):     0
per-segment minimum non-zero probability:   4.13863e-77
per-segment maximum non-zero probability:   0.1
per-segment probability dynamic range (kT): 173.576
norm = 1, error in norm = -6.66134e-16 (-3*epsilon)
Waiting for segments to complete...
pcoords [10.2866  1.8145 10.3963  1.7862 10.5807  1.6196 10.6065  1.7601 10.5267
  1.7207 10.2912  1.8271 10.0108  1.8771 10.1411  1.8215  9.9891  1.8752
 10.1538  1.6803 10.2279  1.7663  9.1353  1.6601  9.84    1.7719  9.4764
  1.9056  9.7037  1.9232 10.1232  1.7195 10.0479  1.752   8.9768  1.6866
  1.3564  1.7372  1.1445  1.6535  1.5787  1.6585  1.5704  1.6724  1.4391
  1.7362  1.622   1.7658  1.4497  1.6647  1.7468  1.8031  1.2978  1.7032
  1.222   1.8149  1.4776  1.7422  1.3018  1.734   1.1611  1.7562  1.3308
  1.7098  1.221   1.6112  1.6285  1.7118  1.744   1.7539  1.1613  1.7431
  1.9244  1.6843  1.8037  1.8184  2.3503  1.6563  5.1008  1.7833]
weights [4.13862710e-77 4.13862710e-77 4.13862710e-77 4.13862710e-77
 4.13862710e-77 4.13862710e-77 4.13862710e-77 4.13862710e-77
 4.13862710e-77 4.13862710e-77 4.13862710e-77 4.13862710e-77
 4.13862710e-77 4.13862710e-77 4.13862710e-77 4.13862710e-77
 4.13862710e-77 1.66015484e-68 2.59757281e-03 8.33328740e-03
 8.33328740e-03 8.33328740e-03 8.33328740e-03 8.33328740e-03
 8.33328740e-03 8.33328740e-03 8.33328740e-03 8.33328740e-03
 8.33328740e-03 8.33328740e-03 8.33328740e-03 9.82684589e-02
 9.91351701e-02 9.99995696e-02 9.99998686e-02 9.99999552e-02
 9.99999730e-02 9.99999830e-02 1.00000000e-01 1.00000000e-01]
Initial weight sum:  0.9999999999999994
-- INFO     [wevo] -- distance_matrix
-- INFO     [wevo] -- 
[[0.         0.11329176 0.35281819 ... 8.48290157 7.93787718 5.18589401]
 [0.11329176 0.         0.24851312 ... 8.59265995 8.04704857 5.29550123]
 [0.35281819 0.24851312 0.         ... 8.7792511  8.2304821  5.48234463]
 ...
 [8.48290157 8.59265995 8.7792511  ... 0.         0.57012993 3.29728699]
 [7.93787718 8.04704857 8.2304821  ... 0.57012993 0.         2.75343037]
 [5.18589401 5.29550123 5.48234463 ... 3.29728699 2.75343037 0.        ]]
-- INFO     [wevo] -- Starting variance optimization: 9230616917.762648
-- INFO     [wevo] -- WEVO ran for 24 cycles
-- INFO     [wevo] -- 
To split: 40 total: 23 being split 
 [0, 0, 4, 6, 3, 0, 0, 0, 0, 0, 0, 0, 0, 0, 0, 0, 0, 0, 0, 2, 0, 0, 0, 0, 0, 0, 0, 0, 0, 0, 0, 0, 0, 0, 0, 8, 0, 0, 0, 0]
-- INFO     [wevo] -- 
To merge: 40 total: 23 being merged 
 [[], [], [], [], [], [], [], [], [], [], [], [], [], [], [], [], [], [11, 13, 14, 12, 8, 6, 16, 15, 7, 9, 10, 0, 5], [], [], [], [], [], [], [], [23, 20, 21, 28, 24, 22, 18, 29, 26, 27], [], [], [], [], [], [], [], [], [], [], [], [], [], []]
Final variation value after 24 wevo cycles:  11060373378.553255
Bin attrs post WEVO:  <Bin at 0x14940a9fd2e0, label=None, count=40, weight=1>
Total = 40, splitting = 28, merging = 25
Iteration completed successfully
Iteration wallclock: 0:19:36.973976, cputime: 1:06:49.807444


Fri Oct 21 11:17:28 2022
Iteration 1049 (2000 requested)
Beginning iteration 1049
40 segments remain in iteration 1049 (40 total)
1 of 1 (100.000000%) active bins are populated
per-bin minimum non-zero probability:       1
per-bin maximum probability:                1
per-bin probability dynamic range (kT):     0
per-segment minimum non-zero probability:   5.91232e-78
per-segment maximum non-zero probability:   0.1
per-segment probability dynamic range (kT): 175.522
norm = 1, error in norm = -6.66134e-16 (-3*epsilon)
Waiting for segments to complete...
pcoords [10.2543  1.7809  9.5576  1.6686  9.5138  1.6509  9.9282  1.7775 10.3499
  1.8099 10.1152  1.7951 10.1856  1.7647 10.0762  1.7359  9.5218  1.8879
 10.0133  1.7411 10.6202  1.6555 10.5405  1.8237  9.7195  1.6537  9.8012
  1.7243  9.8309  1.9222  9.6895  1.7844 10.5815  1.8036  8.4128  1.6447
  1.104   1.7219  1.4121  1.7     1.1795  1.7749  1.4358  1.797   1.5537
  1.8124  1.5658  1.7201  1.4624  1.7522  1.5583  1.7339  1.4944  1.6952
  1.6477  1.7155  1.2455  1.8002  1.4757  1.6783  1.1682  1.7436  1.2497
  1.7827  1.3339  1.7042  1.5367  1.639   1.5696  1.6184  1.7804  1.8581
  1.6348  1.7195  1.4194  1.7689  2.2053  1.7708  5.0838  1.6983]
weights [5.91232443e-78 5.91232443e-78 5.91232443e-78 5.91232443e-78
 5.91232443e-78 5.91232443e-78 5.91232443e-78 8.27725420e-78
 8.27725420e-78 8.27725420e-78 8.27725420e-78 8.27725420e-78
 1.03465677e-77 1.03465677e-77 1.03465677e-77 1.03465677e-77
 4.13862710e-77 1.66015489e-68 2.77776247e-03 2.77776247e-03
 2.77776247e-03 8.33328740e-03 1.11111061e-02 1.11111061e-02
 1.11111061e-02 1.11111061e-02 1.11111061e-02 1.11111061e-02
 1.11111061e-02 1.11111061e-02 1.11111061e-02 8.59304468e-02
 9.82684589e-02 9.91351701e-02 9.99995696e-02 9.99998686e-02
 9.99999730e-02 9.99999830e-02 1.00000000e-01 1.00000000e-01]
Initial weight sum:  0.9999999999999993
-- INFO     [wevo] -- distance_matrix
-- INFO     [wevo] -- 
[[0.         0.70569277 0.75182503 ... 8.83490849 8.04900646 5.17116022]
 [0.70569277 0.         0.0472415  ... 8.13881779 7.35301018 4.47389889]
 [0.75182503 0.0472415  0.         ... 8.09525967 7.30948305 4.43025351]
 ...
 [8.83490849 8.13881779 8.09525967 ... 0.         0.78590244 3.66507983]
 [8.04900646 7.35301018 7.30948305 ... 0.78590244 0.         2.87941265]
 [5.17116022 4.47389889 4.43025351 ... 3.66507983 2.87941265 0.        ]]
-- INFO     [wevo] -- Starting variance optimization: 8273944846.421324
-- INFO     [wevo] -- WEVO ran for 26 cycles
-- INFO     [wevo] -- 
To split: 40 total: 25 being split 
 [0, 0, 0, 0, 0, 0, 0, 0, 0, 0, 3, 1, 0, 0, 0, 0, 11, 0, 10, 0, 0, 0, 0, 0, 0, 0, 0, 0, 0, 0, 0, 0, 0, 0, 0, 0, 0, 0, 0, 0]
-- INFO     [wevo] -- 
To merge: 40 total: 25 being merged 
 [[], [], [], [], [], [], [], [], [], [], [], [], [], [], [], [], [], [2, 8, 1, 15, 12, 13, 14, 3, 9, 7, 5, 6, 0, 4], [], [], [], [], [27, 23, 25, 26, 29, 24, 21, 19, 28], [], [], [], [], [], [], [], [31, 20], [], [], [], [], [], [], [], [], []]
Final variation value after 26 wevo cycles:  10683109880.965748
Bin attrs post WEVO:  <Bin at 0x14940b08a3c0, label=None, count=40, weight=1>
Total = 40, splitting = 29, merging = 28
Iteration completed successfully
Iteration wallclock: 0:19:33.438460, cputime: 1:06:48.041877


Fri Oct 21 11:37:02 2022
Iteration 1050 (2000 requested)
Beginning iteration 1050
40 segments remain in iteration 1050 (40 total)
1 of 1 (100.000000%) active bins are populated
per-bin minimum non-zero probability:       1
per-bin maximum probability:                1
per-bin probability dynamic range (kT):     0
per-segment minimum non-zero probability:   2.06931e-78
per-segment maximum non-zero probability:   0.1
per-segment probability dynamic range (kT): 176.572
norm = 1, error in norm = -5.55112e-16 (-2.5*epsilon)
Waiting for segments to complete...
pcoords [10.4498  1.9314 10.1346  1.9357 10.2521  1.8045  9.6433  1.8043 10.8954
  1.7807 10.2749  1.7027 10.4159  1.8083 10.8642  1.738  10.1989  1.7535
 10.2472  1.7473 10.3158  1.8086 10.2952  1.6988  9.6784  1.7267 10.6243
  1.6406 10.3443  1.8533 10.4916  1.7033 10.7427  1.7239 10.3203  1.7988
  8.8537  1.7414  1.6451  1.6523  1.1959  1.6871  1.2529  1.6845  1.5274
  1.7444  1.2726  1.6976  1.4624  1.702   1.3471  1.7895  1.451   1.712
  1.3333  1.8693  1.6976  1.71    1.2018  1.7197  1.4597  1.7548  1.4743
  1.6763  1.4731  1.7979  1.7766  1.7156  1.7991  1.9162  1.6534  1.8207
  1.6817  1.6637  1.8164  1.7747  2.3952  1.6876  4.7802  1.7031]
weights [2.06931355e-78 2.06931355e-78 2.06931355e-78 2.06931355e-78
 3.44885592e-78 3.44885592e-78 3.44885592e-78 3.44885592e-78
 3.44885592e-78 3.44885592e-78 3.44885592e-78 3.44885592e-78
 3.44885592e-78 3.44885592e-78 3.44885592e-78 3.44885592e-78
 4.13862710e-78 4.13862710e-78 1.66015490e-68 2.52523861e-04
 2.52523861e-04 2.52523861e-04 2.52523861e-04 2.52523861e-04
 2.52523861e-04 2.52523861e-04 2.52523861e-04 2.52523861e-04
 2.52523861e-04 2.52523861e-04 9.82684589e-02 9.91351701e-02
 9.98193154e-02 9.99995696e-02 9.99998686e-02 9.99998989e-02
 9.99999730e-02 9.99999830e-02 1.00000000e-01 1.00000000e-01]
Initial weight sum:  0.9999999999999994
-- INFO     [wevo] -- distance_matrix
-- INFO     [wevo] -- 
[[0.         0.31522918 0.23492278 ... 8.63482189 8.05828857 5.67419434]
 [0.31522918 0.         0.17612433 ... 8.31975746 7.74337578 5.35944939]
 [0.23492278 0.17612433 0.         ... 8.43575191 7.85776949 5.47283936]
 ...
 [8.63482189 8.31975746 8.43575191 ... 0.         0.58531684 2.9646647 ]
 [8.05828857 7.74337578 7.85776949 ... 0.58531684 0.         2.3850503 ]
 [5.67419434 5.35944939 5.47283936 ... 2.9646647  2.3850503  0.        ]]
-- INFO     [wevo] -- Starting variance optimization: 8850266200.054743
-- INFO     [wevo] -- WEVO ran for 22 cycles
-- INFO     [wevo] -- 
To split: 40 total: 21 being split 
 [0, 0, 0, 0, 6, 0, 0, 5, 0, 0, 0, 0, 0, 0, 0, 0, 2, 0, 0, 0, 5, 0, 0, 0, 0, 0, 0, 0, 0, 3, 0, 0, 0, 0, 0, 0, 0, 0, 0, 0]
-- INFO     [wevo] -- 
To merge: 40 total: 21 being merged 
 [[], [], [], [], [], [], [], [], [], [], [], [], [], [], [], [], [], [], [3, 12, 1, 2, 8, 9, 5, 11, 10, 17, 14, 0, 6, 15], [], [], [], [], [], [], [], [], [], [], [], [24, 26, 25, 27], [28, 19, 22], [], [], [], [], [], [], [], []]
Final variation value after 22 wevo cycles:  10431304788.576916
Bin attrs post WEVO:  <Bin at 0x14940a9f5740, label=None, count=40, weight=1>
Total = 40, splitting = 26, merging = 24
Iteration completed successfully
Iteration wallclock: 0:19:35.215194, cputime: 1:06:38.491857


Fri Oct 21 11:56:37 2022
Iteration 1051 (2000 requested)
Beginning iteration 1051
40 segments remain in iteration 1051 (40 total)
1 of 1 (100.000000%) active bins are populated
per-bin minimum non-zero probability:       1
per-bin maximum probability:                1
per-bin probability dynamic range (kT):     0
per-segment minimum non-zero probability:   4.92694e-79
per-segment maximum non-zero probability:   0.1
per-segment probability dynamic range (kT): 178.007
norm = 1, error in norm = -5.55112e-16 (-2.5*epsilon)
Waiting for segments to complete...
pcoords [ 9.4167  1.8311 10.4283  1.872  10.8014  1.7911 10.5702  1.7051 10.792
  1.6804 10.7015  1.8162 10.6357  1.7301  9.9247  1.8167 10.8967  1.7045
 10.6847  1.7102 10.5758  1.807  10.6008  1.6132 10.3625  2.0674 10.889
  1.8027 11.0902  1.7108 10.0928  1.7966  9.8216  1.751   8.3237  1.8459
  1.4966  1.7221  1.3197  1.7671  1.4764  1.7664  1.2812  1.7831  1.3359
  1.6529  1.173   1.6812  1.3338  1.8069  1.452   1.6767  1.4197  1.6902
  1.2547  1.81    1.3405  1.7309  1.5987  1.7674  1.3532  1.6847  1.7188
  1.6132  1.3232  1.7247  1.7341  1.8295  2.0724  1.8662  1.8453  1.6958
  1.9585  1.7358  1.1935  1.7601  1.9423  1.7168  4.9131  1.8811]
weights [4.92693702e-79 4.92693702e-79 4.92693702e-79 4.92693702e-79
 4.92693702e-79 4.92693702e-79 4.92693702e-79 5.74809319e-79
 5.74809319e-79 5.74809319e-79 5.74809319e-79 5.74809319e-79
 5.74809319e-79 1.37954237e-78 1.37954237e-78 1.37954237e-78
 3.44885592e-78 1.66015491e-68 4.20873101e-05 4.20873101e-05
 4.20873101e-05 4.20873101e-05 4.20873101e-05 4.20873101e-05
 6.31309651e-05 6.31309651e-05 6.31309651e-05 6.31309651e-05
 2.52523861e-04 2.52523861e-04 9.92785543e-02 9.98193154e-02
 9.98927416e-02 9.99995696e-02 9.99998686e-02 9.99998989e-02
 9.99999730e-02 9.99999830e-02 1.00000000e-01 1.00000000e-01]
Initial weight sum:  0.9999999999999993
-- INFO     [wevo] -- distance_matrix
-- INFO     [wevo] -- 
[[0.         1.01242602 1.38527739 ... 8.22350693 7.47527456 4.50387812]
 [1.01242602 0.         0.38177037 ... 9.2354784  8.48741913 5.51520777]
 [1.38527739 0.38177037 0.         ... 9.60795021 8.85941219 5.88898802]
 ...
 [8.22350693 9.2354784  9.60795021 ... 0.         0.75005078 3.72156739]
 [7.47527456 8.48741913 8.85941219 ... 0.75005078 0.         2.97533989]
 [4.50387812 5.51520777 5.88898802 ... 3.72156739 2.97533989 0.        ]]
-- INFO     [wevo] -- Starting variance optimization: 8708332329.547575
-- INFO     [wevo] -- WEVO ran for 23 cycles
-- INFO     [wevo] -- 
To split: 40 total: 22 being split 
 [0, 0, 0, 0, 0, 0, 0, 0, 1, 0, 0, 0, 0, 2, 10, 0, 0, 0, 0, 0, 0, 0, 0, 0, 0, 0, 0, 0, 0, 0, 0, 0, 0, 0, 0, 0, 0, 9, 0, 0]
-- INFO     [wevo] -- 
To merge: 40 total: 22 being merged 
 [[], [], [], [], [], [], [], [], [], [], [], [], [], [], [], [], [], [0, 7, 16, 15, 12, 1, 3, 10, 11, 6, 5, 9], [], [], [], [], [], [], [], [], [], [], [], [], [29, 26, 22, 24, 19, 28], [18, 20, 25], [21], [], [], [], [], [], [], []]
Final variation value after 23 wevo cycles:  10529906698.846605
Bin attrs post WEVO:  <Bin at 0x14940b070040, label=None, count=40, weight=1>
Total = 40, splitting = 26, merging = 26
Iteration completed successfully
Iteration wallclock: 0:19:35.917880, cputime: 1:06:45.240961


Fri Oct 21 12:16:13 2022
Iteration 1052 (2000 requested)
Beginning iteration 1052
40 segments remain in iteration 1052 (40 total)
1 of 1 (100.000000%) active bins are populated
per-bin minimum non-zero probability:       1
per-bin maximum probability:                1
per-bin probability dynamic range (kT):     0
per-segment minimum non-zero probability:   1.25413e-79
per-segment maximum non-zero probability:   0.1
per-segment probability dynamic range (kT): 179.375
norm = 1, error in norm = -7.77156e-16 (-3.5*epsilon)
Waiting for segments to complete...
pcoords [ 9.5804  1.7441 10.4044  1.801  10.318   1.7415 10.6357  1.842  10.6289
  1.6367  9.7484  1.7988 10.3912  1.8392  9.7126  1.7155 10.4691  1.6786
 10.1318  1.7583  9.95    1.621  10.1581  1.7125 10.0008  1.7122 10.2789
  1.772  10.4589  1.7239 10.3971  1.8073 10.3413  1.723  10.1233  1.7435
  8.5164  1.7449  1.5457  1.7804  1.3953  1.5831  1.6381  1.887   1.7571
  1.7646  1.5865  1.8412  1.5055  1.8264  1.4486  1.7159  1.573   1.7431
  1.489   1.7838  1.6028  1.8115  1.7639  1.7495  1.6535  1.7127  1.3397
  1.7901  1.31    1.7642  1.2227  1.7076  1.5804  1.6917  1.6243  1.7761
  1.4319  1.7304  1.4828  1.7073  2.0572  1.7874  5.0241  1.7171]
weights [1.25412942e-79 1.25412942e-79 1.25412942e-79 1.25412942e-79
 1.25412942e-79 1.25412942e-79 1.25412942e-79 1.25412942e-79
 1.25412942e-79 1.25412942e-79 1.25412942e-79 2.87404660e-79
 2.87404660e-79 4.59847455e-79 4.59847455e-79 4.59847455e-79
 4.92693702e-79 4.92693702e-79 1.66015491e-68 4.20873101e-05
 6.31309651e-05 9.99999830e-03 9.99999830e-03 9.99999830e-03
 9.99999830e-03 9.99999830e-03 9.99999830e-03 9.99999830e-03
 9.99999830e-03 9.99999830e-03 9.99999830e-03 9.99348290e-02
 9.99666210e-02 9.99940386e-02 9.99995696e-02 9.99998686e-02
 9.99998989e-02 9.99999730e-02 1.00000000e-01 1.00000000e-01]
Initial weight sum:  0.9999999999999993
-- INFO     [wevo] -- distance_matrix
-- INFO     [wevo] -- 
[[0.         0.82596165 0.73760396 ... 8.09768486 7.52332497 4.55638075]
 [0.82596165 0.         0.10490573 ... 8.92209244 8.34721088 5.38095427]
 [0.73760396 0.10490573 0.         ... 8.83526516 8.2609272  5.29395628]
 ...
 [8.09768486 8.92209244 8.83526516 ... 0.         0.57995802 3.54131341]
 [7.52332497 8.34721088 8.2609272  ... 0.57995802 0.         2.96773267]
 [4.55638075 5.38095427 5.29395628 ... 3.54131341 2.96773267 0.        ]]
-- INFO     [wevo] -- Starting variance optimization: 7195948686.7624445
-- INFO     [wevo] -- WEVO ran for 20 cycles
-- INFO     [wevo] -- 
To split: 40 total: 19 being split 
 [0, 0, 0, 2, 2, 0, 0, 0, 0, 0, 0, 0, 0, 0, 2, 1, 1, 0, 0, 0, 0, 0, 0, 0, 0, 0, 0, 0, 0, 0, 0, 0, 0, 11, 0, 0, 0, 0, 0, 0]
-- INFO     [wevo] -- 
To merge: 40 total: 19 being merged 
 [[], [], [], [], [], [], [], [], [], [], [], [], [], [], [], [], [], [], [0, 7, 5, 10, 12, 9, 11, 17, 2], [], [], [], [], [], [], [], [], [], [30, 29, 22, 21, 19, 23, 26, 24, 27, 20], [], [], [], [], [], [], [], [], [], [], []]
Final variation value after 20 wevo cycles:  8444059104.735357
Bin attrs post WEVO:  <Bin at 0x14940aa37e40, label=None, count=40, weight=1>
Total = 40, splitting = 25, merging = 21
Iteration completed successfully
Iteration wallclock: 0:19:42.250692, cputime: 1:06:40.730829


Fri Oct 21 12:35:55 2022
Iteration 1053 (2000 requested)
Beginning iteration 1053
40 segments remain in iteration 1053 (40 total)
1 of 1 (100.000000%) active bins are populated
per-bin minimum non-zero probability:       1
per-bin maximum probability:                1
per-bin probability dynamic range (kT):     0
per-segment minimum non-zero probability:   4.18043e-80
per-segment maximum non-zero probability:   0.1
per-segment probability dynamic range (kT): 180.474
norm = 1, error in norm = -6.66134e-16 (-3*epsilon)
Waiting for segments to complete...
pcoords [ 9.5917  1.7427 10.0311  1.7747  9.8047  1.8025  9.9646  1.7075  9.1229
  1.7406 10.534   1.8257 10.0643  1.7105  9.7229  1.8665  9.639   1.6871
 10.4423  1.8027 10.5894  1.7731 10.6755  1.7441 10.2174  1.8587 10.6576
  1.7459 10.0277  1.8706 10.0432  1.7127 10.6592  1.6938  8.2666  1.7426
  1.2726  1.6103  1.4415  1.6734  1.198   1.708   1.3037  1.7376  1.6964
  1.734   1.1594  1.8789  1.4744  1.8023  1.4084  1.7131  1.499   1.7369
  1.4146  1.764   1.514   1.7119  1.6127  1.7556  1.4228  1.7384  1.6975
  1.6385  1.4119  1.679   1.3405  1.7487  1.7598  1.8221  1.6179  1.7302
  1.4703  1.7307  1.7609  1.6549  2.0179  1.8155  4.9002  1.6746]
weights [4.18043141e-80 4.18043141e-80 4.18043141e-80 4.18043141e-80
 4.18043141e-80 4.18043141e-80 1.25412942e-79 1.25412942e-79
 1.25412942e-79 1.53282485e-79 1.53282485e-79 1.53282485e-79
 2.29923728e-79 2.29923728e-79 2.46346851e-79 2.46346851e-79
 4.59847455e-79 1.66015491e-68 8.33283655e-03 8.33283655e-03
 8.33283655e-03 8.33283655e-03 8.33283655e-03 8.33283655e-03
 8.33283655e-03 8.33283655e-03 8.33283655e-03 8.33283655e-03
 8.33283655e-03 8.33283655e-03 9.99999830e-03 9.01052030e-02
 9.99348290e-02 9.99666210e-02 9.99995696e-02 9.99998686e-02
 9.99998989e-02 9.99999730e-02 1.00000000e-01 1.00000000e-01]
Initial weight sum:  0.9999999999999993
-- INFO     [wevo] -- distance_matrix
-- INFO     [wevo] -- 
[[0.         0.44056436 0.22123556 ... 7.83129168 7.57414961 4.69199371]
 [0.44056436 0.         0.22810078 ... 8.27106857 8.01330471 5.13187695]
 [0.22123556 0.22810078 0.         ... 8.04515457 7.78681087 4.90616751]
 ...
 [7.83129168 8.27106857 8.04515457 ... 0.         0.30305341 3.13936162]
 [7.57414961 8.01330471 7.78681087 ... 0.30305341 0.         2.88574171]
 [4.69199371 5.13187695 4.90616751 ... 3.13936162 2.88574171 0.        ]]
-- INFO     [wevo] -- Starting variance optimization: 6822647973.360884
-- INFO     [wevo] -- WEVO ran for 22 cycles
-- INFO     [wevo] -- 
To split: 40 total: 21 being split 
 [0, 0, 0, 0, 0, 0, 0, 0, 0, 0, 1, 2, 0, 3, 0, 0, 7, 0, 0, 0, 0, 0, 0, 8, 0, 0, 0, 0, 0, 0, 0, 0, 0, 0, 0, 0, 0, 0, 0, 0]
-- INFO     [wevo] -- 
To merge: 40 total: 21 being merged 
 [[], [], [], [], [], [], [], [], [], [], [], [], [], [], [], [], [], [4, 0, 8, 2, 7, 3, 1, 6, 14, 15, 12, 5], [], [], [], [], [], [], [], [], [29, 28, 24, 19, 30, 27, 25, 21], [], [], [], [], [22], [], [], [], [], [], [], [], []]
Final variation value after 22 wevo cycles:  8608265060.377516
Bin attrs post WEVO:  <Bin at 0x14940a9f7740, label=None, count=40, weight=1>
Total = 40, splitting = 26, merging = 24
Iteration completed successfully
Iteration wallclock: 0:19:52.209649, cputime: 1:06:46.248717


Fri Oct 21 12:55:48 2022
Iteration 1054 (2000 requested)
Beginning iteration 1054
40 segments remain in iteration 1054 (40 total)
1 of 1 (100.000000%) active bins are populated
per-bin minimum non-zero probability:       1
per-bin maximum probability:                1
per-bin probability dynamic range (kT):     0
per-segment minimum non-zero probability:   5.10942e-80
per-segment maximum non-zero probability:   0.1
per-segment probability dynamic range (kT): 180.273
norm = 1, error in norm = -5.55112e-16 (-2.5*epsilon)
Waiting for segments to complete...
pcoords [10.6195  1.7625 10.9635  1.8199  9.9376  1.6419  9.4736  1.904  10.0576
  1.6406 10.4225  1.9114 10.3771  1.8485 10.3578  1.6528  9.7307  1.8232
 11.014   1.8101 10.2348  1.6964  9.8034  1.8033 10.1211  1.8038 10.6136
  1.6465 10.347   1.7022 10.5663  1.7877 10.3605  1.7872  9.877   1.8695
  8.6074  1.7395  1.5655  1.6009  1.4078  1.7996  1.2397  1.7467  1.1895
  1.6595  1.4417  1.6417  1.4413  1.742   1.4034  1.7428  1.4382  1.7249
  1.4999  1.6658  1.4457  1.6921  1.3549  1.7783  1.9176  1.8082  1.7842
  1.6843  1.5634  1.7506  1.3948  1.7463  1.552   1.7862  1.5768  1.8037
  1.6825  1.7093  1.7898  1.7301  2.1129  1.7395  4.762   1.6798]
weights [5.10941617e-80 5.10941617e-80 5.10941617e-80 5.74809319e-80
 5.74809319e-80 5.74809319e-80 5.74809319e-80 5.74809319e-80
 5.74809319e-80 5.74809319e-80 5.74809319e-80 5.74809319e-80
 5.74809319e-80 5.74809319e-80 5.74809319e-80 7.66412426e-80
 7.66412426e-80 1.53282485e-79 1.66015491e-68 9.25870728e-04
 9.25870728e-04 9.25870728e-04 9.25870728e-04 9.25870728e-04
 9.25870728e-04 9.25870728e-04 9.25870728e-04 9.25870728e-04
 8.33283655e-03 8.33283655e-03 7.66626907e-02 9.84380395e-02
 9.99348290e-02 9.99666210e-02 9.99995696e-02 9.99998686e-02
 9.99998989e-02 9.99999730e-02 1.00000000e-01 1.00000000e-01]
Initial weight sum:  0.9999999999999993
-- INFO     [wevo] -- distance_matrix
-- INFO     [wevo] -- 
[[0.         0.34875587 0.69248253 ... 8.8297596  8.50663185 5.85808372]
 [0.34875587 0.         1.04122746 ... 9.17413998 8.8509655  6.20308208]
 [0.69248253 1.04122746 0.         ... 8.14827824 7.82530928 5.17573881]
 ...
 [8.8297596  9.17413998 8.14827824 ... 0.         0.3232367  2.97262549]
 [8.50663185 8.8509655  7.82530928 ... 0.3232367  0.         2.64977264]
 [5.85808372 6.20308208 5.17573881 ... 2.97262549 2.64977264 0.        ]]
-- INFO     [wevo] -- Starting variance optimization: 6964307778.620626
-- INFO     [wevo] -- WEVO ran for 23 cycles
-- INFO     [wevo] -- 
To split: 40 total: 22 being split 
 [0, 5, 0, 0, 0, 0, 0, 0, 0, 8, 0, 0, 0, 0, 0, 0, 0, 0, 0, 0, 0, 0, 9, 0, 0, 0, 0, 0, 0, 0, 0, 0, 0, 0, 0, 0, 0, 0, 0, 0]
-- INFO     [wevo] -- 
To merge: 40 total: 22 being merged 
 [[], [], [], [], [], [], [], [], [], [], [], [], [], [], [], [], [], [], [3, 8, 11, 2, 17, 4, 12, 10, 14, 7, 6, 16, 5], [], [], [], [], [], [], [], [], [], [], [], [19, 27, 28, 24, 23, 26, 20, 25, 29], [], [], [], [], [], [], [], [], []]
Final variation value after 23 wevo cycles:  8415807813.422629
Bin attrs post WEVO:  <Bin at 0x14940b08e580, label=None, count=40, weight=1>
Total = 40, splitting = 25, merging = 24
Iteration completed successfully
Iteration wallclock: 0:19:38.912072, cputime: 1:06:43.916957


Fri Oct 21 13:15:26 2022
Iteration 1055 (2000 requested)
Beginning iteration 1055
40 segments remain in iteration 1055 (40 total)
1 of 1 (100.000000%) active bins are populated
per-bin minimum non-zero probability:       1
per-bin maximum probability:                1
per-bin probability dynamic range (kT):     0
per-segment minimum non-zero probability:   6.38677e-81
per-segment maximum non-zero probability:   0.1
per-segment probability dynamic range (kT): 182.353
norm = 1, error in norm = -6.66134e-16 (-3*epsilon)
Waiting for segments to complete...
pcoords [ 9.9289  1.6602 10.4087  1.8559 10.2703  1.7896 10.3707  1.7805  9.9371
  1.7705 10.5242  1.7362  9.8383  1.7628  9.9244  1.7854 10.2246  1.6529
 10.8817  1.7791 10.2883  1.7758 10.8024  1.6476 10.5134  1.7596 10.8249
  1.8508 10.101   1.7719  9.4903  1.782  11.0089  1.6844 10.68    1.7026
  8.2324  1.7603  1.3877  1.7449  1.1755  1.806   1.5049  1.7317  1.5614
  1.6202  0.9723  1.7609  1.5844  1.7729  1.4067  1.6357  1.5133  1.8135
  1.2305  1.824   1.2183  1.7751  1.3091  1.7298  1.523   1.752   1.4335
  1.7813  1.186   1.7427  1.4869  1.6579  1.5935  1.722   1.9033  1.7264
  1.6836  1.7958  2.0324  1.826   2.1203  1.7717  4.601   1.7426]
weights [6.38677021e-81 6.38677021e-81 6.38677021e-81 6.38677021e-81
 6.38677021e-81 6.38677021e-81 6.38677021e-81 6.38677021e-81
 6.38677021e-81 8.51569362e-81 8.51569362e-81 8.51569362e-81
 8.51569362e-81 8.51569362e-81 8.51569362e-81 5.10941617e-80
 5.74809319e-80 7.66412426e-80 1.66015491e-68 9.25870728e-05
 9.25870728e-05 9.25870728e-05 9.25870728e-05 9.25870728e-05
 9.25870728e-05 9.25870728e-05 9.25870728e-05 9.25870728e-05
 9.25870728e-05 9.25870728e-04 9.84380395e-02 9.98094589e-02
 9.99348290e-02 9.99666210e-02 9.99995696e-02 9.99998686e-02
 9.99998989e-02 9.99999730e-02 1.00000000e-01 1.00000000e-01]
Initial weight sum:  0.9999999999999993
-- INFO     [wevo] -- distance_matrix
-- INFO     [wevo] -- 
[[0.         0.51817638 0.36510056 ... 7.89824009 7.80939531 5.32853699]
 [0.51817638 0.         0.15346099 ... 8.37635326 8.28882694 5.80880499]
 [0.36510056 0.15346099 0.         ... 8.23797989 8.15001965 5.66949511]
 ...
 [7.89824009 8.37635326 8.23797989 ... 0.         0.10331952 2.56995368]
 [7.80939531 8.28882694 8.15001965 ... 0.10331952 0.         2.48087049]
 [5.32853699 5.80880499 5.66949511 ... 2.56995368 2.48087049 0.        ]]
-- INFO     [wevo] -- Starting variance optimization: 6430184768.906318
-- INFO     [wevo] -- WEVO ran for 24 cycles
-- INFO     [wevo] -- 
To split: 40 total: 23 being split 
 [0, 0, 0, 0, 0, 0, 0, 0, 0, 0, 0, 0, 0, 0, 0, 0, 11, 2, 0, 0, 0, 0, 0, 10, 0, 0, 0, 0, 0, 0, 0, 0, 0, 0, 0, 0, 0, 0, 0, 0]
-- INFO     [wevo] -- 
To merge: 40 total: 23 being merged 
 [[], [], [], [], [], [], [], [], [], [], [], [], [], [11], [], [], [], [], [15, 6, 7, 0, 4, 14, 8, 2, 10, 3, 1, 5, 12], [], [], [], [], [], [], [], [], [], [], [], [24, 22, 26, 21, 25, 19, 29], [27, 28], [], [], [], [], [], [], [], []]
Final variation value after 24 wevo cycles:  8579332716.111497
Bin attrs post WEVO:  <Bin at 0x14940aa4d9e0, label=None, count=40, weight=1>
Total = 40, splitting = 26, merging = 27
Iteration completed successfully
Iteration wallclock: 0:19:35.240702, cputime: 1:06:50.767831


Fri Oct 21 13:35:02 2022
Iteration 1056 (2000 requested)
Beginning iteration 1056
40 segments remain in iteration 1056 (40 total)
1 of 1 (100.000000%) active bins are populated
per-bin minimum non-zero probability:       1
per-bin maximum probability:                1
per-bin probability dynamic range (kT):     0
per-segment minimum non-zero probability:   4.79008e-81
per-segment maximum non-zero probability:   0.1
per-segment probability dynamic range (kT): 182.64
norm = 1, error in norm = -7.77156e-16 (-3.5*epsilon)
Waiting for segments to complete...
pcoords [10.1882  1.7662 10.553   1.7651 10.0865  1.7007 10.3185  1.7918 10.3404
  1.7377 10.4957  1.7599 10.362   1.7164 10.5723  1.8154 10.4647  1.8629
 10.1977  1.8019 11.1483  1.6795 10.2114  1.8097 10.866   1.8363 11.1931
  1.6862 10.1101  1.8551 10.5336  1.7653 10.1403  1.7462  8.4833  1.7808
  1.3207  1.6675  1.3626  1.7419  1.3494  1.7056  1.2335  1.7895  1.254
  1.7512  1.1952  1.7177  1.42    1.7357  1.4439  1.7344  1.4292  1.7392
  1.1941  1.6912  1.5475  1.6577  1.2792  1.705   1.483   1.8185  1.373
  1.628   1.7457  1.7788  1.491   1.7317  1.8337  1.7751  2.0136  1.7555
  1.3945  1.6694  1.7292  1.6339  2.1988  1.6574  4.6979  1.6347]
weights [4.79007766e-81 4.79007766e-81 4.79007766e-81 4.79007766e-81
 4.79007766e-81 4.79007766e-81 4.79007766e-81 4.79007766e-81
 4.79007766e-81 4.79007766e-81 4.79007766e-81 4.79007766e-81
 8.51569362e-81 1.70313872e-80 2.55470809e-80 2.55470809e-80
 2.55470809e-80 1.66015491e-68 8.41700662e-06 8.41700662e-06
 8.41700662e-06 8.41700662e-06 8.41700662e-06 8.41700662e-06
 8.41700662e-06 8.41700662e-06 8.41700662e-06 8.41700662e-06
 8.41700662e-06 9.25870728e-05 9.99194327e-02 9.99348290e-02
 9.99666210e-02 9.99946331e-02 9.99995696e-02 9.99998686e-02
 9.99998989e-02 9.99999730e-02 1.00000000e-01 1.00000000e-01]
Initial weight sum:  0.9999999999999993
-- INFO     [wevo] -- distance_matrix
-- INFO     [wevo] -- 
[[0.         0.36480209 0.12096732 ... 8.46003437 7.99014044 5.49187469]
 [0.36480209 0.         0.4709245  ... 8.8247757  8.35489464 5.8565526 ]
 [0.12096732 0.4709245  0.         ... 8.35756683 7.88781881 5.38900471]
 ...
 [8.46003437 8.8247757  8.35756683 ... 0.         0.47018772 2.96869993]
 [7.99014044 8.35489464 7.88781881 ... 0.47018772 0.         2.49920297]
 [5.49187469 5.8565526  5.38900471 ... 2.96869993 2.49920297 0.        ]]
-- INFO     [wevo] -- Starting variance optimization: 6543927535.767916
-- INFO     [wevo] -- WEVO ran for 24 cycles
-- INFO     [wevo] -- 
To split: 40 total: 23 being split 
 [0, 0, 0, 0, 0, 0, 0, 0, 0, 0, 2, 0, 1, 12, 0, 0, 0, 0, 0, 0, 0, 0, 0, 4, 0, 0, 0, 4, 0, 0, 0, 0, 0, 0, 0, 0, 0, 0, 0, 0]
-- INFO     [wevo] -- 
To merge: 40 total: 23 being merged 
 [[], [], [], [], [], [], [], [], [], [], [], [], [], [], [], [], [], [2, 0, 9, 11, 3, 4, 6, 14, 16, 8, 5, 1, 7, 15], [], [], [], [], [], [], [], [], [], [], [], [21], [24, 19, 20, 18, 22], [], [28, 25, 26], [], [], [], [], [], [], []]
Final variation value after 24 wevo cycles:  7885978410.652853
Bin attrs post WEVO:  <Bin at 0x14940aa1f660, label=None, count=40, weight=1>
Total = 40, splitting = 28, merging = 27
Iteration completed successfully
Iteration wallclock: 0:19:35.008385, cputime: 1:06:47.154453


Fri Oct 21 13:54:37 2022
Iteration 1057 (2000 requested)
Beginning iteration 1057
40 segments remain in iteration 1057 (40 total)
1 of 1 (100.000000%) active bins are populated
per-bin minimum non-zero probability:       1
per-bin maximum probability:                1
per-bin probability dynamic range (kT):     0
per-segment minimum non-zero probability:   1.31011e-81
per-segment maximum non-zero probability:   0.1
per-segment probability dynamic range (kT): 183.937
norm = 1, error in norm = -7.77156e-16 (-3.5*epsilon)
Waiting for segments to complete...
