simulation wevo_nomon_v00 root is /ix/lchong/dty7/eg5/h2p-we/wevo_nomon_v00
}
}
AMBERHOME=/ihome/crc/build/amber/amber22/amber22
AWK=/usr/bin/awk
BASH=/bin/bash
BASH_ENV=/ihome/crc/install/lmod/lmod/init/bash
BASH_FUNC_ml()=() {  eval $($LMOD_DIR/ml_cmd "$@")
BASH_FUNC_module()=() {  eval `$LMOD_CMD bash "$@"`
CAT=/bin/cat
_CE_CONDA=
_CE_M=
C_INCLUDE_PATH=/ihome/crc/install/zlib/1.2.11/gcc/8.2.0/include
CMAKE_PREFIX_PATH=/ihome/crc/install/openmpi/4.0.3/gcc-8.2.0:/ihome/crc/install/cuda/11.6.1
CONDA_DEFAULT_ENV=base
CONDA_EXE=/ihome/lchong/dty7/Apps/anaconda3/bin/conda
CONDA_PREFIX=/ihome/lchong/dty7/Apps/anaconda3
CONDA_PROMPT_MODIFIER=(base) 
CONDA_PYTHON_EXE=/ihome/lchong/dty7/Apps/anaconda3/bin/python
CONDA_SHLVL=1
CPATH=/ihome/crc/install/zlib/1.2.11/gcc/8.2.0/include:/ihome/crc/install/openmpi/4.0.3/gcc-8.2.0/include:/ihome/crc/install/gcc/8.2.0/include
CP=/bin/cp
CPLUS_INCLUDE_PATH=/ihome/crc/install/zlib/1.2.11/gcc/8.2.0/include
CPPTRAJ=/ihome/crc/build/amber/amber22/amber22/bin/cpptraj.cuda
CUDA_ROOT=/ihome/crc/install/cuda/11.6.1
CUDAROOT=/ihome/crc/install/cuda/11.6.1
CUDA_VISIBLE_DEVICES=0,1,2,3
CUT=/usr/bin/cut
DATE=/bin/date
DISPLAY=localhost:38.0
ECHO=/bin/echo
ENVIRONMENT=BATCH
GCC_ROOT=/ihome/crc/install/gcc/8.2.0
GPU_DEVICE_ORDINAL=0,1,2,3
GREP=/bin/grep
HEAD=/usr/bin/head
HISTCONTROL=ignoredups
HISTSIZE=1000
HOME=/ihome/lchong/dty7
HOSTNAME=gpu-n42
IFCONFIG=/bin/ifconfig
INCLUDEPATH=/ihome/crc/install/openmpi/4.0.3/gcc-8.2.0/include
INCLUDE_PATH=/ihome/crc/install/openmpi/4.0.3/gcc-8.2.0/include:/ihome/crc/install/gcc/8.2.0/include
KDEDIRS=/usr
LANG=en_US.UTF-8
LD_LIBRARY_PATH=/ihome/crc/build/amber/amber22/amber22/lib:/ihome/crc/install/zlib/1.2.11/gcc/8.2.0/lib:/ihome/crc/install/openmpi/4.0.3/gcc-8.2.0/lib:/ihome/crc/install/gcc/8.2.0/lib/gcc/x86_64-pc-linux-gnu/8.2.0:/ihome/crc/install/gcc/8.2.0/lib64:/usr/lib64:/ihome/crc/install/cuda/11.6.1/lib64/stubs:/ihome/crc/install/cuda/11.6.1/lib64
LD_RUN_PATH=/ihome/crc/install/zlib/1.2.11/gcc/8.2.0/lib:/ihome/crc/install/gcc/8.2.0/lib64
LESSOPEN=||/usr/bin/lesspipe.sh %s
LIBPATH=/ihome/crc/install/gcc/8.2.0/lib/gcc/x86_64-pc-linux-gnu/8.2.0
LIBRARY_PATH=/ihome/crc/install/zlib/1.2.11/gcc/8.2.0/lib:/ihome/crc/install/gcc/8.2.0/lib/gcc/x86_64-pc-linux-gnu/8.2.0:/ihome/crc/install/gcc/8.2.0/lib64:/usr/lib64:/ihome/crc/install/cuda/11.6.1/lib64/stubs:/ihome/crc/install/cuda/11.6.1/lib64
_LMFILES_=/ihome/crc/modules/Core/cuda/11.6.1.lua:/ihome/crc/modules/Core/gcc/8.2.0.lua:/ihome/crc/modules/Compiler/gcc/8.2.0/openmpi/4.0.3.lua:/ihome/crc/modules/Compiler/gcc/8.2.0/zlib/1.2.11.lua:/ihome/crc/modules/MPI/gcc/8.2.0/openmpi/4.0.3/amber/22.lua
LMOD_arch=x86_64
LMOD_CMD=/ihome/crc/install/lmod/lmod/libexec/lmod
LMOD_COLORIZE=yes
LMOD_DEFAULT_MODULEPATH=/ihome/crc/modules/Core
LMOD_DIR=/ihome/crc/install/lmod/lmod/libexec/
LMOD_FULL_SETTARG_SUPPORT=no
LMOD_PKG=/ihome/crc/install/lmod/lmod
LMOD_PREPEND_BLOCK=normal
LMOD_SETTARG_CMD=:
LMOD_sys=Linux
LMOD_VERSION=6.6.3
LN=/bin/ln
LOADEDMODULES=cuda/11.6.1:gcc/8.2.0:openmpi/4.0.3:zlib/1.2.11:amber/22
LOCAL=/scratch/slurm-440387
LOGNAME=dty7
LS_COLORS=rs=0:di=1;35:ln=01;36:mh=00:pi=40;33:so=01;35:do=01;35:bd=40;33;01:cd=40;33;01:or=40;31;01:su=37;41:sg=30;43:ca=30;41:tw=30;42:ow=34;42:st=37;44:ex=01;32:*.tar=01;31:*.tgz=01;31:*.arj=01;31:*.taz=01;31:*.lzh=01;31:*.lzma=01;31:*.tlz=01;31:*.txz=01;31:*.zip=0131:*.z=01;31:*.Z=01;31:*.dz=01;31:*.gz=01;31:*.lz=01;31:*.xz=01;31:*.bz2=01;31:*.bz=01;31:*.tbz=01;31:*.tbz2=01;31:*.tz=01;31:*.deb=01;31:*.rpm=01;31:*.jar=01;31:*.war=01;31:*.ear=01;31:*.sar=01;31:*.rar=01;31:*.ace=01;31:*.zoo=01;31:*.cpio=01;31:*7z=01;31:*.rz=01;31:*.jpg=01;35:*.jpeg=01;35:*.gif=01;35:*.bmp=01;35:*.pbm=01;35:*.pgm=01;35:*.ppm=01;35:*.tga=01;35:*.xbm=01;35:*.xpm=01;35:*.tif=01;35:*.tiff=01;35:*.png=01;35:*.svg=01;35:*.svgz=01;35:*.mng=01;35:*.pcx=01;35:*.mov=01;35:*.mpg=01;35:*.mpeg=01;35:*.m2v=01;35:*.mkv=01;35:*.webm=01;35:*.ogm=01;35:*.mp4=01;35:*.m4v=01;35:*.mp4v=01;35:*.vob=01;35:*.qt=01;35:*.nuv=01;35:*.wmv=01;35:*.asf=01;35:*.rm=01;35:*.rmvb=01;35:*.flc=01;35:*.avi=01;35:*.fli=01;35:*.flv=01;35:*.gl=01;35:*.dl=01;35:*.xcf=01;35:*.xwd=01;35:*.yuv=01;35:*.cgm=01;35:*.emf=01;35:*.axv=01;35:*.anx=01;35:*.ogv=01;35:*.ogx=01;35:*.aac=00;36:*.au=00;36:*.flac=00;36:*.mid=00;36:*.midi=00;36:*.mka=00;36:*.mp3=00;36:*.mpc=00;36:*.ogg=00;36:*.ra=00;36:*.wav=00;36:*.axa=00;36:*.oga=00;36:*.spx=00;36:*.xspf=00;36:
MAIL=/var/spool/mail/dty7
MANPATH=/ihome/crc/install/zlib/1.2.11/gcc/8.2.0/share/man:/ihome/crc/install/openmpi/4.0.3/gcc-8.2.0/share/man:/ihome/crc/install/gcc/8.2.0/share/man:/ihome/crc/install/cuda/11.6.1/doc/man:/ihome/crc/install/lmod/lmod/share/man::
MKDIR=/bin/mkdir
MODULEPATH=/ihome/crc/modules/Core
MODULEPATH_ROOT=/ihome/crc/modules
MODULESHOME=/ihome/crc/install/lmod/lmod
_ModuleTable001_=X01vZHVsZVRhYmxlXz17WyJhY3RpdmVTaXplIl09NSxiYXNlTXBhdGhBPXsiL2lob21lL2NyYy9tb2R1bGVzL0NvcmUiLH0sWyJjX3JlYnVpbGRUaW1lIl09ZmFsc2UsWyJjX3Nob3J0VGltZSJdPWZhbHNlLGZhbWlseT17fSxpbmFjdGl2ZT17fSxtVD17YW1iZXI9e1siRk4iXT0iL2lob21lL2NyYy9tb2R1bGVzL01QSS9nY2MvOC4yLjAvb3Blbm1waS80LjAuMy9hbWJlci8yMi5sdWEiLFsiZGVmYXVsdCJdPTAsWyJmdWxsTmFtZSJdPSJhbWJlci8yMiIsWyJsb2FkT3JkZXIiXT01LHByb3BUPXt9LFsic2hvcnQiXT0iYW1iZXIiLFsic3RhdHVzIl09ImFjdGl2ZSIsfSxjdWRhPXtbIkZOIl09Ii9paG9tZS9jcmMvbW9kdWxlcy9Db3JlL2N1ZGEvMTEuNi4xLmx1YSIsWyJkZWZh
_ModuleTable002_=dWx0Il09MCxbImZ1bGxOYW1lIl09ImN1ZGEvMTEuNi4xIixbImxvYWRPcmRlciJdPTEscHJvcFQ9e30sWyJzaG9ydCJdPSJjdWRhIixbInN0YXR1cyJdPSJhY3RpdmUiLH0sZ2NjPXtbIkZOIl09Ii9paG9tZS9jcmMvbW9kdWxlcy9Db3JlL2djYy84LjIuMC5sdWEiLFsiZGVmYXVsdCJdPTAsWyJmdWxsTmFtZSJdPSJnY2MvOC4yLjAiLFsibG9hZE9yZGVyIl09Mixwcm9wVD17fSxbInNob3J0Il09ImdjYyIsWyJzdGF0dXMiXT0iYWN0aXZlIix9LG9wZW5tcGk9e1siRk4iXT0iL2lob21lL2NyYy9tb2R1bGVzL0NvbXBpbGVyL2djYy84LjIuMC9vcGVubXBpLzQuMC4zLmx1YSIsWyJkZWZhdWx0Il09MCxbImZ1bGxOYW1lIl09Im9wZW5tcGkvNC4wLjMiLFsibG9hZE9yZGVyIl09
_ModuleTable003_=Myxwcm9wVD17fSxbInNob3J0Il09Im9wZW5tcGkiLFsic3RhdHVzIl09ImFjdGl2ZSIsfSx6bGliPXtbIkZOIl09Ii9paG9tZS9jcmMvbW9kdWxlcy9Db21waWxlci9nY2MvOC4yLjAvemxpYi8xLjIuMTEubHVhIixbImRlZmF1bHQiXT0wLFsiZnVsbE5hbWUiXT0iemxpYi8xLjIuMTEiLFsibG9hZE9yZGVyIl09NCxwcm9wVD17fSxbInNob3J0Il09InpsaWIiLFsic3RhdHVzIl09ImFjdGl2ZSIsfSx9LG1wYXRoQT17Ii9paG9tZS9jcmMvbW9kdWxlcy9NUEkvZ2NjLzguMi4wL29wZW5tcGkvNC4wLjMiLCIvaWhvbWUvY3JjL21vZHVsZXMvQ29tcGlsZXIvZ2NjLzguMi4wIiwiL2lob21lL2NyYy9tb2R1bGVzL0NvbXBpbGVyL2N1ZGEvMTEuNi4xIiwiL2lob21lL2NyYy9tb2R1
_ModuleTable004_=bGVzL0NvcmUiLH0sWyJzeXN0ZW1CYXNlTVBBVEgiXT0iL2lob21lL2NyYy9tb2R1bGVzL0NvcmUiLFsidmVyc2lvbiJdPTIsfQ==
_ModuleTable_Sz_=4
MPI_ROOT=/ihome/crc/install/openmpi/4.0.3/gcc-8.2.0
NODELOC=/scratch/slurm-440387
OLDPWD=/ihome/lchong/dty7/ix/eg5/h2p-we/wevo_nomon_v00
OMPI_MCA_mpi_warn_on_fork=0
OPENMPI_ROOT=/ihome/crc/install/openmpi/4.0.3/gcc-8.2.0
PASTE=/usr/bin/paste
PATH=/ihome/crc/build/amber/amber22/amber22/bin:/ihome/crc/install/openmpi/4.0.3/gcc-8.2.0/bin:/ihome/crc/install/gcc/8.2.0/bin:/ihome/crc/install/cuda/11.6.1/bin:/ihome/lchong/dty7/Apps/anaconda3/bin:/ihome/lchong/dty7/Apps/anaconda3/condabin:/usr/lib64/qt-3.3/bin:/usr/local/bin:/usr/bin:/usr/local/sbin:/usr/sbin:/ihome/crc/wrappers:/ihome/lchong/dty7/.local/bin:/ihome/lchong/dty7/bin
PERL5LIB=/ihome/crc/build/amber/amber22/amber22/lib/perl
PERL=/usr/bin/perl
PKG_CONFIG_PATH=/ihome/crc/install/openmpi/4.0.3/gcc-8.2.0/lib/pkgconfig
PMEMD=/ihome/crc/build/amber/amber22/amber22/bin/pmemd.cuda
PWD=/ix/lchong/dty7/eg5/h2p-we/wevo_nomon_v00
PYTHONPATH=/ihome/crc/build/amber/amber22/amber22/lib/python3.9/site-packages
QTDIR=/usr/lib64/qt-3.3
QT_GRAPHICSSYSTEM_CHECKED=1
QTINC=/usr/lib64/qt-3.3/include
QTLIB=/usr/lib64/qt-3.3/lib
QT_PLUGIN_PATH=/usr/lib64/kde4/plugins:/usr/lib/kde4/plugins
RM=/bin/rm
ROCR_VISIBLE_DEVICES=0,1,2,3
SANDER=/ihome/crc/build/amber/amber22/amber22/bin/sander
SED=/bin/sed
SHELL=/bin/bash
SHLVL=2
SIM_NAME=wevo_nomon_v00
SLURM_CLUSTER_NAME=gpu
SLURM_CONF=/etc/slurm/slurm.conf
SLURM_CPUS_ON_NODE=4
SLURMD_NODENAME=gpu-n42
SLURM_GPUS_ON_NODE=4
SLURM_GTIDS=0
SLURM_JOB_ACCOUNT=lchong
SLURM_JOB_CPUS_PER_NODE=4
SLURM_JOB_GID=16028
SLURM_JOB_GPUS=0,1,2,3
SLURM_JOB_ID=440387
SLURM_JOBID=440387
SLURM_JOB_NAME=v00_wevo_eg5_wt
SLURM_JOB_NODELIST=gpu-n42
SLURM_JOB_NUM_NODES=1
SLURM_JOB_PARTITION=a100
SLURM_JOB_QOS=gpu-a100-n-invest
SLURM_JOB_UID=155282
SLURM_JOB_USER=dty7
SLURM_LOCALID=0
SLURM_MEM_PER_CPU=5364
SLURM_NNODES=1
SLURM_NODE_ALIASES=(null)
SLURM_NODEID=0
SLURM_NODELIST=gpu-n42
SLURM_NPROCS=4
SLURM_NTASKS=4
SLURM_NTASKS_PER_NODE=4
SLURM_PRIO_PROCESS=0
SLURM_PROCID=0
SLURM_SCRATCH=/scratch/slurm-440387
SLURM_SCRIPT_CONTEXT=prolog_task
SLURM_SUBMIT_DIR=/ix/lchong/dty7/eg5/h2p-we/wevo_nomon_v00
SLURM_SUBMIT_HOST=login1.crc.pitt.edu
SLURM_TASK_PID=7119
SLURM_TASKS_PER_NODE=4
SLURM_TOPOLOGY_ADDR=gpu-n42
SLURM_TOPOLOGY_ADDR_PATTERN=node
SLURM_WORKING_CLUSTER=gpu:10.201.0.94:6817:9728:101
SORT=/usr/bin/sort
SSH_CLIENT=130.49.240.69 52132 22
SSH_CONNECTION=130.49.240.69 52132 136.142.28.137 22
SSH_TTY=/dev/pts/81
TAR=/bin/tar
TERM=screen-256color
TMPDIR=/scratch/slurm-440387
TR=/usr/bin/tr
UNIQ=/usr/bin/uniq
USE_LOCAL_SCRATCH=1
USER=dty7
_=/usr/bin/env
WEST_SIM_ROOT=/ix/lchong/dty7/eg5/h2p-we/wevo_nomon_v00
WM_ZMQ_MASTER_HEARTBEAT=100
WM_ZMQ_TIMEOUT_FACTOR=300
WM_ZMQ_WORKER_HEARTBEAT=100
XDG_DATA_DIRS=/ihome/lchong/dty7/.local/share/flatpak/exports/share:/var/lib/flatpak/exports/share:/usr/local/share:/usr/share
XDG_RUNTIME_DIR=/run/user/155282
XDG_SESSION_ID=115272
ZE_AFFINITY_MASK=0,1,2,3
ZLIB_HOME=/ihome/crc/install/zlib/1.2.11/gcc/8.2.0
ZSH=/bin/zsh
/ihome/lchong/dty7/Apps/anaconda3/bin/w_run
== server info file /ix/lchong/dty7/eg5/h2p-we/wevo_nomon_v00/west_zmq_info-440387.json ==
{"rr_endpoint": "tcp://gpu-n42.crc.pitt.edu:39791", "ann_endpoint": "tcp://gpu-n42.crc.pitt.edu:45232"}simulation wevo_nomon_v00 root is /ix/lchong/dty7/eg5/h2p-we/wevo_nomon_v00
starting WEST client processes on: 
gpu-n42.crc.pitt.edu
current directory is /ix/lchong/dty7/eg5/h2p-we/wevo_nomon_v00
environment is: 
}
}
 [ $? = 0 ] && eval $(${LMOD_SETTARG_CMD:-:} -s sh)
AMBERHOME=/ihome/crc/build/amber/amber22/amber22
AWK=/usr/bin/awk
BASH=/bin/bash
BASH_ENV=/ihome/crc/install/lmod/lmod/init/bash
BASH_FUNC_ml()=() {  eval $($LMOD_DIR/ml_cmd "$@")
BASH_FUNC_module()=() {  eval $($LMOD_CMD bash "$@");
CAT=/bin/cat
_CE_CONDA=
_CE_M=
C_INCLUDE_PATH=/ihome/crc/install/zlib/1.2.11/gcc/8.2.0/include
CMAKE_PREFIX_PATH=/ihome/crc/install/openmpi/4.0.3/gcc-8.2.0:/ihome/crc/install/cuda/11.6.1
CONDA_DEFAULT_ENV=base
CONDA_EXE=/ihome/lchong/dty7/Apps/anaconda3/bin/conda
CONDA_PREFIX=/ihome/lchong/dty7/Apps/anaconda3
CONDA_PROMPT_MODIFIER=(base) 
CONDA_PYTHON_EXE=/ihome/lchong/dty7/Apps/anaconda3/bin/python
CONDA_SHLVL=1
CPATH=/ihome/crc/install/zlib/1.2.11/gcc/8.2.0/include:/ihome/crc/install/openmpi/4.0.3/gcc-8.2.0/include:/ihome/crc/install/gcc/8.2.0/include
CP=/bin/cp
CPLUS_INCLUDE_PATH=/ihome/crc/install/zlib/1.2.11/gcc/8.2.0/include
CPPTRAJ=/ihome/crc/build/amber/amber22/amber22/bin/cpptraj.cuda
CUDA_ROOT=/ihome/crc/install/cuda/11.6.1
CUDAROOT=/ihome/crc/install/cuda/11.6.1
CUDA_VISIBLE_DEVICES_ALLOCATED=0,1,2,3
CUT=/usr/bin/cut
DATE=/bin/date
ECHO=/bin/echo
GCC_ROOT=/ihome/crc/install/gcc/8.2.0
GREP=/bin/grep
HEAD=/usr/bin/head
HISTCONTROL=ignoredups
HISTSIZE=1000
HOME=/ihome/lchong/dty7
HOSTNAME=gpu-n42.crc.pitt.edu
IFCONFIG=/bin/ifconfig
INCLUDEPATH=/ihome/crc/install/openmpi/4.0.3/gcc-8.2.0/include
INCLUDE_PATH=/ihome/crc/install/openmpi/4.0.3/gcc-8.2.0/include:/ihome/crc/install/gcc/8.2.0/include
LANG=en_US.UTF-8
LD_LIBRARY_PATH=/ihome/crc/build/amber/amber22/amber22/lib:/ihome/crc/install/zlib/1.2.11/gcc/8.2.0/lib:/ihome/crc/install/openmpi/4.0.3/gcc-8.2.0/lib:/ihome/crc/install/gcc/8.2.0/lib/gcc/x86_64-pc-linux-gnu/8.2.0:/ihome/crc/install/gcc/8.2.0/lib64:/usr/lib64:/ihome/crc/install/cuda/11.6.1/lib64/stubs:/ihome/crc/install/cuda/11.6.1/lib64
LD_RUN_PATH=/ihome/crc/install/zlib/1.2.11/gcc/8.2.0/lib:/ihome/crc/install/gcc/8.2.0/lib64
LESSOPEN=||/usr/bin/lesspipe.sh %s
LIBPATH=/ihome/crc/install/gcc/8.2.0/lib/gcc/x86_64-pc-linux-gnu/8.2.0
LIBRARY_PATH=/ihome/crc/install/zlib/1.2.11/gcc/8.2.0/lib:/ihome/crc/install/gcc/8.2.0/lib/gcc/x86_64-pc-linux-gnu/8.2.0:/ihome/crc/install/gcc/8.2.0/lib64:/usr/lib64:/ihome/crc/install/cuda/11.6.1/lib64/stubs:/ihome/crc/install/cuda/11.6.1/lib64
_LMFILES_=/ihome/crc/modules/Core/cuda/11.6.1.lua:/ihome/crc/modules/Core/gcc/8.2.0.lua:/ihome/crc/modules/Compiler/gcc/8.2.0/openmpi/4.0.3.lua:/ihome/crc/modules/Compiler/gcc/8.2.0/zlib/1.2.11.lua:/ihome/crc/modules/MPI/gcc/8.2.0/openmpi/4.0.3/amber/22.lua
LMOD_arch=x86_64
LMOD_CMD=/ihome/crc/install/lmod/lmod/libexec/lmod
LMOD_COLORIZE=yes
LMOD_DEFAULT_MODULEPATH=/ihome/crc/modules/Core
LMOD_DIR=/ihome/crc/install/lmod/lmod/libexec
LMOD_FULL_SETTARG_SUPPORT=no
LMOD_PKG=/ihome/crc/install/lmod/lmod
LMOD_PREPEND_BLOCK=normal
LMOD_SETTARG_CMD=:
LMOD_sys=Linux
LMOD_VERSION=6.6.3
LN=/bin/ln
LOADEDMODULES=cuda/11.6.1:gcc/8.2.0:openmpi/4.0.3:zlib/1.2.11:amber/22
LOGNAME=dty7
LS_COLORS=rs=0:di=1;35:ln=01;36:mh=00:pi=40;33:so=01;35:do=01;35:bd=40;33;01:cd=40;33;01:or=40;31;01:su=37;41:sg=30;43:ca=30;41:tw=30;42:ow=34;42:st=37;44:ex=01;32:*.tar=01;31:*.tgz=01;31:*.arj=01;31:*.taz=01;31:*.lzh=01;31:*.lzma=01;31:*.tlz=01;31:*.txz=01;31:*.zip=0131:*.z=01;31:*.Z=01;31:*.dz=01;31:*.gz=01;31:*.lz=01;31:*.xz=01;31:*.bz2=01;31:*.bz=01;31:*.tbz=01;31:*.tbz2=01;31:*.tz=01;31:*.deb=01;31:*.rpm=01;31:*.jar=01;31:*.war=01;31:*.ear=01;31:*.sar=01;31:*.rar=01;31:*.ace=01;31:*.zoo=01;31:*.cpio=01;31:*7z=01;31:*.rz=01;31:*.jpg=01;35:*.jpeg=01;35:*.gif=01;35:*.bmp=01;35:*.pbm=01;35:*.pgm=01;35:*.ppm=01;35:*.tga=01;35:*.xbm=01;35:*.xpm=01;35:*.tif=01;35:*.tiff=01;35:*.png=01;35:*.svg=01;35:*.svgz=01;35:*.mng=01;35:*.pcx=01;35:*.mov=01;35:*.mpg=01;35:*.mpeg=01;35:*.m2v=01;35:*.mkv=01;35:*.webm=01;35:*.ogm=01;35:*.mp4=01;35:*.m4v=01;35:*.mp4v=01;35:*.vob=01;35:*.qt=01;35:*.nuv=01;35:*.wmv=01;35:*.asf=01;35:*.rm=01;35:*.rmvb=01;35:*.flc=01;35:*.avi=01;35:*.fli=01;35:*.flv=01;35:*.gl=01;35:*.dl=01;35:*.xcf=01;35:*.xwd=01;35:*.yuv=01;35:*.cgm=01;35:*.emf=01;35:*.axv=01;35:*.anx=01;35:*.ogv=01;35:*.ogx=01;35:*.aac=00;36:*.au=00;36:*.flac=00;36:*.mid=00;36:*.midi=00;36:*.mka=00;36:*.mp3=00;36:*.mpc=00;36:*.ogg=00;36:*.ra=00;36:*.wav=00;36:*.axa=00;36:*.oga=00;36:*.spx=00;36:*.xspf=00;36:
MAIL=/var/spool/mail/dty7
MANPATH=/ihome/crc/install/zlib/1.2.11/gcc/8.2.0/share/man:/ihome/crc/install/openmpi/4.0.3/gcc-8.2.0/share/man:/ihome/crc/install/gcc/8.2.0/share/man:/ihome/crc/install/cuda/11.6.1/doc/man:/ihome/crc/install/lmod/lmod/share/man::
MKDIR=/bin/mkdir
MODULEPATH=/ihome/crc/modules/MPI/gcc/8.2.0/openmpi/4.0.3:/ihome/crc/modules/Compiler/gcc/8.2.0:/ihome/crc/modules/Compiler/cuda/11.6.1:/ihome/crc/modules/Core
MODULEPATH_ROOT=/ihome/crc/modules
MODULESHOME=/ihome/crc/install/lmod/lmod
_ModuleTable001_=X01vZHVsZVRhYmxlXz17WyJhY3RpdmVTaXplIl09NSxiYXNlTXBhdGhBPXsiL2lob21lL2NyYy9tb2R1bGVzL0NvcmUiLH0sWyJjX3JlYnVpbGRUaW1lIl09ZmFsc2UsWyJjX3Nob3J0VGltZSJdPWZhbHNlLGZhbWlseT17fSxpbmFjdGl2ZT17fSxtVD17YW1iZXI9e1siRk4iXT0iL2lob21lL2NyYy9tb2R1bGVzL01QSS9nY2MvOC4yLjAvb3Blbm1waS80LjAuMy9hbWJlci8yMi5sdWEiLFsiZGVmYXVsdCJdPTAsWyJmdWxsTmFtZSJdPSJhbWJlci8yMiIsWyJsb2FkT3JkZXIiXT01LHByb3BUPXt9LFsic2hvcnQiXT0iYW1iZXIiLFsic3RhdHVzIl09ImFjdGl2ZSIsfSxjdWRhPXtbIkZOIl09Ii9paG9tZS9jcmMvbW9kdWxlcy9Db3JlL2N1ZGEvMTEuNi4xLmx1YSIsWyJkZWZh
_ModuleTable002_=dWx0Il09MCxbImZ1bGxOYW1lIl09ImN1ZGEvMTEuNi4xIixbImxvYWRPcmRlciJdPTEscHJvcFQ9e30sWyJzaG9ydCJdPSJjdWRhIixbInN0YXR1cyJdPSJhY3RpdmUiLH0sZ2NjPXtbIkZOIl09Ii9paG9tZS9jcmMvbW9kdWxlcy9Db3JlL2djYy84LjIuMC5sdWEiLFsiZGVmYXVsdCJdPTAsWyJmdWxsTmFtZSJdPSJnY2MvOC4yLjAiLFsibG9hZE9yZGVyIl09Mixwcm9wVD17fSxbInNob3J0Il09ImdjYyIsWyJzdGF0dXMiXT0iYWN0aXZlIix9LG9wZW5tcGk9e1siRk4iXT0iL2lob21lL2NyYy9tb2R1bGVzL0NvbXBpbGVyL2djYy84LjIuMC9vcGVubXBpLzQuMC4zLmx1YSIsWyJkZWZhdWx0Il09MCxbImZ1bGxOYW1lIl09Im9wZW5tcGkvNC4wLjMiLFsibG9hZE9yZGVyIl09
_ModuleTable003_=Myxwcm9wVD17fSxbInNob3J0Il09Im9wZW5tcGkiLFsic3RhdHVzIl09ImFjdGl2ZSIsfSx6bGliPXtbIkZOIl09Ii9paG9tZS9jcmMvbW9kdWxlcy9Db21waWxlci9nY2MvOC4yLjAvemxpYi8xLjIuMTEubHVhIixbImRlZmF1bHQiXT0wLFsiZnVsbE5hbWUiXT0iemxpYi8xLjIuMTEiLFsibG9hZE9yZGVyIl09NCxwcm9wVD17fSxbInNob3J0Il09InpsaWIiLFsic3RhdHVzIl09ImFjdGl2ZSIsfSx9LG1wYXRoQT17Ii9paG9tZS9jcmMvbW9kdWxlcy9NUEkvZ2NjLzguMi4wL29wZW5tcGkvNC4wLjMiLCIvaWhvbWUvY3JjL21vZHVsZXMvQ29tcGlsZXIvZ2NjLzguMi4wIiwiL2lob21lL2NyYy9tb2R1bGVzL0NvbXBpbGVyL2N1ZGEvMTEuNi4xIiwiL2lob21lL2NyYy9tb2R1
_ModuleTable004_=bGVzL0NvcmUiLH0sWyJzeXN0ZW1CYXNlTVBBVEgiXT0iL2lob21lL2NyYy9tb2R1bGVzL0NvcmUiLFsidmVyc2lvbiJdPTIsfQ==
_ModuleTable_Sz_=4
MPI_ROOT=/ihome/crc/install/openmpi/4.0.3/gcc-8.2.0
NODELOC=
OLDPWD=/ihome/lchong/dty7
OMPI_MCA_mpi_warn_on_fork=0
OPENMPI_ROOT=/ihome/crc/install/openmpi/4.0.3/gcc-8.2.0
PASTE=/usr/bin/paste
PATH=/ihome/crc/build/amber/amber22/amber22/bin:/ihome/crc/install/openmpi/4.0.3/gcc-8.2.0/bin:/ihome/crc/install/gcc/8.2.0/bin:/ihome/crc/install/cuda/11.6.1/bin:/ihome/lchong/dty7/Apps/anaconda3/bin:/ihome/lchong/dty7/Apps/anaconda3/condabin:/usr/local/bin:/usr/bin:/usr/local/sbin:/usr/sbin:/ihome/lchong/dty7/.local/bin:/ihome/lchong/dty7/bin
PERL5LIB=/ihome/crc/build/amber/amber22/amber22/lib/perl
PERL=/usr/bin/perl
PKG_CONFIG_PATH=/ihome/crc/install/openmpi/4.0.3/gcc-8.2.0/lib/pkgconfig
PMEMD=/ihome/crc/build/amber/amber22/amber22/bin/pmemd.cuda
PWD=/ix/lchong/dty7/eg5/h2p-we/wevo_nomon_v00
PYTHONPATH=/ihome/crc/build/amber/amber22/amber22/lib/python3.9/site-packages
RM=/bin/rm
SANDER=/ihome/crc/build/amber/amber22/amber22/bin/sander
SED=/bin/sed
SHELL=/bin/bash
SHLVL=2
SIM_NAME=wevo_nomon_v00
SLURM_NODENAME=gpu-n42
SORT=/usr/bin/sort
SSH_CLIENT=10.201.2.221 37844 22
SSH_CONNECTION=10.201.2.221 37844 10.201.2.221 22
TAR=/bin/tar
TR=/usr/bin/tr
UNIQ=/usr/bin/uniq
USE_LOCAL_SCRATCH=1
USER=dty7
_=/usr/bin/env
WEST_JOBID=440387
WEST_SIM_ROOT=/ix/lchong/dty7/eg5/h2p-we/wevo_nomon_v00
WM_ZMQ_MASTER_HEARTBEAT=100
WM_ZMQ_TIMEOUT_FACTOR=300
WM_ZMQ_WORKER_HEARTBEAT=100
XDG_RUNTIME_DIR=/run/user/155282
XDG_SESSION_ID=35183
ZLIB_HOME=/ihome/crc/install/zlib/1.2.11/gcc/8.2.0
ZSH=/bin/zsh
Shutting down.  Hopefully this was on purpose?
