-I: Adding /Users/darian/anaconda3/envs/md/dat/leap/prep to search path.
-I: Adding /Users/darian/anaconda3/envs/md/dat/leap/lib to search path.
-I: Adding /Users/darian/anaconda3/envs/md/dat/leap/parm to search path.
-I: Adding /Users/darian/anaconda3/envs/md/dat/leap/cmd to search path.
-f: Source tleap.in.

Welcome to LEaP!
(no leaprc in search path)
Sourcing: ./tleap.in
----- Source: /Users/darian/anaconda3/envs/md/dat/leap/cmd/leaprc.protein.ff19SB
----- Source of /Users/darian/anaconda3/envs/md/dat/leap/cmd/leaprc.protein.ff19SB done
Log file: ./leap.log
Loading parameters: /Users/darian/anaconda3/envs/md/dat/leap/parm/parm19.dat
Reading title:
PARM99 + frcmod.ff99SB + frcmod.parmbsc0 + OL3 for RNA + ff19SB
Loading parameters: /Users/darian/anaconda3/envs/md/dat/leap/parm/frcmod.ff19SB
Reading force field modification type file (frcmod)
Reading title:
ff19SB AA-specific backbone CMAPs for protein 07/25/2019
Loading library: /Users/darian/anaconda3/envs/md/dat/leap/lib/amino19.lib
Loading library: /Users/darian/anaconda3/envs/md/dat/leap/lib/aminoct12.lib
Loading library: /Users/darian/anaconda3/envs/md/dat/leap/lib/aminont12.lib
----- Source: /Users/darian/anaconda3/envs/md/dat/leap/cmd/leaprc.water.opc
----- Source of /Users/darian/anaconda3/envs/md/dat/leap/cmd/leaprc.water.opc done
Loading library: /Users/darian/anaconda3/envs/md/dat/leap/lib/atomic_ions.lib
Loading library: /Users/darian/anaconda3/envs/md/dat/leap/lib/solvents.lib
Loading parameters: /Users/darian/anaconda3/envs/md/dat/leap/parm/frcmod.opc
Reading force field modification type file (frcmod)
Reading title:
Parameters for OPC water (JPCL, 2014, 5 (21), pp 3863-3871)
Loading parameters: /Users/darian/anaconda3/envs/md/dat/leap/parm/frcmod.ionslm_126_opc
Reading force field modification type file (frcmod)
Reading title:
Li/Merz ion parameters of atomic ions for the OPC water model (12-6 set)
Loading Prep file: ../../adp/carlson/adp.prep
Loading parameters: ../../adp/carlson/frcmod.phos
Reading force field modification type file (frcmod)
Reading title:
#  Modifications to the AMBER94 force field for polyphosphates
Loading parameters: /Users/darian/anaconda3/envs/md/dat/leap/parm/frcmod.ionslm_1264_opc
Reading force field modification type file (frcmod)
Reading title:
Li/Merz ion parameters of atomic ions for the OPC water model (12-6-4 set)
Loading PDB file: ./1ii6_dl5apo_leap.pdb
  total atoms in file: 5682
Scaling up box by a factor of 1.319154 to meet diagonal cut criterion
  Solute vdw bounding box:              52.287 69.763 91.295
  Total bounding box for atom centers:  122.954 122.954 122.954
      (box expansion for 'iso' is  77.6%)
  Solvent unit box:                     18.865 18.478 19.006
  Volume: 952256.459 A^3 (oct)
  Total mass 527140.640 amu,  Density 0.919 g/cc
  Added 27032 residues.

/Users/darian/anaconda3/envs/md/bin/teLeap: Warning!
addIons: 1st Ion & target unit have charges of the same sign:
     unit charge = 4; ion1 charge = 1;
     can't neutralize.
4 Cl- ions required to neutralize.
Adding 4 counter ions to "pdb" using 1A grid
Grid extends from solute vdw + 2.14  to  8.13
Resolution:      1.00 Angstrom.
Calculating grid charges
Placed Cl- in pdb at (-53.99, 6.50, -25.51).
Placed Cl- in pdb at (18.01, -50.50, -32.51).
Placed Cl- in pdb at (2.01, 8.50, -62.51).
Placed Cl- in pdb at (-2.99, -58.50, 7.49).

Done adding ions.
Adding 57 counter ions to "pdb" using 1A grid
Grid extends from solute vdw + 1.45  to  7.59
Resolution:      1.00 Angstrom.
Calculating grid charges
Placed Na+ in pdb at (-35.58, -26.97, 13.03).
Placed Na+ in pdb at (-26.58, -16.97, 18.03).
Placed Na+ in pdb at (-1.58, -24.97, -5.97).
Placed Na+ in pdb at (-17.58, -36.97, -13.97).
Placed Na+ in pdb at (-12.58, -20.97, 25.03).
Placed Na+ in pdb at (0.42, -37.97, -2.97).
Placed Na+ in pdb at (12.42, -8.97, -19.97).
Placed Na+ in pdb at (-11.58, -23.97, -24.97).
Placed Na+ in pdb at (-21.58, -34.97, -1.97).
Placed Na+ in pdb at (55.42, 0.03, -40.97).
Placed Na+ in pdb at (-17.58, -42.97, 34.03).
Placed Na+ in pdb at (-40.58, 33.03, 36.03).
Placed Na+ in pdb at (-40.58, 13.03, 48.03).
Placed Na+ in pdb at (-16.58, 43.03, 48.03).
Placed Na+ in pdb at (-39.58, -28.97, 33.03).
Placed Na+ in pdb at (4.42, -10.97, 61.03).
Placed Na+ in pdb at (-57.58, 6.03, -25.97).
Placed Na+ in pdb at (-15.58, 18.03, 62.03).
Placed Na+ in pdb at (-23.58, 49.03, -16.97).
Placed Na+ in pdb at (4.42, -35.97, 47.03).
Placed Na+ in pdb at (-9.58, 29.03, -54.97).
Placed Na+ in pdb at (-54.58, -4.97, 7.03).
Placed Na+ in pdb at (54.42, 21.03, 27.03).
Placed Na+ in pdb at (-54.58, 14.03, 19.03).
Placed Na+ in pdb at (19.42, -50.97, -15.97).
Placed Na+ in pdb at (55.42, 30.03, -22.97).
Placed Na+ in pdb at (-1.58, 57.03, -2.97).
Placed Na+ in pdb at (-11.58, -37.97, 3.03).
Placed Na+ in pdb at (55.42, -16.97, 30.03).
Placed Na+ in pdb at (-55.58, -6.97, 33.03).
Placed Na+ in pdb at (-55.58, 16.03, -6.97).
Placed Na+ in pdb at (-16.58, -20.97, 47.03).
Placed Na+ in pdb at (18.42, -51.97, -35.97).
Placed Na+ in pdb at (55.42, 22.03, -0.97).
Placed Na+ in pdb at (-3.58, -59.97, 24.03).
Placed Na+ in pdb at (34.42, 45.03, -27.97).
Placed Na+ in pdb at (-54.58, -27.97, 20.03).
Placed Na+ in pdb at (54.42, -1.97, 12.03).
Placed Na+ in pdb at (1.42, 12.03, -62.97).
Placed Na+ in pdb at (6.42, 50.03, 34.03).
Placed Na+ in pdb at (-5.58, -35.97, -14.97).
Placed Na+ in pdb at (-16.58, 2.03, 60.03).
Placed Na+ in pdb at (56.42, -24.97, -25.97).
Placed Na+ in pdb at (-42.58, -45.97, 23.03).
Placed Na+ in pdb at (41.42, -42.97, -2.97).
Placed Na+ in pdb at (7.42, 26.03, 48.03).
Placed Na+ in pdb at (-3.58, -59.97, -1.97).
Placed Na+ in pdb at (-24.58, 44.03, -42.97).
Placed Na+ in pdb at (-38.58, -3.97, 48.03).
Placed Na+ in pdb at (20.42, -49.97, 10.03).
Placed Na+ in pdb at (-5.58, -20.97, 19.03).
Placed Na+ in pdb at (-2.58, 57.03, -29.97).
Placed Na+ in pdb at (-29.58, 29.03, 48.03).
Placed Na+ in pdb at (-46.58, 13.03, -42.97).
Placed Na+ in pdb at (55.42, 6.03, -9.97).
Placed Na+ in pdb at (27.42, 12.03, 48.03).
Placed Na+ in pdb at (-47.58, 40.03, 24.03).

Done adding ions.
Adding 57 counter ions to "pdb" using 1A grid
Grid extends from solute vdw + 2.14  to  8.29
Resolution:      1.00 Angstrom.
Calculating grid charges
Placed Cl- in pdb at (10.13, 28.34, 47.33).
Placed Cl- in pdb at (56.13, -3.66, 9.33).
Placed Cl- in pdb at (55.13, 22.34, -4.67).
Placed Cl- in pdb at (-42.87, 15.34, 46.33).
Placed Cl- in pdb at (-31.87, 31.34, 46.33).
Placed Cl- in pdb at (-18.87, -23.66, -6.67).
Placed Cl- in pdb at (-53.87, -16.66, 14.33).
Placed Cl- in pdb at (19.13, -50.66, 21.33).
Placed Cl- in pdb at (56.13, -13.66, 31.33).
Placed Cl- in pdb at (40.13, -42.66, -18.67).
Placed Cl- in pdb at (1.13, -12.66, 61.33).
Placed Cl- in pdb at (56.13, 3.34, -7.67).
Placed Cl- in pdb at (-44.87, 16.34, -42.67).
Placed Cl- in pdb at (2.13, 13.34, -59.67).
Placed Cl- in pdb at (24.13, 13.34, 49.33).
Placed Cl- in pdb at (8.13, 53.34, 34.33).
Placed Cl- in pdb at (20.13, -50.66, -4.67).
Placed Cl- in pdb at (56.13, 33.34, -21.67).
Placed Cl- in pdb at (56.13, 19.34, 24.33).
Placed Cl- in pdb at (-6.87, -60.66, 25.33).
Placed Cl- in pdb at (25.13, 43.34, -31.67).
Placed Cl- in pdb at (-20.87, 45.34, -44.67).
Placed Cl- in pdb at (39.13, -43.66, 7.33).
Placed Cl- in pdb at (-13.87, 45.34, 47.33).
Placed Cl- in pdb at (-6.87, -61.66, -2.67).
Placed Cl- in pdb at (-53.87, 29.34, 15.33).
Placed Cl- in pdb at (-19.87, 3.34, 61.33).
Placed Cl- in pdb at (15.13, -53.66, -35.67).
Placed Cl- in pdb at (-19.87, -21.66, 48.33).
Placed Cl- in pdb at (-22.87, 51.34, -19.67).
Placed Cl- in pdb at (-54.87, 6.34, 25.33).
Placed Cl- in pdb at (46.13, 3.34, -46.67).
Placed Cl- in pdb at (23.13, -50.66, 12.33).
Placed Cl- in pdb at (-12.87, 27.34, -56.67).
Placed Cl- in pdb at (55.13, 7.34, 8.33).
Placed Cl- in pdb at (-41.87, -4.66, 49.33).
Placed Cl- in pdb at (-54.87, -1.66, 5.33).
Placed Cl- in pdb at (57.13, -27.66, -23.67).
Placed Cl- in pdb at (-1.87, 59.34, -32.67).
Placed Cl- in pdb at (19.13, -5.66, 63.33).
Placed Cl- in pdb at (25.13, 20.34, -44.67).
Placed Cl- in pdb at (-31.87, -47.66, -25.67).
Placed Cl- in pdb at (-45.87, -46.66, 24.33).
Placed Cl- in pdb at (-0.87, 59.34, -5.67).
Placed Cl- in pdb at (-12.87, 20.34, 61.33).
Placed Cl- in pdb at (-2.87, -58.66, -18.67).
Placed Cl- in pdb at (1.13, -36.66, 48.33).
Placed Cl- in pdb at (-30.87, -23.66, -40.67).
Placed Cl- in pdb at (27.13, -3.66, -58.67).
Placed Cl- in pdb at (29.13, 56.34, 5.33).
Placed Cl- in pdb at (-43.87, 31.34, 35.33).
Placed Cl- in pdb at (55.13, 6.34, -18.67).
Placed Cl- in pdb at (-42.87, -29.66, 34.33).
Placed Cl- in pdb at (55.13, -16.66, 21.33).
Placed Cl- in pdb at (-58.87, 15.34, -5.67).
Placed Cl- in pdb at (46.13, 26.34, -33.67).
Placed Cl- in pdb at (-20.87, -43.66, 35.33).

Done adding ions.
Checking Unit.

/Users/darian/anaconda3/envs/md/bin/teLeap: Note.
Ignoring the warnings from Unit Checking.

Building topology.
Building atom parameters.
Building bond parameters.
Building angle parameters.
Building proper torsion parameters.
Building improper torsion parameters.
 total 1069 improper torsions applied
Building H-Bond parameters.
Incorporating Non-Bonded adjustments.
Not Marking per-residue atom chain types.
Marking per-residue atom chain types.
  (Residues lacking connect0/connect1 - 
   these don't have chain types marked:

	res	total affected

	CLYS	1
	NMET	1
  )
 (no restraints)
Writing pdb file: 1ii6_dl5apo_solv.pdb
   printing CRYST1 record to PDB file with box info

/Users/darian/anaconda3/envs/md/bin/teLeap: Warning!
 Converting N-terminal residue name to PDB format: NMET -> MET

/Users/darian/anaconda3/envs/md/bin/teLeap: Warning!
 Converting C-terminal residue name to PDB format: CLYS -> LYS
	Quit

Exiting LEaP: Errors = 0; Warnings = 3; Notes = 1.
