
CPPTRAJ: Trajectory Analysis. V6.4.4 (AmberTools)
    ___  ___  ___  ___
     | \/ | \/ | \/ | 
    _|_/\_|_/\_|_/\_|_

| Date/time: 10/04/22 15:47:59
| Available memory: 126.735 GB

INPUT: Reading input from 'strip.cpp'
  [parm 1x88_solv.prmtop]
	Reading '1x88_solv.prmtop' as Amber Topology
	Radius Set: modified Bondi radii (mbondi)
  [trajin 1x88_solv.inpcrd]
	Reading '1x88_solv.inpcrd' as Amber Restart
  [strip :WAT,Cl-,Na+ parmout 1x88_dry.prmtop]
    STRIP: Stripping atoms in mask [:WAT,Cl-,Na+]
	Writing 'stripped' topology file with name '1x88_dry.prmtop'
  [go]
---------- RUN BEGIN -------------------------------------------------

PARAMETER FILES (1 total):
 0: 1x88_solv.prmtop, 188749 atoms, 46230 res, box: Truncated octahedron, 45863 mol, 45673 solvent

INPUT TRAJECTORIES (1 total):
 0: '1x88_solv.inpcrd' is an AMBER restart file, no velocities, Parm 1x88_solv.prmtop (Truncated octahedron box) (reading 1 of 1)
  Coordinate processing will occur on 1 frames.

BEGIN TRAJECTORY PROCESSING:
.....................................................
ACTION SETUP FOR PARM '1x88_solv.prmtop' (1 actions):
  0: [strip :WAT,Cl-,Na+ parmout 1x88_dry.prmtop]
	Stripping 182878 atoms.
	Stripped topology: 5871 atoms, 371 res, box: Truncated octahedron, 4 mol
	Writing topology 0 (1x88_solv.prmtop) to '1x88_dry.prmtop' with format Amber Topology
	Memory used by full exclusion list: 128.248 kB
----- 1x88_solv.inpcrd (1-1, 1) -----
100% Complete.

Read 1 frames and processed 1 frames.
TIME: Avg. throughput= 6.7300 frames / second.

ACTION OUTPUT:
TIME: Analyses took 0.0000 seconds.

RUN TIMING:
TIME:		Init               : 0.0000 s (  0.01%)
TIME:		Trajectory Process : 0.1486 s ( 99.88%)
TIME:		Action Post        : 0.0000 s (  0.00%)
TIME:		Analysis           : 0.0000 s (  0.00%)
TIME:		Data File Write    : 0.0000 s (  0.00%)
TIME:		Other              : 0.0002 s (  0.00%)
TIME:	Run Total 0.1488 s
---------- RUN END ---------------------------------------------------
  [quit]
TIME: Total execution time: 0.7252 seconds.
--------------------------------------------------------------------------------
To cite CPPTRAJ use:
Daniel R. Roe and Thomas E. Cheatham, III, "PTRAJ and CPPTRAJ: Software for
  Processing and Analysis of Molecular Dynamics Trajectory Data". J. Chem.
  Theory Comput., 2013, 9 (7), pp 3084-3095.

