
          -------------------------------------------------------
          Amber 18 PMEMD                              2018
          -------------------------------------------------------

| PMEMD implementation of SANDER, Release 18

| Run on 07/15/2022 at 16:05:29

|   Executable path: pmemd.MPI
| Working directory: /ix/lchong/dty7/eg5/prep/eg5_adpmon/16A_md
|          Hostname: smp-n123

  [-O]verwriting output

File Assignments:
|   MDIN: 03_eq1.in                                                             
|  MDOUT: 03_eq1.out                                                            
| INPCRD: 02_min.rst                                                            
|   PARM: 1x88_solv.prmtop                                                      
| RESTRT: 03_eq1.rst                                                            
|   REFC: 02_min.rst                                                            
|  MDVEL: mdvel                                                                 
|   MDEN: mden                                                                  
|  MDCRD: 03_eq1.nc                                                             
| MDINFO: mdinfo                                                                
|LOGFILE: logfile                                                               
|  MDFRC: mdfrc                                                                 

 
 Here is the input file:
 
20 ps solute restrained NVT equilibration using Langevin thermostat            
&cntrl                                                                         
  irest     = 0,                                                               
  ntx       = 1,                                                               
  ig        = -1,                                                              
  dt        = 0.002,                                                           
  nstlim    = 10000,                                                           
  nscm      = 500,                                                             
  ntr       = 1,                                                               
  restraint_wt  = 1.0,                                                         
  restraintmask = '!:WAT & !@H',                                               
  ntb       = 1,                                                               
  ntp       = 0,                                                               
  ntt       = 3,                                                               
  tempi     = 298.0,                                                           
  temp0     = 298.0,                                                           
  gamma_ln  = 1.0,                                                             
  ntf       = 2,                                                               
  ntc       = 2,                                                               
  cut       = 10.0,                                                            
  ntpr      = 500,                                                             
  ntxo      = 2,                                                               
  ntwr      = 10000,                                                           
  ioutfm    = 1,                                                               
  ntwx      = 500,                                                             
  iwrap     = 1,                                                               
&end                                                                           


Note: ig = -1. Setting random seed to   573007 based on wallclock time in
      microseconds and disabling the synchronization of random numbers 
      between tasks to improve performance.
| irandom = 1, using AMBER's internal random number generator (default).
 
 
| Conditional Compilation Defines Used:
| MPI
| FFTW_FFT
| BINTRAJ
| MKL
| EMIL
 
| Largest sphere to fit in unit cell has radius =    51.494

| New format PARM file being parsed.
| Version =    1.000 Date = 07/14/22 Time = 18:07:19

| Note: 1-4 EEL scale factors are being read from the topology file.

| Note: 1-4 VDW scale factors are being read from the topology file.
| Duplicated    0 dihedrals

| Duplicated    0 dihedrals

--------------------------------------------------------------------------------
   1.  RESOURCE   USE: 
--------------------------------------------------------------------------------

 getting box info from netcdf restart file
 NATOM  =  188749 NTYPES =      34 NBONH =  139964 MBONA  =   48642
 NTHETH =    6691 MTHETA =    4014 NPHIH =   13555 MPHIA  =   12752
 NHPARM =       0 NPARM  =       0 NNB   =  352280 NRES   =   46230
 NBONA  =   48642 NTHETA =    4014 NPHIA =   12752 NUMBND =     114
 NUMANG =     249 NPTRA  =     234 NATYP =      64 NPHB   =       0
 IFBOX  =       2 NMXRS  =      39 IFCAP =       0 NEXTRA =   45673
 NCOPY  =       0


| Coordinate Index Table dimensions:    18   18   18
| Direct force subcell size =     7.0075    7.0075    7.0075

     BOX TYPE: TRUNCATED OCTAHEDRON

--------------------------------------------------------------------------------
   2.  CONTROL  DATA  FOR  THE  RUN
--------------------------------------------------------------------------------

default_name                                                                    

General flags:
     imin    =       0, nmropt  =       0

Nature and format of input:
     ntx     =       1, irest   =       0, ntrx    =       1

Nature and format of output:
     ntxo    =       2, ntpr    =     500, ntrx    =       1, ntwr    =   10000
     iwrap   =       1, ntwx    =     500, ntwv    =       0, ntwe    =       0
     ioutfm  =       1, ntwprt  =       0, idecomp =       0, rbornstat=      0

Potential function:
     ntf     =       2, ntb     =       1, igb     =       0, nsnb    =      25
     ipol    =       0, gbsa    =       0, iesp    =       0
     dielc   =   1.00000, cut     =  10.00000, intdiel =   1.00000

Frozen or restrained atoms:
     ibelly  =       0, ntr     =       1
     restraint_wt =   1.00000

Molecular dynamics:
     nstlim  =     10000, nscm    =         0, nrespa  =         1
     t       =   0.00000, dt      =   0.00200, vlimit  =  20.00000

Langevin dynamics temperature regulation:
     ig      =  573007
     temp0   = 298.00000, tempi   = 298.00000, gamma_ln=   1.00000

SHAKE:
     ntc     =       2, jfastw  =       0
     tol     =   0.00001

| Intermolecular bonds treatment:
|     no_intermolecular_bonds =       1

| Energy averages sample interval:
|     ene_avg_sampling =     500

Extra-points options:
     frameon =       1, chngmask=       1

Ewald parameters:
     verbose =       0, ew_type =       0, nbflag  =       1, use_pme =       1
     vdwmeth =       1, eedmeth =       1, netfrc  =       1
     Box X =  126.135   Box Y =  126.135   Box Z =  126.135
     Alpha =  109.471   Beta  =  109.471   Gamma =  109.471
     NFFT1 =  128       NFFT2 =  128       NFFT3 =  128
     Cutoff=   10.000   Tol   =0.100E-04
     Ewald Coefficient =  0.27511
     Interpolation order =    4

| PMEMD ewald parallel performance parameters:
|     block_fft =    0
|     fft_blk_y_divisor =    2
|     excl_recip =    0
|     excl_master =    0
|     atm_redist_freq =  320

    LOADING THE CONSTRAINED ATOMS AS GROUPS


   5.  REFERENCE ATOM COORDINATES

  default_name                                                                    
     Mask !:WAT & !@H; matches  5703 atoms
|      EXTRA_PTS, trim_bonds: num bonds BEFORE trim =139964     0
|      EXTRA_PTS, trim_bonds: num bonds AFTER  trim =139964     0
|      EXTRA_PTS, trim_bonds: num bonds BEFORE trim = 48642     0
|      EXTRA_PTS, trim_bonds: num bonds AFTER  trim =  2969     0
|      EXTRA_PTS, trim_theta: num angle BEFORE trim =  6691     0
|      EXTRA_PTS, trim_theta: num angle AFTER  trim =  6691     0
|      EXTRA_PTS, trim_theta: num angle BEFORE trim =  4014     0
|      EXTRA_PTS, trim_theta: num angle AFTER  trim =  4014     0
|      EXTRA_PTS, trim_phi:  num diheds BEFORE trim = 13555     0
|      EXTRA_PTS, trim_phi:  num diheds AFTER  trim = 13555     0
|      EXTRA_PTS, trim_phi:  num diheds BEFORE trim = 12752     0
|      EXTRA_PTS, trim_phi:  num diheds AFTER  trim = 12752     0

--------------------------------------------------------------------------------
   3.  ATOMIC COORDINATES AND VELOCITIES
--------------------------------------------------------------------------------

default_name                                                                    
 begin time read from input coords =     0.000 ps

 
 Number of triangulated 3-point waters found:    45673

     Sum of charges from parm topology file =   0.00025051
     Forcing neutrality...

| Dynamic Memory, Types Used:
| Reals             8193335
| Integers         11532700

| Nonbonded Pairs Initial Allocation:     4621991

| Running AMBER/MPI version on   16 MPI task

 
--------------------------------------------------------------------------------
   4.  RESULTS
--------------------------------------------------------------------------------

 ---------------------------------------------------
 APPROXIMATING switch and d/dx switch using CUBIC SPLINE INTERPOLATION
 using   5000.0 points per unit in tabled values
 TESTING RELATIVE ERROR over r ranging from 0.0 to cutoff
| CHECK switch(x): max rel err =   0.3316E-14   at   2.351880
| CHECK d/dx switch(x): max rel err =   0.8066E-11   at   2.747240
 ---------------------------------------------------
|---------------------------------------------------
| APPROXIMATING direct energy using CUBIC SPLINE INTERPOLATION
|  with   50.0 points per unit in tabled values
| Relative Error Limit not exceeded for r .gt.   2.34
| APPROXIMATING direct force using CUBIC SPLINE INTERPOLATION
|  with   50.0 points per unit in tabled values
| Relative Error Limit not exceeded for r .gt.   2.81
|---------------------------------------------------

 NSTEP =        0   TIME(PS) =       0.000  TEMP(K) =   441.86  PRESS =     0.0
 Etot   =   -854353.5272  EKtot   =    126995.1477  EPtot      =   -981348.6749
 BOND   =       242.4064  ANGLE   =       811.8880  DIHED      =      1595.1218
 UB     =         0.0000  IMP     =         0.0000  CMAP       =       288.5829
 1-4 NB =      1112.5420  1-4 EEL =     12344.8194  VDWAALS    =    184258.3232
 EELEC  =  -1182002.3585  EHBOND  =         0.0000  RESTRAINT  =         0.0000
 Ewald error estimate:   0.1235E-03
 ------------------------------------------------------------------------------

wrapping first mol.:     -126.13502        0.00000        0.00000

 NSTEP =      500   TIME(PS) =       1.000  TEMP(K) =   253.83  PRESS =     0.0
 Etot   =   -535585.2988  EKtot   =     72954.8119  EPtot      =   -608540.1107
 BOND   =       970.0865  ANGLE   =      2601.7791  DIHED      =      1987.6526
 UB     =         0.0000  IMP     =         0.0000  CMAP       =       300.9544
 1-4 NB =      1259.1223  1-4 EEL =     12350.8208  VDWAALS    =     89725.2480
 EELEC  =   -718225.8340  EHBOND  =         0.0000  RESTRAINT  =       490.0597
 EAMBER (non-restraint)  =   -609030.1703
 Ewald error estimate:   0.6954E-04
 ------------------------------------------------------------------------------

wrapping first mol.:     -126.13502        0.00000        0.00000

 NSTEP =     1000   TIME(PS) =       2.000  TEMP(K) =   279.72  PRESS =     0.0
 Etot   =   -518269.1847  EKtot   =     80395.5216  EPtot      =   -598664.7063
 BOND   =      1067.0905  ANGLE   =      2896.7699  DIHED      =      2047.6349
 UB     =         0.0000  IMP     =         0.0000  CMAP       =       307.9031
 1-4 NB =      1274.2575  1-4 EEL =     12403.5842  VDWAALS    =     84850.6234
 EELEC  =   -704075.4529  EHBOND  =         0.0000  RESTRAINT  =       562.8831
 EAMBER (non-restraint)  =   -599227.5893
 Ewald error estimate:   0.3337E-04
 ------------------------------------------------------------------------------

wrapping first mol.:     -126.13502        0.00000        0.00000

 NSTEP =     1500   TIME(PS) =       3.000  TEMP(K) =   289.99  PRESS =     0.0
 Etot   =   -510539.8801  EKtot   =     83345.2175  EPtot      =   -593885.0976
 BOND   =      1131.2367  ANGLE   =      2965.6418  DIHED      =      2017.1665
 UB     =         0.0000  IMP     =         0.0000  CMAP       =       307.8138
 1-4 NB =      1263.9794  1-4 EEL =     12245.5983  VDWAALS    =     82615.5513
 EELEC  =   -697023.6559  EHBOND  =         0.0000  RESTRAINT  =       591.5704
 EAMBER (non-restraint)  =   -594476.6680
 Ewald error estimate:   0.9954E-04
 ------------------------------------------------------------------------------

wrapping first mol.:     -126.13502        0.00000        0.00000

 NSTEP =     2000   TIME(PS) =       4.000  TEMP(K) =   293.64  PRESS =     0.0
 Etot   =   -507039.1011  EKtot   =     84396.4604  EPtot      =   -591435.5615
 BOND   =      1104.4316  ANGLE   =      2957.5365  DIHED      =      2091.7102
 UB     =         0.0000  IMP     =         0.0000  CMAP       =       295.7881
 1-4 NB =      1295.7799  1-4 EEL =     12347.2432  VDWAALS    =     80152.4483
 EELEC  =   -692271.7193  EHBOND  =         0.0000  RESTRAINT  =       591.2200
 EAMBER (non-restraint)  =   -592026.7815
 Ewald error estimate:   0.3971E-05
 ------------------------------------------------------------------------------

wrapping first mol.:     -126.13502        0.00000        0.00000

 NSTEP =     2500   TIME(PS) =       5.000  TEMP(K) =   295.01  PRESS =     0.0
 Etot   =   -505716.6147  EKtot   =     84788.3496  EPtot      =   -590504.9643
 BOND   =      1155.4447  ANGLE   =      2934.8709  DIHED      =      2043.4568
 UB     =         0.0000  IMP     =         0.0000  CMAP       =       315.9372
 1-4 NB =      1277.3407  1-4 EEL =     12325.3056  VDWAALS    =     80338.7114
 EELEC  =   -691526.9288  EHBOND  =         0.0000  RESTRAINT  =       630.8971
 EAMBER (non-restraint)  =   -591135.8614
 Ewald error estimate:   0.2887E-04
 ------------------------------------------------------------------------------

wrapping first mol.:     -126.13502        0.00000        0.00000

 NSTEP =     3000   TIME(PS) =       6.000  TEMP(K) =   296.24  PRESS =     0.0
 Etot   =   -504324.5863  EKtot   =     85144.0457  EPtot      =   -589468.6320
 BOND   =      1118.3054  ANGLE   =      2976.5888  DIHED      =      2027.4223
 UB     =         0.0000  IMP     =         0.0000  CMAP       =       310.8457
 1-4 NB =      1299.5396  1-4 EEL =     12362.2027  VDWAALS    =     79119.3070
 EELEC  =   -689298.6687  EHBOND  =         0.0000  RESTRAINT  =       615.8253
 EAMBER (non-restraint)  =   -590084.4573
 Ewald error estimate:   0.5477E-04
 ------------------------------------------------------------------------------

wrapping first mol.:     -126.13502        0.00000        0.00000

 NSTEP =     3500   TIME(PS) =       7.000  TEMP(K) =   297.44  PRESS =     0.0
 Etot   =   -503531.4961  EKtot   =     85486.4084  EPtot      =   -589017.9046
 BOND   =      1117.3792  ANGLE   =      3019.5943  DIHED      =      2047.8776
 UB     =         0.0000  IMP     =         0.0000  CMAP       =       300.5449
 1-4 NB =      1304.6384  1-4 EEL =     12352.0364  VDWAALS    =     79211.7606
 EELEC  =   -688965.3449  EHBOND  =         0.0000  RESTRAINT  =       593.6089
 EAMBER (non-restraint)  =   -589611.5135
 Ewald error estimate:   0.4585E-04
 ------------------------------------------------------------------------------

wrapping first mol.:     -126.13502        0.00000        0.00000

 NSTEP =     4000   TIME(PS) =       8.000  TEMP(K) =   297.81  PRESS =     0.0
 Etot   =   -502853.6576  EKtot   =     85593.4239  EPtot      =   -588447.0815
 BOND   =      1168.3261  ANGLE   =      3039.6814  DIHED      =      2045.3068
 UB     =         0.0000  IMP     =         0.0000  CMAP       =       312.2037
 1-4 NB =      1292.6465  1-4 EEL =     12422.2127  VDWAALS    =     79373.5848
 EELEC  =   -688709.1667  EHBOND  =         0.0000  RESTRAINT  =       608.1232
 EAMBER (non-restraint)  =   -589055.2047
 Ewald error estimate:   0.1352E-03
 ------------------------------------------------------------------------------

wrapping first mol.:     -126.13502        0.00000        0.00000

 NSTEP =     4500   TIME(PS) =       9.000  TEMP(K) =   297.84  PRESS =     0.0
 Etot   =   -503292.8077  EKtot   =     85603.7428  EPtot      =   -588896.5505
 BOND   =      1127.0821  ANGLE   =      2977.7214  DIHED      =      2068.3004
 UB     =         0.0000  IMP     =         0.0000  CMAP       =       299.6215
 1-4 NB =      1273.0009  1-4 EEL =     12381.1325  VDWAALS    =     79084.0656
 EELEC  =   -688718.8829  EHBOND  =         0.0000  RESTRAINT  =       611.4081
 EAMBER (non-restraint)  =   -589507.9586
 Ewald error estimate:   0.3198E-04
 ------------------------------------------------------------------------------

wrapping first mol.:     -126.13502        0.00000        0.00000

 NSTEP =     5000   TIME(PS) =      10.000  TEMP(K) =   297.38  PRESS =     0.0
 Etot   =   -502998.5663  EKtot   =     85470.4049  EPtot      =   -588468.9712
 BOND   =      1185.9907  ANGLE   =      2968.4800  DIHED      =      2059.0828
 UB     =         0.0000  IMP     =         0.0000  CMAP       =       310.9601
 1-4 NB =      1304.3252  1-4 EEL =     12235.2024  VDWAALS    =     78452.2867
 EELEC  =   -687593.3443  EHBOND  =         0.0000  RESTRAINT  =       608.0451
 EAMBER (non-restraint)  =   -589077.0163
 Ewald error estimate:   0.4433E-04
 ------------------------------------------------------------------------------

wrapping first mol.:     -126.13502        0.00000        0.00000

 NSTEP =     5500   TIME(PS) =      11.000  TEMP(K) =   298.03  PRESS =     0.0
 Etot   =   -503175.2339  EKtot   =     85655.9074  EPtot      =   -588831.1413
 BOND   =      1139.4990  ANGLE   =      2939.7237  DIHED      =      2042.9429
 UB     =         0.0000  IMP     =         0.0000  CMAP       =       320.6335
 1-4 NB =      1279.7751  1-4 EEL =     12327.9546  VDWAALS    =     78113.4661
 EELEC  =   -687617.5429  EHBOND  =         0.0000  RESTRAINT  =       622.4067
 EAMBER (non-restraint)  =   -589453.5480
 Ewald error estimate:   0.1000E-03
 ------------------------------------------------------------------------------

wrapping first mol.:     -126.13502        0.00000        0.00000

 NSTEP =     6000   TIME(PS) =      12.000  TEMP(K) =   298.74  PRESS =     0.0
 Etot   =   -503131.6043  EKtot   =     85862.7015  EPtot      =   -588994.3058
 BOND   =      1128.5986  ANGLE   =      2948.6417  DIHED      =      2039.1334
 UB     =         0.0000  IMP     =         0.0000  CMAP       =       304.8396
 1-4 NB =      1275.2135  1-4 EEL =     12285.0371  VDWAALS    =     78788.2047
 EELEC  =   -688404.4474  EHBOND  =         0.0000  RESTRAINT  =       640.4729
 EAMBER (non-restraint)  =   -589634.7787
 Ewald error estimate:   0.7432E-04
 ------------------------------------------------------------------------------

wrapping first mol.:     -126.13502        0.00000        0.00000

 NSTEP =     6500   TIME(PS) =      13.000  TEMP(K) =   297.85  PRESS =     0.0
 Etot   =   -503352.2892  EKtot   =     85604.5677  EPtot      =   -588956.8569
 BOND   =      1159.0487  ANGLE   =      2934.5397  DIHED      =      2075.2292
 UB     =         0.0000  IMP     =         0.0000  CMAP       =       302.9525
 1-4 NB =      1278.9510  1-4 EEL =     12373.0960  VDWAALS    =     78842.5898
 EELEC  =   -688532.2664  EHBOND  =         0.0000  RESTRAINT  =       609.0025
 EAMBER (non-restraint)  =   -589565.8594
 Ewald error estimate:   0.6904E-04
 ------------------------------------------------------------------------------

wrapping first mol.:     -126.13502        0.00000        0.00000

 NSTEP =     7000   TIME(PS) =      14.000  TEMP(K) =   297.48  PRESS =     0.0
 Etot   =   -503128.0188  EKtot   =     85498.9034  EPtot      =   -588626.9223
 BOND   =      1097.7470  ANGLE   =      3016.4567  DIHED      =      2035.0082
 UB     =         0.0000  IMP     =         0.0000  CMAP       =       313.0803
 1-4 NB =      1291.0308  1-4 EEL =     12354.3568  VDWAALS    =     78307.6080
 EELEC  =   -687654.1532  EHBOND  =         0.0000  RESTRAINT  =       611.9432
 EAMBER (non-restraint)  =   -589238.8655
 Ewald error estimate:   0.9103E-04
 ------------------------------------------------------------------------------

wrapping first mol.:     -126.13502        0.00000        0.00000

 NSTEP =     7500   TIME(PS) =      15.000  TEMP(K) =   298.97  PRESS =     0.0
 Etot   =   -502372.5052  EKtot   =     85928.2520  EPtot      =   -588300.7572
 BOND   =      1145.1100  ANGLE   =      2954.6489  DIHED      =      2099.4863
 UB     =         0.0000  IMP     =         0.0000  CMAP       =       306.6640
 1-4 NB =      1268.5547  1-4 EEL =     12250.9769  VDWAALS    =     78782.8131
 EELEC  =   -687728.3550  EHBOND  =         0.0000  RESTRAINT  =       619.3438
 EAMBER (non-restraint)  =   -588920.1010
 Ewald error estimate:   0.5885E-04
 ------------------------------------------------------------------------------

wrapping first mol.:     -126.13502        0.00000        0.00000

 NSTEP =     8000   TIME(PS) =      16.000  TEMP(K) =   298.13  PRESS =     0.0
 Etot   =   -502504.0087  EKtot   =     85686.5651  EPtot      =   -588190.5738
 BOND   =      1159.6502  ANGLE   =      2898.4215  DIHED      =      2062.2983
 UB     =         0.0000  IMP     =         0.0000  CMAP       =       314.9053
 1-4 NB =      1280.7291  1-4 EEL =     12255.3958  VDWAALS    =     78619.9228
 EELEC  =   -687417.6883  EHBOND  =         0.0000  RESTRAINT  =       635.7915
 EAMBER (non-restraint)  =   -588826.3653
 Ewald error estimate:   0.1114E-03
 ------------------------------------------------------------------------------

wrapping first mol.:     -126.13502        0.00000        0.00000

 NSTEP =     8500   TIME(PS) =      17.000  TEMP(K) =   298.37  PRESS =     0.0
 Etot   =   -503134.3400  EKtot   =     85755.8165  EPtot      =   -588890.1565
 BOND   =      1130.1623  ANGLE   =      2995.9565  DIHED      =      2056.5149
 UB     =         0.0000  IMP     =         0.0000  CMAP       =       302.9101
 1-4 NB =      1268.5819  1-4 EEL =     12245.6159  VDWAALS    =     78669.6998
 EELEC  =   -688173.1257  EHBOND  =         0.0000  RESTRAINT  =       613.5279
 EAMBER (non-restraint)  =   -589503.6844
 Ewald error estimate:   0.9668E-06
 ------------------------------------------------------------------------------

wrapping first mol.:     -126.13502        0.00000        0.00000

 NSTEP =     9000   TIME(PS) =      18.000  TEMP(K) =   296.81  PRESS =     0.0
 Etot   =   -503408.0741  EKtot   =     85305.4128  EPtot      =   -588713.4870
 BOND   =      1153.0934  ANGLE   =      3024.1613  DIHED      =      2059.4018
 UB     =         0.0000  IMP     =         0.0000  CMAP       =       315.0938
 1-4 NB =      1294.9841  1-4 EEL =     12234.4740  VDWAALS    =     77949.2300
 EELEC  =   -687378.0910  EHBOND  =         0.0000  RESTRAINT  =       634.1656
 EAMBER (non-restraint)  =   -589347.6525
 Ewald error estimate:   0.5782E-06
 ------------------------------------------------------------------------------

wrapping first mol.:     -126.13502        0.00000        0.00000

 NSTEP =     9500   TIME(PS) =      19.000  TEMP(K) =   297.94  PRESS =     0.0
 Etot   =   -503282.7353  EKtot   =     85630.1707  EPtot      =   -588912.9060
 BOND   =      1133.3114  ANGLE   =      2933.1257  DIHED      =      2046.3005
 UB     =         0.0000  IMP     =         0.0000  CMAP       =       307.8376
 1-4 NB =      1292.2624  1-4 EEL =     12309.3236  VDWAALS    =     78323.6960
 EELEC  =   -687867.6852  EHBOND  =         0.0000  RESTRAINT  =       608.9220
 EAMBER (non-restraint)  =   -589521.8280
 Ewald error estimate:   0.8836E-04
 ------------------------------------------------------------------------------

wrapping first mol.:     -126.13502        0.00000        0.00000
wrapping first mol.:     -126.13502        0.00000        0.00000

 NSTEP =    10000   TIME(PS) =      20.000  TEMP(K) =   296.17  PRESS =     0.0
 Etot   =   -503818.1673  EKtot   =     85122.2292  EPtot      =   -588940.3965
 BOND   =      1160.8155  ANGLE   =      2937.3058  DIHED      =      2031.0062
 UB     =         0.0000  IMP     =         0.0000  CMAP       =       314.7795
 1-4 NB =      1289.1853  1-4 EEL =     12397.1187  VDWAALS    =     78326.1868
 EELEC  =   -688031.6004  EHBOND  =         0.0000  RESTRAINT  =       634.8061
 EAMBER (non-restraint)  =   -589575.2025
 Ewald error estimate:   0.5570E-05
 ------------------------------------------------------------------------------


      A V E R A G E S   O V E R      20 S T E P S


 NSTEP =    10000   TIME(PS) =      20.000  TEMP(K) =   293.87  PRESS =     0.0
 Etot   =   -506272.9085  EKtot   =     84461.4457  EPtot      =   -590734.3542
 BOND   =      1127.6205  ANGLE   =      2946.0823  DIHED      =      2049.1466
 UB     =         0.0000  IMP     =         0.0000  CMAP       =       308.3134
 1-4 NB =      1283.1949  1-4 EEL =     12322.9344  VDWAALS    =     79882.3502
 EELEC  =   -691260.6977  EHBOND  =         0.0000  RESTRAINT  =       606.7011
 EAMBER (non-restraint)  =   -591341.0553
 Ewald error estimate:   0.5738E-04
 ------------------------------------------------------------------------------


      R M S  F L U C T U A T I O N S


 NSTEP =    10000   TIME(PS) =      20.000  TEMP(K) =    10.11  PRESS =     0.0
 Etot   =      7632.6980  EKtot   =      2907.1300  EPtot      =      4740.0485
 BOND   =        44.8361  ANGLE   =        87.8978  DIHED      =        24.3178
 UB     =         0.0000  IMP     =         0.0000  CMAP       =         6.3746
 1-4 NB =        13.1031  1-4 EEL =        59.7431  VDWAALS    =      2775.2418
 EELEC  =      7337.7647  EHBOND  =         0.0000  RESTRAINT  =        32.3123
 EAMBER (non-restraint)  =      4707.7361
 Ewald error estimate:   0.3842E-04
 ------------------------------------------------------------------------------

--------------------------------------------------------------------------------
   5.  TIMINGS
--------------------------------------------------------------------------------

|  NonSetup CPU Time in Major Routines, Average for All Tasks:
|
|     Routine           Sec        %
|     ------------------------------
|     DataDistrib      29.26    4.47
|     Nonbond         589.02   90.00
|     Bond              0.10    0.02
|     Angle             0.54    0.08
|     Dihedral          2.85    0.44
|     Shake             2.96    0.45
|     RunMD            29.71    4.54
|     Other             0.04    0.01
|     ------------------------------
|     Total           654.49

|  PME Nonbond Pairlist CPU Time, Average for All Tasks:
|
|     Routine              Sec        %
|     ---------------------------------
|     Set Up Cit           5.67    0.87
|     Build List          86.46   13.21
|     ---------------------------------
|     Total               92.13   14.08

|  PME Direct Force CPU Time, Average for All Tasks:
|
|     Routine              Sec        %
|     ---------------------------------
|     NonBonded Calc     389.65   59.53
|     Exclude Masked       5.51    0.84
|     Other               21.45    3.28
|     ---------------------------------
|     Total              416.60   63.65

|  PME Reciprocal Force CPU Time, Average for All Tasks:
|
|     Routine              Sec        %
|     ---------------------------------
|     1D bspline          11.71    1.79
|     Grid Charges         9.26    1.42
|     Scalar Sum           3.42    0.52
|     Gradient Sum        12.98    1.98
|     FFT                 42.77    6.54
|     ---------------------------------
|     Total               80.15   12.25

|  PME Load Balancing CPU Time, Average for All Tasks:
|
|     Routine                 Sec        %
|     ------------------------------------
|     Atom Reassign           0.03    0.00
|     Image Reassign          0.04    0.01
|     FFT Reassign            0.00    0.00
|     ------------------------------------
|     Total                   0.08    0.01

|  Final Performance Info:
|     -----------------------------------------------------
|     Average timings for last       1 steps:
|     Elapsed(s) =       0.01 Per Step(ms) =       7.00
|         ns/day =      24.70   seconds/ns =    3498.05
|
|     Average timings for all steps:
|     Elapsed(s) =     654.58 Per Step(ms) =      65.46
|         ns/day =       2.64   seconds/ns =   32728.75
|     -----------------------------------------------------

|  Master Setup CPU time:            0.88 seconds
|  Master NonSetup CPU time:       654.37 seconds
|  Master Total CPU time:          655.25 seconds     0.18 hours

|  Master Setup wall time:           0    seconds
|  Master NonSetup wall time:      655    seconds
|  Master Total wall time:         655    seconds     0.18 hours
