Warning: When compiling code please add the following flags to nvcc:
         -gencode arch=compute_35,code=[compute_35,sm_35] \
         -gencode arch=compute_61,code=[compute_61,sm_61] 
         -gencode arch=compute_70,code=[compute_70,sm_70] 
Warning: When compiling code please add the following flags to nvcc:
         -gencode arch=compute_35,code=[compute_35,sm_35] \
         -gencode arch=compute_61,code=[compute_61,sm_61] 
         -gencode arch=compute_70,code=[compute_70,sm_70] 
+ SANDER=pmemd.cuda
+ INP=10_prod.in
+ TOP=1x88_solv.prmtop
+ CRD=09_prod.rst
+ OUT=10_prod
+ pmemd.cuda -O -i 10_prod.in -p 1x88_solv.prmtop -c 09_prod.rst -r 10_prod.rst -o 10_prod.out -e 10_prod.ene -v 10_prod.vel -inf 10_prod.nfo -x 10_prod.nc

  Unit    9 Error on OPEN: 09_prod.rst                                                                                                                                                                                                                                                     
PMEMD Terminated Abnormally!
+ echo 'parm 1x88_solv.prmtop'
+ echo 'trajin 10_prod.nc'
+ echo autoimage
+ echo 'strip :WAT,Cl-,Na+'
+ echo 'trajout 10_prod_dry.nc'
+ echo go
+ echo quit
+ cpptraj -i strip_10.in
Error: '1x88_solv.prmtop': No such file or directory
Error: Could not open topology '1x88_solv.prmtop'
	1 errors encountered reading input.
Error: Error(s) occurred during execution.
+ '[' -f 10_prod_dry.nc ']'
