MPI startup(): PMI server not found. Please set I_MPI_PMI_LIBRARY variable if it is not a singleton case.
Updating system with the options from the configuration file
Maximum wallclock time: 2 days, 0:00:00

Sun Mar 17 01:43:34 2024
Iteration 515 (1000 requested)
Beginning iteration 515
280 segments remain in iteration 515 (280 total)
67 of 107 (62.616822%) active bins are populated
per-bin minimum non-zero probability:       5.21025e-128
per-bin maximum probability:                1
per-bin probability dynamic range (kT):     293.08
per-segment minimum non-zero probability:   1.30256e-128
per-segment maximum non-zero probability:   0.0833347
per-segment probability dynamic range (kT): 291.982
norm = 1, error in norm = -6.66134e-16 (-3*epsilon)
-- WARNING  [westpa.core.sim_manager] -- 
Minimum segment weight is < 1e-100 and might not be physically relevant. Please reconsider your progress coordinate or binning scheme.
MAB binning in use
Bottleneck bin occupancy may not be accurately reported
Waiting for segments to complete...
Iteration completed successfully
Iteration wallclock: 0:31:24.059298, cputime: 4:13:30.855906


Sun Mar 17 02:14:58 2024
Iteration 516 (1000 requested)
Beginning iteration 516
282 segments remain in iteration 516 (282 total)
68 of 107 (63.551402%) active bins are populated
per-bin minimum non-zero probability:       1.30256e-128
per-bin maximum probability:                0.833333
per-bin probability dynamic range (kT):     294.284
per-segment minimum non-zero probability:   3.25641e-129
per-segment maximum non-zero probability:   0.0833347
per-segment probability dynamic range (kT): 293.368
norm = 1, error in norm = -5.55112e-16 (-2.5*epsilon)
-- WARNING  [westpa.core.sim_manager] -- 
Minimum segment weight is < 1e-100 and might not be physically relevant. Please reconsider your progress coordinate or binning scheme.
MAB binning in use
Bottleneck bin occupancy may not be accurately reported
Waiting for segments to complete...
Iteration completed successfully
Iteration wallclock: 0:31:28.702712, cputime: 4:15:23.009552


Sun Mar 17 02:46:27 2024
Iteration 517 (1000 requested)
Beginning iteration 517
277 segments remain in iteration 517 (277 total)
68 of 107 (63.551402%) active bins are populated
per-bin minimum non-zero probability:       3.25641e-129
per-bin maximum probability:                0.979167
per-bin probability dynamic range (kT):     295.832
per-segment minimum non-zero probability:   3.25641e-129
per-segment maximum non-zero probability:   0.083334
per-segment probability dynamic range (kT): 293.368
norm = 1, error in norm = -6.66134e-16 (-3*epsilon)
-- WARNING  [westpa.core.sim_manager] -- 
Minimum segment weight is < 1e-100 and might not be physically relevant. Please reconsider your progress coordinate or binning scheme.
MAB binning in use
Bottleneck bin occupancy may not be accurately reported
Waiting for segments to complete...
Iteration completed successfully
Iteration wallclock: 0:30:50.947702, cputime: 4:10:39.964438


Sun Mar 17 03:17:18 2024
Iteration 518 (1000 requested)
Beginning iteration 518
292 segments remain in iteration 518 (292 total)
72 of 107 (67.289720%) active bins are populated
per-bin minimum non-zero probability:       3.37246e-129
per-bin maximum probability:                0.916666
per-bin probability dynamic range (kT):     295.731
per-segment minimum non-zero probability:   3.37246e-129
per-segment maximum non-zero probability:   0.0868056
per-segment probability dynamic range (kT): 293.374
norm = 1, error in norm = -5.55112e-16 (-2.5*epsilon)
-- WARNING  [westpa.core.sim_manager] -- 
Minimum segment weight is < 1e-100 and might not be physically relevant. Please reconsider your progress coordinate or binning scheme.
MAB binning in use
Bottleneck bin occupancy may not be accurately reported
Waiting for segments to complete...
Iteration completed successfully
Iteration wallclock: 0:32:15.479044, cputime: 4:24:22.151939


Sun Mar 17 03:49:34 2024
Iteration 519 (1000 requested)
Beginning iteration 519
296 segments remain in iteration 519 (296 total)
72 of 107 (67.289720%) active bins are populated
per-bin minimum non-zero probability:       3.37246e-129
per-bin maximum probability:                0.913194
per-bin probability dynamic range (kT):     295.727
per-segment minimum non-zero probability:   3.37246e-129
per-segment maximum non-zero probability:   0.0833334
per-segment probability dynamic range (kT): 293.333
norm = 1, error in norm = -6.66134e-16 (-3*epsilon)
-- WARNING  [westpa.core.sim_manager] -- 
Minimum segment weight is < 1e-100 and might not be physically relevant. Please reconsider your progress coordinate or binning scheme.
MAB binning in use
Bottleneck bin occupancy may not be accurately reported
Waiting for segments to complete...
Iteration completed successfully
Iteration wallclock: 0:33:03.347056, cputime: 4:29:23.919415


Sun Mar 17 04:22:37 2024
Iteration 520 (1000 requested)
Beginning iteration 520
280 segments remain in iteration 520 (280 total)
69 of 107 (64.485981%) active bins are populated
per-bin minimum non-zero probability:       3.37246e-129
per-bin maximum probability:                0.916667
per-bin probability dynamic range (kT):     295.731
per-segment minimum non-zero probability:   3.37246e-129
per-segment maximum non-zero probability:   0.0847801
per-segment probability dynamic range (kT): 293.35
norm = 1, error in norm = -6.66134e-16 (-3*epsilon)
-- WARNING  [westpa.core.sim_manager] -- 
Minimum segment weight is < 1e-100 and might not be physically relevant. Please reconsider your progress coordinate or binning scheme.
MAB binning in use
Bottleneck bin occupancy may not be accurately reported
Waiting for segments to complete...
Iteration completed successfully
Iteration wallclock: 0:31:27.742361, cputime: 4:15:05.639010


Sun Mar 17 04:54:05 2024
Iteration 521 (1000 requested)
Beginning iteration 521
276 segments remain in iteration 521 (276 total)
67 of 107 (62.616822%) active bins are populated
per-bin minimum non-zero probability:       2.89971e-128
per-bin maximum probability:                1
per-bin probability dynamic range (kT):     293.666
per-segment minimum non-zero probability:   7.24928e-129
per-segment maximum non-zero probability:   0.0842978
per-segment probability dynamic range (kT): 292.579
norm = 1, error in norm = -7.77156e-16 (-3.5*epsilon)
-- WARNING  [westpa.core.sim_manager] -- 
Minimum segment weight is < 1e-100 and might not be physically relevant. Please reconsider your progress coordinate or binning scheme.
MAB binning in use
Bottleneck bin occupancy may not be accurately reported
Waiting for segments to complete...
Iteration completed successfully
Iteration wallclock: 0:30:54.766208, cputime: 4:11:26.961497


Sun Mar 17 05:25:00 2024
Iteration 522 (1000 requested)
Beginning iteration 522
291 segments remain in iteration 522 (291 total)
70 of 107 (65.420561%) active bins are populated
per-bin minimum non-zero probability:       6.73614e-127
per-bin maximum probability:                0.916956
per-bin probability dynamic range (kT):     290.434
per-segment minimum non-zero probability:   1.68404e-127
per-segment maximum non-zero probability:   0.0842978
per-segment probability dynamic range (kT): 289.434
norm = 1, error in norm = -8.88178e-16 (-4*epsilon)
-- WARNING  [westpa.core.sim_manager] -- 
Minimum segment weight is < 1e-100 and might not be physically relevant. Please reconsider your progress coordinate or binning scheme.
MAB binning in use
Bottleneck bin occupancy may not be accurately reported
Waiting for segments to complete...
Iteration completed successfully
Iteration wallclock: 0:32:51.041306, cputime: 4:25:17.489994


Sun Mar 17 05:57:51 2024
Iteration 523 (1000 requested)
Beginning iteration 523
291 segments remain in iteration 523 (291 total)
71 of 107 (66.355140%) active bins are populated
per-bin minimum non-zero probability:       6.1562e-127
per-bin maximum probability:                0.91698
per-bin probability dynamic range (kT):     290.524
per-segment minimum non-zero probability:   1.53905e-127
per-segment maximum non-zero probability:   0.083837
per-segment probability dynamic range (kT): 289.518
norm = 1, error in norm = -7.77156e-16 (-3.5*epsilon)
-- WARNING  [westpa.core.sim_manager] -- 
Minimum segment weight is < 1e-100 and might not be physically relevant. Please reconsider your progress coordinate or binning scheme.
MAB binning in use
Bottleneck bin occupancy may not be accurately reported
Waiting for segments to complete...
Iteration completed successfully
Iteration wallclock: 0:32:45.823633, cputime: 4:25:04.702661


Sun Mar 17 06:30:37 2024
Iteration 524 (1000 requested)
Beginning iteration 524
268 segments remain in iteration 524 (268 total)
66 of 107 (61.682243%) active bins are populated
per-bin minimum non-zero probability:       3.0781e-127
per-bin maximum probability:                1
per-bin probability dynamic range (kT):     291.304
per-segment minimum non-zero probability:   7.69525e-128
per-segment maximum non-zero probability:   0.083837
per-segment probability dynamic range (kT): 290.211
norm = 1, error in norm = -8.88178e-16 (-4*epsilon)
-- WARNING  [westpa.core.sim_manager] -- 
Minimum segment weight is < 1e-100 and might not be physically relevant. Please reconsider your progress coordinate or binning scheme.
MAB binning in use
Bottleneck bin occupancy may not be accurately reported
Waiting for segments to complete...
Iteration completed successfully
Iteration wallclock: 0:30:17.690355, cputime: 4:04:00.346224


Sun Mar 17 07:00:55 2024
Iteration 525 (1000 requested)
Beginning iteration 525
295 segments remain in iteration 525 (295 total)
71 of 107 (66.355140%) active bins are populated
per-bin minimum non-zero probability:       1.15785e-127
per-bin maximum probability:                0.916957
per-bin probability dynamic range (kT):     292.195
per-segment minimum non-zero probability:   2.89462e-128
per-segment maximum non-zero probability:   0.0836327
per-segment probability dynamic range (kT): 291.187
norm = 1, error in norm = -8.88178e-16 (-4*epsilon)
-- WARNING  [westpa.core.sim_manager] -- 
Minimum segment weight is < 1e-100 and might not be physically relevant. Please reconsider your progress coordinate or binning scheme.
MAB binning in use
Bottleneck bin occupancy may not be accurately reported
Waiting for segments to complete...
Iteration completed successfully
Iteration wallclock: 0:33:23.791250, cputime: 4:28:45.084773


Sun Mar 17 07:34:18 2024
Iteration 526 (1000 requested)
Beginning iteration 526
279 segments remain in iteration 526 (279 total)
68 of 107 (63.551402%) active bins are populated
per-bin minimum non-zero probability:       2.89462e-128
per-bin maximum probability:                0.916572
per-bin probability dynamic range (kT):     293.581
per-segment minimum non-zero probability:   7.23656e-129
per-segment maximum non-zero probability:   0.0835306
per-segment probability dynamic range (kT): 292.572
norm = 1, error in norm = -7.77156e-16 (-3.5*epsilon)
-- WARNING  [westpa.core.sim_manager] -- 
Minimum segment weight is < 1e-100 and might not be physically relevant. Please reconsider your progress coordinate or binning scheme.
MAB binning in use
Bottleneck bin occupancy may not be accurately reported
Waiting for segments to complete...
Iteration completed successfully
Iteration wallclock: 0:31:04.157778, cputime: 4:13:37.450757


Sun Mar 17 08:05:23 2024
Iteration 527 (1000 requested)
Beginning iteration 527
276 segments remain in iteration 527 (276 total)
66 of 107 (61.682243%) active bins are populated
per-bin minimum non-zero probability:       2.16779e-128
per-bin maximum probability:                1
per-bin probability dynamic range (kT):     293.957
per-segment minimum non-zero probability:   5.41947e-129
per-segment maximum non-zero probability:   0.0834562
per-segment probability dynamic range (kT): 292.86
norm = 1, error in norm = -9.99201e-16 (-4.5*epsilon)
-- WARNING  [westpa.core.sim_manager] -- 
Minimum segment weight is < 1e-100 and might not be physically relevant. Please reconsider your progress coordinate or binning scheme.
MAB binning in use
Bottleneck bin occupancy may not be accurately reported
Waiting for segments to complete...
Iteration completed successfully
Iteration wallclock: 0:30:46.773381, cputime: 4:10:25.912589


Sun Mar 17 08:36:10 2024
Iteration 528 (1000 requested)
Beginning iteration 528
288 segments remain in iteration 528 (288 total)
69 of 107 (64.485981%) active bins are populated
per-bin minimum non-zero probability:       5.41947e-129
per-bin maximum probability:                1
per-bin probability dynamic range (kT):     295.343
per-segment minimum non-zero probability:   1.35487e-129
per-segment maximum non-zero probability:   0.0834562
per-segment probability dynamic range (kT): 294.246
norm = 1, error in norm = -8.88178e-16 (-4*epsilon)
-- WARNING  [westpa.core.sim_manager] -- 
Minimum segment weight is < 1e-100 and might not be physically relevant. Please reconsider your progress coordinate or binning scheme.
MAB binning in use
Bottleneck bin occupancy may not be accurately reported
Waiting for segments to complete...
Iteration completed successfully
Iteration wallclock: 0:31:58.141349, cputime: 4:21:08.348776


Sun Mar 17 09:08:08 2024
Iteration 529 (1000 requested)
Beginning iteration 529
300 segments remain in iteration 529 (300 total)
74 of 107 (69.158879%) active bins are populated
per-bin minimum non-zero probability:       1.35487e-129
per-bin maximum probability:                0.916692
per-bin probability dynamic range (kT):     296.643
per-segment minimum non-zero probability:   1.35487e-129
per-segment maximum non-zero probability:   0.0834562
per-segment probability dynamic range (kT): 294.246
norm = 1, error in norm = -8.88178e-16 (-4*epsilon)
-- WARNING  [westpa.core.sim_manager] -- 
Minimum segment weight is < 1e-100 and might not be physically relevant. Please reconsider your progress coordinate or binning scheme.
MAB binning in use
Bottleneck bin occupancy may not be accurately reported
Waiting for segments to complete...
Iteration completed successfully
Iteration wallclock: 0:33:48.796765, cputime: 4:32:09.054235


Sun Mar 17 09:41:57 2024
Iteration 530 (1000 requested)
Beginning iteration 530
291 segments remain in iteration 530 (291 total)
71 of 107 (66.355140%) active bins are populated
per-bin minimum non-zero probability:       5.92517e-128
per-bin maximum probability:                0.916671
per-bin probability dynamic range (kT):     292.865
per-segment minimum non-zero probability:   1.48129e-128
per-segment maximum non-zero probability:   0.0833927
per-segment probability dynamic range (kT): 291.854
norm = 1, error in norm = -7.77156e-16 (-3.5*epsilon)
-- WARNING  [westpa.core.sim_manager] -- 
Minimum segment weight is < 1e-100 and might not be physically relevant. Please reconsider your progress coordinate or binning scheme.
MAB binning in use
Bottleneck bin occupancy may not be accurately reported
Waiting for segments to complete...
Iteration completed successfully
Iteration wallclock: 0:32:23.338107, cputime: 4:23:27.366470


Sun Mar 17 10:14:20 2024
Iteration 531 (1000 requested)
Beginning iteration 531
284 segments remain in iteration 531 (284 total)
69 of 107 (64.485981%) active bins are populated
per-bin minimum non-zero probability:       1.48129e-128
per-bin maximum probability:                1
per-bin probability dynamic range (kT):     294.338
per-segment minimum non-zero probability:   3.70323e-129
per-segment maximum non-zero probability:   0.0833927
per-segment probability dynamic range (kT): 293.24
norm = 1, error in norm = -8.88178e-16 (-4*epsilon)
-- WARNING  [westpa.core.sim_manager] -- 
Minimum segment weight is < 1e-100 and might not be physically relevant. Please reconsider your progress coordinate or binning scheme.
MAB binning in use
Bottleneck bin occupancy may not be accurately reported
Waiting for segments to complete...
Iteration completed successfully
Iteration wallclock: 0:31:33.672758, cputime: 4:18:16.952947


Sun Mar 17 10:45:54 2024
Iteration 532 (1000 requested)
Beginning iteration 532
285 segments remain in iteration 532 (285 total)
68 of 107 (63.551402%) active bins are populated
per-bin minimum non-zero probability:       3.70323e-129
per-bin maximum probability:                1
per-bin probability dynamic range (kT):     295.724
per-segment minimum non-zero probability:   3.70323e-129
per-segment maximum non-zero probability:   0.0833927
per-segment probability dynamic range (kT): 293.24
norm = 1, error in norm = -7.77156e-16 (-3.5*epsilon)
-- WARNING  [westpa.core.sim_manager] -- 
Minimum segment weight is < 1e-100 and might not be physically relevant. Please reconsider your progress coordinate or binning scheme.
MAB binning in use
Bottleneck bin occupancy may not be accurately reported
Waiting for segments to complete...
Iteration completed successfully
Iteration wallclock: 0:31:54.050326, cputime: 4:18:56.476721


Sun Mar 17 11:17:48 2024
Iteration 533 (1000 requested)
Beginning iteration 533
284 segments remain in iteration 533 (284 total)
68 of 107 (63.551402%) active bins are populated
per-bin minimum non-zero probability:       2.91227e-128
per-bin maximum probability:                1
per-bin probability dynamic range (kT):     293.662
per-segment minimum non-zero probability:   7.28068e-129
per-segment maximum non-zero probability:   0.0833927
per-segment probability dynamic range (kT): 292.564
norm = 1, error in norm = -8.88178e-16 (-4*epsilon)
-- WARNING  [westpa.core.sim_manager] -- 
Minimum segment weight is < 1e-100 and might not be physically relevant. Please reconsider your progress coordinate or binning scheme.
MAB binning in use
Bottleneck bin occupancy may not be accurately reported
Waiting for segments to complete...
Iteration completed successfully
Iteration wallclock: 0:31:54.436305, cputime: 4:17:53.968896


Sun Mar 17 11:49:43 2024
Iteration 534 (1000 requested)
Beginning iteration 534
283 segments remain in iteration 534 (283 total)
68 of 107 (63.551402%) active bins are populated
per-bin minimum non-zero probability:       7.28068e-129
per-bin maximum probability:                0.916659
per-bin probability dynamic range (kT):     294.961
per-segment minimum non-zero probability:   1.82017e-129
per-segment maximum non-zero probability:   0.0833667
per-segment probability dynamic range (kT): 293.95
norm = 1, error in norm = -7.77156e-16 (-3.5*epsilon)
-- WARNING  [westpa.core.sim_manager] -- 
Minimum segment weight is < 1e-100 and might not be physically relevant. Please reconsider your progress coordinate or binning scheme.
MAB binning in use
Bottleneck bin occupancy may not be accurately reported
Waiting for segments to complete...
Iteration completed successfully
Iteration wallclock: 0:32:00.001998, cputime: 4:17:33.128459


Sun Mar 17 12:21:43 2024
Iteration 535 (1000 requested)
Beginning iteration 535
300 segments remain in iteration 535 (300 total)
72 of 107 (67.289720%) active bins are populated
per-bin minimum non-zero probability:       3.02914e-128
per-bin maximum probability:                0.979165
per-bin probability dynamic range (kT):     293.602
per-segment minimum non-zero probability:   7.57284e-129
per-segment maximum non-zero probability:   0.0833537
per-segment probability dynamic range (kT): 292.524
norm = 1, error in norm = -8.88178e-16 (-4*epsilon)
-- WARNING  [westpa.core.sim_manager] -- 
Minimum segment weight is < 1e-100 and might not be physically relevant. Please reconsider your progress coordinate or binning scheme.
MAB binning in use
Bottleneck bin occupancy may not be accurately reported
Waiting for segments to complete...
Iteration completed successfully
Iteration wallclock: 0:33:45.976621, cputime: 4:33:08.947288


Sun Mar 17 12:55:29 2024
Iteration 536 (1000 requested)
Beginning iteration 536
300 segments remain in iteration 536 (300 total)
71 of 107 (66.355140%) active bins are populated
per-bin minimum non-zero probability:       2.33248e-128
per-bin maximum probability:                0.994791
per-bin probability dynamic range (kT):     293.879
per-segment minimum non-zero probability:   5.8312e-129
per-segment maximum non-zero probability:   0.0833452
per-segment probability dynamic range (kT): 292.785
norm = 1, error in norm = -7.77156e-16 (-3.5*epsilon)
-- WARNING  [westpa.core.sim_manager] -- 
Minimum segment weight is < 1e-100 and might not be physically relevant. Please reconsider your progress coordinate or binning scheme.
MAB binning in use
Bottleneck bin occupancy may not be accurately reported
Waiting for segments to complete...
Iteration completed successfully
Iteration wallclock: 0:34:00.010033, cputime: 4:33:26.216341


Sun Mar 17 13:29:29 2024
Iteration 537 (1000 requested)
Beginning iteration 537
291 segments remain in iteration 537 (291 total)
71 of 107 (66.355140%) active bins are populated
per-bin minimum non-zero probability:       1.73483e-128
per-bin maximum probability:                0.916663
per-bin probability dynamic range (kT):     294.093
per-segment minimum non-zero probability:   4.33708e-129
per-segment maximum non-zero probability:   0.084188
per-segment probability dynamic range (kT): 293.092
norm = 1, error in norm = -6.66134e-16 (-3*epsilon)
-- WARNING  [westpa.core.sim_manager] -- 
Minimum segment weight is < 1e-100 and might not be physically relevant. Please reconsider your progress coordinate or binning scheme.
MAB binning in use
Bottleneck bin occupancy may not be accurately reported
Waiting for segments to complete...
Iteration completed successfully
Iteration wallclock: 0:32:47.580268, cputime: 4:24:46.061257


Sun Mar 17 14:02:16 2024
Iteration 538 (1000 requested)
Beginning iteration 538
287 segments remain in iteration 538 (287 total)
70 of 107 (65.420561%) active bins are populated
per-bin minimum non-zero probability:       4.33708e-129
per-bin maximum probability:                0.915812
per-bin probability dynamic range (kT):     295.478
per-segment minimum non-zero probability:   1.08427e-129
per-segment maximum non-zero probability:   0.0833411
per-segment probability dynamic range (kT): 294.468
norm = 1, error in norm = -7.77156e-16 (-3.5*epsilon)
-- WARNING  [westpa.core.sim_manager] -- 
Minimum segment weight is < 1e-100 and might not be physically relevant. Please reconsider your progress coordinate or binning scheme.
MAB binning in use
Bottleneck bin occupancy may not be accurately reported
Waiting for segments to complete...
Iteration completed successfully
Iteration wallclock: 0:32:19.304818, cputime: 4:21:25.285484


Sun Mar 17 14:34:36 2024
Iteration 539 (1000 requested)
Beginning iteration 539
288 segments remain in iteration 539 (288 total)
69 of 107 (64.485981%) active bins are populated
per-bin minimum non-zero probability:       6.52738e-128
per-bin maximum probability:                1
per-bin probability dynamic range (kT):     292.855
per-segment minimum non-zero probability:   1.63185e-128
per-segment maximum non-zero probability:   0.0836893
per-segment probability dynamic range (kT): 291.761
norm = 1, error in norm = -8.88178e-16 (-4*epsilon)
-- WARNING  [westpa.core.sim_manager] -- 
Minimum segment weight is < 1e-100 and might not be physically relevant. Please reconsider your progress coordinate or binning scheme.
MAB binning in use
Bottleneck bin occupancy may not be accurately reported
Waiting for segments to complete...
Iteration completed successfully
Iteration wallclock: 0:32:22.340176, cputime: 4:21:54.133849


Sun Mar 17 15:06:58 2024
Iteration 540 (1000 requested)
Beginning iteration 540
284 segments remain in iteration 540 (284 total)
70 of 107 (65.420561%) active bins are populated
per-bin minimum non-zero probability:       1.63185e-128
per-bin maximum probability:                1
per-bin probability dynamic range (kT):     294.241
per-segment minimum non-zero probability:   4.07961e-129
per-segment maximum non-zero probability:   0.0836893
per-segment probability dynamic range (kT): 293.147
norm = 1, error in norm = -7.77156e-16 (-3.5*epsilon)
-- WARNING  [westpa.core.sim_manager] -- 
Minimum segment weight is < 1e-100 and might not be physically relevant. Please reconsider your progress coordinate or binning scheme.
MAB binning in use
Bottleneck bin occupancy may not be accurately reported
Waiting for segments to complete...
Iteration completed successfully
Iteration wallclock: 0:31:54.796278, cputime: 4:17:36.809217


Sun Mar 17 15:38:53 2024
Iteration 541 (1000 requested)
Beginning iteration 541
288 segments remain in iteration 541 (288 total)
67 of 107 (62.616822%) active bins are populated
per-bin minimum non-zero probability:       4.07961e-129
per-bin maximum probability:                1
per-bin probability dynamic range (kT):     295.627
per-segment minimum non-zero probability:   1.0199e-129
per-segment maximum non-zero probability:   0.0836893
per-segment probability dynamic range (kT): 294.533
norm = 1, error in norm = -9.99201e-16 (-4.5*epsilon)
-- WARNING  [westpa.core.sim_manager] -- 
Minimum segment weight is < 1e-100 and might not be physically relevant. Please reconsider your progress coordinate or binning scheme.
MAB binning in use
Bottleneck bin occupancy may not be accurately reported
Waiting for segments to complete...
Iteration completed successfully
Iteration wallclock: 0:32:21.415366, cputime: 4:22:03.449316


Sun Mar 17 16:11:15 2024
Iteration 542 (1000 requested)
Beginning iteration 542
289 segments remain in iteration 542 (289 total)
69 of 107 (64.485981%) active bins are populated
per-bin minimum non-zero probability:       1.0199e-129
per-bin maximum probability:                1
per-bin probability dynamic range (kT):     297.014
per-segment minimum non-zero probability:   1.0199e-129
per-segment maximum non-zero probability:   0.0836893
per-segment probability dynamic range (kT): 294.533
norm = 1, error in norm = -7.77156e-16 (-3.5*epsilon)
-- WARNING  [westpa.core.sim_manager] -- 
Minimum segment weight is < 1e-100 and might not be physically relevant. Please reconsider your progress coordinate or binning scheme.
MAB binning in use
Bottleneck bin occupancy may not be accurately reported
Waiting for segments to complete...
Iteration completed successfully
Iteration wallclock: 0:32:25.754236, cputime: 4:21:46.519081


Sun Mar 17 16:43:41 2024
Iteration 543 (1000 requested)
Beginning iteration 543
282 segments remain in iteration 543 (282 total)
69 of 107 (64.485981%) active bins are populated
per-bin minimum non-zero probability:       1.32259e-129
per-bin maximum probability:                1
per-bin probability dynamic range (kT):     296.754
per-segment minimum non-zero probability:   1.32259e-129
per-segment maximum non-zero probability:   0.0836893
per-segment probability dynamic range (kT): 294.273
norm = 1, error in norm = -7.77156e-16 (-3.5*epsilon)
-- WARNING  [westpa.core.sim_manager] -- 
Minimum segment weight is < 1e-100 and might not be physically relevant. Please reconsider your progress coordinate or binning scheme.
MAB binning in use
Bottleneck bin occupancy may not be accurately reported
Waiting for segments to complete...
Iteration completed successfully
Iteration wallclock: 0:31:26.420164, cputime: 4:15:01.193270


Sun Mar 17 17:15:07 2024
Iteration 544 (1000 requested)
Beginning iteration 544
292 segments remain in iteration 544 (292 total)
73 of 107 (68.224299%) active bins are populated
per-bin minimum non-zero probability:       2.03981e-129
per-bin maximum probability:                0.916311
per-bin probability dynamic range (kT):     296.233
per-segment minimum non-zero probability:   2.03981e-129
per-segment maximum non-zero probability:   0.0833568
per-segment probability dynamic range (kT): 293.836
norm = 1, error in norm = -7.77156e-16 (-3.5*epsilon)
-- WARNING  [westpa.core.sim_manager] -- 
Minimum segment weight is < 1e-100 and might not be physically relevant. Please reconsider your progress coordinate or binning scheme.
MAB binning in use
Bottleneck bin occupancy may not be accurately reported
Waiting for segments to complete...
Iteration completed successfully
Iteration wallclock: 0:32:22.764282, cputime: 4:23:51.521863


Sun Mar 17 17:47:30 2024
Iteration 545 (1000 requested)
Beginning iteration 545
280 segments remain in iteration 545 (280 total)
68 of 107 (63.551402%) active bins are populated
per-bin minimum non-zero probability:       1.20148e-128
per-bin maximum probability:                1
per-bin probability dynamic range (kT):     294.547
per-segment minimum non-zero probability:   3.0037e-129
per-segment maximum non-zero probability:   0.0834556
per-segment probability dynamic range (kT): 293.45
norm = 1, error in norm = -7.77156e-16 (-3.5*epsilon)
-- WARNING  [westpa.core.sim_manager] -- 
Minimum segment weight is < 1e-100 and might not be physically relevant. Please reconsider your progress coordinate or binning scheme.
MAB binning in use
Bottleneck bin occupancy may not be accurately reported
Waiting for segments to complete...
Iteration completed successfully
Iteration wallclock: 0:31:07.619744, cputime: 4:13:31.838658


Sun Mar 17 18:18:38 2024
Iteration 546 (1000 requested)
Beginning iteration 546
289 segments remain in iteration 546 (289 total)
69 of 107 (64.485981%) active bins are populated
per-bin minimum non-zero probability:       3.0037e-129
per-bin maximum probability:                1
per-bin probability dynamic range (kT):     295.934
per-segment minimum non-zero probability:   3.0037e-129
per-segment maximum non-zero probability:   0.0834015
per-segment probability dynamic range (kT): 293.45
norm = 1, error in norm = -7.77156e-16 (-3.5*epsilon)
-- WARNING  [westpa.core.sim_manager] -- 
Minimum segment weight is < 1e-100 and might not be physically relevant. Please reconsider your progress coordinate or binning scheme.
MAB binning in use
Bottleneck bin occupancy may not be accurately reported
Waiting for segments to complete...
Iteration completed successfully
Iteration wallclock: 0:32:18.044915, cputime: 4:22:04.362628


Sun Mar 17 18:50:56 2024
Iteration 547 (1000 requested)
Beginning iteration 547
287 segments remain in iteration 547 (287 total)
69 of 107 (64.485981%) active bins are populated
per-bin minimum non-zero probability:       2.81982e-127
per-bin maximum probability:                0.916619
per-bin probability dynamic range (kT):     291.305
per-segment minimum non-zero probability:   7.04956e-128
per-segment maximum non-zero probability:   0.0833915
per-segment probability dynamic range (kT): 290.294
norm = 1, error in norm = -7.77156e-16 (-3.5*epsilon)
-- WARNING  [westpa.core.sim_manager] -- 
Minimum segment weight is < 1e-100 and might not be physically relevant. Please reconsider your progress coordinate or binning scheme.
MAB binning in use
Bottleneck bin occupancy may not be accurately reported
Waiting for segments to complete...
Iteration completed successfully
Iteration wallclock: 0:32:10.213976, cputime: 4:19:49.689218


Sun Mar 17 19:23:06 2024
Iteration 548 (1000 requested)
Beginning iteration 548
304 segments remain in iteration 548 (304 total)
72 of 107 (67.289720%) active bins are populated
per-bin minimum non-zero probability:       9.39941e-128
per-bin maximum probability:                0.979155
per-bin probability dynamic range (kT):     292.469
per-segment minimum non-zero probability:   1.76239e-128
per-segment maximum non-zero probability:   0.0833778
per-segment probability dynamic range (kT): 291.68
norm = 1, error in norm = -9.99201e-16 (-4.5*epsilon)
-- WARNING  [westpa.core.sim_manager] -- 
Minimum segment weight is < 1e-100 and might not be physically relevant. Please reconsider your progress coordinate or binning scheme.
MAB binning in use
Bottleneck bin occupancy may not be accurately reported
Waiting for segments to complete...
Iteration completed successfully
Iteration wallclock: 0:34:00.652684, cputime: 4:35:09.451629


Sun Mar 17 19:57:07 2024
Iteration 549 (1000 requested)
Beginning iteration 549
291 segments remain in iteration 549 (291 total)
71 of 107 (66.355140%) active bins are populated
per-bin minimum non-zero probability:       3.8924e-128
per-bin maximum probability:                0.91667
per-bin probability dynamic range (kT):     293.285
per-segment minimum non-zero probability:   9.731e-129
per-segment maximum non-zero probability:   0.0867892
per-segment probability dynamic range (kT): 292.314
norm = 1, error in norm = -7.77156e-16 (-3.5*epsilon)
-- WARNING  [westpa.core.sim_manager] -- 
Minimum segment weight is < 1e-100 and might not be physically relevant. Please reconsider your progress coordinate or binning scheme.
MAB binning in use
Bottleneck bin occupancy may not be accurately reported
Waiting for segments to complete...
Iteration completed successfully
Iteration wallclock: 0:32:18.124867, cputime: 4:23:13.140648


Sun Mar 17 20:29:25 2024
Iteration 550 (1000 requested)
Beginning iteration 550
287 segments remain in iteration 550 (287 total)
67 of 107 (62.616822%) active bins are populated
per-bin minimum non-zero probability:       9.731e-129
per-bin maximum probability:                0.916672
per-bin probability dynamic range (kT):     294.671
per-segment minimum non-zero probability:   2.43275e-129
per-segment maximum non-zero probability:   0.0850715
per-segment probability dynamic range (kT): 293.68
norm = 1, error in norm = -7.77156e-16 (-3.5*epsilon)
-- WARNING  [westpa.core.sim_manager] -- 
Minimum segment weight is < 1e-100 and might not be physically relevant. Please reconsider your progress coordinate or binning scheme.
MAB binning in use
Bottleneck bin occupancy may not be accurately reported
Waiting for segments to complete...
Iteration completed successfully
Iteration wallclock: 0:31:57.533305, cputime: 4:19:39.557849


Sun Mar 17 21:01:23 2024
Iteration 551 (1000 requested)
Beginning iteration 551
290 segments remain in iteration 551 (290 total)
69 of 107 (64.485981%) active bins are populated
per-bin minimum non-zero probability:       2.43275e-129
per-bin maximum probability:                1
per-bin probability dynamic range (kT):     296.144
per-segment minimum non-zero probability:   2.43275e-129
per-segment maximum non-zero probability:   0.0844946
per-segment probability dynamic range (kT): 293.673
norm = 1, error in norm = -7.77156e-16 (-3.5*epsilon)
-- WARNING  [westpa.core.sim_manager] -- 
Minimum segment weight is < 1e-100 and might not be physically relevant. Please reconsider your progress coordinate or binning scheme.
MAB binning in use
Bottleneck bin occupancy may not be accurately reported
Waiting for segments to complete...
Iteration completed successfully
Iteration wallclock: 0:32:26.609154, cputime: 4:22:40.286863


Sun Mar 17 21:33:49 2024
Iteration 552 (1000 requested)
Beginning iteration 552
295 segments remain in iteration 552 (295 total)
71 of 107 (66.355140%) active bins are populated
per-bin minimum non-zero probability:       2.69637e-128
per-bin maximum probability:                0.917056
per-bin probability dynamic range (kT):     293.652
per-segment minimum non-zero probability:   6.74092e-129
per-segment maximum non-zero probability:   0.0844946
per-segment probability dynamic range (kT): 292.654
norm = 1, error in norm = -8.88178e-16 (-4*epsilon)
-- WARNING  [westpa.core.sim_manager] -- 
Minimum segment weight is < 1e-100 and might not be physically relevant. Please reconsider your progress coordinate or binning scheme.
MAB binning in use
Bottleneck bin occupancy may not be accurately reported
Waiting for segments to complete...
Iteration completed successfully
Iteration wallclock: 0:33:06.199213, cputime: 4:27:46.157253


Sun Mar 17 22:06:56 2024
Iteration 553 (1000 requested)
Beginning iteration 553
284 segments remain in iteration 553 (284 total)
70 of 107 (65.420561%) active bins are populated
per-bin minimum non-zero probability:       3.48615e-128
per-bin maximum probability:                1
per-bin probability dynamic range (kT):     293.482
per-segment minimum non-zero probability:   8.71537e-129
per-segment maximum non-zero probability:   0.0841218
per-segment probability dynamic range (kT): 292.393
norm = 1, error in norm = -6.66134e-16 (-3*epsilon)
-- WARNING  [westpa.core.sim_manager] -- 
Minimum segment weight is < 1e-100 and might not be physically relevant. Please reconsider your progress coordinate or binning scheme.
MAB binning in use
Bottleneck bin occupancy may not be accurately reported
Waiting for segments to complete...
Iteration completed successfully
Iteration wallclock: 0:31:58.018939, cputime: 4:18:50.684330


Sun Mar 17 22:38:54 2024
Iteration 554 (1000 requested)
Beginning iteration 554
296 segments remain in iteration 554 (296 total)
69 of 107 (64.485981%) active bins are populated
per-bin minimum non-zero probability:       8.71537e-129
per-bin maximum probability:                1
per-bin probability dynamic range (kT):     294.868
per-segment minimum non-zero probability:   2.17884e-129
per-segment maximum non-zero probability:   0.0841218
per-segment probability dynamic range (kT): 293.779
norm = 1, error in norm = -7.77156e-16 (-3.5*epsilon)
-- WARNING  [westpa.core.sim_manager] -- 
Minimum segment weight is < 1e-100 and might not be physically relevant. Please reconsider your progress coordinate or binning scheme.
MAB binning in use
Bottleneck bin occupancy may not be accurately reported
Waiting for segments to complete...
Iteration completed successfully
Iteration wallclock: 0:33:29.242599, cputime: 4:29:35.208798


Sun Mar 17 23:12:23 2024
Iteration 555 (1000 requested)
Beginning iteration 555
287 segments remain in iteration 555 (287 total)
70 of 107 (65.420561%) active bins are populated
per-bin minimum non-zero probability:       3.46982e-128
per-bin maximum probability:                0.917055
per-bin probability dynamic range (kT):     293.4
per-segment minimum non-zero probability:   8.67455e-129
per-segment maximum non-zero probability:   0.0841218
per-segment probability dynamic range (kT): 292.398
norm = 1, error in norm = -7.77156e-16 (-3.5*epsilon)
-- WARNING  [westpa.core.sim_manager] -- 
Minimum segment weight is < 1e-100 and might not be physically relevant. Please reconsider your progress coordinate or binning scheme.
MAB binning in use
Bottleneck bin occupancy may not be accurately reported
Waiting for segments to complete...
Iteration completed successfully
Iteration wallclock: 0:32:16.166040, cputime: 4:21:06.180570


Sun Mar 17 23:44:39 2024
Iteration 556 (1000 requested)
Beginning iteration 556
288 segments remain in iteration 556 (288 total)
71 of 107 (66.355140%) active bins are populated
per-bin minimum non-zero probability:       2.22823e-128
per-bin maximum probability:                1
per-bin probability dynamic range (kT):     293.93
per-segment minimum non-zero probability:   5.57058e-129
per-segment maximum non-zero probability:   0.0838603
per-segment probability dynamic range (kT): 292.837
norm = 1, error in norm = -8.88178e-16 (-4*epsilon)
-- WARNING  [westpa.core.sim_manager] -- 
Minimum segment weight is < 1e-100 and might not be physically relevant. Please reconsider your progress coordinate or binning scheme.
MAB binning in use
Bottleneck bin occupancy may not be accurately reported
Waiting for segments to complete...
Iteration completed successfully
Iteration wallclock: 0:32:18.037726, cputime: 4:21:21.807773


Mon Mar 18 00:16:57 2024
Iteration 557 (1000 requested)
Beginning iteration 557
296 segments remain in iteration 557 (296 total)
69 of 107 (64.485981%) active bins are populated
per-bin minimum non-zero probability:       5.57058e-129
per-bin maximum probability:                1
per-bin probability dynamic range (kT):     295.316
per-segment minimum non-zero probability:   1.39265e-129
per-segment maximum non-zero probability:   0.0838603
per-segment probability dynamic range (kT): 294.224
norm = 1, error in norm = -6.66134e-16 (-3*epsilon)
-- WARNING  [westpa.core.sim_manager] -- 
Minimum segment weight is < 1e-100 and might not be physically relevant. Please reconsider your progress coordinate or binning scheme.
MAB binning in use
Bottleneck bin occupancy may not be accurately reported
Waiting for segments to complete...
Iteration completed successfully
Iteration wallclock: 0:33:23.105101, cputime: 4:29:40.405848


Mon Mar 18 00:50:21 2024
Iteration 558 (1000 requested)
Beginning iteration 558
285 segments remain in iteration 558 (285 total)
71 of 107 (66.355140%) active bins are populated
per-bin minimum non-zero probability:       1.39265e-129
per-bin maximum probability:                1
per-bin probability dynamic range (kT):     296.702
per-segment minimum non-zero probability:   1.39265e-129
per-segment maximum non-zero probability:   0.0838603
per-segment probability dynamic range (kT): 294.224
norm = 1, error in norm = -7.77156e-16 (-3.5*epsilon)
-- WARNING  [westpa.core.sim_manager] -- 
Minimum segment weight is < 1e-100 and might not be physically relevant. Please reconsider your progress coordinate or binning scheme.
MAB binning in use
Bottleneck bin occupancy may not be accurately reported
Waiting for segments to complete...
Iteration completed successfully
Iteration wallclock: 0:32:38.008965, cputime: 4:19:15.635676


Mon Mar 18 01:22:59 2024
Iteration 559 (1000 requested)
Beginning iteration 559
291 segments remain in iteration 559 (291 total)
69 of 107 (64.485981%) active bins are populated
per-bin minimum non-zero probability:       9.14865e-129
per-bin maximum probability:                0.916867
per-bin probability dynamic range (kT):     294.733
per-segment minimum non-zero probability:   2.28716e-129
per-segment maximum non-zero probability:   0.0838603
per-segment probability dynamic range (kT): 293.728
norm = 1, error in norm = -9.99201e-16 (-4.5*epsilon)
-- WARNING  [westpa.core.sim_manager] -- 
Minimum segment weight is < 1e-100 and might not be physically relevant. Please reconsider your progress coordinate or binning scheme.
MAB binning in use
Bottleneck bin occupancy may not be accurately reported
Waiting for segments to complete...
Iteration completed successfully
Iteration wallclock: 0:32:43.100745, cputime: 4:24:12.732449


Mon Mar 18 01:55:42 2024
Iteration 560 (1000 requested)
Beginning iteration 560
282 segments remain in iteration 560 (282 total)
69 of 107 (64.485981%) active bins are populated
per-bin minimum non-zero probability:       2.28716e-129
per-bin maximum probability:                0.916698
per-bin probability dynamic range (kT):     296.119
per-segment minimum non-zero probability:   2.28716e-129
per-segment maximum non-zero probability:   0.0835888
per-segment probability dynamic range (kT): 293.724
norm = 1, error in norm = -8.88178e-16 (-4*epsilon)
-- WARNING  [westpa.core.sim_manager] -- 
Minimum segment weight is < 1e-100 and might not be physically relevant. Please reconsider your progress coordinate or binning scheme.
MAB binning in use
Bottleneck bin occupancy may not be accurately reported
Waiting for segments to complete...
Iteration completed successfully
Iteration wallclock: 0:31:23.064133, cputime: 4:15:43.240140


Mon Mar 18 02:27:05 2024
Iteration 561 (1000 requested)
Beginning iteration 561
294 segments remain in iteration 561 (294 total)
70 of 107 (65.420561%) active bins are populated
per-bin minimum non-zero probability:       2.28716e-129
per-bin maximum probability:                1
per-bin probability dynamic range (kT):     296.206
per-segment minimum non-zero probability:   2.28716e-129
per-segment maximum non-zero probability:   0.0835888
per-segment probability dynamic range (kT): 293.724
norm = 1, error in norm = -7.77156e-16 (-3.5*epsilon)
-- WARNING  [westpa.core.sim_manager] -- 
Minimum segment weight is < 1e-100 and might not be physically relevant. Please reconsider your progress coordinate or binning scheme.
MAB binning in use
Bottleneck bin occupancy may not be accurately reported
Waiting for segments to complete...
Iteration completed successfully
Iteration wallclock: 0:32:55.792278, cputime: 4:27:28.541541


Mon Mar 18 03:00:01 2024
Iteration 562 (1000 requested)
Beginning iteration 562
265 segments remain in iteration 562 (265 total)
66 of 107 (61.682243%) active bins are populated
per-bin minimum non-zero probability:       2.28716e-129
per-bin maximum probability:                0.916771
per-bin probability dynamic range (kT):     296.119
per-segment minimum non-zero probability:   2.28716e-129
per-segment maximum non-zero probability:   0.0834762
per-segment probability dynamic range (kT): 293.723
norm = 1, error in norm = -8.88178e-16 (-4*epsilon)
-- WARNING  [westpa.core.sim_manager] -- 
Minimum segment weight is < 1e-100 and might not be physically relevant. Please reconsider your progress coordinate or binning scheme.
MAB binning in use
Bottleneck bin occupancy may not be accurately reported
Waiting for segments to complete...
Iteration completed successfully
Iteration wallclock: 0:29:52.541866, cputime: 4:01:10.061138


Mon Mar 18 03:29:53 2024
Iteration 563 (1000 requested)
Beginning iteration 563
293 segments remain in iteration 563 (293 total)
72 of 107 (67.289720%) active bins are populated
per-bin minimum non-zero probability:       2.28716e-129
per-bin maximum probability:                1
per-bin probability dynamic range (kT):     296.206
per-segment minimum non-zero probability:   2.28716e-129
per-segment maximum non-zero probability:   0.0834762
per-segment probability dynamic range (kT): 293.723
norm = 1, error in norm = -7.77156e-16 (-3.5*epsilon)
-- WARNING  [westpa.core.sim_manager] -- 
Minimum segment weight is < 1e-100 and might not be physically relevant. Please reconsider your progress coordinate or binning scheme.
MAB binning in use
Bottleneck bin occupancy may not be accurately reported
Waiting for segments to complete...
Iteration completed successfully
Iteration wallclock: 0:32:48.631662, cputime: 4:25:59.631609


Mon Mar 18 04:02:42 2024
Iteration 564 (1000 requested)
Beginning iteration 564
285 segments remain in iteration 564 (285 total)
70 of 107 (65.420561%) active bins are populated
per-bin minimum non-zero probability:       2.28716e-129
per-bin maximum probability:                0.916644
per-bin probability dynamic range (kT):     296.119
per-segment minimum non-zero probability:   2.28716e-129
per-segment maximum non-zero probability:   0.0834159
per-segment probability dynamic range (kT): 293.722
norm = 1, error in norm = -8.88178e-16 (-4*epsilon)
-- WARNING  [westpa.core.sim_manager] -- 
Minimum segment weight is < 1e-100 and might not be physically relevant. Please reconsider your progress coordinate or binning scheme.
MAB binning in use
Bottleneck bin occupancy may not be accurately reported
Waiting for segments to complete...
Iteration completed successfully
Iteration wallclock: 0:31:56.115830, cputime: 4:18:23.741178


Mon Mar 18 04:34:38 2024
Iteration 565 (1000 requested)
Beginning iteration 565
288 segments remain in iteration 565 (288 total)
70 of 107 (65.420561%) active bins are populated
per-bin minimum non-zero probability:       3.90001e-129
per-bin maximum probability:                0.916644
per-bin probability dynamic range (kT):     295.585
per-segment minimum non-zero probability:   3.14595e-129
per-segment maximum non-zero probability:   0.0833857
per-segment probability dynamic range (kT): 293.403
norm = 1, error in norm = -7.77156e-16 (-3.5*epsilon)
-- WARNING  [westpa.core.sim_manager] -- 
Minimum segment weight is < 1e-100 and might not be physically relevant. Please reconsider your progress coordinate or binning scheme.
MAB binning in use
Bottleneck bin occupancy may not be accurately reported
Waiting for segments to complete...
Iteration completed successfully
Iteration wallclock: 0:32:40.155677, cputime: 4:21:35.963609


Mon Mar 18 05:07:19 2024
Iteration 566 (1000 requested)
Beginning iteration 566
281 segments remain in iteration 566 (281 total)
71 of 107 (66.355140%) active bins are populated
per-bin minimum non-zero probability:       3.14595e-129
per-bin maximum probability:                0.916674
per-bin probability dynamic range (kT):     295.8
per-segment minimum non-zero probability:   3.14595e-129
per-segment maximum non-zero probability:   0.083356
per-segment probability dynamic range (kT): 293.403
norm = 1, error in norm = -7.77156e-16 (-3.5*epsilon)
-- WARNING  [westpa.core.sim_manager] -- 
Minimum segment weight is < 1e-100 and might not be physically relevant. Please reconsider your progress coordinate or binning scheme.
MAB binning in use
Bottleneck bin occupancy may not be accurately reported
Waiting for segments to complete...
Iteration completed successfully
Iteration wallclock: 0:32:26.102395, cputime: 4:16:41.639918


Mon Mar 18 05:39:45 2024
Iteration 567 (1000 requested)
Beginning iteration 567
282 segments remain in iteration 567 (282 total)
70 of 107 (65.420561%) active bins are populated
per-bin minimum non-zero probability:       3.74354e-129
per-bin maximum probability:                0.979169
per-bin probability dynamic range (kT):     295.692
per-segment minimum non-zero probability:   3.74354e-129
per-segment maximum non-zero probability:   0.0833459
per-segment probability dynamic range (kT): 293.229
norm = 1, error in norm = -7.77156e-16 (-3.5*epsilon)
-- WARNING  [westpa.core.sim_manager] -- 
Minimum segment weight is < 1e-100 and might not be physically relevant. Please reconsider your progress coordinate or binning scheme.
MAB binning in use
Bottleneck bin occupancy may not be accurately reported
Waiting for segments to complete...
Iteration completed successfully
Iteration wallclock: 0:31:56.133747, cputime: 4:17:38.024237


Mon Mar 18 06:11:41 2024
Iteration 568 (1000 requested)
Beginning iteration 568
282 segments remain in iteration 568 (282 total)
71 of 107 (66.355140%) active bins are populated
per-bin minimum non-zero probability:       3.74455e-129
per-bin maximum probability:                1
per-bin probability dynamic range (kT):     295.713
per-segment minimum non-zero probability:   3.74455e-129
per-segment maximum non-zero probability:   0.0833402
per-segment probability dynamic range (kT): 293.228
norm = 1, error in norm = -8.88178e-16 (-4*epsilon)
-- WARNING  [westpa.core.sim_manager] -- 
Minimum segment weight is < 1e-100 and might not be physically relevant. Please reconsider your progress coordinate or binning scheme.
MAB binning in use
Bottleneck bin occupancy may not be accurately reported
Waiting for segments to complete...
Iteration completed successfully
Iteration wallclock: 0:31:37.745131, cputime: 4:16:26.507271


Mon Mar 18 06:43:19 2024
Iteration 569 (1000 requested)
Beginning iteration 569
282 segments remain in iteration 569 (282 total)
69 of 107 (64.485981%) active bins are populated
per-bin minimum non-zero probability:       4.99139e-129
per-bin maximum probability:                0.833339
per-bin probability dynamic range (kT):     295.243
per-segment minimum non-zero probability:   1.24785e-129
per-segment maximum non-zero probability:   0.0833402
per-segment probability dynamic range (kT): 294.327
norm = 1, error in norm = -9.99201e-16 (-4.5*epsilon)
-- WARNING  [westpa.core.sim_manager] -- 
Minimum segment weight is < 1e-100 and might not be physically relevant. Please reconsider your progress coordinate or binning scheme.
MAB binning in use
Bottleneck bin occupancy may not be accurately reported
Waiting for segments to complete...
Iteration completed successfully
Iteration wallclock: 0:31:15.334774, cputime: 4:15:48.010649


Mon Mar 18 07:14:34 2024
Iteration 570 (1000 requested)
Beginning iteration 570
281 segments remain in iteration 570 (281 total)
67 of 107 (62.616822%) active bins are populated
per-bin minimum non-zero probability:       2.61405e-129
per-bin maximum probability:                0.979166
per-bin probability dynamic range (kT):     296.052
per-segment minimum non-zero probability:   2.61405e-129
per-segment maximum non-zero probability:   0.0833389
per-segment probability dynamic range (kT): 293.588
norm = 1, error in norm = -9.99201e-16 (-4.5*epsilon)
-- WARNING  [westpa.core.sim_manager] -- 
Minimum segment weight is < 1e-100 and might not be physically relevant. Please reconsider your progress coordinate or binning scheme.
MAB binning in use
Bottleneck bin occupancy may not be accurately reported
Waiting for segments to complete...
Iteration completed successfully
Iteration wallclock: 0:31:24.666703, cputime: 4:15:56.104196


Mon Mar 18 07:45:59 2024
Iteration 571 (1000 requested)
Beginning iteration 571
268 segments remain in iteration 571 (268 total)
66 of 107 (61.682243%) active bins are populated
per-bin minimum non-zero probability:       4.09731e-129
per-bin maximum probability:                1
per-bin probability dynamic range (kT):     295.623
per-segment minimum non-zero probability:   1.02433e-129
per-segment maximum non-zero probability:   0.0833389
per-segment probability dynamic range (kT): 294.525
norm = 1, error in norm = -9.99201e-16 (-4.5*epsilon)
-- WARNING  [westpa.core.sim_manager] -- 
Minimum segment weight is < 1e-100 and might not be physically relevant. Please reconsider your progress coordinate or binning scheme.
MAB binning in use
Bottleneck bin occupancy may not be accurately reported
Waiting for segments to complete...
Iteration completed successfully
Iteration wallclock: 0:29:52.249287, cputime: 4:04:00.215517


Mon Mar 18 08:15:51 2024
Iteration 572 (1000 requested)
Beginning iteration 572
277 segments remain in iteration 572 (277 total)
66 of 107 (61.682243%) active bins are populated
per-bin minimum non-zero probability:       3.63964e-129
per-bin maximum probability:                1
per-bin probability dynamic range (kT):     295.742
per-segment minimum non-zero probability:   1.02433e-129
per-segment maximum non-zero probability:   0.0833389
per-segment probability dynamic range (kT): 294.525
norm = 1, error in norm = -9.99201e-16 (-4.5*epsilon)
-- WARNING  [westpa.core.sim_manager] -- 
Minimum segment weight is < 1e-100 and might not be physically relevant. Please reconsider your progress coordinate or binning scheme.
MAB binning in use
Bottleneck bin occupancy may not be accurately reported
Waiting for segments to complete...
Iteration completed successfully
Iteration wallclock: 0:31:14.027180, cputime: 4:12:07.466459


Mon Mar 18 08:47:05 2024
Iteration 573 (1000 requested)
Beginning iteration 573
289 segments remain in iteration 573 (289 total)
69 of 107 (64.485981%) active bins are populated
per-bin minimum non-zero probability:       2.04865e-129
per-bin maximum probability:                1
per-bin probability dynamic range (kT):     296.316
per-segment minimum non-zero probability:   2.04865e-129
per-segment maximum non-zero probability:   0.0833389
per-segment probability dynamic range (kT): 293.831
norm = 1, error in norm = -9.99201e-16 (-4.5*epsilon)
-- WARNING  [westpa.core.sim_manager] -- 
Minimum segment weight is < 1e-100 and might not be physically relevant. Please reconsider your progress coordinate or binning scheme.
MAB binning in use
Bottleneck bin occupancy may not be accurately reported
Waiting for segments to complete...
Iteration completed successfully
Iteration wallclock: 0:32:11.340002, cputime: 4:22:56.153356


Mon Mar 18 09:19:17 2024
Iteration 574 (1000 requested)
Beginning iteration 574
284 segments remain in iteration 574 (284 total)
70 of 107 (65.420561%) active bins are populated
per-bin minimum non-zero probability:       4.50178e-129
per-bin maximum probability:                1
per-bin probability dynamic range (kT):     295.529
per-segment minimum non-zero probability:   1.12545e-129
per-segment maximum non-zero probability:   0.0833389
per-segment probability dynamic range (kT): 294.43
norm = 1, error in norm = -6.66134e-16 (-3*epsilon)
-- WARNING  [westpa.core.sim_manager] -- 
Minimum segment weight is < 1e-100 and might not be physically relevant. Please reconsider your progress coordinate or binning scheme.
MAB binning in use
Bottleneck bin occupancy may not be accurately reported
Waiting for segments to complete...
Iteration completed successfully
Iteration wallclock: 0:32:03.904029, cputime: 4:17:48.550586


Mon Mar 18 09:51:21 2024
Iteration 575 (1000 requested)
Beginning iteration 575
292 segments remain in iteration 575 (292 total)
70 of 107 (65.420561%) active bins are populated
per-bin minimum non-zero probability:       3.70077e-129
per-bin maximum probability:                0.916661
per-bin probability dynamic range (kT):     295.638
per-segment minimum non-zero probability:   2.25089e-129
per-segment maximum non-zero probability:   0.0833337
per-segment probability dynamic range (kT): 293.737
norm = 1, error in norm = -7.77156e-16 (-3.5*epsilon)
-- WARNING  [westpa.core.sim_manager] -- 
Minimum segment weight is < 1e-100 and might not be physically relevant. Please reconsider your progress coordinate or binning scheme.
MAB binning in use
Bottleneck bin occupancy may not be accurately reported
Waiting for segments to complete...
Iteration completed successfully
Iteration wallclock: 0:33:01.626802, cputime: 4:26:11.134742


Mon Mar 18 10:24:23 2024
Iteration 576 (1000 requested)
Beginning iteration 576
289 segments remain in iteration 576 (289 total)
70 of 107 (65.420561%) active bins are populated
per-bin minimum non-zero probability:       2.25089e-129
per-bin maximum probability:                1
per-bin probability dynamic range (kT):     296.222
per-segment minimum non-zero probability:   2.25089e-129
per-segment maximum non-zero probability:   0.0833354
per-segment probability dynamic range (kT): 293.737
norm = 1, error in norm = -8.88178e-16 (-4*epsilon)
-- WARNING  [westpa.core.sim_manager] -- 
Minimum segment weight is < 1e-100 and might not be physically relevant. Please reconsider your progress coordinate or binning scheme.
MAB binning in use
Bottleneck bin occupancy may not be accurately reported
Waiting for segments to complete...
Iteration completed successfully
Iteration wallclock: 0:32:34.108965, cputime: 4:23:48.507872


Mon Mar 18 10:56:57 2024
Iteration 577 (1000 requested)
Beginning iteration 577
299 segments remain in iteration 577 (299 total)
71 of 107 (66.355140%) active bins are populated
per-bin minimum non-zero probability:       4.363e-129
per-bin maximum probability:                0.916666
per-bin probability dynamic range (kT):     295.473
per-segment minimum non-zero probability:   1.09075e-129
per-segment maximum non-zero probability:   0.0833345
per-segment probability dynamic range (kT): 294.462
norm = 1, error in norm = -9.99201e-16 (-4.5*epsilon)
-- WARNING  [westpa.core.sim_manager] -- 
Minimum segment weight is < 1e-100 and might not be physically relevant. Please reconsider your progress coordinate or binning scheme.
MAB binning in use
Bottleneck bin occupancy may not be accurately reported
Waiting for segments to complete...
Iteration completed successfully
Iteration wallclock: 0:33:34.060007, cputime: 4:32:52.089859


Mon Mar 18 11:30:31 2024
Iteration 578 (1000 requested)
Beginning iteration 578
288 segments remain in iteration 578 (288 total)
72 of 107 (67.289720%) active bins are populated
per-bin minimum non-zero probability:       1.09075e-129
per-bin maximum probability:                0.916667
per-bin probability dynamic range (kT):     296.86
per-segment minimum non-zero probability:   1.09075e-129
per-segment maximum non-zero probability:   0.0833341
per-segment probability dynamic range (kT): 294.462
norm = 1, error in norm = -8.88178e-16 (-4*epsilon)
-- WARNING  [westpa.core.sim_manager] -- 
Minimum segment weight is < 1e-100 and might not be physically relevant. Please reconsider your progress coordinate or binning scheme.
MAB binning in use
Bottleneck bin occupancy may not be accurately reported
Waiting for segments to complete...
Iteration completed successfully
Iteration wallclock: 0:32:31.356929, cputime: 4:22:53.972655


Mon Mar 18 12:03:02 2024
Iteration 579 (1000 requested)
Beginning iteration 579
292 segments remain in iteration 579 (292 total)
73 of 107 (68.224299%) active bins are populated
per-bin minimum non-zero probability:       4.50178e-129
per-bin maximum probability:                0.979167
per-bin probability dynamic range (kT):     295.508
per-segment minimum non-zero probability:   1.12545e-129
per-segment maximum non-zero probability:   0.0833338
per-segment probability dynamic range (kT): 294.43
norm = 1, error in norm = -7.77156e-16 (-3.5*epsilon)
-- WARNING  [westpa.core.sim_manager] -- 
Minimum segment weight is < 1e-100 and might not be physically relevant. Please reconsider your progress coordinate or binning scheme.
MAB binning in use
Bottleneck bin occupancy may not be accurately reported
Waiting for segments to complete...
Iteration completed successfully
Iteration wallclock: 0:32:41.340734, cputime: 4:25:38.875646


Mon Mar 18 12:35:44 2024
Iteration 580 (1000 requested)
Beginning iteration 580
289 segments remain in iteration 580 (289 total)
72 of 107 (67.289720%) active bins are populated
per-bin minimum non-zero probability:       1.21923e-129
per-bin maximum probability:                0.916667
per-bin probability dynamic range (kT):     296.748
per-segment minimum non-zero probability:   1.21923e-129
per-segment maximum non-zero probability:   0.0868052
per-segment probability dynamic range (kT): 294.391
norm = 1, error in norm = -8.88178e-16 (-4*epsilon)
-- WARNING  [westpa.core.sim_manager] -- 
Minimum segment weight is < 1e-100 and might not be physically relevant. Please reconsider your progress coordinate or binning scheme.
MAB binning in use
Bottleneck bin occupancy may not be accurately reported
Waiting for segments to complete...
Iteration completed successfully
Iteration wallclock: 0:32:12.840235, cputime: 4:23:20.483644


Mon Mar 18 13:07:57 2024
Iteration 581 (1000 requested)
Beginning iteration 581
291 segments remain in iteration 581 (291 total)
71 of 107 (66.355140%) active bins are populated
per-bin minimum non-zero probability:       7.42201e-129
per-bin maximum probability:                0.913195
per-bin probability dynamic range (kT):     294.938
per-segment minimum non-zero probability:   1.21923e-129
per-segment maximum non-zero probability:   0.0833336
per-segment probability dynamic range (kT): 294.35
norm = 1, error in norm = -8.88178e-16 (-4*epsilon)
-- WARNING  [westpa.core.sim_manager] -- 
Minimum segment weight is < 1e-100 and might not be physically relevant. Please reconsider your progress coordinate or binning scheme.
MAB binning in use
Bottleneck bin occupancy may not be accurately reported
Waiting for segments to complete...
Iteration completed successfully
Iteration wallclock: 0:33:03.101872, cputime: 4:25:15.134116


Mon Mar 18 13:41:00 2024
Iteration 582 (1000 requested)
Beginning iteration 582
284 segments remain in iteration 582 (284 total)
69 of 107 (64.485981%) active bins are populated
per-bin minimum non-zero probability:       1.21923e-129
per-bin maximum probability:                0.917245
per-bin probability dynamic range (kT):     296.749
per-segment minimum non-zero probability:   1.21923e-129
per-segment maximum non-zero probability:   0.0847799
per-segment probability dynamic range (kT): 294.368
norm = 1, error in norm = -6.66134e-16 (-3*epsilon)
-- WARNING  [westpa.core.sim_manager] -- 
Minimum segment weight is < 1e-100 and might not be physically relevant. Please reconsider your progress coordinate or binning scheme.
MAB binning in use
Bottleneck bin occupancy may not be accurately reported
Waiting for segments to complete...
Iteration completed successfully
Iteration wallclock: 0:32:17.155498, cputime: 4:18:30.693962


Mon Mar 18 14:13:17 2024
Iteration 583 (1000 requested)
Beginning iteration 583
267 segments remain in iteration 583 (267 total)
66 of 107 (61.682243%) active bins are populated
per-bin minimum non-zero probability:       1.81322e-129
per-bin maximum probability:                1
per-bin probability dynamic range (kT):     296.438
per-segment minimum non-zero probability:   1.45487e-129
per-segment maximum non-zero probability:   0.0842978
per-segment probability dynamic range (kT): 294.185
norm = 1, error in norm = -7.77156e-16 (-3.5*epsilon)
-- WARNING  [westpa.core.sim_manager] -- 
Minimum segment weight is < 1e-100 and might not be physically relevant. Please reconsider your progress coordinate or binning scheme.
MAB binning in use
Bottleneck bin occupancy may not be accurately reported
Waiting for segments to complete...
Iteration completed successfully
Iteration wallclock: 0:29:59.874007, cputime: 4:03:02.768225


Mon Mar 18 14:43:17 2024
Iteration 584 (1000 requested)
Beginning iteration 584
290 segments remain in iteration 584 (290 total)
70 of 107 (65.420561%) active bins are populated
per-bin minimum non-zero probability:       2.90975e-129
per-bin maximum probability:                0.91686
per-bin probability dynamic range (kT):     295.879
per-segment minimum non-zero probability:   1.81322e-129
per-segment maximum non-zero probability:   0.0842978
per-segment probability dynamic range (kT): 293.965
norm = 1, error in norm = -8.88178e-16 (-4*epsilon)
-- WARNING  [westpa.core.sim_manager] -- 
Minimum segment weight is < 1e-100 and might not be physically relevant. Please reconsider your progress coordinate or binning scheme.
MAB binning in use
Bottleneck bin occupancy may not be accurately reported
Waiting for segments to complete...
Iteration completed successfully
Iteration wallclock: 0:32:32.542405, cputime: 4:24:00.358791


Mon Mar 18 15:15:50 2024
Iteration 585 (1000 requested)
Beginning iteration 585
284 segments remain in iteration 585 (284 total)
70 of 107 (65.420561%) active bins are populated
per-bin minimum non-zero probability:       2.98384e-129
per-bin maximum probability:                0.89586
per-bin probability dynamic range (kT):     295.83
per-segment minimum non-zero probability:   1.68841e-129
per-segment maximum non-zero probability:   0.0838263
per-segment probability dynamic range (kT): 294.031
norm = 1, error in norm = -7.77156e-16 (-3.5*epsilon)
-- WARNING  [westpa.core.sim_manager] -- 
Minimum segment weight is < 1e-100 and might not be physically relevant. Please reconsider your progress coordinate or binning scheme.
MAB binning in use
Bottleneck bin occupancy may not be accurately reported
Waiting for segments to complete...
Iteration completed successfully
Iteration wallclock: 0:31:59.082809, cputime: 4:18:40.657776


Mon Mar 18 15:47:49 2024
Iteration 586 (1000 requested)
Beginning iteration 586
288 segments remain in iteration 586 (288 total)
67 of 107 (62.616822%) active bins are populated
per-bin minimum non-zero probability:       8.11493e-129
per-bin maximum probability:                1
per-bin probability dynamic range (kT):     294.94
per-segment minimum non-zero probability:   2.02873e-129
per-segment maximum non-zero probability:   0.0903421
per-segment probability dynamic range (kT): 293.922
norm = 1, error in norm = -7.77156e-16 (-3.5*epsilon)
-- WARNING  [westpa.core.sim_manager] -- 
Minimum segment weight is < 1e-100 and might not be physically relevant. Please reconsider your progress coordinate or binning scheme.
MAB binning in use
Bottleneck bin occupancy may not be accurately reported
Waiting for segments to complete...
Iteration completed successfully
Iteration wallclock: 0:32:30.035676, cputime: 4:22:02.739914


Mon Mar 18 16:20:19 2024
Iteration 587 (1000 requested)
Beginning iteration 587
282 segments remain in iteration 587 (282 total)
69 of 107 (64.485981%) active bins are populated
per-bin minimum non-zero probability:       2.02873e-129
per-bin maximum probability:                1
per-bin probability dynamic range (kT):     296.326
per-segment minimum non-zero probability:   2.02873e-129
per-segment maximum non-zero probability:   0.0903421
per-segment probability dynamic range (kT): 293.922
norm = 1, error in norm = -7.77156e-16 (-3.5*epsilon)
-- WARNING  [westpa.core.sim_manager] -- 
Minimum segment weight is < 1e-100 and might not be physically relevant. Please reconsider your progress coordinate or binning scheme.
MAB binning in use
Bottleneck bin occupancy may not be accurately reported
Waiting for segments to complete...
Iteration completed successfully
Iteration wallclock: 0:31:35.140215, cputime: 4:17:03.997594


Mon Mar 18 16:51:55 2024
Iteration 588 (1000 requested)
Beginning iteration 588
312 segments remain in iteration 588 (312 total)
77 of 107 (71.962617%) active bins are populated
per-bin minimum non-zero probability:       2.02873e-129
per-bin maximum probability:                0.916463
per-bin probability dynamic range (kT):     296.239
per-segment minimum non-zero probability:   1.14378e-129
per-segment maximum non-zero probability:   0.0869395
per-segment probability dynamic range (kT): 294.457
norm = 1, error in norm = -7.77156e-16 (-3.5*epsilon)
-- WARNING  [westpa.core.sim_manager] -- 
Minimum segment weight is < 1e-100 and might not be physically relevant. Please reconsider your progress coordinate or binning scheme.
MAB binning in use
Bottleneck bin occupancy may not be accurately reported
Waiting for segments to complete...
Iteration completed successfully
Iteration wallclock: 0:34:48.129037, cputime: 4:44:07.806714


Mon Mar 18 17:26:43 2024
Iteration 589 (1000 requested)
Beginning iteration 589
271 segments remain in iteration 589 (271 total)
69 of 107 (64.485981%) active bins are populated
per-bin minimum non-zero probability:       2.02873e-129
per-bin maximum probability:                1
per-bin probability dynamic range (kT):     296.326
per-segment minimum non-zero probability:   1.14315e-129
per-segment maximum non-zero probability:   0.0852382
per-segment probability dynamic range (kT): 294.437
norm = 1, error in norm = -7.77156e-16 (-3.5*epsilon)
-- WARNING  [westpa.core.sim_manager] -- 
Minimum segment weight is < 1e-100 and might not be physically relevant. Please reconsider your progress coordinate or binning scheme.
MAB binning in use
Bottleneck bin occupancy may not be accurately reported
Waiting for segments to complete...
Iteration completed successfully
Iteration wallclock: 0:30:08.689762, cputime: 4:06:48.453873


Mon Mar 18 17:56:52 2024
Iteration 590 (1000 requested)
Beginning iteration 590
268 segments remain in iteration 590 (268 total)
67 of 107 (62.616822%) active bins are populated
per-bin minimum non-zero probability:       1.14315e-129
per-bin maximum probability:                1
per-bin probability dynamic range (kT):     296.9
per-segment minimum non-zero probability:   1.14315e-129
per-segment maximum non-zero probability:   0.0846945
per-segment probability dynamic range (kT): 294.431
norm = 1, error in norm = -6.66134e-16 (-3*epsilon)
-- WARNING  [westpa.core.sim_manager] -- 
Minimum segment weight is < 1e-100 and might not be physically relevant. Please reconsider your progress coordinate or binning scheme.
MAB binning in use
Bottleneck bin occupancy may not be accurately reported
Waiting for segments to complete...
Iteration completed successfully
Iteration wallclock: 0:29:48.775253, cputime: 4:03:50.127991


Mon Mar 18 18:26:40 2024
Iteration 591 (1000 requested)
Beginning iteration 591
284 segments remain in iteration 591 (284 total)
69 of 107 (64.485981%) active bins are populated
per-bin minimum non-zero probability:       2.6707e-129
per-bin maximum probability:                1
per-bin probability dynamic range (kT):     296.051
per-segment minimum non-zero probability:   1.11992e-129
per-segment maximum non-zero probability:   0.0846945
per-segment probability dynamic range (kT): 294.452
norm = 1, error in norm = -7.77156e-16 (-3.5*epsilon)
-- WARNING  [westpa.core.sim_manager] -- 
Minimum segment weight is < 1e-100 and might not be physically relevant. Please reconsider your progress coordinate or binning scheme.
MAB binning in use
Bottleneck bin occupancy may not be accurately reported
Waiting for segments to complete...
Iteration completed successfully
Iteration wallclock: 0:31:39.683465, cputime: 4:18:29.267391


Mon Mar 18 18:58:20 2024
Iteration 592 (1000 requested)
Beginning iteration 592
283 segments remain in iteration 592 (283 total)
69 of 107 (64.485981%) active bins are populated
per-bin minimum non-zero probability:       8.36241e-129
per-bin maximum probability:                0.915306
per-bin probability dynamic range (kT):     294.821
per-segment minimum non-zero probability:   1.11992e-129
per-segment maximum non-zero probability:   0.084006
per-segment probability dynamic range (kT): 294.443
norm = 1, error in norm = -7.77156e-16 (-3.5*epsilon)
-- WARNING  [westpa.core.sim_manager] -- 
Minimum segment weight is < 1e-100 and might not be physically relevant. Please reconsider your progress coordinate or binning scheme.
MAB binning in use
Bottleneck bin occupancy may not be accurately reported
Waiting for segments to complete...
Iteration completed successfully
Iteration wallclock: 0:31:57.857476, cputime: 4:17:56.663692


Mon Mar 18 19:30:18 2024
Iteration 593 (1000 requested)
Beginning iteration 593
286 segments remain in iteration 593 (286 total)
73 of 107 (68.224299%) active bins are populated
per-bin minimum non-zero probability:       2.61841e-129
per-bin maximum probability:                1
per-bin probability dynamic range (kT):     296.071
per-segment minimum non-zero probability:   1.2395e-129
per-segment maximum non-zero probability:   0.084006
per-segment probability dynamic range (kT): 294.342
norm = 1, error in norm = -6.66134e-16 (-3*epsilon)
-- WARNING  [westpa.core.sim_manager] -- 
Minimum segment weight is < 1e-100 and might not be physically relevant. Please reconsider your progress coordinate or binning scheme.
MAB binning in use
Bottleneck bin occupancy may not be accurately reported
Waiting for segments to complete...
Iteration completed successfully
Iteration wallclock: 0:32:10.893950, cputime: 4:20:51.947087


Mon Mar 18 20:02:29 2024
Iteration 594 (1000 requested)
Beginning iteration 594
272 segments remain in iteration 594 (272 total)
67 of 107 (62.616822%) active bins are populated
per-bin minimum non-zero probability:       3.71851e-129
per-bin maximum probability:                0.916486
per-bin probability dynamic range (kT):     295.633
per-segment minimum non-zero probability:   1.81648e-129
per-segment maximum non-zero probability:   0.0837601
per-segment probability dynamic range (kT): 293.957
norm = 1, error in norm = -7.77156e-16 (-3.5*epsilon)
-- WARNING  [westpa.core.sim_manager] -- 
Minimum segment weight is < 1e-100 and might not be physically relevant. Please reconsider your progress coordinate or binning scheme.
MAB binning in use
Bottleneck bin occupancy may not be accurately reported
Waiting for segments to complete...
Iteration completed successfully
Iteration wallclock: 0:30:35.826402, cputime: 4:07:14.340467


Mon Mar 18 20:33:05 2024
Iteration 595 (1000 requested)
Beginning iteration 595
283 segments remain in iteration 595 (283 total)
71 of 107 (66.355140%) active bins are populated
per-bin minimum non-zero probability:       1.81648e-129
per-bin maximum probability:                1
per-bin probability dynamic range (kT):     296.437
per-segment minimum non-zero probability:   1.03881e-129
per-segment maximum non-zero probability:   0.0836781
per-segment probability dynamic range (kT): 294.515
norm = 1, error in norm = -7.77156e-16 (-3.5*epsilon)
-- WARNING  [westpa.core.sim_manager] -- 
Minimum segment weight is < 1e-100 and might not be physically relevant. Please reconsider your progress coordinate or binning scheme.
MAB binning in use
Bottleneck bin occupancy may not be accurately reported
Waiting for segments to complete...
Iteration completed successfully
Iteration wallclock: 0:31:36.735006, cputime: 4:17:12.171809


Mon Mar 18 21:04:42 2024
Iteration 596 (1000 requested)
Beginning iteration 596
287 segments remain in iteration 596 (287 total)
72 of 107 (67.289720%) active bins are populated
per-bin minimum non-zero probability:       1.83186e-129
per-bin maximum probability:                1
per-bin probability dynamic range (kT):     296.428
per-segment minimum non-zero probability:   1.83186e-129
per-segment maximum non-zero probability:   0.0836781
per-segment probability dynamic range (kT): 293.947
norm = 1, error in norm = -6.66134e-16 (-3*epsilon)
-- WARNING  [westpa.core.sim_manager] -- 
Minimum segment weight is < 1e-100 and might not be physically relevant. Please reconsider your progress coordinate or binning scheme.
MAB binning in use
Bottleneck bin occupancy may not be accurately reported
Waiting for segments to complete...
Iteration completed successfully
Iteration wallclock: 0:31:56.824710, cputime: 4:20:02.402527


Mon Mar 18 21:36:39 2024
Iteration 597 (1000 requested)
Beginning iteration 597
297 segments remain in iteration 597 (297 total)
71 of 107 (66.355140%) active bins are populated
per-bin minimum non-zero probability:       1.83186e-129
per-bin maximum probability:                1
per-bin probability dynamic range (kT):     296.428
per-segment minimum non-zero probability:   1.15948e-129
per-segment maximum non-zero probability:   0.0836781
per-segment probability dynamic range (kT): 294.405
norm = 1, error in norm = -6.66134e-16 (-3*epsilon)
-- WARNING  [westpa.core.sim_manager] -- 
Minimum segment weight is < 1e-100 and might not be physically relevant. Please reconsider your progress coordinate or binning scheme.
MAB binning in use
Bottleneck bin occupancy may not be accurately reported
Waiting for segments to complete...
Iteration completed successfully
Iteration wallclock: 0:33:01.613755, cputime: 4:29:04.678735


Mon Mar 18 22:09:40 2024
Iteration 598 (1000 requested)
Beginning iteration 598
281 segments remain in iteration 598 (281 total)
69 of 107 (64.485981%) active bins are populated
per-bin minimum non-zero probability:       1.83186e-129
per-bin maximum probability:                0.916869
per-bin probability dynamic range (kT):     296.341
per-segment minimum non-zero probability:   1.12257e-129
per-segment maximum non-zero probability:   0.0836781
per-segment probability dynamic range (kT): 294.437
norm = 1, error in norm = -8.88178e-16 (-4*epsilon)
-- WARNING  [westpa.core.sim_manager] -- 
Minimum segment weight is < 1e-100 and might not be physically relevant. Please reconsider your progress coordinate or binning scheme.
MAB binning in use
Bottleneck bin occupancy may not be accurately reported
Waiting for segments to complete...
Iteration completed successfully
Iteration wallclock: 0:31:09.414897, cputime: 4:14:35.369193


Mon Mar 18 22:40:50 2024
Iteration 599 (1000 requested)
Beginning iteration 599
279 segments remain in iteration 599 (279 total)
70 of 107 (65.420561%) active bins are populated
per-bin minimum non-zero probability:       1.12257e-129
per-bin maximum probability:                0.916322
per-bin probability dynamic range (kT):     296.83
per-segment minimum non-zero probability:   1.12257e-129
per-segment maximum non-zero probability:   0.0833551
per-segment probability dynamic range (kT): 294.433
norm = 1, error in norm = -7.77156e-16 (-3.5*epsilon)
-- WARNING  [westpa.core.sim_manager] -- 
Minimum segment weight is < 1e-100 and might not be physically relevant. Please reconsider your progress coordinate or binning scheme.
MAB binning in use
Bottleneck bin occupancy may not be accurately reported
Waiting for segments to complete...
Iteration completed successfully
Iteration wallclock: 0:30:44.103601, cputime: 4:12:28.395828


Mon Mar 18 23:11:34 2024
Iteration 600 (1000 requested)
Beginning iteration 600
276 segments remain in iteration 600 (276 total)
69 of 107 (64.485981%) active bins are populated
per-bin minimum non-zero probability:       2.24515e-129
per-bin maximum probability:                0.916645
per-bin probability dynamic range (kT):     296.138
per-segment minimum non-zero probability:   2.24515e-129
per-segment maximum non-zero probability:   0.0834695
per-segment probability dynamic range (kT): 293.741
norm = 1, error in norm = -8.88178e-16 (-4*epsilon)
-- WARNING  [westpa.core.sim_manager] -- 
Minimum segment weight is < 1e-100 and might not be physically relevant. Please reconsider your progress coordinate or binning scheme.
MAB binning in use
Bottleneck bin occupancy may not be accurately reported
Waiting for segments to complete...
Iteration completed successfully
Iteration wallclock: 0:30:31.243318, cputime: 4:10:11.575918


Mon Mar 18 23:42:05 2024
Iteration 601 (1000 requested)
Beginning iteration 601
285 segments remain in iteration 601 (285 total)
70 of 107 (65.420561%) active bins are populated
per-bin minimum non-zero probability:       3.36597e-129
per-bin maximum probability:                0.979161
per-bin probability dynamic range (kT):     295.799
per-segment minimum non-zero probability:   3.36597e-129
per-segment maximum non-zero probability:   0.0834018
per-segment probability dynamic range (kT): 293.336
norm = 1, error in norm = -6.66134e-16 (-3*epsilon)
-- WARNING  [westpa.core.sim_manager] -- 
Minimum segment weight is < 1e-100 and might not be physically relevant. Please reconsider your progress coordinate or binning scheme.
MAB binning in use
Bottleneck bin occupancy may not be accurately reported
Waiting for segments to complete...
Iteration completed successfully
Iteration wallclock: 0:31:28.956857, cputime: 4:18:03.115041


Tue Mar 19 00:13:34 2024
Iteration 602 (1000 requested)
Beginning iteration 602
287 segments remain in iteration 602 (287 total)
69 of 107 (64.485981%) active bins are populated
per-bin minimum non-zero probability:       8.74037e-129
per-bin maximum probability:                0.923634
per-bin probability dynamic range (kT):     294.786
per-segment minimum non-zero probability:   2.18509e-129
per-segment maximum non-zero probability:   0.086785
per-segment probability dynamic range (kT): 293.807
norm = 1, error in norm = -7.77156e-16 (-3.5*epsilon)
-- WARNING  [westpa.core.sim_manager] -- 
Minimum segment weight is < 1e-100 and might not be physically relevant. Please reconsider your progress coordinate or binning scheme.
MAB binning in use
Bottleneck bin occupancy may not be accurately reported
Waiting for segments to complete...
Iteration completed successfully
Iteration wallclock: 0:31:32.600144, cputime: 4:19:32.953688


Tue Mar 19 00:45:07 2024
Iteration 603 (1000 requested)
Beginning iteration 603
284 segments remain in iteration 603 (284 total)
70 of 107 (65.420561%) active bins are populated
per-bin minimum non-zero probability:       2.5726e-129
per-bin maximum probability:                0.916674
per-bin probability dynamic range (kT):     296.002
per-segment minimum non-zero probability:   2.5726e-129
per-segment maximum non-zero probability:   0.0850804
per-segment probability dynamic range (kT): 293.624
norm = 1, error in norm = -5.55112e-16 (-2.5*epsilon)
-- WARNING  [westpa.core.sim_manager] -- 
Minimum segment weight is < 1e-100 and might not be physically relevant. Please reconsider your progress coordinate or binning scheme.
MAB binning in use
Bottleneck bin occupancy may not be accurately reported
Waiting for segments to complete...
Iteration completed successfully
Iteration wallclock: 0:31:37.232574, cputime: 4:17:43.270959

Iteration 604 would require more than the allotted time. Ending run.
