log started: Sat Jun 18 00:07:32 2022

Log file: ./leap.log
>> #
>> # ----- leaprc for loading the general Amber Force field.
>> #       This file is mostly for use with Antechamber
>> #
>> #	load atom type hybridizations
>> #
>> addAtomTypes {
>> 	{ "h1"  "H" "sp3" }
>> 	{ "h2"  "H" "sp3" }
>> 	{ "h3"  "H" "sp3" }
>> 	{ "h4"  "H" "sp3" }
>> 	{ "h5"  "H" "sp3" }
>> 	{ "ha"  "H" "sp3" }
>> 	{ "hc"  "H" "sp3" }
>> 	{ "hn"  "H" "sp3" }
>> 	{ "ho"  "H" "sp3" }
>> 	{ "hp"  "H" "sp3" }
>> 	{ "hs"  "H" "sp3" }
>> 	{ "hw"  "H" "sp3" }
>> 	{ "hx"  "H" "sp3" }
>> 	{ "o"  "O" "sp2" }
>> 	{ "o2"  "O" "sp2" }
>> 	{ "oh"  "O" "sp3" }
>> 	{ "op"  "O" "sp3" }
>> 	{ "oq"  "O" "sp3" }
>> 	{ "os"  "O" "sp3" }
>> 	{ "ow"  "O" "sp3" }
>> 	{ "c"  "C" "sp2" }
>> 	{ "c1"  "C" "sp2" }
>> 	{ "c2"  "C" "sp2" }
>> 	{ "c3"  "C" "sp3" }
>> 	{ "ca"  "C" "sp2" }
>> 	{ "cc"  "C" "sp2" }
>> 	{ "cd"  "C" "sp2" }
>> 	{ "ce"  "C" "sp2" }
>> 	{ "cf"  "C" "sp2" }
>> 	{ "cg"  "C" "sp2" }
>> 	{ "ch"  "C" "sp2" }
>> 	{ "cp"  "C" "sp2" }
>> 	{ "cs"  "C" "sp2" }
>> 	{ "cq"  "C" "sp2" }
>> 	{ "cu"  "C" "sp2" }
>> 	{ "cv"  "C" "sp2" }
>> 	{ "cx"  "C" "sp2" }
>> 	{ "cy"  "C" "sp2" }
>> 	{ "cz"  "C" "sp2" }
>> 	{ "n"   "N" "sp2" }
>> 	{ "n1"  "N" "sp2" }
>> 	{ "n2"  "N" "sp2" }
>> 	{ "n3"  "N" "sp3" }
>> 	{ "n4"  "N" "sp3" }
>> 	{ "n5"  "N" "sp3" }
>> 	{ "n6"  "N" "sp3" }
>> 	{ "n7"  "N" "sp3" }
>> 	{ "n8"  "N" "sp3" }
>> 	{ "n9"  "N" "sp3" }
>> 	{ "na"  "N" "sp2" }
>> 	{ "nb"  "N" "sp2" }
>> 	{ "nc"  "N" "sp2" }
>> 	{ "nd"  "N" "sp2" }
>> 	{ "ne"  "N" "sp2" }
>> 	{ "nf"  "N" "sp2" }
>> 	{ "nh"  "N" "sp2" }
>> 	{ "ni"  "N" "sp2" }
>> 	{ "nj"  "N" "sp2" }
>> 	{ "nk"  "N" "sp3" }
>> 	{ "nl"  "N" "sp3" }
>> 	{ "nm"  "N" "sp2" }
>> 	{ "nn"  "N" "sp2" }
>> 	{ "no"  "N" "sp2" }
>> 	{ "np"  "N" "sp3" }
>> 	{ "nq"  "N" "sp3" }
>> 	{ "ns"  "N" "sp2" }
>> 	{ "nt"  "N" "sp2" }
>> 	{ "nu"  "N" "sp2" }
>> 	{ "nv"  "N" "sp2" }
>> 	{ "nx"  "N" "sp3" }
>> 	{ "ny"  "N" "sp3" }
>> 	{ "nz"  "N" "sp3" }
>> 	{ "n+"  "N" "sp3" }
>> 	{ "s"   "S" "sp2" }
>> 	{ "s2"   "S" "sp2" }
>> 	{ "s3"   "S" "sp3" }
>> 	{ "s4"   "S" "sp3" }
>> 	{ "s6"   "S" "sp3" }
>> 	{ "sh"   "S" "sp3" }
>> 	{ "sp"   "S" "sp3" }
>> 	{ "sq"   "S" "sp3" }
>> 	{ "ss"   "S" "sp3" }
>> 	{ "sx"   "S" "sp3" }
>> 	{ "sy"   "S" "sp3" }
>> 	{ "p2"   "P" "sp2" }
>> 	{ "p3"   "P" "sp3" }
>> 	{ "p4"   "P" "sp3" }
>> 	{ "p5"   "P" "sp3" }
>> 	{ "pb"   "P" "sp3" }
>> 	{ "pc"   "P" "sp3" }
>> 	{ "pd"   "P" "sp3" }
>> 	{ "pe"   "P" "sp3" }
>> 	{ "pf"   "P" "sp3" }
>> 	{ "px"   "P" "sp3" }
>> 	{ "py"   "P" "sp3" }
>> 	{ "f"   "F" "sp3" }
>> 	{ "cl"  "Cl" "sp3" }
>> 	{ "br"  "Br" "sp3" }
>> 	{ "i"   "I"  "sp3" }
>> }
>> #
>> #	Load the general force field parameter set.
>> #
>> gaff = loadamberparams gaff2.dat
Loading parameters: /ihome/lchong/dty7/Apps/anaconda3/envs/md/dat/leap/parm/gaff2.dat
Reading title:
AMBER General Force Field for organic molecules (Version 2.11, May 2016)
> 
> source leaprc.protein.ff19SB
----- Source: /ihome/lchong/dty7/Apps/anaconda3/envs/md/dat/leap/cmd/leaprc.protein.ff19SB
----- Source of /ihome/lchong/dty7/Apps/anaconda3/envs/md/dat/leap/cmd/leaprc.protein.ff19SB done
>> logFile leap.log
log started: Sat Jun 18 00:07:32 2022

Log file: ./leap.log
>> #
>> # ----- leaprc for loading the ff19SB force field
>> # ----- NOTE: this is designed for PDB format 3!
>> #
>> #	load atom type hybridizations
>> #
>> addAtomTypes {
>> 	{ "H"   "H" "sp3" }
>> 	{ "HO"  "H" "sp3" }
>> 	{ "HS"  "H" "sp3" }
>> 	{ "H1"  "H" "sp3" }
>> 	{ "H2"  "H" "sp3" }
>> 	{ "H3"  "H" "sp3" }
>> 	{ "H4"  "H" "sp3" }
>> 	{ "H5"  "H" "sp3" }
>> 	{ "HW"  "H" "sp3" }
>> 	{ "HC"  "H" "sp3" }
>> 	{ "HA"  "H" "sp3" }
>> 	{ "HP"  "H" "sp3" }
>> 	{ "HZ"  "H" "sp3" }
>> 	{ "OH"  "O" "sp3" }
>> 	{ "OS"  "O" "sp3" }
>> 	{ "O"   "O" "sp2" }
>> 	{ "O2"  "O" "sp2" }
>> 	{ "OP"  "O" "sp2" }
>> 	{ "OW"  "O" "sp3" }
>> 	{ "CT"  "C" "sp3" }
>> 	{ "CX"  "C" "sp3" }
>> 	{ "XC"  "C" "sp3" }
>> 	{ "C8"  "C" "sp3" }
>> 	{ "2C"  "C" "sp3" }
>> 	{ "3C"  "C" "sp3" }
>> 	{ "CH"  "C" "sp3" }
>> 	{ "CS"  "C" "sp2" }
>> 	{ "C"   "C" "sp2" }
>> 	{ "CO"   "C" "sp2" }
>> 	{ "C*"  "C" "sp2" }
>> 	{ "CA"  "C" "sp2" }
>> 	{ "CB"  "C" "sp2" }
>> 	{ "CC"  "C" "sp2" }
>> 	{ "CN"  "C" "sp2" }
>> 	{ "CM"  "C" "sp2" }
>> 	{ "CK"  "C" "sp2" }
>> 	{ "CQ"  "C" "sp2" }
>> 	{ "CD"  "C" "sp2" }
>> 	{ "C5"  "C" "sp2" }
>> 	{ "C4"  "C" "sp2" }
>> 	{ "CP"  "C" "sp2" }
>> 	{ "CI"  "C" "sp3" }
>> 	{ "CJ"  "C" "sp2" }
>> 	{ "CW"  "C" "sp2" }
>> 	{ "CV"  "C" "sp2" }
>> 	{ "CR"  "C" "sp2" }
>> 	{ "CA"  "C" "sp2" }
>> 	{ "CY"  "C" "sp2" }
>> 	{ "C0"  "Ca" "sp3" }
>> 	{ "MG"  "Mg" "sp3" }
>> 	{ "N"   "N" "sp2" }
>> 	{ "NA"  "N" "sp2" }
>> 	{ "N2"  "N" "sp2" }
>> 	{ "N*"  "N" "sp2" }
>> 	{ "NP"  "N" "sp2" }
>> 	{ "NQ"  "N" "sp2" }
>> 	{ "NB"  "N" "sp2" }
>> 	{ "NC"  "N" "sp2" }
>> 	{ "NT"  "N" "sp3" }
>> 	{ "NY"  "N" "sp2" }
>> 	{ "N3"  "N" "sp3" }
>> 	{ "S"   "S" "sp3" }
>> 	{ "SH"  "S" "sp3" }
>> 	{ "P"   "P" "sp3" }
>> 	{ "LP"  ""  "sp3" }
>> 	{ "EP"  ""  "sp3" }
>> 	{ "F"   "F" "sp3" }
>> 	{ "Cl"  "Cl" "sp3" }
>> 	{ "Br"  "Br" "sp3" }
>> 	{ "I"   "I"  "sp3" }
>> }
>> #
>> #	Load the main parameter set.
>> #
>> set default cmap on
>> parm19 = loadamberparams parm19.dat
Loading parameters: /ihome/lchong/dty7/Apps/anaconda3/envs/md/dat/leap/parm/parm19.dat
Reading title:
PARM99 + frcmod.ff99SB + frcmod.parmbsc0 + OL3 for RNA + ff19SB
(UNKNOWN ATOM TYPE: Zn)
(UNKNOWN ATOM TYPE: EP)
>> frcmod19SB = loadamberparams frcmod.ff19SB
Loading parameters: /ihome/lchong/dty7/Apps/anaconda3/envs/md/dat/leap/parm/frcmod.ff19SB
Reading force field modification type file (frcmod)
Reading title:
ff19SB AA-specific backbone CMAPs for protein 07/25/2019
>> #
>> #	Load main chain and terminating amino acid libraries
>> #
>> loadOff amino19.lib
Loading library: /ihome/lchong/dty7/Apps/anaconda3/envs/md/dat/leap/lib/amino19.lib
Loading: ALA
Loading: ARG
Loading: ASH
Loading: ASN
Loading: ASP
Loading: CYM
Loading: CYS
Loading: CYX
Loading: GLH
Loading: GLN
Loading: GLU
Loading: GLY
Loading: HID
Loading: HIE
Loading: HIP
Loading: HYP
Loading: ILE
Loading: LEU
Loading: LYN
Loading: LYS
Loading: MET
Loading: PHE
Loading: PRO
Loading: SER
Loading: THR
Loading: TRP
Loading: TYR
Loading: VAL
>> loadOff aminoct12.lib
Loading library: /ihome/lchong/dty7/Apps/anaconda3/envs/md/dat/leap/lib/aminoct12.lib
Loading: CALA
Loading: CARG
Loading: CASN
Loading: CASP
Loading: CCYS
Loading: CCYX
Loading: CGLN
Loading: CGLU
Loading: CGLY
Loading: CHID
Loading: CHIE
Loading: CHIP
Loading: CHYP
Loading: CILE
Loading: CLEU
Loading: CLYS
Loading: CMET
Loading: CPHE
Loading: CPRO
Loading: CSER
Loading: CTHR
Loading: CTRP
Loading: CTYR
Loading: CVAL
Loading: NHE
Loading: NME
>> loadOff aminont12.lib
Loading library: /ihome/lchong/dty7/Apps/anaconda3/envs/md/dat/leap/lib/aminont12.lib
Loading: ACE
Loading: NALA
Loading: NARG
Loading: NASN
Loading: NASP
Loading: NCYS
Loading: NCYX
Loading: NGLN
Loading: NGLU
Loading: NGLY
Loading: NHID
Loading: NHIE
Loading: NHIP
Loading: NILE
Loading: NLEU
Loading: NLYS
Loading: NMET
Loading: NPHE
Loading: NPRO
Loading: NSER
Loading: NTHR
Loading: NTRP
Loading: NTYR
Loading: NVAL
>> 
>> #
>> #	Define the PDB name map for the amino acids
>> #
>> addPdbResMap {
>>   { 0 "HYP" "NHYP" } { 1 "HYP" "CHYP" }
>>   { 0 "ALA" "NALA" } { 1 "ALA" "CALA" }
>>   { 0 "ARG" "NARG" } { 1 "ARG" "CARG" }
>>   { 0 "ASN" "NASN" } { 1 "ASN" "CASN" }
>>   { 0 "ASP" "NASP" } { 1 "ASP" "CASP" }
>>   { 0 "CYS" "NCYS" } { 1 "CYS" "CCYS" }
>>   { 0 "CYX" "NCYX" } { 1 "CYX" "CCYX" }
>>   { 0 "GLN" "NGLN" } { 1 "GLN" "CGLN" }
>>   { 0 "GLU" "NGLU" } { 1 "GLU" "CGLU" }
>>   { 0 "GLY" "NGLY" } { 1 "GLY" "CGLY" }
>>   { 0 "HID" "NHID" } { 1 "HID" "CHID" }
>>   { 0 "HIE" "NHIE" } { 1 "HIE" "CHIE" }
>>   { 0 "HIP" "NHIP" } { 1 "HIP" "CHIP" }
>>   { 0 "ILE" "NILE" } { 1 "ILE" "CILE" }
>>   { 0 "LEU" "NLEU" } { 1 "LEU" "CLEU" }
>>   { 0 "LYS" "NLYS" } { 1 "LYS" "CLYS" }
>>   { 0 "MET" "NMET" } { 1 "MET" "CMET" }
>>   { 0 "PHE" "NPHE" } { 1 "PHE" "CPHE" }
>>   { 0 "PRO" "NPRO" } { 1 "PRO" "CPRO" }
>>   { 0 "SER" "NSER" } { 1 "SER" "CSER" }
>>   { 0 "THR" "NTHR" } { 1 "THR" "CTHR" }
>>   { 0 "TRP" "NTRP" } { 1 "TRP" "CTRP" }
>>   { 0 "TYR" "NTYR" } { 1 "TYR" "CTYR" }
>>   { 0 "VAL" "NVAL" } { 1 "VAL" "CVAL" }
>>   { 0 "HIS" "NHIS" } { 1 "HIS" "CHIS" }
>> }
>> 
>> #
>> # assume that most often proteins use HIE
>> #
>> NHIS = NHIE
>> HIS = HIE
>> CHIS = CHIE
> 
> source leaprc.water.opc
----- Source: /ihome/lchong/dty7/Apps/anaconda3/envs/md/dat/leap/cmd/leaprc.water.opc
----- Source of /ihome/lchong/dty7/Apps/anaconda3/envs/md/dat/leap/cmd/leaprc.water.opc done
>> #
>> #  Load OPC water model and ions for OPC + Li/Merz ion parameters
>> #  (-1 to +4, 12-6 normal usage set)
>> # 
>> addAtomTypes {
>> 	{ "F-"   "F" "sp3" }
>> 	{ "Cl-"  "Cl" "sp3" }
>> 	{ "Br-"  "Br" "sp3" }
>> 	{ "I-"   "I"  "sp3" }
>> 	{ "Li+"  "Li"  "sp3" }
>> 	{ "Na+"  "Na"  "sp3" }
>> 	{ "K+"  "K"  "sp3" }
>> 	{ "Rb+"  "Rb"  "sp3" }
>> 	{ "Cs+"  "Cs"  "sp3" }
>> 	{ "Mg+"  "Mg"  "sp3" }
>>     { "Tl+"  "Tl"  "sp3" }
>>     { "Cu+"  "Cu"  "sp3" }
>>     { "Ag+"  "Ag"  "sp3" }
>>     { "Be2+" "Be"  "sp3" }
>>     { "Cu2+" "Cu"  "sp3" }
>>     { "Ni2+" "Ni"  "sp3" }
>>     { "Pt2+" "Pt"  "sp3" }
>>     { "Zn2+" "Zn"  "sp3" }
>>     { "Co2+" "Co"  "sp3" }
>>     { "Pd2+" "Pd"  "sp3" }
>>     { "Ag2+" "Ag"  "sp3" }
>>     { "Cr2+" "Cr"  "sp3" }
>>     { "Fe2+" "Fe"  "sp3" }
>>     { "Mg2+" "Mg"  "sp3" }
>>     { "V2+"  "V"   "sp3" }
>>     { "Mn2+" "Mn"  "sp3" }
>>     { "Hg2+" "Hg"  "sp3" }
>>     { "Cd2+" "Cd"  "sp3" }
>>     { "Yb2+" "Yb"  "sp3" }
>>     { "Ca2+" "Ca"  "sp3" }
>>     { "Sn2+" "Sn"  "sp3" }
>>     { "Pb2+" "Pb"  "sp3" }
>>     { "Eu2+" "Eu"  "sp3" }
>>     { "Sr2+" "Sr"  "sp3" }
>>     { "Sm2+" "Sm"  "sp3" }
>>     { "Ba2+" "Ba"  "sp3" }
>>     { "Ra2+" "Ra"  "sp3" }
>>     { "Al3+" "Al"  "sp3" }
>>     { "Fe3+" "Fe"  "sp3" }
>>     { "Cr3+" "Cr"  "sp3" }
>>     { "In3+" "In"  "sp3" }
>>     { "Tl3+" "Tl"  "sp3" }
>>     { "Y3+"  "Y"   "sp3" }
>>     { "La3+" "La"  "sp3" }
>>     { "Ce3+" "Ce"  "sp3" }
>>     { "Pr3+" "Pr"  "sp3" }
>>     { "Nd3+" "Nd"  "sp3" }
>>     { "Sm3+" "Sm"  "sp3" }
>>     { "Eu3+" "Eu"  "sp3" }
>>     { "Gd3+" "Gd"  "sp3" }
>>     { "Tb3+" "Tb"  "sp3" }
>>     { "Dy3+" "Dy"  "sp3" }
>>     { "Er3+" "Er"  "sp3" }
>>     { "Tm3+" "Tm"  "sp3" }
>>     { "Lu3+" "Lu"  "sp3" }
>>     { "Hf4+" "Hf"  "sp3" }
>>     { "Zr4+" "Zr"  "sp3" }
>>     { "Ce4+" "Ce"  "sp3" }
>>     { "U4+"  "U"   "sp3" }
>>     { "Pu4+" "Pu"  "sp3" }
>>     { "Th4+" "Th"  "sp3" }
>>     { "OW"   "O"   "sp3" }
>>     { "HW"   "H"   "sp3" }
>>     { "EP"   ""    "sp3" }
>> }
>> loadOff atomic_ions.lib
Loading library: /ihome/lchong/dty7/Apps/anaconda3/envs/md/dat/leap/lib/atomic_ions.lib
Loading: AG
Loading: AL
Loading: Ag
Loading: BA
Loading: BR
Loading: Be
Loading: CA
Loading: CD
Loading: CE
Loading: CL
Loading: CO
Loading: CR
Loading: CS
Loading: CU
Loading: CU1
Loading: Ce
Loading: Cl-
Loading: Cr
Loading: Dy
Loading: EU
Loading: EU3
Loading: Er
Loading: F
Loading: FE
Loading: FE2
Loading: GD3
Loading: H3O+
Loading: HE+
Loading: HG
Loading: HZ+
Loading: Hf
Loading: IN
Loading: IOD
Loading: K
Loading: K+
Loading: LA
Loading: LI
Loading: LU
Loading: MG
Loading: MN
Loading: NA
Loading: NH4
Loading: NI
Loading: Na+
Loading: Nd
Loading: PB
Loading: PD
Loading: PR
Loading: PT
Loading: Pu
Loading: RB
Loading: Ra
Loading: SM
Loading: SR
Loading: Sm
Loading: Sn
Loading: TB
Loading: TL
Loading: Th
Loading: Tl
Loading: Tm
Loading: U4+
Loading: V2+
Loading: Y
Loading: YB2
Loading: ZN
Loading: Zr
>> loadOff solvents.lib
Loading library: /ihome/lchong/dty7/Apps/anaconda3/envs/md/dat/leap/lib/solvents.lib
Loading: CHCL3BOX
Loading: DC4
Loading: FB3
Loading: FB3BOX
Loading: FB4
Loading: FB4BOX
Loading: MEOHBOX
Loading: NMABOX
Loading: O3P
Loading: OP3
Loading: OPC
Loading: OPC3BOX
Loading: OPCBOX
Loading: PL3
Loading: POL3BOX
Loading: QSPCFWBOX
Loading: SPC
Loading: SPCBOX
Loading: SPCFWBOX
Loading: SPF
Loading: SPG
Loading: T4E
Loading: TIP3PBOX
Loading: TIP3PFBOX
Loading: TIP4PBOX
Loading: TIP4PEWBOX
Loading: TIP5PBOX
Loading: TP3
Loading: TP4
Loading: TP5
Loading: TPF
>> HOH = OPC
>> WAT = OPC
>> loadAmberParams frcmod.opc
Loading parameters: /ihome/lchong/dty7/Apps/anaconda3/envs/md/dat/leap/parm/frcmod.opc
Reading force field modification type file (frcmod)
Reading title:
Parameters for OPC water (JPCL, 2014, 5 (21), pp 3863-3871)
(UNKNOWN ATOM TYPE: EP)
>> loadAmberParams frcmod.ionslm_126_opc
Loading parameters: /ihome/lchong/dty7/Apps/anaconda3/envs/md/dat/leap/parm/frcmod.ionslm_126_opc
Reading force field modification type file (frcmod)
Reading title:
Li/Merz ion parameters of atomic ions for the OPC water model (12-6 set)
>> 
> 
> loadamberprep /ix/lchong/dty7/eg5/adp/carlson/adp.prep
Loading Prep file: /ix/lchong/dty7/eg5/adp/carlson/adp.prep
(UNKNOWN ATOM TYPE: O3)
(UNKNOWN ATOM TYPE: O3)
(UNKNOWN ATOM TYPE: O3)
Loaded UNIT: ADP
> loadamberparams /ix/lchong/dty7/eg5/adp/carlson/frcmod.phos
Loading parameters: /ix/lchong/dty7/eg5/adp/carlson/frcmod.phos
Reading force field modification type file (frcmod)
Reading title:
#  Modifications to the AMBER94 force field for polyphosphates
(UNKNOWN ATOM TYPE: O3)
> loadoff ../../../mon/mon.lib
Loading library: ../../../mon/mon.lib
Loading: MON
> loadamberparams ../../../mon/mon.frcmod
Loading parameters: ../../../mon/mon.frcmod
Reading force field modification type file (frcmod)
Reading title:
Remark line goes here
> loadamberparams frcmod.ionslm_1264_opc
Loading parameters: /ihome/lchong/dty7/Apps/anaconda3/envs/md/dat/leap/parm/frcmod.ionslm_1264_opc
Reading force field modification type file (frcmod)
Reading title:
Li/Merz ion parameters of atomic ions for the OPC water model (12-6-4 set)
> pdb = loadpdb 1x88_apo_leap.pdb
Loading PDB file: ./1x88_apo_leap.pdb
Matching PDB residue names to LEaP variables.
Mapped residue MET, term: Terminal/beginning, seq. number: 0 to: NMET.
Mapped residue LYS, term: Terminal/last, seq. number: 367 to: CLYS.
  total atoms in file: 5830
  Leap added 1 missing atom according to residue templates:
       1 H / lone pairs
> charge pdb
Total unperturbed charge:   1.000000
Total perturbed charge:     1.000000
> #check pdb
> solvateoct pdb OPCBOX 20.0
Scaling up box by a factor of 1.267958 to meet diagonal cut criterion
  Solute vdw bounding box:              104.023 73.090 56.831
  Total bounding box for atom centers:  154.742 154.742 154.742
      (box expansion for 'iso' is  79.8%)
  Solvent unit box:                     18.865 18.478 19.006
The number of boxes:  x= 9  y= 9  z= 9
  Volume: 1888792.432 A^3 (oct)
  Total mass 1059304.460 amu,  Density 0.931 g/cc
  Added 56506 residues.
> addions2 pdb Na+ 0

/ihome/lchong/dty7/Apps/anaconda3/envs/md/bin/teLeap: Warning!
addIons: 1st Ion & target unit have charges of the same sign:
     unit charge = 1; ion1 charge = 1;
     can't neutralize.
> addions2 pdb Cl- 0
1 Cl- ion required to neutralize.
Adding 1 counter ions to "pdb" using 1A grid
Total solute charge:   1.00  Max atom radius:   1.98
Grid extends from solute vdw + 2.14  to  8.13
Box:
   enclosing:  -75.15 -86.36 -89.83   75.11 86.61 89.24
   sized:			      180.85 169.64 166.17
   edge:        256.00
Resolution:      1.00 Angstrom.
Tree depth: 8
Volume =  2.64% of box, grid points 443127
Calculating grid charges
Placed Cl- in pdb at (38.85, 10.64, -61.83).

Done adding ions.
> addions2 pdb Na+ 114
Adding 114 counter ions to "pdb" using 1A grid
Total solute charge:  -0.00  Max atom radius:   2.14
Grid extends from solute vdw + 1.45  to  7.59
Box:
   enclosing:  -74.61 -85.83 -89.29   74.58 86.08 88.71
   sized:			      181.39 170.17 166.71
   edge:        256.00
Resolution:      1.00 Angstrom.
Tree depth: 8
Volume =  2.76% of box, grid points 462985
Calculating grid charges
Placed Na+ in pdb at (-8.61, -16.83, 26.71).
Placed Na+ in pdb at (20.39, -38.83, 5.71).
Placed Na+ in pdb at (4.39, -25.83, -13.29).
Placed Na+ in pdb at (22.39, -15.83, 16.71).
Placed Na+ in pdb at (-50.61, 0.17, 62.71).
Placed Na+ in pdb at (-16.61, 66.17, 33.71).
Placed Na+ in pdb at (-60.61, 50.17, -18.29).
Placed Na+ in pdb at (-49.61, 42.17, 44.71).
Placed Na+ in pdb at (-38.61, 58.17, -5.29).
Placed Na+ in pdb at (-68.61, 4.17, 49.71).
Placed Na+ in pdb at (-38.61, 34.17, 57.71).
Placed Na+ in pdb at (-67.61, 28.17, -18.29).
Placed Na+ in pdb at (-8.61, -53.83, 48.71).
Placed Na+ in pdb at (-16.61, 66.17, 7.71).
Placed Na+ in pdb at (14.39, -43.83, 22.71).
Placed Na+ in pdb at (-51.61, -47.83, 34.71).
Placed Na+ in pdb at (42.39, -12.83, 9.71).
Placed Na+ in pdb at (-67.61, 5.17, -5.29).
Placed Na+ in pdb at (-49.61, -60.83, -20.29).
Placed Na+ in pdb at (13.39, -23.83, 74.71).
Placed Na+ in pdb at (-27.61, 50.17, 58.71).
Placed Na+ in pdb at (-17.61, 66.17, -46.29).
Placed Na+ in pdb at (25.39, 78.17, 26.71).
Placed Na+ in pdb at (-51.61, -24.83, 47.71).
Placed Na+ in pdb at (-59.61, 51.17, 7.71).
Placed Na+ in pdb at (25.39, -33.83, -7.29).
Placed Na+ in pdb at (36.39, 70.17, -14.29).
Placed Na+ in pdb at (-69.61, 29.17, 33.71).
Placed Na+ in pdb at (-38.61, -14.83, -58.29).
Placed Na+ in pdb at (-30.61, -39.83, 47.71).
Placed Na+ in pdb at (64.39, -32.83, -40.29).
Placed Na+ in pdb at (-38.61, -68.83, 19.71).
Placed Na+ in pdb at (-49.61, 19.17, 58.71).
Placed Na+ in pdb at (13.39, -45.83, 62.71).
Placed Na+ in pdb at (-67.61, -24.83, -27.29).
Placed Na+ in pdb at (46.39, 63.17, 25.71).
Placed Na+ in pdb at (-38.61, 8.17, -71.29).
Placed Na+ in pdb at (-66.61, -1.83, 11.71).
Placed Na+ in pdb at (25.39, 78.17, -0.29).
Placed Na+ in pdb at (31.39, -32.83, -67.29).
Placed Na+ in pdb at (-8.61, -7.83, 74.71).
Placed Na+ in pdb at (6.39, -38.83, -11.29).
Placed Na+ in pdb at (-69.61, 30.17, 7.71).
Placed Na+ in pdb at (-29.61, -61.83, 35.71).
Placed Na+ in pdb at (-38.61, -37.83, -45.29).
Placed Na+ in pdb at (-27.61, 27.17, 72.71).
Placed Na+ in pdb at (5.39, 74.17, 21.71).
Placed Na+ in pdb at (21.39, -25.83, 17.71).
Placed Na+ in pdb at (-67.61, -1.83, -41.29).
Placed Na+ in pdb at (-8.61, -30.83, 61.71).
Placed Na+ in pdb at (53.39, -47.83, -40.29).
Placed Na+ in pdb at (2.39, 73.17, -33.29).
Placed Na+ in pdb at (-66.61, -23.83, -1.29).
Placed Na+ in pdb at (7.39, 32.17, -61.29).
Placed Na+ in pdb at (24.39, 8.17, 68.71).
Placed Na+ in pdb at (-16.61, -6.83, -72.29).
Placed Na+ in pdb at (-38.61, 58.17, 21.71).
Placed Na+ in pdb at (-38.61, -68.83, -7.29).
Placed Na+ in pdb at (46.39, 63.17, -0.29).
Placed Na+ in pdb at (64.39, -9.83, -54.29).
Placed Na+ in pdb at (-30.61, -16.83, 60.71).
Placed Na+ in pdb at (-39.61, 58.17, -34.29).
Placed Na+ in pdb at (48.39, 60.17, -27.29).
Placed Na+ in pdb at (-17.61, -52.83, -45.29).
Placed Na+ in pdb at (66.39, 42.17, 25.71).
Placed Na+ in pdb at (-15.61, 47.17, -61.29).
Placed Na+ in pdb at (2.39, 73.17, -7.29).
Placed Na+ in pdb at (-60.61, -53.83, -6.29).
Placed Na+ in pdb at (-60.61, 27.17, 45.71).
Placed Na+ in pdb at (-67.61, -24.83, 25.71).
Placed Na+ in pdb at (31.39, -55.83, -54.29).
Placed Na+ in pdb at (-12.61, 25.17, -74.29).
Placed Na+ in pdb at (24.39, 31.17, 55.71).
Placed Na+ in pdb at (6.39, 56.17, -48.29).
Placed Na+ in pdb at (-27.61, 8.17, 76.71).
Placed Na+ in pdb at (-16.61, -29.83, -59.29).
Placed Na+ in pdb at (-60.61, -53.83, 19.71).
Placed Na+ in pdb at (-18.61, 63.17, 54.71).
Placed Na+ in pdb at (31.39, -20.83, -2.29).
Placed Na+ in pdb at (68.39, 47.17, -24.29).
Placed Na+ in pdb at (-17.61, 66.17, -20.29).
Placed Na+ in pdb at (-68.61, 7.17, -33.29).
Placed Na+ in pdb at (42.39, -17.83, -67.29).
Placed Na+ in pdb at (23.39, 53.17, 42.71).
Placed Na+ in pdb at (-27.61, -76.83, 5.71).
Placed Na+ in pdb at (-68.61, -16.83, -19.29).
Placed Na+ in pdb at (69.39, 15.17, 38.71).
Placed Na+ in pdb at (29.39, 39.17, -48.29).
Placed Na+ in pdb at (-66.61, 45.17, 11.71).
Placed Na+ in pdb at (57.39, 55.17, 14.71).
Placed Na+ in pdb at (39.39, 12.17, -65.29).
Placed Na+ in pdb at (26.39, 75.17, -28.29).
Placed Na+ in pdb at (-25.61, 21.17, -78.29).
Placed Na+ in pdb at (3.39, 72.17, 39.71).
Placed Na+ in pdb at (4.39, -68.83, -44.29).
Placed Na+ in pdb at (46.39, 41.17, 40.71).
Placed Na+ in pdb at (-68.61, -39.83, -5.29).
Placed Na+ in pdb at (-18.61, 38.17, 68.71).
Placed Na+ in pdb at (68.39, -30.83, 14.71).
Placed Na+ in pdb at (-66.61, -1.83, 38.71).
Placed Na+ in pdb at (69.39, 38.17, -1.29).
Placed Na+ in pdb at (53.39, -24.83, -54.29).
Placed Na+ in pdb at (-57.61, 21.17, -52.29).
Placed Na+ in pdb at (-60.61, -45.83, -32.29).
Placed Na+ in pdb at (-60.61, 50.17, 32.71).
Placed Na+ in pdb at (21.39, -5.83, 23.71).
Placed Na+ in pdb at (68.39, -7.83, -25.29).
Placed Na+ in pdb at (-28.61, -76.83, -21.29).
Placed Na+ in pdb at (58.39, 55.17, -13.29).
Placed Na+ in pdb at (-37.61, 57.17, 47.71).
Placed Na+ in pdb at (0.39, -23.83, -27.29).
Placed Na+ in pdb at (-38.61, 11.17, 71.71).
Placed Na+ in pdb at (50.39, 23.17, -47.29).
Placed Na+ in pdb at (-35.61, 52.17, -52.29).

Done adding ions.
> addions2 pdb Cl- 114
Adding 114 counter ions to "pdb" using 1A grid
Total solute charge:  114.00  Max atom radius:   2.14
Grid extends from solute vdw + 2.14  to  8.29
Box:
   enclosing:  -77.90 -86.52 -89.99   77.67 86.77 89.40
   sized:			      178.10 169.48 166.01
   edge:        256.00
Resolution:      1.00 Angstrom.
Tree depth: 8
Volume =  2.78% of box, grid points 465747
Calculating grid charges
Placed Cl- in pdb at (-6.90, 22.48, -72.99).
Placed Cl- in pdb at (-32.90, -72.52, -11.99).
Placed Cl- in pdb at (45.10, 44.48, 39.01).
Placed Cl- in pdb at (14.10, 30.48, -59.99).
Placed Cl- in pdb at (-67.90, -33.52, -11.99).
Placed Cl- in pdb at (-53.90, -57.52, 14.01).
Placed Cl- in pdb at (37.10, 38.48, -45.99).
Placed Cl- in pdb at (69.10, -5.52, -27.99).
Placed Cl- in pdb at (-67.90, 12.48, -37.99).
Placed Cl- in pdb at (56.10, -25.52, -51.99).
Placed Cl- in pdb at (16.10, 53.48, -45.99).
Placed Cl- in pdb at (21.10, -18.52, 23.01).
Placed Cl- in pdb at (-20.90, -51.52, -45.99).
Placed Cl- in pdb at (58.10, 23.48, -45.99).
Placed Cl- in pdb at (2.10, -52.52, 53.01).
Placed Cl- in pdb at (22.10, 51.48, 46.01).
Placed Cl- in pdb at (-54.90, -57.52, -11.99).
Placed Cl- in pdb at (-26.90, 9.48, 80.01).
Placed Cl- in pdb at (34.10, -33.52, -64.99).
Placed Cl- in pdb at (-25.90, -78.52, 3.01).
Placed Cl- in pdb at (68.10, 36.48, 9.01).
Placed Cl- in pdb at (-47.90, 49.48, -41.99).
Placed Cl- in pdb at (37.10, 70.48, 0.01).
Placed Cl- in pdb at (-41.90, -36.52, -45.99).
Placed Cl- in pdb at (6.10, 74.48, 39.01).
Placed Cl- in pdb at (68.10, -32.52, 22.01).
Placed Cl- in pdb at (-5.90, 46.48, -58.99).
Placed Cl- in pdb at (46.10, 63.48, 22.01).
Placed Cl- in pdb at (45.10, -18.52, -64.99).
Placed Cl- in pdb at (-65.90, 48.48, 10.01).
Placed Cl- in pdb at (5.10, -71.52, -41.99).
Placed Cl- in pdb at (-60.90, -49.52, -31.99).
Placed Cl- in pdb at (-0.90, 72.48, -31.99).
Placed Cl- in pdb at (-40.90, -67.52, 26.01).
Placed Cl- in pdb at (41.10, 59.48, -31.99).
Placed Cl- in pdb at (69.10, 16.48, 35.01).
Placed Cl- in pdb at (-26.90, 30.48, 74.01).
Placed Cl- in pdb at (69.10, 39.48, -4.99).
Placed Cl- in pdb at (-18.90, -37.52, 54.01).
Placed Cl- in pdb at (-59.90, 30.48, 47.01).
Placed Cl- in pdb at (67.10, -32.52, -29.99).
Placed Cl- in pdb at (-0.90, 72.48, -5.99).
Placed Cl- in pdb at (-68.90, 0.48, 37.01).
Placed Cl- in pdb at (-26.90, 57.48, -55.99).
Placed Cl- in pdb at (-19.90, -60.52, 40.01).
Placed Cl- in pdb at (0.10, -3.52, -0.99).
Placed Cl- in pdb at (-36.90, 59.48, -19.99).
Placed Cl- in pdb at (56.10, -45.52, -40.99).
Placed Cl- in pdb at (-70.90, -17.52, -21.99).
Placed Cl- in pdb at (-19.90, -5.52, -72.99).
Placed Cl- in pdb at (-41.90, 57.48, 23.01).
Placed Cl- in pdb at (61.10, 41.48, -34.99).
Placed Cl- in pdb at (-41.90, -13.52, -58.99).
Placed Cl- in pdb at (-31.90, -73.52, 14.01).
Placed Cl- in pdb at (-49.90, 1.48, 66.01).
Placed Cl- in pdb at (32.10, -53.52, -56.99).
Placed Cl- in pdb at (-68.90, 10.48, -12.99).
Placed Cl- in pdb at (37.10, 72.48, -16.99).
Placed Cl- in pdb at (69.10, 42.48, 23.01).
Placed Cl- in pdb at (-15.90, 65.48, 54.01).
Placed Cl- in pdb at (-19.90, -28.52, -59.99).
Placed Cl- in pdb at (-63.90, -50.52, 27.01).
Placed Cl- in pdb at (14.10, 7.48, -72.99).
Placed Cl- in pdb at (23.10, 30.48, 59.01).
Placed Cl- in pdb at (-26.90, -79.52, -22.99).
Placed Cl- in pdb at (-17.90, 46.48, -63.99).
Placed Cl- in pdb at (-68.90, 1.48, -41.99).
Placed Cl- in pdb at (-33.90, -17.52, 62.01).
Placed Cl- in pdb at (59.10, 57.48, -15.99).
Placed Cl- in pdb at (-36.90, 58.48, 51.01).
Placed Cl- in pdb at (-38.90, 60.48, -36.99).
Placed Cl- in pdb at (69.10, -31.52, 5.01).
Placed Cl- in pdb at (-62.90, -53.52, -2.99).
Placed Cl- in pdb at (-14.90, 67.48, -6.99).
Placed Cl- in pdb at (-11.90, -8.52, 76.01).
Placed Cl- in pdb at (58.10, 2.48, -57.99).
Placed Cl- in pdb at (25.10, 9.48, 72.01).
Placed Cl- in pdb at (-72.90, 31.48, 7.01).
Placed Cl- in pdb at (4.10, 60.48, -47.99).
Placed Cl- in pdb at (-38.90, 19.48, -67.99).
Placed Cl- in pdb at (-68.90, 0.48, 10.01).
Placed Cl- in pdb at (-13.90, 67.48, 21.01).
Placed Cl- in pdb at (-40.90, -67.52, -0.99).
Placed Cl- in pdb at (68.10, -10.52, -43.99).
Placed Cl- in pdb at (-17.90, 39.48, 72.01).
Placed Cl- in pdb at (20.10, 72.48, -32.99).
Placed Cl- in pdb at (-72.90, 30.48, 33.01).
Placed Cl- in pdb at (58.10, 58.48, 16.01).
Placed Cl- in pdb at (-70.90, -23.52, 25.01).
Placed Cl- in pdb at (32.10, -22.52, -71.99).
Placed Cl- in pdb at (-59.90, 11.48, -54.99).
Placed Cl- in pdb at (-68.90, -25.52, -37.99).
Placed Cl- in pdb at (30.10, -61.52, -42.99).
Placed Cl- in pdb at (68.10, -9.52, 9.01).
Placed Cl- in pdb at (-41.90, 10.48, 73.01).
Placed Cl- in pdb at (10.10, -24.52, 76.01).
Placed Cl- in pdb at (-61.90, 53.48, 32.01).
Placed Cl- in pdb at (-40.90, -46.52, 40.01).
Placed Cl- in pdb at (40.10, 14.48, -67.99).
Placed Cl- in pdb at (7.10, 75.48, 13.01).
Placed Cl- in pdb at (-27.90, 20.48, -80.99).
Placed Cl- in pdb at (-35.90, 43.48, 57.01).
Placed Cl- in pdb at (47.10, 65.48, -2.99).
Placed Cl- in pdb at (-37.90, 42.48, -54.99).
Placed Cl- in pdb at (52.10, -54.52, 24.01).
Placed Cl- in pdb at (-69.90, -22.52, -1.99).
Placed Cl- in pdb at (-11.90, -31.52, 63.01).
Placed Cl- in pdb at (71.10, 46.48, -21.99).
Placed Cl- in pdb at (30.10, -62.52, -14.99).
Placed Cl- in pdb at (-16.90, 68.48, -22.99).
Placed Cl- in pdb at (68.10, -9.52, 36.01).
Placed Cl- in pdb at (-71.90, 3.48, 51.01).
Placed Cl- in pdb at (68.10, 13.48, -3.99).
Placed Cl- in pdb at (-59.90, 34.48, -41.99).

Done adding ions.
> saveamberparm pdb 1x88_apo_solv.prmtop 1x88_apo_solv.inpcrd
Checking Unit.

/ihome/lchong/dty7/Apps/anaconda3/envs/md/bin/teLeap: Note.
Ignoring the warnings from Unit Checking.

Building topology.
Building atom parameters.
Building bond parameters.
Building angle parameters.
Building proper torsion parameters.
Building improper torsion parameters.
 total 1107 improper torsions applied
Building H-Bond parameters.
Incorporating Non-Bonded adjustments.
Not Marking per-residue atom chain types.
Marking per-residue atom chain types.
  (Residues lacking connect0/connect1 - 
   these don't have chain types marked:

	res	total affected

	CLYS	1
	MON	1
	NMET	1
  )
 (no restraints)
> savepdb pdb 1x88_apo_solv.pdb
Writing pdb file: 1x88_apo_solv.pdb
   printing CRYST1 record to PDB file with box info

/ihome/lchong/dty7/Apps/anaconda3/envs/md/bin/teLeap: Warning!
 Converting N-terminal residue name to PDB format: NMET -> MET

/ihome/lchong/dty7/Apps/anaconda3/envs/md/bin/teLeap: Warning!
 Converting C-terminal residue name to PDB format: CLYS -> LYS
> quit
	Quit

Exiting LEaP: Errors = 0; Warnings = 3; Notes = 1.
