Updating system with the options from the configuration file
Maximum wallclock time: 6 days, 0:00:00

Mon Mar 27 15:58:10 2023
Iteration 293 (600 requested)
Beginning iteration 293
343 segments remain in iteration 293 (343 total)
83 of 111 (74.774775%) active bins are populated
per-bin minimum non-zero probability:       2.93508e-75
per-bin maximum probability:                0.999735
per-bin probability dynamic range (kT):     171.617
per-segment minimum non-zero probability:   7.3377e-76
per-segment maximum non-zero probability:   0.0908867
per-segment probability dynamic range (kT): 170.605
norm = 1, error in norm = -1.11022e-16 (-0.5*epsilon)
MAB binning in use
Bottleneck bin occupancy may not be accurately reported
Waiting for segments to complete...
Recycled 1.5961e-50 probability (4 walkers) from target state 'unbound'
Iteration completed successfully
Iteration wallclock: 2:54:37.553688, cputime: 12:07:27.517859


Mon Mar 27 18:52:47 2023
Iteration 294 (600 requested)
Beginning iteration 294
350 segments remain in iteration 294 (350 total)
86 of 111 (77.477477%) active bins are populated
per-bin minimum non-zero probability:       7.3377e-76
per-bin maximum probability:                0.90885
per-bin probability dynamic range (kT):     172.908
per-segment minimum non-zero probability:   1.83443e-76
per-segment maximum non-zero probability:   0.0908867
per-segment probability dynamic range (kT): 171.992
norm = 1, error in norm = 0 (0*epsilon)
MAB binning in use
Bottleneck bin occupancy may not be accurately reported
Waiting for segments to complete...
Recycled 4.0108e-52 probability (5 walkers) from target state 'unbound'
Iteration completed successfully
Iteration wallclock: 3:17:17.949673, cputime: 12:36:10.209721


Mon Mar 27 22:10:06 2023
Iteration 295 (600 requested)
Beginning iteration 295
351 segments remain in iteration 295 (351 total)
86 of 111 (77.477477%) active bins are populated
per-bin minimum non-zero probability:       1.83443e-76
per-bin maximum probability:                0.999735
per-bin probability dynamic range (kT):     174.389
per-segment minimum non-zero probability:   4.58606e-77
per-segment maximum non-zero probability:   0.0908859
per-segment probability dynamic range (kT): 173.378
norm = 1, error in norm = 2.22045e-16 (1*epsilon)
MAB binning in use
Bottleneck bin occupancy may not be accurately reported
Waiting for segments to complete...
Recycled 2.39797e-52 probability (5 walkers) from target state 'unbound'
Iteration completed successfully
Iteration wallclock: 3:15:39.150072, cputime: 12:31:30.739627


Tue Mar 28 01:25:45 2023
Iteration 296 (600 requested)
Beginning iteration 296
351 segments remain in iteration 296 (351 total)
86 of 111 (77.477477%) active bins are populated
per-bin minimum non-zero probability:       4.58606e-77
per-bin maximum probability:                0.999735
per-bin probability dynamic range (kT):     175.776
per-segment minimum non-zero probability:   1.14652e-77
per-segment maximum non-zero probability:   0.0946722
per-segment probability dynamic range (kT): 174.805
norm = 1, error in norm = 0 (0*epsilon)
MAB binning in use
Bottleneck bin occupancy may not be accurately reported
Waiting for segments to complete...
Recycled 1.19873e-52 probability (2 walkers) from target state 'unbound'
Iteration completed successfully
Iteration wallclock: 2:54:02.648269, cputime: 12:27:28.488453


Tue Mar 28 04:19:48 2023
Iteration 297 (600 requested)
Beginning iteration 297
339 segments remain in iteration 297 (339 total)
84 of 111 (75.675676%) active bins are populated
per-bin minimum non-zero probability:       1.14652e-77
per-bin maximum probability:                0.999735
per-bin probability dynamic range (kT):     177.162
per-segment minimum non-zero probability:   2.86629e-78
per-segment maximum non-zero probability:   0.0927788
per-segment probability dynamic range (kT): 176.171
norm = 1, error in norm = 0 (0*epsilon)
MAB binning in use
Bottleneck bin occupancy may not be accurately reported
Waiting for segments to complete...
Recycled 9.06954e-53 probability (6 walkers) from target state 'unbound'
Iteration completed successfully
Iteration wallclock: 2:47:11.794223, cputime: 11:51:17.786356


Tue Mar 28 07:06:59 2023
Iteration 298 (600 requested)
Beginning iteration 298
346 segments remain in iteration 298 (346 total)
85 of 111 (76.576577%) active bins are populated
per-bin minimum non-zero probability:       2.86629e-78
per-bin maximum probability:                0.999735
per-bin probability dynamic range (kT):     178.548
per-segment minimum non-zero probability:   7.16572e-79
per-segment maximum non-zero probability:   0.0927788
per-segment probability dynamic range (kT): 177.557
norm = 1, error in norm = 0 (0*epsilon)
MAB binning in use
Bottleneck bin occupancy may not be accurately reported
Waiting for segments to complete...
Recycled 1.66323e-52 probability (5 walkers) from target state 'unbound'
Iteration completed successfully
Iteration wallclock: 2:53:00.424933, cputime: 12:16:00.033945


Tue Mar 28 10:00:00 2023
Iteration 299 (600 requested)
Beginning iteration 299
355 segments remain in iteration 299 (355 total)
87 of 111 (78.378378%) active bins are populated
per-bin minimum non-zero probability:       7.16572e-79
per-bin maximum probability:                0.999735
per-bin probability dynamic range (kT):     179.935
per-segment minimum non-zero probability:   1.79143e-79
per-segment maximum non-zero probability:   0.0918319
per-segment probability dynamic range (kT): 178.933
norm = 1, error in norm = 0 (0*epsilon)
MAB binning in use
Bottleneck bin occupancy may not be accurately reported
Waiting for segments to complete...
Recycled 8.82965e-53 probability (3 walkers) from target state 'unbound'
Iteration completed successfully
Iteration wallclock: 3:26:16.418879, cputime: 12:30:08.837349


Tue Mar 28 13:26:16 2023
Iteration 300 (600 requested)
Beginning iteration 300
363 segments remain in iteration 300 (363 total)
87 of 111 (78.378378%) active bins are populated
per-bin minimum non-zero probability:       1.79143e-79
per-bin maximum probability:                0.999735
per-bin probability dynamic range (kT):     181.321
per-segment minimum non-zero probability:   4.47858e-80
per-segment maximum non-zero probability:   0.0914724
per-segment probability dynamic range (kT): 180.316
norm = 1, error in norm = 0 (0*epsilon)
MAB binning in use
Bottleneck bin occupancy may not be accurately reported
Waiting for segments to complete...
Recycled 5.12411e-53 probability (5 walkers) from target state 'unbound'
Iteration completed successfully
Iteration wallclock: 3:19:57.020029, cputime: 12:58:13.743231


Tue Mar 28 16:46:13 2023
Iteration 301 (600 requested)
Beginning iteration 301
370 segments remain in iteration 301 (370 total)
91 of 111 (81.981982%) active bins are populated
per-bin minimum non-zero probability:       4.47858e-80
per-bin maximum probability:                0.908263
per-bin probability dynamic range (kT):     182.611
per-segment minimum non-zero probability:   1.11964e-80
per-segment maximum non-zero probability:   0.0912926
per-segment probability dynamic range (kT): 181.7
norm = 1, error in norm = 2.22045e-16 (1*epsilon)
MAB binning in use
Bottleneck bin occupancy may not be accurately reported
Waiting for segments to complete...
Recycled 5.04463e-53 probability (4 walkers) from target state 'unbound'
Iteration completed successfully
Iteration wallclock: 3:11:59.266406, cputime: 13:36:07.612883


Tue Mar 28 19:58:13 2023
Iteration 302 (600 requested)
Beginning iteration 302
343 segments remain in iteration 302 (343 total)
82 of 111 (73.873874%) active bins are populated
per-bin minimum non-zero probability:       1.11964e-80
per-bin maximum probability:                0.999735
per-bin probability dynamic range (kT):     184.094
per-segment minimum non-zero probability:   2.79911e-81
per-segment maximum non-zero probability:   0.0911348
per-segment probability dynamic range (kT): 183.085
norm = 1, error in norm = 2.22045e-16 (1*epsilon)
MAB binning in use
Bottleneck bin occupancy may not be accurately reported
Waiting for segments to complete...
Recycled 2.1414e-52 probability (3 walkers) from target state 'unbound'
Iteration completed successfully
Iteration wallclock: 2:48:14.291015, cputime: 12:25:21.114384


Tue Mar 28 22:46:27 2023
Iteration 303 (600 requested)
Beginning iteration 303
345 segments remain in iteration 303 (345 total)
83 of 111 (74.774775%) active bins are populated
per-bin minimum non-zero probability:       2.79911e-81
per-bin maximum probability:                0.817951
per-bin probability dynamic range (kT):     185.279
per-segment minimum non-zero probability:   6.99778e-82
per-segment maximum non-zero probability:   0.0910631
per-segment probability dynamic range (kT): 184.47
norm = 1, error in norm = 2.22045e-16 (1*epsilon)
MAB binning in use
Bottleneck bin occupancy may not be accurately reported
Waiting for segments to complete...
Recycled 2.52276e-53 probability (1 walkers) from target state 'unbound'
Iteration completed successfully
Iteration wallclock: 2:53:08.135921, cputime: 12:35:03.945063


Wed Mar 29 01:39:35 2023
Iteration 304 (600 requested)
Beginning iteration 304
343 segments remain in iteration 304 (343 total)
84 of 111 (75.675676%) active bins are populated
per-bin minimum non-zero probability:       6.99778e-82
per-bin maximum probability:                0.976987
per-bin probability dynamic range (kT):     186.843
per-segment minimum non-zero probability:   1.74944e-82
per-segment maximum non-zero probability:   0.0909777
per-segment probability dynamic range (kT): 185.856
norm = 1, error in norm = 0 (0*epsilon)
MAB binning in use
Bottleneck bin occupancy may not be accurately reported
Waiting for segments to complete...
Recycled 4.56587e-53 probability (4 walkers) from target state 'unbound'
Iteration completed successfully
Iteration wallclock: 3:10:54.947279, cputime: 12:17:36.756457


Wed Mar 29 04:50:30 2023
Iteration 305 (600 requested)
Beginning iteration 305
366 segments remain in iteration 305 (366 total)
91 of 111 (81.981982%) active bins are populated
per-bin minimum non-zero probability:       1.74944e-82
per-bin maximum probability:                0.916369
per-bin probability dynamic range (kT):     188.165
per-segment minimum non-zero probability:   4.37361e-83
per-segment maximum non-zero probability:   0.0947402
per-segment probability dynamic range (kT): 187.282
norm = 1, error in norm = 2.22045e-16 (1*epsilon)
MAB binning in use
Bottleneck bin occupancy may not be accurately reported
Waiting for segments to complete...
Recycled 6.84988e-53 probability (8 walkers) from target state 'unbound'
Iteration completed successfully
Iteration wallclock: 3:18:12.080319, cputime: 13:15:10.042250


Wed Mar 29 08:08:42 2023
Iteration 306 (600 requested)
Beginning iteration 306
358 segments remain in iteration 306 (358 total)
88 of 111 (79.279279%) active bins are populated
per-bin minimum non-zero probability:       4.37361e-83
per-bin maximum probability:                0.908843
per-bin probability dynamic range (kT):     189.543
per-segment minimum non-zero probability:   1.0934e-83
per-segment maximum non-zero probability:   0.0947402
per-segment probability dynamic range (kT): 188.669
norm = 1, error in norm = 0 (0*epsilon)
MAB binning in use
Bottleneck bin occupancy may not be accurately reported
Waiting for segments to complete...
Recycled 1.7294e-52 probability (10 walkers) from target state 'unbound'
Iteration completed successfully
Iteration wallclock: 2:54:15.710181, cputime: 13:01:36.587466


Wed Mar 29 11:02:58 2023
Iteration 307 (600 requested)
Beginning iteration 307
350 segments remain in iteration 307 (350 total)
83 of 111 (74.774775%) active bins are populated
per-bin minimum non-zero probability:       1.0934e-83
per-bin maximum probability:                0.999735
per-bin probability dynamic range (kT):     191.025
per-segment minimum non-zero probability:   2.73351e-84
per-segment maximum non-zero probability:   0.0947402
per-segment probability dynamic range (kT): 190.055
norm = 1, error in norm = 0 (0*epsilon)
MAB binning in use
Bottleneck bin occupancy may not be accurately reported
Waiting for segments to complete...
Recycled 1.95302e-53 probability (8 walkers) from target state 'unbound'
Iteration completed successfully
Iteration wallclock: 2:50:01.466929, cputime: 12:37:24.746326


Wed Mar 29 13:52:59 2023
Iteration 308 (600 requested)
Beginning iteration 308
355 segments remain in iteration 308 (355 total)
87 of 111 (78.378378%) active bins are populated
per-bin minimum non-zero probability:       2.73351e-84
per-bin maximum probability:                0.977502
per-bin probability dynamic range (kT):     192.389
per-segment minimum non-zero probability:   6.83377e-85
per-segment maximum non-zero probability:   0.092859
per-segment probability dynamic range (kT): 191.421
norm = 1, error in norm = -1.11022e-16 (-0.5*epsilon)
MAB binning in use
Bottleneck bin occupancy may not be accurately reported
Waiting for segments to complete...
Recycled 9.3712e-53 probability (8 walkers) from target state 'unbound'
Iteration completed successfully
Iteration wallclock: 2:53:39.695737, cputime: 13:07:03.584573


Wed Mar 29 16:46:39 2023
Iteration 309 (600 requested)
Beginning iteration 309
351 segments remain in iteration 309 (351 total)
84 of 111 (75.675676%) active bins are populated
per-bin minimum non-zero probability:       6.83377e-85
per-bin maximum probability:                0.999735
per-bin probability dynamic range (kT):     193.798
per-segment minimum non-zero probability:   1.70844e-85
per-segment maximum non-zero probability:   0.0947369
per-segment probability dynamic range (kT): 192.827
norm = 1, error in norm = 2.22045e-16 (1*epsilon)
MAB binning in use
Bottleneck bin occupancy may not be accurately reported
Waiting for segments to complete...
Recycled 3.47452e-53 probability (12 walkers) from target state 'unbound'
Iteration completed successfully
Iteration wallclock: 3:05:33.445693, cputime: 12:41:15.346291


Wed Mar 29 19:52:13 2023
Iteration 310 (600 requested)
Beginning iteration 310
339 segments remain in iteration 310 (339 total)
82 of 111 (73.873874%) active bins are populated
per-bin minimum non-zero probability:       1.70844e-85
per-bin maximum probability:                0.999735
per-bin probability dynamic range (kT):     195.184
per-segment minimum non-zero probability:   4.2711e-86
per-segment maximum non-zero probability:   0.0933104
per-segment probability dynamic range (kT): 194.199
norm = 1, error in norm = 0 (0*epsilon)
MAB binning in use
Bottleneck bin occupancy may not be accurately reported
Waiting for segments to complete...
Recycled 1.39207e-53 probability (6 walkers) from target state 'unbound'
Iteration completed successfully
Iteration wallclock: 3:13:00.181014, cputime: 12:12:54.320195


Wed Mar 29 23:05:13 2023
Iteration 311 (600 requested)
Beginning iteration 311
355 segments remain in iteration 311 (355 total)
86 of 111 (77.477477%) active bins are populated
per-bin minimum non-zero probability:       4.2711e-86
per-bin maximum probability:                0.999735
per-bin probability dynamic range (kT):     196.57
per-segment minimum non-zero probability:   1.06778e-86
per-segment maximum non-zero probability:   0.092141
per-segment probability dynamic range (kT): 195.572
norm = 1, error in norm = 0 (0*epsilon)
MAB binning in use
Bottleneck bin occupancy may not be accurately reported
Waiting for segments to complete...
Recycled 2.89536e-53 probability (6 walkers) from target state 'unbound'
Iteration completed successfully
Iteration wallclock: 3:19:27.114495, cputime: 12:44:03.801272


Thu Mar 30 02:24:40 2023
Iteration 312 (600 requested)
Beginning iteration 312
351 segments remain in iteration 312 (351 total)
86 of 111 (77.477477%) active bins are populated
per-bin minimum non-zero probability:       1.06778e-86
per-bin maximum probability:                0.999735
per-bin probability dynamic range (kT):     197.956
per-segment minimum non-zero probability:   2.66944e-87
per-segment maximum non-zero probability:   0.0915331
per-segment probability dynamic range (kT): 196.952
norm = 1, error in norm = 0 (0*epsilon)
MAB binning in use
Bottleneck bin occupancy may not be accurately reported
Waiting for segments to complete...
Recycled 1.68737e-53 probability (4 walkers) from target state 'unbound'
Iteration completed successfully
Iteration wallclock: 3:14:44.251755, cputime: 12:29:49.962129


Thu Mar 30 05:39:25 2023
Iteration 313 (600 requested)
Beginning iteration 313
363 segments remain in iteration 313 (363 total)
89 of 111 (80.180180%) active bins are populated
per-bin minimum non-zero probability:       2.66944e-87
per-bin maximum probability:                0.999735
per-bin probability dynamic range (kT):     199.343
per-segment minimum non-zero probability:   6.6736e-88
per-segment maximum non-zero probability:   0.0912291
per-segment probability dynamic range (kT): 198.335
norm = 1, error in norm = 0 (0*epsilon)
MAB binning in use
Bottleneck bin occupancy may not be accurately reported
Waiting for segments to complete...
Recycled 5.00164e-54 probability (2 walkers) from target state 'unbound'
Iteration completed successfully
Iteration wallclock: 3:28:39.866123, cputime: 13:04:37.776418


Thu Mar 30 09:08:04 2023
Iteration 314 (600 requested)
Beginning iteration 314
363 segments remain in iteration 314 (363 total)
87 of 111 (78.378378%) active bins are populated
per-bin minimum non-zero probability:       6.6736e-88
per-bin maximum probability:                0.999735
per-bin probability dynamic range (kT):     200.729
per-segment minimum non-zero probability:   1.6684e-88
per-segment maximum non-zero probability:   0.0910642
per-segment probability dynamic range (kT): 199.719
norm = 1, error in norm = 0 (0*epsilon)
MAB binning in use
Bottleneck bin occupancy may not be accurately reported
Waiting for segments to complete...
Recycled 6.08902e-54 probability (3 walkers) from target state 'unbound'
Iteration completed successfully
Iteration wallclock: 3:35:11.178102, cputime: 13:00:19.139263


Thu Mar 30 12:43:16 2023
Iteration 315 (600 requested)
Beginning iteration 315
354 segments remain in iteration 315 (354 total)
85 of 111 (76.576577%) active bins are populated
per-bin minimum non-zero probability:       6.6736e-88
per-bin maximum probability:                0.999735
per-bin probability dynamic range (kT):     200.729
per-segment minimum non-zero probability:   1.6684e-88
per-segment maximum non-zero probability:   0.0910642
per-segment probability dynamic range (kT): 199.719
norm = 1, error in norm = 0 (0*epsilon)
MAB binning in use
Bottleneck bin occupancy may not be accurately reported
Waiting for segments to complete...
Recycled 1.08739e-54 probability (3 walkers) from target state 'unbound'
Iteration completed successfully
Iteration wallclock: 3:28:24.389608, cputime: 12:45:20.891709


Thu Mar 30 16:11:40 2023
Iteration 316 (600 requested)
Beginning iteration 316
351 segments remain in iteration 316 (351 total)
85 of 111 (76.576577%) active bins are populated
per-bin minimum non-zero probability:       1.6684e-88
per-bin maximum probability:                0.999735
per-bin probability dynamic range (kT):     202.115
per-segment minimum non-zero probability:   4.171e-89
per-segment maximum non-zero probability:   0.0909763
per-segment probability dynamic range (kT): 201.105
norm = 1, error in norm = -1.11022e-16 (-0.5*epsilon)
MAB binning in use
Bottleneck bin occupancy may not be accurately reported
Waiting for segments to complete...
Recycled 3.0675e-54 probability (3 walkers) from target state 'unbound'
Iteration completed successfully
Iteration wallclock: 3:15:33.808778, cputime: 12:37:40.218542


Thu Mar 30 19:27:14 2023
Iteration 317 (600 requested)
Beginning iteration 317
339 segments remain in iteration 317 (339 total)
83 of 111 (74.774775%) active bins are populated
per-bin minimum non-zero probability:       4.171e-89
per-bin maximum probability:                0.999735
per-bin probability dynamic range (kT):     203.502
per-segment minimum non-zero probability:   1.04275e-89
per-segment maximum non-zero probability:   0.0909313
per-segment probability dynamic range (kT): 202.491
norm = 1, error in norm = 0 (0*epsilon)
MAB binning in use
Bottleneck bin occupancy may not be accurately reported
Waiting for segments to complete...
Recycled 1.20346e-54 probability (3 walkers) from target state 'unbound'
Iteration completed successfully
Iteration wallclock: 3:11:34.784384, cputime: 12:07:50.929440


Thu Mar 30 22:38:49 2023
Iteration 318 (600 requested)
Beginning iteration 318
347 segments remain in iteration 318 (347 total)
83 of 111 (74.774775%) active bins are populated
per-bin minimum non-zero probability:       1.04275e-89
per-bin maximum probability:                0.999735
per-bin probability dynamic range (kT):     204.888
per-segment minimum non-zero probability:   2.60688e-90
per-segment maximum non-zero probability:   0.0909083
per-segment probability dynamic range (kT): 203.877
norm = 1, error in norm = 0 (0*epsilon)
MAB binning in use
Bottleneck bin occupancy may not be accurately reported
Waiting for segments to complete...
Recycled 1.10152e-54 probability (3 walkers) from target state 'unbound'
Iteration completed successfully
Iteration wallclock: 3:11:05.155823, cputime: 12:37:21.069054


Fri Mar 31 01:49:54 2023
Iteration 319 (600 requested)
Beginning iteration 319
334 segments remain in iteration 319 (334 total)
82 of 111 (73.873874%) active bins are populated
per-bin minimum non-zero probability:       2.60688e-90
per-bin maximum probability:                0.999735
per-bin probability dynamic range (kT):     206.274
per-segment minimum non-zero probability:   6.51719e-91
per-segment maximum non-zero probability:   0.0909083
per-segment probability dynamic range (kT): 205.263
norm = 1, error in norm = 0 (0*epsilon)
MAB binning in use
Bottleneck bin occupancy may not be accurately reported
Waiting for segments to complete...
Recycled 7.82063e-90 probability (3 walkers) from target state 'unbound'
Iteration completed successfully
Iteration wallclock: 3:32:34.858291, cputime: 11:58:19.104007


Fri Mar 31 05:22:30 2023
Iteration 320 (600 requested)
Beginning iteration 320
323 segments remain in iteration 320 (323 total)
77 of 111 (69.369369%) active bins are populated
per-bin minimum non-zero probability:       2.60688e-90
per-bin maximum probability:                0.999735
per-bin probability dynamic range (kT):     206.274
per-segment minimum non-zero probability:   6.51719e-91
per-segment maximum non-zero probability:   0.0908967
per-segment probability dynamic range (kT): 205.263
norm = 1, error in norm = -1.11022e-16 (-0.5*epsilon)
MAB binning in use
Bottleneck bin occupancy may not be accurately reported
Waiting for segments to complete...
Recycled 1.45799e-49 probability (5 walkers) from target state 'unbound'
Iteration completed successfully
Iteration wallclock: 3:16:10.757013, cputime: 11:31:16.832480


Fri Mar 31 08:38:40 2023
Iteration 321 (600 requested)
Beginning iteration 321
350 segments remain in iteration 321 (350 total)
85 of 111 (76.576577%) active bins are populated
per-bin minimum non-zero probability:       6.51719e-91
per-bin maximum probability:                0.999735
per-bin probability dynamic range (kT):     207.661
per-segment minimum non-zero probability:   1.6293e-91
per-segment maximum non-zero probability:   0.0908967
per-segment probability dynamic range (kT): 206.649
norm = 1, error in norm = 0 (0*epsilon)
MAB binning in use
Bottleneck bin occupancy may not be accurately reported
Waiting for segments to complete...
Recycled 7.65197e-50 probability (6 walkers) from target state 'unbound'
Iteration completed successfully
Iteration wallclock: 3:11:40.772679, cputime: 12:41:52.752631


Fri Mar 31 11:50:21 2023
Iteration 322 (600 requested)
Beginning iteration 322
331 segments remain in iteration 322 (331 total)
81 of 111 (72.972973%) active bins are populated
per-bin minimum non-zero probability:       1.6293e-91
per-bin maximum probability:                0.817953
per-bin probability dynamic range (kT):     208.846
per-segment minimum non-zero probability:   4.07324e-92
per-segment maximum non-zero probability:   0.0908909
per-segment probability dynamic range (kT): 208.035
norm = 1, error in norm = 0 (0*epsilon)
MAB binning in use
Bottleneck bin occupancy may not be accurately reported
Waiting for segments to complete...
Recycled 1.25769e-50 probability (6 walkers) from target state 'unbound'
Iteration completed successfully
Iteration wallclock: 2:46:02.708352, cputime: 12:12:25.118952


Fri Mar 31 14:36:24 2023
Iteration 323 (600 requested)
Beginning iteration 323
343 segments remain in iteration 323 (343 total)
84 of 111 (75.675676%) active bins are populated
per-bin minimum non-zero probability:       3.5484e-80
per-bin maximum probability:                0.999735
per-bin probability dynamic range (kT):     182.94
per-segment minimum non-zero probability:   8.871e-81
per-segment maximum non-zero probability:   0.0908882
per-segment probability dynamic range (kT): 181.928
norm = 1, error in norm = -1.11022e-16 (-0.5*epsilon)
MAB binning in use
Bottleneck bin occupancy may not be accurately reported
Waiting for segments to complete...
Recycled 6.2052e-51 probability (5 walkers) from target state 'unbound'
Iteration completed successfully
Iteration wallclock: 2:52:57.132780, cputime: 12:40:01.961255


Fri Mar 31 17:29:21 2023
Iteration 324 (600 requested)
Beginning iteration 324
351 segments remain in iteration 324 (351 total)
83 of 111 (74.774775%) active bins are populated
per-bin minimum non-zero probability:       8.871e-81
per-bin maximum probability:                0.999735
per-bin probability dynamic range (kT):     184.326
per-segment minimum non-zero probability:   2.21775e-81
per-segment maximum non-zero probability:   0.0908868
per-segment probability dynamic range (kT): 183.315
norm = 1, error in norm = 0 (0*epsilon)
MAB binning in use
Bottleneck bin occupancy may not be accurately reported
Waiting for segments to complete...
Recycled 1.57671e-54 probability (1 walkers) from target state 'unbound'
Iteration completed successfully
Iteration wallclock: 2:57:46.133199, cputime: 12:44:14.086656


Fri Mar 31 20:27:07 2023
Iteration 325 (600 requested)
Beginning iteration 325
339 segments remain in iteration 325 (339 total)
82 of 111 (73.873874%) active bins are populated
per-bin minimum non-zero probability:       2.21775e-81
per-bin maximum probability:                0.999735
per-bin probability dynamic range (kT):     185.713
per-segment minimum non-zero probability:   5.54437e-82
per-segment maximum non-zero probability:   0.090886
per-segment probability dynamic range (kT): 184.701
norm = 1, error in norm = 0 (0*epsilon)
MAB binning in use
Bottleneck bin occupancy may not be accurately reported
Waiting for segments to complete...
Recycled 2.78484e-51 probability (5 walkers) from target state 'unbound'
Iteration completed successfully
Iteration wallclock: 2:52:23.842183, cputime: 12:33:16.915404


Fri Mar 31 23:19:31 2023
Iteration 326 (600 requested)
Beginning iteration 326
335 segments remain in iteration 326 (335 total)
82 of 111 (73.873874%) active bins are populated
per-bin minimum non-zero probability:       5.54437e-82
per-bin maximum probability:                0.999735
per-bin probability dynamic range (kT):     187.099
per-segment minimum non-zero probability:   1.38609e-82
per-segment maximum non-zero probability:   0.0908855
per-segment probability dynamic range (kT): 186.087
norm = 1, error in norm = 0 (0*epsilon)
MAB binning in use
Bottleneck bin occupancy may not be accurately reported
Waiting for segments to complete...
Recycled 4.63945e-52 probability (2 walkers) from target state 'unbound'
Iteration completed successfully
Iteration wallclock: 2:42:32.489782, cputime: 12:23:15.975550


Sat Apr  1 02:02:04 2023
Iteration 327 (600 requested)
Beginning iteration 327
347 segments remain in iteration 327 (347 total)
85 of 111 (76.576577%) active bins are populated
per-bin minimum non-zero probability:       1.38609e-82
per-bin maximum probability:                0.999735
per-bin probability dynamic range (kT):     188.485
per-segment minimum non-zero probability:   3.46523e-83
per-segment maximum non-zero probability:   0.0908853
per-segment probability dynamic range (kT): 187.474
norm = 1, error in norm = 0 (0*epsilon)
MAB binning in use
Bottleneck bin occupancy may not be accurately reported
Waiting for segments to complete...
Iteration completed successfully
Iteration wallclock: 2:47:16.719140, cputime: 12:42:33.563657


Sat Apr  1 04:49:20 2023
Iteration 328 (600 requested)
Beginning iteration 328
343 segments remain in iteration 328 (343 total)
83 of 111 (74.774775%) active bins are populated
per-bin minimum non-zero probability:       3.46523e-83
per-bin maximum probability:                0.999735
per-bin probability dynamic range (kT):     189.872
per-segment minimum non-zero probability:   8.66308e-84
per-segment maximum non-zero probability:   0.0908851
per-segment probability dynamic range (kT): 188.86
norm = 1, error in norm = 0 (0*epsilon)
MAB binning in use
Bottleneck bin occupancy may not be accurately reported
Waiting for segments to complete...
Recycled 2.90096e-53 probability (5 walkers) from target state 'unbound'
Iteration completed successfully
Iteration wallclock: 2:54:57.093676, cputime: 12:38:34.238488


Sat Apr  1 07:44:18 2023
Iteration 329 (600 requested)
Beginning iteration 329
339 segments remain in iteration 329 (339 total)
84 of 111 (75.675676%) active bins are populated
per-bin minimum non-zero probability:       1.73262e-83
per-bin maximum probability:                0.999735
per-bin probability dynamic range (kT):     190.565
per-segment minimum non-zero probability:   4.33154e-84
per-segment maximum non-zero probability:   0.0908851
per-segment probability dynamic range (kT): 189.553
norm = 1, error in norm = -2.22045e-16 (-1*epsilon)
MAB binning in use
Bottleneck bin occupancy may not be accurately reported
Waiting for segments to complete...
Recycled 1.81228e-53 probability (2 walkers) from target state 'unbound'
Iteration completed successfully
Iteration wallclock: 2:55:34.497095, cputime: 12:31:58.651189


Sat Apr  1 10:39:52 2023
Iteration 330 (600 requested)
Beginning iteration 330
343 segments remain in iteration 330 (343 total)
82 of 111 (73.873874%) active bins are populated
per-bin minimum non-zero probability:       4.33154e-84
per-bin maximum probability:                0.817965
per-bin probability dynamic range (kT):     191.75
per-segment minimum non-zero probability:   1.08289e-84
per-segment maximum non-zero probability:   0.090885
per-segment probability dynamic range (kT): 190.939
norm = 1, error in norm = -1.11022e-16 (-0.5*epsilon)
MAB binning in use
Bottleneck bin occupancy may not be accurately reported
Waiting for segments to complete...
Iteration completed successfully
Iteration wallclock: 3:11:39.783484, cputime: 12:18:06.088316


Sat Apr  1 13:51:32 2023
Iteration 331 (600 requested)
Beginning iteration 331
354 segments remain in iteration 331 (354 total)
87 of 111 (78.378378%) active bins are populated
per-bin minimum non-zero probability:       1.08289e-84
per-bin maximum probability:                0.999735
per-bin probability dynamic range (kT):     193.337
per-segment minimum non-zero probability:   2.70721e-85
per-segment maximum non-zero probability:   0.090885
per-segment probability dynamic range (kT): 192.326
norm = 1, error in norm = -1.11022e-16 (-0.5*epsilon)
MAB binning in use
Bottleneck bin occupancy may not be accurately reported
Waiting for segments to complete...
Recycled 1.81228e-54 probability (1 walkers) from target state 'unbound'
Iteration completed successfully
Iteration wallclock: 3:05:25.431177, cputime: 12:59:50.421134


Sat Apr  1 16:56:58 2023
Iteration 332 (600 requested)
Beginning iteration 332
358 segments remain in iteration 332 (358 total)
89 of 111 (80.180180%) active bins are populated
per-bin minimum non-zero probability:       2.70721e-85
per-bin maximum probability:                0.999735
per-bin probability dynamic range (kT):     194.724
per-segment minimum non-zero probability:   6.76803e-86
per-segment maximum non-zero probability:   0.090885
per-segment probability dynamic range (kT): 193.712
norm = 1, error in norm = 0 (0*epsilon)
MAB binning in use
Bottleneck bin occupancy may not be accurately reported
Waiting for segments to complete...
Recycled 1.81228e-54 probability (3 walkers) from target state 'unbound'
Iteration completed successfully
Iteration wallclock: 3:07:10.673674, cputime: 13:11:09.398508


Sat Apr  1 20:04:08 2023
Iteration 333 (600 requested)
Beginning iteration 333
355 segments remain in iteration 333 (355 total)
87 of 111 (78.378378%) active bins are populated
per-bin minimum non-zero probability:       6.76803e-86
per-bin maximum probability:                0.999735
per-bin probability dynamic range (kT):     196.11
per-segment minimum non-zero probability:   1.69201e-86
per-segment maximum non-zero probability:   0.090885
per-segment probability dynamic range (kT): 195.098
norm = 1, error in norm = 0 (0*epsilon)
MAB binning in use
Bottleneck bin occupancy may not be accurately reported
Waiting for segments to complete...
Recycled 4.35317e-51 probability (3 walkers) from target state 'unbound'
Iteration completed successfully
Iteration wallclock: 3:04:02.729676, cputime: 12:55:09.205421


Sat Apr  1 23:08:11 2023
Iteration 334 (600 requested)
Beginning iteration 334
346 segments remain in iteration 334 (346 total)
83 of 111 (74.774775%) active bins are populated
per-bin minimum non-zero probability:       3.34343e-83
per-bin maximum probability:                0.999735
per-bin probability dynamic range (kT):     189.907
per-segment minimum non-zero probability:   8.35856e-84
per-segment maximum non-zero probability:   0.090885
per-segment probability dynamic range (kT): 188.896
norm = 1, error in norm = 0 (0*epsilon)
MAB binning in use
Bottleneck bin occupancy may not be accurately reported
Waiting for segments to complete...
Recycled 2.29799e-70 probability (1 walkers) from target state 'unbound'
Iteration completed successfully
Iteration wallclock: 2:55:38.791736, cputime: 12:38:09.490644


Sun Apr  2 02:03:50 2023
Iteration 335 (600 requested)
Beginning iteration 335
354 segments remain in iteration 335 (354 total)
88 of 111 (79.279279%) active bins are populated
per-bin minimum non-zero probability:       1.67171e-83
per-bin maximum probability:                0.90885
per-bin probability dynamic range (kT):     190.505
per-segment minimum non-zero probability:   4.17928e-84
per-segment maximum non-zero probability:   0.090885
per-segment probability dynamic range (kT): 189.589
norm = 1, error in norm = 0 (0*epsilon)
MAB binning in use
Bottleneck bin occupancy may not be accurately reported
Waiting for segments to complete...
Recycled 1.85973e-51 probability (5 walkers) from target state 'unbound'
Iteration completed successfully
Iteration wallclock: 2:57:38.640470, cputime: 13:00:20.549853


Sun Apr  2 05:01:29 2023
Iteration 336 (600 requested)
Beginning iteration 336
355 segments remain in iteration 336 (355 total)
84 of 111 (75.675676%) active bins are populated
per-bin minimum non-zero probability:       3.90066e-83
per-bin maximum probability:                0.999735
per-bin probability dynamic range (kT):     189.753
per-segment minimum non-zero probability:   9.75166e-84
per-segment maximum non-zero probability:   0.090885
per-segment probability dynamic range (kT): 188.742
norm = 1, error in norm = 0 (0*epsilon)
MAB binning in use
Bottleneck bin occupancy may not be accurately reported
Waiting for segments to complete...
Recycled 1.36037e-52 probability (2 walkers) from target state 'unbound'
Iteration completed successfully
Iteration wallclock: 2:55:26.888170, cputime: 13:02:39.632873


Sun Apr  2 07:56:56 2023
Iteration 337 (600 requested)
Beginning iteration 337
351 segments remain in iteration 337 (351 total)
84 of 111 (75.675676%) active bins are populated
per-bin minimum non-zero probability:       3.90066e-83
per-bin maximum probability:                0.999735
per-bin probability dynamic range (kT):     189.753
per-segment minimum non-zero probability:   9.75166e-84
per-segment maximum non-zero probability:   0.090885
per-segment probability dynamic range (kT): 188.742
norm = 1, error in norm = -1.11022e-16 (-0.5*epsilon)
MAB binning in use
Bottleneck bin occupancy may not be accurately reported
Waiting for segments to complete...
Recycled 1.3676e-51 probability (7 walkers) from target state 'unbound'
Iteration completed successfully
Iteration wallclock: 3:10:13.033443, cputime: 12:57:10.202675


Sun Apr  2 11:07:09 2023
Iteration 338 (600 requested)
Beginning iteration 338
342 segments remain in iteration 338 (342 total)
83 of 111 (74.774775%) active bins are populated
per-bin minimum non-zero probability:       3.59061e-72
per-bin maximum probability:                0.90885
per-bin probability dynamic range (kT):     164.412
per-segment minimum non-zero probability:   8.97652e-73
per-segment maximum non-zero probability:   0.090885
per-segment probability dynamic range (kT): 163.496
norm = 1, error in norm = -1.11022e-16 (-0.5*epsilon)
MAB binning in use
Bottleneck bin occupancy may not be accurately reported
Waiting for segments to complete...
Recycled 1.70046e-53 probability (2 walkers) from target state 'unbound'
Iteration completed successfully
Iteration wallclock: 3:01:50.271391, cputime: 12:25:02.502427

Iteration 339 would require more than the allotted time. Ending run.
