Updating system with the options from the configuration file
Maximum wallclock time: 3 days, 0:00:00

Mon Nov 13 13:13:21 2023
Iteration 378 (500 requested)
0 segments remain in iteration 378 (350 total)
87 of 111 (78.378378%) active bins are populated
per-bin minimum non-zero probability:       2.97008e-96
per-bin maximum probability:                0.916379
per-bin probability dynamic range (kT):     219.872
per-segment minimum non-zero probability:   7.4252e-97
per-segment maximum non-zero probability:   0.0946366
per-segment probability dynamic range (kT): 218.988
norm = 1, error in norm = -1.11022e-16 (-0.5*epsilon)
MAB binning in use
Bottleneck bin occupancy may not be accurately reported
Waiting for segments to complete...
Recycled 5.20015e-57 probability (3 walkers) from target state 'unbound'
Iteration completed successfully
Iteration wallclock: 1:11:13.649220, cputime: 15:28:03.304849


Mon Nov 13 13:15:02 2023
Iteration 379 (500 requested)
Beginning iteration 379
347 segments remain in iteration 379 (347 total)
83 of 111 (74.774775%) active bins are populated
per-bin minimum non-zero probability:       7.4252e-97
per-bin maximum probability:                0.999799
per-bin probability dynamic range (kT):     221.346
per-segment minimum non-zero probability:   1.8563e-97
per-segment maximum non-zero probability:   0.093343
per-segment probability dynamic range (kT): 220.361
norm = 1, error in norm = 0 (0*epsilon)
MAB binning in use
Bottleneck bin occupancy may not be accurately reported
Waiting for segments to complete...
Recycled 5.75161e-56 probability (7 walkers) from target state 'unbound'
Iteration completed successfully
Iteration wallclock: 1:08:08.746179, cputime: 14:57:34.118339


Mon Nov 13 14:23:10 2023
Iteration 380 (500 requested)
Beginning iteration 380
350 segments remain in iteration 380 (350 total)
86 of 111 (77.477477%) active bins are populated
per-bin minimum non-zero probability:       1.8563e-97
per-bin maximum probability:                0.910367
per-bin probability dynamic range (kT):     222.638
per-segment minimum non-zero probability:   4.64075e-98
per-segment maximum non-zero probability:   0.093343
per-segment probability dynamic range (kT): 221.747
norm = 1, error in norm = 0 (0*epsilon)
MAB binning in use
Bottleneck bin occupancy may not be accurately reported
Waiting for segments to complete...
Recycled 2.47678e-57 probability (4 walkers) from target state 'unbound'
Iteration completed successfully
Iteration wallclock: 1:07:50.887076, cputime: 15:10:28.870138


Mon Nov 13 15:31:01 2023
Iteration 381 (500 requested)
Beginning iteration 381
355 segments remain in iteration 381 (355 total)
86 of 111 (77.477477%) active bins are populated
per-bin minimum non-zero probability:       4.64075e-98
per-bin maximum probability:                0.999799
per-bin probability dynamic range (kT):     224.118
per-segment minimum non-zero probability:   1.16019e-98
per-segment maximum non-zero probability:   0.0924402
per-segment probability dynamic range (kT): 223.124
norm = 1, error in norm = 0 (0*epsilon)
MAB binning in use
Bottleneck bin occupancy may not be accurately reported
Waiting for segments to complete...
Recycled 6.15585e-57 probability (9 walkers) from target state 'unbound'
Iteration completed successfully
Iteration wallclock: 1:08:44.658921, cputime: 15:20:03.870859


Mon Nov 13 16:39:46 2023
Iteration 382 (500 requested)
Beginning iteration 382
351 segments remain in iteration 382 (351 total)
85 of 111 (76.576577%) active bins are populated
per-bin minimum non-zero probability:       1.16019e-98
per-bin maximum probability:                0.999799
per-bin probability dynamic range (kT):     225.505
per-segment minimum non-zero probability:   2.90047e-99
per-segment maximum non-zero probability:   0.0917134
per-segment probability dynamic range (kT): 224.502
norm = 1, error in norm = 2.22045e-16 (1*epsilon)
MAB binning in use
Bottleneck bin occupancy may not be accurately reported
Waiting for segments to complete...
Recycled 7.39548e-58 probability (1 walkers) from target state 'unbound'
Iteration completed successfully
Iteration wallclock: 1:07:32.629123, cputime: 15:10:50.793187


Mon Nov 13 17:47:19 2023
Iteration 383 (500 requested)
Beginning iteration 383
343 segments remain in iteration 383 (343 total)
86 of 111 (77.477477%) active bins are populated
per-bin minimum non-zero probability:       2.90047e-99
per-bin maximum probability:                0.999799
per-bin probability dynamic range (kT):     226.891
per-segment minimum non-zero probability:   7.25118e-100
per-segment maximum non-zero probability:   0.091329
per-segment probability dynamic range (kT): 225.884
norm = 1, error in norm = 0 (0*epsilon)
MAB binning in use
Bottleneck bin occupancy may not be accurately reported
Waiting for segments to complete...
Recycled 2.99143e-57 probability (6 walkers) from target state 'unbound'
Iteration completed successfully
Iteration wallclock: 1:06:21.706948, cputime: 14:49:24.275161


Mon Nov 13 18:53:40 2023
Iteration 384 (500 requested)
Beginning iteration 384
362 segments remain in iteration 384 (362 total)
87 of 111 (78.378378%) active bins are populated
per-bin minimum non-zero probability:       7.25118e-100
per-bin maximum probability:                0.999799
per-bin probability dynamic range (kT):     228.277
per-segment minimum non-zero probability:   1.81279e-100
per-segment maximum non-zero probability:   0.091329
per-segment probability dynamic range (kT): 227.27
norm = 1, error in norm = 0 (0*epsilon)
MAB binning in use
Bottleneck bin occupancy may not be accurately reported
Waiting for segments to complete...
Recycled 6.67658e-58 probability (4 walkers) from target state 'unbound'
Iteration completed successfully
Iteration wallclock: 1:10:34.358171, cputime: 15:40:52.875840


Mon Nov 13 20:04:15 2023
Iteration 385 (500 requested)
Beginning iteration 385
367 segments remain in iteration 385 (367 total)
86 of 111 (77.477477%) active bins are populated
per-bin minimum non-zero probability:       1.81279e-100
per-bin maximum probability:                0.999799
per-bin probability dynamic range (kT):     229.663
per-segment minimum non-zero probability:   4.53198e-101
per-segment maximum non-zero probability:   0.0911122
per-segment probability dynamic range (kT): 228.654
norm = 1, error in norm = 0 (0*epsilon)
-- WARNING  [westpa.core.sim_manager] -- 
Minimum segment weight is < 1e-100 and might not be physically relevant. Please reconsider your progress coordinate or binning scheme.
MAB binning in use
Bottleneck bin occupancy may not be accurately reported
Waiting for segments to complete...
Recycled 8.40365e-59 probability (2 walkers) from target state 'unbound'
Iteration completed successfully
Iteration wallclock: 1:11:06.018107, cputime: 15:52:37.411167


Mon Nov 13 21:15:21 2023
Iteration 386 (500 requested)
Beginning iteration 386
343 segments remain in iteration 386 (343 total)
85 of 111 (76.576577%) active bins are populated
per-bin minimum non-zero probability:       4.53198e-101
per-bin maximum probability:                0.999799
per-bin probability dynamic range (kT):     231.05
per-segment minimum non-zero probability:   1.133e-101
per-segment maximum non-zero probability:   0.0947524
per-segment probability dynamic range (kT): 230.08
norm = 1, error in norm = 0 (0*epsilon)
-- WARNING  [westpa.core.sim_manager] -- 
Minimum segment weight is < 1e-100 and might not be physically relevant. Please reconsider your progress coordinate or binning scheme.
MAB binning in use
Bottleneck bin occupancy may not be accurately reported
Waiting for segments to complete...
Recycled 3.94694e-58 probability (3 walkers) from target state 'unbound'
Iteration completed successfully
Iteration wallclock: 1:07:05.832500, cputime: 14:41:54.291936


Mon Nov 13 22:22:26 2023
Iteration 387 (500 requested)
Beginning iteration 387
359 segments remain in iteration 387 (359 total)
85 of 111 (76.576577%) active bins are populated
per-bin minimum non-zero probability:       1.133e-101
per-bin maximum probability:                0.999799
per-bin probability dynamic range (kT):     232.436
per-segment minimum non-zero probability:   2.83249e-102
per-segment maximum non-zero probability:   0.0928776
per-segment probability dynamic range (kT): 231.446
norm = 1, error in norm = 0 (0*epsilon)
-- WARNING  [westpa.core.sim_manager] -- 
Minimum segment weight is < 1e-100 and might not be physically relevant. Please reconsider your progress coordinate or binning scheme.
MAB binning in use
Bottleneck bin occupancy may not be accurately reported
Waiting for segments to complete...
Recycled 9.40152e-58 probability (4 walkers) from target state 'unbound'
Iteration completed successfully
Iteration wallclock: 1:09:35.736004, cputime: 15:31:17.359680


Mon Nov 13 23:32:02 2023
Iteration 388 (500 requested)
Beginning iteration 388
375 segments remain in iteration 388 (375 total)
91 of 111 (81.981982%) active bins are populated
per-bin minimum non-zero probability:       2.83249e-102
per-bin maximum probability:                0.999799
per-bin probability dynamic range (kT):     233.822
per-segment minimum non-zero probability:   7.08123e-103
per-segment maximum non-zero probability:   0.091881
per-segment probability dynamic range (kT): 232.822
norm = 1, error in norm = 0 (0*epsilon)
-- WARNING  [westpa.core.sim_manager] -- 
Minimum segment weight is < 1e-100 and might not be physically relevant. Please reconsider your progress coordinate or binning scheme.
MAB binning in use
Bottleneck bin occupancy may not be accurately reported
Waiting for segments to complete...
Recycled 3.76791e-58 probability (2 walkers) from target state 'unbound'
Iteration completed successfully
Iteration wallclock: 1:12:03.151223, cputime: 16:18:03.936649


Tue Nov 14 00:44:05 2023
Iteration 389 (500 requested)
Beginning iteration 389
354 segments remain in iteration 389 (354 total)
89 of 111 (80.180180%) active bins are populated
per-bin minimum non-zero probability:       7.08123e-103
per-bin maximum probability:                0.90945
per-bin probability dynamic range (kT):     235.114
per-segment minimum non-zero probability:   1.77031e-103
per-segment maximum non-zero probability:   0.091881
per-segment probability dynamic range (kT): 234.208
norm = 1, error in norm = 0 (0*epsilon)
-- WARNING  [westpa.core.sim_manager] -- 
Minimum segment weight is < 1e-100 and might not be physically relevant. Please reconsider your progress coordinate or binning scheme.
MAB binning in use
Bottleneck bin occupancy may not be accurately reported
Waiting for segments to complete...
Recycled 1.55802e-58 probability (1 walkers) from target state 'unbound'
Iteration completed successfully
Iteration wallclock: 1:08:36.123356, cputime: 15:19:26.706714


Tue Nov 14 01:52:41 2023
Iteration 390 (500 requested)
Beginning iteration 390
363 segments remain in iteration 390 (363 total)
88 of 111 (79.279279%) active bins are populated
per-bin minimum non-zero probability:       1.77031e-103
per-bin maximum probability:                0.999799
per-bin probability dynamic range (kT):     236.595
per-segment minimum non-zero probability:   4.42577e-104
per-segment maximum non-zero probability:   0.0914789
per-segment probability dynamic range (kT): 235.59
norm = 1, error in norm = 0 (0*epsilon)
-- WARNING  [westpa.core.sim_manager] -- 
Minimum segment weight is < 1e-100 and might not be physically relevant. Please reconsider your progress coordinate or binning scheme.
MAB binning in use
Bottleneck bin occupancy may not be accurately reported
Waiting for segments to complete...
Recycled 5.47277e-61 probability (1 walkers) from target state 'unbound'
Iteration completed successfully
Iteration wallclock: 1:10:26.557412, cputime: 15:36:01.198532


Tue Nov 14 03:03:08 2023
Iteration 391 (500 requested)
Beginning iteration 391
343 segments remain in iteration 391 (343 total)
84 of 111 (75.675676%) active bins are populated
per-bin minimum non-zero probability:       4.42577e-104
per-bin maximum probability:                0.999799
per-bin probability dynamic range (kT):     237.981
per-segment minimum non-zero probability:   1.10644e-104
per-segment maximum non-zero probability:   0.0912313
per-segment probability dynamic range (kT): 236.973
norm = 1, error in norm = 0 (0*epsilon)
-- WARNING  [westpa.core.sim_manager] -- 
Minimum segment weight is < 1e-100 and might not be physically relevant. Please reconsider your progress coordinate or binning scheme.
MAB binning in use
Bottleneck bin occupancy may not be accurately reported
Waiting for segments to complete...
Recycled 1.10644e-104 probability (1 walkers) from target state 'unbound'
Iteration completed successfully
Iteration wallclock: 1:06:04.168676, cputime: 14:50:56.857329


Tue Nov 14 04:09:12 2023
Iteration 392 (500 requested)
Beginning iteration 392
359 segments remain in iteration 392 (359 total)
84 of 111 (75.675676%) active bins are populated
per-bin minimum non-zero probability:       1.10644e-104
per-bin maximum probability:                0.999799
per-bin probability dynamic range (kT):     239.367
per-segment minimum non-zero probability:   2.7661e-105
per-segment maximum non-zero probability:   0.091084
per-segment probability dynamic range (kT): 238.358
norm = 1, error in norm = 0 (0*epsilon)
-- WARNING  [westpa.core.sim_manager] -- 
Minimum segment weight is < 1e-100 and might not be physically relevant. Please reconsider your progress coordinate or binning scheme.
MAB binning in use
Bottleneck bin occupancy may not be accurately reported
Waiting for segments to complete...
Recycled 2.38462e-59 probability (4 walkers) from target state 'unbound'
Iteration completed successfully
Iteration wallclock: 1:09:13.088987, cputime: 15:39:17.062343


Tue Nov 14 05:18:25 2023
Iteration 393 (500 requested)
Beginning iteration 393
355 segments remain in iteration 393 (355 total)
85 of 111 (76.576577%) active bins are populated
per-bin minimum non-zero probability:       2.7661e-105
per-bin maximum probability:                0.999799
per-bin probability dynamic range (kT):     240.754
per-segment minimum non-zero probability:   6.91526e-106
per-segment maximum non-zero probability:   0.0909913
per-segment probability dynamic range (kT): 239.743
norm = 1, error in norm = 0 (0*epsilon)
-- WARNING  [westpa.core.sim_manager] -- 
Minimum segment weight is < 1e-100 and might not be physically relevant. Please reconsider your progress coordinate or binning scheme.
MAB binning in use
Bottleneck bin occupancy may not be accurately reported
Waiting for segments to complete...
Recycled 3.76615e-58 probability (10 walkers) from target state 'unbound'
Iteration completed successfully
Iteration wallclock: 1:08:50.321411, cputime: 15:16:09.257929


Tue Nov 14 06:27:16 2023
Iteration 394 (500 requested)
Beginning iteration 394
331 segments remain in iteration 394 (331 total)
81 of 111 (72.972973%) active bins are populated
per-bin minimum non-zero probability:       6.91526e-106
per-bin maximum probability:                0.999799
per-bin probability dynamic range (kT):     242.14
per-segment minimum non-zero probability:   1.72881e-106
per-segment maximum non-zero probability:   0.090943
per-segment probability dynamic range (kT): 241.129
norm = 1, error in norm = 0 (0*epsilon)
-- WARNING  [westpa.core.sim_manager] -- 
Minimum segment weight is < 1e-100 and might not be physically relevant. Please reconsider your progress coordinate or binning scheme.
MAB binning in use
Bottleneck bin occupancy may not be accurately reported
Waiting for segments to complete...
Recycled 2.83611e-58 probability (8 walkers) from target state 'unbound'
Iteration completed successfully
Iteration wallclock: 1:04:07.944474, cputime: 14:24:36.290349


Tue Nov 14 07:31:24 2023
Iteration 395 (500 requested)
Beginning iteration 395
339 segments remain in iteration 395 (339 total)
81 of 111 (72.972973%) active bins are populated
per-bin minimum non-zero probability:       1.72881e-106
per-bin maximum probability:                0.999799
per-bin probability dynamic range (kT):     243.526
per-segment minimum non-zero probability:   4.32204e-107
per-segment maximum non-zero probability:   0.0909172
per-segment probability dynamic range (kT): 242.515
norm = 1, error in norm = 0 (0*epsilon)
-- WARNING  [westpa.core.sim_manager] -- 
Minimum segment weight is < 1e-100 and might not be physically relevant. Please reconsider your progress coordinate or binning scheme.
MAB binning in use
Bottleneck bin occupancy may not be accurately reported
Waiting for segments to complete...
Recycled 8.29265e-59 probability (4 walkers) from target state 'unbound'
Iteration completed successfully
Iteration wallclock: 1:05:26.281092, cputime: 14:41:52.935934


Tue Nov 14 08:36:50 2023
Iteration 396 (500 requested)
Beginning iteration 396
327 segments remain in iteration 396 (327 total)
78 of 111 (70.270270%) active bins are populated
per-bin minimum non-zero probability:       4.32204e-107
per-bin maximum probability:                0.999799
per-bin probability dynamic range (kT):     244.913
per-segment minimum non-zero probability:   1.08051e-107
per-segment maximum non-zero probability:   0.0909042
per-segment probability dynamic range (kT): 243.901
norm = 1, error in norm = 2.22045e-16 (1*epsilon)
-- WARNING  [westpa.core.sim_manager] -- 
Minimum segment weight is < 1e-100 and might not be physically relevant. Please reconsider your progress coordinate or binning scheme.
MAB binning in use
Bottleneck bin occupancy may not be accurately reported
Waiting for segments to complete...
Recycled 1.80446e-59 probability (3 walkers) from target state 'unbound'
Iteration completed successfully
Iteration wallclock: 1:03:41.788759, cputime: 14:08:12.003663


Tue Nov 14 09:40:32 2023
Iteration 397 (500 requested)
Beginning iteration 397
347 segments remain in iteration 397 (347 total)
84 of 111 (75.675676%) active bins are populated
per-bin minimum non-zero probability:       1.08051e-107
per-bin maximum probability:                0.999799
per-bin probability dynamic range (kT):     246.299
per-segment minimum non-zero probability:   2.70127e-108
per-segment maximum non-zero probability:   0.0908975
per-segment probability dynamic range (kT): 245.287
norm = 1, error in norm = 0 (0*epsilon)
-- WARNING  [westpa.core.sim_manager] -- 
Minimum segment weight is < 1e-100 and might not be physically relevant. Please reconsider your progress coordinate or binning scheme.
MAB binning in use
Bottleneck bin occupancy may not be accurately reported
Waiting for segments to complete...
Recycled 2.4765e-59 probability (5 walkers) from target state 'unbound'
Iteration completed successfully
Iteration wallclock: 1:07:05.767832, cputime: 15:00:21.262423


Tue Nov 14 10:47:37 2023
Iteration 398 (500 requested)
Beginning iteration 398
347 segments remain in iteration 398 (347 total)
86 of 111 (77.477477%) active bins are populated
per-bin minimum non-zero probability:       2.70127e-108
per-bin maximum probability:                0.999799
per-bin probability dynamic range (kT):     247.685
per-segment minimum non-zero probability:   6.75318e-109
per-segment maximum non-zero probability:   0.0908942
per-segment probability dynamic range (kT): 246.674
norm = 1, error in norm = 0 (0*epsilon)
-- WARNING  [westpa.core.sim_manager] -- 
Minimum segment weight is < 1e-100 and might not be physically relevant. Please reconsider your progress coordinate or binning scheme.
MAB binning in use
Bottleneck bin occupancy may not be accurately reported
Waiting for segments to complete...
Recycled 3.63892e-59 probability (2 walkers) from target state 'unbound'
Iteration completed successfully
Iteration wallclock: 1:07:09.350786, cputime: 14:55:59.590940


Tue Nov 14 11:54:47 2023
Iteration 399 (500 requested)
Beginning iteration 399
351 segments remain in iteration 399 (351 total)
79 of 111 (71.171171%) active bins are populated
per-bin minimum non-zero probability:       6.75318e-109
per-bin maximum probability:                0.999799
per-bin probability dynamic range (kT):     249.072
per-segment minimum non-zero probability:   1.6883e-109
per-segment maximum non-zero probability:   0.0908925
per-segment probability dynamic range (kT): 248.06
norm = 1, error in norm = 0 (0*epsilon)
-- WARNING  [westpa.core.sim_manager] -- 
Minimum segment weight is < 1e-100 and might not be physically relevant. Please reconsider your progress coordinate or binning scheme.
MAB binning in use
Bottleneck bin occupancy may not be accurately reported
Waiting for segments to complete...
Recycled 6.2471e-59 probability (6 walkers) from target state 'unbound'
Iteration completed successfully
Iteration wallclock: 1:08:18.725353, cputime: 15:13:17.198079


Tue Nov 14 13:03:06 2023
Iteration 400 (500 requested)
Beginning iteration 400
330 segments remain in iteration 400 (330 total)
79 of 111 (71.171171%) active bins are populated
per-bin minimum non-zero probability:       1.6883e-109
per-bin maximum probability:                0.908909
per-bin probability dynamic range (kT):     250.363
per-segment minimum non-zero probability:   4.22074e-110
per-segment maximum non-zero probability:   0.0908925
per-segment probability dynamic range (kT): 249.446
norm = 1, error in norm = -1.11022e-16 (-0.5*epsilon)
-- WARNING  [westpa.core.sim_manager] -- 
Minimum segment weight is < 1e-100 and might not be physically relevant. Please reconsider your progress coordinate or binning scheme.
MAB binning in use
Bottleneck bin occupancy may not be accurately reported
Waiting for segments to complete...
Recycled 2.4509e-59 probability (3 walkers) from target state 'unbound'
Iteration completed successfully
Iteration wallclock: 1:05:24.708719, cputime: 14:20:59.178653


Tue Nov 14 14:08:30 2023
Iteration 401 (500 requested)
Beginning iteration 401
327 segments remain in iteration 401 (327 total)
84 of 111 (75.675676%) active bins are populated
per-bin minimum non-zero probability:       4.22074e-110
per-bin maximum probability:                0.727127
per-bin probability dynamic range (kT):     251.526
per-segment minimum non-zero probability:   1.05518e-110
per-segment maximum non-zero probability:   0.0908917
per-segment probability dynamic range (kT): 250.833
norm = 1, error in norm = 0 (0*epsilon)
-- WARNING  [westpa.core.sim_manager] -- 
Minimum segment weight is < 1e-100 and might not be physically relevant. Please reconsider your progress coordinate or binning scheme.
MAB binning in use
Bottleneck bin occupancy may not be accurately reported
Waiting for segments to complete...
Recycled 4.17621e-59 probability (5 walkers) from target state 'unbound'
Iteration completed successfully
Iteration wallclock: 1:03:55.907546, cputime: 14:11:39.078740


Tue Nov 14 15:12:26 2023
Iteration 402 (500 requested)
Beginning iteration 402
339 segments remain in iteration 402 (339 total)
82 of 111 (73.873874%) active bins are populated
per-bin minimum non-zero probability:       1.05518e-110
per-bin maximum probability:                0.999799
per-bin probability dynamic range (kT):     253.23
per-segment minimum non-zero probability:   2.63796e-111
per-segment maximum non-zero probability:   0.094678
per-segment probability dynamic range (kT): 252.26
norm = 1, error in norm = 0 (0*epsilon)
-- WARNING  [westpa.core.sim_manager] -- 
Minimum segment weight is < 1e-100 and might not be physically relevant. Please reconsider your progress coordinate or binning scheme.
MAB binning in use
Bottleneck bin occupancy may not be accurately reported
Waiting for segments to complete...
Recycled 2.51874e-59 probability (4 walkers) from target state 'unbound'
Iteration completed successfully
Iteration wallclock: 1:07:04.943984, cputime: 14:42:11.670458


Tue Nov 14 16:19:31 2023
Iteration 403 (500 requested)
Beginning iteration 403
335 segments remain in iteration 403 (335 total)
83 of 111 (74.774775%) active bins are populated
per-bin minimum non-zero probability:       2.63796e-111
per-bin maximum probability:                0.999799
per-bin probability dynamic range (kT):     254.617
per-segment minimum non-zero probability:   6.59491e-112
per-segment maximum non-zero probability:   0.0927846
per-segment probability dynamic range (kT): 253.626
norm = 1, error in norm = 0 (0*epsilon)
-- WARNING  [westpa.core.sim_manager] -- 
Minimum segment weight is < 1e-100 and might not be physically relevant. Please reconsider your progress coordinate or binning scheme.
MAB binning in use
Bottleneck bin occupancy may not be accurately reported
Waiting for segments to complete...
Recycled 2.39099e-59 probability (3 walkers) from target state 'unbound'
Iteration completed successfully
Iteration wallclock: 1:05:57.146317, cputime: 14:31:25.620332


Tue Nov 14 17:25:28 2023
Iteration 404 (500 requested)
Beginning iteration 404
339 segments remain in iteration 404 (339 total)
83 of 111 (74.774775%) active bins are populated
per-bin minimum non-zero probability:       6.59491e-112
per-bin maximum probability:                0.999799
per-bin probability dynamic range (kT):     256.003
per-segment minimum non-zero probability:   1.64873e-112
per-segment maximum non-zero probability:   0.0918378
per-segment probability dynamic range (kT): 255.002
norm = 1, error in norm = 2.22045e-16 (1*epsilon)
-- WARNING  [westpa.core.sim_manager] -- 
Minimum segment weight is < 1e-100 and might not be physically relevant. Please reconsider your progress coordinate or binning scheme.
MAB binning in use
Bottleneck bin occupancy may not be accurately reported
Waiting for segments to complete...
Recycled 5.67063e-60 probability (3 walkers) from target state 'unbound'
Iteration completed successfully
Iteration wallclock: 1:06:50.936018, cputime: 14:35:50.100772


Tue Nov 14 18:32:19 2023
Iteration 405 (500 requested)
Beginning iteration 405
331 segments remain in iteration 405 (331 total)
83 of 111 (74.774775%) active bins are populated
per-bin minimum non-zero probability:       1.64873e-112
per-bin maximum probability:                0.999799
per-bin probability dynamic range (kT):     257.389
per-segment minimum non-zero probability:   4.12182e-113
per-segment maximum non-zero probability:   0.0914695
per-segment probability dynamic range (kT): 256.384
norm = 1, error in norm = -1.11022e-16 (-0.5*epsilon)
-- WARNING  [westpa.core.sim_manager] -- 
Minimum segment weight is < 1e-100 and might not be physically relevant. Please reconsider your progress coordinate or binning scheme.
MAB binning in use
Bottleneck bin occupancy may not be accurately reported
Waiting for segments to complete...
Recycled 9.61059e-60 probability (5 walkers) from target state 'unbound'
Iteration completed successfully
Iteration wallclock: 1:05:31.491925, cputime: 14:20:47.550813


Tue Nov 14 19:37:51 2023
Iteration 406 (500 requested)
Beginning iteration 406
351 segments remain in iteration 406 (351 total)
88 of 111 (79.279279%) active bins are populated
per-bin minimum non-zero probability:       4.12182e-113
per-bin maximum probability:                0.999799
per-bin probability dynamic range (kT):     258.776
per-segment minimum non-zero probability:   1.03045e-113
per-segment maximum non-zero probability:   0.0912853
per-segment probability dynamic range (kT): 257.768
norm = 1, error in norm = 0 (0*epsilon)
-- WARNING  [westpa.core.sim_manager] -- 
Minimum segment weight is < 1e-100 and might not be physically relevant. Please reconsider your progress coordinate or binning scheme.
MAB binning in use
Bottleneck bin occupancy may not be accurately reported
Waiting for segments to complete...
Recycled 8.88962e-60 probability (8 walkers) from target state 'unbound'
Iteration completed successfully
Iteration wallclock: 1:09:29.311792, cputime: 15:11:42.265580


Tue Nov 14 20:47:20 2023
Iteration 407 (500 requested)
Beginning iteration 407
365 segments remain in iteration 407 (365 total)
89 of 111 (80.180180%) active bins are populated
per-bin minimum non-zero probability:       1.03045e-113
per-bin maximum probability:                0.999799
per-bin probability dynamic range (kT):     260.162
per-segment minimum non-zero probability:   2.57613e-114
per-segment maximum non-zero probability:   0.0909785
per-segment probability dynamic range (kT): 259.151
norm = 1, error in norm = 0 (0*epsilon)
-- WARNING  [westpa.core.sim_manager] -- 
Minimum segment weight is < 1e-100 and might not be physically relevant. Please reconsider your progress coordinate or binning scheme.
MAB binning in use
Bottleneck bin occupancy may not be accurately reported
Waiting for segments to complete...
Iteration completed successfully
Iteration wallclock: 1:11:33.090998, cputime: 15:58:10.565082


Tue Nov 14 21:58:53 2023
Iteration 408 (500 requested)
Beginning iteration 408
351 segments remain in iteration 408 (351 total)
87 of 111 (78.378378%) active bins are populated
per-bin minimum non-zero probability:       2.57613e-114
per-bin maximum probability:                0.999799
per-bin probability dynamic range (kT):     261.548
per-segment minimum non-zero probability:   6.44034e-115
per-segment maximum non-zero probability:   0.0910618
per-segment probability dynamic range (kT): 260.538
norm = 1, error in norm = 0 (0*epsilon)
-- WARNING  [westpa.core.sim_manager] -- 
Minimum segment weight is < 1e-100 and might not be physically relevant. Please reconsider your progress coordinate or binning scheme.
MAB binning in use
Bottleneck bin occupancy may not be accurately reported
Waiting for segments to complete...
Recycled 2.66285e-60 probability (6 walkers) from target state 'unbound'
Iteration completed successfully
Iteration wallclock: 1:08:25.718529, cputime: 15:13:33.397452


Tue Nov 14 23:07:19 2023
Iteration 409 (500 requested)
Beginning iteration 409
314 segments remain in iteration 409 (314 total)
80 of 111 (72.072072%) active bins are populated
per-bin minimum non-zero probability:       6.44034e-115
per-bin maximum probability:                0.908936
per-bin probability dynamic range (kT):     262.839
per-segment minimum non-zero probability:   1.61008e-115
per-segment maximum non-zero probability:   0.0910618
per-segment probability dynamic range (kT): 261.925
norm = 1, error in norm = 2.22045e-16 (1*epsilon)
-- WARNING  [westpa.core.sim_manager] -- 
Minimum segment weight is < 1e-100 and might not be physically relevant. Please reconsider your progress coordinate or binning scheme.
MAB binning in use
Bottleneck bin occupancy may not be accurately reported
Waiting for segments to complete...
Recycled 5.04683e-61 probability (1 walkers) from target state 'unbound'
Iteration completed successfully
Iteration wallclock: 1:01:39.145224, cputime: 13:37:45.274948


Wed Nov 15 00:08:58 2023
Iteration 410 (500 requested)
Beginning iteration 410
347 segments remain in iteration 410 (347 total)
83 of 111 (74.774775%) active bins are populated
per-bin minimum non-zero probability:       1.61008e-115
per-bin maximum probability:                0.999799
per-bin probability dynamic range (kT):     264.321
per-segment minimum non-zero probability:   4.02521e-116
per-segment maximum non-zero probability:   0.0909975
per-segment probability dynamic range (kT): 263.31
norm = 1, error in norm = 0 (0*epsilon)
-- WARNING  [westpa.core.sim_manager] -- 
Minimum segment weight is < 1e-100 and might not be physically relevant. Please reconsider your progress coordinate or binning scheme.
MAB binning in use
Bottleneck bin occupancy may not be accurately reported
Waiting for segments to complete...
Recycled 5.35945e-60 probability (7 walkers) from target state 'unbound'
Iteration completed successfully
Iteration wallclock: 1:08:01.497041, cputime: 14:55:58.532303


Wed Nov 15 01:17:00 2023
Iteration 411 (500 requested)
Beginning iteration 411
339 segments remain in iteration 411 (339 total)
83 of 111 (74.774775%) active bins are populated
per-bin minimum non-zero probability:       4.02521e-116
per-bin maximum probability:                0.999799
per-bin probability dynamic range (kT):     265.707
per-segment minimum non-zero probability:   1.0063e-116
per-segment maximum non-zero probability:   0.0909478
per-segment probability dynamic range (kT): 264.696
norm = 1, error in norm = 2.22045e-16 (1*epsilon)
-- WARNING  [westpa.core.sim_manager] -- 
Minimum segment weight is < 1e-100 and might not be physically relevant. Please reconsider your progress coordinate or binning scheme.
MAB binning in use
Bottleneck bin occupancy may not be accurately reported
Waiting for segments to complete...
Recycled 6.75065e-61 probability (2 walkers) from target state 'unbound'
Iteration completed successfully
Iteration wallclock: 1:05:43.818650, cputime: 14:48:58.860278


Wed Nov 15 02:22:43 2023
Iteration 412 (500 requested)
Beginning iteration 412
355 segments remain in iteration 412 (355 total)
86 of 111 (77.477477%) active bins are populated
per-bin minimum non-zero probability:       1.0063e-116
per-bin maximum probability:                0.999799
per-bin probability dynamic range (kT):     267.093
per-segment minimum non-zero probability:   2.51576e-117
per-segment maximum non-zero probability:   0.0909211
per-segment probability dynamic range (kT): 266.082
norm = 1, error in norm = 2.22045e-16 (1*epsilon)
-- WARNING  [westpa.core.sim_manager] -- 
Minimum segment weight is < 1e-100 and might not be physically relevant. Please reconsider your progress coordinate or binning scheme.
MAB binning in use
Bottleneck bin occupancy may not be accurately reported
Waiting for segments to complete...
Recycled 1.88939e-61 probability (2 walkers) from target state 'unbound'
Iteration completed successfully
Iteration wallclock: 1:08:26.246439, cputime: 15:26:15.577791


Wed Nov 15 03:31:10 2023
Iteration 413 (500 requested)
Beginning iteration 413
349 segments remain in iteration 413 (349 total)
86 of 111 (77.477477%) active bins are populated
per-bin minimum non-zero probability:       2.51576e-117
per-bin maximum probability:                0.908878
per-bin probability dynamic range (kT):     268.384
per-segment minimum non-zero probability:   6.28939e-118
per-segment maximum non-zero probability:   0.0908915
per-segment probability dynamic range (kT): 267.468
norm = 1, error in norm = 2.22045e-16 (1*epsilon)
-- WARNING  [westpa.core.sim_manager] -- 
Minimum segment weight is < 1e-100 and might not be physically relevant. Please reconsider your progress coordinate or binning scheme.
MAB binning in use
Bottleneck bin occupancy may not be accurately reported
Waiting for segments to complete...
Recycled 2.10182e-60 probability (4 walkers) from target state 'unbound'
Iteration completed successfully
Iteration wallclock: 1:08:06.602026, cputime: 15:01:04.432218


Wed Nov 15 04:39:16 2023
Iteration 414 (500 requested)
Beginning iteration 414
354 segments remain in iteration 414 (354 total)
87 of 111 (78.378378%) active bins are populated
per-bin minimum non-zero probability:       6.28939e-118
per-bin maximum probability:                0.908908
per-bin probability dynamic range (kT):     269.771
per-segment minimum non-zero probability:   1.57235e-118
per-segment maximum non-zero probability:   0.0908983
per-segment probability dynamic range (kT): 268.854
norm = 1, error in norm = 2.22045e-16 (1*epsilon)
-- WARNING  [westpa.core.sim_manager] -- 
Minimum segment weight is < 1e-100 and might not be physically relevant. Please reconsider your progress coordinate or binning scheme.
MAB binning in use
Bottleneck bin occupancy may not be accurately reported
Waiting for segments to complete...
Recycled 1.00522e-61 probability (2 walkers) from target state 'unbound'
Iteration completed successfully
Iteration wallclock: 1:09:07.469076, cputime: 15:24:04.664725


Wed Nov 15 05:48:24 2023
Iteration 415 (500 requested)
Beginning iteration 415
350 segments remain in iteration 415 (350 total)
85 of 111 (76.576577%) active bins are populated
per-bin minimum non-zero probability:       1.57235e-118
per-bin maximum probability:                0.999799
per-bin probability dynamic range (kT):     271.252
per-segment minimum non-zero probability:   3.93087e-119
per-segment maximum non-zero probability:   0.0908983
per-segment probability dynamic range (kT): 270.241
norm = 1, error in norm = 2.22045e-16 (1*epsilon)
-- WARNING  [westpa.core.sim_manager] -- 
Minimum segment weight is < 1e-100 and might not be physically relevant. Please reconsider your progress coordinate or binning scheme.
MAB binning in use
Bottleneck bin occupancy may not be accurately reported
Waiting for segments to complete...
Recycled 3.87957e-61 probability (9 walkers) from target state 'unbound'
Iteration completed successfully
Iteration wallclock: 1:08:53.623137, cputime: 15:05:31.430777


Wed Nov 15 06:57:17 2023
Iteration 416 (500 requested)
Beginning iteration 416
343 segments remain in iteration 416 (343 total)
84 of 111 (75.675676%) active bins are populated
per-bin minimum non-zero probability:       3.93087e-119
per-bin maximum probability:                0.999799
per-bin probability dynamic range (kT):     272.639
per-segment minimum non-zero probability:   9.82717e-120
per-segment maximum non-zero probability:   0.0908947
per-segment probability dynamic range (kT): 271.627
norm = 1, error in norm = 2.22045e-16 (1*epsilon)
-- WARNING  [westpa.core.sim_manager] -- 
Minimum segment weight is < 1e-100 and might not be physically relevant. Please reconsider your progress coordinate or binning scheme.
MAB binning in use
Bottleneck bin occupancy may not be accurately reported
Waiting for segments to complete...
Recycled 2.51374e-61 probability (3 walkers) from target state 'unbound'
Iteration completed successfully
Iteration wallclock: 1:06:57.449602, cputime: 15:01:23.431537


Wed Nov 15 08:04:15 2023
Iteration 417 (500 requested)
Beginning iteration 417
341 segments remain in iteration 417 (341 total)
84 of 111 (75.675676%) active bins are populated
per-bin minimum non-zero probability:       9.82717e-120
per-bin maximum probability:                0.908908
per-bin probability dynamic range (kT):     273.93
per-segment minimum non-zero probability:   2.45679e-120
per-segment maximum non-zero probability:   0.0908929
per-segment probability dynamic range (kT): 273.013
norm = 1, error in norm = 2.22045e-16 (1*epsilon)
-- WARNING  [westpa.core.sim_manager] -- 
Minimum segment weight is < 1e-100 and might not be physically relevant. Please reconsider your progress coordinate or binning scheme.
MAB binning in use
Bottleneck bin occupancy may not be accurately reported
Waiting for segments to complete...
Recycled 7.45995e-62 probability (3 walkers) from target state 'unbound'
Iteration completed successfully
Iteration wallclock: 1:06:45.918466, cputime: 14:43:01.078196


Wed Nov 15 09:11:01 2023
Iteration 418 (500 requested)
Beginning iteration 418
355 segments remain in iteration 418 (355 total)
87 of 111 (78.378378%) active bins are populated
per-bin minimum non-zero probability:       2.45679e-120
per-bin maximum probability:                0.999799
per-bin probability dynamic range (kT):     275.411
per-segment minimum non-zero probability:   6.14198e-121
per-segment maximum non-zero probability:   0.0908919
per-segment probability dynamic range (kT): 274.4
norm = 1, error in norm = 4.44089e-16 (2*epsilon)
-- WARNING  [westpa.core.sim_manager] -- 
Minimum segment weight is < 1e-100 and might not be physically relevant. Please reconsider your progress coordinate or binning scheme.
MAB binning in use
Bottleneck bin occupancy may not be accurately reported
Waiting for segments to complete...
Recycled 4.83782e-61 probability (5 walkers) from target state 'unbound'
Iteration completed successfully
Iteration wallclock: 1:13:30.179455, cputime: 15:15:26.917664


Wed Nov 15 10:24:31 2023
Iteration 419 (500 requested)
Beginning iteration 419
350 segments remain in iteration 419 (350 total)
87 of 111 (78.378378%) active bins are populated
per-bin minimum non-zero probability:       6.14198e-121
per-bin maximum probability:                0.999799
per-bin probability dynamic range (kT):     276.797
per-segment minimum non-zero probability:   1.5355e-121
per-segment maximum non-zero probability:   0.0908919
per-segment probability dynamic range (kT): 275.786
norm = 1, error in norm = 4.44089e-16 (2*epsilon)
-- WARNING  [westpa.core.sim_manager] -- 
Minimum segment weight is < 1e-100 and might not be physically relevant. Please reconsider your progress coordinate or binning scheme.
MAB binning in use
Bottleneck bin occupancy may not be accurately reported
Waiting for segments to complete...
Recycled 9.43045e-62 probability (5 walkers) from target state 'unbound'
Iteration completed successfully
Iteration wallclock: 1:10:07.190396, cputime: 15:10:21.773460


Wed Nov 15 11:34:38 2023
Iteration 420 (500 requested)
Beginning iteration 420
343 segments remain in iteration 420 (343 total)
80 of 111 (72.072072%) active bins are populated
per-bin minimum non-zero probability:       1.5355e-121
per-bin maximum probability:                0.636237
per-bin probability dynamic range (kT):     277.732
per-segment minimum non-zero probability:   3.83874e-122
per-segment maximum non-zero probability:   0.0908914
per-segment probability dynamic range (kT): 277.172
norm = 1, error in norm = 2.22045e-16 (1*epsilon)
-- WARNING  [westpa.core.sim_manager] -- 
Minimum segment weight is < 1e-100 and might not be physically relevant. Please reconsider your progress coordinate or binning scheme.
MAB binning in use
Bottleneck bin occupancy may not be accurately reported
Waiting for segments to complete...
Recycled 9.23552e-63 probability (2 walkers) from target state 'unbound'
Iteration completed successfully
Iteration wallclock: 1:08:32.696972, cputime: 14:47:58.174439


Wed Nov 15 12:43:11 2023
Iteration 421 (500 requested)
Beginning iteration 421
331 segments remain in iteration 421 (331 total)
81 of 111 (72.972973%) active bins are populated
per-bin minimum non-zero probability:       3.83874e-122
per-bin maximum probability:                0.999799
per-bin probability dynamic range (kT):     279.57
per-segment minimum non-zero probability:   9.59685e-123
per-segment maximum non-zero probability:   0.0908911
per-segment probability dynamic range (kT): 278.558
norm = 1, error in norm = 4.44089e-16 (2*epsilon)
-- WARNING  [westpa.core.sim_manager] -- 
Minimum segment weight is < 1e-100 and might not be physically relevant. Please reconsider your progress coordinate or binning scheme.
MAB binning in use
Bottleneck bin occupancy may not be accurately reported
Waiting for segments to complete...
-- ERROR    [westpa.work_managers.core] -- uncaught exception in remote function
Traceback (most recent call last):
  File "/ihome/lchong/dty7/Apps/westpa/src/westpa/work_managers/zeromq/core.py", line 153, in execute
    rsl.result = self.fn(*self.args, **self.kwargs)
  File "/ihome/lchong/dty7/Apps/westpa/src/westpa/core/wm_ops.py", line 40, in propagate
    incoming_segments = {segment.seg_id: segment for segment in propagator.propagate(segments)}
  File "/ihome/lchong/dty7/Apps/westpa/src/westpa/core/propagators/executable.py", line 681, in propagate
    rc, rusage = self.exec_for_segment(child_info, segment, addtl_env)
  File "/ihome/lchong/dty7/Apps/westpa/src/westpa/core/propagators/executable.py", line 491, in exec_for_segment
    return self.exec_child_from_child_info(child_info, template_args, environ)
  File "/ihome/lchong/dty7/Apps/westpa/src/westpa/core/propagators/executable.py", line 377, in exec_child_from_child_info
    return self.exec_child(
  File "/ihome/lchong/dty7/Apps/westpa/src/westpa/core/propagators/executable.py", line 357, in exec_child
    proc = subprocess.Popen(
  File "/ihome/lchong/dty7/Apps/anaconda3/lib/python3.8/subprocess.py", line 854, in __init__
    self._execute_child(args, executable, preexec_fn, close_fds,
  File "/ihome/lchong/dty7/Apps/anaconda3/lib/python3.8/subprocess.py", line 1702, in _execute_child
    raise child_exception_type(errno_num, err_msg, err_filename)
FileNotFoundError: [Errno 2] No such file or directory: '/ix/lchong/dty7/eg5/h2p-we/multi-mab_wmon_v00/westpa_scripts/runseg.sh'

exception caught; shutting down
-- ERROR    [w_run] -- error message: [Errno 2] No such file or directory: '/ix/lchong/dty7/eg5/h2p-we/multi-mab_wmon_v00/westpa_scripts/runseg.sh'
-- ERROR    [w_run] -- Traceback (most recent call last):
  File "/ihome/lchong/dty7/Apps/westpa/src/westpa/cli/core/w_run.py", line 61, in run_simulation
    sim_manager.run()
  File "/ihome/lchong/dty7/Apps/westpa/src/westpa/core/sim_manager.py", line 750, in run
    self.propagate()
  File "/ihome/lchong/dty7/Apps/westpa/src/westpa/core/binning/mab_manager.py", line 53, in propagate
    incoming = future.get_result()
  File "/ihome/lchong/dty7/Apps/westpa/src/westpa/work_managers/core.py", line 332, in get_result
    raise self._exception
FileNotFoundError: [Errno 2] No such file or directory: '/ix/lchong/dty7/eg5/h2p-we/multi-mab_wmon_v00/westpa_scripts/runseg.sh'

