Updating system with the options from the configuration file
Maximum wallclock time: 3 days, 0:00:00

Sat Mar 18 18:01:17 2023
Iteration 128 (500 requested)
Beginning iteration 128
178 segments remain in iteration 128 (178 total)
43 of 111 (38.738739%) active bins are populated
per-bin minimum non-zero probability:       3.88939e-21
per-bin maximum probability:                0.879649
per-bin probability dynamic range (kT):     46.8678
per-segment minimum non-zero probability:   9.72346e-22
per-segment maximum non-zero probability:   0.0896282
per-segment probability dynamic range (kT): 45.9702
norm = 1, error in norm = -3.33067e-16 (-1.5*epsilon)
MAB binning in use
Bottleneck bin occupancy may not be accurately reported
Waiting for segments to complete...
Iteration completed successfully
Iteration wallclock: 0:35:54.862713, cputime: 5:36:35.602297


Sat Mar 18 18:37:12 2023
Iteration 129 (500 requested)
Beginning iteration 129
178 segments remain in iteration 129 (178 total)
43 of 111 (38.738739%) active bins are populated
per-bin minimum non-zero probability:       9.72346e-22
per-bin maximum probability:                0.706571
per-bin probability dynamic range (kT):     48.035
per-segment minimum non-zero probability:   2.43087e-22
per-segment maximum non-zero probability:   0.0896282
per-segment probability dynamic range (kT): 47.3565
norm = 1, error in norm = -3.33067e-16 (-1.5*epsilon)
MAB binning in use
Bottleneck bin occupancy may not be accurately reported
Waiting for segments to complete...
Iteration completed successfully
Iteration wallclock: 0:34:08.700759, cputime: 5:39:48.881957


Sat Mar 18 19:11:21 2023
Iteration 130 (500 requested)
Beginning iteration 130
198 segments remain in iteration 130 (198 total)
46 of 111 (41.441441%) active bins are populated
per-bin minimum non-zero probability:       2.43087e-22
per-bin maximum probability:                0.883392
per-bin probability dynamic range (kT):     49.6446
per-segment minimum non-zero probability:   6.07717e-23
per-segment maximum non-zero probability:   0.0896282
per-segment probability dynamic range (kT): 48.7428
norm = 1, error in norm = -3.33067e-16 (-1.5*epsilon)
MAB binning in use
Bottleneck bin occupancy may not be accurately reported
Waiting for segments to complete...
Iteration completed successfully
Iteration wallclock: 0:37:21.584299, cputime: 6:10:58.071525


Sat Mar 18 19:48:43 2023
Iteration 131 (500 requested)
Beginning iteration 131
194 segments remain in iteration 131 (194 total)
47 of 111 (42.342342%) active bins are populated
per-bin minimum non-zero probability:       6.07717e-23
per-bin maximum probability:                0.859156
per-bin probability dynamic range (kT):     51.0031
per-segment minimum non-zero probability:   1.51929e-23
per-segment maximum non-zero probability:   0.0896282
per-segment probability dynamic range (kT): 50.1291
norm = 1, error in norm = -4.44089e-16 (-2*epsilon)
MAB binning in use
Bottleneck bin occupancy may not be accurately reported
Waiting for segments to complete...
Iteration completed successfully
Iteration wallclock: 0:37:24.477745, cputime: 6:06:39.029004


Sat Mar 18 20:26:07 2023
Iteration 132 (500 requested)
Beginning iteration 132
179 segments remain in iteration 132 (179 total)
43 of 111 (38.738739%) active bins are populated
per-bin minimum non-zero probability:       1.36736e-22
per-bin maximum probability:                0.970455
per-bin probability dynamic range (kT):     50.314
per-segment minimum non-zero probability:   3.03858e-23
per-segment maximum non-zero probability:   0.0964106
per-segment probability dynamic range (kT): 49.5089
norm = 1, error in norm = -3.33067e-16 (-1.5*epsilon)
MAB binning in use
Bottleneck bin occupancy may not be accurately reported
Waiting for segments to complete...
Iteration completed successfully
Iteration wallclock: 0:34:07.431767, cputime: 5:40:43.945273


Sat Mar 18 21:00:15 2023
Iteration 133 (500 requested)
Beginning iteration 133
182 segments remain in iteration 133 (182 total)
43 of 111 (38.738739%) active bins are populated
per-bin minimum non-zero probability:       3.03858e-23
per-bin maximum probability:                0.879638
per-bin probability dynamic range (kT):     51.7198
per-segment minimum non-zero probability:   7.59646e-24
per-segment maximum non-zero probability:   0.092888
per-segment probability dynamic range (kT): 50.858
norm = 1, error in norm = -3.33067e-16 (-1.5*epsilon)
MAB binning in use
Bottleneck bin occupancy may not be accurately reported
Waiting for segments to complete...
Iteration completed successfully
Iteration wallclock: 0:34:15.589177, cputime: 5:39:15.965416


Sat Mar 18 21:34:30 2023
Iteration 134 (500 requested)
Beginning iteration 134
190 segments remain in iteration 134 (190 total)
45 of 111 (40.540541%) active bins are populated
per-bin minimum non-zero probability:       2.02572e-23
per-bin maximum probability:                0.890075
per-bin probability dynamic range (kT):     52.1371
per-segment minimum non-zero probability:   5.0643e-24
per-segment maximum non-zero probability:   0.092888
per-segment probability dynamic range (kT): 51.2635
norm = 1, error in norm = -3.33067e-16 (-1.5*epsilon)
MAB binning in use
Bottleneck bin occupancy may not be accurately reported
Waiting for segments to complete...
Iteration completed successfully
Iteration wallclock: 0:35:41.351444, cputime: 5:58:12.469195


Sat Mar 18 22:10:12 2023
Iteration 135 (500 requested)
Beginning iteration 135
190 segments remain in iteration 135 (190 total)
48 of 111 (43.243243%) active bins are populated
per-bin minimum non-zero probability:       5.0643e-24
per-bin maximum probability:                0.863363
per-bin probability dynamic range (kT):     53.4929
per-segment minimum non-zero probability:   1.26608e-24
per-segment maximum non-zero probability:   0.092888
per-segment probability dynamic range (kT): 52.6498
norm = 1, error in norm = -3.33067e-16 (-1.5*epsilon)
MAB binning in use
Bottleneck bin occupancy may not be accurately reported
Waiting for segments to complete...
Iteration completed successfully
Iteration wallclock: 0:35:36.505388, cputime: 6:00:19.247740


Sat Mar 18 22:45:48 2023
Iteration 136 (500 requested)
Beginning iteration 136
198 segments remain in iteration 136 (198 total)
45 of 111 (40.540541%) active bins are populated
per-bin minimum non-zero probability:       1.26608e-24
per-bin maximum probability:                0.886472
per-bin probability dynamic range (kT):     54.9056
per-segment minimum non-zero probability:   3.16519e-25
per-segment maximum non-zero probability:   0.0968397
per-segment probability dynamic range (kT): 54.0777
norm = 1, error in norm = -4.44089e-16 (-2*epsilon)
MAB binning in use
Bottleneck bin occupancy may not be accurately reported
Waiting for segments to complete...
Iteration completed successfully
Iteration wallclock: 0:37:31.471908, cputime: 6:03:59.377991


Sat Mar 18 23:23:20 2023
Iteration 137 (500 requested)
Beginning iteration 137
215 segments remain in iteration 137 (215 total)
50 of 111 (45.045045%) active bins are populated
per-bin minimum non-zero probability:       3.16519e-25
per-bin maximum probability:                0.976049
per-bin probability dynamic range (kT):     56.3882
per-segment minimum non-zero probability:   7.91298e-26
per-segment maximum non-zero probability:   0.0948639
per-segment probability dynamic range (kT): 55.4434
norm = 1, error in norm = -2.22045e-16 (-1*epsilon)
MAB binning in use
Bottleneck bin occupancy may not be accurately reported
Waiting for segments to complete...
Iteration completed successfully
Iteration wallclock: 0:40:29.773523, cputime: 6:40:58.753033


Sun Mar 19 00:03:49 2023
Iteration 138 (500 requested)
Beginning iteration 138
211 segments remain in iteration 138 (211 total)
47 of 111 (42.342342%) active bins are populated
per-bin minimum non-zero probability:       7.91298e-26
per-bin maximum probability:                0.976049
per-bin probability dynamic range (kT):     57.7745
per-segment minimum non-zero probability:   1.97824e-26
per-segment maximum non-zero probability:   0.0927548
per-segment probability dynamic range (kT): 56.8072
norm = 1, error in norm = -3.33067e-16 (-1.5*epsilon)
MAB binning in use
Bottleneck bin occupancy may not be accurately reported
Waiting for segments to complete...
Iteration completed successfully
Iteration wallclock: 0:40:04.927147, cputime: 6:34:52.151632


Sun Mar 19 00:43:54 2023
Iteration 139 (500 requested)
Beginning iteration 139
201 segments remain in iteration 139 (201 total)
48 of 111 (43.243243%) active bins are populated
per-bin minimum non-zero probability:       1.97824e-26
per-bin maximum probability:                0.705512
per-bin probability dynamic range (kT):     58.8362
per-segment minimum non-zero probability:   4.94561e-27
per-segment maximum non-zero probability:   0.0908675
per-segment probability dynamic range (kT): 58.1729
norm = 1, error in norm = -4.44089e-16 (-2*epsilon)
MAB binning in use
Bottleneck bin occupancy may not be accurately reported
Waiting for segments to complete...
Iteration completed successfully
Iteration wallclock: 0:38:18.077699, cputime: 6:27:41.116204


Sun Mar 19 01:22:12 2023
Iteration 140 (500 requested)
Beginning iteration 140
190 segments remain in iteration 140 (190 total)
45 of 111 (40.540541%) active bins are populated
per-bin minimum non-zero probability:       4.94561e-27
per-bin maximum probability:                0.885182
per-bin probability dynamic range (kT):     60.4493
per-segment minimum non-zero probability:   1.2364e-27
per-segment maximum non-zero probability:   0.0898348
per-segment probability dynamic range (kT): 59.5478
norm = 1, error in norm = -4.44089e-16 (-2*epsilon)
MAB binning in use
Bottleneck bin occupancy may not be accurately reported
Waiting for segments to complete...
Iteration completed successfully
Iteration wallclock: 0:35:22.441826, cputime: 6:05:45.026614


Sun Mar 19 01:57:35 2023
Iteration 141 (500 requested)
Beginning iteration 141
194 segments remain in iteration 141 (194 total)
47 of 111 (42.342342%) active bins are populated
per-bin minimum non-zero probability:       1.2364e-27
per-bin maximum probability:                0.887341
per-bin probability dynamic range (kT):     61.8381
per-segment minimum non-zero probability:   3.09101e-28
per-segment maximum non-zero probability:   0.0898348
per-segment probability dynamic range (kT): 60.9341
norm = 1, error in norm = -5.55112e-16 (-2.5*epsilon)
MAB binning in use
Bottleneck bin occupancy may not be accurately reported
Waiting for segments to complete...
Iteration completed successfully
Iteration wallclock: 0:36:53.530365, cputime: 6:02:23.846894


Sun Mar 19 02:34:28 2023
Iteration 142 (500 requested)
Beginning iteration 142
198 segments remain in iteration 142 (198 total)
49 of 111 (44.144144%) active bins are populated
per-bin minimum non-zero probability:       3.09101e-28
per-bin maximum probability:                0.886826
per-bin probability dynamic range (kT):     63.2238
per-segment minimum non-zero probability:   7.72752e-29
per-segment maximum non-zero probability:   0.0898348
per-segment probability dynamic range (kT): 62.3204
norm = 1, error in norm = -4.44089e-16 (-2*epsilon)
MAB binning in use
Bottleneck bin occupancy may not be accurately reported
Waiting for segments to complete...
Iteration completed successfully
Iteration wallclock: 0:36:49.634372, cputime: 6:22:57.790935


Sun Mar 19 03:11:18 2023
Iteration 143 (500 requested)
Beginning iteration 143
190 segments remain in iteration 143 (190 total)
46 of 111 (41.441441%) active bins are populated
per-bin minimum non-zero probability:       7.72752e-29
per-bin maximum probability:                0.887673
per-bin probability dynamic range (kT):     64.611
per-segment minimum non-zero probability:   1.93188e-29
per-segment maximum non-zero probability:   0.0898348
per-segment probability dynamic range (kT): 63.7067
norm = 1, error in norm = -4.44089e-16 (-2*epsilon)
MAB binning in use
Bottleneck bin occupancy may not be accurately reported
Waiting for segments to complete...
Iteration completed successfully
Iteration wallclock: 0:35:34.733225, cputime: 5:56:59.860371


Sun Mar 19 03:46:53 2023
Iteration 144 (500 requested)
Beginning iteration 144
195 segments remain in iteration 144 (195 total)
46 of 111 (41.441441%) active bins are populated
per-bin minimum non-zero probability:       1.93188e-29
per-bin maximum probability:                0.953955
per-bin probability dynamic range (kT):     66.0693
per-segment minimum non-zero probability:   4.8297e-30
per-segment maximum non-zero probability:   0.089446
per-segment probability dynamic range (kT): 65.0886
norm = 1, error in norm = -5.55112e-16 (-2.5*epsilon)
MAB binning in use
Bottleneck bin occupancy may not be accurately reported
Waiting for segments to complete...
Iteration completed successfully
Iteration wallclock: 0:36:52.526756, cputime: 6:12:26.821515


Sun Mar 19 04:23:45 2023
Iteration 145 (500 requested)
Beginning iteration 145
193 segments remain in iteration 145 (193 total)
45 of 111 (40.540541%) active bins are populated
per-bin minimum non-zero probability:       9.65939e-30
per-bin maximum probability:                0.805181
per-bin probability dynamic range (kT):     66.5929
per-segment minimum non-zero probability:   2.41485e-30
per-segment maximum non-zero probability:   0.0924688
per-segment probability dynamic range (kT): 65.815
norm = 1, error in norm = -4.44089e-16 (-2*epsilon)
MAB binning in use
Bottleneck bin occupancy may not be accurately reported
Waiting for segments to complete...
Iteration completed successfully
Iteration wallclock: 0:36:47.277395, cputime: 6:06:19.993056


Sun Mar 19 05:00:32 2023
Iteration 146 (500 requested)
Beginning iteration 146
202 segments remain in iteration 146 (202 total)
48 of 111 (43.243243%) active bins are populated
per-bin minimum non-zero probability:       2.41485e-30
per-bin maximum probability:                0.953688
per-bin probability dynamic range (kT):     68.1485
per-segment minimum non-zero probability:   6.03712e-31
per-segment maximum non-zero probability:   0.0924688
per-segment probability dynamic range (kT): 67.2013
norm = 1, error in norm = -4.44089e-16 (-2*epsilon)
MAB binning in use
Bottleneck bin occupancy may not be accurately reported
Waiting for segments to complete...
Iteration completed successfully
Iteration wallclock: 0:38:31.850471, cputime: 6:21:14.147772


Sun Mar 19 05:39:04 2023
Iteration 147 (500 requested)
Beginning iteration 147
199 segments remain in iteration 147 (199 total)
46 of 111 (41.441441%) active bins are populated
per-bin minimum non-zero probability:       6.03712e-31
per-bin maximum probability:                0.970459
per-bin probability dynamic range (kT):     69.5522
per-segment minimum non-zero probability:   1.50928e-31
per-segment maximum non-zero probability:   0.0933492
per-segment probability dynamic range (kT): 68.5971
norm = 1, error in norm = -4.44089e-16 (-2*epsilon)
MAB binning in use
Bottleneck bin occupancy may not be accurately reported
Waiting for segments to complete...
Iteration completed successfully
Iteration wallclock: 0:37:08.223534, cputime: 6:15:53.704962


Sun Mar 19 06:16:13 2023
Iteration 148 (500 requested)
Beginning iteration 148
187 segments remain in iteration 148 (187 total)
45 of 111 (40.540541%) active bins are populated
per-bin minimum non-zero probability:       1.20742e-30
per-bin maximum probability:                0.976049
per-bin probability dynamic range (kT):     68.8648
per-segment minimum non-zero probability:   3.01856e-31
per-segment maximum non-zero probability:   0.0920049
per-segment probability dynamic range (kT): 67.8894
norm = 1, error in norm = -4.44089e-16 (-2*epsilon)
MAB binning in use
Bottleneck bin occupancy may not be accurately reported
Waiting for segments to complete...
Iteration completed successfully
Iteration wallclock: 0:35:42.995505, cputime: 5:45:20.778624


Sun Mar 19 06:51:56 2023
Iteration 149 (500 requested)
Beginning iteration 149
194 segments remain in iteration 149 (194 total)
46 of 111 (41.441441%) active bins are populated
per-bin minimum non-zero probability:       3.01856e-31
per-bin maximum probability:                0.887288
per-bin probability dynamic range (kT):     70.1558
per-segment minimum non-zero probability:   7.5464e-32
per-segment maximum non-zero probability:   0.0920049
per-segment probability dynamic range (kT): 69.2757
norm = 1, error in norm = -3.33067e-16 (-1.5*epsilon)
MAB binning in use
Bottleneck bin occupancy may not be accurately reported
Waiting for segments to complete...
Iteration completed successfully
Iteration wallclock: 0:36:39.277810, cputime: 6:12:15.836387


Sun Mar 19 07:28:35 2023
Iteration 150 (500 requested)
Beginning iteration 150
194 segments remain in iteration 150 (194 total)
46 of 111 (41.441441%) active bins are populated
per-bin minimum non-zero probability:       1.50928e-31
per-bin maximum probability:                0.888722
per-bin probability dynamic range (kT):     70.8505
per-segment minimum non-zero probability:   3.7732e-32
per-segment maximum non-zero probability:   0.0920049
per-segment probability dynamic range (kT): 69.9689
norm = 1, error in norm = -4.44089e-16 (-2*epsilon)
MAB binning in use
Bottleneck bin occupancy may not be accurately reported
Waiting for segments to complete...
Iteration completed successfully
Iteration wallclock: 0:36:53.704602, cputime: 6:07:07.617598


Sun Mar 19 08:05:29 2023
Iteration 151 (500 requested)
Beginning iteration 151
187 segments remain in iteration 151 (187 total)
44 of 111 (39.639640%) active bins are populated
per-bin minimum non-zero probability:       3.7732e-32
per-bin maximum probability:                0.954217
per-bin probability dynamic range (kT):     72.3079
per-segment minimum non-zero probability:   9.433e-33
per-segment maximum non-zero probability:   0.0902934
per-segment probability dynamic range (kT): 71.3364
norm = 1, error in norm = -4.44089e-16 (-2*epsilon)
MAB binning in use
Bottleneck bin occupancy may not be accurately reported
Waiting for segments to complete...
Iteration completed successfully
Iteration wallclock: 0:35:18.031724, cputime: 5:59:07.737725


Sun Mar 19 08:40:47 2023
Iteration 152 (500 requested)
Beginning iteration 152
198 segments remain in iteration 152 (198 total)
48 of 111 (43.243243%) active bins are populated
per-bin minimum non-zero probability:       9.433e-33
per-bin maximum probability:                0.888184
per-bin probability dynamic range (kT):     73.6225
per-segment minimum non-zero probability:   2.35825e-33
per-segment maximum non-zero probability:   0.0926446
per-segment probability dynamic range (kT): 72.7484
norm = 1, error in norm = -2.22045e-16 (-1*epsilon)
MAB binning in use
Bottleneck bin occupancy may not be accurately reported
Waiting for segments to complete...
Iteration completed successfully
Iteration wallclock: 0:36:52.413372, cputime: 6:17:08.090946


Sun Mar 19 09:17:39 2023
Iteration 153 (500 requested)
Beginning iteration 153
181 segments remain in iteration 153 (181 total)
44 of 111 (39.639640%) active bins are populated
per-bin minimum non-zero probability:       2.35825e-33
per-bin maximum probability:                0.801226
per-bin probability dynamic range (kT):     74.9058
per-segment minimum non-zero probability:   5.89563e-34
per-segment maximum non-zero probability:   0.091469
per-segment probability dynamic range (kT): 74.1219
norm = 1, error in norm = -4.44089e-16 (-2*epsilon)
MAB binning in use
Bottleneck bin occupancy may not be accurately reported
Waiting for segments to complete...
Iteration completed successfully
Iteration wallclock: 0:34:08.420011, cputime: 5:43:39.968344


Sun Mar 19 09:51:47 2023
Iteration 154 (500 requested)
Beginning iteration 154
191 segments remain in iteration 154 (191 total)
45 of 111 (40.540541%) active bins are populated
per-bin minimum non-zero probability:       5.89563e-34
per-bin maximum probability:                0.976049
per-bin probability dynamic range (kT):     76.4894
per-segment minimum non-zero probability:   1.47391e-34
per-segment maximum non-zero probability:   0.0904309
per-segment probability dynamic range (kT): 75.4968
norm = 1, error in norm = -4.44089e-16 (-2*epsilon)
MAB binning in use
Bottleneck bin occupancy may not be accurately reported
Waiting for segments to complete...
Iteration completed successfully
Iteration wallclock: 0:35:25.437795, cputime: 6:02:42.574248


Sun Mar 19 10:27:13 2023
Iteration 155 (500 requested)
Beginning iteration 155
214 segments remain in iteration 155 (214 total)
49 of 111 (44.144144%) active bins are populated
per-bin minimum non-zero probability:       9.433e-33
per-bin maximum probability:                0.887135
per-bin probability dynamic range (kT):     73.6213
per-segment minimum non-zero probability:   2.35825e-33
per-segment maximum non-zero probability:   0.0904309
per-segment probability dynamic range (kT): 72.7242
norm = 1, error in norm = -4.44089e-16 (-2*epsilon)
MAB binning in use
Bottleneck bin occupancy may not be accurately reported
Waiting for segments to complete...
Iteration completed successfully
Iteration wallclock: 0:39:53.750450, cputime: 6:45:56.714584


Sun Mar 19 11:07:07 2023
Iteration 156 (500 requested)
Beginning iteration 156
194 segments remain in iteration 156 (194 total)
46 of 111 (41.441441%) active bins are populated
per-bin minimum non-zero probability:       2.35825e-33
per-bin maximum probability:                0.888126
per-bin probability dynamic range (kT):     75.0087
per-segment minimum non-zero probability:   5.89563e-34
per-segment maximum non-zero probability:   0.0904309
per-segment probability dynamic range (kT): 74.1105
norm = 1, error in norm = -5.55112e-16 (-2.5*epsilon)
MAB binning in use
Bottleneck bin occupancy may not be accurately reported
Waiting for segments to complete...
Iteration completed successfully
Iteration wallclock: 0:36:55.744910, cputime: 6:05:15.128899


Sun Mar 19 11:44:02 2023
Iteration 157 (500 requested)
Beginning iteration 157
210 segments remain in iteration 157 (210 total)
48 of 111 (43.243243%) active bins are populated
per-bin minimum non-zero probability:       5.89563e-34
per-bin maximum probability:                0.887315
per-bin probability dynamic range (kT):     76.3941
per-segment minimum non-zero probability:   1.47391e-34
per-segment maximum non-zero probability:   0.0904309
per-segment probability dynamic range (kT): 75.4968
norm = 1, error in norm = -4.44089e-16 (-2*epsilon)
MAB binning in use
Bottleneck bin occupancy may not be accurately reported
Waiting for segments to complete...
Iteration completed successfully
Iteration wallclock: 0:39:38.528154, cputime: 6:36:09.296233


Sun Mar 19 12:23:41 2023
Iteration 158 (500 requested)
Beginning iteration 158
190 segments remain in iteration 158 (190 total)
44 of 111 (39.639640%) active bins are populated
per-bin minimum non-zero probability:       4.16322e-33
per-bin maximum probability:                0.885618
per-bin probability dynamic range (kT):     74.4376
per-segment minimum non-zero probability:   1.0408e-33
per-segment maximum non-zero probability:   0.0895378
per-segment probability dynamic range (kT): 73.5322
norm = 1, error in norm = -3.33067e-16 (-1.5*epsilon)
MAB binning in use
Bottleneck bin occupancy may not be accurately reported
Waiting for segments to complete...
Iteration completed successfully
Iteration wallclock: 0:35:27.931888, cputime: 5:59:24.492227


Sun Mar 19 12:59:09 2023
Iteration 159 (500 requested)
Beginning iteration 159
187 segments remain in iteration 159 (187 total)
45 of 111 (40.540541%) active bins are populated
per-bin minimum non-zero probability:       8.76861e-33
per-bin maximum probability:                0.976049
per-bin probability dynamic range (kT):     73.7899
per-segment minimum non-zero probability:   2.19215e-33
per-segment maximum non-zero probability:   0.0893018
per-segment probability dynamic range (kT): 72.7847
norm = 1, error in norm = -5.55112e-16 (-2.5*epsilon)
MAB binning in use
Bottleneck bin occupancy may not be accurately reported
Waiting for segments to complete...
Iteration completed successfully
Iteration wallclock: 0:35:28.341143, cputime: 5:50:42.769126


Sun Mar 19 13:34:37 2023
Iteration 160 (500 requested)
Beginning iteration 160
191 segments remain in iteration 160 (191 total)
43 of 111 (38.738739%) active bins are populated
per-bin minimum non-zero probability:       2.19215e-33
per-bin maximum probability:                0.976049
per-bin probability dynamic range (kT):     75.1762
per-segment minimum non-zero probability:   5.48038e-34
per-segment maximum non-zero probability:   0.0891613
per-segment probability dynamic range (kT): 74.1694
norm = 1, error in norm = -3.33067e-16 (-1.5*epsilon)
MAB binning in use
Bottleneck bin occupancy may not be accurately reported
Waiting for segments to complete...
Iteration completed successfully
Iteration wallclock: 0:35:52.778014, cputime: 6:00:10.648451


Sun Mar 19 14:10:30 2023
Iteration 161 (500 requested)
Beginning iteration 161
186 segments remain in iteration 161 (186 total)
45 of 111 (40.540541%) active bins are populated
per-bin minimum non-zero probability:       5.48038e-34
per-bin maximum probability:                0.887362
per-bin probability dynamic range (kT):     76.4672
per-segment minimum non-zero probability:   1.37009e-34
per-segment maximum non-zero probability:   0.0891613
per-segment probability dynamic range (kT): 75.5557
norm = 1, error in norm = -3.33067e-16 (-1.5*epsilon)
MAB binning in use
Bottleneck bin occupancy may not be accurately reported
Waiting for segments to complete...
Iteration completed successfully
Iteration wallclock: 0:35:20.415527, cputime: 5:51:11.778439


Sun Mar 19 14:45:50 2023
Iteration 162 (500 requested)
Beginning iteration 162
175 segments remain in iteration 162 (175 total)
42 of 111 (37.837838%) active bins are populated
per-bin minimum non-zero probability:       1.37009e-34
per-bin maximum probability:                0.976049
per-bin probability dynamic range (kT):     77.9488
per-segment minimum non-zero probability:   3.42524e-35
per-segment maximum non-zero probability:   0.0889928
per-segment probability dynamic range (kT): 76.9401
norm = 1, error in norm = -4.44089e-16 (-2*epsilon)
MAB binning in use
Bottleneck bin occupancy may not be accurately reported
Waiting for segments to complete...
Iteration completed successfully
Iteration wallclock: 0:32:51.273913, cputime: 5:20:18.821575


Sun Mar 19 15:18:42 2023
Iteration 163 (500 requested)
Beginning iteration 163
174 segments remain in iteration 163 (174 total)
42 of 111 (37.837838%) active bins are populated
per-bin minimum non-zero probability:       3.42524e-35
per-bin maximum probability:                0.887326
per-bin probability dynamic range (kT):     79.2398
per-segment minimum non-zero probability:   8.56309e-36
per-segment maximum non-zero probability:   0.0889928
per-segment probability dynamic range (kT): 78.3264
norm = 1, error in norm = -3.33067e-16 (-1.5*epsilon)
MAB binning in use
Bottleneck bin occupancy may not be accurately reported
Waiting for segments to complete...
Iteration completed successfully
Iteration wallclock: 0:32:42.770681, cputime: 5:25:24.980663


Sun Mar 19 15:51:24 2023
Iteration 164 (500 requested)
Beginning iteration 164
175 segments remain in iteration 164 (175 total)
42 of 111 (37.837838%) active bins are populated
per-bin minimum non-zero probability:       1.71262e-35
per-bin maximum probability:                0.953868
per-bin probability dynamic range (kT):     80.0052
per-segment minimum non-zero probability:   4.28155e-36
per-segment maximum non-zero probability:   0.0888743
per-segment probability dynamic range (kT): 79.0182
norm = 1, error in norm = -4.44089e-16 (-2*epsilon)
MAB binning in use
Bottleneck bin occupancy may not be accurately reported
Waiting for segments to complete...
Iteration completed successfully
Iteration wallclock: 0:32:40.198193, cputime: 5:27:33.495923


Sun Mar 19 16:24:05 2023
Iteration 165 (500 requested)
Beginning iteration 165
187 segments remain in iteration 165 (187 total)
45 of 111 (40.540541%) active bins are populated
per-bin minimum non-zero probability:       4.28155e-36
per-bin maximum probability:                0.976049
per-bin probability dynamic range (kT):     81.4145
per-segment minimum non-zero probability:   1.07039e-36
per-segment maximum non-zero probability:   0.0924673
per-segment probability dynamic range (kT): 80.4441
norm = 1, error in norm = -3.33067e-16 (-1.5*epsilon)
MAB binning in use
Bottleneck bin occupancy may not be accurately reported
Waiting for segments to complete...
Iteration completed successfully
Iteration wallclock: 0:35:23.463359, cputime: 5:50:58.893776


Sun Mar 19 16:59:28 2023
Iteration 166 (500 requested)
Beginning iteration 166
179 segments remain in iteration 166 (179 total)
43 of 111 (38.738739%) active bins are populated
per-bin minimum non-zero probability:       1.07039e-36
per-bin maximum probability:                0.976049
per-bin probability dynamic range (kT):     82.8008
per-segment minimum non-zero probability:   2.67597e-37
per-segment maximum non-zero probability:   0.0906371
per-segment probability dynamic range (kT): 81.8104
norm = 1, error in norm = -4.44089e-16 (-2*epsilon)
MAB binning in use
Bottleneck bin occupancy may not be accurately reported
Waiting for segments to complete...
Iteration completed successfully
Iteration wallclock: 0:34:02.230450, cputime: 5:31:20.380329


Sun Mar 19 17:33:30 2023
Iteration 167 (500 requested)
Beginning iteration 167
179 segments remain in iteration 167 (179 total)
42 of 111 (37.837838%) active bins are populated
per-bin minimum non-zero probability:       8.43237e-37
per-bin maximum probability:                0.976049
per-bin probability dynamic range (kT):     83.0393
per-segment minimum non-zero probability:   2.10809e-37
per-segment maximum non-zero probability:   0.0896841
per-segment probability dynamic range (kT): 82.0384
norm = 1, error in norm = -5.55112e-16 (-2.5*epsilon)
MAB binning in use
Bottleneck bin occupancy may not be accurately reported
Waiting for segments to complete...
Iteration completed successfully
Iteration wallclock: 0:33:57.253859, cputime: 5:32:43.447696


Sun Mar 19 18:07:28 2023
Iteration 168 (500 requested)
Beginning iteration 168
182 segments remain in iteration 168 (182 total)
42 of 111 (37.837838%) active bins are populated
per-bin minimum non-zero probability:       2.10809e-37
per-bin maximum probability:                0.887841
per-bin probability dynamic range (kT):     84.3309
per-segment minimum non-zero probability:   5.27023e-38
per-segment maximum non-zero probability:   0.0896841
per-segment probability dynamic range (kT): 83.4247
norm = 1, error in norm = -2.22045e-16 (-1*epsilon)
MAB binning in use
Bottleneck bin occupancy may not be accurately reported
Waiting for segments to complete...
Iteration completed successfully
Iteration wallclock: 0:34:15.075662, cputime: 5:42:48.933883


Sun Mar 19 18:41:43 2023
Iteration 169 (500 requested)
Beginning iteration 169
183 segments remain in iteration 169 (183 total)
43 of 111 (38.738739%) active bins are populated
per-bin minimum non-zero probability:       5.27023e-38
per-bin maximum probability:                0.976049
per-bin probability dynamic range (kT):     85.8119
per-segment minimum non-zero probability:   1.31756e-38
per-segment maximum non-zero probability:   0.0893032
per-segment probability dynamic range (kT): 84.8067
norm = 1, error in norm = -3.33067e-16 (-1.5*epsilon)
MAB binning in use
Bottleneck bin occupancy may not be accurately reported
Waiting for segments to complete...
Iteration completed successfully
Iteration wallclock: 0:34:22.521797, cputime: 5:39:08.646341


Sun Mar 19 19:16:05 2023
Iteration 170 (500 requested)
Beginning iteration 170
183 segments remain in iteration 170 (183 total)
43 of 111 (38.738739%) active bins are populated
per-bin minimum non-zero probability:       1.31756e-38
per-bin maximum probability:                0.976049
per-bin probability dynamic range (kT):     87.1982
per-segment minimum non-zero probability:   3.2939e-39
per-segment maximum non-zero probability:   0.0890651
per-segment probability dynamic range (kT): 86.1904
norm = 1, error in norm = -3.33067e-16 (-1.5*epsilon)
MAB binning in use
Bottleneck bin occupancy may not be accurately reported
Waiting for segments to complete...
Iteration completed successfully
Iteration wallclock: 0:34:12.478803, cputime: 5:42:34.619791


Sun Mar 19 19:50:18 2023
Iteration 171 (500 requested)
Beginning iteration 171
198 segments remain in iteration 171 (198 total)
47 of 111 (42.342342%) active bins are populated
per-bin minimum non-zero probability:       3.2939e-39
per-bin maximum probability:                0.887272
per-bin probability dynamic range (kT):     88.4891
per-segment minimum non-zero probability:   8.23474e-40
per-segment maximum non-zero probability:   0.0890651
per-segment probability dynamic range (kT): 87.5767
norm = 1, error in norm = -5.55112e-16 (-2.5*epsilon)
MAB binning in use
Bottleneck bin occupancy may not be accurately reported
Waiting for segments to complete...
Iteration completed successfully
Iteration wallclock: 0:37:36.853940, cputime: 6:08:46.541231


Sun Mar 19 20:27:55 2023
Iteration 172 (500 requested)
Beginning iteration 172
191 segments remain in iteration 172 (191 total)
46 of 111 (41.441441%) active bins are populated
per-bin minimum non-zero probability:       3.2939e-39
per-bin maximum probability:                0.976049
per-bin probability dynamic range (kT):     88.5845
per-segment minimum non-zero probability:   8.23474e-40
per-segment maximum non-zero probability:   0.0889024
per-segment probability dynamic range (kT): 87.5748
norm = 1, error in norm = -5.55112e-16 (-2.5*epsilon)
MAB binning in use
Bottleneck bin occupancy may not be accurately reported
Waiting for segments to complete...
Iteration completed successfully
Iteration wallclock: 0:36:08.703969, cputime: 5:56:16.620308


Sun Mar 19 21:04:03 2023
Iteration 173 (500 requested)
Beginning iteration 173
198 segments remain in iteration 173 (198 total)
46 of 111 (41.441441%) active bins are populated
per-bin minimum non-zero probability:       8.23474e-40
per-bin maximum probability:                0.887397
per-bin probability dynamic range (kT):     89.8756
per-segment minimum non-zero probability:   2.05868e-40
per-segment maximum non-zero probability:   0.0889024
per-segment probability dynamic range (kT): 88.9611
norm = 1, error in norm = -3.33067e-16 (-1.5*epsilon)
MAB binning in use
Bottleneck bin occupancy may not be accurately reported
Waiting for segments to complete...
Iteration completed successfully
Iteration wallclock: 0:37:24.231756, cputime: 6:16:03.245393


Sun Mar 19 21:41:28 2023
Iteration 174 (500 requested)
Beginning iteration 174
199 segments remain in iteration 174 (199 total)
48 of 111 (43.243243%) active bins are populated
per-bin minimum non-zero probability:       1.31756e-38
per-bin maximum probability:                0.953886
per-bin probability dynamic range (kT):     87.1752
per-segment minimum non-zero probability:   3.2939e-39
per-segment maximum non-zero probability:   0.0888169
per-segment probability dynamic range (kT): 86.1876
norm = 1, error in norm = -3.33067e-16 (-1.5*epsilon)
MAB binning in use
Bottleneck bin occupancy may not be accurately reported
Waiting for segments to complete...
Iteration completed successfully
Iteration wallclock: 0:37:11.231410, cputime: 6:18:50.832828


Sun Mar 19 22:18:39 2023
Iteration 175 (500 requested)
Beginning iteration 175
207 segments remain in iteration 175 (207 total)
49 of 111 (44.144144%) active bins are populated
per-bin minimum non-zero probability:       8.52888e-35
per-bin maximum probability:                0.976049
per-bin probability dynamic range (kT):     78.4228
per-segment minimum non-zero probability:   2.13222e-35
per-segment maximum non-zero probability:   0.0924351
per-segment probability dynamic range (kT): 77.4521
norm = 1, error in norm = -4.44089e-16 (-2*epsilon)
MAB binning in use
Bottleneck bin occupancy may not be accurately reported
Waiting for segments to complete...
Iteration completed successfully
Iteration wallclock: 0:38:38.853162, cputime: 6:29:15.720553


Sun Mar 19 22:57:18 2023
Iteration 176 (500 requested)
Beginning iteration 176
222 segments remain in iteration 176 (222 total)
52 of 111 (46.846847%) active bins are populated
per-bin minimum non-zero probability:       2.13222e-35
per-bin maximum probability:                0.883614
per-bin probability dynamic range (kT):     79.7096
per-segment minimum non-zero probability:   5.33055e-36
per-segment maximum non-zero probability:   0.090604
per-segment probability dynamic range (kT): 78.8184
norm = 1, error in norm = -5.55112e-16 (-2.5*epsilon)
MAB binning in use
Bottleneck bin occupancy may not be accurately reported
Waiting for segments to complete...
Iteration completed successfully
Iteration wallclock: 0:41:53.640469, cputime: 6:52:54.619674


Sun Mar 19 23:39:11 2023
Iteration 177 (500 requested)
Beginning iteration 177
211 segments remain in iteration 177 (211 total)
51 of 111 (45.945946%) active bins are populated
per-bin minimum non-zero probability:       5.33055e-36
per-bin maximum probability:                0.976049
per-bin probability dynamic range (kT):     81.1954
per-segment minimum non-zero probability:   1.33264e-36
per-segment maximum non-zero probability:   0.0896689
per-segment probability dynamic range (kT): 80.1943
norm = 1, error in norm = -3.33067e-16 (-1.5*epsilon)
MAB binning in use
Bottleneck bin occupancy may not be accurately reported
Waiting for segments to complete...
Iteration completed successfully
Iteration wallclock: 0:39:47.316494, cputime: 6:39:00.844775


Mon Mar 20 00:18:59 2023
Iteration 178 (500 requested)
Beginning iteration 178
223 segments remain in iteration 178 (223 total)
50 of 111 (45.045045%) active bins are populated
per-bin minimum non-zero probability:       1.33264e-36
per-bin maximum probability:                0.976049
per-bin probability dynamic range (kT):     82.5817
per-segment minimum non-zero probability:   3.33159e-37
per-segment maximum non-zero probability:   0.089665
per-segment probability dynamic range (kT): 81.5805
norm = 1, error in norm = -4.44089e-16 (-2*epsilon)
MAB binning in use
Bottleneck bin occupancy may not be accurately reported
Waiting for segments to complete...
Iteration completed successfully
Iteration wallclock: 0:42:03.714964, cputime: 6:59:38.582183


Mon Mar 20 01:01:02 2023
Iteration 179 (500 requested)
Beginning iteration 179
219 segments remain in iteration 179 (219 total)
50 of 111 (45.045045%) active bins are populated
per-bin minimum non-zero probability:       3.33159e-37
per-bin maximum probability:                0.976049
per-bin probability dynamic range (kT):     83.968
per-segment minimum non-zero probability:   8.32898e-38
per-segment maximum non-zero probability:   0.089311
per-segment probability dynamic range (kT): 82.9629
norm = 1, error in norm = -4.44089e-16 (-2*epsilon)
MAB binning in use
Bottleneck bin occupancy may not be accurately reported
Waiting for segments to complete...
Iteration completed successfully
Iteration wallclock: 0:41:25.354535, cputime: 6:58:26.921261


Mon Mar 20 01:42:28 2023
Iteration 180 (500 requested)
Beginning iteration 180
219 segments remain in iteration 180 (219 total)
49 of 111 (44.144144%) active bins are populated
per-bin minimum non-zero probability:       8.32898e-38
per-bin maximum probability:                0.976049
per-bin probability dynamic range (kT):     85.3542
per-segment minimum non-zero probability:   2.08225e-38
per-segment maximum non-zero probability:   0.0890548
per-segment probability dynamic range (kT): 84.3463
norm = 1, error in norm = -3.33067e-16 (-1.5*epsilon)
MAB binning in use
Bottleneck bin occupancy may not be accurately reported
Waiting for segments to complete...
Iteration completed successfully
Iteration wallclock: 0:41:35.176384, cputime: 6:49:55.486910


Mon Mar 20 02:24:03 2023
Iteration 181 (500 requested)
Beginning iteration 181
219 segments remain in iteration 181 (219 total)
51 of 111 (45.945946%) active bins are populated
per-bin minimum non-zero probability:       2.08225e-38
per-bin maximum probability:                0.976049
per-bin probability dynamic range (kT):     86.7405
per-segment minimum non-zero probability:   5.20561e-39
per-segment maximum non-zero probability:   0.0889027
per-segment probability dynamic range (kT): 85.7309
norm = 1, error in norm = -4.44089e-16 (-2*epsilon)
MAB binning in use
Bottleneck bin occupancy may not be accurately reported
Waiting for segments to complete...
Iteration completed successfully
Iteration wallclock: 0:41:13.469591, cputime: 6:54:57.833866


Mon Mar 20 03:05:16 2023
Iteration 182 (500 requested)
Beginning iteration 182
219 segments remain in iteration 182 (219 total)
52 of 111 (46.846847%) active bins are populated
per-bin minimum non-zero probability:       5.20561e-39
per-bin maximum probability:                0.976049
per-bin probability dynamic range (kT):     88.1268
per-segment minimum non-zero probability:   1.3014e-39
per-segment maximum non-zero probability:   0.08882
per-segment probability dynamic range (kT): 87.1162
norm = 1, error in norm = -5.55112e-16 (-2.5*epsilon)
MAB binning in use
Bottleneck bin occupancy may not be accurately reported
Waiting for segments to complete...
Iteration completed successfully
Iteration wallclock: 0:41:11.818006, cputime: 6:57:35.750813


Mon Mar 20 03:46:28 2023
Iteration 183 (500 requested)
Beginning iteration 183
218 segments remain in iteration 183 (218 total)
49 of 111 (44.144144%) active bins are populated
per-bin minimum non-zero probability:       1.3014e-39
per-bin maximum probability:                0.887362
per-bin probability dynamic range (kT):     89.4179
per-segment minimum non-zero probability:   3.25351e-40
per-segment maximum non-zero probability:   0.08882
per-segment probability dynamic range (kT): 88.5025
norm = 1, error in norm = -4.44089e-16 (-2*epsilon)
MAB binning in use
Bottleneck bin occupancy may not be accurately reported
Waiting for segments to complete...
Iteration completed successfully
Iteration wallclock: 0:41:17.156175, cputime: 6:52:50.288910


Mon Mar 20 04:27:45 2023
Iteration 184 (500 requested)
Beginning iteration 184
223 segments remain in iteration 184 (223 total)
54 of 111 (48.648649%) active bins are populated
per-bin minimum non-zero probability:       3.25351e-40
per-bin maximum probability:                0.976049
per-bin probability dynamic range (kT):     90.8994
per-segment minimum non-zero probability:   8.13377e-41
per-segment maximum non-zero probability:   0.0887766
per-segment probability dynamic range (kT): 89.8883
norm = 1, error in norm = -4.44089e-16 (-2*epsilon)
MAB binning in use
Bottleneck bin occupancy may not be accurately reported
Waiting for segments to complete...
Iteration completed successfully
Iteration wallclock: 0:41:23.962256, cputime: 7:06:02.111646


Mon Mar 20 05:09:09 2023
Iteration 185 (500 requested)
Beginning iteration 185
215 segments remain in iteration 185 (215 total)
53 of 111 (47.747748%) active bins are populated
per-bin minimum non-zero probability:       8.13377e-41
per-bin maximum probability:                0.976049
per-bin probability dynamic range (kT):     92.2857
per-segment minimum non-zero probability:   2.03344e-41
per-segment maximum non-zero probability:   0.0887559
per-segment probability dynamic range (kT): 91.2744
norm = 1, error in norm = -4.44089e-16 (-2*epsilon)
MAB binning in use
Bottleneck bin occupancy may not be accurately reported
Waiting for segments to complete...
Iteration completed successfully
Iteration wallclock: 0:40:22.273395, cputime: 6:46:59.163014


Mon Mar 20 05:49:32 2023
Iteration 186 (500 requested)
Beginning iteration 186
211 segments remain in iteration 186 (211 total)
51 of 111 (45.945946%) active bins are populated
per-bin minimum non-zero probability:       2.03344e-41
per-bin maximum probability:                0.976049
per-bin probability dynamic range (kT):     93.672
per-segment minimum non-zero probability:   5.08361e-42
per-segment maximum non-zero probability:   0.0887455
per-segment probability dynamic range (kT): 92.6606
norm = 1, error in norm = -4.44089e-16 (-2*epsilon)
MAB binning in use
Bottleneck bin occupancy may not be accurately reported
Waiting for segments to complete...
Iteration completed successfully
Iteration wallclock: 0:39:46.051753, cputime: 6:43:36.134080


Mon Mar 20 06:29:18 2023
Iteration 187 (500 requested)
Beginning iteration 187
214 segments remain in iteration 187 (214 total)
51 of 111 (45.945946%) active bins are populated
per-bin minimum non-zero probability:       5.08361e-42
per-bin maximum probability:                0.887325
per-bin probability dynamic range (kT):     94.963
per-segment minimum non-zero probability:   1.2709e-42
per-segment maximum non-zero probability:   0.0887455
per-segment probability dynamic range (kT): 94.0469
norm = 1, error in norm = -4.44089e-16 (-2*epsilon)
MAB binning in use
Bottleneck bin occupancy may not be accurately reported
Waiting for segments to complete...
Iteration completed successfully
Iteration wallclock: 0:39:56.253307, cputime: 6:48:46.668717


Mon Mar 20 07:09:14 2023
Iteration 188 (500 requested)
Beginning iteration 188
215 segments remain in iteration 188 (215 total)
51 of 111 (45.945946%) active bins are populated
per-bin minimum non-zero probability:       1.2709e-42
per-bin maximum probability:                0.976049
per-bin probability dynamic range (kT):     96.4446
per-segment minimum non-zero probability:   3.17725e-43
per-segment maximum non-zero probability:   0.088739
per-segment probability dynamic range (kT): 95.4331
norm = 1, error in norm = -3.33067e-16 (-1.5*epsilon)
MAB binning in use
Bottleneck bin occupancy may not be accurately reported
Waiting for segments to complete...
Iteration completed successfully
Iteration wallclock: 0:40:13.560299, cputime: 6:49:22.381988


Mon Mar 20 07:49:27 2023
Iteration 189 (500 requested)
Beginning iteration 189
215 segments remain in iteration 189 (215 total)
50 of 111 (45.045045%) active bins are populated
per-bin minimum non-zero probability:       3.17725e-43
per-bin maximum probability:                0.976049
per-bin probability dynamic range (kT):     97.8309
per-segment minimum non-zero probability:   7.94314e-44
per-segment maximum non-zero probability:   0.0887356
per-segment probability dynamic range (kT): 96.8193
norm = 1, error in norm = -3.33067e-16 (-1.5*epsilon)
MAB binning in use
Bottleneck bin occupancy may not be accurately reported
Waiting for segments to complete...
Iteration completed successfully
Iteration wallclock: 0:40:07.052645, cputime: 6:47:50.988202


Mon Mar 20 08:29:34 2023
Iteration 190 (500 requested)
Beginning iteration 190
227 segments remain in iteration 190 (227 total)
55 of 111 (49.549550%) active bins are populated
per-bin minimum non-zero probability:       7.94314e-44
per-bin maximum probability:                0.976049
per-bin probability dynamic range (kT):     99.2172
per-segment minimum non-zero probability:   1.98578e-44
per-segment maximum non-zero probability:   0.0887339
per-segment probability dynamic range (kT): 98.2056
norm = 1, error in norm = -2.22045e-16 (-1*epsilon)
MAB binning in use
Bottleneck bin occupancy may not be accurately reported
Waiting for segments to complete...
Iteration completed successfully
Iteration wallclock: 0:42:45.715935, cputime: 7:16:29.945707


Mon Mar 20 09:12:20 2023
Iteration 191 (500 requested)
Beginning iteration 191
218 segments remain in iteration 191 (218 total)
50 of 111 (45.045045%) active bins are populated
per-bin minimum non-zero probability:       1.98578e-44
per-bin maximum probability:                0.976049
per-bin probability dynamic range (kT):     100.603
per-segment minimum non-zero probability:   4.96446e-45
per-segment maximum non-zero probability:   0.0887339
per-segment probability dynamic range (kT): 99.5919
norm = 1, error in norm = -2.22045e-16 (-1*epsilon)
MAB binning in use
Bottleneck bin occupancy may not be accurately reported
Waiting for segments to complete...
Iteration completed successfully
Iteration wallclock: 0:41:23.844629, cputime: 6:48:14.717419


Mon Mar 20 09:53:44 2023
Iteration 192 (500 requested)
Beginning iteration 192
218 segments remain in iteration 192 (218 total)
52 of 111 (46.846847%) active bins are populated
per-bin minimum non-zero probability:       4.96446e-45
per-bin maximum probability:                0.887317
per-bin probability dynamic range (kT):     101.894
per-segment minimum non-zero probability:   1.24112e-45
per-segment maximum non-zero probability:   0.0887339
per-segment probability dynamic range (kT): 100.978
norm = 1, error in norm = -4.44089e-16 (-2*epsilon)
MAB binning in use
Bottleneck bin occupancy may not be accurately reported
Waiting for segments to complete...
Iteration completed successfully
Iteration wallclock: 0:41:13.595731, cputime: 6:55:01.824947


Mon Mar 20 10:34:58 2023
Iteration 193 (500 requested)
Beginning iteration 193
227 segments remain in iteration 193 (227 total)
55 of 111 (49.549550%) active bins are populated
per-bin minimum non-zero probability:       1.24112e-45
per-bin maximum probability:                0.980797
per-bin probability dynamic range (kT):     103.381
per-segment minimum non-zero probability:   3.10279e-46
per-segment maximum non-zero probability:   0.0911053
per-segment probability dynamic range (kT): 102.391
norm = 1, error in norm = -3.33067e-16 (-1.5*epsilon)
MAB binning in use
Bottleneck bin occupancy may not be accurately reported
Waiting for segments to complete...
Iteration completed successfully
Iteration wallclock: 0:43:00.121489, cputime: 7:10:06.884533


Mon Mar 20 11:17:58 2023
Iteration 194 (500 requested)
Beginning iteration 194
255 segments remain in iteration 194 (255 total)
62 of 111 (55.855856%) active bins are populated
per-bin minimum non-zero probability:       3.10279e-46
per-bin maximum probability:                0.980797
per-bin probability dynamic range (kT):     104.767
per-segment minimum non-zero probability:   7.75697e-47
per-segment maximum non-zero probability:   0.0899191
per-segment probability dynamic range (kT): 103.764
norm = 1, error in norm = -3.33067e-16 (-1.5*epsilon)
MAB binning in use
Bottleneck bin occupancy may not be accurately reported
Waiting for segments to complete...
Iteration completed successfully
Iteration wallclock: 0:47:38.421109, cputime: 8:01:24.074122


Mon Mar 20 12:05:36 2023
Iteration 195 (500 requested)
Beginning iteration 195
263 segments remain in iteration 195 (263 total)
64 of 111 (57.657658%) active bins are populated
per-bin minimum non-zero probability:       7.75697e-47
per-bin maximum probability:                0.980797
per-bin probability dynamic range (kT):     106.154
per-segment minimum non-zero probability:   1.93924e-47
per-segment maximum non-zero probability:   0.0897208
per-segment probability dynamic range (kT): 105.148
norm = 1, error in norm = -4.44089e-16 (-2*epsilon)
MAB binning in use
Bottleneck bin occupancy may not be accurately reported
Waiting for segments to complete...
Iteration completed successfully
Iteration wallclock: 0:49:01.129655, cputime: 8:25:43.877313


Mon Mar 20 12:54:37 2023
Iteration 196 (500 requested)
Beginning iteration 196
267 segments remain in iteration 196 (267 total)
63 of 111 (56.756757%) active bins are populated
per-bin minimum non-zero probability:       1.93924e-47
per-bin maximum probability:                0.980797
per-bin probability dynamic range (kT):     107.54
per-segment minimum non-zero probability:   4.84811e-48
per-segment maximum non-zero probability:   0.0896217
per-segment probability dynamic range (kT): 106.533
norm = 1, error in norm = -2.22045e-16 (-1*epsilon)
MAB binning in use
Bottleneck bin occupancy may not be accurately reported
Waiting for segments to complete...
Iteration completed successfully
Iteration wallclock: 0:50:27.549914, cputime: 8:23:31.289192


Mon Mar 20 13:45:05 2023
Iteration 197 (500 requested)
Beginning iteration 197
263 segments remain in iteration 197 (263 total)
63 of 111 (56.756757%) active bins are populated
per-bin minimum non-zero probability:       4.84811e-48
per-bin maximum probability:                0.980797
per-bin probability dynamic range (kT):     108.926
per-segment minimum non-zero probability:   1.21203e-48
per-segment maximum non-zero probability:   0.0894734
per-segment probability dynamic range (kT): 107.918
norm = 1, error in norm = -3.33067e-16 (-1.5*epsilon)
MAB binning in use
Bottleneck bin occupancy may not be accurately reported
Waiting for segments to complete...
Iteration completed successfully
Iteration wallclock: 0:49:27.027541, cputime: 8:10:38.961802


Mon Mar 20 14:34:32 2023
Iteration 198 (500 requested)
Beginning iteration 198
271 segments remain in iteration 198 (271 total)
65 of 111 (58.558559%) active bins are populated
per-bin minimum non-zero probability:       1.21203e-48
per-bin maximum probability:                0.980797
per-bin probability dynamic range (kT):     110.312
per-segment minimum non-zero probability:   3.03007e-49
per-segment maximum non-zero probability:   0.0893333
per-segment probability dynamic range (kT): 109.303
norm = 1, error in norm = -4.44089e-16 (-2*epsilon)
MAB binning in use
Bottleneck bin occupancy may not be accurately reported
Waiting for segments to complete...
Iteration completed successfully
Iteration wallclock: 0:50:22.759751, cputime: 8:38:43.876868


Mon Mar 20 15:24:55 2023
Iteration 199 (500 requested)
Beginning iteration 199
286 segments remain in iteration 199 (286 total)
69 of 111 (62.162162%) active bins are populated
per-bin minimum non-zero probability:       3.03007e-49
per-bin maximum probability:                0.891464
per-bin probability dynamic range (kT):     111.603
per-segment minimum non-zero probability:   7.57517e-50
per-segment maximum non-zero probability:   0.0892551
per-segment probability dynamic range (kT): 110.688
norm = 1, error in norm = -4.44089e-16 (-2*epsilon)
MAB binning in use
Bottleneck bin occupancy may not be accurately reported
Waiting for segments to complete...
Iteration completed successfully
Iteration wallclock: 0:53:49.668957, cputime: 8:59:21.356601


Mon Mar 20 16:18:44 2023
Iteration 200 (500 requested)
Beginning iteration 200
290 segments remain in iteration 200 (290 total)
72 of 111 (64.864865%) active bins are populated
per-bin minimum non-zero probability:       7.57517e-50
per-bin maximum probability:                0.891719
per-bin probability dynamic range (kT):     112.99
per-segment minimum non-zero probability:   1.89379e-50
per-segment maximum non-zero probability:   0.0892551
per-segment probability dynamic range (kT): 112.074
norm = 1, error in norm = -3.33067e-16 (-1.5*epsilon)
MAB binning in use
Bottleneck bin occupancy may not be accurately reported
Waiting for segments to complete...
Iteration completed successfully
Iteration wallclock: 0:54:32.869462, cputime: 9:10:25.186145


Mon Mar 20 17:13:17 2023
Iteration 201 (500 requested)
Beginning iteration 201
286 segments remain in iteration 201 (286 total)
71 of 111 (63.963964%) active bins are populated
per-bin minimum non-zero probability:       1.89379e-50
per-bin maximum probability:                0.891631
per-bin probability dynamic range (kT):     114.376
per-segment minimum non-zero probability:   4.73448e-51
per-segment maximum non-zero probability:   0.0892551
per-segment probability dynamic range (kT): 113.461
norm = 1, error in norm = -3.33067e-16 (-1.5*epsilon)
MAB binning in use
Bottleneck bin occupancy may not be accurately reported
Waiting for segments to complete...
Iteration completed successfully
Iteration wallclock: 0:53:47.255558, cputime: 9:00:26.411661


Mon Mar 20 18:07:04 2023
Iteration 202 (500 requested)
Beginning iteration 202
279 segments remain in iteration 202 (279 total)
69 of 111 (62.162162%) active bins are populated
per-bin minimum non-zero probability:       4.73448e-51
per-bin maximum probability:                0.980797
per-bin probability dynamic range (kT):     115.858
per-segment minimum non-zero probability:   1.18362e-51
per-segment maximum non-zero probability:   0.0892304
per-segment probability dynamic range (kT): 114.847
norm = 1, error in norm = -4.44089e-16 (-2*epsilon)
MAB binning in use
Bottleneck bin occupancy may not be accurately reported
Waiting for segments to complete...
Iteration completed successfully
Iteration wallclock: 0:52:25.097826, cputime: 8:50:57.762214


Mon Mar 20 18:59:30 2023
Iteration 203 (500 requested)
Beginning iteration 203
290 segments remain in iteration 203 (290 total)
70 of 111 (63.063063%) active bins are populated
per-bin minimum non-zero probability:       1.18362e-51
per-bin maximum probability:                0.891667
per-bin probability dynamic range (kT):     117.149
per-segment minimum non-zero probability:   2.95905e-52
per-segment maximum non-zero probability:   0.0892304
per-segment probability dynamic range (kT): 116.233
norm = 1, error in norm = -4.44089e-16 (-2*epsilon)
MAB binning in use
Bottleneck bin occupancy may not be accurately reported
Waiting for segments to complete...
Iteration completed successfully
Iteration wallclock: 0:54:38.434376, cputime: 9:11:14.799797


Mon Mar 20 19:54:08 2023
Iteration 204 (500 requested)
Beginning iteration 204
323 segments remain in iteration 204 (323 total)
75 of 111 (67.567568%) active bins are populated
per-bin minimum non-zero probability:       2.95905e-52
per-bin maximum probability:                0.977308
per-bin probability dynamic range (kT):     118.627
per-segment minimum non-zero probability:   7.39762e-53
per-segment maximum non-zero probability:   0.0892019
per-segment probability dynamic range (kT): 117.619
norm = 1, error in norm = -4.44089e-16 (-2*epsilon)
MAB binning in use
Bottleneck bin occupancy may not be accurately reported
Waiting for segments to complete...
Iteration completed successfully
Iteration wallclock: 1:00:54.926087, cputime: 10:12:53.753812


Mon Mar 20 20:55:03 2023
Iteration 205 (500 requested)
Beginning iteration 205
295 segments remain in iteration 205 (295 total)
71 of 111 (63.963964%) active bins are populated
per-bin minimum non-zero probability:       7.39762e-53
per-bin maximum probability:                0.999591
per-bin probability dynamic range (kT):     120.035
per-segment minimum non-zero probability:   1.84941e-53
per-segment maximum non-zero probability:   0.0991441
per-segment probability dynamic range (kT): 119.111
norm = 1, error in norm = -4.44089e-16 (-2*epsilon)
MAB binning in use
Bottleneck bin occupancy may not be accurately reported
Waiting for segments to complete...
Iteration completed successfully
Iteration wallclock: 0:55:25.894153, cputime: 9:18:59.445424


Mon Mar 20 21:50:29 2023
Iteration 206 (500 requested)
Beginning iteration 206
303 segments remain in iteration 206 (303 total)
74 of 111 (66.666667%) active bins are populated
per-bin minimum non-zero probability:       1.84941e-53
per-bin maximum probability:                0.999591
per-bin probability dynamic range (kT):     121.422
per-segment minimum non-zero probability:   4.62351e-54
per-segment maximum non-zero probability:   0.0941637
per-segment probability dynamic range (kT): 120.446
norm = 1, error in norm = -3.33067e-16 (-1.5*epsilon)
MAB binning in use
Bottleneck bin occupancy may not be accurately reported
Waiting for segments to complete...
Iteration completed successfully
Iteration wallclock: 0:56:32.624708, cputime: 9:34:42.918922


Mon Mar 20 22:47:01 2023
Iteration 207 (500 requested)
Beginning iteration 207
309 segments remain in iteration 207 (309 total)
73 of 111 (65.765766%) active bins are populated
per-bin minimum non-zero probability:       1.64392e-53
per-bin maximum probability:                0.818299
per-bin probability dynamic range (kT):     121.339
per-segment minimum non-zero probability:   4.10979e-54
per-segment maximum non-zero probability:   0.0931999
per-segment probability dynamic range (kT): 120.553
norm = 1, error in norm = -4.44089e-16 (-2*epsilon)
MAB binning in use
Bottleneck bin occupancy may not be accurately reported
Waiting for segments to complete...
Iteration completed successfully
Iteration wallclock: 0:57:47.752605, cputime: 9:46:49.496815


Mon Mar 20 23:44:49 2023
Iteration 208 (500 requested)
Beginning iteration 208
303 segments remain in iteration 208 (303 total)
74 of 111 (66.666667%) active bins are populated
per-bin minimum non-zero probability:       1.23294e-53
per-bin maximum probability:                0.999591
per-bin probability dynamic range (kT):     121.827
per-segment minimum non-zero probability:   3.08234e-54
per-segment maximum non-zero probability:   0.0919793
per-segment probability dynamic range (kT): 120.828
norm = 1, error in norm = -2.22045e-16 (-1*epsilon)
MAB binning in use
Bottleneck bin occupancy may not be accurately reported
Waiting for segments to complete...
Iteration completed successfully
Iteration wallclock: 0:56:52.829358, cputime: 9:37:57.282051


Tue Mar 21 00:41:42 2023
Iteration 209 (500 requested)
Beginning iteration 209
303 segments remain in iteration 209 (303 total)
74 of 111 (66.666667%) active bins are populated
per-bin minimum non-zero probability:       1.84941e-53
per-bin maximum probability:                0.999591
per-bin probability dynamic range (kT):     121.422
per-segment minimum non-zero probability:   4.62351e-54
per-segment maximum non-zero probability:   0.0913689
per-segment probability dynamic range (kT): 120.416
norm = 1, error in norm = -5.55112e-16 (-2.5*epsilon)
MAB binning in use
Bottleneck bin occupancy may not be accurately reported
Waiting for segments to complete...
Iteration completed successfully
Iteration wallclock: 0:56:29.411212, cputime: 9:24:44.191685


Tue Mar 21 01:38:11 2023
Iteration 210 (500 requested)
Beginning iteration 210
310 segments remain in iteration 210 (310 total)
76 of 111 (68.468468%) active bins are populated
per-bin minimum non-zero probability:       4.62351e-54
per-bin maximum probability:                0.908967
per-bin probability dynamic range (kT):     122.713
per-segment minimum non-zero probability:   1.15588e-54
per-segment maximum non-zero probability:   0.0913689
per-segment probability dynamic range (kT): 121.802
norm = 1, error in norm = -3.33067e-16 (-1.5*epsilon)
MAB binning in use
Bottleneck bin occupancy may not be accurately reported
Waiting for segments to complete...
Iteration completed successfully
Iteration wallclock: 0:57:16.004760, cputime: 10:02:53.322917


Tue Mar 21 02:35:27 2023
Iteration 211 (500 requested)
Beginning iteration 211
322 segments remain in iteration 211 (322 total)
79 of 111 (71.171171%) active bins are populated
per-bin minimum non-zero probability:       1.15588e-54
per-bin maximum probability:                0.908944
per-bin probability dynamic range (kT):     124.099
per-segment minimum non-zero probability:   2.8897e-55
per-segment maximum non-zero probability:   0.0913689
per-segment probability dynamic range (kT): 123.188
norm = 1, error in norm = -5.55112e-16 (-2.5*epsilon)
MAB binning in use
Bottleneck bin occupancy may not be accurately reported
Waiting for segments to complete...
Iteration completed successfully
Iteration wallclock: 1:00:15.386593, cputime: 10:16:33.720667


Tue Mar 21 03:35:43 2023
Iteration 212 (500 requested)
Beginning iteration 212
311 segments remain in iteration 212 (311 total)
76 of 111 (68.468468%) active bins are populated
per-bin minimum non-zero probability:       2.8897e-55
per-bin maximum probability:                0.999591
per-bin probability dynamic range (kT):     125.581
per-segment minimum non-zero probability:   7.22424e-56
per-segment maximum non-zero probability:   0.0911723
per-segment probability dynamic range (kT): 124.572
norm = 1, error in norm = -3.33067e-16 (-1.5*epsilon)
MAB binning in use
Bottleneck bin occupancy may not be accurately reported
Waiting for segments to complete...
Iteration completed successfully
Iteration wallclock: 0:57:56.672640, cputime: 9:51:59.822862


Tue Mar 21 04:33:40 2023
Iteration 213 (500 requested)
Beginning iteration 213
295 segments remain in iteration 213 (295 total)
69 of 111 (62.162162%) active bins are populated
per-bin minimum non-zero probability:       7.22424e-56
per-bin maximum probability:                0.999591
per-bin probability dynamic range (kT):     126.967
per-segment minimum non-zero probability:   1.80606e-56
per-segment maximum non-zero probability:   0.0910415
per-segment probability dynamic range (kT): 125.957
norm = 1, error in norm = -5.55112e-16 (-2.5*epsilon)
MAB binning in use
Bottleneck bin occupancy may not be accurately reported
Waiting for segments to complete...
Iteration completed successfully
Iteration wallclock: 0:55:22.895682, cputime: 9:17:26.373363


Tue Mar 21 05:29:03 2023
Iteration 214 (500 requested)
Beginning iteration 214
283 segments remain in iteration 214 (283 total)
67 of 111 (60.360360%) active bins are populated
per-bin minimum non-zero probability:       1.80606e-56
per-bin maximum probability:                0.636307
per-bin probability dynamic range (kT):     127.902
per-segment minimum non-zero probability:   4.51515e-57
per-segment maximum non-zero probability:   0.0909693
per-segment probability dynamic range (kT): 127.343
norm = 1, error in norm = -4.44089e-16 (-2*epsilon)
MAB binning in use
Bottleneck bin occupancy may not be accurately reported
Waiting for segments to complete...
Iteration completed successfully
Iteration wallclock: 0:53:08.295805, cputime: 8:48:55.910735


Tue Mar 21 06:22:11 2023
Iteration 215 (500 requested)
Beginning iteration 215
298 segments remain in iteration 215 (298 total)
71 of 111 (63.963964%) active bins are populated
per-bin minimum non-zero probability:       4.51515e-57
per-bin maximum probability:                0.999591
per-bin probability dynamic range (kT):     129.74
per-segment minimum non-zero probability:   3.0101e-57
per-segment maximum non-zero probability:   0.0909222
per-segment probability dynamic range (kT): 127.748
norm = 1, error in norm = -4.44089e-16 (-2*epsilon)
MAB binning in use
Bottleneck bin occupancy may not be accurately reported
Waiting for segments to complete...
Iteration completed successfully
Iteration wallclock: 0:55:50.047860, cputime: 9:28:02.462137


Tue Mar 21 07:18:01 2023
Iteration 216 (500 requested)
Beginning iteration 216
295 segments remain in iteration 216 (295 total)
72 of 111 (64.864865%) active bins are populated
per-bin minimum non-zero probability:       3.0101e-57
per-bin maximum probability:                0.999591
per-bin probability dynamic range (kT):     130.145
per-segment minimum non-zero probability:   7.52525e-58
per-segment maximum non-zero probability:   0.0908981
per-segment probability dynamic range (kT): 129.134
norm = 1, error in norm = -5.55112e-16 (-2.5*epsilon)
MAB binning in use
Bottleneck bin occupancy may not be accurately reported
Waiting for segments to complete...
Iteration completed successfully
Iteration wallclock: 0:55:01.654603, cputime: 9:24:31.504256


Tue Mar 21 08:13:03 2023
Iteration 217 (500 requested)
Beginning iteration 217
318 segments remain in iteration 217 (318 total)
75 of 111 (67.567568%) active bins are populated
per-bin minimum non-zero probability:       3.32335e-54
per-bin maximum probability:                0.908696
per-bin probability dynamic range (kT):     123.043
per-segment minimum non-zero probability:   8.30837e-55
per-segment maximum non-zero probability:   0.0908981
per-segment probability dynamic range (kT): 122.127
norm = 1, error in norm = -3.33067e-16 (-1.5*epsilon)
MAB binning in use
Bottleneck bin occupancy may not be accurately reported
Waiting for segments to complete...
Iteration completed successfully
Iteration wallclock: 0:59:36.909208, cputime: 10:03:30.980718


Tue Mar 21 09:12:39 2023
Iteration 218 (500 requested)
Beginning iteration 218
311 segments remain in iteration 218 (311 total)
75 of 111 (67.567568%) active bins are populated
per-bin minimum non-zero probability:       8.30837e-55
per-bin maximum probability:                0.999591
per-bin probability dynamic range (kT):     124.525
per-segment minimum non-zero probability:   2.07709e-55
per-segment maximum non-zero probability:   0.0908879
per-segment probability dynamic range (kT): 123.513
norm = 1, error in norm = -4.44089e-16 (-2*epsilon)
MAB binning in use
Bottleneck bin occupancy may not be accurately reported
Waiting for segments to complete...
Iteration completed successfully
Iteration wallclock: 0:58:21.054142, cputime: 9:46:36.216768


Tue Mar 21 10:11:01 2023
Iteration 219 (500 requested)
Beginning iteration 219
310 segments remain in iteration 219 (310 total)
74 of 111 (66.666667%) active bins are populated
per-bin minimum non-zero probability:       2.21557e-54
per-bin maximum probability:                0.908727
per-bin probability dynamic range (kT):     123.448
per-segment minimum non-zero probability:   5.53891e-55
per-segment maximum non-zero probability:   0.0908879
per-segment probability dynamic range (kT): 122.532
norm = 1, error in norm = -5.55112e-16 (-2.5*epsilon)
MAB binning in use
Bottleneck bin occupancy may not be accurately reported
Waiting for segments to complete...
Iteration completed successfully
Iteration wallclock: 1:00:35.990817, cputime: 9:30:03.630728


Tue Mar 21 11:11:37 2023
Iteration 220 (500 requested)
Beginning iteration 220
319 segments remain in iteration 220 (319 total)
80 of 111 (72.072072%) active bins are populated
per-bin minimum non-zero probability:       5.53891e-55
per-bin maximum probability:                0.999591
per-bin probability dynamic range (kT):     124.93
per-segment minimum non-zero probability:   1.38473e-55
per-segment maximum non-zero probability:   0.0908817
per-segment probability dynamic range (kT): 123.918
norm = 1, error in norm = -5.55112e-16 (-2.5*epsilon)
MAB binning in use
Bottleneck bin occupancy may not be accurately reported
Waiting for segments to complete...
Iteration completed successfully
Iteration wallclock: 1:00:30.090352, cputime: 10:01:23.503794


Tue Mar 21 12:12:07 2023
Iteration 221 (500 requested)
Beginning iteration 221
341 segments remain in iteration 221 (341 total)
81 of 111 (72.972973%) active bins are populated
per-bin minimum non-zero probability:       1.38473e-55
per-bin maximum probability:                0.908719
per-bin probability dynamic range (kT):     126.221
per-segment minimum non-zero probability:   3.46182e-56
per-segment maximum non-zero probability:   0.0908772
per-segment probability dynamic range (kT): 125.305
norm = 1, error in norm = -4.44089e-16 (-2*epsilon)
MAB binning in use
Bottleneck bin occupancy may not be accurately reported
Waiting for segments to complete...
Iteration completed successfully
Iteration wallclock: 1:06:07.163866, cputime: 10:36:11.564937


Tue Mar 21 13:18:14 2023
Iteration 222 (500 requested)
Beginning iteration 222
322 segments remain in iteration 222 (322 total)
75 of 111 (67.567568%) active bins are populated
per-bin minimum non-zero probability:       3.46182e-56
per-bin maximum probability:                0.999591
per-bin probability dynamic range (kT):     127.703
per-segment minimum non-zero probability:   8.65455e-57
per-segment maximum non-zero probability:   0.0908749
per-segment probability dynamic range (kT): 126.691
norm = 1, error in norm = -4.44089e-16 (-2*epsilon)
MAB binning in use
Bottleneck bin occupancy may not be accurately reported
Waiting for segments to complete...
Recycled 1.46186e-51 probability (1 walkers) from target state 'unbound'
Iteration completed successfully
Iteration wallclock: 1:02:12.083130, cputime: 9:58:55.718379


Tue Mar 21 14:20:26 2023
Iteration 223 (500 requested)
Beginning iteration 223
319 segments remain in iteration 223 (319 total)
79 of 111 (71.171171%) active bins are populated
per-bin minimum non-zero probability:       6.92364e-55
per-bin maximum probability:                0.999591
per-bin probability dynamic range (kT):     124.707
per-segment minimum non-zero probability:   1.73091e-55
per-segment maximum non-zero probability:   0.0908735
per-segment probability dynamic range (kT): 123.695
norm = 1, error in norm = -4.44089e-16 (-2*epsilon)
MAB binning in use
Bottleneck bin occupancy may not be accurately reported
Waiting for segments to complete...
Recycled 1.46186e-51 probability (2 walkers) from target state 'unbound'
Iteration completed successfully
Iteration wallclock: 1:01:52.421796, cputime: 9:56:19.631507


Tue Mar 21 15:22:18 2023
Iteration 224 (500 requested)
Beginning iteration 224
319 segments remain in iteration 224 (319 total)
79 of 111 (71.171171%) active bins are populated
per-bin minimum non-zero probability:       1.73091e-55
per-bin maximum probability:                0.999634
per-bin probability dynamic range (kT):     126.093
per-segment minimum non-zero probability:   4.32728e-56
per-segment maximum non-zero probability:   0.0908927
per-segment probability dynamic range (kT): 125.082
norm = 1, error in norm = -5.55112e-16 (-2.5*epsilon)
MAB binning in use
Bottleneck bin occupancy may not be accurately reported
Waiting for segments to complete...
Iteration completed successfully
Iteration wallclock: 1:00:59.677128, cputime: 10:06:42.763906


Tue Mar 21 16:23:18 2023
Iteration 225 (500 requested)
Beginning iteration 225
331 segments remain in iteration 225 (331 total)
78 of 111 (70.270270%) active bins are populated
per-bin minimum non-zero probability:       4.32728e-56
per-bin maximum probability:                0.999634
per-bin probability dynamic range (kT):     127.479
per-segment minimum non-zero probability:   1.08182e-56
per-segment maximum non-zero probability:   0.090883
per-segment probability dynamic range (kT): 126.468
norm = 1, error in norm = -3.33067e-16 (-1.5*epsilon)
MAB binning in use
Bottleneck bin occupancy may not be accurately reported
Waiting for segments to complete...
Iteration completed successfully
Iteration wallclock: 1:02:13.683661, cputime: 10:13:17.460204

Iteration 226 would require more than the allotted time. Ending run.
