Updating system with the options from the configuration file
Maximum wallclock time: 3 days, 0:00:00

Tue Mar 21 17:25:55 2023
Iteration 226 (500 requested)
Beginning iteration 226
319 segments remain in iteration 226 (319 total)
75 of 111 (67.567568%) active bins are populated
per-bin minimum non-zero probability:       8.65455e-56
per-bin maximum probability:                0.999634
per-bin probability dynamic range (kT):     126.786
per-segment minimum non-zero probability:   2.16364e-56
per-segment maximum non-zero probability:   0.0908809
per-segment probability dynamic range (kT): 125.775
norm = 1, error in norm = -5.55112e-16 (-2.5*epsilon)
MAB binning in use
Bottleneck bin occupancy may not be accurately reported
Waiting for segments to complete...
Recycled 4.59368e-52 probability (4 walkers) from target state 'unbound'
Iteration completed successfully
Iteration wallclock: 1:01:35.654286, cputime: 10:07:35.922061


Tue Mar 21 18:27:30 2023
Iteration 227 (500 requested)
Beginning iteration 227
318 segments remain in iteration 227 (318 total)
81 of 111 (72.972973%) active bins are populated
per-bin minimum non-zero probability:       2.16364e-56
per-bin maximum probability:                0.908762
per-bin probability dynamic range (kT):     128.077
per-segment minimum non-zero probability:   5.4091e-57
per-segment maximum non-zero probability:   0.0908809
per-segment probability dynamic range (kT): 127.161
norm = 1, error in norm = -4.44089e-16 (-2*epsilon)
MAB binning in use
Bottleneck bin occupancy may not be accurately reported
Waiting for segments to complete...
Recycled 2.28415e-53 probability (1 walkers) from target state 'unbound'
Iteration completed successfully
Iteration wallclock: 0:59:46.773752, cputime: 9:58:21.374575


Tue Mar 21 19:27:17 2023
Iteration 228 (500 requested)
Beginning iteration 228
326 segments remain in iteration 228 (326 total)
78 of 111 (70.270270%) active bins are populated
per-bin minimum non-zero probability:       5.4091e-57
per-bin maximum probability:                0.908761
per-bin probability dynamic range (kT):     129.464
per-segment minimum non-zero probability:   1.35227e-57
per-segment maximum non-zero probability:   0.0908809
per-segment probability dynamic range (kT): 128.547
norm = 1, error in norm = -4.44089e-16 (-2*epsilon)
MAB binning in use
Bottleneck bin occupancy may not be accurately reported
Waiting for segments to complete...
Recycled 3.80692e-53 probability (3 walkers) from target state 'unbound'
Iteration completed successfully
Iteration wallclock: 1:02:03.820422, cputime: 10:06:48.965159


Tue Mar 21 20:29:21 2023
Iteration 229 (500 requested)
Beginning iteration 229
287 segments remain in iteration 229 (287 total)
71 of 111 (63.963964%) active bins are populated
per-bin minimum non-zero probability:       1.35227e-57
per-bin maximum probability:                0.976916
per-bin probability dynamic range (kT):     130.922
per-segment minimum non-zero probability:   3.38069e-58
per-segment maximum non-zero probability:   0.0908798
per-segment probability dynamic range (kT): 129.934
norm = 1, error in norm = -5.55112e-16 (-2.5*epsilon)
MAB binning in use
Bottleneck bin occupancy may not be accurately reported
Waiting for segments to complete...
Recycled 1.02787e-52 probability (2 walkers) from target state 'unbound'
Iteration completed successfully
Iteration wallclock: 0:53:57.385673, cputime: 9:05:13.431463


Tue Mar 21 21:23:18 2023
Iteration 230 (500 requested)
Beginning iteration 230
282 segments remain in iteration 230 (282 total)
69 of 111 (62.162162%) active bins are populated
per-bin minimum non-zero probability:       3.38069e-58
per-bin maximum probability:                0.908761
per-bin probability dynamic range (kT):     132.236
per-segment minimum non-zero probability:   8.45171e-59
per-segment maximum non-zero probability:   0.0946619
per-segment probability dynamic range (kT): 131.361
norm = 1, error in norm = -3.33067e-16 (-1.5*epsilon)
MAB binning in use
Bottleneck bin occupancy may not be accurately reported
Waiting for segments to complete...
Recycled 4.82871e-53 probability (4 walkers) from target state 'unbound'
Iteration completed successfully
Iteration wallclock: 0:53:09.959229, cputime: 8:48:52.524627


Tue Mar 21 22:16:28 2023
Iteration 231 (500 requested)
Beginning iteration 231
294 segments remain in iteration 231 (294 total)
71 of 111 (63.963964%) active bins are populated
per-bin minimum non-zero probability:       2.23062e-56
per-bin maximum probability:                0.908757
per-bin probability dynamic range (kT):     128.047
per-segment minimum non-zero probability:   5.57654e-57
per-segment maximum non-zero probability:   0.0946619
per-segment probability dynamic range (kT): 127.171
norm = 1, error in norm = -4.44089e-16 (-2*epsilon)
MAB binning in use
Bottleneck bin occupancy may not be accurately reported
Waiting for segments to complete...
Recycled 7.12475e-54 probability (2 walkers) from target state 'unbound'
Iteration completed successfully
Iteration wallclock: 0:54:56.820290, cputime: 9:14:27.631741


Tue Mar 21 23:11:25 2023
Iteration 232 (500 requested)
Beginning iteration 232
290 segments remain in iteration 232 (290 total)
73 of 111 (65.765766%) active bins are populated
per-bin minimum non-zero probability:       5.57654e-57
per-bin maximum probability:                0.904972
per-bin probability dynamic range (kT):     129.429
per-segment minimum non-zero probability:   1.39414e-57
per-segment maximum non-zero probability:   0.0927709
per-segment probability dynamic range (kT): 128.537
norm = 1, error in norm = -3.33067e-16 (-1.5*epsilon)
MAB binning in use
Bottleneck bin occupancy may not be accurately reported
Waiting for segments to complete...
Recycled 5.01401e-53 probability (7 walkers) from target state 'unbound'
Iteration completed successfully
Iteration wallclock: 0:54:11.176880, cputime: 9:21:11.571197


Wed Mar 22 00:05:36 2023
Iteration 233 (500 requested)
Beginning iteration 233
309 segments remain in iteration 233 (309 total)
76 of 111 (68.468468%) active bins are populated
per-bin minimum non-zero probability:       1.39414e-57
per-bin maximum probability:                0.820489
per-bin probability dynamic range (kT):     130.717
per-segment minimum non-zero probability:   3.48534e-58
per-segment maximum non-zero probability:   0.0921173
per-segment probability dynamic range (kT): 129.917
norm = 1, error in norm = -4.44089e-16 (-2*epsilon)
MAB binning in use
Bottleneck bin occupancy may not be accurately reported
Waiting for segments to complete...
Recycled 9.50408e-54 probability (2 walkers) from target state 'unbound'
Iteration completed successfully
Iteration wallclock: 0:57:41.931323, cputime: 9:47:38.224100


Wed Mar 22 01:03:18 2023
Iteration 234 (500 requested)
Beginning iteration 234
311 segments remain in iteration 234 (311 total)
75 of 111 (67.567568%) active bins are populated
per-bin minimum non-zero probability:       3.48534e-58
per-bin maximum probability:                0.999634
per-bin probability dynamic range (kT):     132.301
per-segment minimum non-zero probability:   8.71335e-59
per-segment maximum non-zero probability:   0.0918525
per-segment probability dynamic range (kT): 131.3
norm = 1, error in norm = -4.44089e-16 (-2*epsilon)
MAB binning in use
Bottleneck bin occupancy may not be accurately reported
Waiting for segments to complete...
Recycled 3.63787e-54 probability (3 walkers) from target state 'unbound'
Iteration completed successfully
Iteration wallclock: 0:57:34.265144, cputime: 9:53:51.902201


Wed Mar 22 02:00:53 2023
Iteration 235 (500 requested)
Beginning iteration 235
335 segments remain in iteration 235 (335 total)
80 of 111 (72.072072%) active bins are populated
per-bin minimum non-zero probability:       8.71335e-59
per-bin maximum probability:                0.999634
per-bin probability dynamic range (kT):     133.687
per-segment minimum non-zero probability:   2.17834e-59
per-segment maximum non-zero probability:   0.0915322
per-segment probability dynamic range (kT): 132.683
norm = 1, error in norm = -4.44089e-16 (-2*epsilon)
MAB binning in use
Bottleneck bin occupancy may not be accurately reported
Waiting for segments to complete...
Recycled 9.57767e-54 probability (6 walkers) from target state 'unbound'
Iteration completed successfully
Iteration wallclock: 1:02:10.231103, cputime: 10:34:25.360534


Wed Mar 22 03:03:03 2023
Iteration 236 (500 requested)
Beginning iteration 236
315 segments remain in iteration 236 (315 total)
76 of 111 (68.468468%) active bins are populated
per-bin minimum non-zero probability:       2.17834e-59
per-bin maximum probability:                0.999634
per-bin probability dynamic range (kT):     135.074
per-segment minimum non-zero probability:   5.44584e-60
per-segment maximum non-zero probability:   0.0912152
per-segment probability dynamic range (kT): 134.066
norm = 1, error in norm = -4.44089e-16 (-2*epsilon)
MAB binning in use
Bottleneck bin occupancy may not be accurately reported
Waiting for segments to complete...
Iteration completed successfully
Iteration wallclock: 0:59:00.370597, cputime: 9:58:10.141271


Wed Mar 22 04:02:03 2023
Iteration 237 (500 requested)
Beginning iteration 237
311 segments remain in iteration 237 (311 total)
75 of 111 (67.567568%) active bins are populated
per-bin minimum non-zero probability:       5.44584e-60
per-bin maximum probability:                0.999634
per-bin probability dynamic range (kT):     136.46
per-segment minimum non-zero probability:   1.36146e-60
per-segment maximum non-zero probability:   0.0910566
per-segment probability dynamic range (kT): 135.45
norm = 1, error in norm = -3.33067e-16 (-1.5*epsilon)
MAB binning in use
Bottleneck bin occupancy may not be accurately reported
Waiting for segments to complete...
Iteration completed successfully
Iteration wallclock: 0:57:21.365722, cputime: 10:01:06.648732


Wed Mar 22 04:59:25 2023
Iteration 238 (500 requested)
Beginning iteration 238
322 segments remain in iteration 238 (322 total)
77 of 111 (69.369369%) active bins are populated
per-bin minimum non-zero probability:       1.36146e-60
per-bin maximum probability:                0.999634
per-bin probability dynamic range (kT):     137.846
per-segment minimum non-zero probability:   3.40365e-61
per-segment maximum non-zero probability:   0.0910566
per-segment probability dynamic range (kT): 136.837
norm = 1, error in norm = -3.33067e-16 (-1.5*epsilon)
MAB binning in use
Bottleneck bin occupancy may not be accurately reported
Waiting for segments to complete...
Recycled 1.11429e-54 probability (2 walkers) from target state 'unbound'
Iteration completed successfully
Iteration wallclock: 1:00:06.287083, cputime: 10:13:09.791866


Wed Mar 22 05:59:31 2023
Iteration 239 (500 requested)
Beginning iteration 239
343 segments remain in iteration 239 (343 total)
83 of 111 (74.774775%) active bins are populated
per-bin minimum non-zero probability:       3.40365e-61
per-bin maximum probability:                0.999634
per-bin probability dynamic range (kT):     139.232
per-segment minimum non-zero probability:   8.50913e-62
per-segment maximum non-zero probability:   0.0909682
per-segment probability dynamic range (kT): 138.222
norm = 1, error in norm = -3.33067e-16 (-1.5*epsilon)
MAB binning in use
Bottleneck bin occupancy may not be accurately reported
Waiting for segments to complete...
Recycled 1.29698e-54 probability (3 walkers) from target state 'unbound'
Iteration completed successfully
Iteration wallclock: 1:03:24.853386, cputime: 10:57:06.517666


Wed Mar 22 07:02:56 2023
Iteration 240 (500 requested)
Beginning iteration 240
339 segments remain in iteration 240 (339 total)
82 of 111 (73.873874%) active bins are populated
per-bin minimum non-zero probability:       8.50913e-62
per-bin maximum probability:                0.999634
per-bin probability dynamic range (kT):     140.619
per-segment minimum non-zero probability:   2.12728e-62
per-segment maximum non-zero probability:   0.0909252
per-segment probability dynamic range (kT): 139.608
norm = 1, error in norm = -3.33067e-16 (-1.5*epsilon)
MAB binning in use
Bottleneck bin occupancy may not be accurately reported
Waiting for segments to complete...
Recycled 3.62812e-55 probability (5 walkers) from target state 'unbound'
Iteration completed successfully
Iteration wallclock: 1:03:12.807462, cputime: 10:51:00.275220


Wed Mar 22 08:06:09 2023
Iteration 241 (500 requested)
Beginning iteration 241
347 segments remain in iteration 241 (347 total)
84 of 111 (75.675676%) active bins are populated
per-bin minimum non-zero probability:       2.12728e-62
per-bin maximum probability:                0.999634
per-bin probability dynamic range (kT):     142.005
per-segment minimum non-zero probability:   5.3182e-63
per-segment maximum non-zero probability:   0.0909038
per-segment probability dynamic range (kT): 140.994
norm = 1, error in norm = -5.55112e-16 (-2.5*epsilon)
MAB binning in use
Bottleneck bin occupancy may not be accurately reported
Waiting for segments to complete...
Recycled 2.46298e-54 probability (8 walkers) from target state 'unbound'
Iteration completed successfully
Iteration wallclock: 1:04:49.774214, cputime: 10:57:16.791160


Wed Mar 22 09:10:58 2023
Iteration 242 (500 requested)
Beginning iteration 242
330 segments remain in iteration 242 (330 total)
81 of 111 (72.972973%) active bins are populated
per-bin minimum non-zero probability:       5.3182e-63
per-bin maximum probability:                0.727004
per-bin probability dynamic range (kT):     143.073
per-segment minimum non-zero probability:   1.32955e-63
per-segment maximum non-zero probability:   0.0909038
per-segment probability dynamic range (kT): 142.38
norm = 1, error in norm = -4.44089e-16 (-2*epsilon)
MAB binning in use
Bottleneck bin occupancy may not be accurately reported
Waiting for segments to complete...
Recycled 1.81459e-55 probability (5 walkers) from target state 'unbound'
Iteration completed successfully
Iteration wallclock: 1:02:02.318728, cputime: 10:26:34.539216


Wed Mar 22 10:13:01 2023
Iteration 243 (500 requested)
Beginning iteration 243
339 segments remain in iteration 243 (339 total)
81 of 111 (72.972973%) active bins are populated
per-bin minimum non-zero probability:       1.32955e-63
per-bin maximum probability:                0.999634
per-bin probability dynamic range (kT):     144.778
per-segment minimum non-zero probability:   3.32388e-64
per-segment maximum non-zero probability:   0.0908905
per-segment probability dynamic range (kT): 143.766
norm = 1, error in norm = -2.22045e-16 (-1*epsilon)
MAB binning in use
Bottleneck bin occupancy may not be accurately reported
Waiting for segments to complete...
Recycled 5.94623e-55 probability (4 walkers) from target state 'unbound'
Iteration completed successfully
Iteration wallclock: 1:03:32.052385, cputime: 10:54:17.076075


Wed Mar 22 11:16:33 2023
Iteration 244 (500 requested)
Beginning iteration 244
327 segments remain in iteration 244 (327 total)
81 of 111 (72.972973%) active bins are populated
per-bin minimum non-zero probability:       3.32388e-64
per-bin maximum probability:                0.999634
per-bin probability dynamic range (kT):     146.164
per-segment minimum non-zero probability:   8.30969e-65
per-segment maximum non-zero probability:   0.0908834
per-segment probability dynamic range (kT): 145.152
norm = 1, error in norm = -4.44089e-16 (-2*epsilon)
MAB binning in use
Bottleneck bin occupancy may not be accurately reported
Waiting for segments to complete...
Recycled 1.1315e-56 probability (1 walkers) from target state 'unbound'
Iteration completed successfully
Iteration wallclock: 1:02:54.997612, cputime: 10:23:08.682874


Wed Mar 22 12:19:28 2023
Iteration 245 (500 requested)
Beginning iteration 245
319 segments remain in iteration 245 (319 total)
75 of 111 (67.567568%) active bins are populated
per-bin minimum non-zero probability:       8.30969e-65
per-bin maximum probability:                0.999634
per-bin probability dynamic range (kT):     147.55
per-segment minimum non-zero probability:   2.07742e-65
per-segment maximum non-zero probability:   0.0908797
per-segment probability dynamic range (kT): 146.539
norm = 1, error in norm = -2.22045e-16 (-1*epsilon)
MAB binning in use
Bottleneck bin occupancy may not be accurately reported
Waiting for segments to complete...
Recycled 1.94697e-52 probability (6 walkers) from target state 'unbound'
Iteration completed successfully
Iteration wallclock: 0:59:47.921888, cputime: 10:13:18.725794


Wed Mar 22 13:19:16 2023
Iteration 246 (500 requested)
Beginning iteration 246
323 segments remain in iteration 246 (323 total)
79 of 111 (71.171171%) active bins are populated
per-bin minimum non-zero probability:       2.07742e-65
per-bin maximum probability:                0.999634
per-bin probability dynamic range (kT):     148.937
per-segment minimum non-zero probability:   5.19356e-66
per-segment maximum non-zero probability:   0.0908778
per-segment probability dynamic range (kT): 147.925
norm = 1, error in norm = -3.33067e-16 (-1.5*epsilon)
MAB binning in use
Bottleneck bin occupancy may not be accurately reported
Waiting for segments to complete...
Recycled 4.85021e-53 probability (3 walkers) from target state 'unbound'
Iteration completed successfully
Iteration wallclock: 1:00:20.717298, cputime: 10:21:24.148376


Wed Mar 22 14:19:36 2023
Iteration 247 (500 requested)
Beginning iteration 247
350 segments remain in iteration 247 (350 total)
86 of 111 (77.477477%) active bins are populated
per-bin minimum non-zero probability:       5.19356e-66
per-bin maximum probability:                0.908824
per-bin probability dynamic range (kT):     150.228
per-segment minimum non-zero probability:   1.29839e-66
per-segment maximum non-zero probability:   0.0909069
per-segment probability dynamic range (kT): 149.312
norm = 1, error in norm = -2.22045e-16 (-1*epsilon)
MAB binning in use
Bottleneck bin occupancy may not be accurately reported
Waiting for segments to complete...
Recycled 1.21209e-53 probability (1 walkers) from target state 'unbound'
Iteration completed successfully
Iteration wallclock: 1:05:11.769923, cputime: 11:05:25.882215


Wed Mar 22 15:24:48 2023
Iteration 248 (500 requested)
Beginning iteration 248
335 segments remain in iteration 248 (335 total)
82 of 111 (73.873874%) active bins are populated
per-bin minimum non-zero probability:       1.29839e-66
per-bin maximum probability:                0.817945
per-bin probability dynamic range (kT):     151.509
per-segment minimum non-zero probability:   3.24597e-67
per-segment maximum non-zero probability:   0.0908924
per-segment probability dynamic range (kT): 150.698
norm = 1, error in norm = -5.55112e-16 (-2.5*epsilon)
MAB binning in use
Bottleneck bin occupancy may not be accurately reported
Waiting for segments to complete...
Recycled 3.93935e-53 probability (4 walkers) from target state 'unbound'
Iteration completed successfully
Iteration wallclock: 1:02:22.294927, cputime: 10:44:54.183808


Wed Mar 22 16:27:10 2023
Iteration 249 (500 requested)
Beginning iteration 249
346 segments remain in iteration 249 (346 total)
85 of 111 (76.576577%) active bins are populated
per-bin minimum non-zero probability:       3.24597e-67
per-bin maximum probability:                0.999699
per-bin probability dynamic range (kT):     153.095
per-segment minimum non-zero probability:   8.11493e-68
per-segment maximum non-zero probability:   0.0908891
per-segment probability dynamic range (kT): 152.084
norm = 1, error in norm = -4.44089e-16 (-2*epsilon)
MAB binning in use
Bottleneck bin occupancy may not be accurately reported
Waiting for segments to complete...
Recycled 6.76854e-53 probability (3 walkers) from target state 'unbound'
Iteration completed successfully
Iteration wallclock: 1:05:01.817161, cputime: 11:02:31.182587


Wed Mar 22 17:32:12 2023
Iteration 250 (500 requested)
Beginning iteration 250
343 segments remain in iteration 250 (343 total)
82 of 111 (73.873874%) active bins are populated
per-bin minimum non-zero probability:       1.00938e-60
per-bin maximum probability:                0.636183
per-bin probability dynamic range (kT):     137.694
per-segment minimum non-zero probability:   2.52344e-61
per-segment maximum non-zero probability:   0.0908875
per-segment probability dynamic range (kT): 137.134
norm = 1, error in norm = -3.33067e-16 (-1.5*epsilon)
MAB binning in use
Bottleneck bin occupancy may not be accurately reported
Waiting for segments to complete...
Iteration completed successfully
Iteration wallclock: 1:04:13.586047, cputime: 11:00:38.468780


Wed Mar 22 18:36:26 2023
Iteration 251 (500 requested)
Beginning iteration 251
347 segments remain in iteration 251 (347 total)
85 of 111 (76.576577%) active bins are populated
per-bin minimum non-zero probability:       2.52344e-61
per-bin maximum probability:                0.999699
per-bin probability dynamic range (kT):     139.532
per-segment minimum non-zero probability:   6.3086e-62
per-segment maximum non-zero probability:   0.0908857
per-segment probability dynamic range (kT): 138.52
norm = 1, error in norm = -3.33067e-16 (-1.5*epsilon)
MAB binning in use
Bottleneck bin occupancy may not be accurately reported
Waiting for segments to complete...
Recycled 3.63662e-53 probability (4 walkers) from target state 'unbound'
Iteration completed successfully
Iteration wallclock: 1:05:21.803135, cputime: 11:00:17.922503


Wed Mar 22 19:41:48 2023
Iteration 252 (500 requested)
Beginning iteration 252
339 segments remain in iteration 252 (339 total)
82 of 111 (73.873874%) active bins are populated
per-bin minimum non-zero probability:       6.3086e-62
per-bin maximum probability:                0.999699
per-bin probability dynamic range (kT):     140.918
per-segment minimum non-zero probability:   1.57715e-62
per-segment maximum non-zero probability:   0.0908839
per-segment probability dynamic range (kT): 139.906
norm = 1, error in norm = -3.33067e-16 (-1.5*epsilon)
MAB binning in use
Bottleneck bin occupancy may not be accurately reported
Waiting for segments to complete...
Recycled 2.02017e-53 probability (4 walkers) from target state 'unbound'
Iteration completed successfully
Iteration wallclock: 1:03:47.244289, cputime: 10:54:58.534290


Wed Mar 22 20:45:35 2023
Iteration 253 (500 requested)
Beginning iteration 253
351 segments remain in iteration 253 (351 total)
85 of 111 (76.576577%) active bins are populated
per-bin minimum non-zero probability:       1.57715e-62
per-bin maximum probability:                0.999699
per-bin probability dynamic range (kT):     142.304
per-segment minimum non-zero probability:   3.94287e-63
per-segment maximum non-zero probability:   0.0908829
per-segment probability dynamic range (kT): 141.293
norm = 1, error in norm = -3.33067e-16 (-1.5*epsilon)
MAB binning in use
Bottleneck bin occupancy may not be accurately reported
Waiting for segments to complete...
Recycled 2.46897e-53 probability (7 walkers) from target state 'unbound'
Iteration completed successfully
Iteration wallclock: 1:06:26.466831, cputime: 11:05:20.828151


Wed Mar 22 21:52:01 2023
Iteration 254 (500 requested)
Beginning iteration 254
355 segments remain in iteration 254 (355 total)
86 of 111 (77.477477%) active bins are populated
per-bin minimum non-zero probability:       3.94287e-63
per-bin maximum probability:                0.999699
per-bin probability dynamic range (kT):     143.691
per-segment minimum non-zero probability:   9.85718e-64
per-segment maximum non-zero probability:   0.0908823
per-segment probability dynamic range (kT): 142.679
norm = 1, error in norm = -2.22045e-16 (-1*epsilon)
MAB binning in use
Bottleneck bin occupancy may not be accurately reported
Waiting for segments to complete...
Recycled 3.79216e-54 probability (2 walkers) from target state 'unbound'
Iteration completed successfully
Iteration wallclock: 1:07:41.624759, cputime: 11:07:28.426553


Wed Mar 22 22:59:43 2023
Iteration 255 (500 requested)
Beginning iteration 255
339 segments remain in iteration 255 (339 total)
79 of 111 (71.171171%) active bins are populated
per-bin minimum non-zero probability:       9.85718e-64
per-bin maximum probability:                0.999699
per-bin probability dynamic range (kT):     145.077
per-segment minimum non-zero probability:   2.4643e-64
per-segment maximum non-zero probability:   0.090882
per-segment probability dynamic range (kT): 144.065
norm = 1, error in norm = -3.33067e-16 (-1.5*epsilon)
MAB binning in use
Bottleneck bin occupancy may not be accurately reported
Waiting for segments to complete...
Recycled 1.69672e-55 probability (2 walkers) from target state 'unbound'
Iteration completed successfully
Iteration wallclock: 1:03:45.212230, cputime: 10:47:27.327102


Thu Mar 23 00:03:28 2023
Iteration 256 (500 requested)
Beginning iteration 256
347 segments remain in iteration 256 (347 total)
85 of 111 (76.576577%) active bins are populated
per-bin minimum non-zero probability:       2.4643e-64
per-bin maximum probability:                0.999699
per-bin probability dynamic range (kT):     146.463
per-segment minimum non-zero probability:   6.16074e-65
per-segment maximum non-zero probability:   0.0908818
per-segment probability dynamic range (kT): 145.452
norm = 1, error in norm = -3.33067e-16 (-1.5*epsilon)
MAB binning in use
Bottleneck bin occupancy may not be accurately reported
Waiting for segments to complete...
Recycled 1.49934e-55 probability (2 walkers) from target state 'unbound'
Iteration completed successfully
Iteration wallclock: 1:05:08.814095, cputime: 11:03:21.335796


Thu Mar 23 01:08:37 2023
Iteration 257 (500 requested)
Beginning iteration 257
355 segments remain in iteration 257 (355 total)
87 of 111 (78.378378%) active bins are populated
per-bin minimum non-zero probability:       6.16074e-65
per-bin maximum probability:                0.999699
per-bin probability dynamic range (kT):     147.85
per-segment minimum non-zero probability:   1.54018e-65
per-segment maximum non-zero probability:   0.0908818
per-segment probability dynamic range (kT): 146.838
norm = 1, error in norm = -2.22045e-16 (-1*epsilon)
MAB binning in use
Bottleneck bin occupancy may not be accurately reported
Waiting for segments to complete...
Recycled 5.54696e-55 probability (3 walkers) from target state 'unbound'
Iteration completed successfully
Iteration wallclock: 1:06:18.404021, cputime: 11:10:39.035954


Thu Mar 23 02:14:55 2023
Iteration 258 (500 requested)
Beginning iteration 258
343 segments remain in iteration 258 (343 total)
85 of 111 (76.576577%) active bins are populated
per-bin minimum non-zero probability:       1.54018e-65
per-bin maximum probability:                0.999699
per-bin probability dynamic range (kT):     149.236
per-segment minimum non-zero probability:   3.85046e-66
per-segment maximum non-zero probability:   0.0908817
per-segment probability dynamic range (kT): 148.224
norm = 1, error in norm = 0 (0*epsilon)
MAB binning in use
Bottleneck bin occupancy may not be accurately reported
Waiting for segments to complete...
Recycled 3.30786e-55 probability (4 walkers) from target state 'unbound'
Iteration completed successfully
Iteration wallclock: 1:03:31.797416, cputime: 10:57:45.220279


Thu Mar 23 03:18:27 2023
Iteration 259 (500 requested)
Beginning iteration 259
347 segments remain in iteration 259 (347 total)
85 of 111 (76.576577%) active bins are populated
per-bin minimum non-zero probability:       3.85046e-66
per-bin maximum probability:                0.999699
per-bin probability dynamic range (kT):     150.622
per-segment minimum non-zero probability:   9.62615e-67
per-segment maximum non-zero probability:   0.0908817
per-segment probability dynamic range (kT): 149.611
norm = 1, error in norm = -2.22045e-16 (-1*epsilon)
MAB binning in use
Bottleneck bin occupancy may not be accurately reported
Waiting for segments to complete...
Recycled 6.90351e-55 probability (4 walkers) from target state 'unbound'
Iteration completed successfully
Iteration wallclock: 1:04:43.767805, cputime: 11:04:57.352272


Thu Mar 23 04:23:11 2023
Iteration 260 (500 requested)
Beginning iteration 260
347 segments remain in iteration 260 (347 total)
81 of 111 (72.972973%) active bins are populated
per-bin minimum non-zero probability:       9.62615e-67
per-bin maximum probability:                0.999699
per-bin probability dynamic range (kT):     152.008
per-segment minimum non-zero probability:   2.40654e-67
per-segment maximum non-zero probability:   0.0908817
per-segment probability dynamic range (kT): 150.997
norm = 1, error in norm = -3.33067e-16 (-1.5*epsilon)
MAB binning in use
Bottleneck bin occupancy may not be accurately reported
Waiting for segments to complete...
Recycled 3.5447e-55 probability (3 walkers) from target state 'unbound'
Iteration completed successfully
Iteration wallclock: 1:05:10.322253, cputime: 10:51:29.144127


Thu Mar 23 05:28:21 2023
Iteration 261 (500 requested)
Beginning iteration 261
343 segments remain in iteration 261 (343 total)
84 of 111 (75.675676%) active bins are populated
per-bin minimum non-zero probability:       2.40654e-67
per-bin maximum probability:                0.999699
per-bin probability dynamic range (kT):     153.395
per-segment minimum non-zero probability:   6.01635e-68
per-segment maximum non-zero probability:   0.0908817
per-segment probability dynamic range (kT): 152.383
norm = 1, error in norm = -2.22045e-16 (-1*epsilon)
MAB binning in use
Bottleneck bin occupancy may not be accurately reported
Waiting for segments to complete...
Recycled 6.47089e-55 probability (2 walkers) from target state 'unbound'
Iteration completed successfully
Iteration wallclock: 1:04:02.367676, cputime: 10:54:35.332999


Thu Mar 23 06:32:24 2023
Iteration 262 (500 requested)
Beginning iteration 262
347 segments remain in iteration 262 (347 total)
85 of 111 (76.576577%) active bins are populated
per-bin minimum non-zero probability:       6.01635e-68
per-bin maximum probability:                0.999699
per-bin probability dynamic range (kT):     154.781
per-segment minimum non-zero probability:   1.50409e-68
per-segment maximum non-zero probability:   0.0908817
per-segment probability dynamic range (kT): 153.769
norm = 1, error in norm = -2.22045e-16 (-1*epsilon)
MAB binning in use
Bottleneck bin occupancy may not be accurately reported
Waiting for segments to complete...
Recycled 5.65155e-55 probability (2 walkers) from target state 'unbound'
Iteration completed successfully
Iteration wallclock: 1:08:56.014191, cputime: 10:56:10.827307


Thu Mar 23 07:41:20 2023
Iteration 263 (500 requested)
Beginning iteration 263
359 segments remain in iteration 263 (359 total)
87 of 111 (78.378378%) active bins are populated
per-bin minimum non-zero probability:       1.50409e-68
per-bin maximum probability:                0.999699
per-bin probability dynamic range (kT):     156.167
per-segment minimum non-zero probability:   3.76022e-69
per-segment maximum non-zero probability:   0.0908817
per-segment probability dynamic range (kT): 155.156
norm = 1, error in norm = -3.33067e-16 (-1.5*epsilon)
MAB binning in use
Bottleneck bin occupancy may not be accurately reported
Waiting for segments to complete...
Recycled 8.45979e-58 probability (1 walkers) from target state 'unbound'
Iteration completed successfully
Iteration wallclock: 1:11:26.248144, cputime: 11:35:40.518114


Thu Mar 23 08:52:46 2023
Iteration 264 (500 requested)
Beginning iteration 264
351 segments remain in iteration 264 (351 total)
85 of 111 (76.576577%) active bins are populated
per-bin minimum non-zero probability:       3.76022e-69
per-bin maximum probability:                0.999699
per-bin probability dynamic range (kT):     157.554
per-segment minimum non-zero probability:   9.40054e-70
per-segment maximum non-zero probability:   0.0908817
per-segment probability dynamic range (kT): 156.542
norm = 1, error in norm = -1.11022e-16 (-0.5*epsilon)
MAB binning in use
Bottleneck bin occupancy may not be accurately reported
Waiting for segments to complete...
Recycled 2.29472e-55 probability (5 walkers) from target state 'unbound'
Iteration completed successfully
Iteration wallclock: 1:06:43.502324, cputime: 10:58:53.216982


Thu Mar 23 09:59:30 2023
Iteration 265 (500 requested)
Beginning iteration 265
363 segments remain in iteration 265 (363 total)
90 of 111 (81.081081%) active bins are populated
per-bin minimum non-zero probability:       9.40054e-70
per-bin maximum probability:                0.817935
per-bin probability dynamic range (kT):     158.739
per-segment minimum non-zero probability:   2.35014e-70
per-segment maximum non-zero probability:   0.0908817
per-segment probability dynamic range (kT): 157.928
norm = 1, error in norm = -2.22045e-16 (-1*epsilon)
MAB binning in use
Bottleneck bin occupancy may not be accurately reported
Waiting for segments to complete...
Recycled 3.15978e-55 probability (2 walkers) from target state 'unbound'
Iteration completed successfully
Iteration wallclock: 1:07:52.256462, cputime: 11:30:55.695712


Thu Mar 23 11:07:22 2023
Iteration 266 (500 requested)
Beginning iteration 266
363 segments remain in iteration 266 (363 total)
88 of 111 (79.279279%) active bins are populated
per-bin minimum non-zero probability:       2.35014e-70
per-bin maximum probability:                0.999699
per-bin probability dynamic range (kT):     160.326
per-segment minimum non-zero probability:   5.87534e-71
per-segment maximum non-zero probability:   0.0908817
per-segment probability dynamic range (kT): 159.315
norm = 1, error in norm = -2.22045e-16 (-1*epsilon)
MAB binning in use
Bottleneck bin occupancy may not be accurately reported
Waiting for segments to complete...
Recycled 7.93106e-59 probability (4 walkers) from target state 'unbound'
Iteration completed successfully
Iteration wallclock: 1:07:49.000360, cputime: 11:29:41.176067


Thu Mar 23 12:15:11 2023
Iteration 267 (500 requested)
Beginning iteration 267
351 segments remain in iteration 267 (351 total)
88 of 111 (79.279279%) active bins are populated
per-bin minimum non-zero probability:       5.87534e-71
per-bin maximum probability:                0.999699
per-bin probability dynamic range (kT):     161.712
per-segment minimum non-zero probability:   1.46883e-71
per-segment maximum non-zero probability:   0.0908817
per-segment probability dynamic range (kT): 160.701
norm = 1, error in norm = -3.33067e-16 (-1.5*epsilon)
MAB binning in use
Bottleneck bin occupancy may not be accurately reported
Waiting for segments to complete...
Recycled 4.45231e-56 probability (3 walkers) from target state 'unbound'
Iteration completed successfully
Iteration wallclock: 1:05:47.413224, cputime: 11:01:02.214779


Thu Mar 23 13:20:58 2023
Iteration 268 (500 requested)
Beginning iteration 268
343 segments remain in iteration 268 (343 total)
84 of 111 (75.675676%) active bins are populated
per-bin minimum non-zero probability:       1.46883e-71
per-bin maximum probability:                0.999699
per-bin probability dynamic range (kT):     163.099
per-segment minimum non-zero probability:   3.67209e-72
per-segment maximum non-zero probability:   0.0908817
per-segment probability dynamic range (kT): 162.087
norm = 1, error in norm = -1.11022e-16 (-0.5*epsilon)
MAB binning in use
Bottleneck bin occupancy may not be accurately reported
Waiting for segments to complete...
Recycled 2.22379e-56 probability (8 walkers) from target state 'unbound'
Iteration completed successfully
Iteration wallclock: 1:04:33.636458, cputime: 10:39:44.906825


Thu Mar 23 14:25:32 2023
Iteration 269 (500 requested)
Beginning iteration 269
355 segments remain in iteration 269 (355 total)
86 of 111 (77.477477%) active bins are populated
per-bin minimum non-zero probability:       3.67209e-72
per-bin maximum probability:                0.999699
per-bin probability dynamic range (kT):     164.485
per-segment minimum non-zero probability:   9.18022e-73
per-segment maximum non-zero probability:   0.0908817
per-segment probability dynamic range (kT): 163.473
norm = 1, error in norm = 0 (0*epsilon)
MAB binning in use
Bottleneck bin occupancy may not be accurately reported
Waiting for segments to complete...
Recycled 4.13076e-61 probability (2 walkers) from target state 'unbound'
Iteration completed successfully
Iteration wallclock: 1:07:00.966320, cputime: 11:03:25.490412


Thu Mar 23 15:32:33 2023
Iteration 270 (500 requested)
Beginning iteration 270
359 segments remain in iteration 270 (359 total)
87 of 111 (78.378378%) active bins are populated
per-bin minimum non-zero probability:       9.18022e-73
per-bin maximum probability:                0.999699
per-bin probability dynamic range (kT):     165.871
per-segment minimum non-zero probability:   2.29505e-73
per-segment maximum non-zero probability:   0.0908817
per-segment probability dynamic range (kT): 164.86
norm = 1, error in norm = -2.22045e-16 (-1*epsilon)
MAB binning in use
Bottleneck bin occupancy may not be accurately reported
Waiting for segments to complete...
Recycled 6.98794e-51 probability (5 walkers) from target state 'unbound'
Iteration completed successfully
Iteration wallclock: 1:07:40.193750, cputime: 11:19:49.218794


Thu Mar 23 16:40:13 2023
Iteration 271 (500 requested)
Beginning iteration 271
351 segments remain in iteration 271 (351 total)
86 of 111 (77.477477%) active bins are populated
per-bin minimum non-zero probability:       2.29505e-73
per-bin maximum probability:                0.999699
per-bin probability dynamic range (kT):     167.258
per-segment minimum non-zero probability:   5.73763e-74
per-segment maximum non-zero probability:   0.0908817
per-segment probability dynamic range (kT): 166.246
norm = 1, error in norm = -2.22045e-16 (-1*epsilon)
MAB binning in use
Bottleneck bin occupancy may not be accurately reported
Waiting for segments to complete...
Recycled 8.73493e-52 probability (6 walkers) from target state 'unbound'
Iteration completed successfully
Iteration wallclock: 1:09:36.784780, cputime: 10:55:36.402296


Thu Mar 23 17:49:50 2023
Iteration 272 (500 requested)
Beginning iteration 272
362 segments remain in iteration 272 (362 total)
90 of 111 (81.081081%) active bins are populated
per-bin minimum non-zero probability:       2.36603e-71
per-bin maximum probability:                0.908817
per-bin probability dynamic range (kT):     162.527
per-segment minimum non-zero probability:   5.91508e-72
per-segment maximum non-zero probability:   0.0908817
per-segment probability dynamic range (kT): 161.61
norm = 1, error in norm = -1.11022e-16 (-0.5*epsilon)
MAB binning in use
Bottleneck bin occupancy may not be accurately reported
Waiting for segments to complete...
Recycled 1.61358e-62 probability (5 walkers) from target state 'unbound'
Iteration completed successfully
Iteration wallclock: 1:11:17.363021, cputime: 11:41:41.678707


Thu Mar 23 19:01:07 2023
Iteration 273 (500 requested)
Beginning iteration 273
347 segments remain in iteration 273 (347 total)
85 of 111 (76.576577%) active bins are populated
per-bin minimum non-zero probability:       5.91508e-72
per-bin maximum probability:                0.999735
per-bin probability dynamic range (kT):     164.008
per-segment minimum non-zero probability:   1.47877e-72
per-segment maximum non-zero probability:   0.0909
per-segment probability dynamic range (kT): 162.997
norm = 1, error in norm = -1.11022e-16 (-0.5*epsilon)
MAB binning in use
Bottleneck bin occupancy may not be accurately reported
Waiting for segments to complete...
Recycled 1.61358e-63 probability (2 walkers) from target state 'unbound'
Iteration completed successfully
Iteration wallclock: 1:05:43.334341, cputime: 11:00:11.892717


Thu Mar 23 20:06:51 2023
Iteration 274 (500 requested)
Beginning iteration 274
358 segments remain in iteration 274 (358 total)
87 of 111 (78.378378%) active bins are populated
per-bin minimum non-zero probability:       1.47877e-72
per-bin maximum probability:                0.908853
per-bin probability dynamic range (kT):     165.299
per-segment minimum non-zero probability:   3.69692e-73
per-segment maximum non-zero probability:   0.0909
per-segment probability dynamic range (kT): 164.383
norm = 1, error in norm = 0 (0*epsilon)
MAB binning in use
Bottleneck bin occupancy may not be accurately reported
Waiting for segments to complete...
Recycled 8.73493e-52 probability (5 walkers) from target state 'unbound'
Iteration completed successfully
Iteration wallclock: 1:12:41.086103, cputime: 11:19:49.859480


Thu Mar 23 21:19:33 2023
Iteration 275 (500 requested)
Beginning iteration 275
351 segments remain in iteration 275 (351 total)
86 of 111 (77.477477%) active bins are populated
per-bin minimum non-zero probability:       2.94923e-67
per-bin maximum probability:                0.999735
per-bin probability dynamic range (kT):     153.191
per-segment minimum non-zero probability:   7.37307e-68
per-segment maximum non-zero probability:   0.0908908
per-segment probability dynamic range (kT): 152.18
norm = 1, error in norm = -1.11022e-16 (-0.5*epsilon)
MAB binning in use
Bottleneck bin occupancy may not be accurately reported
Waiting for segments to complete...
Recycled 1.51273e-64 probability (3 walkers) from target state 'unbound'
Iteration completed successfully
Iteration wallclock: 1:07:14.446305, cputime: 11:15:15.436026


Thu Mar 23 22:26:47 2023
Iteration 276 (500 requested)
Beginning iteration 276
355 segments remain in iteration 276 (355 total)
87 of 111 (78.378378%) active bins are populated
per-bin minimum non-zero probability:       7.37307e-68
per-bin maximum probability:                0.999735
per-bin probability dynamic range (kT):     154.578
per-segment minimum non-zero probability:   1.84327e-68
per-segment maximum non-zero probability:   0.0908893
per-segment probability dynamic range (kT): 153.566
norm = 1, error in norm = 0 (0*epsilon)
MAB binning in use
Bottleneck bin occupancy may not be accurately reported
Waiting for segments to complete...
Recycled 7.08963e-61 probability (1 walkers) from target state 'unbound'
Iteration completed successfully
Iteration wallclock: 1:06:25.612722, cputime: 11:12:02.404642


Thu Mar 23 23:33:13 2023
Iteration 277 (500 requested)
Beginning iteration 277
359 segments remain in iteration 277 (359 total)
87 of 111 (78.378378%) active bins are populated
per-bin minimum non-zero probability:       1.84327e-68
per-bin maximum probability:                0.999735
per-bin probability dynamic range (kT):     155.964
per-segment minimum non-zero probability:   4.60817e-69
per-segment maximum non-zero probability:   0.0908886
per-segment probability dynamic range (kT): 154.952
norm = 1, error in norm = 0 (0*epsilon)
MAB binning in use
Bottleneck bin occupancy may not be accurately reported
Waiting for segments to complete...
Recycled 4.47781e-50 probability (3 walkers) from target state 'unbound'
Iteration completed successfully
Iteration wallclock: 1:06:29.997010, cputime: 11:13:22.537048


Fri Mar 24 00:39:43 2023
Iteration 278 (500 requested)
Beginning iteration 278
354 segments remain in iteration 278 (354 total)
87 of 111 (78.378378%) active bins are populated
per-bin minimum non-zero probability:       4.60817e-69
per-bin maximum probability:                0.908849
per-bin probability dynamic range (kT):     157.255
per-segment minimum non-zero probability:   1.15204e-69
per-segment maximum non-zero probability:   0.0908886
per-segment probability dynamic range (kT): 156.339
norm = 1, error in norm = -2.22045e-16 (-1*epsilon)
MAB binning in use
Bottleneck bin occupancy may not be accurately reported
Waiting for segments to complete...
Recycled 1.57576e-66 probability (2 walkers) from target state 'unbound'
Iteration completed successfully
Iteration wallclock: 1:06:23.135370, cputime: 11:15:28.426564


Fri Mar 24 01:46:06 2023
Iteration 279 (500 requested)
Beginning iteration 279
347 segments remain in iteration 279 (347 total)
84 of 111 (75.675676%) active bins are populated
per-bin minimum non-zero probability:       7.8788e-67
per-bin maximum probability:                0.999735
per-bin probability dynamic range (kT):     152.209
per-segment minimum non-zero probability:   1.9697e-67
per-segment maximum non-zero probability:   0.0908869
per-segment probability dynamic range (kT): 151.197
norm = 1, error in norm = -2.22045e-16 (-1*epsilon)
MAB binning in use
Bottleneck bin occupancy may not be accurately reported
Waiting for segments to complete...
Recycled 6.57525e-57 probability (5 walkers) from target state 'unbound'
Iteration completed successfully
Iteration wallclock: 1:04:40.165640, cputime: 11:09:25.230648


Fri Mar 24 02:50:46 2023
Iteration 280 (500 requested)
Beginning iteration 280
363 segments remain in iteration 280 (363 total)
88 of 111 (79.279279%) active bins are populated
per-bin minimum non-zero probability:       1.9697e-67
per-bin maximum probability:                0.734653
per-bin probability dynamic range (kT):     153.287
per-segment minimum non-zero probability:   4.92425e-68
per-segment maximum non-zero probability:   0.0918327
per-segment probability dynamic range (kT): 152.594
norm = 1, error in norm = 0 (0*epsilon)
MAB binning in use
Bottleneck bin occupancy may not be accurately reported
Waiting for segments to complete...
Recycled 8.9929e-51 probability (2 walkers) from target state 'unbound'
Iteration completed successfully
Iteration wallclock: 1:07:50.679180, cputime: 11:36:31.945455


Fri Mar 24 03:58:37 2023
Iteration 281 (500 requested)
Beginning iteration 281
359 segments remain in iteration 281 (359 total)
87 of 111 (78.378378%) active bins are populated
per-bin minimum non-zero probability:       4.92425e-68
per-bin maximum probability:                0.999735
per-bin probability dynamic range (kT):     154.981
per-segment minimum non-zero probability:   1.23106e-68
per-segment maximum non-zero probability:   0.0913593
per-segment probability dynamic range (kT): 153.975
norm = 1, error in norm = -1.11022e-16 (-0.5*epsilon)
MAB binning in use
Bottleneck bin occupancy may not be accurately reported
Waiting for segments to complete...
Iteration completed successfully
Iteration wallclock: 1:11:22.813500, cputime: 11:27:21.261502


Fri Mar 24 05:09:59 2023
Iteration 282 (500 requested)
Beginning iteration 282
339 segments remain in iteration 282 (339 total)
81 of 111 (72.972973%) active bins are populated
per-bin minimum non-zero probability:       1.23106e-68
per-bin maximum probability:                0.999735
per-bin probability dynamic range (kT):     156.368
per-segment minimum non-zero probability:   3.07766e-69
per-segment maximum non-zero probability:   0.0912802
per-segment probability dynamic range (kT): 155.36
norm = 1, error in norm = 0 (0*epsilon)
MAB binning in use
Bottleneck bin occupancy may not be accurately reported
Waiting for segments to complete...
Recycled 2.25175e-50 probability (3 walkers) from target state 'unbound'
Iteration completed successfully
Iteration wallclock: 1:04:55.119998, cputime: 10:43:59.264210


Fri Mar 24 06:14:55 2023
Iteration 283 (500 requested)
Beginning iteration 283
351 segments remain in iteration 283 (351 total)
86 of 111 (77.477477%) active bins are populated
per-bin minimum non-zero probability:       3.07766e-69
per-bin maximum probability:                0.999735
per-bin probability dynamic range (kT):     157.754
per-segment minimum non-zero probability:   7.69414e-70
per-segment maximum non-zero probability:   0.0911614
per-segment probability dynamic range (kT): 156.745
norm = 1, error in norm = -1.11022e-16 (-0.5*epsilon)
MAB binning in use
Bottleneck bin occupancy may not be accurately reported
Waiting for segments to complete...
Recycled 2.95961e-51 probability (2 walkers) from target state 'unbound'
Iteration completed successfully
Iteration wallclock: 1:04:54.955312, cputime: 11:14:09.622595


Fri Mar 24 07:19:49 2023
Iteration 284 (500 requested)
Beginning iteration 284
314 segments remain in iteration 284 (314 total)
76 of 111 (68.468468%) active bins are populated
per-bin minimum non-zero probability:       7.69414e-70
per-bin maximum probability:                0.908574
per-bin probability dynamic range (kT):     159.045
per-segment minimum non-zero probability:   1.92353e-70
per-segment maximum non-zero probability:   0.0910296
per-segment probability dynamic range (kT): 158.13
norm = 1, error in norm = -1.11022e-16 (-0.5*epsilon)
MAB binning in use
Bottleneck bin occupancy may not be accurately reported
Waiting for segments to complete...
Recycled 9.38643e-53 probability (1 walkers) from target state 'unbound'
Iteration completed successfully
Iteration wallclock: 0:58:38.532295, cputime: 10:02:32.908790


Fri Mar 24 08:18:28 2023
Iteration 285 (500 requested)
Beginning iteration 285
351 segments remain in iteration 285 (351 total)
86 of 111 (77.477477%) active bins are populated
per-bin minimum non-zero probability:       1.92353e-70
per-bin maximum probability:                0.999735
per-bin probability dynamic range (kT):     160.527
per-segment minimum non-zero probability:   4.80884e-71
per-segment maximum non-zero probability:   0.0909614
per-segment probability dynamic range (kT): 159.516
norm = 1, error in norm = 0 (0*epsilon)
MAB binning in use
Bottleneck bin occupancy may not be accurately reported
Waiting for segments to complete...
Recycled 7.05179e-52 probability (4 walkers) from target state 'unbound'
Iteration completed successfully
Iteration wallclock: 1:05:16.043840, cputime: 11:02:51.099350


Fri Mar 24 09:23:44 2023
Iteration 286 (500 requested)
Beginning iteration 286
350 segments remain in iteration 286 (350 total)
86 of 111 (77.477477%) active bins are populated
per-bin minimum non-zero probability:       4.80884e-71
per-bin maximum probability:                0.908883
per-bin probability dynamic range (kT):     161.818
per-segment minimum non-zero probability:   1.20221e-71
per-segment maximum non-zero probability:   0.0909614
per-segment probability dynamic range (kT): 160.902
norm = 1, error in norm = 0 (0*epsilon)
MAB binning in use
Bottleneck bin occupancy may not be accurately reported
Waiting for segments to complete...
Recycled 1.56157e-50 probability (8 walkers) from target state 'unbound'
Iteration completed successfully
Iteration wallclock: 1:05:12.248913, cputime: 11:11:03.661954


Fri Mar 24 10:28:56 2023
Iteration 287 (500 requested)
Beginning iteration 287
347 segments remain in iteration 287 (347 total)
83 of 111 (74.774775%) active bins are populated
per-bin minimum non-zero probability:       1.20221e-71
per-bin maximum probability:                0.999735
per-bin probability dynamic range (kT):     163.299
per-segment minimum non-zero probability:   3.00552e-72
per-segment maximum non-zero probability:   0.0909555
per-segment probability dynamic range (kT): 162.288
norm = 1, error in norm = 0 (0*epsilon)
MAB binning in use
Bottleneck bin occupancy may not be accurately reported
Waiting for segments to complete...
Recycled 3.67545e-50 probability (4 walkers) from target state 'unbound'
Iteration completed successfully
Iteration wallclock: 1:04:56.262224, cputime: 11:01:09.693248


Fri Mar 24 11:33:53 2023
Iteration 288 (500 requested)
Beginning iteration 288
355 segments remain in iteration 288 (355 total)
86 of 111 (77.477477%) active bins are populated
per-bin minimum non-zero probability:       3.00552e-72
per-bin maximum probability:                0.999735
per-bin probability dynamic range (kT):     164.685
per-segment minimum non-zero probability:   7.51381e-73
per-segment maximum non-zero probability:   0.0909281
per-segment probability dynamic range (kT): 163.674
norm = 1, error in norm = 0 (0*epsilon)
MAB binning in use
Bottleneck bin occupancy may not be accurately reported
Waiting for segments to complete...
Recycled 2.17921e-50 probability (5 walkers) from target state 'unbound'
Iteration completed successfully
Iteration wallclock: 1:07:14.436853, cputime: 11:08:17.966112


Fri Mar 24 12:41:07 2023
Iteration 289 (500 requested)
Beginning iteration 289
355 segments remain in iteration 289 (355 total)
87 of 111 (78.378378%) active bins are populated
per-bin minimum non-zero probability:       7.51381e-73
per-bin maximum probability:                0.999735
per-bin probability dynamic range (kT):     166.072
per-segment minimum non-zero probability:   1.87845e-73
per-segment maximum non-zero probability:   0.0909093
per-segment probability dynamic range (kT): 165.06
norm = 1, error in norm = 0 (0*epsilon)
MAB binning in use
Bottleneck bin occupancy may not be accurately reported
Waiting for segments to complete...
Recycled 2.79779e-50 probability (5 walkers) from target state 'unbound'
Iteration completed successfully
Iteration wallclock: 1:08:03.816266, cputime: 11:13:30.186293


Fri Mar 24 13:49:11 2023
Iteration 290 (500 requested)
Beginning iteration 290
351 segments remain in iteration 290 (351 total)
85 of 111 (76.576577%) active bins are populated
per-bin minimum non-zero probability:       1.87845e-73
per-bin maximum probability:                0.999735
per-bin probability dynamic range (kT):     167.458
per-segment minimum non-zero probability:   4.69613e-74
per-segment maximum non-zero probability:   0.0908978
per-segment probability dynamic range (kT): 166.447
norm = 1, error in norm = 0 (0*epsilon)
MAB binning in use
Bottleneck bin occupancy may not be accurately reported
Waiting for segments to complete...
Recycled 2.3999e-53 probability (5 walkers) from target state 'unbound'
Iteration completed successfully
Iteration wallclock: 1:09:23.369587, cputime: 11:13:27.838817


Fri Mar 24 14:58:34 2023
Iteration 291 (500 requested)
Beginning iteration 291
303 segments remain in iteration 291 (303 total)
71 of 111 (63.963964%) active bins are populated
per-bin minimum non-zero probability:       4.69613e-74
per-bin maximum probability:                0.999735
per-bin probability dynamic range (kT):     168.844
per-segment minimum non-zero probability:   1.17403e-74
per-segment maximum non-zero probability:   0.0908916
per-segment probability dynamic range (kT): 167.833
norm = 1, error in norm = -1.11022e-16 (-0.5*epsilon)
MAB binning in use
Bottleneck bin occupancy may not be accurately reported
Waiting for segments to complete...
Recycled 2.99433e-54 probability (3 walkers) from target state 'unbound'
Iteration completed successfully
Iteration wallclock: 0:59:16.783125, cputime: 9:43:56.005388


Fri Mar 24 15:57:51 2023
Iteration 292 (500 requested)
Beginning iteration 292
323 segments remain in iteration 292 (323 total)
77 of 111 (69.369369%) active bins are populated
per-bin minimum non-zero probability:       1.17403e-74
per-bin maximum probability:                0.999735
per-bin probability dynamic range (kT):     170.231
per-segment minimum non-zero probability:   2.93508e-75
per-segment maximum non-zero probability:   0.0908884
per-segment probability dynamic range (kT): 169.219
norm = 1, error in norm = -1.11022e-16 (-0.5*epsilon)
MAB binning in use
Bottleneck bin occupancy may not be accurately reported
Waiting for segments to complete...
Recycled 2.93508e-75 probability (1 walkers) from target state 'unbound'
Iteration completed successfully
Iteration wallclock: 1:02:09.151344, cputime: 10:20:03.915599

Iteration 293 would require more than the allotted time. Ending run.
