Updating system with the options from the configuration file
Maximum wallclock time: 3 days, 0:00:00

Fri Nov 10 11:43:32 2023
Iteration 339 (600 requested)
Beginning iteration 339
347 segments remain in iteration 339 (347 total)
85 of 111 (76.576577%) active bins are populated
per-bin minimum non-zero probability:       8.97652e-73
per-bin maximum probability:                0.999735
per-bin probability dynamic range (kT):     165.894
per-segment minimum non-zero probability:   2.24413e-73
per-segment maximum non-zero probability:   0.090885
per-segment probability dynamic range (kT): 164.882
norm = 1, error in norm = -2.22045e-16 (-1*epsilon)
MAB binning in use
Bottleneck bin occupancy may not be accurately reported
Waiting for segments to complete...
Recycled 3.36349e-52 probability (4 walkers) from target state 'unbound'
Iteration completed successfully
Iteration wallclock: 1:10:56.570257, cputime: 14:56:42.130812


Fri Nov 10 12:54:29 2023
Iteration 340 (600 requested)
Beginning iteration 340
351 segments remain in iteration 340 (351 total)
83 of 111 (74.774775%) active bins are populated
per-bin minimum non-zero probability:       2.24413e-73
per-bin maximum probability:                0.999735
per-bin probability dynamic range (kT):     167.28
per-segment minimum non-zero probability:   5.61032e-74
per-segment maximum non-zero probability:   0.090885
per-segment probability dynamic range (kT): 166.269
norm = 1, error in norm = 0 (0*epsilon)
MAB binning in use
Bottleneck bin occupancy may not be accurately reported
Waiting for segments to complete...
Recycled 9.48374e-52 probability (7 walkers) from target state 'unbound'
Iteration completed successfully
Iteration wallclock: 1:08:02.196383, cputime: 15:04:16.145561


Fri Nov 10 14:02:31 2023
Iteration 341 (600 requested)
Beginning iteration 341
350 segments remain in iteration 341 (350 total)
85 of 111 (76.576577%) active bins are populated
per-bin minimum non-zero probability:       5.61032e-74
per-bin maximum probability:                0.999735
per-bin probability dynamic range (kT):     168.666
per-segment minimum non-zero probability:   1.40258e-74
per-segment maximum non-zero probability:   0.090885
per-segment probability dynamic range (kT): 167.655
norm = 1, error in norm = 0 (0*epsilon)
MAB binning in use
Bottleneck bin occupancy may not be accurately reported
Waiting for segments to complete...
Recycled 6.5304e-52 probability (5 walkers) from target state 'unbound'
Iteration completed successfully
Iteration wallclock: 1:07:41.101922, cputime: 14:54:31.132144


Fri Nov 10 15:10:12 2023
Iteration 342 (600 requested)
Beginning iteration 342
335 segments remain in iteration 342 (335 total)
80 of 111 (72.072072%) active bins are populated
per-bin minimum non-zero probability:       1.40258e-74
per-bin maximum probability:                0.999735
per-bin probability dynamic range (kT):     170.053
per-segment minimum non-zero probability:   3.50645e-75
per-segment maximum non-zero probability:   0.090885
per-segment probability dynamic range (kT): 169.041
norm = 1, error in norm = 0 (0*epsilon)
MAB binning in use
Bottleneck bin occupancy may not be accurately reported
Waiting for segments to complete...
Recycled 1.81016e-53 probability (2 walkers) from target state 'unbound'
Iteration completed successfully
Iteration wallclock: 1:05:17.116724, cputime: 14:34:21.435891


Fri Nov 10 16:15:29 2023
Iteration 343 (600 requested)
Beginning iteration 343
342 segments remain in iteration 343 (342 total)
84 of 111 (75.675676%) active bins are populated
per-bin minimum non-zero probability:       3.50645e-75
per-bin maximum probability:                0.999735
per-bin probability dynamic range (kT):     171.439
per-segment minimum non-zero probability:   8.76613e-76
per-segment maximum non-zero probability:   0.090885
per-segment probability dynamic range (kT): 170.427
norm = 1, error in norm = 0 (0*epsilon)
MAB binning in use
Bottleneck bin occupancy may not be accurately reported
Waiting for segments to complete...
Recycled 2.57677e-52 probability (3 walkers) from target state 'unbound'
Iteration completed successfully
Iteration wallclock: 1:09:27.275405, cputime: 14:42:38.270299


Fri Nov 10 17:24:57 2023
Iteration 344 (600 requested)
Beginning iteration 344
338 segments remain in iteration 344 (338 total)
78 of 111 (70.270270%) active bins are populated
per-bin minimum non-zero probability:       8.76613e-76
per-bin maximum probability:                0.999735
per-bin probability dynamic range (kT):     172.825
per-segment minimum non-zero probability:   2.19153e-76
per-segment maximum non-zero probability:   0.090885
per-segment probability dynamic range (kT): 171.814
norm = 1, error in norm = -1.11022e-16 (-0.5*epsilon)
MAB binning in use
Bottleneck bin occupancy may not be accurately reported
Waiting for segments to complete...
Recycled 2.21795e-52 probability (8 walkers) from target state 'unbound'
Iteration completed successfully
Iteration wallclock: 1:07:51.809067, cputime: 14:30:37.743242


Fri Nov 10 18:32:48 2023
Iteration 345 (600 requested)
Beginning iteration 345
339 segments remain in iteration 345 (339 total)
82 of 111 (73.873874%) active bins are populated
per-bin minimum non-zero probability:       2.19153e-76
per-bin maximum probability:                0.999735
per-bin probability dynamic range (kT):     174.212
per-segment minimum non-zero probability:   5.47883e-77
per-segment maximum non-zero probability:   0.090885
per-segment probability dynamic range (kT): 173.2
norm = 1, error in norm = -1.11022e-16 (-0.5*epsilon)
MAB binning in use
Bottleneck bin occupancy may not be accurately reported
Waiting for segments to complete...
Recycled 7.1229e-53 probability (9 walkers) from target state 'unbound'
Iteration completed successfully
Iteration wallclock: 1:05:18.928037, cputime: 14:39:57.637543


Fri Nov 10 19:38:07 2023
Iteration 346 (600 requested)
Beginning iteration 346
354 segments remain in iteration 346 (354 total)
86 of 111 (77.477477%) active bins are populated
per-bin minimum non-zero probability:       5.47883e-77
per-bin maximum probability:                0.72708
per-bin probability dynamic range (kT):     175.279
per-segment minimum non-zero probability:   1.36971e-77
per-segment maximum non-zero probability:   0.090885
per-segment probability dynamic range (kT): 174.586
norm = 1, error in norm = 0 (0*epsilon)
MAB binning in use
Bottleneck bin occupancy may not be accurately reported
Waiting for segments to complete...
Recycled 1.37727e-52 probability (10 walkers) from target state 'unbound'
Iteration completed successfully
Iteration wallclock: 1:08:09.754419, cputime: 15:09:46.704880


Fri Nov 10 20:46:17 2023
Iteration 347 (600 requested)
Beginning iteration 347
351 segments remain in iteration 347 (351 total)
86 of 111 (77.477477%) active bins are populated
per-bin minimum non-zero probability:       1.36971e-77
per-bin maximum probability:                0.999735
per-bin probability dynamic range (kT):     176.984
per-segment minimum non-zero probability:   3.42427e-78
per-segment maximum non-zero probability:   0.090885
per-segment probability dynamic range (kT): 175.973
norm = 1, error in norm = 0 (0*epsilon)
MAB binning in use
Bottleneck bin occupancy may not be accurately reported
Waiting for segments to complete...
Recycled 1.02697e-52 probability (5 walkers) from target state 'unbound'
Iteration completed successfully
Iteration wallclock: 1:07:26.695160, cputime: 15:12:02.127975


Fri Nov 10 21:53:44 2023
Iteration 348 (600 requested)
Beginning iteration 348
337 segments remain in iteration 348 (337 total)
82 of 111 (73.873874%) active bins are populated
per-bin minimum non-zero probability:       3.42427e-78
per-bin maximum probability:                0.90885
per-bin probability dynamic range (kT):     178.275
per-segment minimum non-zero probability:   8.56068e-79
per-segment maximum non-zero probability:   0.090885
per-segment probability dynamic range (kT): 177.359
norm = 1, error in norm = -1.11022e-16 (-0.5*epsilon)
MAB binning in use
Bottleneck bin occupancy may not be accurately reported
Waiting for segments to complete...
Recycled 3.45103e-53 probability (5 walkers) from target state 'unbound'
Iteration completed successfully
Iteration wallclock: 1:05:49.919926, cputime: 14:24:59.450353


Fri Nov 10 22:59:34 2023
Iteration 349 (600 requested)
Beginning iteration 349
359 segments remain in iteration 349 (359 total)
88 of 111 (79.279279%) active bins are populated
per-bin minimum non-zero probability:       8.56068e-79
per-bin maximum probability:                0.999735
per-bin probability dynamic range (kT):     179.757
per-segment minimum non-zero probability:   2.14017e-79
per-segment maximum non-zero probability:   0.090885
per-segment probability dynamic range (kT): 178.745
norm = 1, error in norm = -2.22045e-16 (-1*epsilon)
MAB binning in use
Bottleneck bin occupancy may not be accurately reported
Waiting for segments to complete...
Recycled 1.45622e-53 probability (5 walkers) from target state 'unbound'
Iteration completed successfully
Iteration wallclock: 1:08:38.329504, cputime: 15:35:12.488198


Sat Nov 11 00:08:12 2023
Iteration 350 (600 requested)
Beginning iteration 350
370 segments remain in iteration 350 (370 total)
91 of 111 (81.981982%) active bins are populated
per-bin minimum non-zero probability:       2.14017e-79
per-bin maximum probability:                0.90885
per-bin probability dynamic range (kT):     181.048
per-segment minimum non-zero probability:   5.35042e-80
per-segment maximum non-zero probability:   0.090885
per-segment probability dynamic range (kT): 180.131
norm = 1, error in norm = -1.11022e-16 (-0.5*epsilon)
MAB binning in use
Bottleneck bin occupancy may not be accurately reported
Waiting for segments to complete...
Recycled 3.09824e-53 probability (8 walkers) from target state 'unbound'
Iteration completed successfully
Iteration wallclock: 1:11:16.935893, cputime: 15:57:25.046387


Sat Nov 11 01:19:29 2023
Iteration 351 (600 requested)
Beginning iteration 351
371 segments remain in iteration 351 (371 total)
89 of 111 (80.180180%) active bins are populated
per-bin minimum non-zero probability:       5.35042e-80
per-bin maximum probability:                0.999735
per-bin probability dynamic range (kT):     182.529
per-segment minimum non-zero probability:   1.33761e-80
per-segment maximum non-zero probability:   0.090885
per-segment probability dynamic range (kT): 181.518
norm = 1, error in norm = -1.11022e-16 (-0.5*epsilon)
MAB binning in use
Bottleneck bin occupancy may not be accurately reported
Waiting for segments to complete...
Recycled 2.16215e-54 probability (6 walkers) from target state 'unbound'
Iteration completed successfully
Iteration wallclock: 1:10:34.345838, cputime: 16:01:16.879754


Sat Nov 11 02:30:03 2023
Iteration 352 (600 requested)
Beginning iteration 352
367 segments remain in iteration 352 (367 total)
89 of 111 (80.180180%) active bins are populated
per-bin minimum non-zero probability:       1.33761e-80
per-bin maximum probability:                0.999735
per-bin probability dynamic range (kT):     183.916
per-segment minimum non-zero probability:   3.34401e-81
per-segment maximum non-zero probability:   0.0946719
per-segment probability dynamic range (kT): 182.945
norm = 1, error in norm = -2.22045e-16 (-1*epsilon)
MAB binning in use
Bottleneck bin occupancy may not be accurately reported
Waiting for segments to complete...
Recycled 4.63912e-53 probability (13 walkers) from target state 'unbound'
Iteration completed successfully
Iteration wallclock: 1:10:30.460005, cputime: 15:54:15.833092


Sat Nov 11 03:40:34 2023
Iteration 353 (600 requested)
Beginning iteration 353
351 segments remain in iteration 353 (351 total)
85 of 111 (76.576577%) active bins are populated
per-bin minimum non-zero probability:       3.34401e-81
per-bin maximum probability:                0.999735
per-bin probability dynamic range (kT):     185.302
per-segment minimum non-zero probability:   8.36004e-82
per-segment maximum non-zero probability:   0.0927785
per-segment probability dynamic range (kT): 184.311
norm = 1, error in norm = -1.11022e-16 (-0.5*epsilon)
MAB binning in use
Bottleneck bin occupancy may not be accurately reported
Waiting for segments to complete...
Recycled 1.26956e-53 probability (6 walkers) from target state 'unbound'
Iteration completed successfully
Iteration wallclock: 1:07:04.149008, cputime: 15:10:33.359624


Sat Nov 11 04:47:38 2023
Iteration 354 (600 requested)
Beginning iteration 354
330 segments remain in iteration 354 (330 total)
81 of 111 (72.972973%) active bins are populated
per-bin minimum non-zero probability:       8.36004e-82
per-bin maximum probability:                0.909271
per-bin probability dynamic range (kT):     186.593
per-segment minimum non-zero probability:   2.09001e-82
per-segment maximum non-zero probability:   0.0927785
per-segment probability dynamic range (kT): 185.697
norm = 1, error in norm = -1.11022e-16 (-0.5*epsilon)
MAB binning in use
Bottleneck bin occupancy may not be accurately reported
Waiting for segments to complete...
Recycled 2.63238e-53 probability (10 walkers) from target state 'unbound'
Iteration completed successfully
Iteration wallclock: 1:03:02.340653, cputime: 14:15:36.093678


Sat Nov 11 05:50:40 2023
Iteration 355 (600 requested)
Beginning iteration 355
347 segments remain in iteration 355 (347 total)
84 of 111 (75.675676%) active bins are populated
per-bin minimum non-zero probability:       2.09001e-82
per-bin maximum probability:                0.999735
per-bin probability dynamic range (kT):     188.075
per-segment minimum non-zero probability:   5.22502e-83
per-segment maximum non-zero probability:   0.0918317
per-segment probability dynamic range (kT): 187.073
norm = 1, error in norm = 0 (0*epsilon)
MAB binning in use
Bottleneck bin occupancy may not be accurately reported
Waiting for segments to complete...
Recycled 1.26342e-53 probability (4 walkers) from target state 'unbound'
Iteration completed successfully
Iteration wallclock: 1:06:26.864333, cputime: 15:05:21.459065


Sat Nov 11 06:57:07 2023
Iteration 356 (600 requested)
Beginning iteration 356
343 segments remain in iteration 356 (343 total)
84 of 111 (75.675676%) active bins are populated
per-bin minimum non-zero probability:       5.22502e-83
per-bin maximum probability:                0.817544
per-bin probability dynamic range (kT):     189.26
per-segment minimum non-zero probability:   1.30626e-83
per-segment maximum non-zero probability:   0.0914636
per-segment probability dynamic range (kT): 188.456
norm = 1, error in norm = -3.33067e-16 (-1.5*epsilon)
MAB binning in use
Bottleneck bin occupancy may not be accurately reported
Waiting for segments to complete...
Recycled 2.88806e-53 probability (5 walkers) from target state 'unbound'
Iteration completed successfully
Iteration wallclock: 1:05:29.488070, cputime: 14:48:55.370253


Sat Nov 11 08:02:37 2023
Iteration 357 (600 requested)
Beginning iteration 357
338 segments remain in iteration 357 (338 total)
83 of 111 (74.774775%) active bins are populated
per-bin minimum non-zero probability:       1.30626e-83
per-bin maximum probability:                0.909218
per-bin probability dynamic range (kT):     190.752
per-segment minimum non-zero probability:   3.26564e-84
per-segment maximum non-zero probability:   0.0914636
per-segment probability dynamic range (kT): 189.842
norm = 1, error in norm = -1.11022e-16 (-0.5*epsilon)
MAB binning in use
Bottleneck bin occupancy may not be accurately reported
Waiting for segments to complete...
Recycled 7.38992e-54 probability (6 walkers) from target state 'unbound'
Iteration completed successfully
Iteration wallclock: 1:05:05.815210, cputime: 14:29:49.829870


Sat Nov 11 09:07:42 2023
Iteration 358 (600 requested)
Beginning iteration 358
331 segments remain in iteration 358 (331 total)
80 of 111 (72.072072%) active bins are populated
per-bin minimum non-zero probability:       3.26564e-84
per-bin maximum probability:                0.999735
per-bin probability dynamic range (kT):     192.233
per-segment minimum non-zero probability:   8.1641e-85
per-segment maximum non-zero probability:   0.0912795
per-segment probability dynamic range (kT): 191.226
norm = 1, error in norm = 0 (0*epsilon)
MAB binning in use
Bottleneck bin occupancy may not be accurately reported
Waiting for segments to complete...
Recycled 8.5508e-54 probability (7 walkers) from target state 'unbound'
Iteration completed successfully
Iteration wallclock: 1:03:02.565109, cputime: 14:21:57.782025


Sat Nov 11 10:10:45 2023
Iteration 359 (600 requested)
Beginning iteration 359
338 segments remain in iteration 359 (338 total)
83 of 111 (74.774775%) active bins are populated
per-bin minimum non-zero probability:       8.1641e-85
per-bin maximum probability:                0.909073
per-bin probability dynamic range (kT):     193.525
per-segment minimum non-zero probability:   2.04102e-85
per-segment maximum non-zero probability:   0.0912795
per-segment probability dynamic range (kT): 192.612
norm = 1, error in norm = -1.11022e-16 (-0.5*epsilon)
MAB binning in use
Bottleneck bin occupancy may not be accurately reported
Waiting for segments to complete...
Recycled 5.83922e-56 probability (8 walkers) from target state 'unbound'
Iteration completed successfully
Iteration wallclock: 1:06:16.096386, cputime: 14:37:32.447924


Sat Nov 11 11:17:01 2023
Iteration 360 (600 requested)
Beginning iteration 360
311 segments remain in iteration 360 (311 total)
77 of 111 (69.369369%) active bins are populated
per-bin minimum non-zero probability:       2.04102e-85
per-bin maximum probability:                0.999735
per-bin probability dynamic range (kT):     195.006
per-segment minimum non-zero probability:   5.10256e-86
per-segment maximum non-zero probability:   0.0911261
per-segment probability dynamic range (kT): 193.997
norm = 1, error in norm = -1.11022e-16 (-0.5*epsilon)
MAB binning in use
Bottleneck bin occupancy may not be accurately reported
Waiting for segments to complete...
Recycled 6.46273e-54 probability (5 walkers) from target state 'unbound'
Iteration completed successfully
Iteration wallclock: 1:00:48.167181, cputime: 13:22:16.605082


Sat Nov 11 12:17:49 2023
Iteration 361 (600 requested)
Beginning iteration 361
331 segments remain in iteration 361 (331 total)
79 of 111 (71.171171%) active bins are populated
per-bin minimum non-zero probability:       5.10256e-86
per-bin maximum probability:                0.999735
per-bin probability dynamic range (kT):     196.392
per-segment minimum non-zero probability:   1.27564e-86
per-segment maximum non-zero probability:   0.0910213
per-segment probability dynamic range (kT): 195.382
norm = 1, error in norm = -1.11022e-16 (-0.5*epsilon)
MAB binning in use
Bottleneck bin occupancy may not be accurately reported
Waiting for segments to complete...
Recycled 8.6021e-54 probability (7 walkers) from target state 'unbound'
Iteration completed successfully
Iteration wallclock: 1:04:24.613726, cputime: 14:23:11.166110


Sat Nov 11 13:22:14 2023
Iteration 362 (600 requested)
Beginning iteration 362
339 segments remain in iteration 362 (339 total)
84 of 111 (75.675676%) active bins are populated
per-bin minimum non-zero probability:       1.27564e-86
per-bin maximum probability:                0.999735
per-bin probability dynamic range (kT):     197.779
per-segment minimum non-zero probability:   3.1891e-87
per-segment maximum non-zero probability:   0.0909609
per-segment probability dynamic range (kT): 196.768
norm = 1, error in norm = -1.11022e-16 (-0.5*epsilon)
MAB binning in use
Bottleneck bin occupancy may not be accurately reported
Waiting for segments to complete...
Recycled 1.4732e-56 probability (3 walkers) from target state 'unbound'
Iteration completed successfully
Iteration wallclock: 1:05:56.360747, cputime: 14:34:34.262791


Sat Nov 11 14:28:10 2023
Iteration 363 (600 requested)
Beginning iteration 363
350 segments remain in iteration 363 (350 total)
85 of 111 (76.576577%) active bins are populated
per-bin minimum non-zero probability:       3.1891e-87
per-bin maximum probability:                0.908774
per-bin probability dynamic range (kT):     199.07
per-segment minimum non-zero probability:   7.97275e-88
per-segment maximum non-zero probability:   0.0909243
per-segment probability dynamic range (kT): 198.154
norm = 1, error in norm = -2.22045e-16 (-1*epsilon)
MAB binning in use
Bottleneck bin occupancy may not be accurately reported
Waiting for segments to complete...
Recycled 4.83067e-59 probability (5 walkers) from target state 'unbound'
Iteration completed successfully
Iteration wallclock: 1:07:47.681249, cputime: 15:11:36.278984


Sat Nov 11 15:35:58 2023
Iteration 364 (600 requested)
Beginning iteration 364
339 segments remain in iteration 364 (339 total)
81 of 111 (72.972973%) active bins are populated
per-bin minimum non-zero probability:       7.97275e-88
per-bin maximum probability:                0.999735
per-bin probability dynamic range (kT):     200.551
per-segment minimum non-zero probability:   1.99319e-88
per-segment maximum non-zero probability:   0.0909053
per-segment probability dynamic range (kT): 199.54
norm = 1, error in norm = 0 (0*epsilon)
MAB binning in use
Bottleneck bin occupancy may not be accurately reported
Waiting for segments to complete...
Recycled 1.72554e-54 probability (8 walkers) from target state 'unbound'
Iteration completed successfully
Iteration wallclock: 1:06:07.752348, cputime: 14:37:34.943252


Sat Nov 11 16:42:06 2023
Iteration 365 (600 requested)
Beginning iteration 365
342 segments remain in iteration 365 (342 total)
84 of 111 (75.675676%) active bins are populated
per-bin minimum non-zero probability:       1.99319e-88
per-bin maximum probability:                0.999735
per-bin probability dynamic range (kT):     201.937
per-segment minimum non-zero probability:   4.98297e-89
per-segment maximum non-zero probability:   0.0909053
per-segment probability dynamic range (kT): 200.926
norm = 1, error in norm = -1.11022e-16 (-0.5*epsilon)
MAB binning in use
Bottleneck bin occupancy may not be accurately reported
Waiting for segments to complete...
Recycled 6.69964e-55 probability (3 walkers) from target state 'unbound'
Iteration completed successfully
Iteration wallclock: 1:05:50.613406, cputime: 14:46:19.630605


Sat Nov 11 17:47:56 2023
Iteration 366 (600 requested)
Beginning iteration 366
339 segments remain in iteration 366 (339 total)
83 of 111 (74.774775%) active bins are populated
per-bin minimum non-zero probability:       4.98297e-89
per-bin maximum probability:                0.999735
per-bin probability dynamic range (kT):     203.324
per-segment minimum non-zero probability:   1.24574e-89
per-segment maximum non-zero probability:   0.0908974
per-segment probability dynamic range (kT): 202.312
norm = 1, error in norm = 0 (0*epsilon)
MAB binning in use
Bottleneck bin occupancy may not be accurately reported
Waiting for segments to complete...
Recycled 1.06999e-54 probability (2 walkers) from target state 'unbound'
Iteration completed successfully
Iteration wallclock: 1:05:26.987767, cputime: 14:43:57.549805


Sat Nov 11 18:53:23 2023
Iteration 367 (600 requested)
Beginning iteration 367
343 segments remain in iteration 367 (343 total)
83 of 111 (74.774775%) active bins are populated
per-bin minimum non-zero probability:       1.24574e-89
per-bin maximum probability:                0.999735
per-bin probability dynamic range (kT):     204.71
per-segment minimum non-zero probability:   3.11436e-90
per-segment maximum non-zero probability:   0.0908927
per-segment probability dynamic range (kT): 203.699
norm = 1, error in norm = 0 (0*epsilon)
MAB binning in use
Bottleneck bin occupancy may not be accurately reported
Waiting for segments to complete...
Recycled 8.56728e-55 probability (5 walkers) from target state 'unbound'
Iteration completed successfully
Iteration wallclock: 1:06:34.230104, cputime: 14:51:45.609400


Sat Nov 11 19:59:58 2023
Iteration 368 (600 requested)
Beginning iteration 368
354 segments remain in iteration 368 (354 total)
87 of 111 (78.378378%) active bins are populated
per-bin minimum non-zero probability:       3.11436e-90
per-bin maximum probability:                0.908854
per-bin probability dynamic range (kT):     206.001
per-segment minimum non-zero probability:   7.78589e-91
per-segment maximum non-zero probability:   0.0908927
per-segment probability dynamic range (kT): 205.085
norm = 1, error in norm = -2.22045e-16 (-1*epsilon)
MAB binning in use
Bottleneck bin occupancy may not be accurately reported
Waiting for segments to complete...
Recycled 2.50726e-55 probability (3 walkers) from target state 'unbound'
Iteration completed successfully
Iteration wallclock: 1:09:36.294185, cputime: 15:15:32.393825


Sat Nov 11 21:09:34 2023
Iteration 369 (600 requested)
Beginning iteration 369
367 segments remain in iteration 369 (367 total)
90 of 111 (81.081081%) active bins are populated
per-bin minimum non-zero probability:       7.78589e-91
per-bin maximum probability:                0.999735
per-bin probability dynamic range (kT):     207.483
per-segment minimum non-zero probability:   1.94647e-91
per-segment maximum non-zero probability:   0.0908893
per-segment probability dynamic range (kT): 206.471
norm = 1, error in norm = 2.22045e-16 (1*epsilon)
MAB binning in use
Bottleneck bin occupancy may not be accurately reported
Waiting for segments to complete...
Recycled 1.10992e-56 probability (2 walkers) from target state 'unbound'
Iteration completed successfully
Iteration wallclock: 1:10:44.890071, cputime: 15:47:51.265425


Sat Nov 11 22:20:19 2023
Iteration 370 (600 requested)
Beginning iteration 370
330 segments remain in iteration 370 (330 total)
81 of 111 (72.972973%) active bins are populated
per-bin minimum non-zero probability:       1.94647e-91
per-bin maximum probability:                0.908846
per-bin probability dynamic range (kT):     208.774
per-segment minimum non-zero probability:   4.86618e-92
per-segment maximum non-zero probability:   0.0946719
per-segment probability dynamic range (kT): 207.898
norm = 1, error in norm = 0 (0*epsilon)
MAB binning in use
Bottleneck bin occupancy may not be accurately reported
Waiting for segments to complete...
Recycled 2.44909e-55 probability (4 walkers) from target state 'unbound'
Iteration completed successfully
Iteration wallclock: 1:04:38.118063, cputime: 14:20:43.134070


Sat Nov 11 23:24:57 2023
Iteration 371 (600 requested)
Beginning iteration 371
339 segments remain in iteration 371 (339 total)
83 of 111 (74.774775%) active bins are populated
per-bin minimum non-zero probability:       4.86618e-92
per-bin maximum probability:                0.999735
per-bin probability dynamic range (kT):     210.255
per-segment minimum non-zero probability:   1.21655e-92
per-segment maximum non-zero probability:   0.0927796
per-segment probability dynamic range (kT): 209.264
norm = 1, error in norm = -1.11022e-16 (-0.5*epsilon)
MAB binning in use
Bottleneck bin occupancy may not be accurately reported
Waiting for segments to complete...
Recycled 2.46797e-55 probability (5 walkers) from target state 'unbound'
Iteration completed successfully
Iteration wallclock: 1:06:00.918696, cputime: 14:41:52.884475


Sun Nov 12 00:30:58 2023
Iteration 372 (600 requested)
Beginning iteration 372
346 segments remain in iteration 372 (346 total)
85 of 111 (76.576577%) active bins are populated
per-bin minimum non-zero probability:       1.21655e-92
per-bin maximum probability:                0.910272
per-bin probability dynamic range (kT):     211.548
per-segment minimum non-zero probability:   3.04136e-93
per-segment maximum non-zero probability:   0.0953041
per-segment probability dynamic range (kT): 210.677
norm = 1, error in norm = 0 (0*epsilon)
MAB binning in use
Bottleneck bin occupancy may not be accurately reported
Waiting for segments to complete...
Recycled 2.97408e-56 probability (3 walkers) from target state 'unbound'
Iteration completed successfully
Iteration wallclock: 1:06:54.664202, cputime: 14:25:14.220980


Sun Nov 12 01:37:53 2023
Iteration 373 (600 requested)
Beginning iteration 373
351 segments remain in iteration 373 (351 total)
85 of 111 (76.576577%) active bins are populated
per-bin minimum non-zero probability:       3.04136e-93
per-bin maximum probability:                0.999799
per-bin probability dynamic range (kT):     213.028
per-segment minimum non-zero probability:   7.60341e-94
per-segment maximum non-zero probability:   0.0940418
per-segment probability dynamic range (kT): 212.05
norm = 1, error in norm = 0 (0*epsilon)
MAB binning in use
Bottleneck bin occupancy may not be accurately reported
Waiting for segments to complete...
Recycled 3.98107e-59 probability (1 walkers) from target state 'unbound'
Iteration completed successfully
Iteration wallclock: 1:09:04.389048, cputime: 14:21:46.354320


Sun Nov 12 02:46:57 2023
Iteration 374 (600 requested)
Beginning iteration 374
342 segments remain in iteration 374 (342 total)
82 of 111 (73.873874%) active bins are populated
per-bin minimum non-zero probability:       7.60341e-94
per-bin maximum probability:                0.910654
per-bin probability dynamic range (kT):     214.321
per-segment minimum non-zero probability:   1.90085e-94
per-segment maximum non-zero probability:   0.0940418
per-segment probability dynamic range (kT): 213.437
norm = 1, error in norm = 0 (0*epsilon)
MAB binning in use
Bottleneck bin occupancy may not be accurately reported
Waiting for segments to complete...
Recycled 3.05397e-56 probability (2 walkers) from target state 'unbound'
Iteration completed successfully
Iteration wallclock: 1:05:09.022562, cputime: 14:48:29.138065


Sun Nov 12 03:52:06 2023
Iteration 375 (600 requested)
Beginning iteration 375
343 segments remain in iteration 375 (343 total)
84 of 111 (75.675676%) active bins are populated
per-bin minimum non-zero probability:       1.90085e-94
per-bin maximum probability:                0.999799
per-bin probability dynamic range (kT):     215.8
per-segment minimum non-zero probability:   4.75213e-95
per-segment maximum non-zero probability:   0.0929372
per-segment probability dynamic range (kT): 214.811
norm = 1, error in norm = 0 (0*epsilon)
MAB binning in use
Bottleneck bin occupancy may not be accurately reported
Waiting for segments to complete...
Recycled 8.08919e-57 probability (4 walkers) from target state 'unbound'
Iteration completed successfully
Iteration wallclock: 1:05:01.980888, cputime: 14:46:29.629315


Sun Nov 12 04:57:08 2023
Iteration 376 (600 requested)
Beginning iteration 376
350 segments remain in iteration 376 (350 total)
84 of 111 (75.675676%) active bins are populated
per-bin minimum non-zero probability:       4.75213e-95
per-bin maximum probability:                0.999799
per-bin probability dynamic range (kT):     217.187
per-segment minimum non-zero probability:   1.18803e-95
per-segment maximum non-zero probability:   0.0929372
per-segment probability dynamic range (kT): 216.197
norm = 1, error in norm = 0 (0*epsilon)
MAB binning in use
Bottleneck bin occupancy may not be accurately reported
Waiting for segments to complete...
Recycled 3.80436e-57 probability (1 walkers) from target state 'unbound'
Iteration completed successfully
Iteration wallclock: 1:07:02.333684, cputime: 14:56:12.632167


Sun Nov 12 06:04:10 2023
Iteration 377 (600 requested)
Beginning iteration 377
335 segments remain in iteration 377 (335 total)
79 of 111 (71.171171%) active bins are populated
per-bin minimum non-zero probability:       1.18803e-95
per-bin maximum probability:                0.999799
per-bin probability dynamic range (kT):     218.573
per-segment minimum non-zero probability:   2.97008e-96
per-segment maximum non-zero probability:   0.0920493
per-segment probability dynamic range (kT): 217.574
norm = 1, error in norm = 0 (0*epsilon)
MAB binning in use
Bottleneck bin occupancy may not be accurately reported
Waiting for segments to complete...
Recycled 1.26812e-57 probability (1 walkers) from target state 'unbound'
Iteration completed successfully
Iteration wallclock: 1:03:20.398494, cputime: 14:20:29.557284


Sun Nov 12 07:07:31 2023
Iteration 378 (600 requested)
Beginning iteration 378
350 segments remain in iteration 378 (350 total)
87 of 111 (78.378378%) active bins are populated
per-bin minimum non-zero probability:       2.97008e-96
per-bin maximum probability:                0.916379
per-bin probability dynamic range (kT):     219.872
per-segment minimum non-zero probability:   7.4252e-97
per-segment maximum non-zero probability:   0.0946366
per-segment probability dynamic range (kT): 218.988
norm = 1, error in norm = -1.11022e-16 (-0.5*epsilon)
MAB binning in use
Bottleneck bin occupancy may not be accurately reported
Waiting for segments to complete...
Recycled 5.20015e-57 probability (3 walkers) from target state 'unbound'
Iteration completed successfully
Iteration wallclock: 1:09:32.895247, cputime: 15:28:03.304849


Sun Nov 12 08:17:04 2023
Iteration 379 (600 requested)
Beginning iteration 379
347 segments remain in iteration 379 (347 total)
84 of 111 (75.675676%) active bins are populated
per-bin minimum non-zero probability:       7.4252e-97
per-bin maximum probability:                0.999799
per-bin probability dynamic range (kT):     221.346
per-segment minimum non-zero probability:   1.8563e-97
per-segment maximum non-zero probability:   0.093343
per-segment probability dynamic range (kT): 220.361
norm = 1, error in norm = 0 (0*epsilon)
MAB binning in use
Bottleneck bin occupancy may not be accurately reported
Waiting for segments to complete...
-- ERROR    [westpa.core.sim_manager] -- propagation failed for 2 segment(s):
114  
116
exception caught; shutting down
-- ERROR    [w_run] -- error message: propagation failed for 2 segments
-- ERROR    [w_run] -- Traceback (most recent call last):
  File "/ihome/lchong/dty7/Apps/westpa/src/westpa/cli/core/w_run.py", line 61, in run_simulation
    sim_manager.run()
  File "/ihome/lchong/dty7/Apps/westpa/src/westpa/core/sim_manager.py", line 752, in run
    self.check_propagation()
  File "/ihome/lchong/dty7/Apps/westpa/src/westpa/core/sim_manager.py", line 650, in check_propagation
    raise PropagationError('propagation failed for {:d} segments'.format(len(failed_segments)))
westpa.core.sim_manager.PropagationError: propagation failed for 2 segments

