
          -------------------------------------------------------
          Amber 18 PMEMD                              2018
          -------------------------------------------------------

| PMEMD implementation of SANDER, Release 18

| Run on 06/16/2022 at 12:56:35

|   Executable path: pmemd.MPI
| Working directory: /ihome/lchong/dty7/eg5/eg5_adpmon/md/v00
|          Hostname: smp-n123

  [-O]verwriting output

File Assignments:
|   MDIN: 03_eq1.in                                                             
|  MDOUT: 03_eq1.out                                                            
| INPCRD: 02_min.rst                                                            
|   PARM: 1x88_solv.prmtop                                                      
| RESTRT: 03_eq1.rst                                                            
|   REFC: 02_min.rst                                                            
|  MDVEL: mdvel                                                                 
|   MDEN: mden                                                                  
|  MDCRD: 03_eq1.nc                                                             
| MDINFO: mdinfo                                                                
|LOGFILE: logfile                                                               
|  MDFRC: mdfrc                                                                 

 
 Here is the input file:
 
20 ps solute restrained NVT equilibration using Langevin thermostat            
&cntrl                                                                         
  irest     = 0,                                                               
  ntx       = 1,                                                               
  ig        = -1,                                                              
  dt        = 0.002,                                                           
  nstlim    = 10000,                                                           
  nscm      = 500,                                                             
  ntr       = 1,                                                               
  restraint_wt  = 1.0,                                                         
  restraintmask = '!:WAT & !@H',                                               
  ntb       = 1,                                                               
  ntp       = 0,                                                               
  ntt       = 3,                                                               
  tempi     = 298.0,                                                           
  temp0     = 298.0,                                                           
  gamma_ln  = 1.0,                                                             
  ntf       = 2,                                                               
  ntc       = 2,                                                               
  cut       = 10.0,                                                            
  ntpr      = 500,                                                             
  ntxo      = 2,                                                               
  ntwr      = 10000,                                                           
  ioutfm    = 1,                                                               
  ntwx      = 500,                                                             
  iwrap     = 1,                                                               
&end                                                                           


Note: ig = -1. Setting random seed to    94012 based on wallclock time in
      microseconds and disabling the synchronization of random numbers 
      between tasks to improve performance.
| irandom = 1, using AMBER's internal random number generator (default).
 
 
| Conditional Compilation Defines Used:
| MPI
| FFTW_FFT
| BINTRAJ
| MKL
| EMIL
 
| Largest sphere to fit in unit cell has radius =    47.894

| New format PARM file being parsed.
| Version =    1.000 Date = 06/16/22 Time = 12:26:52

| Note: 1-4 EEL scale factors are being read from the topology file.

| Note: 1-4 VDW scale factors are being read from the topology file.
| Duplicated    0 dihedrals

| Duplicated    0 dihedrals

--------------------------------------------------------------------------------
   1.  RESOURCE   USE: 
--------------------------------------------------------------------------------

 getting box info from netcdf restart file
 NATOM  =  150373 NTYPES =      34 NBONH =  111209 MBONA  =   39057
 NTHETH =    6691 MTHETA =    4014 NPHIH =   13555 MPHIA  =   12752
 NHPARM =       0 NPARM  =       0 NNB   =  285149 NRES   =   36609
 NBONA  =   39057 NTHETA =    4014 NPHIA =   12752 NUMBND =     114
 NUMANG =     249 NPTRA  =     234 NATYP =      65 NPHB   =       0
 IFBOX  =       2 NMXRS  =      39 IFCAP =       0 NEXTRA =   36088
 NCOPY  =       0


| Coordinate Index Table dimensions:    17   17   17
| Direct force subcell size =     6.9010    6.9010    6.9010

     BOX TYPE: TRUNCATED OCTAHEDRON

--------------------------------------------------------------------------------
   2.  CONTROL  DATA  FOR  THE  RUN
--------------------------------------------------------------------------------

default_name                                                                    

General flags:
     imin    =       0, nmropt  =       0

Nature and format of input:
     ntx     =       1, irest   =       0, ntrx    =       1

Nature and format of output:
     ntxo    =       2, ntpr    =     500, ntrx    =       1, ntwr    =   10000
     iwrap   =       1, ntwx    =     500, ntwv    =       0, ntwe    =       0
     ioutfm  =       1, ntwprt  =       0, idecomp =       0, rbornstat=      0

Potential function:
     ntf     =       2, ntb     =       1, igb     =       0, nsnb    =      25
     ipol    =       0, gbsa    =       0, iesp    =       0
     dielc   =   1.00000, cut     =  10.00000, intdiel =   1.00000

Frozen or restrained atoms:
     ibelly  =       0, ntr     =       1
     restraint_wt =   1.00000

Molecular dynamics:
     nstlim  =     10000, nscm    =         0, nrespa  =         1
     t       =   0.00000, dt      =   0.00200, vlimit  =  20.00000

Langevin dynamics temperature regulation:
     ig      =   94012
     temp0   = 298.00000, tempi   = 298.00000, gamma_ln=   1.00000

SHAKE:
     ntc     =       2, jfastw  =       0
     tol     =   0.00001

| Intermolecular bonds treatment:
|     no_intermolecular_bonds =       1

| Energy averages sample interval:
|     ene_avg_sampling =     500

Extra-points options:
     frameon =       1, chngmask=       1

Ewald parameters:
     verbose =       0, ew_type =       0, nbflag  =       1, use_pme =       1
     vdwmeth =       1, eedmeth =       1, netfrc  =       1
     Box X =  117.317   Box Y =  117.317   Box Z =  117.317
     Alpha =  109.471   Beta  =  109.471   Gamma =  109.471
     NFFT1 =  120       NFFT2 =  120       NFFT3 =  120
     Cutoff=   10.000   Tol   =0.100E-04
     Ewald Coefficient =  0.27511
     Interpolation order =    4

| PMEMD ewald parallel performance parameters:
|     block_fft =    0
|     fft_blk_y_divisor =    2
|     excl_recip =    0
|     excl_master =    0
|     atm_redist_freq =  320

    LOADING THE CONSTRAINED ATOMS AS GROUPS


   5.  REFERENCE ATOM COORDINATES

  default_name                                                                    
     Mask !:WAT & !@H; matches  5667 atoms
|      EXTRA_PTS, trim_bonds: num bonds BEFORE trim =111209     0
|      EXTRA_PTS, trim_bonds: num bonds AFTER  trim =111209     0
|      EXTRA_PTS, trim_bonds: num bonds BEFORE trim = 39057     0
|      EXTRA_PTS, trim_bonds: num bonds AFTER  trim =  2969     0
|      EXTRA_PTS, trim_theta: num angle BEFORE trim =  6691     0
|      EXTRA_PTS, trim_theta: num angle AFTER  trim =  6691     0
|      EXTRA_PTS, trim_theta: num angle BEFORE trim =  4014     0
|      EXTRA_PTS, trim_theta: num angle AFTER  trim =  4014     0
|      EXTRA_PTS, trim_phi:  num diheds BEFORE trim = 13555     0
|      EXTRA_PTS, trim_phi:  num diheds AFTER  trim = 13555     0
|      EXTRA_PTS, trim_phi:  num diheds BEFORE trim = 12752     0
|      EXTRA_PTS, trim_phi:  num diheds AFTER  trim = 12752     0

--------------------------------------------------------------------------------
   3.  ATOMIC COORDINATES AND VELOCITIES
--------------------------------------------------------------------------------

default_name                                                                    
 begin time read from input coords =     0.000 ps

 
 Number of triangulated 3-point waters found:    36088

     Sum of charges from parm topology file =  -0.00080309
     Forcing neutrality...

| Dynamic Memory, Types Used:
| Reals             6562679
| Integers          9525173

| Nonbonded Pairs Initial Allocation:     7364517

| Running AMBER/MPI version on    8 MPI task

 
--------------------------------------------------------------------------------
   4.  RESULTS
--------------------------------------------------------------------------------

 ---------------------------------------------------
 APPROXIMATING switch and d/dx switch using CUBIC SPLINE INTERPOLATION
 using   5000.0 points per unit in tabled values
 TESTING RELATIVE ERROR over r ranging from 0.0 to cutoff
| CHECK switch(x): max rel err =   0.3316E-14   at   2.351880
| CHECK d/dx switch(x): max rel err =   0.8066E-11   at   2.747240
 ---------------------------------------------------
|---------------------------------------------------
| APPROXIMATING direct energy using CUBIC SPLINE INTERPOLATION
|  with   50.0 points per unit in tabled values
| Relative Error Limit not exceeded for r .gt.   2.34
| APPROXIMATING direct force using CUBIC SPLINE INTERPOLATION
|  with   50.0 points per unit in tabled values
| Relative Error Limit not exceeded for r .gt.   2.81
|---------------------------------------------------

 NSTEP =        0   TIME(PS) =       0.000  TEMP(K) =   441.79  PRESS =     0.0
 Etot   =   -676695.3885  EKtot   =    101682.9787  EPtot      =   -778378.3672
 BOND   =       241.1947  ANGLE   =       821.8413  DIHED      =      1590.7286
 UB     =         0.0000  IMP     =         0.0000  CMAP       =       300.2469
 1-4 NB =      1110.0788  1-4 EEL =     12353.2180  VDWAALS    =    145713.9068
 EELEC  =   -940509.5824  EHBOND  =         0.0000  RESTRAINT  =         0.0000
 Ewald error estimate:   0.1767E-03
 ------------------------------------------------------------------------------

wrapping first mol.:     -117.31669        0.00000        0.00000

 NSTEP =      500   TIME(PS) =       1.000  TEMP(K) =   253.35  PRESS =     0.0
 Etot   =   -424332.4012  EKtot   =     58310.9265  EPtot      =   -482643.3276
 BOND   =       976.4615  ANGLE   =      2530.5447  DIHED      =      1978.1657
 UB     =         0.0000  IMP     =         0.0000  CMAP       =       312.6360
 1-4 NB =      1247.3821  1-4 EEL =     12388.0389  VDWAALS    =     70087.4621
 EELEC  =   -572635.2847  EHBOND  =         0.0000  RESTRAINT  =       471.2662
 EAMBER (non-restraint)  =   -483114.5938
 Ewald error estimate:   0.1995E-04
 ------------------------------------------------------------------------------

wrapping first mol.:     -117.31669        0.00000        0.00000

 NSTEP =     1000   TIME(PS) =       2.000  TEMP(K) =   279.11  PRESS =     0.0
 Etot   =   -411285.8172  EKtot   =     64241.5992  EPtot      =   -475527.4165
 BOND   =      1123.2728  ANGLE   =      2864.8897  DIHED      =      2025.7092
 UB     =         0.0000  IMP     =         0.0000  CMAP       =       314.8792
 1-4 NB =      1262.9903  1-4 EEL =     12317.0888  VDWAALS    =     65872.4870
 EELEC  =   -561823.6943  EHBOND  =         0.0000  RESTRAINT  =       514.9609
 EAMBER (non-restraint)  =   -476042.3774
 Ewald error estimate:   0.1100E-05
 ------------------------------------------------------------------------------

wrapping first mol.:     -117.31669        0.00000        0.00000

 NSTEP =     1500   TIME(PS) =       3.000  TEMP(K) =   290.55  PRESS =     0.0
 Etot   =   -405715.9303  EKtot   =     66873.4792  EPtot      =   -472589.4095
 BOND   =      1148.5198  ANGLE   =      2931.2708  DIHED      =      2042.7874
 UB     =         0.0000  IMP     =         0.0000  CMAP       =       316.9215
 1-4 NB =      1263.7183  1-4 EEL =     12306.9462  VDWAALS    =     64166.9237
 EELEC  =   -557309.7878  EHBOND  =         0.0000  RESTRAINT  =       543.2905
 EAMBER (non-restraint)  =   -473132.7000
 Ewald error estimate:   0.1668E-03
 ------------------------------------------------------------------------------

wrapping first mol.:     -117.31669        0.00000        0.00000

 NSTEP =     2000   TIME(PS) =       4.000  TEMP(K) =   296.00  PRESS =     0.0
 Etot   =   -402686.8094  EKtot   =     68128.9466  EPtot      =   -470815.7560
 BOND   =      1159.6574  ANGLE   =      3012.5866  DIHED      =      2045.3293
 UB     =         0.0000  IMP     =         0.0000  CMAP       =       321.5683
 1-4 NB =      1272.9965  1-4 EEL =     12288.0378  VDWAALS    =     63273.6578
 EELEC  =   -554741.9093  EHBOND  =         0.0000  RESTRAINT  =       552.3196
 EAMBER (non-restraint)  =   -471368.0756
 Ewald error estimate:   0.3913E-04
 ------------------------------------------------------------------------------

wrapping first mol.:     -117.31669        0.00000        0.00000

 NSTEP =     2500   TIME(PS) =       5.000  TEMP(K) =   295.36  PRESS =     0.0
 Etot   =   -401409.3788  EKtot   =     67979.8740  EPtot      =   -469389.2527
 BOND   =      1152.2779  ANGLE   =      2932.5250  DIHED      =      2027.7908
 UB     =         0.0000  IMP     =         0.0000  CMAP       =       310.5343
 1-4 NB =      1279.3943  1-4 EEL =     12342.9495  VDWAALS    =     63180.4126
 EELEC  =   -553154.7805  EHBOND  =         0.0000  RESTRAINT  =       539.6433
 EAMBER (non-restraint)  =   -469928.8960
 Ewald error estimate:   0.1436E-03
 ------------------------------------------------------------------------------

wrapping first mol.:     -117.31669        0.00000        0.00000

 NSTEP =     3000   TIME(PS) =       6.000  TEMP(K) =   296.10  PRESS =     0.0
 Etot   =   -400643.6370  EKtot   =     68151.8840  EPtot      =   -468795.5210
 BOND   =      1145.6797  ANGLE   =      2999.9330  DIHED      =      2104.6841
 UB     =         0.0000  IMP     =         0.0000  CMAP       =       318.0151
 1-4 NB =      1271.5450  1-4 EEL =     12291.5372  VDWAALS    =     61944.0499
 EELEC  =   -551477.7335  EHBOND  =         0.0000  RESTRAINT  =       606.7684
 EAMBER (non-restraint)  =   -469402.2895
 Ewald error estimate:   0.3577E-04
 ------------------------------------------------------------------------------

wrapping first mol.:     -117.31669        0.00000        0.00000

 NSTEP =     3500   TIME(PS) =       7.000  TEMP(K) =   297.24  PRESS =     0.0
 Etot   =   -399832.3857  EKtot   =     68413.3163  EPtot      =   -468245.7019
 BOND   =      1106.1117  ANGLE   =      2975.1927  DIHED      =      2058.1472
 UB     =         0.0000  IMP     =         0.0000  CMAP       =       322.8361
 1-4 NB =      1300.8144  1-4 EEL =     12298.0363  VDWAALS    =     62107.7819
 EELEC  =   -550983.2335  EHBOND  =         0.0000  RESTRAINT  =       568.6115
 EAMBER (non-restraint)  =   -468814.3134
 Ewald error estimate:   0.8449E-04
 ------------------------------------------------------------------------------

wrapping first mol.:     -117.31669        0.00000        0.00000

 NSTEP =     4000   TIME(PS) =       8.000  TEMP(K) =   296.74  PRESS =     0.0
 Etot   =   -399496.0093  EKtot   =     68298.7791  EPtot      =   -467794.7884
 BOND   =      1118.4687  ANGLE   =      2969.1674  DIHED      =      2083.4405
 UB     =         0.0000  IMP     =         0.0000  CMAP       =       322.1324
 1-4 NB =      1277.0350  1-4 EEL =     12301.3737  VDWAALS    =     61364.6920
 EELEC  =   -549828.3206  EHBOND  =         0.0000  RESTRAINT  =       597.2225
 EAMBER (non-restraint)  =   -468392.0108
 Ewald error estimate:   0.1157E-03
 ------------------------------------------------------------------------------

wrapping first mol.:     -117.31669        0.00000        0.00000

 NSTEP =     4500   TIME(PS) =       9.000  TEMP(K) =   296.25  PRESS =     0.0
 Etot   =   -399989.8160  EKtot   =     68186.6452  EPtot      =   -468176.4612
 BOND   =      1113.5857  ANGLE   =      3021.0895  DIHED      =      2042.2354
 UB     =         0.0000  IMP     =         0.0000  CMAP       =       311.4807
 1-4 NB =      1288.7712  1-4 EEL =     12302.0437  VDWAALS    =     60940.0283
 EELEC  =   -549785.6267  EHBOND  =         0.0000  RESTRAINT  =       589.9310
 EAMBER (non-restraint)  =   -468766.3922
 Ewald error estimate:   0.7992E-04
 ------------------------------------------------------------------------------

wrapping first mol.:     -117.31669        0.00000        0.00000

 NSTEP =     5000   TIME(PS) =      10.000  TEMP(K) =   297.33  PRESS =     0.0
 Etot   =   -399407.4150  EKtot   =     68435.2773  EPtot      =   -467842.6923
 BOND   =      1146.3031  ANGLE   =      2986.8636  DIHED      =      2014.6361
 UB     =         0.0000  IMP     =         0.0000  CMAP       =       332.6255
 1-4 NB =      1254.7508  1-4 EEL =     12359.5127  VDWAALS    =     61343.0294
 EELEC  =   -549883.6886  EHBOND  =         0.0000  RESTRAINT  =       603.2749
 EAMBER (non-restraint)  =   -468445.9672
 Ewald error estimate:   0.6234E-04
 ------------------------------------------------------------------------------

wrapping first mol.:     -117.31669        0.00000        0.00000

 NSTEP =     5500   TIME(PS) =      11.000  TEMP(K) =   297.22  PRESS =     0.0
 Etot   =   -399700.3438  EKtot   =     68408.9855  EPtot      =   -468109.3293
 BOND   =      1166.8684  ANGLE   =      2957.3477  DIHED      =      2032.3266
 UB     =         0.0000  IMP     =         0.0000  CMAP       =       333.8737
 1-4 NB =      1289.7945  1-4 EEL =     12328.4490  VDWAALS    =     61583.2378
 EELEC  =   -550382.0101  EHBOND  =         0.0000  RESTRAINT  =       580.7831
 EAMBER (non-restraint)  =   -468690.1124
 Ewald error estimate:   0.1193E-03
 ------------------------------------------------------------------------------

wrapping first mol.:     -117.31669        0.00000        0.00000

 NSTEP =     6000   TIME(PS) =      12.000  TEMP(K) =   298.08  PRESS =     0.0
 Etot   =   -399671.6535  EKtot   =     68606.6948  EPtot      =   -468278.3483
 BOND   =      1112.5192  ANGLE   =      3047.5387  DIHED      =      2032.4955
 UB     =         0.0000  IMP     =         0.0000  CMAP       =       318.0149
 1-4 NB =      1267.3501  1-4 EEL =     12351.5350  VDWAALS    =     61388.2694
 EELEC  =   -550381.6977  EHBOND  =         0.0000  RESTRAINT  =       585.6266
 EAMBER (non-restraint)  =   -468863.9749
 Ewald error estimate:   0.8354E-04
 ------------------------------------------------------------------------------

wrapping first mol.:     -117.31669        0.00000        0.00000

 NSTEP =     6500   TIME(PS) =      13.000  TEMP(K) =   298.95  PRESS =     0.0
 Etot   =   -399128.6372  EKtot   =     68807.2435  EPtot      =   -467935.8807
 BOND   =      1159.6713  ANGLE   =      2947.3131  DIHED      =      2035.6674
 UB     =         0.0000  IMP     =         0.0000  CMAP       =       327.0514
 1-4 NB =      1280.4379  1-4 EEL =     12366.3208  VDWAALS    =     61367.6554
 EELEC  =   -549995.4841  EHBOND  =         0.0000  RESTRAINT  =       575.4862
 EAMBER (non-restraint)  =   -468511.3669
 Ewald error estimate:   0.1717E-04
 ------------------------------------------------------------------------------

wrapping first mol.:     -117.31669        0.00000        0.00000

 NSTEP =     7000   TIME(PS) =      14.000  TEMP(K) =   298.50  PRESS =     0.0
 Etot   =   -399773.0898  EKtot   =     68703.6848  EPtot      =   -468476.7746
 BOND   =      1093.2618  ANGLE   =      2934.8494  DIHED      =      2024.2337
 UB     =         0.0000  IMP     =         0.0000  CMAP       =       323.4513
 1-4 NB =      1280.4727  1-4 EEL =     12360.5508  VDWAALS    =     61404.0688
 EELEC  =   -550493.7067  EHBOND  =         0.0000  RESTRAINT  =       596.0438
 EAMBER (non-restraint)  =   -469072.8183
 Ewald error estimate:   0.1169E-03
 ------------------------------------------------------------------------------

wrapping first mol.:     -117.31669        0.00000        0.00000

 NSTEP =     7500   TIME(PS) =      15.000  TEMP(K) =   297.34  PRESS =     0.0
 Etot   =   -399434.8119  EKtot   =     68436.5086  EPtot      =   -467871.3205
 BOND   =      1124.6231  ANGLE   =      2955.5087  DIHED      =      2035.6798
 UB     =         0.0000  IMP     =         0.0000  CMAP       =       326.6590
 1-4 NB =      1298.5077  1-4 EEL =     12362.5943  VDWAALS    =     61427.6981
 EELEC  =   -550003.9047  EHBOND  =         0.0000  RESTRAINT  =       601.3135
 EAMBER (non-restraint)  =   -468472.6340
 Ewald error estimate:   0.1294E-03
 ------------------------------------------------------------------------------

wrapping first mol.:     -117.31669        0.00000        0.00000

 NSTEP =     8000   TIME(PS) =      16.000  TEMP(K) =   297.77  PRESS =     0.0
 Etot   =   -400345.7854  EKtot   =     68535.4851  EPtot      =   -468881.2706
 BOND   =      1092.8366  ANGLE   =      2896.6450  DIHED      =      2012.4776
 UB     =         0.0000  IMP     =         0.0000  CMAP       =       311.2093
 1-4 NB =      1308.0913  1-4 EEL =     12360.7549  VDWAALS    =     61332.4712
 EELEC  =   -550791.2098  EHBOND  =         0.0000  RESTRAINT  =       595.4534
 EAMBER (non-restraint)  =   -469476.7239
 Ewald error estimate:   0.3593E-04
 ------------------------------------------------------------------------------

wrapping first mol.:     -117.31669        0.00000        0.00000

 NSTEP =     8500   TIME(PS) =      17.000  TEMP(K) =   296.84  PRESS =     0.0
 Etot   =   -400038.7763  EKtot   =     68320.6828  EPtot      =   -468359.4590
 BOND   =      1135.5099  ANGLE   =      2963.7056  DIHED      =      2057.5553
 UB     =         0.0000  IMP     =         0.0000  CMAP       =       323.2183
 1-4 NB =      1256.1197  1-4 EEL =     12316.3920  VDWAALS    =     61414.6210
 EELEC  =   -550410.9351  EHBOND  =         0.0000  RESTRAINT  =       584.3543
 EAMBER (non-restraint)  =   -468943.8134
 Ewald error estimate:   0.1040E-03
 ------------------------------------------------------------------------------

wrapping first mol.:     -117.31669        0.00000        0.00000

 NSTEP =     9000   TIME(PS) =      18.000  TEMP(K) =   298.22  PRESS =     0.0
 Etot   =   -399904.9437  EKtot   =     68638.0153  EPtot      =   -468542.9590
 BOND   =      1144.5567  ANGLE   =      2975.1481  DIHED      =      2017.5789
 UB     =         0.0000  IMP     =         0.0000  CMAP       =       325.1820
 1-4 NB =      1278.7661  1-4 EEL =     12293.6021  VDWAALS    =     61228.3605
 EELEC  =   -550415.4866  EHBOND  =         0.0000  RESTRAINT  =       609.3333
 EAMBER (non-restraint)  =   -469152.2922
 Ewald error estimate:   0.2555E-04
 ------------------------------------------------------------------------------

wrapping first mol.:     -117.31669        0.00000        0.00000

 NSTEP =     9500   TIME(PS) =      19.000  TEMP(K) =   298.35  PRESS =     0.0
 Etot   =   -399914.8792  EKtot   =     68669.8245  EPtot      =   -468584.7037
 BOND   =      1114.6733  ANGLE   =      2982.0338  DIHED      =      2024.8702
 UB     =         0.0000  IMP     =         0.0000  CMAP       =       315.9081
 1-4 NB =      1299.4873  1-4 EEL =     12359.5813  VDWAALS    =     61641.6826
 EELEC  =   -550886.1579  EHBOND  =         0.0000  RESTRAINT  =       563.2175
 EAMBER (non-restraint)  =   -469147.9212
 Ewald error estimate:   0.3847E-04
 ------------------------------------------------------------------------------

wrapping first mol.:     -117.31669        0.00000        0.00000
wrapping first mol.:     -117.31669        0.00000        0.00000

 NSTEP =    10000   TIME(PS) =      20.000  TEMP(K) =   296.57  PRESS =     0.0
 Etot   =   -400191.1759  EKtot   =     68260.1550  EPtot      =   -468451.3309
 BOND   =      1129.0321  ANGLE   =      2994.2946  DIHED      =      2011.5549
 UB     =         0.0000  IMP     =         0.0000  CMAP       =       312.6814
 1-4 NB =      1267.8152  1-4 EEL =     12335.0439  VDWAALS    =     62255.3086
 EELEC  =   -551354.4488  EHBOND  =         0.0000  RESTRAINT  =       597.3872
 EAMBER (non-restraint)  =   -469048.7181
 Ewald error estimate:   0.6558E-05
 ------------------------------------------------------------------------------


      A V E R A G E S   O V E R      20 S T E P S


 NSTEP =    10000   TIME(PS) =      20.000  TEMP(K) =   293.79  PRESS =     0.0
 Etot   =   -402145.1848  EKtot   =     67620.4004  EPtot      =   -469765.5852
 BOND   =      1123.1945  ANGLE   =      2943.9224  DIHED      =      2035.3683
 UB     =         0.0000  IMP     =         0.0000  CMAP       =       320.0439
 1-4 NB =      1277.3120  1-4 EEL =     12331.5194  VDWAALS    =     62466.1949
 EELEC  =   -552836.9551  EHBOND  =         0.0000  RESTRAINT  =       573.8144
 EAMBER (non-restraint)  =   -470339.3996
 Ewald error estimate:   0.7128E-04
 ------------------------------------------------------------------------------


      R M S  F L U C T U A T I O N S


 NSTEP =    10000   TIME(PS) =      20.000  TEMP(K) =    10.19  PRESS =     0.0
 Etot   =      5795.7982  EKtot   =      2346.2848  EPtot      =      3482.3790
 BOND   =        39.7993  ANGLE   =       103.3003  DIHED      =        26.3061
 UB     =         0.0000  IMP     =         0.0000  CMAP       =         6.7737
 1-4 NB =        16.1853  1-4 EEL =        30.0496  VDWAALS    =      2108.8953
 EELEC  =      5405.6593  EHBOND  =         0.0000  RESTRAINT  =        34.1175
 EAMBER (non-restraint)  =      3448.2615
 Ewald error estimate:   0.4849E-04
 ------------------------------------------------------------------------------

--------------------------------------------------------------------------------
   5.  TIMINGS
--------------------------------------------------------------------------------

|  NonSetup CPU Time in Major Routines, Average for All Tasks:
|
|     Routine           Sec        %
|     ------------------------------
|     DataDistrib      25.15    2.67
|     Nonbond         870.26   92.47
|     Bond              0.13    0.01
|     Angle             0.93    0.10
|     Dihedral          4.91    0.52
|     Shake             4.03    0.43
|     RunMD            35.64    3.79
|     Other             0.04    0.00
|     ------------------------------
|     Total           941.09

|  PME Nonbond Pairlist CPU Time, Average for All Tasks:
|
|     Routine              Sec        %
|     ---------------------------------
|     Set Up Cit           3.14    0.33
|     Build List         128.51   13.66
|     ---------------------------------
|     Total              131.65   13.99

|  PME Direct Force CPU Time, Average for All Tasks:
|
|     Routine              Sec        %
|     ---------------------------------
|     NonBonded Calc     603.21   64.10
|     Exclude Masked       7.62    0.81
|     Other               18.73    1.99
|     ---------------------------------
|     Total              629.56   66.90

|  PME Reciprocal Force CPU Time, Average for All Tasks:
|
|     Routine              Sec        %
|     ---------------------------------
|     1D bspline          13.30    1.41
|     Grid Charges        13.63    1.45
|     Scalar Sum           4.55    0.48
|     Gradient Sum        17.99    1.91
|     FFT                 59.47    6.32
|     ---------------------------------
|     Total              108.94   11.58

|  PME Load Balancing CPU Time, Average for All Tasks:
|
|     Routine                 Sec        %
|     ------------------------------------
|     Atom Reassign           0.02    0.00
|     Image Reassign          0.03    0.00
|     FFT Reassign            0.00    0.00
|     ------------------------------------
|     Total                   0.05    0.00

|  Final Performance Info:
|     -----------------------------------------------------
|     Average timings for last       1 steps:
|     Elapsed(s) =       0.02 Per Step(ms) =      16.02
|         ns/day =      10.78   seconds/ns =    8012.45
|
|     Average timings for all steps:
|     Elapsed(s) =     941.22 Per Step(ms) =      94.12
|         ns/day =       1.84   seconds/ns =   47061.12
|     -----------------------------------------------------

|  Master Setup CPU time:            0.72 seconds
|  Master NonSetup CPU time:       941.04 seconds
|  Master Total CPU time:          941.76 seconds     0.26 hours

|  Master Setup wall time:           1    seconds
|  Master NonSetup wall time:      941    seconds
|  Master Total wall time:         942    seconds     0.26 hours
