Updating system with the options from the configuration file
Maximum wallclock time: 2 days, 0:00:00

Thu Aug 11 11:51:28 2022
Iteration 48 (500 requested)
Beginning iteration 48
40 segments remain in iteration 48 (40 total)
5 of 32 (15.625000%) active bins are populated
per-bin minimum non-zero probability:       3.55271e-26
per-bin maximum probability:                0.943118
per-bin probability dynamic range (kT):     58.5409
per-segment minimum non-zero probability:   4.44089e-27
per-segment maximum non-zero probability:   0.152933
per-segment probability dynamic range (kT): 58.8012
norm = 1, error in norm = -2.22045e-16 (-1*epsilon)
MAB binning in use
Bottleneck bin occupancy may not be accurately reported
Waiting for segments to complete...
Iteration completed successfully
Iteration wallclock: 0:15:44.313331, cputime: 1:29:09.274536


Thu Aug 11 12:07:12 2022
Iteration 49 (500 requested)
Beginning iteration 49
40 segments remain in iteration 49 (40 total)
5 of 32 (15.625000%) active bins are populated
per-bin minimum non-zero probability:       4.44089e-27
per-bin maximum probability:                0.99289
per-bin probability dynamic range (kT):     60.6718
per-segment minimum non-zero probability:   5.55111e-28
per-segment maximum non-zero probability:   0.152933
per-segment probability dynamic range (kT): 60.8806
norm = 1, error in norm = -2.22045e-16 (-1*epsilon)
MAB binning in use
Bottleneck bin occupancy may not be accurately reported
Waiting for segments to complete...
Iteration completed successfully
Iteration wallclock: 0:13:56.760566, cputime: 1:29:01.319055


Thu Aug 11 12:21:09 2022
Iteration 50 (500 requested)
Beginning iteration 50
32 segments remain in iteration 50 (32 total)
4 of 32 (12.500000%) active bins are populated
per-bin minimum non-zero probability:       5.55111e-28
per-bin maximum probability:                0.999778
per-bin probability dynamic range (kT):     62.7582
per-segment minimum non-zero probability:   6.93888e-29
per-segment maximum non-zero probability:   0.152933
per-segment probability dynamic range (kT): 62.9601
norm = 1, error in norm = -2.22045e-16 (-1*epsilon)
MAB binning in use
Bottleneck bin occupancy may not be accurately reported
Waiting for segments to complete...
Iteration completed successfully
Iteration wallclock: 0:11:09.217901, cputime: 1:11:07.202928


Thu Aug 11 12:32:18 2022
Iteration 51 (500 requested)
Beginning iteration 51
40 segments remain in iteration 51 (40 total)
5 of 32 (15.625000%) active bins are populated
per-bin minimum non-zero probability:       6.93888e-29
per-bin maximum probability:                0.850094
per-bin probability dynamic range (kT):     64.6754
per-segment minimum non-zero probability:   8.67361e-30
per-segment maximum non-zero probability:   0.152933
per-segment probability dynamic range (kT): 65.0395
norm = 1, error in norm = -2.22045e-16 (-1*epsilon)
MAB binning in use
Bottleneck bin occupancy may not be accurately reported
Waiting for segments to complete...
Iteration completed successfully
Iteration wallclock: 0:13:57.232461, cputime: 1:28:54.593022


Thu Aug 11 12:46:15 2022
Iteration 52 (500 requested)
Beginning iteration 52
40 segments remain in iteration 52 (40 total)
5 of 32 (15.625000%) active bins are populated
per-bin minimum non-zero probability:       8.67361e-30
per-bin maximum probability:                0.981262
per-bin probability dynamic range (kT):     66.8984
per-segment minimum non-zero probability:   1.0842e-30
per-segment maximum non-zero probability:   0.152933
per-segment probability dynamic range (kT): 67.119
norm = 1, error in norm = -2.22045e-16 (-1*epsilon)
MAB binning in use
Bottleneck bin occupancy may not be accurately reported
Waiting for segments to complete...
Iteration completed successfully
Iteration wallclock: 0:13:57.484731, cputime: 1:28:54.976364


Thu Aug 11 13:00:13 2022
Iteration 53 (500 requested)
Beginning iteration 53
40 segments remain in iteration 53 (40 total)
5 of 32 (15.625000%) active bins are populated
per-bin minimum non-zero probability:       1.0842e-30
per-bin maximum probability:                0.999999
per-bin probability dynamic range (kT):     68.9967
per-segment minimum non-zero probability:   1.35525e-31
per-segment maximum non-zero probability:   0.152933
per-segment probability dynamic range (kT): 69.1984
norm = 1, error in norm = -2.22045e-16 (-1*epsilon)
MAB binning in use
Bottleneck bin occupancy may not be accurately reported
Waiting for segments to complete...
Iteration completed successfully
Iteration wallclock: 0:13:58.409932, cputime: 1:28:56.651930


Thu Aug 11 13:14:11 2022
Iteration 54 (500 requested)
Beginning iteration 54
32 segments remain in iteration 54 (32 total)
4 of 32 (12.500000%) active bins are populated
per-bin minimum non-zero probability:       1.35525e-31
per-bin maximum probability:                0.882357
per-bin probability dynamic range (kT):     70.951
per-segment minimum non-zero probability:   1.69406e-32
per-segment maximum non-zero probability:   0.152933
per-segment probability dynamic range (kT): 71.2778
norm = 1, error in norm = -2.22045e-16 (-1*epsilon)
MAB binning in use
Bottleneck bin occupancy may not be accurately reported
Waiting for segments to complete...
Iteration completed successfully
Iteration wallclock: 0:11:09.830356, cputime: 1:11:14.200588


Thu Aug 11 13:25:21 2022
Iteration 55 (500 requested)
Beginning iteration 55
32 segments remain in iteration 55 (32 total)
4 of 32 (12.500000%) active bins are populated
per-bin minimum non-zero probability:       1.69406e-32
per-bin maximum probability:                0.985295
per-bin probability dynamic range (kT):     73.1408
per-segment minimum non-zero probability:   2.11758e-33
per-segment maximum non-zero probability:   0.152933
per-segment probability dynamic range (kT): 73.3573
norm = 1, error in norm = -2.22045e-16 (-1*epsilon)
MAB binning in use
Bottleneck bin occupancy may not be accurately reported
Waiting for segments to complete...
Iteration completed successfully
Iteration wallclock: 0:11:09.815106, cputime: 1:11:09.117385


Thu Aug 11 13:36:31 2022
Iteration 56 (500 requested)
Beginning iteration 56
40 segments remain in iteration 56 (40 total)
5 of 32 (15.625000%) active bins are populated
per-bin minimum non-zero probability:       2.11758e-33
per-bin maximum probability:                1
per-bin probability dynamic range (kT):     75.235
per-segment minimum non-zero probability:   2.64697e-34
per-segment maximum non-zero probability:   0.152933
per-segment probability dynamic range (kT): 75.4367
norm = 1, error in norm = 0 (0*epsilon)
MAB binning in use
Bottleneck bin occupancy may not be accurately reported
Waiting for segments to complete...
Iteration completed successfully
Iteration wallclock: 0:13:57.075672, cputime: 1:28:54.675942


Thu Aug 11 13:50:28 2022
Iteration 57 (500 requested)
Beginning iteration 57
40 segments remain in iteration 57 (40 total)
5 of 32 (15.625000%) active bins are populated
per-bin minimum non-zero probability:       2.64697e-34
per-bin maximum probability:                0.847067
per-bin probability dynamic range (kT):     77.1485
per-segment minimum non-zero probability:   3.30872e-35
per-segment maximum non-zero probability:   0.131365
per-segment probability dynamic range (kT): 77.3641
norm = 1, error in norm = -2.22045e-16 (-1*epsilon)
MAB binning in use
Bottleneck bin occupancy may not be accurately reported
Waiting for segments to complete...
Iteration completed successfully
Iteration wallclock: 0:13:56.901002, cputime: 1:29:04.392145


Thu Aug 11 14:04:25 2022
Iteration 58 (500 requested)
Beginning iteration 58
40 segments remain in iteration 58 (40 total)
5 of 32 (15.625000%) active bins are populated
per-bin minimum non-zero probability:       3.30872e-35
per-bin maximum probability:                0.868635
per-bin probability dynamic range (kT):     79.2531
per-segment minimum non-zero probability:   4.1359e-36
per-segment maximum non-zero probability:   0.12733
per-segment probability dynamic range (kT): 79.4124
norm = 1, error in norm = -3.33067e-16 (-1.5*epsilon)
MAB binning in use
Bottleneck bin occupancy may not be accurately reported
Waiting for segments to complete...
Iteration completed successfully
Iteration wallclock: 0:13:56.924886, cputime: 1:28:56.651605


Thu Aug 11 14:18:22 2022
Iteration 59 (500 requested)
Beginning iteration 59
40 segments remain in iteration 59 (40 total)
5 of 32 (15.625000%) active bins are populated
per-bin minimum non-zero probability:       4.1359e-36
per-bin maximum probability:                0.983579
per-bin probability dynamic range (kT):     81.4568
per-segment minimum non-zero probability:   5.16987e-37
per-segment maximum non-zero probability:   0.152933
per-segment probability dynamic range (kT): 81.675
norm = 1, error in norm = -2.22045e-16 (-1*epsilon)
MAB binning in use
Bottleneck bin occupancy may not be accurately reported
Waiting for segments to complete...
Iteration completed successfully
Iteration wallclock: 0:13:58.227952, cputime: 1:29:09.057432


Thu Aug 11 14:32:20 2022
Iteration 60 (500 requested)
Beginning iteration 60
32 segments remain in iteration 60 (32 total)
4 of 32 (12.500000%) active bins are populated
per-bin minimum non-zero probability:       5.16987e-37
per-bin maximum probability:                1
per-bin probability dynamic range (kT):     83.5528
per-segment minimum non-zero probability:   6.46234e-38
per-segment maximum non-zero probability:   0.152933
per-segment probability dynamic range (kT): 83.7545
norm = 1, error in norm = -2.22045e-16 (-1*epsilon)
MAB binning in use
Bottleneck bin occupancy may not be accurately reported
Waiting for segments to complete...
Iteration completed successfully
Iteration wallclock: 0:11:10.263871, cputime: 1:11:15.931894


Thu Aug 11 14:43:30 2022
Iteration 61 (500 requested)
Beginning iteration 61
40 segments remain in iteration 61 (40 total)
5 of 32 (15.625000%) active bins are populated
per-bin minimum non-zero probability:       6.46234e-38
per-bin maximum probability:                0.882367
per-bin probability dynamic range (kT):     85.5071
per-segment minimum non-zero probability:   8.07792e-39
per-segment maximum non-zero probability:   0.152933
per-segment probability dynamic range (kT): 85.8339
norm = 1, error in norm = -2.22045e-16 (-1*epsilon)
MAB binning in use
Bottleneck bin occupancy may not be accurately reported
Waiting for segments to complete...
Iteration completed successfully
Iteration wallclock: 0:13:57.657921, cputime: 1:29:08.416538


Thu Aug 11 14:57:28 2022
Iteration 62 (500 requested)
Beginning iteration 62
40 segments remain in iteration 62 (40 total)
5 of 32 (15.625000%) active bins are populated
per-bin minimum non-zero probability:       8.07792e-39
per-bin maximum probability:                1
per-bin probability dynamic range (kT):     87.7117
per-segment minimum non-zero probability:   1.00974e-39
per-segment maximum non-zero probability:   0.152933
per-segment probability dynamic range (kT): 87.9134
norm = 1, error in norm = -2.22045e-16 (-1*epsilon)
MAB binning in use
Bottleneck bin occupancy may not be accurately reported
Waiting for segments to complete...
Iteration completed successfully
Iteration wallclock: 0:13:58.482256, cputime: 1:29:05.894497


Thu Aug 11 15:11:26 2022
Iteration 63 (500 requested)
Beginning iteration 63
32 segments remain in iteration 63 (32 total)
4 of 32 (12.500000%) active bins are populated
per-bin minimum non-zero probability:       1.00974e-39
per-bin maximum probability:                1
per-bin probability dynamic range (kT):     89.7911
per-segment minimum non-zero probability:   1.26218e-40
per-segment maximum non-zero probability:   0.152933
per-segment probability dynamic range (kT): 89.9928
norm = 1, error in norm = -2.22045e-16 (-1*epsilon)
MAB binning in use
Bottleneck bin occupancy may not be accurately reported
Waiting for segments to complete...
Iteration completed successfully
Iteration wallclock: 0:11:10.422352, cputime: 1:11:11.639377


Thu Aug 11 15:22:37 2022
Iteration 64 (500 requested)
Beginning iteration 64
40 segments remain in iteration 64 (40 total)
5 of 32 (15.625000%) active bins are populated
per-bin minimum non-zero probability:       1.26218e-40
per-bin maximum probability:                0.882357
per-bin probability dynamic range (kT):     91.7454
per-segment minimum non-zero probability:   1.57772e-41
per-segment maximum non-zero probability:   0.152933
per-segment probability dynamic range (kT): 92.0723
norm = 1, error in norm = -3.33067e-16 (-1.5*epsilon)
MAB binning in use
Bottleneck bin occupancy may not be accurately reported
Waiting for segments to complete...
Iteration completed successfully
Iteration wallclock: 0:13:57.590777, cputime: 1:29:02.502683


Thu Aug 11 15:36:35 2022
Iteration 65 (500 requested)
Beginning iteration 65
40 segments remain in iteration 65 (40 total)
5 of 32 (15.625000%) active bins are populated
per-bin minimum non-zero probability:       1.57772e-41
per-bin maximum probability:                0.970589
per-bin probability dynamic range (kT):     93.9202
per-segment minimum non-zero probability:   1.97215e-42
per-segment maximum non-zero probability:   0.152933
per-segment probability dynamic range (kT): 94.1517
norm = 1, error in norm = -2.22045e-16 (-1*epsilon)
MAB binning in use
Bottleneck bin occupancy may not be accurately reported
Waiting for segments to complete...
Iteration completed successfully
Iteration wallclock: 0:13:57.544451, cputime: 1:28:58.206165


Thu Aug 11 15:50:32 2022
Iteration 66 (500 requested)
Beginning iteration 66
40 segments remain in iteration 66 (40 total)
5 of 32 (15.625000%) active bins are populated
per-bin minimum non-zero probability:       1.97215e-42
per-bin maximum probability:                0.996324
per-bin probability dynamic range (kT):     96.0258
per-segment minimum non-zero probability:   2.46519e-43
per-segment maximum non-zero probability:   0.152933
per-segment probability dynamic range (kT): 96.2311
norm = 1, error in norm = -1.11022e-16 (-0.5*epsilon)
MAB binning in use
Bottleneck bin occupancy may not be accurately reported
Waiting for segments to complete...
Iteration completed successfully
Iteration wallclock: 0:13:57.351336, cputime: 1:29:04.216095


Thu Aug 11 16:04:29 2022
Iteration 67 (500 requested)
Beginning iteration 67
40 segments remain in iteration 67 (40 total)
5 of 32 (15.625000%) active bins are populated
per-bin minimum non-zero probability:       2.46519e-43
per-bin maximum probability:                0.99954
per-bin probability dynamic range (kT):     98.1084
per-segment minimum non-zero probability:   3.08148e-44
per-segment maximum non-zero probability:   0.152933
per-segment probability dynamic range (kT): 98.3106
norm = 1, error in norm = -1.11022e-16 (-0.5*epsilon)
MAB binning in use
Bottleneck bin occupancy may not be accurately reported
Waiting for segments to complete...
Iteration completed successfully
Iteration wallclock: 0:13:58.157091, cputime: 1:29:00.681325


Thu Aug 11 16:18:28 2022
Iteration 68 (500 requested)
Beginning iteration 68
40 segments remain in iteration 68 (40 total)
5 of 32 (15.625000%) active bins are populated
per-bin minimum non-zero probability:       3.08148e-44
per-bin maximum probability:                0.999943
per-bin probability dynamic range (kT):     100.188
per-segment minimum non-zero probability:   3.85185e-45
per-segment maximum non-zero probability:   0.152933
per-segment probability dynamic range (kT): 100.39
norm = 1, error in norm = -4.44089e-16 (-2*epsilon)
MAB binning in use
Bottleneck bin occupancy may not be accurately reported
Waiting for segments to complete...
Iteration completed successfully
Iteration wallclock: 0:13:57.161314, cputime: 1:29:06.516506


Thu Aug 11 16:32:25 2022
Iteration 69 (500 requested)
Beginning iteration 69
40 segments remain in iteration 69 (40 total)
5 of 32 (15.625000%) active bins are populated
per-bin minimum non-zero probability:       3.85185e-45
per-bin maximum probability:                0.882364
per-bin probability dynamic range (kT):     102.143
per-segment minimum non-zero probability:   4.81482e-46
per-segment maximum non-zero probability:   0.152933
per-segment probability dynamic range (kT): 102.469
norm = 1, error in norm = -2.22045e-16 (-1*epsilon)
MAB binning in use
Bottleneck bin occupancy may not be accurately reported
Waiting for segments to complete...
Iteration completed successfully
Iteration wallclock: 0:13:57.211037, cputime: 1:29:06.221155


Thu Aug 11 16:46:22 2022
Iteration 70 (500 requested)
Beginning iteration 70
40 segments remain in iteration 70 (40 total)
5 of 32 (15.625000%) active bins are populated
per-bin minimum non-zero probability:       4.81482e-46
per-bin maximum probability:                0.985295
per-bin probability dynamic range (kT):     104.332
per-segment minimum non-zero probability:   6.01852e-47
per-segment maximum non-zero probability:   0.152933
per-segment probability dynamic range (kT): 104.549
norm = 1, error in norm = -2.22045e-16 (-1*epsilon)
MAB binning in use
Bottleneck bin occupancy may not be accurately reported
Waiting for segments to complete...
Iteration completed successfully
Iteration wallclock: 0:13:58.413348, cputime: 1:29:02.231421


Thu Aug 11 17:00:20 2022
Iteration 71 (500 requested)
Beginning iteration 71
40 segments remain in iteration 71 (40 total)
5 of 32 (15.625000%) active bins are populated
per-bin minimum non-zero probability:       6.01852e-47
per-bin maximum probability:                0.998162
per-bin probability dynamic range (kT):     106.425
per-segment minimum non-zero probability:   7.52315e-48
per-segment maximum non-zero probability:   0.152933
per-segment probability dynamic range (kT): 106.628
norm = 1, error in norm = -2.22045e-16 (-1*epsilon)
MAB binning in use
Bottleneck bin occupancy may not be accurately reported
Waiting for segments to complete...
Iteration completed successfully
Iteration wallclock: 0:13:56.463198, cputime: 1:29:01.461983


Thu Aug 11 17:14:17 2022
Iteration 72 (500 requested)
Beginning iteration 72
40 segments remain in iteration 72 (40 total)
5 of 32 (15.625000%) active bins are populated
per-bin minimum non-zero probability:       7.52315e-48
per-bin maximum probability:                0.99977
per-bin probability dynamic range (kT):     108.506
per-segment minimum non-zero probability:   9.40394e-49
per-segment maximum non-zero probability:   0.152933
per-segment probability dynamic range (kT): 108.708
norm = 1, error in norm = -2.22045e-16 (-1*epsilon)
MAB binning in use
Bottleneck bin occupancy may not be accurately reported
Waiting for segments to complete...
Iteration completed successfully
Iteration wallclock: 0:13:56.487556, cputime: 1:28:56.723331


Thu Aug 11 17:28:13 2022
Iteration 73 (500 requested)
Beginning iteration 73
40 segments remain in iteration 73 (40 total)
5 of 32 (15.625000%) active bins are populated
per-bin minimum non-zero probability:       9.40394e-49
per-bin maximum probability:                0.999971
per-bin probability dynamic range (kT):     110.586
per-segment minimum non-zero probability:   1.17549e-49
per-segment maximum non-zero probability:   0.152933
per-segment probability dynamic range (kT): 110.787
norm = 1, error in norm = -2.22045e-16 (-1*epsilon)
MAB binning in use
Bottleneck bin occupancy may not be accurately reported
Waiting for segments to complete...
Iteration completed successfully
Iteration wallclock: 0:13:58.327974, cputime: 1:28:58.016493


Thu Aug 11 17:42:12 2022
Iteration 74 (500 requested)
Beginning iteration 74
40 segments remain in iteration 74 (40 total)
5 of 32 (15.625000%) active bins are populated
per-bin minimum non-zero probability:       1.17549e-49
per-bin maximum probability:                0.999996
per-bin probability dynamic range (kT):     112.665
per-segment minimum non-zero probability:   1.46937e-50
per-segment maximum non-zero probability:   0.152933
per-segment probability dynamic range (kT): 112.867
norm = 1, error in norm = -2.22045e-16 (-1*epsilon)
MAB binning in use
Bottleneck bin occupancy may not be accurately reported
Waiting for segments to complete...
Iteration completed successfully
Iteration wallclock: 0:13:57.885230, cputime: 1:28:57.919076


Thu Aug 11 17:56:10 2022
Iteration 75 (500 requested)
Beginning iteration 75
40 segments remain in iteration 75 (40 total)
5 of 32 (15.625000%) active bins are populated
per-bin minimum non-zero probability:       1.46937e-50
per-bin maximum probability:                1
per-bin probability dynamic range (kT):     114.744
per-segment minimum non-zero probability:   1.83671e-51
per-segment maximum non-zero probability:   0.152933
per-segment probability dynamic range (kT): 114.946
norm = 1, error in norm = -2.22045e-16 (-1*epsilon)
MAB binning in use
Bottleneck bin occupancy may not be accurately reported
Waiting for segments to complete...
Iteration completed successfully
Iteration wallclock: 0:13:58.545639, cputime: 1:29:06.203563


Thu Aug 11 18:10:08 2022
Iteration 76 (500 requested)
Beginning iteration 76
40 segments remain in iteration 76 (40 total)
5 of 32 (15.625000%) active bins are populated
per-bin minimum non-zero probability:       1.83671e-51
per-bin maximum probability:                1
per-bin probability dynamic range (kT):     116.824
per-segment minimum non-zero probability:   2.29588e-52
per-segment maximum non-zero probability:   0.152933
per-segment probability dynamic range (kT): 117.026
norm = 1, error in norm = -2.22045e-16 (-1*epsilon)
MAB binning in use
Bottleneck bin occupancy may not be accurately reported
Waiting for segments to complete...
Iteration completed successfully
Iteration wallclock: 0:13:58.683832, cputime: 1:29:05.161077


Thu Aug 11 18:24:07 2022
Iteration 77 (500 requested)
Beginning iteration 77
40 segments remain in iteration 77 (40 total)
5 of 32 (15.625000%) active bins are populated
per-bin minimum non-zero probability:       2.29588e-52
per-bin maximum probability:                0.884148
per-bin probability dynamic range (kT):     118.78
per-segment minimum non-zero probability:   2.86986e-53
per-segment maximum non-zero probability:   0.152933
per-segment probability dynamic range (kT): 119.105
norm = 1, error in norm = -2.22045e-16 (-1*epsilon)
MAB binning in use
Bottleneck bin occupancy may not be accurately reported
Waiting for segments to complete...
Iteration completed successfully
Iteration wallclock: 0:13:57.771063, cputime: 1:28:59.874657


Thu Aug 11 18:38:05 2022
Iteration 78 (500 requested)
Beginning iteration 78
40 segments remain in iteration 78 (40 total)
5 of 32 (15.625000%) active bins are populated
per-bin minimum non-zero probability:       2.86986e-53
per-bin maximum probability:                0.985519
per-bin probability dynamic range (kT):     120.968
per-segment minimum non-zero probability:   3.58732e-54
per-segment maximum non-zero probability:   0.152933
per-segment probability dynamic range (kT): 121.184
norm = 1, error in norm = -2.22045e-16 (-1*epsilon)
MAB binning in use
Bottleneck bin occupancy may not be accurately reported
Waiting for segments to complete...
Iteration completed successfully
Iteration wallclock: 0:13:57.495978, cputime: 1:29:02.945666


Thu Aug 11 18:52:02 2022
Iteration 79 (500 requested)
Beginning iteration 79
40 segments remain in iteration 79 (40 total)
5 of 32 (15.625000%) active bins are populated
per-bin minimum non-zero probability:       3.58732e-54
per-bin maximum probability:                0.898629
per-bin probability dynamic range (kT):     122.955
per-segment minimum non-zero probability:   4.48415e-55
per-segment maximum non-zero probability:   0.152933
per-segment probability dynamic range (kT): 123.264
norm = 1, error in norm = -2.22045e-16 (-1*epsilon)
MAB binning in use
Bottleneck bin occupancy may not be accurately reported
Waiting for segments to complete...
Iteration completed successfully
Iteration wallclock: 0:13:57.028386, cputime: 1:29:00.424592


Thu Aug 11 19:05:59 2022
Iteration 80 (500 requested)
Beginning iteration 80
40 segments remain in iteration 80 (40 total)
5 of 32 (15.625000%) active bins are populated
per-bin minimum non-zero probability:       4.48415e-55
per-bin maximum probability:                0.987329
per-bin probability dynamic range (kT):     125.129
per-segment minimum non-zero probability:   5.60519e-56
per-segment maximum non-zero probability:   0.152933
per-segment probability dynamic range (kT): 125.343
norm = 1, error in norm = -1.11022e-16 (-0.5*epsilon)
MAB binning in use
Bottleneck bin occupancy may not be accurately reported
Waiting for segments to complete...
Iteration completed successfully
Iteration wallclock: 0:13:56.038587, cputime: 1:28:56.835610


Thu Aug 11 19:19:55 2022
Iteration 81 (500 requested)
Beginning iteration 81
40 segments remain in iteration 81 (40 total)
5 of 32 (15.625000%) active bins are populated
per-bin minimum non-zero probability:       5.60519e-56
per-bin maximum probability:                0.998416
per-bin probability dynamic range (kT):     127.219
per-segment minimum non-zero probability:   7.00648e-57
per-segment maximum non-zero probability:   0.152933
per-segment probability dynamic range (kT): 127.423
norm = 1, error in norm = -3.33067e-16 (-1.5*epsilon)
MAB binning in use
Bottleneck bin occupancy may not be accurately reported
Waiting for segments to complete...
Iteration completed successfully
Iteration wallclock: 0:13:57.872169, cputime: 1:28:55.098303


Thu Aug 11 19:33:53 2022
Iteration 82 (500 requested)
Beginning iteration 82
40 segments remain in iteration 82 (40 total)
5 of 32 (15.625000%) active bins are populated
per-bin minimum non-zero probability:       7.00648e-57
per-bin maximum probability:                0.999604
per-bin probability dynamic range (kT):     129.3
per-segment minimum non-zero probability:   8.7581e-58
per-segment maximum non-zero probability:   0.152933
per-segment probability dynamic range (kT): 129.502
norm = 1, error in norm = -3.33067e-16 (-1.5*epsilon)
MAB binning in use
Bottleneck bin occupancy may not be accurately reported
Waiting for segments to complete...
Iteration completed successfully
Iteration wallclock: 0:13:56.801652, cputime: 1:28:59.189630


Thu Aug 11 19:47:50 2022
Iteration 83 (500 requested)
Beginning iteration 83
32 segments remain in iteration 83 (32 total)
4 of 32 (12.500000%) active bins are populated
per-bin minimum non-zero probability:       8.7581e-58
per-bin maximum probability:                0.999975
per-bin probability dynamic range (kT):     131.38
per-segment minimum non-zero probability:   1.09476e-58
per-segment maximum non-zero probability:   0.152933
per-segment probability dynamic range (kT): 131.582
norm = 1, error in norm = -2.22045e-16 (-1*epsilon)
MAB binning in use
Bottleneck bin occupancy may not be accurately reported
Waiting for segments to complete...
Iteration completed successfully
Iteration wallclock: 0:11:10.710016, cputime: 1:11:11.456194


Thu Aug 11 19:59:01 2022
Iteration 84 (500 requested)
Beginning iteration 84
32 segments remain in iteration 84 (32 total)
4 of 32 (12.500000%) active bins are populated
per-bin minimum non-zero probability:       1.09476e-58
per-bin maximum probability:                0.999997
per-bin probability dynamic range (kT):     133.459
per-segment minimum non-zero probability:   1.36845e-59
per-segment maximum non-zero probability:   0.152933
per-segment probability dynamic range (kT): 133.661
norm = 1, error in norm = -2.22045e-16 (-1*epsilon)
MAB binning in use
Bottleneck bin occupancy may not be accurately reported
Waiting for segments to complete...
Iteration completed successfully
Iteration wallclock: 0:11:10.443033, cputime: 1:11:08.084970


Thu Aug 11 20:10:11 2022
Iteration 85 (500 requested)
Beginning iteration 85
40 segments remain in iteration 85 (40 total)
5 of 32 (15.625000%) active bins are populated
per-bin minimum non-zero probability:       1.36845e-59
per-bin maximum probability:                0.999999
per-bin probability dynamic range (kT):     135.539
per-segment minimum non-zero probability:   1.71057e-60
per-segment maximum non-zero probability:   0.152933
per-segment probability dynamic range (kT): 135.741
norm = 1, error in norm = -2.22045e-16 (-1*epsilon)
MAB binning in use
Bottleneck bin occupancy may not be accurately reported
Waiting for segments to complete...
Iteration completed successfully
Iteration wallclock: 0:13:58.106639, cputime: 1:28:57.955049


Thu Aug 11 20:24:09 2022
Iteration 86 (500 requested)
Beginning iteration 86
40 segments remain in iteration 86 (40 total)
5 of 32 (15.625000%) active bins are populated
per-bin minimum non-zero probability:       1.71057e-60
per-bin maximum probability:                1
per-bin probability dynamic range (kT):     137.618
per-segment minimum non-zero probability:   2.13821e-61
per-segment maximum non-zero probability:   0.152933
per-segment probability dynamic range (kT): 137.82
norm = 1, error in norm = -2.22045e-16 (-1*epsilon)
MAB binning in use
Bottleneck bin occupancy may not be accurately reported
Waiting for segments to complete...
Iteration completed successfully
Iteration wallclock: 0:13:57.981643, cputime: 1:29:04.027390


Thu Aug 11 20:38:07 2022
Iteration 87 (500 requested)
Beginning iteration 87
40 segments remain in iteration 87 (40 total)
5 of 32 (15.625000%) active bins are populated
per-bin minimum non-zero probability:       2.13821e-61
per-bin maximum probability:                1
per-bin probability dynamic range (kT):     139.698
per-segment minimum non-zero probability:   2.67276e-62
per-segment maximum non-zero probability:   0.152933
per-segment probability dynamic range (kT): 139.899
norm = 1, error in norm = -4.44089e-16 (-2*epsilon)
MAB binning in use
Bottleneck bin occupancy may not be accurately reported
Waiting for segments to complete...
Iteration completed successfully
Iteration wallclock: 0:13:56.566472, cputime: 1:28:58.665257


Thu Aug 11 20:52:04 2022
Iteration 88 (500 requested)
Beginning iteration 88
40 segments remain in iteration 88 (40 total)
5 of 32 (15.625000%) active bins are populated
per-bin minimum non-zero probability:       2.67276e-62
per-bin maximum probability:                0.884173
per-bin probability dynamic range (kT):     141.654
per-segment minimum non-zero probability:   3.34095e-63
per-segment maximum non-zero probability:   0.152933
per-segment probability dynamic range (kT): 141.979
norm = 1, error in norm = -2.22045e-16 (-1*epsilon)
MAB binning in use
Bottleneck bin occupancy may not be accurately reported
Waiting for segments to complete...
Iteration completed successfully
Iteration wallclock: 0:13:56.508974, cputime: 1:29:04.540677


Thu Aug 11 21:06:00 2022
Iteration 89 (500 requested)
Beginning iteration 89
32 segments remain in iteration 89 (32 total)
4 of 32 (12.500000%) active bins are populated
per-bin minimum non-zero probability:       3.34095e-63
per-bin maximum probability:                0.985522
per-bin probability dynamic range (kT):     143.842
per-segment minimum non-zero probability:   4.17619e-64
per-segment maximum non-zero probability:   0.152933
per-segment probability dynamic range (kT): 144.058
norm = 1, error in norm = -2.22045e-16 (-1*epsilon)
MAB binning in use
Bottleneck bin occupancy may not be accurately reported
Waiting for segments to complete...
Iteration completed successfully
Iteration wallclock: 0:11:09.415171, cputime: 1:11:08.445244


Thu Aug 11 21:17:10 2022
Iteration 90 (500 requested)
Beginning iteration 90
40 segments remain in iteration 90 (40 total)
5 of 32 (15.625000%) active bins are populated
per-bin minimum non-zero probability:       4.17619e-64
per-bin maximum probability:                0.99638
per-bin probability dynamic range (kT):     145.932
per-segment minimum non-zero probability:   5.22024e-65
per-segment maximum non-zero probability:   0.152933
per-segment probability dynamic range (kT): 146.138
norm = 1, error in norm = -2.22045e-16 (-1*epsilon)
MAB binning in use
Bottleneck bin occupancy may not be accurately reported
Waiting for segments to complete...
Iteration completed successfully
Iteration wallclock: 0:13:56.812352, cputime: 1:28:59.272756


Thu Aug 11 21:31:06 2022
Iteration 91 (500 requested)
Beginning iteration 91
40 segments remain in iteration 91 (40 total)
5 of 32 (15.625000%) active bins are populated
per-bin minimum non-zero probability:       5.22024e-65
per-bin maximum probability:                0.999548
per-bin probability dynamic range (kT):     148.015
per-segment minimum non-zero probability:   6.5253e-66
per-segment maximum non-zero probability:   0.152933
per-segment probability dynamic range (kT): 148.217
norm = 1, error in norm = -2.22045e-16 (-1*epsilon)
MAB binning in use
Bottleneck bin occupancy may not be accurately reported
Waiting for segments to complete...
Iteration completed successfully
Iteration wallclock: 0:13:56.973347, cputime: 1:29:00.624981


Thu Aug 11 21:45:03 2022
Iteration 92 (500 requested)
Beginning iteration 92
40 segments remain in iteration 92 (40 total)
5 of 32 (15.625000%) active bins are populated
per-bin minimum non-zero probability:       6.5253e-66
per-bin maximum probability:                0.999943
per-bin probability dynamic range (kT):     150.095
per-segment minimum non-zero probability:   8.15662e-67
per-segment maximum non-zero probability:   0.152933
per-segment probability dynamic range (kT): 150.297
norm = 1, error in norm = -4.44089e-16 (-2*epsilon)
MAB binning in use
Bottleneck bin occupancy may not be accurately reported
Waiting for segments to complete...
Iteration completed successfully
Iteration wallclock: 0:13:56.910055, cputime: 1:28:57.622226


Thu Aug 11 21:59:00 2022
Iteration 93 (500 requested)
Beginning iteration 93
40 segments remain in iteration 93 (40 total)
5 of 32 (15.625000%) active bins are populated
per-bin minimum non-zero probability:       8.15662e-67
per-bin maximum probability:                0.999993
per-bin probability dynamic range (kT):     152.174
per-segment minimum non-zero probability:   1.01958e-67
per-segment maximum non-zero probability:   0.152933
per-segment probability dynamic range (kT): 152.376
norm = 1, error in norm = -3.33067e-16 (-1.5*epsilon)
MAB binning in use
Bottleneck bin occupancy may not be accurately reported
Waiting for segments to complete...
Iteration completed successfully
Iteration wallclock: 0:13:58.264243, cputime: 1:29:03.264623


Thu Aug 11 22:12:59 2022
Iteration 94 (500 requested)
Beginning iteration 94
40 segments remain in iteration 94 (40 total)
5 of 32 (15.625000%) active bins are populated
per-bin minimum non-zero probability:       1.01958e-67
per-bin maximum probability:                0.882816
per-bin probability dynamic range (kT):     154.129
per-segment minimum non-zero probability:   1.27447e-68
per-segment maximum non-zero probability:   0.152933
per-segment probability dynamic range (kT): 154.456
norm = 1, error in norm = -2.22045e-16 (-1*epsilon)
MAB binning in use
Bottleneck bin occupancy may not be accurately reported
Waiting for segments to complete...
Iteration completed successfully
Iteration wallclock: 0:13:57.040776, cputime: 1:28:57.687912


Thu Aug 11 22:26:56 2022
Iteration 95 (500 requested)
Beginning iteration 95
40 segments remain in iteration 95 (40 total)
5 of 32 (15.625000%) active bins are populated
per-bin minimum non-zero probability:       1.27447e-68
per-bin maximum probability:                0.884229
per-bin probability dynamic range (kT):     156.21
per-segment minimum non-zero probability:   1.59309e-69
per-segment maximum non-zero probability:   0.152933
per-segment probability dynamic range (kT): 156.535
norm = 1, error in norm = -2.22045e-16 (-1*epsilon)
MAB binning in use
Bottleneck bin occupancy may not be accurately reported
Waiting for segments to complete...
Iteration completed successfully
Iteration wallclock: 0:13:57.601113, cputime: 1:28:58.173702


Thu Aug 11 22:40:53 2022
Iteration 96 (500 requested)
Beginning iteration 96
40 segments remain in iteration 96 (40 total)
5 of 32 (15.625000%) active bins are populated
per-bin minimum non-zero probability:       1.59309e-69
per-bin maximum probability:                0.985529
per-bin probability dynamic range (kT):     158.398
per-segment minimum non-zero probability:   1.99136e-70
per-segment maximum non-zero probability:   0.152933
per-segment probability dynamic range (kT): 158.614
norm = 1, error in norm = -2.22045e-16 (-1*epsilon)
MAB binning in use
Bottleneck bin occupancy may not be accurately reported
Waiting for segments to complete...
Iteration completed successfully
Iteration wallclock: 0:13:56.177597, cputime: 1:28:53.461493


Thu Aug 11 22:54:49 2022
Iteration 97 (500 requested)
Beginning iteration 97
40 segments remain in iteration 97 (40 total)
5 of 32 (15.625000%) active bins are populated
per-bin minimum non-zero probability:       1.99136e-70
per-bin maximum probability:                0.998191
per-bin probability dynamic range (kT):     160.49
per-segment minimum non-zero probability:   2.4892e-71
per-segment maximum non-zero probability:   0.152933
per-segment probability dynamic range (kT): 160.694
norm = 1, error in norm = -3.33067e-16 (-1.5*epsilon)
MAB binning in use
Bottleneck bin occupancy may not be accurately reported
Waiting for segments to complete...
Iteration completed successfully
Iteration wallclock: 0:13:56.980389, cputime: 1:28:58.940582


Thu Aug 11 23:08:46 2022
Iteration 98 (500 requested)
Beginning iteration 98
40 segments remain in iteration 98 (40 total)
5 of 32 (15.625000%) active bins are populated
per-bin minimum non-zero probability:       2.4892e-71
per-bin maximum probability:                0.999774
per-bin probability dynamic range (kT):     162.571
per-segment minimum non-zero probability:   3.1115e-72
per-segment maximum non-zero probability:   0.152933
per-segment probability dynamic range (kT): 162.773
norm = 1, error in norm = -2.22045e-16 (-1*epsilon)
MAB binning in use
Bottleneck bin occupancy may not be accurately reported
Waiting for segments to complete...
Iteration completed successfully
Iteration wallclock: 0:13:57.015574, cputime: 1:28:57.601305


Thu Aug 11 23:22:43 2022
Iteration 99 (500 requested)
Beginning iteration 99
40 segments remain in iteration 99 (40 total)
5 of 32 (15.625000%) active bins are populated
per-bin minimum non-zero probability:       3.1115e-72
per-bin maximum probability:                0.999943
per-bin probability dynamic range (kT):     164.651
per-segment minimum non-zero probability:   3.88938e-73
per-segment maximum non-zero probability:   0.152933
per-segment probability dynamic range (kT): 164.853
norm = 1, error in norm = -3.33067e-16 (-1.5*epsilon)
MAB binning in use
Bottleneck bin occupancy may not be accurately reported
Waiting for segments to complete...
Iteration completed successfully
Iteration wallclock: 0:13:57.650983, cputime: 1:29:05.296160


Thu Aug 11 23:36:41 2022
Iteration 100 (500 requested)
Beginning iteration 100
40 segments remain in iteration 100 (40 total)
5 of 32 (15.625000%) active bins are populated
per-bin minimum non-zero probability:       3.88938e-73
per-bin maximum probability:                0.999993
per-bin probability dynamic range (kT):     166.73
per-segment minimum non-zero probability:   4.86172e-74
per-segment maximum non-zero probability:   0.152933
per-segment probability dynamic range (kT): 166.932
norm = 1, error in norm = -2.22045e-16 (-1*epsilon)
MAB binning in use
Bottleneck bin occupancy may not be accurately reported
Waiting for segments to complete...
Iteration completed successfully
Iteration wallclock: 0:13:57.595991, cputime: 1:28:55.287431


Thu Aug 11 23:50:39 2022
Iteration 101 (500 requested)
Beginning iteration 101
40 segments remain in iteration 101 (40 total)
5 of 32 (15.625000%) active bins are populated
per-bin minimum non-zero probability:       4.86172e-74
per-bin maximum probability:                0.999999
per-bin probability dynamic range (kT):     168.81
per-segment minimum non-zero probability:   6.07715e-75
per-segment maximum non-zero probability:   0.152933
per-segment probability dynamic range (kT): 169.012
norm = 1, error in norm = -3.33067e-16 (-1.5*epsilon)
MAB binning in use
Bottleneck bin occupancy may not be accurately reported
Waiting for segments to complete...
Iteration completed successfully
Iteration wallclock: 0:13:56.780848, cputime: 1:28:56.542756


Fri Aug 12 00:04:35 2022
Iteration 102 (500 requested)
Beginning iteration 102
40 segments remain in iteration 102 (40 total)
5 of 32 (15.625000%) active bins are populated
per-bin minimum non-zero probability:       6.07715e-75
per-bin maximum probability:                1
per-bin probability dynamic range (kT):     170.889
per-segment minimum non-zero probability:   7.59644e-76
per-segment maximum non-zero probability:   0.152933
per-segment probability dynamic range (kT): 171.091
norm = 1, error in norm = -2.22045e-16 (-1*epsilon)
MAB binning in use
Bottleneck bin occupancy may not be accurately reported
Waiting for segments to complete...
Iteration completed successfully
Iteration wallclock: 0:13:56.503848, cputime: 1:28:55.692495


Fri Aug 12 00:18:32 2022
Iteration 103 (500 requested)
Beginning iteration 103
40 segments remain in iteration 103 (40 total)
5 of 32 (15.625000%) active bins are populated
per-bin minimum non-zero probability:       7.59644e-76
per-bin maximum probability:                1
per-bin probability dynamic range (kT):     172.969
per-segment minimum non-zero probability:   9.49555e-77
per-segment maximum non-zero probability:   0.152933
per-segment probability dynamic range (kT): 173.17
norm = 1, error in norm = -3.33067e-16 (-1.5*epsilon)
MAB binning in use
Bottleneck bin occupancy may not be accurately reported
Waiting for segments to complete...
Iteration completed successfully
Iteration wallclock: 0:13:57.028686, cputime: 1:28:59.578699


Fri Aug 12 00:32:29 2022
Iteration 104 (500 requested)
Beginning iteration 104
40 segments remain in iteration 104 (40 total)
5 of 32 (15.625000%) active bins are populated
per-bin minimum non-zero probability:       9.49555e-77
per-bin maximum probability:                1
per-bin probability dynamic range (kT):     175.048
per-segment minimum non-zero probability:   1.18694e-77
per-segment maximum non-zero probability:   0.152933
per-segment probability dynamic range (kT): 175.25
norm = 1, error in norm = -3.33067e-16 (-1.5*epsilon)
MAB binning in use
Bottleneck bin occupancy may not be accurately reported
Waiting for segments to complete...
Iteration completed successfully
Iteration wallclock: 0:13:58.706045, cputime: 1:29:07.695147


Fri Aug 12 00:46:28 2022
Iteration 105 (500 requested)
Beginning iteration 105
40 segments remain in iteration 105 (40 total)
5 of 32 (15.625000%) active bins are populated
per-bin minimum non-zero probability:       1.18694e-77
per-bin maximum probability:                1
per-bin probability dynamic range (kT):     177.128
per-segment minimum non-zero probability:   1.48368e-78
per-segment maximum non-zero probability:   0.152933
per-segment probability dynamic range (kT): 177.329
norm = 1, error in norm = -2.22045e-16 (-1*epsilon)
MAB binning in use
Bottleneck bin occupancy may not be accurately reported
Waiting for segments to complete...
Iteration completed successfully
Iteration wallclock: 0:13:56.644741, cputime: 1:28:55.899831


Fri Aug 12 01:00:24 2022
Iteration 106 (500 requested)
Beginning iteration 106
40 segments remain in iteration 106 (40 total)
5 of 32 (15.625000%) active bins are populated
per-bin minimum non-zero probability:       1.48368e-78
per-bin maximum probability:                1
per-bin probability dynamic range (kT):     179.207
per-segment minimum non-zero probability:   1.8546e-79
per-segment maximum non-zero probability:   0.152933
per-segment probability dynamic range (kT): 179.409
norm = 1, error in norm = -4.44089e-16 (-2*epsilon)
MAB binning in use
Bottleneck bin occupancy may not be accurately reported
Waiting for segments to complete...
Iteration completed successfully
Iteration wallclock: 0:13:57.752389, cputime: 1:29:00.388362


Fri Aug 12 01:14:22 2022
Iteration 107 (500 requested)
Beginning iteration 107
40 segments remain in iteration 107 (40 total)
5 of 32 (15.625000%) active bins are populated
per-bin minimum non-zero probability:       1.8546e-79
per-bin maximum probability:                1
per-bin probability dynamic range (kT):     181.287
per-segment minimum non-zero probability:   2.31825e-80
per-segment maximum non-zero probability:   0.152933
per-segment probability dynamic range (kT): 181.488
norm = 1, error in norm = -3.33067e-16 (-1.5*epsilon)
MAB binning in use
Bottleneck bin occupancy may not be accurately reported
Waiting for segments to complete...
Iteration completed successfully
Iteration wallclock: 0:13:57.317034, cputime: 1:28:58.728892


Fri Aug 12 01:28:19 2022
Iteration 108 (500 requested)
Beginning iteration 108
40 segments remain in iteration 108 (40 total)
5 of 32 (15.625000%) active bins are populated
per-bin minimum non-zero probability:       2.31825e-80
per-bin maximum probability:                1
per-bin probability dynamic range (kT):     183.366
per-segment minimum non-zero probability:   2.89781e-81
per-segment maximum non-zero probability:   0.152933
per-segment probability dynamic range (kT): 183.568
norm = 1, error in norm = -4.44089e-16 (-2*epsilon)
MAB binning in use
Bottleneck bin occupancy may not be accurately reported
Waiting for segments to complete...
Iteration completed successfully
Iteration wallclock: 0:13:56.926363, cputime: 1:28:57.530037


Fri Aug 12 01:42:16 2022
Iteration 109 (500 requested)
Beginning iteration 109
40 segments remain in iteration 109 (40 total)
5 of 32 (15.625000%) active bins are populated
per-bin minimum non-zero probability:       2.89781e-81
per-bin maximum probability:                1
per-bin probability dynamic range (kT):     185.445
per-segment minimum non-zero probability:   3.62227e-82
per-segment maximum non-zero probability:   0.152933
per-segment probability dynamic range (kT): 185.647
norm = 1, error in norm = -2.22045e-16 (-1*epsilon)
MAB binning in use
Bottleneck bin occupancy may not be accurately reported
Waiting for segments to complete...
Iteration completed successfully
Iteration wallclock: 0:14:18.506219, cputime: 1:28:56.341072


Fri Aug 12 01:56:35 2022
Iteration 110 (500 requested)
Beginning iteration 110
40 segments remain in iteration 110 (40 total)
5 of 32 (15.625000%) active bins are populated
per-bin minimum non-zero probability:       3.62227e-82
per-bin maximum probability:                1
per-bin probability dynamic range (kT):     187.525
per-segment minimum non-zero probability:   4.52783e-83
per-segment maximum non-zero probability:   0.152933
per-segment probability dynamic range (kT): 187.727
norm = 1, error in norm = -2.22045e-16 (-1*epsilon)
MAB binning in use
Bottleneck bin occupancy may not be accurately reported
Waiting for segments to complete...
Iteration completed successfully
Iteration wallclock: 0:13:57.076483, cputime: 1:28:58.073464


Fri Aug 12 02:10:32 2022
Iteration 111 (500 requested)
Beginning iteration 111
40 segments remain in iteration 111 (40 total)
5 of 32 (15.625000%) active bins are populated
per-bin minimum non-zero probability:       4.52783e-83
per-bin maximum probability:                1
per-bin probability dynamic range (kT):     189.604
per-segment minimum non-zero probability:   5.65979e-84
per-segment maximum non-zero probability:   0.152933
per-segment probability dynamic range (kT): 189.806
norm = 1, error in norm = -2.22045e-16 (-1*epsilon)
MAB binning in use
Bottleneck bin occupancy may not be accurately reported
Waiting for segments to complete...
Iteration completed successfully
Iteration wallclock: 0:13:58.086577, cputime: 1:28:58.880521


Fri Aug 12 02:24:30 2022
Iteration 112 (500 requested)
Beginning iteration 112
40 segments remain in iteration 112 (40 total)
5 of 32 (15.625000%) active bins are populated
per-bin minimum non-zero probability:       5.65979e-84
per-bin maximum probability:                1
per-bin probability dynamic range (kT):     191.684
per-segment minimum non-zero probability:   7.07474e-85
per-segment maximum non-zero probability:   0.152933
per-segment probability dynamic range (kT): 191.885
norm = 1, error in norm = -3.33067e-16 (-1.5*epsilon)
MAB binning in use
Bottleneck bin occupancy may not be accurately reported
Waiting for segments to complete...
Iteration completed successfully
Iteration wallclock: 0:13:56.533438, cputime: 1:28:59.985344


Fri Aug 12 02:38:27 2022
Iteration 113 (500 requested)
Beginning iteration 113
40 segments remain in iteration 113 (40 total)
5 of 32 (15.625000%) active bins are populated
per-bin minimum non-zero probability:       7.07474e-85
per-bin maximum probability:                1
per-bin probability dynamic range (kT):     193.763
per-segment minimum non-zero probability:   8.84342e-86
per-segment maximum non-zero probability:   0.152933
per-segment probability dynamic range (kT): 193.965
norm = 1, error in norm = -3.33067e-16 (-1.5*epsilon)
MAB binning in use
Bottleneck bin occupancy may not be accurately reported
Waiting for segments to complete...
Iteration completed successfully
Iteration wallclock: 0:13:56.912506, cputime: 1:28:57.451234


Fri Aug 12 02:52:23 2022
Iteration 114 (500 requested)
Beginning iteration 114
40 segments remain in iteration 114 (40 total)
5 of 32 (15.625000%) active bins are populated
per-bin minimum non-zero probability:       8.84342e-86
per-bin maximum probability:                1
per-bin probability dynamic range (kT):     195.843
per-segment minimum non-zero probability:   1.10543e-86
per-segment maximum non-zero probability:   0.152933
per-segment probability dynamic range (kT): 196.044
norm = 1, error in norm = -3.33067e-16 (-1.5*epsilon)
MAB binning in use
Bottleneck bin occupancy may not be accurately reported
Waiting for segments to complete...
Iteration completed successfully
Iteration wallclock: 0:13:56.477971, cputime: 1:29:00.594067


Fri Aug 12 03:06:20 2022
Iteration 115 (500 requested)
Beginning iteration 115
40 segments remain in iteration 115 (40 total)
5 of 32 (15.625000%) active bins are populated
per-bin minimum non-zero probability:       1.10543e-86
per-bin maximum probability:                1
per-bin probability dynamic range (kT):     197.922
per-segment minimum non-zero probability:   1.38179e-87
per-segment maximum non-zero probability:   0.152933
per-segment probability dynamic range (kT): 198.124
norm = 1, error in norm = -3.33067e-16 (-1.5*epsilon)
MAB binning in use
Bottleneck bin occupancy may not be accurately reported
Waiting for segments to complete...
Iteration completed successfully
Iteration wallclock: 0:13:56.623262, cputime: 1:28:59.307272


Fri Aug 12 03:20:17 2022
Iteration 116 (500 requested)
Beginning iteration 116
40 segments remain in iteration 116 (40 total)
5 of 32 (15.625000%) active bins are populated
per-bin minimum non-zero probability:       1.38179e-87
per-bin maximum probability:                1
per-bin probability dynamic range (kT):     200.002
per-segment minimum non-zero probability:   1.72723e-88
per-segment maximum non-zero probability:   0.152933
per-segment probability dynamic range (kT): 200.203
norm = 1, error in norm = -3.33067e-16 (-1.5*epsilon)
MAB binning in use
Bottleneck bin occupancy may not be accurately reported
Waiting for segments to complete...
Iteration completed successfully
Iteration wallclock: 0:13:57.327749, cputime: 1:29:01.286223


Fri Aug 12 03:34:14 2022
Iteration 117 (500 requested)
Beginning iteration 117
40 segments remain in iteration 117 (40 total)
5 of 32 (15.625000%) active bins are populated
per-bin minimum non-zero probability:       1.72723e-88
per-bin maximum probability:                1
per-bin probability dynamic range (kT):     202.081
per-segment minimum non-zero probability:   2.15904e-89
per-segment maximum non-zero probability:   0.152933
per-segment probability dynamic range (kT): 202.283
norm = 1, error in norm = -2.22045e-16 (-1*epsilon)
MAB binning in use
Bottleneck bin occupancy may not be accurately reported
Waiting for segments to complete...
Iteration completed successfully
Iteration wallclock: 0:13:56.525519, cputime: 1:29:03.499965


Fri Aug 12 03:48:10 2022
Iteration 118 (500 requested)
Beginning iteration 118
40 segments remain in iteration 118 (40 total)
5 of 32 (15.625000%) active bins are populated
per-bin minimum non-zero probability:       2.15904e-89
per-bin maximum probability:                1
per-bin probability dynamic range (kT):     204.16
per-segment minimum non-zero probability:   2.6988e-90
per-segment maximum non-zero probability:   0.152933
per-segment probability dynamic range (kT): 204.362
norm = 1, error in norm = -3.33067e-16 (-1.5*epsilon)
MAB binning in use
Bottleneck bin occupancy may not be accurately reported
Waiting for segments to complete...
Iteration completed successfully
Iteration wallclock: 0:13:56.745604, cputime: 1:28:55.299888


Fri Aug 12 04:02:07 2022
Iteration 119 (500 requested)
Beginning iteration 119
40 segments remain in iteration 119 (40 total)
5 of 32 (15.625000%) active bins are populated
per-bin minimum non-zero probability:       2.6988e-90
per-bin maximum probability:                1
per-bin probability dynamic range (kT):     206.24
per-segment minimum non-zero probability:   3.3735e-91
per-segment maximum non-zero probability:   0.152933
per-segment probability dynamic range (kT): 206.442
norm = 1, error in norm = -2.22045e-16 (-1*epsilon)
MAB binning in use
Bottleneck bin occupancy may not be accurately reported
Waiting for segments to complete...
Iteration completed successfully
Iteration wallclock: 0:13:58.187014, cputime: 1:29:00.308426


Fri Aug 12 04:16:05 2022
Iteration 120 (500 requested)
Beginning iteration 120
40 segments remain in iteration 120 (40 total)
5 of 32 (15.625000%) active bins are populated
per-bin minimum non-zero probability:       3.3735e-91
per-bin maximum probability:                1
per-bin probability dynamic range (kT):     208.319
per-segment minimum non-zero probability:   4.21687e-92
per-segment maximum non-zero probability:   0.152933
per-segment probability dynamic range (kT): 208.521
norm = 1, error in norm = -3.33067e-16 (-1.5*epsilon)
MAB binning in use
Bottleneck bin occupancy may not be accurately reported
Waiting for segments to complete...
Iteration completed successfully
Iteration wallclock: 0:13:57.706681, cputime: 1:29:03.838847


Fri Aug 12 04:30:03 2022
Iteration 121 (500 requested)
Beginning iteration 121
40 segments remain in iteration 121 (40 total)
5 of 32 (15.625000%) active bins are populated
per-bin minimum non-zero probability:       4.21687e-92
per-bin maximum probability:                1
per-bin probability dynamic range (kT):     210.399
per-segment minimum non-zero probability:   5.27109e-93
per-segment maximum non-zero probability:   0.152933
per-segment probability dynamic range (kT): 210.6
norm = 1, error in norm = -2.22045e-16 (-1*epsilon)
MAB binning in use
Bottleneck bin occupancy may not be accurately reported
Waiting for segments to complete...
Iteration completed successfully
Iteration wallclock: 0:13:56.941770, cputime: 1:29:06.275509


Fri Aug 12 04:44:00 2022
Iteration 122 (500 requested)
Beginning iteration 122
40 segments remain in iteration 122 (40 total)
5 of 32 (15.625000%) active bins are populated
per-bin minimum non-zero probability:       5.27109e-93
per-bin maximum probability:                1
per-bin probability dynamic range (kT):     212.478
per-segment minimum non-zero probability:   6.58886e-94
per-segment maximum non-zero probability:   0.152933
per-segment probability dynamic range (kT): 212.68
norm = 1, error in norm = -2.22045e-16 (-1*epsilon)
MAB binning in use
Bottleneck bin occupancy may not be accurately reported
Waiting for segments to complete...
Iteration completed successfully
Iteration wallclock: 0:13:57.380163, cputime: 1:29:01.863837


Fri Aug 12 04:57:57 2022
Iteration 123 (500 requested)
Beginning iteration 123
40 segments remain in iteration 123 (40 total)
5 of 32 (15.625000%) active bins are populated
per-bin minimum non-zero probability:       6.58886e-94
per-bin maximum probability:                1
per-bin probability dynamic range (kT):     214.558
per-segment minimum non-zero probability:   8.23608e-95
per-segment maximum non-zero probability:   0.152933
per-segment probability dynamic range (kT): 214.759
norm = 1, error in norm = -3.33067e-16 (-1.5*epsilon)
MAB binning in use
Bottleneck bin occupancy may not be accurately reported
Waiting for segments to complete...
Iteration completed successfully
Iteration wallclock: 0:13:58.334246, cputime: 1:29:01.713306


Fri Aug 12 05:11:56 2022
Iteration 124 (500 requested)
Beginning iteration 124
40 segments remain in iteration 124 (40 total)
5 of 32 (15.625000%) active bins are populated
per-bin minimum non-zero probability:       8.23608e-95
per-bin maximum probability:                1
per-bin probability dynamic range (kT):     216.637
per-segment minimum non-zero probability:   1.02951e-95
per-segment maximum non-zero probability:   0.152933
per-segment probability dynamic range (kT): 216.839
norm = 1, error in norm = -3.33067e-16 (-1.5*epsilon)
MAB binning in use
Bottleneck bin occupancy may not be accurately reported
Waiting for segments to complete...
Iteration completed successfully
Iteration wallclock: 0:13:56.716671, cputime: 1:29:00.230062


Fri Aug 12 05:25:52 2022
Iteration 125 (500 requested)
Beginning iteration 125
40 segments remain in iteration 125 (40 total)
5 of 32 (15.625000%) active bins are populated
per-bin minimum non-zero probability:       1.02951e-95
per-bin maximum probability:                1
per-bin probability dynamic range (kT):     218.717
per-segment minimum non-zero probability:   1.28689e-96
per-segment maximum non-zero probability:   0.152933
per-segment probability dynamic range (kT): 218.918
norm = 1, error in norm = -3.33067e-16 (-1.5*epsilon)
MAB binning in use
Bottleneck bin occupancy may not be accurately reported
Waiting for segments to complete...
Iteration completed successfully
Iteration wallclock: 0:13:57.205616, cputime: 1:29:02.499041


Fri Aug 12 05:39:50 2022
Iteration 126 (500 requested)
Beginning iteration 126
40 segments remain in iteration 126 (40 total)
5 of 32 (15.625000%) active bins are populated
per-bin minimum non-zero probability:       1.28689e-96
per-bin maximum probability:                1
per-bin probability dynamic range (kT):     220.796
per-segment minimum non-zero probability:   1.60861e-97
per-segment maximum non-zero probability:   0.152933
per-segment probability dynamic range (kT): 220.998
norm = 1, error in norm = -3.33067e-16 (-1.5*epsilon)
MAB binning in use
Bottleneck bin occupancy may not be accurately reported
Waiting for segments to complete...
Iteration completed successfully
Iteration wallclock: 0:13:57.203096, cputime: 1:28:59.692816


Fri Aug 12 05:53:47 2022
Iteration 127 (500 requested)
Beginning iteration 127
32 segments remain in iteration 127 (32 total)
4 of 32 (12.500000%) active bins are populated
per-bin minimum non-zero probability:       1.60861e-97
per-bin maximum probability:                1
per-bin probability dynamic range (kT):     222.875
per-segment minimum non-zero probability:   2.01076e-98
per-segment maximum non-zero probability:   0.152933
per-segment probability dynamic range (kT): 223.077
norm = 1, error in norm = -3.33067e-16 (-1.5*epsilon)
MAB binning in use
Bottleneck bin occupancy may not be accurately reported
Waiting for segments to complete...
Iteration completed successfully
Iteration wallclock: 0:11:11.033792, cputime: 1:11:12.439712


Fri Aug 12 06:04:58 2022
Iteration 128 (500 requested)
Beginning iteration 128
40 segments remain in iteration 128 (40 total)
5 of 32 (15.625000%) active bins are populated
per-bin minimum non-zero probability:       2.01076e-98
per-bin maximum probability:                1
per-bin probability dynamic range (kT):     224.955
per-segment minimum non-zero probability:   2.51345e-99
per-segment maximum non-zero probability:   0.152933
per-segment probability dynamic range (kT): 225.157
norm = 1, error in norm = -3.33067e-16 (-1.5*epsilon)
MAB binning in use
Bottleneck bin occupancy may not be accurately reported
Waiting for segments to complete...
Iteration completed successfully
Iteration wallclock: 0:13:57.047844, cputime: 1:29:00.053856


Fri Aug 12 06:18:55 2022
Iteration 129 (500 requested)
Beginning iteration 129
32 segments remain in iteration 129 (32 total)
4 of 32 (12.500000%) active bins are populated
per-bin minimum non-zero probability:       2.51345e-99
per-bin maximum probability:                1
per-bin probability dynamic range (kT):     227.034
per-segment minimum non-zero probability:   3.14182e-100
per-segment maximum non-zero probability:   0.152933
per-segment probability dynamic range (kT): 227.236
norm = 1, error in norm = -2.22045e-16 (-1*epsilon)
MAB binning in use
Bottleneck bin occupancy may not be accurately reported
Waiting for segments to complete...
Iteration completed successfully
Iteration wallclock: 0:11:10.747798, cputime: 1:11:15.056751


Fri Aug 12 06:30:06 2022
Iteration 130 (500 requested)
Beginning iteration 130
40 segments remain in iteration 130 (40 total)
5 of 32 (15.625000%) active bins are populated
per-bin minimum non-zero probability:       3.14182e-100
per-bin maximum probability:                1
per-bin probability dynamic range (kT):     229.114
per-segment minimum non-zero probability:   3.92727e-101
per-segment maximum non-zero probability:   0.152933
per-segment probability dynamic range (kT): 229.315
norm = 1, error in norm = -3.33067e-16 (-1.5*epsilon)
-- WARNING  [westpa.core.sim_manager] -- 
Minimum segment weight is < 1e-100 and might not be physically relevant. Please reconsider your progress coordinate or binning scheme.
MAB binning in use
Bottleneck bin occupancy may not be accurately reported
Waiting for segments to complete...
Iteration completed successfully
Iteration wallclock: 0:13:57.620005, cputime: 1:28:57.175998


Fri Aug 12 06:44:03 2022
Iteration 131 (500 requested)
Beginning iteration 131
40 segments remain in iteration 131 (40 total)
5 of 32 (15.625000%) active bins are populated
per-bin minimum non-zero probability:       3.92727e-101
per-bin maximum probability:                1
per-bin probability dynamic range (kT):     231.193
per-segment minimum non-zero probability:   4.90909e-102
per-segment maximum non-zero probability:   0.152933
per-segment probability dynamic range (kT): 231.395
norm = 1, error in norm = -2.22045e-16 (-1*epsilon)
-- WARNING  [westpa.core.sim_manager] -- 
Minimum segment weight is < 1e-100 and might not be physically relevant. Please reconsider your progress coordinate or binning scheme.
MAB binning in use
Bottleneck bin occupancy may not be accurately reported
Waiting for segments to complete...
Iteration completed successfully
Iteration wallclock: 0:13:58.358388, cputime: 1:29:04.025296


Fri Aug 12 06:58:02 2022
Iteration 132 (500 requested)
Beginning iteration 132
40 segments remain in iteration 132 (40 total)
5 of 32 (15.625000%) active bins are populated
per-bin minimum non-zero probability:       4.90909e-102
per-bin maximum probability:                1
per-bin probability dynamic range (kT):     233.273
per-segment minimum non-zero probability:   6.13636e-103
per-segment maximum non-zero probability:   0.152933
per-segment probability dynamic range (kT): 233.474
norm = 1, error in norm = -2.22045e-16 (-1*epsilon)
-- WARNING  [westpa.core.sim_manager] -- 
Minimum segment weight is < 1e-100 and might not be physically relevant. Please reconsider your progress coordinate or binning scheme.
MAB binning in use
Bottleneck bin occupancy may not be accurately reported
Waiting for segments to complete...
Iteration completed successfully
Iteration wallclock: 0:13:57.150922, cputime: 1:29:02.089739


Fri Aug 12 07:11:59 2022
Iteration 133 (500 requested)
Beginning iteration 133
40 segments remain in iteration 133 (40 total)
5 of 32 (15.625000%) active bins are populated
per-bin minimum non-zero probability:       6.13636e-103
per-bin maximum probability:                1
per-bin probability dynamic range (kT):     235.352
per-segment minimum non-zero probability:   7.67045e-104
per-segment maximum non-zero probability:   0.152933
per-segment probability dynamic range (kT): 235.554
norm = 1, error in norm = -2.22045e-16 (-1*epsilon)
-- WARNING  [westpa.core.sim_manager] -- 
Minimum segment weight is < 1e-100 and might not be physically relevant. Please reconsider your progress coordinate or binning scheme.
MAB binning in use
Bottleneck bin occupancy may not be accurately reported
Waiting for segments to complete...
Iteration completed successfully
Iteration wallclock: 0:13:57.739921, cputime: 1:28:57.243586


Fri Aug 12 07:25:57 2022
Iteration 134 (500 requested)
Beginning iteration 134
40 segments remain in iteration 134 (40 total)
5 of 32 (15.625000%) active bins are populated
per-bin minimum non-zero probability:       7.67045e-104
per-bin maximum probability:                1
per-bin probability dynamic range (kT):     237.431
per-segment minimum non-zero probability:   9.58806e-105
per-segment maximum non-zero probability:   0.152933
per-segment probability dynamic range (kT): 237.633
norm = 1, error in norm = -3.33067e-16 (-1.5*epsilon)
-- WARNING  [westpa.core.sim_manager] -- 
Minimum segment weight is < 1e-100 and might not be physically relevant. Please reconsider your progress coordinate or binning scheme.
MAB binning in use
Bottleneck bin occupancy may not be accurately reported
Waiting for segments to complete...
Iteration completed successfully
Iteration wallclock: 0:13:56.929306, cputime: 1:29:04.141732


Fri Aug 12 07:39:53 2022
Iteration 135 (500 requested)
Beginning iteration 135
40 segments remain in iteration 135 (40 total)
5 of 32 (15.625000%) active bins are populated
per-bin minimum non-zero probability:       9.58806e-105
per-bin maximum probability:                1
per-bin probability dynamic range (kT):     239.511
per-segment minimum non-zero probability:   1.19851e-105
per-segment maximum non-zero probability:   0.152933
per-segment probability dynamic range (kT): 239.713
norm = 1, error in norm = -3.33067e-16 (-1.5*epsilon)
-- WARNING  [westpa.core.sim_manager] -- 
Minimum segment weight is < 1e-100 and might not be physically relevant. Please reconsider your progress coordinate or binning scheme.
MAB binning in use
Bottleneck bin occupancy may not be accurately reported
Waiting for segments to complete...
Iteration completed successfully
Iteration wallclock: 0:13:57.410236, cputime: 1:28:59.458976


Fri Aug 12 07:53:51 2022
Iteration 136 (500 requested)
Beginning iteration 136
40 segments remain in iteration 136 (40 total)
5 of 32 (15.625000%) active bins are populated
per-bin minimum non-zero probability:       1.19851e-105
per-bin maximum probability:                1
per-bin probability dynamic range (kT):     241.59
per-segment minimum non-zero probability:   1.49813e-106
per-segment maximum non-zero probability:   0.152933
per-segment probability dynamic range (kT): 241.792
norm = 1, error in norm = -3.33067e-16 (-1.5*epsilon)
-- WARNING  [westpa.core.sim_manager] -- 
Minimum segment weight is < 1e-100 and might not be physically relevant. Please reconsider your progress coordinate or binning scheme.
MAB binning in use
Bottleneck bin occupancy may not be accurately reported
Waiting for segments to complete...
Iteration completed successfully
Iteration wallclock: 0:13:57.026276, cputime: 1:28:59.187052


Fri Aug 12 08:07:48 2022
Iteration 137 (500 requested)
Beginning iteration 137
40 segments remain in iteration 137 (40 total)
5 of 32 (15.625000%) active bins are populated
per-bin minimum non-zero probability:       1.49813e-106
per-bin maximum probability:                1
per-bin probability dynamic range (kT):     243.67
per-segment minimum non-zero probability:   1.87267e-107
per-segment maximum non-zero probability:   0.152933
per-segment probability dynamic range (kT): 243.871
norm = 1, error in norm = -2.22045e-16 (-1*epsilon)
-- WARNING  [westpa.core.sim_manager] -- 
Minimum segment weight is < 1e-100 and might not be physically relevant. Please reconsider your progress coordinate or binning scheme.
MAB binning in use
Bottleneck bin occupancy may not be accurately reported
Waiting for segments to complete...
Iteration completed successfully
Iteration wallclock: 0:13:57.683328, cputime: 1:29:02.575061


Fri Aug 12 08:21:46 2022
Iteration 138 (500 requested)
Beginning iteration 138
40 segments remain in iteration 138 (40 total)
5 of 32 (15.625000%) active bins are populated
per-bin minimum non-zero probability:       1.87267e-107
per-bin maximum probability:                1
per-bin probability dynamic range (kT):     245.749
per-segment minimum non-zero probability:   2.34083e-108
per-segment maximum non-zero probability:   0.152933
per-segment probability dynamic range (kT): 245.951
norm = 1, error in norm = -2.22045e-16 (-1*epsilon)
-- WARNING  [westpa.core.sim_manager] -- 
Minimum segment weight is < 1e-100 and might not be physically relevant. Please reconsider your progress coordinate or binning scheme.
MAB binning in use
Bottleneck bin occupancy may not be accurately reported
Waiting for segments to complete...
Iteration completed successfully
Iteration wallclock: 0:13:56.541968, cputime: 1:28:59.360091


Fri Aug 12 08:35:42 2022
Iteration 139 (500 requested)
Beginning iteration 139
40 segments remain in iteration 139 (40 total)
5 of 32 (15.625000%) active bins are populated
per-bin minimum non-zero probability:       2.34083e-108
per-bin maximum probability:                1
per-bin probability dynamic range (kT):     247.829
per-segment minimum non-zero probability:   2.92604e-109
per-segment maximum non-zero probability:   0.152933
per-segment probability dynamic range (kT): 248.03
norm = 1, error in norm = -3.33067e-16 (-1.5*epsilon)
-- WARNING  [westpa.core.sim_manager] -- 
Minimum segment weight is < 1e-100 and might not be physically relevant. Please reconsider your progress coordinate or binning scheme.
MAB binning in use
Bottleneck bin occupancy may not be accurately reported
Waiting for segments to complete...
Iteration completed successfully
Iteration wallclock: 0:13:58.963833, cputime: 1:28:58.118134


Fri Aug 12 08:49:41 2022
Iteration 140 (500 requested)
Beginning iteration 140
40 segments remain in iteration 140 (40 total)
5 of 32 (15.625000%) active bins are populated
per-bin minimum non-zero probability:       2.92604e-109
per-bin maximum probability:                1
per-bin probability dynamic range (kT):     249.908
per-segment minimum non-zero probability:   3.65755e-110
per-segment maximum non-zero probability:   0.152933
per-segment probability dynamic range (kT): 250.11
norm = 1, error in norm = -3.33067e-16 (-1.5*epsilon)
-- WARNING  [westpa.core.sim_manager] -- 
Minimum segment weight is < 1e-100 and might not be physically relevant. Please reconsider your progress coordinate or binning scheme.
MAB binning in use
Bottleneck bin occupancy may not be accurately reported
Waiting for segments to complete...
Iteration completed successfully
Iteration wallclock: 0:13:56.667063, cputime: 1:28:55.833979


Fri Aug 12 09:03:38 2022
Iteration 141 (500 requested)
Beginning iteration 141
40 segments remain in iteration 141 (40 total)
5 of 32 (15.625000%) active bins are populated
per-bin minimum non-zero probability:       3.65755e-110
per-bin maximum probability:                1
per-bin probability dynamic range (kT):     251.988
per-segment minimum non-zero probability:   4.57194e-111
per-segment maximum non-zero probability:   0.152933
per-segment probability dynamic range (kT): 252.189
norm = 1, error in norm = -3.33067e-16 (-1.5*epsilon)
-- WARNING  [westpa.core.sim_manager] -- 
Minimum segment weight is < 1e-100 and might not be physically relevant. Please reconsider your progress coordinate or binning scheme.
MAB binning in use
Bottleneck bin occupancy may not be accurately reported
Waiting for segments to complete...
Iteration completed successfully
Iteration wallclock: 0:13:58.055516, cputime: 1:29:09.050701


Fri Aug 12 09:17:36 2022
Iteration 142 (500 requested)
Beginning iteration 142
40 segments remain in iteration 142 (40 total)
5 of 32 (15.625000%) active bins are populated
per-bin minimum non-zero probability:       4.57194e-111
per-bin maximum probability:                1
per-bin probability dynamic range (kT):     254.067
per-segment minimum non-zero probability:   5.71493e-112
per-segment maximum non-zero probability:   0.152933
per-segment probability dynamic range (kT): 254.269
norm = 1, error in norm = -3.33067e-16 (-1.5*epsilon)
-- WARNING  [westpa.core.sim_manager] -- 
Minimum segment weight is < 1e-100 and might not be physically relevant. Please reconsider your progress coordinate or binning scheme.
MAB binning in use
Bottleneck bin occupancy may not be accurately reported
Waiting for segments to complete...
Iteration completed successfully
Iteration wallclock: 0:13:57.415254, cputime: 1:29:00.032986


Fri Aug 12 09:31:33 2022
Iteration 143 (500 requested)
Beginning iteration 143
40 segments remain in iteration 143 (40 total)
4 of 32 (12.500000%) active bins are populated
per-bin minimum non-zero probability:       5.71493e-112
per-bin maximum probability:                0.884124
per-bin probability dynamic range (kT):     256.023
per-segment minimum non-zero probability:   7.14366e-113
per-segment maximum non-zero probability:   0.152933
per-segment probability dynamic range (kT): 256.348
norm = 1, error in norm = -2.22045e-16 (-1*epsilon)
-- WARNING  [westpa.core.sim_manager] -- 
Minimum segment weight is < 1e-100 and might not be physically relevant. Please reconsider your progress coordinate or binning scheme.
MAB binning in use
Bottleneck bin occupancy may not be accurately reported
Waiting for segments to complete...
Iteration completed successfully
Iteration wallclock: 0:13:57.866023, cputime: 1:29:00.120046


Fri Aug 12 09:45:31 2022
Iteration 144 (500 requested)
Beginning iteration 144
32 segments remain in iteration 144 (32 total)
5 of 32 (15.625000%) active bins are populated
per-bin minimum non-zero probability:       7.14366e-113
per-bin maximum probability:                0.884124
per-bin probability dynamic range (kT):     258.103
per-segment minimum non-zero probability:   8.92958e-114
per-segment maximum non-zero probability:   0.152933
per-segment probability dynamic range (kT): 258.428
norm = 1, error in norm = -2.22045e-16 (-1*epsilon)
-- WARNING  [westpa.core.sim_manager] -- 
Minimum segment weight is < 1e-100 and might not be physically relevant. Please reconsider your progress coordinate or binning scheme.
MAB binning in use
Bottleneck bin occupancy may not be accurately reported
Waiting for segments to complete...
Iteration completed successfully
Iteration wallclock: 0:11:10.666115, cputime: 1:11:15.320696


Fri Aug 12 09:56:42 2022
Iteration 145 (500 requested)
Beginning iteration 145
40 segments remain in iteration 145 (40 total)
5 of 32 (15.625000%) active bins are populated
per-bin minimum non-zero probability:       8.92958e-114
per-bin maximum probability:                0.971031
per-bin probability dynamic range (kT):     260.276
per-segment minimum non-zero probability:   1.1162e-114
per-segment maximum non-zero probability:   0.152933
per-segment probability dynamic range (kT): 260.507
norm = 1, error in norm = -2.22045e-16 (-1*epsilon)
-- WARNING  [westpa.core.sim_manager] -- 
Minimum segment weight is < 1e-100 and might not be physically relevant. Please reconsider your progress coordinate or binning scheme.
MAB binning in use
Bottleneck bin occupancy may not be accurately reported
Waiting for segments to complete...
Iteration completed successfully
Iteration wallclock: 0:13:57.506253, cputime: 1:28:54.199827


Fri Aug 12 10:10:39 2022
Iteration 146 (500 requested)
Beginning iteration 146
40 segments remain in iteration 146 (40 total)
5 of 32 (15.625000%) active bins are populated
per-bin minimum non-zero probability:       1.1162e-114
per-bin maximum probability:                0.996379
per-bin probability dynamic range (kT):     262.381
per-segment minimum non-zero probability:   1.39525e-115
per-segment maximum non-zero probability:   0.152933
per-segment probability dynamic range (kT): 262.586
norm = 1, error in norm = -2.22045e-16 (-1*epsilon)
-- WARNING  [westpa.core.sim_manager] -- 
Minimum segment weight is < 1e-100 and might not be physically relevant. Please reconsider your progress coordinate or binning scheme.
MAB binning in use
Bottleneck bin occupancy may not be accurately reported
Waiting for segments to complete...
Iteration completed successfully
Iteration wallclock: 0:13:58.336030, cputime: 1:29:05.429547


Fri Aug 12 10:24:38 2022
Iteration 147 (500 requested)
Beginning iteration 147
40 segments remain in iteration 147 (40 total)
5 of 32 (15.625000%) active bins are populated
per-bin minimum non-zero probability:       1.39525e-115
per-bin maximum probability:                0.999547
per-bin probability dynamic range (kT):     264.464
per-segment minimum non-zero probability:   1.74406e-116
per-segment maximum non-zero probability:   0.152933
per-segment probability dynamic range (kT): 264.666
norm = 1, error in norm = -2.22045e-16 (-1*epsilon)
-- WARNING  [westpa.core.sim_manager] -- 
Minimum segment weight is < 1e-100 and might not be physically relevant. Please reconsider your progress coordinate or binning scheme.
MAB binning in use
Bottleneck bin occupancy may not be accurately reported
Waiting for segments to complete...
Iteration completed successfully
Iteration wallclock: 0:13:58.747040, cputime: 1:28:56.867022


Fri Aug 12 10:38:36 2022
Iteration 148 (500 requested)
Beginning iteration 148
40 segments remain in iteration 148 (40 total)
5 of 32 (15.625000%) active bins are populated
per-bin minimum non-zero probability:       1.74406e-116
per-bin maximum probability:                0.999943
per-bin probability dynamic range (kT):     266.544
per-segment minimum non-zero probability:   2.18007e-117
per-segment maximum non-zero probability:   0.152933
per-segment probability dynamic range (kT): 266.745
norm = 1, error in norm = -3.33067e-16 (-1.5*epsilon)
-- WARNING  [westpa.core.sim_manager] -- 
Minimum segment weight is < 1e-100 and might not be physically relevant. Please reconsider your progress coordinate or binning scheme.
MAB binning in use
Bottleneck bin occupancy may not be accurately reported
Waiting for segments to complete...
Iteration completed successfully
Iteration wallclock: 0:17:06.751775, cputime: 1:28:36.623608


Fri Aug 12 10:55:43 2022
Iteration 149 (500 requested)
Beginning iteration 149
40 segments remain in iteration 149 (40 total)
5 of 32 (15.625000%) active bins are populated
per-bin minimum non-zero probability:       2.18007e-117
per-bin maximum probability:                0.999993
per-bin probability dynamic range (kT):     268.623
per-segment minimum non-zero probability:   2.72509e-118
per-segment maximum non-zero probability:   0.152933
per-segment probability dynamic range (kT): 268.825
norm = 1, error in norm = -2.22045e-16 (-1*epsilon)
-- WARNING  [westpa.core.sim_manager] -- 
Minimum segment weight is < 1e-100 and might not be physically relevant. Please reconsider your progress coordinate or binning scheme.
MAB binning in use
Bottleneck bin occupancy may not be accurately reported
Waiting for segments to complete...
Iteration completed successfully
Iteration wallclock: 0:13:56.885267, cputime: 1:28:55.018048


Fri Aug 12 11:09:40 2022
Iteration 150 (500 requested)
Beginning iteration 150
40 segments remain in iteration 150 (40 total)
5 of 32 (15.625000%) active bins are populated
per-bin minimum non-zero probability:       2.72509e-118
per-bin maximum probability:                0.999999
per-bin probability dynamic range (kT):     270.703
per-segment minimum non-zero probability:   3.40636e-119
per-segment maximum non-zero probability:   0.152933
per-segment probability dynamic range (kT): 270.904
norm = 1, error in norm = -2.22045e-16 (-1*epsilon)
-- WARNING  [westpa.core.sim_manager] -- 
Minimum segment weight is < 1e-100 and might not be physically relevant. Please reconsider your progress coordinate or binning scheme.
MAB binning in use
Bottleneck bin occupancy may not be accurately reported
Waiting for segments to complete...
Iteration completed successfully
Iteration wallclock: 0:13:57.224356, cputime: 1:28:50.379499


Fri Aug 12 11:23:37 2022
Iteration 151 (500 requested)
Beginning iteration 151
40 segments remain in iteration 151 (40 total)
5 of 32 (15.625000%) active bins are populated
per-bin minimum non-zero probability:       3.40636e-119
per-bin maximum probability:                1
per-bin probability dynamic range (kT):     272.782
per-segment minimum non-zero probability:   4.25795e-120
per-segment maximum non-zero probability:   0.152933
per-segment probability dynamic range (kT): 272.984
norm = 1, error in norm = -2.22045e-16 (-1*epsilon)
-- WARNING  [westpa.core.sim_manager] -- 
Minimum segment weight is < 1e-100 and might not be physically relevant. Please reconsider your progress coordinate or binning scheme.
MAB binning in use
Bottleneck bin occupancy may not be accurately reported
Waiting for segments to complete...
