Updating system with the options from the configuration file
Maximum wallclock time: 2 days, 0:00:00

Fri Sep  2 06:15:36 2022
Iteration 20 (300 requested)
0 segments remain in iteration 20 (100 total)
1 of 1 (100.000000%) active bins are populated
per-bin minimum non-zero probability:       1
per-bin maximum probability:                1
per-bin probability dynamic range (kT):     0
per-segment minimum non-zero probability:   2.09106e-09
per-segment maximum non-zero probability:   0.1
per-segment probability dynamic range (kT): 17.683
norm = 1, error in norm = 0 (0*epsilon)
Waiting for segments to complete...
-- ERROR    [westpa.work_managers.zeromq.core.ZMQWorkManager.b3c0b4ac-6642-4265-b949-1ba366fdcb52] -- startup phase elapsed with no contact from workers; shutting down
exception caught; shutting down
-- ERROR    [w_run] -- error message: no workers available
-- ERROR    [w_run] -- Traceback (most recent call last):
  File "/jet/home/dyang4/Apps/westpa/src/westpa/cli/core/w_run.py", line 62, in run_simulation
    sim_manager.run()
  File "/jet/home/dyang4/Apps/westpa/src/westpa/core/sim_manager.py", line 746, in run
    self.prepare_iteration()
  File "/jet/home/dyang4/Apps/westpa/src/westpa/core/sim_manager.py", line 511, in prepare_iteration
    self.work_manager.submit(wm_ops.prep_iter, args=(self.n_iter, segments)).get_result()
  File "/jet/home/dyang4/Apps/westpa/src/westpa/work_managers/core.py", line 343, in get_result
    raise self._exception.with_traceback(self._traceback)
westpa.work_managers.zeromq.core.ZMQWorkerMissing: no workers available

