System is being built only off of the system driver
Maximum wallclock time: 2 days, 0:00:00

Thu Aug 18 05:59:38 2022
Iteration 42 (300 requested)
Beginning iteration 42
256 segments remain in iteration 42 (256 total)
29 of 33 (87.878788%) active bins are populated
per-bin minimum non-zero probability:       4.93592e-09
per-bin maximum probability:                0.200902
per-bin probability dynamic range (kT):     17.5218
per-segment minimum non-zero probability:   6.1699e-10
per-segment maximum non-zero probability:   0.0324474
per-segment probability dynamic range (kT): 17.778
norm = 1, error in norm = 0 (0*epsilon)
Iteration wallclock: 1:34:17.425198, cputime: 10:29:22.492653


Thu Aug 18 07:33:56 2022
Iteration 43 (300 requested)
Beginning iteration 43
248 segments remain in iteration 43 (248 total)
29 of 33 (87.878788%) active bins are populated
per-bin minimum non-zero probability:       1.23398e-09
per-bin maximum probability:                0.190058
per-bin probability dynamic range (kT):     18.8526
per-segment minimum non-zero probability:   1.54247e-10
per-segment maximum non-zero probability:   0.0324474
per-segment probability dynamic range (kT): 19.1643
norm = 1, error in norm = 0 (0*epsilon)
Iteration wallclock: 1:29:38.605691, cputime: 10:09:55.191723


Thu Aug 18 09:03:34 2022
Iteration 44 (300 requested)
Beginning iteration 44
256 segments remain in iteration 44 (256 total)
29 of 33 (87.878788%) active bins are populated
per-bin minimum non-zero probability:       4.25357e-08
per-bin maximum probability:                0.229562
per-bin probability dynamic range (kT):     15.5013
per-segment minimum non-zero probability:   5.31696e-09
per-segment maximum non-zero probability:   0.0411465
per-segment probability dynamic range (kT): 15.8617
norm = 1, error in norm = 0 (0*epsilon)
Iteration wallclock: 1:32:33.694712, cputime: 10:29:31.713208


Thu Aug 18 10:36:08 2022
Iteration 45 (300 requested)
Beginning iteration 45
256 segments remain in iteration 45 (256 total)
29 of 33 (87.878788%) active bins are populated
per-bin minimum non-zero probability:       5.31696e-09
per-bin maximum probability:                0.252984
per-bin probability dynamic range (kT):     17.6779
per-segment minimum non-zero probability:   6.6462e-10
per-segment maximum non-zero probability:   0.0411465
per-segment probability dynamic range (kT): 17.9412
norm = 1, error in norm = 0 (0*epsilon)
Iteration wallclock: 1:32:34.409386, cputime: 10:29:47.696225


Thu Aug 18 12:08:42 2022
Iteration 46 (300 requested)
Beginning iteration 46
256 segments remain in iteration 46 (256 total)
29 of 33 (87.878788%) active bins are populated
per-bin minimum non-zero probability:       6.6462e-10
per-bin maximum probability:                0.240218
per-bin probability dynamic range (kT):     19.7056
per-segment minimum non-zero probability:   8.30775e-11
per-segment maximum non-zero probability:   0.0346291
per-segment probability dynamic range (kT): 19.8482
norm = 1, error in norm = 0 (0*epsilon)
Iteration wallclock: 1:32:37.146209, cputime: 10:29:09.925742


Thu Aug 18 13:41:20 2022
Iteration 47 (300 requested)
Beginning iteration 47
248 segments remain in iteration 47 (248 total)
28 of 33 (84.848485%) active bins are populated
per-bin minimum non-zero probability:       1.40889e-09
per-bin maximum probability:                0.360066
per-bin probability dynamic range (kT):     19.359
per-segment minimum non-zero probability:   1.76111e-10
per-segment maximum non-zero probability:   0.0619598
per-segment probability dynamic range (kT): 19.6786
norm = 1, error in norm = 2.22045e-16 (1*epsilon)
Iteration wallclock: 1:29:39.127183, cputime: 10:09:34.082055


Thu Aug 18 15:10:59 2022
Iteration 48 (300 requested)
Beginning iteration 48
256 segments remain in iteration 48 (256 total)
29 of 33 (87.878788%) active bins are populated
per-bin minimum non-zero probability:       1.76111e-10
per-bin maximum probability:                0.363373
per-bin probability dynamic range (kT):     21.4476
per-segment minimum non-zero probability:   2.20139e-11
per-segment maximum non-zero probability:   0.0619598
per-segment probability dynamic range (kT): 21.7581
norm = 1, error in norm = 0 (0*epsilon)
Iteration wallclock: 1:32:42.916131, cputime: 10:29:19.818416


Thu Aug 18 16:43:42 2022
Iteration 49 (300 requested)
Beginning iteration 49
256 segments remain in iteration 49 (256 total)
29 of 33 (87.878788%) active bins are populated
per-bin minimum non-zero probability:       2.20139e-11
per-bin maximum probability:                0.198889
per-bin probability dynamic range (kT):     22.9243
per-segment minimum non-zero probability:   2.75173e-12
per-segment maximum non-zero probability:   0.0424912
per-segment probability dynamic range (kT): 23.4603
norm = 1, error in norm = 2.22045e-16 (1*epsilon)
Iteration wallclock: 1:33:03.292893, cputime: 10:29:33.944339


Thu Aug 18 18:16:45 2022
Iteration 50 (300 requested)
Beginning iteration 50
256 segments remain in iteration 50 (256 total)
29 of 33 (87.878788%) active bins are populated
per-bin minimum non-zero probability:       2.64166e-10
per-bin maximum probability:                0.273681
per-bin probability dynamic range (kT):     20.7586
per-segment minimum non-zero probability:   3.30208e-11
per-segment maximum non-zero probability:   0.0454066
per-segment probability dynamic range (kT): 21.0418
norm = 1, error in norm = 2.22045e-16 (1*epsilon)
Iteration wallclock: 1:32:32.918127, cputime: 10:29:08.451000


Thu Aug 18 19:49:18 2022
Iteration 51 (300 requested)
Beginning iteration 51
256 segments remain in iteration 51 (256 total)
29 of 33 (87.878788%) active bins are populated
per-bin minimum non-zero probability:       3.30208e-11
per-bin maximum probability:                0.202628
per-bin probability dynamic range (kT):     22.5375
per-segment minimum non-zero probability:   4.1276e-12
per-segment maximum non-zero probability:   0.036871
per-segment probability dynamic range (kT): 22.913
norm = 1, error in norm = 0 (0*epsilon)
Iteration wallclock: 1:32:34.677152, cputime: 10:29:41.912420


Thu Aug 18 21:21:53 2022
Iteration 52 (300 requested)
Beginning iteration 52
256 segments remain in iteration 52 (256 total)
29 of 33 (87.878788%) active bins are populated
per-bin minimum non-zero probability:       4.1276e-12
per-bin maximum probability:                0.196886
per-bin probability dynamic range (kT):     24.5882
per-segment minimum non-zero probability:   5.1595e-13
per-segment maximum non-zero probability:   0.0350622
per-segment probability dynamic range (kT): 24.9421
norm = 1, error in norm = 2.22045e-16 (1*epsilon)
Iteration wallclock: 1:32:34.157413, cputime: 10:29:46.201998


Thu Aug 18 22:54:27 2022
Iteration 53 (300 requested)
Beginning iteration 53
248 segments remain in iteration 53 (248 total)
29 of 33 (87.878788%) active bins are populated
per-bin minimum non-zero probability:       5.1595e-13
per-bin maximum probability:                0.264416
per-bin probability dynamic range (kT):     26.9625
per-segment minimum non-zero probability:   6.44938e-14
per-segment maximum non-zero probability:   0.0449229
per-segment probability dynamic range (kT): 27.2694
norm = 1, error in norm = 0 (0*epsilon)
Iteration wallclock: 1:29:41.333436, cputime: 10:09:51.293954


Fri Aug 19 00:24:08 2022
Iteration 54 (300 requested)
Beginning iteration 54
248 segments remain in iteration 54 (248 total)
29 of 33 (87.878788%) active bins are populated
per-bin minimum non-zero probability:       7.34118e-11
per-bin maximum probability:                0.274176
per-bin probability dynamic range (kT):     22.041
per-segment minimum non-zero probability:   9.17647e-12
per-segment maximum non-zero probability:   0.0449229
per-segment probability dynamic range (kT): 22.3116
norm = 1, error in norm = 0 (0*epsilon)
Iteration wallclock: 1:31:08.431874, cputime: 10:09:06.494318


Fri Aug 19 01:55:17 2022
Iteration 55 (300 requested)
Beginning iteration 55
248 segments remain in iteration 55 (248 total)
29 of 33 (87.878788%) active bins are populated
per-bin minimum non-zero probability:       1.46824e-10
per-bin maximum probability:                0.199573
per-bin probability dynamic range (kT):     21.0302
per-segment minimum non-zero probability:   1.83529e-11
per-segment maximum non-zero probability:   0.0387538
per-segment probability dynamic range (kT): 21.4707
norm = 1, error in norm = 0 (0*epsilon)
Iteration wallclock: 1:29:31.447833, cputime: 10:10:03.901085


Fri Aug 19 03:24:48 2022
Iteration 56 (300 requested)
Beginning iteration 56
256 segments remain in iteration 56 (256 total)
29 of 33 (87.878788%) active bins are populated
per-bin minimum non-zero probability:       3.67059e-11
per-bin maximum probability:                0.233826
per-bin probability dynamic range (kT):     22.5749
per-segment minimum non-zero probability:   4.58824e-12
per-segment maximum non-zero probability:   0.0405213
per-segment probability dynamic range (kT): 22.9016
norm = 1, error in norm = 0 (0*epsilon)
Iteration wallclock: 1:32:33.388582, cputime: 10:29:14.686663


Fri Aug 19 04:57:21 2022
Iteration 57 (300 requested)
Beginning iteration 57
256 segments remain in iteration 57 (256 total)
29 of 33 (87.878788%) active bins are populated
per-bin minimum non-zero probability:       1.83529e-11
per-bin maximum probability:                0.189156
per-bin probability dynamic range (kT):     23.056
per-segment minimum non-zero probability:   2.29412e-12
per-segment maximum non-zero probability:   0.0344948
per-segment probability dynamic range (kT): 23.4337
norm = 1, error in norm = 0 (0*epsilon)
Iteration wallclock: 1:32:26.644814, cputime: 10:29:28.700495


Fri Aug 19 06:29:48 2022
Iteration 58 (300 requested)
Beginning iteration 58
256 segments remain in iteration 58 (256 total)
29 of 33 (87.878788%) active bins are populated
per-bin minimum non-zero probability:       9.17647e-12
per-bin maximum probability:                0.251054
per-bin probability dynamic range (kT):     24.0323
per-segment minimum non-zero probability:   1.14706e-12
per-segment maximum non-zero probability:   0.0425076
per-segment probability dynamic range (kT): 24.3357
norm = 1, error in norm = -1.11022e-16 (-0.5*epsilon)
Iteration wallclock: 1:33:18.435927, cputime: 10:29:38.051522


Fri Aug 19 08:03:07 2022
Iteration 59 (300 requested)
Beginning iteration 59
256 segments remain in iteration 59 (256 total)
29 of 33 (87.878788%) active bins are populated
per-bin minimum non-zero probability:       4.58824e-12
per-bin maximum probability:                0.203036
per-bin probability dynamic range (kT):     24.5132
per-segment minimum non-zero probability:   5.7353e-13
per-segment maximum non-zero probability:   0.0372211
per-segment probability dynamic range (kT): 24.8961
norm = 1, error in norm = 0 (0*epsilon)
Iteration wallclock: 1:34:38.049124, cputime: 10:28:16.573729


Fri Aug 19 09:37:45 2022
Iteration 60 (300 requested)
Beginning iteration 60
256 segments remain in iteration 60 (256 total)
29 of 33 (87.878788%) active bins are populated
per-bin minimum non-zero probability:       5.7353e-13
per-bin maximum probability:                0.192961
per-bin probability dynamic range (kT):     26.5417
per-segment minimum non-zero probability:   7.16912e-14
per-segment maximum non-zero probability:   0.0342829
per-segment probability dynamic range (kT): 26.8933
norm = 1, error in norm = 2.22045e-16 (1*epsilon)
Iteration wallclock: 1:32:23.826560, cputime: 10:29:17.105044


Fri Aug 19 11:10:08 2022
Iteration 61 (300 requested)
Beginning iteration 61
248 segments remain in iteration 61 (248 total)
29 of 33 (87.878788%) active bins are populated
per-bin minimum non-zero probability:       3.58456e-13
per-bin maximum probability:                0.215619
per-bin probability dynamic range (kT):     27.1227
per-segment minimum non-zero probability:   3.58456e-14
per-segment maximum non-zero probability:   0.0342829
per-segment probability dynamic range (kT): 27.5864
norm = 1, error in norm = 0 (0*epsilon)
Iteration wallclock: 1:29:27.740566, cputime: 10:09:40.226895


Fri Aug 19 12:39:36 2022
Iteration 62 (300 requested)
Beginning iteration 62
256 segments remain in iteration 62 (256 total)
29 of 33 (87.878788%) active bins are populated
per-bin minimum non-zero probability:       3.58456e-14
per-bin maximum probability:                0.194787
per-bin probability dynamic range (kT):     29.3237
per-segment minimum non-zero probability:   4.4807e-15
per-segment maximum non-zero probability:   0.0342829
per-segment probability dynamic range (kT): 29.6659
norm = 1, error in norm = 0 (0*epsilon)
Iteration wallclock: 1:34:59.450200, cputime: 10:28:39.729258


Fri Aug 19 14:14:36 2022
Iteration 63 (300 requested)
Beginning iteration 63
256 segments remain in iteration 63 (256 total)
29 of 33 (87.878788%) active bins are populated
per-bin minimum non-zero probability:       4.4807e-15
per-bin maximum probability:                0.18874
per-bin probability dynamic range (kT):     31.3716
per-segment minimum non-zero probability:   5.60087e-16
per-segment maximum non-zero probability:   0.0342829
per-segment probability dynamic range (kT): 31.7453
norm = 1, error in norm = 0 (0*epsilon)
Iteration wallclock: 1:32:31.649110, cputime: 10:29:32.070753


Fri Aug 19 15:47:07 2022
Iteration 64 (300 requested)
Beginning iteration 64
256 segments remain in iteration 64 (256 total)
29 of 33 (87.878788%) active bins are populated
per-bin minimum non-zero probability:       5.60087e-16
per-bin maximum probability:                0.157551
per-bin probability dynamic range (kT):     33.2704
per-segment minimum non-zero probability:   7.00109e-17
per-segment maximum non-zero probability:   0.0280597
per-segment probability dynamic range (kT): 33.6245
norm = 1, error in norm = 0 (0*epsilon)
Iteration wallclock: 1:32:23.918098, cputime: 10:29:23.344407


Fri Aug 19 17:19:31 2022
Iteration 65 (300 requested)
Beginning iteration 65
256 segments remain in iteration 65 (256 total)
29 of 33 (87.878788%) active bins are populated
per-bin minimum non-zero probability:       1.79228e-14
per-bin maximum probability:                0.157011
per-bin probability dynamic range (kT):     29.8013
per-segment minimum non-zero probability:   2.24035e-15
per-segment maximum non-zero probability:   0.0280597
per-segment probability dynamic range (kT): 30.1587
norm = 1, error in norm = 2.22045e-16 (1*epsilon)
Iteration wallclock: 1:32:25.914967, cputime: 10:29:39.568516


Fri Aug 19 18:51:57 2022
Iteration 66 (300 requested)
Beginning iteration 66
256 segments remain in iteration 66 (256 total)
29 of 33 (87.878788%) active bins are populated
per-bin minimum non-zero probability:       4.4807e-15
per-bin maximum probability:                0.195484
per-bin probability dynamic range (kT):     31.4067
per-segment minimum non-zero probability:   5.60087e-16
per-segment maximum non-zero probability:   0.0375865
per-segment probability dynamic range (kT): 31.8373
norm = 1, error in norm = -1.11022e-16 (-0.5*epsilon)
Iteration wallclock: 1:32:55.312796, cputime: 10:29:24.245157


Fri Aug 19 20:24:53 2022
Iteration 67 (300 requested)
Beginning iteration 67
256 segments remain in iteration 67 (256 total)
29 of 33 (87.878788%) active bins are populated
per-bin minimum non-zero probability:       5.60087e-16
per-bin maximum probability:                0.14829
per-bin probability dynamic range (kT):     33.2099
per-segment minimum non-zero probability:   7.00109e-17
per-segment maximum non-zero probability:   0.0268764
per-segment probability dynamic range (kT): 33.5814
norm = 1, error in norm = 0 (0*epsilon)
Iteration wallclock: 1:32:24.362783, cputime: 10:29:23.918767


Fri Aug 19 21:57:17 2022
Iteration 68 (300 requested)
Beginning iteration 68
256 segments remain in iteration 68 (256 total)
29 of 33 (87.878788%) active bins are populated
per-bin minimum non-zero probability:       7.00109e-17
per-bin maximum probability:                0.121782
per-bin probability dynamic range (kT):     35.0924
per-segment minimum non-zero probability:   8.75137e-18
per-segment maximum non-zero probability:   0.0268764
per-segment probability dynamic range (kT): 35.6608
norm = 1, error in norm = 2.22045e-16 (1*epsilon)
Iteration wallclock: 1:32:25.194139, cputime: 10:29:41.011455


Fri Aug 19 23:29:42 2022
Iteration 69 (300 requested)
Beginning iteration 69
248 segments remain in iteration 69 (248 total)
29 of 33 (87.878788%) active bins are populated
per-bin minimum non-zero probability:       8.75137e-18
per-bin maximum probability:                0.180108
per-bin probability dynamic range (kT):     37.5631
per-segment minimum non-zero probability:   1.09392e-18
per-segment maximum non-zero probability:   0.0302312
per-segment probability dynamic range (kT): 37.8579
norm = 1, error in norm = -1.11022e-16 (-0.5*epsilon)
Iteration wallclock: 1:40:29.337100, cputime: 10:09:17.508803


Sat Aug 20 01:10:11 2022
Iteration 70 (300 requested)
Beginning iteration 70
248 segments remain in iteration 70 (248 total)
29 of 33 (87.878788%) active bins are populated
per-bin minimum non-zero probability:       1.09392e-18
per-bin maximum probability:                0.224163
per-bin probability dynamic range (kT):     39.8614
per-segment minimum non-zero probability:   1.3674e-19
per-segment maximum non-zero probability:   0.040898
per-segment probability dynamic range (kT): 40.2395
norm = 1, error in norm = -1.11022e-16 (-0.5*epsilon)
Iteration wallclock: 1:29:29.215320, cputime: 10:09:53.191278


Sat Aug 20 02:39:41 2022
Iteration 71 (300 requested)
Beginning iteration 71
256 segments remain in iteration 71 (256 total)
29 of 33 (87.878788%) active bins are populated
per-bin minimum non-zero probability:       2.7348e-19
per-bin maximum probability:                0.181143
per-bin probability dynamic range (kT):     41.0346
per-segment minimum non-zero probability:   3.4185e-20
per-segment maximum non-zero probability:   0.0306284
per-segment probability dynamic range (kT): 41.3367
norm = 1, error in norm = -1.11022e-16 (-0.5*epsilon)
Iteration wallclock: 1:32:25.958785, cputime: 10:29:44.326305


Sat Aug 20 04:12:07 2022
Iteration 72 (300 requested)
Beginning iteration 72
256 segments remain in iteration 72 (256 total)
29 of 33 (87.878788%) active bins are populated
per-bin minimum non-zero probability:       1.09392e-18
per-bin maximum probability:                0.16346
per-bin probability dynamic range (kT):     39.5456
per-segment minimum non-zero probability:   1.3674e-19
per-segment maximum non-zero probability:   0.0306284
per-segment probability dynamic range (kT): 39.9504
norm = 1, error in norm = 0 (0*epsilon)
Iteration wallclock: 1:32:19.077209, cputime: 10:29:07.868767

Iteration 73 would require more than the allotted time. Ending run.
