System is being built only off of the system driver
Maximum wallclock time: 2 days, 0:00:00

Sat Aug 27 22:54:31 2022
Iteration 73 (300 requested)
Beginning iteration 73
256 segments remain in iteration 73 (256 total)
29 of 33 (87.878788%) active bins are populated
per-bin minimum non-zero probability:       4.37568e-19
per-bin maximum probability:                0.173996
per-bin probability dynamic range (kT):     40.5243
per-segment minimum non-zero probability:   5.4696e-20
per-segment maximum non-zero probability:   0.0283459
per-segment probability dynamic range (kT): 40.7892
norm = 1, error in norm = -1.11022e-16 (-0.5*epsilon)
Iteration wallclock: 1:30:39.208306, cputime: 9:28:34.199574


Sun Aug 28 00:25:10 2022
Iteration 74 (300 requested)
Beginning iteration 74
256 segments remain in iteration 74 (256 total)
29 of 33 (87.878788%) active bins are populated
per-bin minimum non-zero probability:       2.43094e-19
per-bin maximum probability:                0.137439
per-bin probability dynamic range (kT):     40.8763
per-segment minimum non-zero probability:   3.03867e-20
per-segment maximum non-zero probability:   0.0283459
per-segment probability dynamic range (kT): 41.377
norm = 1, error in norm = 0 (0*epsilon)
Iteration wallclock: 1:28:55.028702, cputime: 9:28:37.377795


Sun Aug 28 01:54:05 2022
Iteration 75 (300 requested)
Beginning iteration 75
256 segments remain in iteration 75 (256 total)
29 of 33 (87.878788%) active bins are populated
per-bin minimum non-zero probability:       3.03867e-20
per-bin maximum probability:                0.172326
per-bin probability dynamic range (kT):     43.1819
per-segment minimum non-zero probability:   3.79834e-21
per-segment maximum non-zero probability:   0.0286571
per-segment probability dynamic range (kT): 43.4674
norm = 1, error in norm = 0 (0*epsilon)
Iteration wallclock: 1:28:57.737043, cputime: 9:28:53.896931


Sun Aug 28 03:23:03 2022
Iteration 76 (300 requested)
Beginning iteration 76
256 segments remain in iteration 76 (256 total)
29 of 33 (87.878788%) active bins are populated
per-bin minimum non-zero probability:       2.43094e-19
per-bin maximum probability:                0.167889
per-bin probability dynamic range (kT):     41.0764
per-segment minimum non-zero probability:   3.03867e-20
per-segment maximum non-zero probability:   0.0311819
per-segment probability dynamic range (kT): 41.4724
norm = 1, error in norm = 0 (0*epsilon)
Iteration wallclock: 1:28:55.752000, cputime: 9:28:53.869890


Sun Aug 28 04:51:59 2022
Iteration 77 (300 requested)
Beginning iteration 77
256 segments remain in iteration 77 (256 total)
29 of 33 (87.878788%) active bins are populated
per-bin minimum non-zero probability:       3.03867e-20
per-bin maximum probability:                0.214668
per-bin probability dynamic range (kT):     43.4016
per-segment minimum non-zero probability:   3.79834e-21
per-segment maximum non-zero probability:   0.0340952
per-segment probability dynamic range (kT): 43.6411
norm = 1, error in norm = -1.11022e-16 (-0.5*epsilon)
Iteration wallclock: 1:30:34.618766, cputime: 9:26:03.796006


Sun Aug 28 06:22:33 2022
Iteration 78 (300 requested)
Beginning iteration 78
248 segments remain in iteration 78 (248 total)
29 of 33 (87.878788%) active bins are populated
per-bin minimum non-zero probability:       2.43094e-20
per-bin maximum probability:                0.149624
per-bin probability dynamic range (kT):     43.2638
per-segment minimum non-zero probability:   3.03867e-21
per-segment maximum non-zero probability:   0.0340952
per-segment probability dynamic range (kT): 43.8643
norm = 1, error in norm = 0 (0*epsilon)
Iteration wallclock: 1:26:05.979897, cputime: 9:10:44.146453


Sun Aug 28 07:48:39 2022
Iteration 79 (300 requested)
Beginning iteration 79
256 segments remain in iteration 79 (256 total)
29 of 33 (87.878788%) active bins are populated
per-bin minimum non-zero probability:       1.33701e-20
per-bin maximum probability:                0.118951
per-bin probability dynamic range (kT):     43.6322
per-segment minimum non-zero probability:   1.67127e-21
per-segment maximum non-zero probability:   0.0193842
per-segment probability dynamic range (kT): 43.8974
norm = 1, error in norm = 0 (0*epsilon)
Iteration wallclock: 1:28:56.226923, cputime: 9:28:44.065426


Sun Aug 28 09:17:35 2022
Iteration 80 (300 requested)
Beginning iteration 80
256 segments remain in iteration 80 (256 total)
29 of 33 (87.878788%) active bins are populated
per-bin minimum non-zero probability:       1.62062e-20
per-bin maximum probability:                0.137314
per-bin probability dynamic range (kT):     43.5834
per-segment minimum non-zero probability:   2.02578e-21
per-segment maximum non-zero probability:   0.0237368
per-segment probability dynamic range (kT): 43.9076
norm = 1, error in norm = 0 (0*epsilon)
Iteration wallclock: 1:28:56.789287, cputime: 9:28:22.276124


Sun Aug 28 10:46:32 2022
Iteration 81 (300 requested)
Beginning iteration 81
256 segments remain in iteration 81 (256 total)
29 of 33 (87.878788%) active bins are populated
per-bin minimum non-zero probability:       2.94371e-21
per-bin maximum probability:                0.179796
per-bin probability dynamic range (kT):     45.5587
per-segment minimum non-zero probability:   3.67964e-22
per-segment maximum non-zero probability:   0.0328265
per-segment probability dynamic range (kT): 45.9375
norm = 1, error in norm = 0 (0*epsilon)
Iteration wallclock: 1:40:00.309899, cputime: 9:27:15.687173


Sun Aug 28 12:26:33 2022
Iteration 82 (300 requested)
Beginning iteration 82
248 segments remain in iteration 82 (248 total)
28 of 33 (84.848485%) active bins are populated
per-bin minimum non-zero probability:       1.97176e-21
per-bin maximum probability:                0.150048
per-bin probability dynamic range (kT):     45.7786
per-segment minimum non-zero probability:   2.4647e-22
per-segment maximum non-zero probability:   0.0257244
per-segment probability dynamic range (kT): 46.0945
norm = 1, error in norm = 0 (0*epsilon)
Iteration wallclock: 1:28:58.511344, cputime: 9:09:57.154310


Sun Aug 28 13:55:31 2022
Iteration 83 (300 requested)
Beginning iteration 83
248 segments remain in iteration 83 (248 total)
29 of 33 (87.878788%) active bins are populated
per-bin minimum non-zero probability:       2.53222e-22
per-bin maximum probability:                0.170151
per-bin probability dynamic range (kT):     47.9567
per-segment minimum non-zero probability:   3.16528e-23
per-segment maximum non-zero probability:   0.0261387
per-segment probability dynamic range (kT): 48.1629
norm = 1, error in norm = 0 (0*epsilon)
Iteration wallclock: 1:27:21.304589, cputime: 9:10:30.293627


Sun Aug 28 15:22:52 2022
Iteration 84 (300 requested)
Beginning iteration 84
256 segments remain in iteration 84 (256 total)
29 of 33 (87.878788%) active bins are populated
per-bin minimum non-zero probability:       2.53222e-22
per-bin maximum probability:                0.167067
per-bin probability dynamic range (kT):     47.9384
per-segment minimum non-zero probability:   3.16528e-23
per-segment maximum non-zero probability:   0.0261387
per-segment probability dynamic range (kT): 48.1629
norm = 1, error in norm = 0 (0*epsilon)
Iteration wallclock: 1:28:58.840474, cputime: 9:29:00.405346


Sun Aug 28 16:51:51 2022
Iteration 85 (300 requested)
Beginning iteration 85
256 segments remain in iteration 85 (256 total)
29 of 33 (87.878788%) active bins are populated
per-bin minimum non-zero probability:       3.16528e-23
per-bin maximum probability:                0.257582
per-bin probability dynamic range (kT):     50.4508
per-segment minimum non-zero probability:   3.9566e-24
per-segment maximum non-zero probability:   0.0443355
per-segment probability dynamic range (kT): 50.7707
norm = 1, error in norm = 0 (0*epsilon)
Iteration wallclock: 1:28:54.695545, cputime: 9:28:58.785974


Sun Aug 28 18:20:46 2022
Iteration 86 (300 requested)
Beginning iteration 86
248 segments remain in iteration 86 (248 total)
29 of 33 (87.878788%) active bins are populated
per-bin minimum non-zero probability:       1.40679e-23
per-bin maximum probability:                0.163969
per-bin probability dynamic range (kT):     50.8101
per-segment minimum non-zero probability:   1.75849e-24
per-segment maximum non-zero probability:   0.0294544
per-segment probability dynamic range (kT): 51.1727
norm = 1, error in norm = -1.11022e-16 (-0.5*epsilon)
Iteration wallclock: 1:27:00.433177, cputime: 9:10:39.078231


Sun Aug 28 19:47:46 2022
Iteration 87 (300 requested)
Beginning iteration 87
248 segments remain in iteration 87 (248 total)
29 of 33 (87.878788%) active bins are populated
per-bin minimum non-zero probability:       3.16528e-24
per-bin maximum probability:                0.195618
per-bin probability dynamic range (kT):     52.4782
per-segment minimum non-zero probability:   3.9566e-25
per-segment maximum non-zero probability:   0.0300928
per-segment probability dynamic range (kT): 52.6858
norm = 1, error in norm = 0 (0*epsilon)
Iteration wallclock: 1:34:40.769599, cputime: 9:10:08.691673


Sun Aug 28 21:22:27 2022
Iteration 88 (300 requested)
Beginning iteration 88
256 segments remain in iteration 88 (256 total)
29 of 33 (87.878788%) active bins are populated
per-bin minimum non-zero probability:       5.06445e-24
per-bin maximum probability:                0.179089
per-bin probability dynamic range (kT):     51.9199
per-segment minimum non-zero probability:   6.33056e-25
per-segment maximum non-zero probability:   0.0300928
per-segment probability dynamic range (kT): 52.2158
norm = 1, error in norm = 0 (0*epsilon)
Iteration wallclock: 1:28:55.569433, cputime: 9:28:57.051079


Sun Aug 28 22:51:23 2022
Iteration 89 (300 requested)
Beginning iteration 89
248 segments remain in iteration 89 (248 total)
29 of 33 (87.878788%) active bins are populated
per-bin minimum non-zero probability:       7.25377e-25
per-bin maximum probability:                0.149629
per-bin probability dynamic range (kT):     53.6835
per-segment minimum non-zero probability:   9.06721e-26
per-segment maximum non-zero probability:   0.0278522
per-segment probability dynamic range (kT): 54.0817
norm = 1, error in norm = 2.22045e-16 (1*epsilon)
Iteration wallclock: 1:26:07.720247, cputime: 9:11:01.721363


Mon Aug 29 00:17:30 2022
Iteration 90 (300 requested)
Beginning iteration 90
256 segments remain in iteration 90 (256 total)
29 of 33 (87.878788%) active bins are populated
per-bin minimum non-zero probability:       2.37913e-12
per-bin maximum probability:                0.165859
per-bin probability dynamic range (kT):     24.9677
per-segment minimum non-zero probability:   2.97392e-13
per-segment maximum non-zero probability:   0.0299867
per-segment probability dynamic range (kT): 25.3367
norm = 1, error in norm = 0 (0*epsilon)
Iteration wallclock: 1:29:00.129439, cputime: 9:28:51.192940


Mon Aug 29 01:46:31 2022
Iteration 91 (300 requested)
Beginning iteration 91
232 segments remain in iteration 91 (232 total)
27 of 33 (81.818182%) active bins are populated
per-bin minimum non-zero probability:       2.97392e-13
per-bin maximum probability:                0.199492
per-bin probability dynamic range (kT):     27.2317
per-segment minimum non-zero probability:   3.7174e-14
per-segment maximum non-zero probability:   0.0313341
per-segment probability dynamic range (kT): 27.4601
norm = 1, error in norm = -1.11022e-16 (-0.5*epsilon)
Iteration wallclock: 1:20:48.526959, cputime: 8:35:16.319689


Mon Aug 29 03:07:19 2022
Iteration 92 (300 requested)
Beginning iteration 92
248 segments remain in iteration 92 (248 total)
29 of 33 (87.878788%) active bins are populated
per-bin minimum non-zero probability:       1.58609e-12
per-bin maximum probability:                0.142635
per-bin probability dynamic range (kT):     25.2223
per-segment minimum non-zero probability:   1.98261e-13
per-segment maximum non-zero probability:   0.026787
per-segment probability dynamic range (kT): 25.6294
norm = 1, error in norm = 0 (0*epsilon)
Iteration wallclock: 1:31:13.114613, cputime: 9:08:40.732139


Mon Aug 29 04:38:32 2022
Iteration 93 (300 requested)
Beginning iteration 93
256 segments remain in iteration 93 (256 total)
29 of 33 (87.878788%) active bins are populated
per-bin minimum non-zero probability:       1.98261e-13
per-bin maximum probability:                0.134891
per-bin probability dynamic range (kT):     27.2459
per-segment minimum non-zero probability:   2.47826e-14
per-segment maximum non-zero probability:   0.026787
per-segment probability dynamic range (kT): 27.7088
norm = 1, error in norm = 0 (0*epsilon)
Iteration wallclock: 1:38:31.744528, cputime: 9:27:17.776160


Mon Aug 29 06:17:04 2022
Iteration 94 (300 requested)
Beginning iteration 94
248 segments remain in iteration 94 (248 total)
29 of 33 (87.878788%) active bins are populated
per-bin minimum non-zero probability:       2.47826e-14
per-bin maximum probability:                0.149429
per-bin probability dynamic range (kT):     29.4277
per-segment minimum non-zero probability:   3.09783e-15
per-segment maximum non-zero probability:   0.026787
per-segment probability dynamic range (kT): 29.7882
norm = 1, error in norm = 0 (0*epsilon)
Iteration wallclock: 1:27:38.058626, cputime: 9:10:45.343814


Mon Aug 29 07:44:42 2022
Iteration 95 (300 requested)
Beginning iteration 95
256 segments remain in iteration 95 (256 total)
29 of 33 (87.878788%) active bins are populated
per-bin minimum non-zero probability:       1.18957e-13
per-bin maximum probability:                0.141719
per-bin probability dynamic range (kT):     27.8061
per-segment minimum non-zero probability:   1.48696e-14
per-segment maximum non-zero probability:   0.0231853
per-segment probability dynamic range (kT): 28.0752
norm = 1, error in norm = 0 (0*epsilon)
Iteration wallclock: 1:32:40.840144, cputime: 9:25:57.958008


Mon Aug 29 09:17:23 2022
Iteration 96 (300 requested)
Beginning iteration 96
256 segments remain in iteration 96 (256 total)
29 of 33 (87.878788%) active bins are populated
per-bin minimum non-zero probability:       1.48696e-14
per-bin maximum probability:                0.134527
per-bin probability dynamic range (kT):     29.8335
per-segment minimum non-zero probability:   1.8587e-15
per-segment maximum non-zero probability:   0.0242429
per-segment probability dynamic range (kT): 30.1993
norm = 1, error in norm = 0 (0*epsilon)
Iteration wallclock: 1:32:08.234162, cputime: 9:26:32.995497


Mon Aug 29 10:49:31 2022
Iteration 97 (300 requested)
Beginning iteration 97
256 segments remain in iteration 97 (256 total)
29 of 33 (87.878788%) active bins are populated
per-bin minimum non-zero probability:       1.8587e-15
per-bin maximum probability:                0.121171
per-bin probability dynamic range (kT):     31.8083
per-segment minimum non-zero probability:   2.32337e-16
per-segment maximum non-zero probability:   0.0219755
per-segment probability dynamic range (kT): 32.1805
norm = 1, error in norm = 0 (0*epsilon)
Iteration wallclock: 1:28:58.356872, cputime: 9:28:46.230847


Mon Aug 29 12:18:30 2022
Iteration 98 (300 requested)
Beginning iteration 98
248 segments remain in iteration 98 (248 total)
28 of 33 (84.848485%) active bins are populated
per-bin minimum non-zero probability:       2.32337e-16
per-bin maximum probability:                0.18695
per-bin probability dynamic range (kT):     34.3214
per-segment minimum non-zero probability:   2.90422e-17
per-segment maximum non-zero probability:   0.0312657
per-segment probability dynamic range (kT): 34.6125
norm = 1, error in norm = 0 (0*epsilon)
Iteration wallclock: 1:26:11.415192, cputime: 9:11:10.949679


Mon Aug 29 13:44:41 2022
Iteration 99 (300 requested)
Beginning iteration 99
256 segments remain in iteration 99 (256 total)
29 of 33 (87.878788%) active bins are populated
per-bin minimum non-zero probability:       2.90422e-17
per-bin maximum probability:                0.11205
per-bin probability dynamic range (kT):     35.889
per-segment minimum non-zero probability:   3.63027e-18
per-segment maximum non-zero probability:   0.0197864
per-segment probability dynamic range (kT): 36.2345
norm = 1, error in norm = 0 (0*epsilon)
Iteration wallclock: 1:28:56.806238, cputime: 9:28:58.320475


Mon Aug 29 15:13:38 2022
Iteration 100 (300 requested)
Beginning iteration 100
256 segments remain in iteration 100 (256 total)
29 of 33 (87.878788%) active bins are populated
per-bin minimum non-zero probability:       3.63027e-18
per-bin maximum probability:                0.115107
per-bin probability dynamic range (kT):     37.9953
per-segment minimum non-zero probability:   4.53784e-19
per-segment maximum non-zero probability:   0.0198883
per-segment probability dynamic range (kT): 38.319
norm = 1, error in norm = -1.11022e-16 (-0.5*epsilon)
Iteration wallclock: 1:28:55.872077, cputime: 9:28:57.838914


Mon Aug 29 16:42:34 2022
Iteration 101 (300 requested)
Beginning iteration 101
248 segments remain in iteration 101 (248 total)
29 of 33 (87.878788%) active bins are populated
per-bin minimum non-zero probability:       1.18404e-05
per-bin maximum probability:                0.130558
per-bin probability dynamic range (kT):     9.30805
per-segment minimum non-zero probability:   1.48005e-06
per-segment maximum non-zero probability:   0.0227676
per-segment probability dynamic range (kT): 9.64101
norm = 1, error in norm = 2.22045e-16 (1*epsilon)
Iteration wallclock: 1:26:14.494649, cputime: 9:11:05.902519


Mon Aug 29 18:08:48 2022
Iteration 102 (300 requested)
Beginning iteration 102
240 segments remain in iteration 102 (240 total)
29 of 33 (87.878788%) active bins are populated
per-bin minimum non-zero probability:       3.15745e-05
per-bin maximum probability:                0.141061
per-bin probability dynamic range (kT):     8.4046
per-segment minimum non-zero probability:   3.94681e-06
per-segment maximum non-zero probability:   0.0233703
per-segment probability dynamic range (kT): 8.68631
norm = 1, error in norm = 0 (0*epsilon)
Iteration wallclock: 1:23:24.424696, cputime: 8:53:26.876741


Mon Aug 29 19:32:13 2022
Iteration 103 (300 requested)
Beginning iteration 103
248 segments remain in iteration 103 (248 total)
29 of 33 (87.878788%) active bins are populated
per-bin minimum non-zero probability:       3.94681e-06
per-bin maximum probability:                0.151148
per-bin probability dynamic range (kT):     10.5531
per-segment minimum non-zero probability:   4.93351e-07
per-segment maximum non-zero probability:   0.0234676
per-segment probability dynamic range (kT): 10.7699
norm = 1, error in norm = 0 (0*epsilon)
Iteration wallclock: 1:26:10.625975, cputime: 9:11:08.631842


Mon Aug 29 20:58:23 2022
Iteration 104 (300 requested)
Beginning iteration 104
248 segments remain in iteration 104 (248 total)
29 of 33 (87.878788%) active bins are populated
per-bin minimum non-zero probability:       1.6445e-06
per-bin maximum probability:                0.118873
per-bin probability dynamic range (kT):     11.1884
per-segment minimum non-zero probability:   2.05563e-07
per-segment maximum non-zero probability:   0.0233703
per-segment probability dynamic range (kT): 11.6412
norm = 1, error in norm = 0 (0*epsilon)
Iteration wallclock: 1:26:10.727019, cputime: 9:11:29.930628

Iteration 105 would require more than the allotted time. Ending run.
