System is being built only off of the system driver
Maximum wallclock time: 2 days, 0:00:00

Thu Aug 11 11:42:59 2022
Iteration 10 (300 requested)
Beginning iteration 10
264 segments remain in iteration 10 (264 total)
29 of 33 (87.878788%) active bins are populated
per-bin minimum non-zero probability:       3.56038e-06
per-bin maximum probability:                0.338717
per-bin probability dynamic range (kT):     11.4631
per-segment minimum non-zero probability:   2.54313e-07
per-segment maximum non-zero probability:   0.0566623
per-segment probability dynamic range (kT): 12.3141
norm = 1, error in norm = 0 (0*epsilon)
Iteration wallclock: 1:33:35.022349, cputime: 9:46:46.884498


Thu Aug 11 13:16:34 2022
Iteration 11 (300 requested)
Beginning iteration 11
256 segments remain in iteration 11 (256 total)
29 of 33 (87.878788%) active bins are populated
per-bin minimum non-zero probability:       2.40326e-05
per-bin maximum probability:                0.357738
per-bin probability dynamic range (kT):     9.60815
per-segment minimum non-zero probability:   2.71267e-06
per-segment maximum non-zero probability:   0.0606418
per-segment probability dynamic range (kT): 10.0148
norm = 1, error in norm = 0 (0*epsilon)
Iteration wallclock: 1:28:57.893256, cputime: 9:28:55.390615


Thu Aug 11 14:45:32 2022
Iteration 12 (300 requested)
Beginning iteration 12
264 segments remain in iteration 12 (264 total)
29 of 33 (87.878788%) active bins are populated
per-bin minimum non-zero probability:       1.89944e-05
per-bin maximum probability:                0.257962
per-bin probability dynamic range (kT):     9.51642
per-segment minimum non-zero probability:   2.10684e-06
per-segment maximum non-zero probability:   0.0398079
per-segment probability dynamic range (kT): 9.84663
norm = 1, error in norm = 0 (0*epsilon)
Iteration wallclock: 1:31:47.293667, cputime: 9:47:02.735198


Thu Aug 11 16:17:19 2022
Iteration 13 (300 requested)
Beginning iteration 13
264 segments remain in iteration 13 (264 total)
29 of 33 (87.878788%) active bins are populated
per-bin minimum non-zero probability:       5.06219e-05
per-bin maximum probability:                0.262538
per-bin probability dynamic range (kT):     8.55377
per-segment minimum non-zero probability:   4.22188e-06
per-segment maximum non-zero probability:   0.0398079
per-segment probability dynamic range (kT): 9.15154
norm = 1, error in norm = 0 (0*epsilon)
Iteration wallclock: 1:31:44.789487, cputime: 9:46:35.474676


Thu Aug 11 17:49:04 2022
Iteration 14 (300 requested)
Beginning iteration 14
256 segments remain in iteration 14 (256 total)
29 of 33 (87.878788%) active bins are populated
per-bin minimum non-zero probability:       2.90344e-05
per-bin maximum probability:                0.28142
per-bin probability dynamic range (kT):     9.17912
per-segment minimum non-zero probability:   3.6293e-06
per-segment maximum non-zero probability:   0.0417747
per-segment probability dynamic range (kT): 9.35101
norm = 1, error in norm = -1.11022e-16 (-0.5*epsilon)
Iteration wallclock: 1:28:59.593369, cputime: 9:29:31.170757


Thu Aug 11 19:18:03 2022
Iteration 15 (300 requested)
Beginning iteration 15
264 segments remain in iteration 15 (264 total)
29 of 33 (87.878788%) active bins are populated
per-bin minimum non-zero probability:       3.6293e-06
per-bin maximum probability:                0.271167
per-bin probability dynamic range (kT):     11.2215
per-segment minimum non-zero probability:   4.53662e-07
per-segment maximum non-zero probability:   0.0465558
per-segment probability dynamic range (kT): 11.5388
norm = 1, error in norm = 0 (0*epsilon)
Iteration wallclock: 1:31:44.474983, cputime: 9:46:47.819253


Thu Aug 11 20:49:48 2022
Iteration 16 (300 requested)
Beginning iteration 16
248 segments remain in iteration 16 (248 total)
29 of 33 (87.878788%) active bins are populated
per-bin minimum non-zero probability:       4.53662e-07
per-bin maximum probability:                0.301127
per-bin probability dynamic range (kT):     13.4057
per-segment minimum non-zero probability:   5.67078e-08
per-segment maximum non-zero probability:   0.0502029
per-segment probability dynamic range (kT): 13.6937
norm = 1, error in norm = 0 (0*epsilon)
Iteration wallclock: 1:26:10.430449, cputime: 9:11:15.476025


Thu Aug 11 22:15:58 2022
Iteration 17 (300 requested)
Beginning iteration 17
248 segments remain in iteration 17 (248 total)
29 of 33 (87.878788%) active bins are populated
per-bin minimum non-zero probability:       5.67078e-08
per-bin maximum probability:                0.303389
per-bin probability dynamic range (kT):     15.4926
per-segment minimum non-zero probability:   7.08847e-09
per-segment maximum non-zero probability:   0.0502029
per-segment probability dynamic range (kT): 15.7731
norm = 1, error in norm = 0 (0*epsilon)
Iteration wallclock: 1:26:11.000639, cputime: 9:11:20.124515


Thu Aug 11 23:42:09 2022
Iteration 18 (300 requested)
Beginning iteration 18
264 segments remain in iteration 18 (264 total)
29 of 33 (87.878788%) active bins are populated
per-bin minimum non-zero probability:       9.63685e-05
per-bin maximum probability:                0.295611
per-bin probability dynamic range (kT):     8.02862
per-segment minimum non-zero probability:   1.20461e-05
per-segment maximum non-zero probability:   0.0513488
per-segment probability dynamic range (kT): 8.35766
norm = 1, error in norm = 0 (0*epsilon)
Iteration wallclock: 1:31:44.517153, cputime: 9:46:25.613667


Fri Aug 12 01:13:54 2022
Iteration 19 (300 requested)
Beginning iteration 19
248 segments remain in iteration 19 (248 total)
29 of 33 (87.878788%) active bins are populated
per-bin minimum non-zero probability:       4.08715e-05
per-bin maximum probability:                0.269909
per-bin probability dynamic range (kT):     8.79541
per-segment minimum non-zero probability:   5.10894e-06
per-segment maximum non-zero probability:   0.0513488
per-segment probability dynamic range (kT): 9.21541
norm = 1, error in norm = -1.11022e-16 (-0.5*epsilon)
Iteration wallclock: 1:28:24.902645, cputime: 9:10:13.403250


Fri Aug 12 02:42:19 2022
Iteration 20 (300 requested)
Beginning iteration 20
256 segments remain in iteration 20 (256 total)
29 of 33 (87.878788%) active bins are populated
per-bin minimum non-zero probability:       7.13438e-05
per-bin maximum probability:                0.289451
per-bin probability dynamic range (kT):     8.30823
per-segment minimum non-zero probability:   8.91797e-06
per-segment maximum non-zero probability:   0.0540581
per-segment probability dynamic range (kT): 8.70975
norm = 1, error in norm = 0 (0*epsilon)
Iteration wallclock: 1:28:59.791506, cputime: 9:29:28.971793


Fri Aug 12 04:11:19 2022
Iteration 21 (300 requested)
Beginning iteration 21
256 segments remain in iteration 21 (256 total)
29 of 33 (87.878788%) active bins are populated
per-bin minimum non-zero probability:       9.65108e-05
per-bin maximum probability:                0.301808
per-bin probability dynamic range (kT):     8.04789
per-segment minimum non-zero probability:   1.20638e-05
per-segment maximum non-zero probability:   0.0540581
per-segment probability dynamic range (kT): 8.4076
norm = 1, error in norm = 0 (0*epsilon)
Iteration wallclock: 1:28:58.295144, cputime: 9:29:20.639978


Fri Aug 12 05:40:17 2022
Iteration 22 (300 requested)
Beginning iteration 22
248 segments remain in iteration 22 (248 total)
29 of 33 (87.878788%) active bins are populated
per-bin minimum non-zero probability:       0.000153214
per-bin maximum probability:                0.30716
per-bin probability dynamic range (kT):     7.60329
per-segment minimum non-zero probability:   1.55424e-05
per-segment maximum non-zero probability:   0.0537447
per-segment probability dynamic range (kT): 8.14843
norm = 1, error in norm = 0 (0*epsilon)
Iteration wallclock: 1:26:14.048989, cputime: 9:11:39.659150


Fri Aug 12 07:06:31 2022
Iteration 23 (300 requested)
Beginning iteration 23
256 segments remain in iteration 23 (256 total)
29 of 33 (87.878788%) active bins are populated
per-bin minimum non-zero probability:       3.13829e-05
per-bin maximum probability:                0.226403
per-bin probability dynamic range (kT):     8.88381
per-segment minimum non-zero probability:   3.92287e-06
per-segment maximum non-zero probability:   0.0408155
per-segment probability dynamic range (kT): 9.24999
norm = 1, error in norm = 0 (0*epsilon)
Iteration wallclock: 1:28:55.985414, cputime: 9:29:03.047745


Fri Aug 12 08:35:27 2022
Iteration 24 (300 requested)
Beginning iteration 24
248 segments remain in iteration 24 (248 total)
29 of 33 (87.878788%) active bins are populated
per-bin minimum non-zero probability:       0.000135636
per-bin maximum probability:                0.183901
per-bin probability dynamic range (kT):     7.21218
per-segment minimum non-zero probability:   1.17378e-05
per-segment maximum non-zero probability:   0.0327017
per-segment probability dynamic range (kT): 7.93237
norm = 1, error in norm = 2.22045e-16 (1*epsilon)
Iteration wallclock: 1:26:11.709539, cputime: 9:11:30.702669


Fri Aug 12 10:01:39 2022
Iteration 25 (300 requested)
Beginning iteration 25
248 segments remain in iteration 25 (248 total)
29 of 33 (87.878788%) active bins are populated
per-bin minimum non-zero probability:       5.80501e-05
per-bin maximum probability:                0.205859
per-bin probability dynamic range (kT):     8.17364
per-segment minimum non-zero probability:   7.25626e-06
per-segment maximum non-zero probability:   0.0386815
per-segment probability dynamic range (kT): 8.58125
norm = 1, error in norm = 0 (0*epsilon)
Iteration wallclock: 1:29:59.178156, cputime: 9:09:54.513948


Fri Aug 12 11:31:38 2022
Iteration 26 (300 requested)
Beginning iteration 26
248 segments remain in iteration 26 (248 total)
28 of 33 (84.848485%) active bins are populated
per-bin minimum non-zero probability:       7.54819e-06
per-bin maximum probability:                0.216209
per-bin probability dynamic range (kT):     10.2627
per-segment minimum non-zero probability:   9.43524e-07
per-segment maximum non-zero probability:   0.0362886
per-segment probability dynamic range (kT): 10.5574
norm = 1, error in norm = 0 (0*epsilon)
Iteration wallclock: 1:26:10.900654, cputime: 9:11:33.538805


Fri Aug 12 12:57:49 2022
Iteration 27 (300 requested)
Beginning iteration 27
248 segments remain in iteration 27 (248 total)
29 of 33 (87.878788%) active bins are populated
per-bin minimum non-zero probability:       3.52429e-05
per-bin maximum probability:                0.197661
per-bin probability dynamic range (kT):     8.63204
per-segment minimum non-zero probability:   3.39333e-06
per-segment maximum non-zero probability:   0.0362886
per-segment probability dynamic range (kT): 9.27745
norm = 1, error in norm = 0 (0*epsilon)
Iteration wallclock: 1:26:10.905425, cputime: 9:11:26.257930


Fri Aug 12 14:24:00 2022
Iteration 28 (300 requested)
Beginning iteration 28
248 segments remain in iteration 28 (248 total)
28 of 33 (84.848485%) active bins are populated
per-bin minimum non-zero probability:       0.000135244
per-bin maximum probability:                0.208297
per-bin probability dynamic range (kT):     7.33964
per-segment minimum non-zero probability:   4.40536e-06
per-segment maximum non-zero probability:   0.0331784
per-segment probability dynamic range (kT): 8.92683
norm = 1, error in norm = 0 (0*epsilon)
Iteration wallclock: 1:26:22.014000, cputime: 9:11:23.326901


Fri Aug 12 15:50:22 2022
Iteration 29 (300 requested)
Beginning iteration 29
256 segments remain in iteration 29 (256 total)
28 of 33 (84.848485%) active bins are populated
per-bin minimum non-zero probability:       2.25327e-05
per-bin maximum probability:                0.233697
per-bin probability dynamic range (kT):     9.24681
per-segment minimum non-zero probability:   2.81659e-06
per-segment maximum non-zero probability:   0.0382878
per-segment probability dynamic range (kT): 9.51736
norm = 1, error in norm = 2.22045e-16 (1*epsilon)
Iteration wallclock: 1:34:12.985225, cputime: 9:28:49.064189


Fri Aug 12 17:24:35 2022
Iteration 30 (300 requested)
Beginning iteration 30
256 segments remain in iteration 30 (256 total)
29 of 33 (87.878788%) active bins are populated
per-bin minimum non-zero probability:       7.47131e-06
per-bin maximum probability:                0.258812
per-bin probability dynamic range (kT):     10.4528
per-segment minimum non-zero probability:   9.33914e-07
per-segment maximum non-zero probability:   0.0418143
per-segment probability dynamic range (kT): 10.7094
norm = 1, error in norm = 2.22045e-16 (1*epsilon)
Iteration wallclock: 1:28:59.989713, cputime: 9:29:24.029154


Fri Aug 12 18:53:35 2022
Iteration 31 (300 requested)
Beginning iteration 31
256 segments remain in iteration 31 (256 total)
29 of 33 (87.878788%) active bins are populated
per-bin minimum non-zero probability:       9.33914e-07
per-bin maximum probability:                0.295003
per-bin probability dynamic range (kT):     12.6631
per-segment minimum non-zero probability:   1.16739e-07
per-segment maximum non-zero probability:   0.0536655
per-segment probability dynamic range (kT): 13.0383
norm = 1, error in norm = 0 (0*epsilon)
Iteration wallclock: 1:28:58.995039, cputime: 9:29:15.639629


Fri Aug 12 20:22:34 2022
Iteration 32 (300 requested)
Beginning iteration 32
256 segments remain in iteration 32 (256 total)
29 of 33 (87.878788%) active bins are populated
per-bin minimum non-zero probability:       1.16739e-07
per-bin maximum probability:                0.250944
per-bin probability dynamic range (kT):     14.5808
per-segment minimum non-zero probability:   1.45924e-08
per-segment maximum non-zero probability:   0.0402837
per-segment probability dynamic range (kT): 14.831
norm = 1, error in norm = 2.22045e-16 (1*epsilon)
Iteration wallclock: 1:28:57.693615, cputime: 9:29:08.402919


Fri Aug 12 21:51:32 2022
Iteration 33 (300 requested)
Beginning iteration 33
248 segments remain in iteration 33 (248 total)
29 of 33 (87.878788%) active bins are populated
per-bin minimum non-zero probability:       2.91848e-08
per-bin maximum probability:                0.218402
per-bin probability dynamic range (kT):     15.8282
per-segment minimum non-zero probability:   3.6481e-09
per-segment maximum non-zero probability:   0.0402837
per-segment probability dynamic range (kT): 16.2173
norm = 1, error in norm = 0 (0*epsilon)
Iteration wallclock: 1:26:08.892102, cputime: 9:11:06.126665


Fri Aug 12 23:17:40 2022
Iteration 34 (300 requested)
Beginning iteration 34
240 segments remain in iteration 34 (240 total)
28 of 33 (84.848485%) active bins are populated
per-bin minimum non-zero probability:       2.02175e-05
per-bin maximum probability:                0.20285
per-bin probability dynamic range (kT):     9.21367
per-segment minimum non-zero probability:   2.52719e-06
per-segment maximum non-zero probability:   0.0313025
per-segment probability dynamic range (kT): 9.42434
norm = 1, error in norm = 0 (0*epsilon)
Iteration wallclock: 1:23:21.271529, cputime: 8:53:27.248340


Sat Aug 13 00:41:02 2022
Iteration 35 (300 requested)
Beginning iteration 35
264 segments remain in iteration 35 (264 total)
29 of 33 (87.878788%) active bins are populated
per-bin minimum non-zero probability:       2.52719e-06
per-bin maximum probability:                0.271444
per-bin probability dynamic range (kT):     11.5844
per-segment minimum non-zero probability:   3.15899e-07
per-segment maximum non-zero probability:   0.0455918
per-segment probability dynamic range (kT): 11.8798
norm = 1, error in norm = 2.22045e-16 (1*epsilon)
Iteration wallclock: 1:31:40.993057, cputime: 9:46:49.351975


Sat Aug 13 02:12:43 2022
Iteration 36 (300 requested)
Beginning iteration 36
256 segments remain in iteration 36 (256 total)
29 of 33 (87.878788%) active bins are populated
per-bin minimum non-zero probability:       3.15899e-07
per-bin maximum probability:                0.191145
per-bin probability dynamic range (kT):     13.3131
per-segment minimum non-zero probability:   3.94873e-08
per-segment maximum non-zero probability:   0.0333337
per-segment probability dynamic range (kT): 13.6461
norm = 1, error in norm = 0 (0*epsilon)
Iteration wallclock: 1:29:28.291001, cputime: 9:28:21.732765


Sat Aug 13 03:42:11 2022
Iteration 37 (300 requested)
Beginning iteration 37
256 segments remain in iteration 37 (256 total)
29 of 33 (87.878788%) active bins are populated
per-bin minimum non-zero probability:       6.31798e-07
per-bin maximum probability:                0.220534
per-bin probability dynamic range (kT):     12.763
per-segment minimum non-zero probability:   7.89747e-08
per-segment maximum non-zero probability:   0.038066
per-segment probability dynamic range (kT): 13.0857
norm = 1, error in norm = 0 (0*epsilon)
Iteration wallclock: 1:28:56.532688, cputime: 9:28:55.010495


Sat Aug 13 05:11:08 2022
Iteration 38 (300 requested)
Beginning iteration 38
240 segments remain in iteration 38 (240 total)
27 of 33 (81.818182%) active bins are populated
per-bin minimum non-zero probability:       1.2636e-06
per-bin maximum probability:                0.267213
per-bin probability dynamic range (kT):     12.2618
per-segment minimum non-zero probability:   1.57949e-07
per-segment maximum non-zero probability:   0.0482145
per-segment probability dynamic range (kT): 12.6289
norm = 1, error in norm = 0 (0*epsilon)
Iteration wallclock: 1:23:23.079110, cputime: 8:53:08.482533


Sat Aug 13 06:34:31 2022
Iteration 39 (300 requested)
Beginning iteration 39
256 segments remain in iteration 39 (256 total)
29 of 33 (87.878788%) active bins are populated
per-bin minimum non-zero probability:       1.57949e-07
per-bin maximum probability:                0.285578
per-bin probability dynamic range (kT):     14.4078
per-segment minimum non-zero probability:   1.97437e-08
per-segment maximum non-zero probability:   0.0482145
per-segment probability dynamic range (kT): 14.7083
norm = 1, error in norm = 0 (0*epsilon)
Iteration wallclock: 1:29:03.165675, cputime: 9:29:08.326731


Sat Aug 13 08:03:34 2022
Iteration 40 (300 requested)
Beginning iteration 40
256 segments remain in iteration 40 (256 total)
29 of 33 (87.878788%) active bins are populated
per-bin minimum non-zero probability:       1.97437e-08
per-bin maximum probability:                0.236515
per-bin probability dynamic range (kT):     16.2987
per-segment minimum non-zero probability:   2.46796e-09
per-segment maximum non-zero probability:   0.0482145
per-segment probability dynamic range (kT): 16.7878
norm = 1, error in norm = 2.22045e-16 (1*epsilon)
Iteration wallclock: 1:28:59.446490, cputime: 9:29:03.299083


Sat Aug 13 09:32:33 2022
Iteration 41 (300 requested)
Beginning iteration 41
256 segments remain in iteration 41 (256 total)
29 of 33 (87.878788%) active bins are populated
per-bin minimum non-zero probability:       2.46796e-09
per-bin maximum probability:                0.22406
per-bin probability dynamic range (kT):     18.324
per-segment minimum non-zero probability:   3.08495e-10
per-segment maximum non-zero probability:   0.0482145
per-segment probability dynamic range (kT): 18.8672
norm = 1, error in norm = 0 (0*epsilon)
Iteration wallclock: 1:29:43.134479, cputime: 9:28:12.925601

Iteration 42 would require more than the allotted time. Ending run.
