Updating system with the options from the configuration file
-- ERROR    [westpa.core.propagators.executable] -- could not read pcoord from '/tmp/tmpdaonr5tt': ValueError('cannot reshape array of size 0 into shape (6,3)')
-- ERROR    [westpa.core.propagators.executable] -- could not read pcoord from '/tmp/tmpdbb22csq': ValueError('cannot reshape array of size 0 into shape (6,3)')
-- ERROR    [westpa.core.propagators.executable] -- could not read pcoord from '/tmp/tmpl0vfpejg': ValueError('cannot reshape array of size 0 into shape (6,3)')
-- ERROR    [westpa.core.propagators.executable] -- could not read pcoord from '/tmp/tmpz0npn_g8': ValueError('cannot reshape array of size 0 into shape (6,3)')
-- ERROR    [westpa.core.propagators.executable] -- could not read pcoord from '/tmp/tmpuh6m_vq_': ValueError('cannot reshape array of size 0 into shape (6,3)')
-- ERROR    [westpa.core.propagators.executable] -- could not read pcoord from '/tmp/tmppoe0fuay': ValueError('cannot reshape array of size 0 into shape (6,3)')
-- ERROR    [westpa.core.propagators.executable] -- could not read pcoord from '/tmp/tmpfmudqarg': ValueError('cannot reshape array of size 0 into shape (6,3)')
-- ERROR    [westpa.core.propagators.executable] -- could not read pcoord from '/tmp/tmpuyzeg83l': ValueError('cannot reshape array of size 0 into shape (6,3)')
-- ERROR    [westpa.core.propagators.executable] -- could not read pcoord from '/tmp/tmp2k5tysiv': ValueError('cannot reshape array of size 0 into shape (6,3)')
-- ERROR    [westpa.core.propagators.executable] -- could not read pcoord from '/tmp/tmp56jje_13': ValueError('cannot reshape array of size 0 into shape (6,3)')
-- ERROR    [westpa.core.propagators.executable] -- could not read pcoord from '/tmp/tmp8vu5zefz': ValueError('cannot reshape array of size 0 into shape (6,3)')
-- ERROR    [westpa.core.propagators.executable] -- could not read pcoord from '/tmp/tmpda8e9ra9': ValueError('cannot reshape array of size 0 into shape (6,3)')
-- ERROR    [westpa.core.propagators.executable] -- could not read pcoord from '/tmp/tmpjoq8yb9l': ValueError('cannot reshape array of size 0 into shape (6,3)')
-- ERROR    [westpa.core.propagators.executable] -- could not read pcoord from '/tmp/tmp7kevrhii': ValueError('cannot reshape array of size 0 into shape (6,3)')
-- ERROR    [westpa.core.propagators.executable] -- could not read pcoord from '/tmp/tmpbgctpuwg': ValueError('cannot reshape array of size 0 into shape (6,3)')
-- ERROR    [westpa.core.propagators.executable] -- could not read pcoord from '/tmp/tmpg7jb8_v1': ValueError('cannot reshape array of size 0 into shape (6,3)')
-- ERROR    [westpa.core.propagators.executable] -- could not read pcoord from '/tmp/tmpgayeer3u': ValueError('cannot reshape array of size 0 into shape (6,3)')
-- ERROR    [westpa.core.propagators.executable] -- could not read pcoord from '/tmp/tmpc1cenco4': ValueError('cannot reshape array of size 0 into shape (6,3)')
-- ERROR    [westpa.core.propagators.executable] -- could not read pcoord from '/tmp/tmpn7613pyr': ValueError('cannot reshape array of size 0 into shape (6,3)')
-- ERROR    [westpa.core.propagators.executable] -- could not read pcoord from '/tmp/tmp1aszcig_': ValueError('cannot reshape array of size 0 into shape (6,3)')
-- ERROR    [westpa.core.propagators.executable] -- could not read pcoord from '/tmp/tmp_tssancl': ValueError('cannot reshape array of size 0 into shape (6,3)')
-- ERROR    [westpa.core.propagators.executable] -- could not read pcoord from '/tmp/tmp7qdzq47n': ValueError('cannot reshape array of size 0 into shape (6,3)')
-- ERROR    [westpa.core.propagators.executable] -- could not read pcoord from '/tmp/tmpjd_ks1ye': ValueError('cannot reshape array of size 0 into shape (6,3)')
-- ERROR    [westpa.core.propagators.executable] -- could not read pcoord from '/tmp/tmp5pi6to1x': ValueError('cannot reshape array of size 0 into shape (6,3)')
-- WARNING  [westpa.work_managers.zeromq.core.ZMQWorker.72b01b21-91c5-4ec5-ad4f-b1d6a565a8b3] -- sending SIGKILL to worker process 22379
-- WARNING  [westpa.work_managers.zeromq.core.ZMQWorker.a196ee07-55ea-48f2-8bc8-2006168ceadb] -- sending SIGKILL to worker process 22386
-- WARNING  [westpa.work_managers.zeromq.core.ZMQWorker.ee76705d-0582-43c8-ae4e-dc63e8eb37de] -- sending SIGKILL to worker process 22365
-- WARNING  [westpa.work_managers.zeromq.core.ZMQWorker.79c5df46-50da-4ba5-95d2-7fc76adf065b] -- sending SIGKILL to worker process 22391
-- WARNING  [westpa.work_managers.zeromq.core.ZMQWorker.42185a85-ad48-439d-bc9b-3925fdb7e984] -- sending SIGKILL to worker process 22370
