-I: Adding /ihome/lchong/dty7/Apps/anaconda3/envs/we/dat/leap/prep to search path.
-I: Adding /ihome/lchong/dty7/Apps/anaconda3/envs/we/dat/leap/lib to search path.
-I: Adding /ihome/lchong/dty7/Apps/anaconda3/envs/we/dat/leap/parm to search path.
-I: Adding /ihome/lchong/dty7/Apps/anaconda3/envs/we/dat/leap/cmd to search path.
-f: Source tleap1.in.

Welcome to LEaP!
(no leaprc in search path)
Sourcing: ./tleap1.in
----- Source: /ihome/lchong/dty7/Apps/anaconda3/envs/we/dat/leap/cmd/leaprc.protein.ff19SB
----- Source of /ihome/lchong/dty7/Apps/anaconda3/envs/we/dat/leap/cmd/leaprc.protein.ff19SB done
Log file: ./leap.log
Loading parameters: /ihome/lchong/dty7/Apps/anaconda3/envs/we/dat/leap/parm/parm19.dat
Reading title:
PARM99 + frcmod.ff99SB + frcmod.parmbsc0 + OL3 for RNA + ff19SB
Loading parameters: /ihome/lchong/dty7/Apps/anaconda3/envs/we/dat/leap/parm/frcmod.ff19SB
Reading force field modification type file (frcmod)
Reading title:
ff19SB AA-specific backbone CMAPs for protein 07/25/2019
Loading library: /ihome/lchong/dty7/Apps/anaconda3/envs/we/dat/leap/lib/amino19.lib
Loading library: /ihome/lchong/dty7/Apps/anaconda3/envs/we/dat/leap/lib/aminoct12.lib
Loading library: /ihome/lchong/dty7/Apps/anaconda3/envs/we/dat/leap/lib/aminont12.lib
----- Source: /ihome/lchong/dty7/Apps/anaconda3/envs/we/dat/leap/cmd/leaprc.water.opc
----- Source of /ihome/lchong/dty7/Apps/anaconda3/envs/we/dat/leap/cmd/leaprc.water.opc done
Loading library: /ihome/lchong/dty7/Apps/anaconda3/envs/we/dat/leap/lib/atomic_ions.lib
Loading library: /ihome/lchong/dty7/Apps/anaconda3/envs/we/dat/leap/lib/solvents.lib
Loading parameters: /ihome/lchong/dty7/Apps/anaconda3/envs/we/dat/leap/parm/frcmod.opc
Reading force field modification type file (frcmod)
Reading title:
Parameters for OPC water (JPCL, 2014, 5 (21), pp 3863-3871)
Loading parameters: /ihome/lchong/dty7/Apps/anaconda3/envs/we/dat/leap/parm/frcmod.ionslm_126_opc
Reading force field modification type file (frcmod)
Reading title:
Li/Merz ion parameters of atomic ions for the OPC water model (12-6 set)
Loading Prep file: ../adp/carlson/adp.prep
Loading parameters: ../adp/carlson/frcmod.phos
Reading force field modification type file (frcmod)
Reading title:
#  Modifications to the AMBER94 force field for polyphosphates
Loading parameters: /ihome/lchong/dty7/Apps/anaconda3/envs/we/dat/leap/parm/frcmod.ionslm_1264_opc
Reading force field modification type file (frcmod)
Reading title:
Li/Merz ion parameters of atomic ions for the OPC water model (12-6-4 set)
Loading PDB file: ./1ii6_dl5_leap.pdb
  total atoms in file: 5722
Total unperturbed charge:   3.000000
Total perturbed charge:     3.000000
Scaling up box by a factor of 1.317592 to meet diagonal cut criterion
  Solute vdw bounding box:              52.159 69.620 91.197
  Total bounding box for atom centers:  133.360 133.360 133.360
      (box expansion for 'iso' is  68.7%)
  Solvent unit box:                     18.865 18.478 19.006
  Volume: 1212783.345 A^3 (oct)
  Total mass 675896.843 amu,  Density 0.925 g/cc
  Added 35264 residues.
3 Cl- ions required to neutralize.
Adding 3 counter ions to "pdb" using 1A grid
Grid extends from solute vdw + 2.14  to  8.24
Resolution:      1.00 Angstrom.
Calculating grid charges
Placed Cl- in pdb at (56.96, -42.01, -18.31).
Placed Cl- in pdb at (32.96, -51.01, -3.31).
Placed Cl- in pdb at (57.96, -1.01, -19.31).

Done adding ions.
Adding 73 counter ions to "pdb" using 1A grid
Grid extends from solute vdw + 1.45  to  7.59
Resolution:      1.00 Angstrom.
Calculating grid charges
Placed Na+ in pdb at (-16.39, -22.36, 25.34).
Placed Na+ in pdb at (-0.39, -27.36, -3.66).
Placed Na+ in pdb at (10.61, 2.64, 5.34).
Placed Na+ in pdb at (-35.39, -20.36, 12.34).
Placed Na+ in pdb at (-13.39, -39.36, 10.34).
Placed Na+ in pdb at (-53.39, 6.64, 47.34).
Placed Na+ in pdb at (-31.39, 37.64, 47.34).
Placed Na+ in pdb at (-24.39, -15.36, -1.66).
Placed Na+ in pdb at (-31.39, 15.64, 61.34).
Placed Na+ in pdb at (58.61, -32.36, -25.66).
Placed Na+ in pdb at (58.61, -2.36, -22.66).
Placed Na+ in pdb at (-9.39, -31.36, -22.66).
Placed Na+ in pdb at (58.61, -40.36, 1.34).
Placed Na+ in pdb at (-10.39, -66.36, -16.66).
Placed Na+ in pdb at (-56.39, -9.36, 44.34).
Placed Na+ in pdb at (-12.39, -36.36, 46.34).
Placed Na+ in pdb at (31.61, 8.64, -53.66).
Placed Na+ in pdb at (33.61, -50.36, -16.66).
Placed Na+ in pdb at (2.61, -9.36, -18.66).
Placed Na+ in pdb at (-40.39, 48.64, 9.34).
Placed Na+ in pdb at (11.61, -58.36, -3.66).
Placed Na+ in pdb at (-34.39, -48.36, 31.34).
Placed Na+ in pdb at (3.61, 29.64, -52.66).
Placed Na+ in pdb at (-12.39, -13.36, 59.34).
Placed Na+ in pdb at (-19.39, 56.64, -3.66).
Placed Na+ in pdb at (4.61, -34.36, -19.66).
Placed Na+ in pdb at (-52.39, 31.64, 35.34).
Placed Na+ in pdb at (56.61, -43.36, -21.66).
Placed Na+ in pdb at (-56.39, -43.36, 1.34).
Placed Na+ in pdb at (2.61, 64.64, -16.66).
Placed Na+ in pdb at (-34.39, -25.36, 44.34).
Placed Na+ in pdb at (11.61, -46.36, 48.34).
Placed Na+ in pdb at (58.61, 35.64, -11.66).
Placed Na+ in pdb at (42.61, 35.64, 35.34).
Placed Na+ in pdb at (-18.39, 56.64, 23.34).
Placed Na+ in pdb at (58.61, -16.36, 14.34).
Placed Na+ in pdb at (-12.39, 15.64, -67.66).
Placed Na+ in pdb at (24.61, 37.64, -39.66).
Placed Na+ in pdb at (-41.39, 24.64, 48.34).
Placed Na+ in pdb at (9.61, -28.36, 60.34).
Placed Na+ in pdb at (-56.39, -27.36, 34.34).
Placed Na+ in pdb at (45.61, -1.36, -52.66).
Placed Na+ in pdb at (-42.39, 47.64, 25.34).
Placed Na+ in pdb at (-8.39, -65.36, 12.34).
Placed Na+ in pdb at (3.61, 52.64, -39.66).
Placed Na+ in pdb at (34.61, -45.36, 41.34).
Placed Na+ in pdb at (8.61, 0.64, -67.66).
Placed Na+ in pdb at (-43.39, 46.64, -27.66).
Placed Na+ in pdb at (45.61, -6.36, 54.34).
Placed Na+ in pdb at (57.61, -11.36, -37.66).
Placed Na+ in pdb at (-57.39, -40.36, -25.66).
Placed Na+ in pdb at (20.61, 50.64, 35.34).
Placed Na+ in pdb at (21.61, 3.64, 61.34).
Placed Na+ in pdb at (58.61, 35.64, 14.34).
Placed Na+ in pdb at (11.61, -58.36, -30.66).
Placed Na+ in pdb at (2.61, 64.64, 9.34).
Placed Na+ in pdb at (-58.39, -16.36, 17.34).
Placed Na+ in pdb at (-34.39, 1.64, 59.34).
Placed Na+ in pdb at (-20.39, 56.64, -28.66).
Placed Na+ in pdb at (-7.39, -60.36, 34.34).
Placed Na+ in pdb at (58.61, 11.64, 29.34).
Placed Na+ in pdb at (55.61, -42.36, 24.34).
Placed Na+ in pdb at (58.61, 12.64, -24.66).
Placed Na+ in pdb at (-21.39, 55.64, 41.34).
Placed Na+ in pdb at (35.61, -53.36, -2.66).
Placed Na+ in pdb at (23.61, 13.64, -52.66).
Placed Na+ in pdb at (-16.39, 42.64, -53.66).
Placed Na+ in pdb at (-14.39, -35.36, -13.66).
Placed Na+ in pdb at (-0.39, 19.64, 61.34).
Placed Na+ in pdb at (42.61, 53.64, 12.34).
Placed Na+ in pdb at (-58.39, 6.64, 30.34).
Placed Na+ in pdb at (23.61, -13.36, 67.34).
Placed Na+ in pdb at (-35.39, -58.36, 1.34).

Done adding ions.
Adding 73 counter ions to "pdb" using 1A grid
Grid extends from solute vdw + 2.14  to  8.29
Resolution:      1.00 Angstrom.
Calculating grid charges
Placed Cl- in pdb at (-22.68, -3.05, -7.35).
Placed Cl- in pdb at (22.32, 11.95, -56.35).
Placed Cl- in pdb at (16.32, 52.95, 34.65).
Placed Cl- in pdb at (1.32, 49.95, -42.35).
Placed Cl- in pdb at (-42.68, 47.95, 21.65).
Placed Cl- in pdb at (23.32, 34.95, -42.35).
Placed Cl- in pdb at (-4.68, -65.05, 12.65).
Placed Cl- in pdb at (58.32, 32.95, 6.65).
Placed Cl- in pdb at (53.32, -44.05, 26.65).
Placed Cl- in pdb at (10.32, -2.05, -69.35).
Placed Cl- in pdb at (14.32, -58.05, -33.35).
Placed Cl- in pdb at (59.32, 13.95, -31.35).
Placed Cl- in pdb at (-3.68, 20.95, 62.65).
Placed Cl- in pdb at (59.32, -32.05, -29.35).
Placed Cl- in pdb at (24.32, 5.95, 60.65).
Placed Cl- in pdb at (37.32, 38.95, 33.65).
Placed Cl- in pdb at (-12.68, -68.05, -14.35).
Placed Cl- in pdb at (60.32, -40.05, 4.65).
Placed Cl- in pdb at (40.32, 6.95, -52.35).
Placed Cl- in pdb at (-34.68, 36.95, 48.65).
Placed Cl- in pdb at (28.32, -52.05, -11.35).
Placed Cl- in pdb at (-11.68, 12.95, -70.35).
Placed Cl- in pdb at (59.32, 35.95, -15.35).
Placed Cl- in pdb at (6.32, -60.05, 0.65).
Placed Cl- in pdb at (60.32, -12.05, -35.35).
Placed Cl- in pdb at (-31.68, -27.05, 42.65).
Placed Cl- in pdb at (58.32, 9.95, 19.65).
Placed Cl- in pdb at (-27.68, -63.05, 0.65).
Placed Cl- in pdb at (-59.68, -17.05, 20.65).
Placed Cl- in pdb at (-23.68, 55.95, -27.35).
Placed Cl- in pdb at (-56.68, 5.95, 48.65).
Placed Cl- in pdb at (61.32, -17.05, 16.65).
Placed Cl- in pdb at (1.32, 26.95, -56.35).
Placed Cl- in pdb at (-49.68, -47.05, -0.35).
Placed Cl- in pdb at (45.32, 52.95, 9.65).
Placed Cl- in pdb at (33.32, -46.05, 44.65).
Placed Cl- in pdb at (-42.68, 48.95, -30.35).
Placed Cl- in pdb at (15.32, 30.95, 48.65).
Placed Cl- in pdb at (11.32, -59.05, -16.35).
Placed Cl- in pdb at (-37.68, 0.95, 60.65).
Placed Cl- in pdb at (58.32, -25.05, -5.35).
Placed Cl- in pdb at (-19.68, 42.95, -55.35).
Placed Cl- in pdb at (-30.68, -50.05, 30.65).
Placed Cl- in pdb at (44.32, -7.05, 57.65).
Placed Cl- in pdb at (53.32, -44.05, -20.35).
Placed Cl- in pdb at (-39.68, 27.95, 48.65).
Placed Cl- in pdb at (39.32, -5.05, -59.35).
Placed Cl- in pdb at (-17.68, 59.95, 24.65).
Placed Cl- in pdb at (-15.68, -14.05, 60.65).
Placed Cl- in pdb at (-18.68, -24.05, -6.35).
Placed Cl- in pdb at (60.32, -5.05, -24.35).
Placed Cl- in pdb at (1.32, 67.95, 8.65).
Placed Cl- in pdb at (26.32, -14.05, 69.65).
Placed Cl- in pdb at (36.32, -52.05, -18.35).
Placed Cl- in pdb at (-59.68, -41.05, -28.35).
Placed Cl- in pdb at (5.32, 66.95, -17.35).
Placed Cl- in pdb at (-61.68, 5.95, 31.65).
Placed Cl- in pdb at (59.32, 32.95, 16.65).
Placed Cl- in pdb at (-6.68, -63.05, 36.65).
Placed Cl- in pdb at (-24.68, 54.95, 42.65).
Placed Cl- in pdb at (32.32, -52.05, 23.65).
Placed Cl- in pdb at (-12.68, 57.95, -10.35).
Placed Cl- in pdb at (11.32, -59.05, 9.65).
Placed Cl- in pdb at (60.32, 8.95, 31.65).
Placed Cl- in pdb at (6.32, -29.05, 61.65).
Placed Cl- in pdb at (-59.68, -8.05, 43.65).
Placed Cl- in pdb at (-1.68, -55.05, -40.35).
Placed Cl- in pdb at (59.32, -8.05, 7.65).
Placed Cl- in pdb at (27.32, -24.05, -60.35).
Placed Cl- in pdb at (-55.68, 30.95, 36.65).
Placed Cl- in pdb at (40.32, 43.95, -31.35).
Placed Cl- in pdb at (-37.68, 50.95, 8.65).
Placed Cl- in pdb at (38.32, -54.05, -0.35).

Done adding ions.
Checking Unit.

/ihome/lchong/dty7/Apps/anaconda3/envs/we/bin/teLeap: Note.
Ignoring the warnings from Unit Checking.

Building topology.
Building atom parameters.
Building bond parameters.
Building angle parameters.
Building proper torsion parameters.
Building improper torsion parameters.
old PREP-specified impropers:
 <ADP 363>:  C8   C4   N9   C1* 
 <ADP 363>:  C6   H60  N6   H61 
 <ADP 363>:  N7   N9   C8   H80 
 <ADP 363>:  N1   N3   C2   H2  
 <ADP 363>:  C5   N1   C6   N6  
 total 1076 improper torsions applied
 5 improper torsions in old prep form
Building H-Bond parameters.
Incorporating Non-Bonded adjustments.
Not Marking per-residue atom chain types.
Marking per-residue atom chain types.
  (Residues lacking connect0/connect1 - 
   these don't have chain types marked:

	res	total affected

	CLYS	1
	NMET	1
  )
 (no restraints)
Writing pdb file: 1ii6_dl5_solv.pdb
   printing CRYST1 record to PDB file with box info

/ihome/lchong/dty7/Apps/anaconda3/envs/we/bin/teLeap: Warning!
 Converting N-terminal residue name to PDB format: NMET -> MET

/ihome/lchong/dty7/Apps/anaconda3/envs/we/bin/teLeap: Warning!
 Converting C-terminal residue name to PDB format: CLYS -> LYS
	Quit

Exiting LEaP: Errors = 0; Warnings = 2; Notes = 1.
