            --------------------------------------------------------
                             AMBER SQM VERSION 19
 
                                     By
              Ross C. Walker, Michael F. Crowley, Scott Brozell,
                         Tim Giese, Andreas W. Goetz,
                        Tai-Sung Lee and David A. Case
 
            --------------------------------------------------------
 

--------------------------------------------------------------------------------
  QM CALCULATION INFO
--------------------------------------------------------------------------------

| QMMM: Citation for AMBER QMMM Run:
| QMMM: R.C. Walker, M.F. Crowley and D.A. Case, J. COMP. CHEM. 29:1019, 2008

QMMM: SINGLET STATE CALCULATION
QMMM: RHF CALCULATION, NO. OF DOUBLY OCCUPIED LEVELS = 53

| QMMM: *** Selected Hamiltonian *** 
| QMMM: AM1         

| QMMM: *** Parameter sets in use ***
| QMMM: C : M.J.S.DEWAR et al. JACS, 107, 3902, (1985)
| QMMM: N : M.J.S.DEWAR et al. JACS, 107, 3902, (1985)
| QMMM: O : M.J.S.DEWAR et al. JACS, 107, 3902, (1985)
| QMMM: S : M.J.S.DEWAR et al. INORG. CHEM., 29, 3881, (1990)
| QMMM: H : M.J.S.DEWAR et al. JACS, 107, 3902, (1985)

| QMMM: *** SCF convergence criteria ***
| QMMM: Energy change                :  0.1D-09 kcal/mol
| QMMM: Error matrix |FP-PF|         :  0.1D+00 au
| QMMM: Density matrix change        :  0.5D-06
| QMMM: Maximum number of SCF cycles :     1000

| QMMM: *** Diagonalization Routine Information ***
| QMMM: Pseudo diagonalizations are allowed.
| QMMM: Auto diagonalization routine selection is in use.
| QMMM:
| QMMM: Timing diagonalization routines:
| QMMM:                              norbs =       96
| QMMM:    diag iterations used for timing =       15
| QMMM:
| QMMM:              Internal diag routine = 0.033491 seconds
| QMMM:                 Dspev diag routine = 0.070909 seconds
| QMMM:                Dspevd diag routine = 0.059332 seconds
| QMMM:                Dspevx diag routine = 0.190513 seconds
| QMMM:                 Dsyev diag routine = 0.084023 seconds
| QMMM:                Dsyevd diag routine = 0.062201 seconds
| QMMM:                Dsyevr diag routine = 0.048873 seconds
| QMMM:
| QMMM:                Pseudo diag routine = 0.012817 seconds
| QMMM:
| QMMM: Using internal diagonalization routine (diag_routine=1).

  QMMM: QM Region Cartesian Coordinates (*=link atom) 
  QMMM: QM_NO.   MM_NO.  ATOM         X         Y         Z
  QMMM:     1        1      C       40.1500   25.2430  112.1810
  QMMM:     2        2      C       41.1910   25.7740  111.4240
  QMMM:     3        3      C       42.2050   26.4940  112.0470
  QMMM:     4        4      C       42.1790   26.6840  113.4270
  QMMM:     5        5      C       41.1370   26.1530  114.1830
  QMMM:     6        6      C       40.1230   25.4320  113.5600
  QMMM:     7        7      C       41.2240   25.5800  109.9050
  QMMM:     8        8      N       39.9640   26.0900  109.3430
  QMMM:     9        9      C       39.0090   25.2570  108.7490
  QMMM:    10       10      N       39.2350   23.8820  108.6300
  QMMM:    11       11      C       40.4370   23.3060  109.0590
  QMMM:    12       12      C       41.4490   24.0960  109.5970
  QMMM:    13       13      O       43.1220   27.3580  114.0050
  QMMM:    14       14      C       42.8330   23.5100  109.8830
  QMMM:    15       15      O       42.9930   22.1590  109.8440
  QMMM:    16       16      C       44.3370   21.7420  110.1240
  QMMM:    17       17      C       44.4120   20.2270  109.9310
  QMMM:    18       18      C       40.5870   21.7900  108.9160
  QMMM:    19       19      O       43.7760   24.2600  110.1310
  QMMM:    20       20      S       37.5420   25.9150  108.1450
  QMMM:    21       21      H       38.6250   23.3820  108.2870
  QMMM:    22       22      H       39.8940   21.3460  109.4290
  QMMM:    23       23      H       40.5050   21.5430  107.9820
  QMMM:    24       24      H       41.4580   21.5180  109.2460
  QMMM:    25       25      H       43.7930   19.7920  110.5380
  QMMM:    26       26      H       44.1760   20.0050  109.0170
  QMMM:    27       27      H       45.3140   19.9210  110.1150
  QMMM:    28       28      H       44.9610   22.1900  109.5320
  QMMM:    29       29      H       44.5840   21.9810  111.0310
  QMMM:    30       30      H       39.8080   26.9350  109.3810
  QMMM:    31       31      H       41.9530   26.0740  109.4980
  QMMM:    32       32      H       39.3980   25.0610  114.0860
  QMMM:    33       33      H       41.1180   26.2860  115.1440
  QMMM:    34       34      H       42.9310   26.8640  111.5200
  QMMM:    35       35      H       39.4430   24.7410  111.7470
  QMMM:    36       36      H       43.8390   27.7250  113.4840

--------------------------------------------------------------------------------
  RESULTS
--------------------------------------------------------------------------------

      iter         sqm energy              rms gradient
      ----    -------------------    -----------------------
xmin    10      -70.3503 kcal/mol        0.6446 kcal/(mol*A)
xmin    20      -71.6322 kcal/mol        0.3350 kcal/(mol*A)
xmin    30      -71.9108 kcal/mol        0.1103 kcal/(mol*A)
xmin    40      -71.9450 kcal/mol        0.0156 kcal/(mol*A)
xmin    50      -71.9463 kcal/mol        0.0041 kcal/(mol*A)
  ... geometry converged !
 
 Final MO eigenvalues (eV):
 -41.8671  -40.5837  -40.1353  -37.8718  -37.1442  -36.2586  -34.7615  -32.5452
 -31.8178  -30.4590  -29.9332  -27.5185  -25.5402  -24.3733  -23.7604  -22.9889
 -22.4724  -20.5433  -19.7591  -19.4791  -18.7411  -17.9169  -17.6615  -17.3679
 -17.0347  -16.8275  -16.4578  -16.1024  -15.7767  -15.1633  -15.0291  -14.8090
 -14.7736  -14.6088  -14.3458  -14.1032  -13.9258  -13.6658  -13.5401  -12.9258
 -12.7876  -12.7513  -12.5370  -12.3703  -12.2881  -12.0313  -11.5837  -11.4626
  -9.9290   -9.7279   -9.3030   -9.1541   -8.9737   -0.8490    0.1399    0.2183
   0.3465    0.6366    1.3380    1.5209    1.7162    1.9642    2.5699    2.8588
   2.9339    3.1583    3.3905    3.4359    3.6105    3.6215    3.7903    3.8164
   3.8938    3.8971    3.9316    3.9709    4.0758    4.1556    4.2350    4.2780
   4.4897    4.5154    4.5921    4.6110    4.6779    4.8137    4.9743    5.0861
   5.2218    5.3825    5.4057    5.5243    5.6360    5.6954    6.2252    6.6236


 Heat of formation   =        -71.94630096 kcal/mol  (       -3.11982572 eV)

 Total SCF energy    =     -82605.68482337 kcal/mol  (    -3582.05129107 eV)
 Electronic energy   =    -552336.30419465 kcal/mol  (   -23951.09944038 eV)
 Core-core repulsion =     469730.61937128 kcal/mol  (    20369.04814931 eV)
 
    Atomic Charges for Step       1 :
  Atom    Element       Mulliken Charge
     1      C                 -0.153
     2      C                 -0.081
     3      C                 -0.195
     4      C                  0.079
     5      C                 -0.149
     6      C                 -0.099
     7      C                  0.112
     8      N                 -0.299
     9      C                  0.136
    10      N                 -0.284
    11      C                  0.142
    12      C                 -0.258
    13      O                 -0.252
    14      C                  0.373
    15      O                 -0.286
    16      C                 -0.011
    17      C                 -0.219
    18      C                 -0.202
    19      O                 -0.376
    20      S                 -0.247
    21      H                  0.274
    22      H                  0.125
    23      H                  0.091
    24      H                  0.122
    25      H                  0.088
    26      H                  0.084
    27      H                  0.090
    28      H                  0.093
    29      H                  0.094
    30      H                  0.265
    31      H                  0.133
    32      H                  0.138
    33      H                  0.152
    34      H                  0.159
    35      H                  0.136
    36      H                  0.222
 Total Mulliken Charge =      -0.000
 
                  X        Y        Z     TOTAL  
  QM DIPOLE     2.350   -3.943    0.073    4.591
 
 Final Structure

  QMMM: QM Region Cartesian Coordinates (*=link atom) 
  QMMM: QM_NO.   MM_NO.  ATOM         X         Y         Z
  QMMM:     1        1      C       39.9172   25.5527  112.1238
  QMMM:     2        2      C       41.0898   25.7410  111.3889
  QMMM:     3        3      C       42.2645   26.1329  112.0389
  QMMM:     4        4      C       42.2482   26.3329  113.4249
  QMMM:     5        5      C       41.0694   26.1547  114.1691
  QMMM:     6        6      C       39.9128   25.7631  113.5045
  QMMM:     7        7      C       41.1437   25.5345  109.8866
  QMMM:     8        8      N       39.9537   26.0129  109.2027
  QMMM:     9        9      C       38.9436   25.1714  108.7854
  QMMM:    10       10      N       39.2157   23.7950  108.7524
  QMMM:    11       11      C       40.4683   23.2684  109.0544
  QMMM:    12       12      C       41.4407   24.0831  109.5719
  QMMM:    13       13      O       43.3672   26.7146  114.1289
  QMMM:    14       14      C       42.8219   23.6879  109.8240
  QMMM:    15       15      O       43.0608   22.3386  109.8513
  QMMM:    16       16      C       44.4185   21.9389  110.1219
  QMMM:    17       17      C       44.4226   20.4299  110.1125
  QMMM:    18       18      C       40.6878   21.8148  108.7894
  QMMM:    19       19      O       43.7917   24.4370  110.0020
  QMMM:    20       20      S       37.5086   25.7096  108.2864
  QMMM:    21       21      H       38.5063   23.2102  108.3607
  QMMM:    22       22      H       40.8970   21.2961  109.7603
  QMMM:    23       23      H       39.8146   21.3209  108.2975
  QMMM:    24       24      H       41.5875   21.6901  108.1338
  QMMM:    25       25      H       43.7321   20.0298  110.8929
  QMMM:    26       26      H       44.0939   20.0416  109.1191
  QMMM:    27       27      H       45.4581   20.0693  110.3212
  QMMM:    28       28      H       45.0835   22.3671  109.3273
  QMMM:    29       29      H       44.7227   22.3539  111.1181
  QMMM:    30       30      H       39.6985   26.9661  109.3578
  QMMM:    31       31      H       42.0067   26.1583  109.4834
  QMMM:    32       32      H       38.9822   25.6160  114.0735
  QMMM:    33       33      H       41.0802   26.3240  115.2546
  QMMM:    34       34      H       43.1987   26.2554  111.4668
  QMMM:    35       35      H       38.9888   25.2339  111.6276
  QMMM:    36       36      H       44.1074   26.7691  113.5063

           --------- Calculation Completed ----------

