Updating system with the options from the configuration file
Maximum wallclock time: 2 days, 0:00:00

Wed Jul 20 12:59:18 2022
Iteration 1 (200 requested)
Beginning iteration 1
10 segments remain in iteration 1 (10 total)
1 of 32 (3.125000%) active bins are populated
per-bin minimum non-zero probability:       1
per-bin maximum probability:                1
per-bin probability dynamic range (kT):     0
per-segment minimum non-zero probability:   0.1
per-segment maximum non-zero probability:   0.1
per-segment probability dynamic range (kT): 0
norm = 1, error in norm = 0 (0*epsilon)
MAB binning in use
Bottleneck bin occupancy may not be accurately reported
Waiting for segments to complete...
Iteration completed successfully
Iteration wallclock: 0:10:36.338972, cputime: 0:14:47.562818


Wed Jul 20 13:09:54 2022
Iteration 2 (200 requested)
Beginning iteration 2
24 segments remain in iteration 2 (24 total)
3 of 32 (9.375000%) active bins are populated
per-bin minimum non-zero probability:       0.1
per-bin maximum probability:                0.8
per-bin probability dynamic range (kT):     2.07944
per-segment minimum non-zero probability:   0.0125
per-segment maximum non-zero probability:   0.1
per-segment probability dynamic range (kT): 2.07944
norm = 1, error in norm = 0 (0*epsilon)
MAB binning in use
Bottleneck bin occupancy may not be accurately reported
Waiting for segments to complete...
Iteration completed successfully
Iteration wallclock: 0:20:55.732502, cputime: 0:35:32.349109


Wed Jul 20 13:30:50 2022
Iteration 3 (200 requested)
Beginning iteration 3
18 segments remain in iteration 3 (18 total)
2 of 32 (6.250000%) active bins are populated
per-bin minimum non-zero probability:       0.1
per-bin maximum probability:                0.9
per-bin probability dynamic range (kT):     2.19722
per-segment minimum non-zero probability:   0.0125
per-segment maximum non-zero probability:   0.1
per-segment probability dynamic range (kT): 2.07944
norm = 1, error in norm = 0 (0*epsilon)
MAB binning in use
Bottleneck bin occupancy may not be accurately reported
Waiting for segments to complete...
Iteration completed successfully
Iteration wallclock: 0:15:32.739325, cputime: 0:26:40.655893


Wed Jul 20 13:46:23 2022
Iteration 4 (200 requested)
Beginning iteration 4
41 segments remain in iteration 4 (41 total)
4 of 32 (12.500000%) active bins are populated
per-bin minimum non-zero probability:       0.0125
per-bin maximum probability:                0.9
per-bin probability dynamic range (kT):     4.27667
per-segment minimum non-zero probability:   0.0015625
per-segment maximum non-zero probability:   0.1
per-segment probability dynamic range (kT): 4.15888
norm = 1, error in norm = 0 (0*epsilon)
MAB binning in use
Bottleneck bin occupancy may not be accurately reported
Waiting for segments to complete...
Iteration completed successfully
Iteration wallclock: 0:51:12.318822, cputime: 1:25:56.068686


Wed Jul 20 14:37:35 2022
Iteration 5 (200 requested)
Beginning iteration 5
33 segments remain in iteration 5 (33 total)
4 of 32 (12.500000%) active bins are populated
per-bin minimum non-zero probability:       0.0125
per-bin maximum probability:                0.8125
per-bin probability dynamic range (kT):     4.17439
per-segment minimum non-zero probability:   0.0015625
per-segment maximum non-zero probability:   0.1
per-segment probability dynamic range (kT): 4.15888
norm = 1, error in norm = 0 (0*epsilon)
MAB binning in use
Bottleneck bin occupancy may not be accurately reported
Waiting for segments to complete...
Iteration completed successfully
Iteration wallclock: 0:43:25.300752, cputime: 1:11:53.850275


Wed Jul 20 15:21:01 2022
Iteration 6 (200 requested)
Beginning iteration 6
35 segments remain in iteration 6 (35 total)
3 of 32 (9.375000%) active bins are populated
per-bin minimum non-zero probability:       0.009375
per-bin maximum probability:                0.978125
per-bin probability dynamic range (kT):     4.64759
per-segment minimum non-zero probability:   0.00117187
per-segment maximum non-zero probability:   0.1
per-segment probability dynamic range (kT): 4.44657
norm = 1, error in norm = -2.22045e-16 (-1*epsilon)
MAB binning in use
Bottleneck bin occupancy may not be accurately reported
Waiting for segments to complete...
Iteration completed successfully
Iteration wallclock: 0:44:38.767959, cputime: 1:14:31.905394


Wed Jul 20 16:05:39 2022
Iteration 7 (200 requested)
Beginning iteration 7
36 segments remain in iteration 7 (36 total)
3 of 32 (9.375000%) active bins are populated
per-bin minimum non-zero probability:       0.0015625
per-bin maximum probability:                0.898438
per-bin probability dynamic range (kT):     6.35437
per-segment minimum non-zero probability:   0.000195313
per-segment maximum non-zero probability:   0.1
per-segment probability dynamic range (kT): 6.23832
norm = 1, error in norm = 0 (0*epsilon)
MAB binning in use
Bottleneck bin occupancy may not be accurately reported
Waiting for segments to complete...
Iteration completed successfully
Iteration wallclock: 0:35:46.829192, cputime: 1:00:11.297573


Wed Jul 20 16:41:26 2022
Iteration 8 (200 requested)
Beginning iteration 8
27 segments remain in iteration 8 (27 total)
3 of 32 (9.375000%) active bins are populated
per-bin minimum non-zero probability:       0.000195312
per-bin maximum probability:                0.905273
per-bin probability dynamic range (kT):     8.44139
per-segment minimum non-zero probability:   2.44141e-05
per-segment maximum non-zero probability:   0.1
per-segment probability dynamic range (kT): 8.31777
norm = 1, error in norm = 0 (0*epsilon)
MAB binning in use
Bottleneck bin occupancy may not be accurately reported
Waiting for segments to complete...
Iteration completed successfully
Iteration wallclock: 0:25:44.292022, cputime: 0:43:27.828898


Wed Jul 20 17:07:10 2022
Iteration 9 (200 requested)
Beginning iteration 9
27 segments remain in iteration 9 (27 total)
4 of 32 (12.500000%) active bins are populated
per-bin minimum non-zero probability:       0.0118164
per-bin maximum probability:                0.727148
per-bin probability dynamic range (kT):     4.11964
per-segment minimum non-zero probability:   0.00147705
per-segment maximum non-zero probability:   0.1
per-segment probability dynamic range (kT): 4.21512
norm = 1, error in norm = 0 (0*epsilon)
MAB binning in use
Bottleneck bin occupancy may not be accurately reported
Waiting for segments to complete...
Iteration completed successfully
Iteration wallclock: 0:25:39.281516, cputime: 0:42:53.278978


Wed Jul 20 17:32:50 2022
Iteration 10 (200 requested)
Beginning iteration 10
27 segments remain in iteration 10 (27 total)
3 of 32 (9.375000%) active bins are populated
per-bin minimum non-zero probability:       0.00147705
per-bin maximum probability:                0.903992
per-bin probability dynamic range (kT):     6.41677
per-segment minimum non-zero probability:   0.000184631
per-segment maximum non-zero probability:   0.1
per-segment probability dynamic range (kT): 6.29456
norm = 1, error in norm = 0 (0*epsilon)
MAB binning in use
Bottleneck bin occupancy may not be accurately reported
Waiting for segments to complete...
Iteration completed successfully
Iteration wallclock: 0:25:50.702150, cputime: 0:43:46.266549


Wed Jul 20 17:58:40 2022
Iteration 11 (200 requested)
Beginning iteration 11
43 segments remain in iteration 11 (43 total)
5 of 32 (15.625000%) active bins are populated
per-bin minimum non-zero probability:       0.000184631
per-bin maximum probability:                0.887814
per-bin probability dynamic range (kT):     8.47816
per-segment minimum non-zero probability:   2.30789e-05
per-segment maximum non-zero probability:   0.1
per-segment probability dynamic range (kT): 8.37401
norm = 1, error in norm = -2.22045e-16 (-1*epsilon)
MAB binning in use
Bottleneck bin occupancy may not be accurately reported
Waiting for segments to complete...
Iteration completed successfully
Iteration wallclock: 0:40:42.997749, cputime: 1:08:43.071696


Wed Jul 20 18:39:23 2022
Iteration 12 (200 requested)
Beginning iteration 12
34 segments remain in iteration 12 (34 total)
4 of 32 (12.500000%) active bins are populated
per-bin minimum non-zero probability:       2.30789e-05
per-bin maximum probability:                0.849244
per-bin probability dynamic range (kT):     10.5132
per-segment minimum non-zero probability:   2.88486e-06
per-segment maximum non-zero probability:   0.1
per-segment probability dynamic range (kT): 10.4534
norm = 1, error in norm = -2.22045e-16 (-1*epsilon)
MAB binning in use
Bottleneck bin occupancy may not be accurately reported
Waiting for segments to complete...
Iteration completed successfully
Iteration wallclock: 0:32:55.677190, cputime: 0:55:01.303746


Wed Jul 20 19:12:19 2022
Iteration 13 (200 requested)
Beginning iteration 13
35 segments remain in iteration 13 (35 total)
4 of 32 (12.500000%) active bins are populated
per-bin minimum non-zero probability:       2.88486e-06
per-bin maximum probability:                0.889932
per-bin probability dynamic range (kT):     12.6394
per-segment minimum non-zero probability:   3.60608e-07
per-segment maximum non-zero probability:   0.1
per-segment probability dynamic range (kT): 12.5329
norm = 1, error in norm = -2.22045e-16 (-1*epsilon)
MAB binning in use
Bottleneck bin occupancy may not be accurately reported
Waiting for segments to complete...
Iteration completed successfully
Iteration wallclock: 0:33:20.250080, cputime: 0:55:52.191116


Wed Jul 20 19:45:39 2022
Iteration 14 (200 requested)
Beginning iteration 14
29 segments remain in iteration 14 (29 total)
3 of 32 (9.375000%) active bins are populated
per-bin minimum non-zero probability:       3.60608e-07
per-bin maximum probability:                0.998742
per-bin probability dynamic range (kT):     14.8342
per-segment minimum non-zero probability:   4.5076e-08
per-segment maximum non-zero probability:   0.1
per-segment probability dynamic range (kT): 14.6123
norm = 1, error in norm = 0 (0*epsilon)
MAB binning in use
Bottleneck bin occupancy may not be accurately reported
Waiting for segments to complete...
Iteration completed successfully
Iteration wallclock: 0:28:38.934499, cputime: 0:46:50.486956


Wed Jul 20 20:14:18 2022
Iteration 15 (200 requested)
Beginning iteration 15
20 segments remain in iteration 15 (20 total)
3 of 32 (9.375000%) active bins are populated
per-bin minimum non-zero probability:       0.0795944
per-bin maximum probability:                0.749841
per-bin probability dynamic range (kT):     2.24292
per-segment minimum non-zero probability:   0.0099493
per-segment maximum non-zero probability:   0.1
per-segment probability dynamic range (kT): 2.30767
norm = 1, error in norm = -1.11022e-16 (-0.5*epsilon)
MAB binning in use
Bottleneck bin occupancy may not be accurately reported
Waiting for segments to complete...
Iteration completed successfully
Iteration wallclock: 0:19:32.765979, cputime: 0:31:28.566027


Wed Jul 20 20:33:51 2022
Iteration 16 (200 requested)
Beginning iteration 16
28 segments remain in iteration 16 (28 total)
3 of 32 (9.375000%) active bins are populated
per-bin minimum non-zero probability:       0.0099493
per-bin maximum probability:                0.890388
per-bin probability dynamic range (kT):     4.49415
per-segment minimum non-zero probability:   0.00124366
per-segment maximum non-zero probability:   0.1
per-segment probability dynamic range (kT): 4.38711
norm = 1, error in norm = -2.22045e-16 (-1*epsilon)
MAB binning in use
Bottleneck bin occupancy may not be accurately reported
Waiting for segments to complete...
Iteration completed successfully
Iteration wallclock: 0:37:48.447983, cputime: 1:02:10.055208


Wed Jul 20 21:11:40 2022
Iteration 17 (200 requested)
Beginning iteration 17
28 segments remain in iteration 17 (28 total)
3 of 32 (9.375000%) active bins are populated
per-bin minimum non-zero probability:       0.0124578
per-bin maximum probability:                0.887542
per-bin probability dynamic range (kT):     4.26611
per-segment minimum non-zero probability:   0.00155723
per-segment maximum non-zero probability:   0.1
per-segment probability dynamic range (kT): 4.16226
norm = 1, error in norm = -4.44089e-16 (-2*epsilon)
MAB binning in use
Bottleneck bin occupancy may not be accurately reported
Waiting for segments to complete...
Iteration completed successfully
Iteration wallclock: 0:26:46.838292, cputime: 0:44:50.485480


Wed Jul 20 21:38:27 2022
Iteration 18 (200 requested)
Beginning iteration 18
28 segments remain in iteration 18 (28 total)
3 of 32 (9.375000%) active bins are populated
per-bin minimum non-zero probability:       0.0125
per-bin maximum probability:                0.890346
per-bin probability dynamic range (kT):     4.26588
per-segment minimum non-zero probability:   0.0015625
per-segment maximum non-zero probability:   0.1
per-segment probability dynamic range (kT): 4.15888
norm = 1, error in norm = -1.11022e-16 (-0.5*epsilon)
MAB binning in use
Bottleneck bin occupancy may not be accurately reported
Waiting for segments to complete...
Iteration completed successfully
Iteration wallclock: 0:27:37.363995, cputime: 0:45:35.848246


Wed Jul 20 22:06:04 2022
Iteration 19 (200 requested)
Beginning iteration 19
45 segments remain in iteration 19 (45 total)
4 of 32 (12.500000%) active bins are populated
per-bin minimum non-zero probability:       0.0015625
per-bin maximum probability:                0.829352
per-bin probability dynamic range (kT):     6.27436
per-segment minimum non-zero probability:   0.000195313
per-segment maximum non-zero probability:   0.1
per-segment probability dynamic range (kT): 6.23832
norm = 1, error in norm = -2.22045e-16 (-1*epsilon)
MAB binning in use
Bottleneck bin occupancy may not be accurately reported
Waiting for segments to complete...
Iteration completed successfully
Iteration wallclock: 0:45:58.336938, cputime: 1:16:59.377902


Wed Jul 20 22:52:02 2022
Iteration 20 (200 requested)
Beginning iteration 20
36 segments remain in iteration 20 (36 total)
4 of 32 (12.500000%) active bins are populated
per-bin minimum non-zero probability:       0.000195312
per-bin maximum probability:                0.914525
per-bin probability dynamic range (kT):     8.45156
per-segment minimum non-zero probability:   2.44141e-05
per-segment maximum non-zero probability:   0.1
per-segment probability dynamic range (kT): 8.31777
norm = 1, error in norm = 2.22045e-16 (1*epsilon)
MAB binning in use
Bottleneck bin occupancy may not be accurately reported
Waiting for segments to complete...
Iteration completed successfully
Iteration wallclock: 0:34:49.940180, cputime: 0:58:18.966285


Wed Jul 20 23:26:52 2022
Iteration 21 (200 requested)
Beginning iteration 21
36 segments remain in iteration 21 (36 total)
4 of 32 (12.500000%) active bins are populated
per-bin minimum non-zero probability:       0.000189754
per-bin maximum probability:                0.905579
per-bin probability dynamic range (kT):     8.4706
per-segment minimum non-zero probability:   2.37193e-05
per-segment maximum non-zero probability:   0.1
per-segment probability dynamic range (kT): 8.34664
norm = 1, error in norm = 0 (0*epsilon)
MAB binning in use
Bottleneck bin occupancy may not be accurately reported
Waiting for segments to complete...
Iteration completed successfully
Iteration wallclock: 0:41:58.315046, cputime: 1:09:41.317080


Thu Jul 21 00:08:51 2022
Iteration 22 (200 requested)
Beginning iteration 22
28 segments remain in iteration 22 (28 total)
3 of 32 (9.375000%) active bins are populated
per-bin minimum non-zero probability:       0.0104702
per-bin maximum probability:                0.905579
per-bin probability dynamic range (kT):     4.46004
per-segment minimum non-zero probability:   0.00130877
per-segment maximum non-zero probability:   0.1
per-segment probability dynamic range (kT): 4.33608
norm = 1, error in norm = 0 (0*epsilon)
MAB binning in use
Bottleneck bin occupancy may not be accurately reported
Waiting for segments to complete...
Iteration completed successfully
Iteration wallclock: 0:37:45.096799, cputime: 1:02:20.093124


Thu Jul 21 00:46:36 2022
Iteration 23 (200 requested)
Beginning iteration 23
37 segments remain in iteration 23 (37 total)
4 of 32 (12.500000%) active bins are populated
per-bin minimum non-zero probability:       0.00130877
per-bin maximum probability:                0.889572
per-bin probability dynamic range (kT):     6.52165
per-segment minimum non-zero probability:   0.000163596
per-segment maximum non-zero probability:   0.1
per-segment probability dynamic range (kT): 6.41552
norm = 1, error in norm = -2.22045e-16 (-1*epsilon)
MAB binning in use
Bottleneck bin occupancy may not be accurately reported
Waiting for segments to complete...
Iteration completed successfully
Iteration wallclock: 0:49:40.864915, cputime: 1:21:51.840858


Thu Jul 21 01:36:17 2022
Iteration 24 (200 requested)
Beginning iteration 24
38 segments remain in iteration 24 (38 total)
4 of 32 (12.500000%) active bins are populated
per-bin minimum non-zero probability:       0.000163596
per-bin maximum probability:                0.978849
per-bin probability dynamic range (kT):     8.69673
per-segment minimum non-zero probability:   2.04495e-05
per-segment maximum non-zero probability:   0.1
per-segment probability dynamic range (kT): 8.49496
norm = 1, error in norm = -2.22045e-16 (-1*epsilon)
MAB binning in use
Bottleneck bin occupancy may not be accurately reported
Waiting for segments to complete...
-- ERROR    [westpa.core.sim_manager] -- propagation failed for 8 segment(s):
29  
30  
31  
32  
33  
34  
36  
37
exception caught; shutting down
-- ERROR    [w_run] -- error message: propagation failed for 8 segments
-- ERROR    [w_run] -- Traceback (most recent call last):
  File "/jet/home/dyang4/Apps/westpa/src/westpa/cli/core/w_run.py", line 62, in run_simulation
    sim_manager.run()
  File "/jet/home/dyang4/Apps/westpa/src/westpa/core/sim_manager.py", line 752, in run
    self.check_propagation()
  File "/jet/home/dyang4/Apps/westpa/src/westpa/core/sim_manager.py", line 650, in check_propagation
    raise PropagationError('propagation failed for {:d} segments'.format(len(failed_segments)))
westpa.core.sim_manager.PropagationError: propagation failed for 8 segments

