Updating system with the options from the configuration file
Maximum wallclock time: 2 days, 0:00:00

Thu Jul 21 10:39:29 2022
Iteration 22 (200 requested)
0 segments remain in iteration 22 (28 total)
3 of 32 (9.375000%) active bins are populated
per-bin minimum non-zero probability:       0.0104702
per-bin maximum probability:                0.905579
per-bin probability dynamic range (kT):     4.46004
per-segment minimum non-zero probability:   0.00130877
per-segment maximum non-zero probability:   0.1
per-segment probability dynamic range (kT): 4.33608
norm = 1, error in norm = 0 (0*epsilon)
MAB binning in use
Bottleneck bin occupancy may not be accurately reported
Waiting for segments to complete...
Iteration completed successfully
Iteration wallclock: 0:39:25.200892, cputime: 1:02:20.093124


Thu Jul 21 10:41:09 2022
Iteration 23 (200 requested)
Beginning iteration 23
37 segments remain in iteration 23 (37 total)
4 of 32 (12.500000%) active bins are populated
per-bin minimum non-zero probability:       0.00130877
per-bin maximum probability:                0.913431
per-bin probability dynamic range (kT):     6.54812
per-segment minimum non-zero probability:   0.000163596
per-segment maximum non-zero probability:   0.1
per-segment probability dynamic range (kT): 6.41552
norm = 1, error in norm = -1.11022e-16 (-0.5*epsilon)
MAB binning in use
Bottleneck bin occupancy may not be accurately reported
Waiting for segments to complete...
Iteration completed successfully
Iteration wallclock: 0:35:34.942626, cputime: 1:00:20.634331


Thu Jul 21 11:16:44 2022
Iteration 24 (200 requested)
Beginning iteration 24
38 segments remain in iteration 24 (38 total)
5 of 32 (15.625000%) active bins are populated
per-bin minimum non-zero probability:       0.000163596
per-bin maximum probability:                0.791862
per-bin probability dynamic range (kT):     8.48474
per-segment minimum non-zero probability:   2.04495e-05
per-segment maximum non-zero probability:   0.1
per-segment probability dynamic range (kT): 8.49496
norm = 1, error in norm = -2.22045e-16 (-1*epsilon)
MAB binning in use
Bottleneck bin occupancy may not be accurately reported
Waiting for segments to complete...
Iteration completed successfully
Iteration wallclock: 0:36:20.639646, cputime: 1:02:15.928768


Thu Jul 21 11:53:05 2022
Iteration 25 (200 requested)
Beginning iteration 25
37 segments remain in iteration 25 (37 total)
4 of 32 (12.500000%) active bins are populated
per-bin minimum non-zero probability:       2.04495e-05
per-bin maximum probability:                0.944763
per-bin probability dynamic range (kT):     10.7407
per-segment minimum non-zero probability:   2.55619e-06
per-segment maximum non-zero probability:   0.1
per-segment probability dynamic range (kT): 10.5744
norm = 1, error in norm = -1.11022e-16 (-0.5*epsilon)
MAB binning in use
Bottleneck bin occupancy may not be accurately reported
Waiting for segments to complete...
Iteration completed successfully
Iteration wallclock: 0:34:58.020659, cputime: 0:58:35.466634


Thu Jul 21 12:28:03 2022
Iteration 26 (200 requested)
Beginning iteration 26
38 segments remain in iteration 26 (38 total)
3 of 32 (9.375000%) active bins are populated
per-bin minimum non-zero probability:       2.55619e-06
per-bin maximum probability:                0.88995
per-bin probability dynamic range (kT):     12.7604
per-segment minimum non-zero probability:   3.19524e-07
per-segment maximum non-zero probability:   0.1
per-segment probability dynamic range (kT): 12.6538
norm = 1, error in norm = 2.22045e-16 (1*epsilon)
MAB binning in use
Bottleneck bin occupancy may not be accurately reported
Waiting for segments to complete...
Iteration completed successfully
Iteration wallclock: 0:36:49.260365, cputime: 1:01:49.604376


Thu Jul 21 13:04:52 2022
Iteration 27 (200 requested)
Beginning iteration 27
36 segments remain in iteration 27 (36 total)
4 of 32 (12.500000%) active bins are populated
per-bin minimum non-zero probability:       3.19524e-07
per-bin maximum probability:                0.837396
per-bin probability dynamic range (kT):     14.779
per-segment minimum non-zero probability:   3.99405e-08
per-segment maximum non-zero probability:   0.1
per-segment probability dynamic range (kT): 14.7333
norm = 1, error in norm = -1.11022e-16 (-0.5*epsilon)
MAB binning in use
Bottleneck bin occupancy may not be accurately reported
Waiting for segments to complete...
Iteration completed successfully
Iteration wallclock: 0:34:30.808192, cputime: 0:58:58.786344


Thu Jul 21 13:39:23 2022
Iteration 28 (200 requested)
Beginning iteration 28
37 segments remain in iteration 28 (37 total)
4 of 32 (12.500000%) active bins are populated
per-bin minimum non-zero probability:       3.99405e-08
per-bin maximum probability:                0.867202
per-bin probability dynamic range (kT):     16.8934
per-segment minimum non-zero probability:   4.99257e-09
per-segment maximum non-zero probability:   0.1
per-segment probability dynamic range (kT): 16.8127
norm = 1, error in norm = 0 (0*epsilon)
MAB binning in use
Bottleneck bin occupancy may not be accurately reported
Waiting for segments to complete...
Iteration completed successfully
Iteration wallclock: 0:36:07.765898, cputime: 1:00:24.456443


Thu Jul 21 14:15:31 2022
Iteration 29 (200 requested)
Beginning iteration 29
31 segments remain in iteration 29 (31 total)
3 of 32 (9.375000%) active bins are populated
per-bin minimum non-zero probability:       4.99257e-09
per-bin maximum probability:                0.993101
per-bin probability dynamic range (kT):     19.1084
per-segment minimum non-zero probability:   6.24071e-10
per-segment maximum non-zero probability:   0.1
per-segment probability dynamic range (kT): 18.8922
norm = 1, error in norm = 4.44089e-16 (2*epsilon)
MAB binning in use
Bottleneck bin occupancy may not be accurately reported
Waiting for segments to complete...
Iteration completed successfully
Iteration wallclock: 0:29:53.120812, cputime: 0:50:24.666657


Thu Jul 21 14:45:24 2022
Iteration 30 (200 requested)
Beginning iteration 30
39 segments remain in iteration 30 (39 total)
4 of 32 (12.500000%) active bins are populated
per-bin minimum non-zero probability:       6.24071e-10
per-bin maximum probability:                0.999138
per-bin probability dynamic range (kT):     21.1939
per-segment minimum non-zero probability:   7.80088e-11
per-segment maximum non-zero probability:   0.1
per-segment probability dynamic range (kT): 20.9716
norm = 1, error in norm = 2.22045e-16 (1*epsilon)
MAB binning in use
Bottleneck bin occupancy may not be accurately reported
Waiting for segments to complete...
Iteration completed successfully
Iteration wallclock: 0:37:22.562163, cputime: 1:02:41.985662


Thu Jul 21 15:22:47 2022
Iteration 31 (200 requested)
Beginning iteration 31
46 segments remain in iteration 31 (46 total)
5 of 32 (15.625000%) active bins are populated
per-bin minimum non-zero probability:       7.80088e-11
per-bin maximum probability:                0.941793
per-bin probability dynamic range (kT):     23.2142
per-segment minimum non-zero probability:   9.7511e-12
per-segment maximum non-zero probability:   0.1
per-segment probability dynamic range (kT): 23.0511
norm = 1, error in norm = 0 (0*epsilon)
MAB binning in use
Bottleneck bin occupancy may not be accurately reported
Waiting for segments to complete...
Iteration completed successfully
Iteration wallclock: 0:43:33.672110, cputime: 1:14:32.270939


Thu Jul 21 16:06:20 2022
Iteration 32 (200 requested)
Beginning iteration 32
47 segments remain in iteration 32 (47 total)
5 of 32 (15.625000%) active bins are populated
per-bin minimum non-zero probability:       9.7511e-12
per-bin maximum probability:                0.992724
per-bin probability dynamic range (kT):     25.3463
per-segment minimum non-zero probability:   1.21889e-12
per-segment maximum non-zero probability:   0.1
per-segment probability dynamic range (kT): 25.1305
norm = 1, error in norm = 4.44089e-16 (2*epsilon)
MAB binning in use
Bottleneck bin occupancy may not be accurately reported
Waiting for segments to complete...
Iteration completed successfully
Iteration wallclock: 0:45:08.289585, cputime: 1:16:49.541196


Thu Jul 21 16:51:29 2022
Iteration 33 (200 requested)
Beginning iteration 33
38 segments remain in iteration 33 (38 total)
4 of 32 (12.500000%) active bins are populated
per-bin minimum non-zero probability:       1.21889e-12
per-bin maximum probability:                0.941745
per-bin probability dynamic range (kT):     27.3731
per-segment minimum non-zero probability:   1.52361e-13
per-segment maximum non-zero probability:   0.1
per-segment probability dynamic range (kT): 27.2099
norm = 1, error in norm = 2.22045e-16 (1*epsilon)
MAB binning in use
Bottleneck bin occupancy may not be accurately reported
Waiting for segments to complete...
Iteration completed successfully
Iteration wallclock: 0:36:33.453442, cputime: 1:02:06.654194


Thu Jul 21 17:28:02 2022
Iteration 34 (200 requested)
Beginning iteration 34
31 segments remain in iteration 34 (31 total)
3 of 32 (9.375000%) active bins are populated
per-bin minimum non-zero probability:       1.52361e-13
per-bin maximum probability:                0.992718
per-bin probability dynamic range (kT):     29.5052
per-segment minimum non-zero probability:   1.90451e-14
per-segment maximum non-zero probability:   0.1
per-segment probability dynamic range (kT): 29.2894
norm = 1, error in norm = 0 (0*epsilon)
MAB binning in use
Bottleneck bin occupancy may not be accurately reported
Waiting for segments to complete...
Iteration completed successfully
Iteration wallclock: 0:30:19.729148, cputime: 0:50:36.589581


Thu Jul 21 17:58:22 2022
Iteration 35 (200 requested)
Beginning iteration 35
30 segments remain in iteration 35 (30 total)
3 of 32 (9.375000%) active bins are populated
per-bin minimum non-zero probability:       0.000910214
per-bin maximum probability:                0.944526
per-bin probability dynamic range (kT):     6.94476
per-segment minimum non-zero probability:   0.000113777
per-segment maximum non-zero probability:   0.1
per-segment probability dynamic range (kT): 6.77869
norm = 1, error in norm = -3.33067e-16 (-1.5*epsilon)
MAB binning in use
Bottleneck bin occupancy may not be accurately reported
Waiting for segments to complete...
Iteration completed successfully
Iteration wallclock: 0:28:58.764926, cputime: 0:49:07.534990


Thu Jul 21 18:27:20 2022
Iteration 36 (200 requested)
Beginning iteration 36
31 segments remain in iteration 36 (31 total)
4 of 32 (12.500000%) active bins are populated
per-bin minimum non-zero probability:       0.000113777
per-bin maximum probability:                0.708875
per-bin probability dynamic range (kT):     8.7372
per-segment minimum non-zero probability:   1.42221e-05
per-segment maximum non-zero probability:   0.1
per-segment probability dynamic range (kT): 8.85813
norm = 1, error in norm = 0 (0*epsilon)
MAB binning in use
Bottleneck bin occupancy may not be accurately reported
Waiting for segments to complete...
Iteration completed successfully
Iteration wallclock: 0:30:23.523638, cputime: 0:50:45.009179


Thu Jul 21 18:57:44 2022
Iteration 37 (200 requested)
Beginning iteration 37
37 segments remain in iteration 37 (37 total)
4 of 32 (12.500000%) active bins are populated
per-bin minimum non-zero probability:       1.42221e-05
per-bin maximum probability:                0.846566
per-bin probability dynamic range (kT):     10.9941
per-segment minimum non-zero probability:   1.77776e-06
per-segment maximum non-zero probability:   0.0743063
per-segment probability dynamic range (kT): 10.6406
norm = 1, error in norm = 0 (0*epsilon)
MAB binning in use
Bottleneck bin occupancy may not be accurately reported
Waiting for segments to complete...
Iteration completed successfully
Iteration wallclock: 0:35:23.773209, cputime: 1:00:24.330420


Thu Jul 21 19:33:08 2022
Iteration 38 (200 requested)
Beginning iteration 38
47 segments remain in iteration 38 (47 total)
5 of 32 (15.625000%) active bins are populated
per-bin minimum non-zero probability:       1.77776e-06
per-bin maximum probability:                0.980819
per-bin probability dynamic range (kT):     13.2208
per-segment minimum non-zero probability:   2.2222e-07
per-segment maximum non-zero probability:   0.0743063
per-segment probability dynamic range (kT): 12.72
norm = 1, error in norm = 0 (0*epsilon)
MAB binning in use
Bottleneck bin occupancy may not be accurately reported
Waiting for segments to complete...
Iteration completed successfully
Iteration wallclock: 0:45:05.874845, cputime: 1:16:58.068451


Thu Jul 21 20:18:14 2022
Iteration 39 (200 requested)
Beginning iteration 39
39 segments remain in iteration 39 (39 total)
4 of 32 (12.500000%) active bins are populated
per-bin minimum non-zero probability:       2.2222e-07
per-bin maximum probability:                0.997603
per-bin probability dynamic range (kT):     15.3172
per-segment minimum non-zero probability:   2.77775e-08
per-segment maximum non-zero probability:   0.0761592
per-segment probability dynamic range (kT): 14.8241
norm = 1, error in norm = 2.22045e-16 (1*epsilon)
MAB binning in use
Bottleneck bin occupancy may not be accurately reported
Waiting for segments to complete...
Iteration completed successfully
Iteration wallclock: 0:37:58.101367, cputime: 1:03:47.744603


Thu Jul 21 20:56:12 2022
Iteration 40 (200 requested)
Beginning iteration 40
38 segments remain in iteration 40 (38 total)
4 of 32 (12.500000%) active bins are populated
per-bin minimum non-zero probability:       2.77775e-08
per-bin maximum probability:                0.923645
per-bin probability dynamic range (kT):     17.3196
per-segment minimum non-zero probability:   3.47219e-09
per-segment maximum non-zero probability:   0.0735296
per-segment probability dynamic range (kT): 16.8684
norm = 1, error in norm = 0 (0*epsilon)
MAB binning in use
Bottleneck bin occupancy may not be accurately reported
Waiting for segments to complete...
Iteration completed successfully
Iteration wallclock: 0:36:57.389404, cputime: 1:02:06.244827


Thu Jul 21 21:33:09 2022
Iteration 41 (200 requested)
Beginning iteration 41
46 segments remain in iteration 41 (46 total)
5 of 32 (15.625000%) active bins are populated
per-bin minimum non-zero probability:       3.47219e-09
per-bin maximum probability:                0.930017
per-bin probability dynamic range (kT):     19.4059
per-segment minimum non-zero probability:   4.34024e-10
per-segment maximum non-zero probability:   0.0735296
per-segment probability dynamic range (kT): 18.9479
norm = 1, error in norm = -1.11022e-16 (-0.5*epsilon)
MAB binning in use
Bottleneck bin occupancy may not be accurately reported
Waiting for segments to complete...
Iteration completed successfully
Iteration wallclock: 0:44:08.791026, cputime: 1:15:14.112647


Thu Jul 21 22:17:18 2022
Iteration 42 (200 requested)
Beginning iteration 42
39 segments remain in iteration 42 (39 total)
5 of 32 (15.625000%) active bins are populated
per-bin minimum non-zero probability:       4.34024e-10
per-bin maximum probability:                0.871962
per-bin probability dynamic range (kT):     21.4209
per-segment minimum non-zero probability:   5.4253e-11
per-segment maximum non-zero probability:   0.0735296
per-segment probability dynamic range (kT): 21.0273
norm = 1, error in norm = 0 (0*epsilon)
MAB binning in use
Bottleneck bin occupancy may not be accurately reported
Waiting for segments to complete...
Iteration completed successfully
Iteration wallclock: 0:37:10.342874, cputime: 1:03:36.597191


Thu Jul 21 22:54:28 2022
Iteration 43 (200 requested)
Beginning iteration 43
38 segments remain in iteration 43 (38 total)
4 of 32 (12.500000%) active bins are populated
per-bin minimum non-zero probability:       3.8147e-07
per-bin maximum probability:                0.936428
per-bin probability dynamic range (kT):     14.7136
per-segment minimum non-zero probability:   4.76837e-08
per-segment maximum non-zero probability:   0.0735296
per-segment probability dynamic range (kT): 14.2486
norm = 1, error in norm = 0 (0*epsilon)
MAB binning in use
Bottleneck bin occupancy may not be accurately reported
Waiting for segments to complete...
Iteration completed successfully
Iteration wallclock: 0:36:22.374825, cputime: 1:02:12.069872


Thu Jul 21 23:30:51 2022
Iteration 44 (200 requested)
Beginning iteration 44
39 segments remain in iteration 44 (39 total)
4 of 32 (12.500000%) active bins are populated
per-bin minimum non-zero probability:       4.76837e-08
per-bin maximum probability:                0.992072
per-bin probability dynamic range (kT):     16.8507
per-segment minimum non-zero probability:   5.96046e-09
per-segment maximum non-zero probability:   0.0735296
per-segment probability dynamic range (kT): 16.328
norm = 1, error in norm = 2.22045e-16 (1*epsilon)
MAB binning in use
Bottleneck bin occupancy may not be accurately reported
Waiting for segments to complete...
Iteration completed successfully
Iteration wallclock: 0:37:51.450372, cputime: 1:04:44.307133


Fri Jul 22 00:08:42 2022
Iteration 45 (200 requested)
Beginning iteration 45
38 segments remain in iteration 45 (38 total)
4 of 32 (12.500000%) active bins are populated
per-bin minimum non-zero probability:       5.96046e-09
per-bin maximum probability:                0.927155
per-bin probability dynamic range (kT):     18.8625
per-segment minimum non-zero probability:   7.45058e-10
per-segment maximum non-zero probability:   0.0735296
per-segment probability dynamic range (kT): 18.4075
norm = 1, error in norm = 2.22045e-16 (1*epsilon)
MAB binning in use
Bottleneck bin occupancy may not be accurately reported
Waiting for segments to complete...
Iteration completed successfully
Iteration wallclock: 0:36:51.813448, cputime: 1:02:28.357882


Fri Jul 22 00:45:34 2022
Iteration 46 (200 requested)
Beginning iteration 46
39 segments remain in iteration 46 (39 total)
4 of 32 (12.500000%) active bins are populated
per-bin minimum non-zero probability:       7.45058e-10
per-bin maximum probability:                0.990894
per-bin probability dynamic range (kT):     21.0084
per-segment minimum non-zero probability:   9.31323e-11
per-segment maximum non-zero probability:   0.0735296
per-segment probability dynamic range (kT): 20.4869
norm = 1, error in norm = -3.33067e-16 (-1.5*epsilon)
MAB binning in use
Bottleneck bin occupancy may not be accurately reported
Waiting for segments to complete...
Iteration completed successfully
Iteration wallclock: 0:37:04.243930, cputime: 1:03:45.222166


Fri Jul 22 01:22:38 2022
Iteration 47 (200 requested)
Beginning iteration 47
30 segments remain in iteration 47 (30 total)
4 of 32 (12.500000%) active bins are populated
per-bin minimum non-zero probability:       9.31323e-11
per-bin maximum probability:                0.797441
per-bin probability dynamic range (kT):     22.8707
per-segment minimum non-zero probability:   1.16415e-11
per-segment maximum non-zero probability:   0.0735296
per-segment probability dynamic range (kT): 22.5664
norm = 1, error in norm = 0 (0*epsilon)
MAB binning in use
Bottleneck bin occupancy may not be accurately reported
Waiting for segments to complete...
Iteration completed successfully
Iteration wallclock: 0:29:28.982793, cputime: 0:50:22.128845


Fri Jul 22 01:52:07 2022
Iteration 48 (200 requested)
Beginning iteration 48
37 segments remain in iteration 48 (37 total)
4 of 32 (12.500000%) active bins are populated
per-bin minimum non-zero probability:       0.00765098
per-bin maximum probability:                0.852507
per-bin probability dynamic range (kT):     4.71335
per-segment minimum non-zero probability:   0.000956373
per-segment maximum non-zero probability:   0.0735296
per-segment probability dynamic range (kT): 4.34229
norm = 1, error in norm = -2.22045e-16 (-1*epsilon)
MAB binning in use
Bottleneck bin occupancy may not be accurately reported
Waiting for segments to complete...
Iteration completed successfully
Iteration wallclock: 0:37:39.058729, cputime: 1:04:09.168504


Fri Jul 22 02:29:46 2022
Iteration 49 (200 requested)
Beginning iteration 49
38 segments remain in iteration 49 (38 total)
4 of 32 (12.500000%) active bins are populated
per-bin minimum non-zero probability:       0.000956373
per-bin maximum probability:                0.940368
per-bin probability dynamic range (kT):     6.89088
per-segment minimum non-zero probability:   0.000119547
per-segment maximum non-zero probability:   0.0836564
per-segment probability dynamic range (kT): 6.55077
norm = 1, error in norm = 2.22045e-16 (1*epsilon)
MAB binning in use
Bottleneck bin occupancy may not be accurately reported
Waiting for segments to complete...
Iteration completed successfully
Iteration wallclock: 0:36:36.144107, cputime: 1:01:22.201734


Fri Jul 22 03:06:22 2022
Iteration 50 (200 requested)
Beginning iteration 50
39 segments remain in iteration 50 (39 total)
5 of 32 (15.625000%) active bins are populated
per-bin minimum non-zero probability:       0.000119547
per-bin maximum probability:                0.736596
per-bin probability dynamic range (kT):     8.72609
per-segment minimum non-zero probability:   1.49433e-05
per-segment maximum non-zero probability:   0.0836564
per-segment probability dynamic range (kT): 8.63021
norm = 1, error in norm = 2.22045e-16 (1*epsilon)
MAB binning in use
Bottleneck bin occupancy may not be accurately reported
Waiting for segments to complete...
Iteration completed successfully
Iteration wallclock: 0:40:28.070926, cputime: 1:08:02.385315


Fri Jul 22 03:46:50 2022
Iteration 51 (200 requested)
Beginning iteration 51
47 segments remain in iteration 51 (47 total)
4 of 32 (12.500000%) active bins are populated
per-bin minimum non-zero probability:       1.49433e-05
per-bin maximum probability:                0.855584
per-bin probability dynamic range (kT):     10.9553
per-segment minimum non-zero probability:   1.86792e-06
per-segment maximum non-zero probability:   0.0836564
per-segment probability dynamic range (kT): 10.7096
norm = 1, error in norm = -2.22045e-16 (-1*epsilon)
MAB binning in use
Bottleneck bin occupancy may not be accurately reported
Waiting for segments to complete...
Iteration completed successfully
Iteration wallclock: 0:45:52.299511, cputime: 1:17:33.290432


Fri Jul 22 04:32:43 2022
Iteration 52 (200 requested)
Beginning iteration 52
38 segments remain in iteration 52 (38 total)
4 of 32 (12.500000%) active bins are populated
per-bin minimum non-zero probability:       1.86792e-06
per-bin maximum probability:                0.927803
per-bin probability dynamic range (kT):     13.1158
per-segment minimum non-zero probability:   2.33489e-07
per-segment maximum non-zero probability:   0.0836564
per-segment probability dynamic range (kT): 12.7891
norm = 1, error in norm = 0 (0*epsilon)
MAB binning in use
Bottleneck bin occupancy may not be accurately reported
Waiting for segments to complete...
Iteration completed successfully
Iteration wallclock: 0:37:49.188198, cputime: 1:04:15.729875


Fri Jul 22 05:10:32 2022
Iteration 53 (200 requested)
Beginning iteration 53
38 segments remain in iteration 53 (38 total)
4 of 32 (12.500000%) active bins are populated
per-bin minimum non-zero probability:       2.33489e-07
per-bin maximum probability:                0.927806
per-bin probability dynamic range (kT):     15.1952
per-segment minimum non-zero probability:   2.91862e-08
per-segment maximum non-zero probability:   0.0836564
per-segment probability dynamic range (kT): 14.8685
norm = 1, error in norm = 0 (0*epsilon)
MAB binning in use
Bottleneck bin occupancy may not be accurately reported
Waiting for segments to complete...
Iteration completed successfully
Iteration wallclock: 0:36:10.557329, cputime: 1:00:52.969124


Fri Jul 22 05:46:43 2022
Iteration 54 (200 requested)
Beginning iteration 54
47 segments remain in iteration 54 (47 total)
5 of 32 (15.625000%) active bins are populated
per-bin minimum non-zero probability:       2.91862e-08
per-bin maximum probability:                0.981952
per-bin probability dynamic range (kT):     17.3314
per-segment minimum non-zero probability:   3.64827e-09
per-segment maximum non-zero probability:   0.0836564
per-segment probability dynamic range (kT): 16.948
norm = 1, error in norm = 2.22045e-16 (1*epsilon)
MAB binning in use
Bottleneck bin occupancy may not be accurately reported
Waiting for segments to complete...
Iteration completed successfully
Iteration wallclock: 0:46:19.085844, cputime: 1:19:17.341220


Fri Jul 22 06:33:02 2022
Iteration 55 (200 requested)
Beginning iteration 55
39 segments remain in iteration 55 (39 total)
4 of 32 (12.500000%) active bins are populated
per-bin minimum non-zero probability:       3.64827e-09
per-bin maximum probability:                0.998872
per-bin probability dynamic range (kT):     19.4279
per-segment minimum non-zero probability:   4.56034e-10
per-segment maximum non-zero probability:   0.0836564
per-segment probability dynamic range (kT): 19.0274
norm = 1, error in norm = -3.33067e-16 (-1.5*epsilon)
MAB binning in use
Bottleneck bin occupancy may not be accurately reported
Waiting for segments to complete...
Iteration completed successfully
Iteration wallclock: 0:37:53.181206, cputime: 1:03:52.192374


Fri Jul 22 07:10:55 2022
Iteration 56 (200 requested)
Beginning iteration 56
30 segments remain in iteration 56 (30 total)
3 of 32 (9.375000%) active bins are populated
per-bin minimum non-zero probability:       0.000141002
per-bin maximum probability:                0.927835
per-bin probability dynamic range (kT):     8.79183
per-segment minimum non-zero probability:   1.76253e-05
per-segment maximum non-zero probability:   0.0836564
per-segment probability dynamic range (kT): 8.46514
norm = 1, error in norm = 2.22045e-16 (1*epsilon)
MAB binning in use
Bottleneck bin occupancy may not be accurately reported
Waiting for segments to complete...
Iteration completed successfully
Iteration wallclock: 0:28:09.717685, cputime: 0:47:53.934322


Fri Jul 22 07:39:05 2022
Iteration 57 (200 requested)
Beginning iteration 57
30 segments remain in iteration 57 (30 total)
3 of 32 (9.375000%) active bins are populated
per-bin minimum non-zero probability:       0.00900305
per-bin maximum probability:                0.907341
per-bin probability dynamic range (kT):     4.61295
per-segment minimum non-zero probability:   0.00112538
per-segment maximum non-zero probability:   0.0836564
per-segment probability dynamic range (kT): 4.3086
norm = 1, error in norm = 2.22045e-16 (1*epsilon)
MAB binning in use
Bottleneck bin occupancy may not be accurately reported
Waiting for segments to complete...
Iteration completed successfully
Iteration wallclock: 0:30:34.089975, cputime: 0:51:48.027906


Fri Jul 22 08:09:39 2022
Iteration 58 (200 requested)
Beginning iteration 58
30 segments remain in iteration 58 (30 total)
3 of 32 (9.375000%) active bins are populated
per-bin minimum non-zero probability:       0.00112538
per-bin maximum probability:                0.929536
per-bin probability dynamic range (kT):     6.71656
per-segment minimum non-zero probability:   0.000140673
per-segment maximum non-zero probability:   0.0836564
per-segment probability dynamic range (kT): 6.38804
norm = 1, error in norm = -2.22045e-16 (-1*epsilon)
MAB binning in use
Bottleneck bin occupancy may not be accurately reported
Waiting for segments to complete...
Iteration completed successfully
Iteration wallclock: 0:31:49.044449, cputime: 0:53:54.429736


Fri Jul 22 08:41:28 2022
Iteration 59 (200 requested)
Beginning iteration 59
39 segments remain in iteration 59 (39 total)
5 of 32 (15.625000%) active bins are populated
per-bin minimum non-zero probability:       0.000140673
per-bin maximum probability:                0.717907
per-bin probability dynamic range (kT):     8.53766
per-segment minimum non-zero probability:   1.75841e-05
per-segment maximum non-zero probability:   0.0836564
per-segment probability dynamic range (kT): 8.46748
norm = 1, error in norm = 0 (0*epsilon)
MAB binning in use
Bottleneck bin occupancy may not be accurately reported
Waiting for segments to complete...
Iteration completed successfully
Iteration wallclock: 0:38:36.699564, cputime: 1:04:57.867826


Fri Jul 22 09:20:04 2022
Iteration 60 (200 requested)
Beginning iteration 60
30 segments remain in iteration 60 (30 total)
3 of 32 (9.375000%) active bins are populated
per-bin minimum non-zero probability:       1.75841e-05
per-bin maximum probability:                0.941098
per-bin probability dynamic range (kT):     10.8878
per-segment minimum non-zero probability:   2.19801e-06
per-segment maximum non-zero probability:   0.0836564
per-segment probability dynamic range (kT): 10.5469
norm = 1, error in norm = 2.22045e-16 (1*epsilon)
MAB binning in use
Bottleneck bin occupancy may not be accurately reported
Waiting for segments to complete...
Iteration completed successfully
Iteration wallclock: 0:29:35.436173, cputime: 0:49:29.913700


Fri Jul 22 09:49:40 2022
Iteration 61 (200 requested)
Beginning iteration 61
37 segments remain in iteration 61 (37 total)
3 of 32 (9.375000%) active bins are populated
per-bin minimum non-zero probability:       0.00736057
per-bin maximum probability:                0.88152
per-bin probability dynamic range (kT):     4.78551
per-segment minimum non-zero probability:   0.000920071
per-segment maximum non-zero probability:   0.0836564
per-segment probability dynamic range (kT): 4.51002
norm = 1, error in norm = -2.22045e-16 (-1*epsilon)
MAB binning in use
Bottleneck bin occupancy may not be accurately reported
Waiting for segments to complete...
Iteration completed successfully
Iteration wallclock: 0:36:58.597541, cputime: 1:02:48.417833


Fri Jul 22 10:26:38 2022
Iteration 62 (200 requested)
Beginning iteration 62
37 segments remain in iteration 62 (37 total)
2 of 32 (6.250000%) active bins are populated
per-bin minimum non-zero probability:       0.00935931
per-bin maximum probability:                0.990641
per-bin probability dynamic range (kT):     4.66198
per-segment minimum non-zero probability:   0.00116991
per-segment maximum non-zero probability:   0.092997
per-segment probability dynamic range (kT): 4.37564
norm = 1, error in norm = 0 (0*epsilon)
MAB binning in use
Bottleneck bin occupancy may not be accurately reported
Waiting for segments to complete...
Iteration completed successfully
Iteration wallclock: 0:39:55.556664, cputime: 1:06:18.127986


Fri Jul 22 11:06:34 2022
Iteration 63 (200 requested)
Beginning iteration 63
46 segments remain in iteration 63 (46 total)
4 of 32 (12.500000%) active bins are populated
per-bin minimum non-zero probability:       0.00116991
per-bin maximum probability:                0.893241
per-bin probability dynamic range (kT):     6.63793
per-segment minimum non-zero probability:   0.000146239
per-segment maximum non-zero probability:   0.0836564
per-segment probability dynamic range (kT): 6.34923
norm = 1, error in norm = 2.22045e-16 (1*epsilon)
MAB binning in use
Bottleneck bin occupancy may not be accurately reported
Waiting for segments to complete...
Iteration completed successfully
Iteration wallclock: 0:48:57.478136, cputime: 1:22:39.384075


Fri Jul 22 11:55:31 2022
Iteration 64 (200 requested)
Beginning iteration 64
31 segments remain in iteration 64 (31 total)
3 of 32 (9.375000%) active bins are populated
per-bin minimum non-zero probability:       0.000868121
per-bin maximum probability:                0.909343
per-bin probability dynamic range (kT):     6.95415
per-segment minimum non-zero probability:   0.000108515
per-segment maximum non-zero probability:   0.089789
per-segment probability dynamic range (kT): 6.71833
norm = 1, error in norm = 2.22045e-16 (1*epsilon)
MAB binning in use
Bottleneck bin occupancy may not be accurately reported
Waiting for segments to complete...
Iteration completed successfully
Iteration wallclock: 0:33:50.715180, cputime: 0:56:17.475250


Fri Jul 22 12:29:22 2022
Iteration 65 (200 requested)
Beginning iteration 65
47 segments remain in iteration 65 (47 total)
5 of 32 (15.625000%) active bins are populated
per-bin minimum non-zero probability:       0.000108515
per-bin maximum probability:                0.786454
per-bin probability dynamic range (kT):     8.8884
per-segment minimum non-zero probability:   1.35644e-05
per-segment maximum non-zero probability:   0.089789
per-segment probability dynamic range (kT): 8.79777
norm = 1, error in norm = 2.22045e-16 (1*epsilon)
MAB binning in use
Bottleneck bin occupancy may not be accurately reported
Waiting for segments to complete...
Iteration completed successfully
Iteration wallclock: 0:46:15.121009, cputime: 1:19:08.950833


Fri Jul 22 13:15:37 2022
Iteration 66 (200 requested)
Beginning iteration 66
38 segments remain in iteration 66 (38 total)
4 of 32 (12.500000%) active bins are populated
per-bin minimum non-zero probability:       1.35644e-05
per-bin maximum probability:                0.910016
per-bin probability dynamic range (kT):     11.1138
per-segment minimum non-zero probability:   1.69555e-06
per-segment maximum non-zero probability:   0.0776837
per-segment probability dynamic range (kT): 10.7324
norm = 1, error in norm = 4.44089e-16 (2*epsilon)
MAB binning in use
Bottleneck bin occupancy may not be accurately reported
Waiting for segments to complete...
Iteration completed successfully
Iteration wallclock: 0:36:23.857357, cputime: 1:01:47.762629


Fri Jul 22 13:52:01 2022
Iteration 67 (200 requested)
Beginning iteration 67
39 segments remain in iteration 67 (39 total)
4 of 32 (12.500000%) active bins are populated
per-bin minimum non-zero probability:       1.69555e-06
per-bin maximum probability:                0.988752
per-bin probability dynamic range (kT):     13.2762
per-segment minimum non-zero probability:   2.11944e-07
per-segment maximum non-zero probability:   0.0787362
per-segment probability dynamic range (kT): 12.8253
norm = 1, error in norm = 0 (0*epsilon)
MAB binning in use
Bottleneck bin occupancy may not be accurately reported
Waiting for segments to complete...
Iteration completed successfully
Iteration wallclock: 0:40:47.624083, cputime: 1:08:59.493214


Fri Jul 22 14:32:49 2022
Iteration 68 (200 requested)
Beginning iteration 68
39 segments remain in iteration 68 (39 total)
4 of 32 (12.500000%) active bins are populated
per-bin minimum non-zero probability:       2.83804e-06
per-bin maximum probability:                0.997191
per-bin probability dynamic range (kT):     12.7696
per-segment minimum non-zero probability:   3.54755e-07
per-segment maximum non-zero probability:   0.0787362
per-segment probability dynamic range (kT): 12.3102
norm = 1, error in norm = -3.33067e-16 (-1.5*epsilon)
MAB binning in use
Bottleneck bin occupancy may not be accurately reported
Waiting for segments to complete...
Iteration completed successfully
Iteration wallclock: 0:41:18.203146, cputime: 1:10:31.934684


Fri Jul 22 15:14:07 2022
Iteration 69 (200 requested)
Beginning iteration 69
37 segments remain in iteration 69 (37 total)
4 of 32 (12.500000%) active bins are populated
per-bin minimum non-zero probability:       0.000175369
per-bin maximum probability:                0.872617
per-bin probability dynamic range (kT):     8.51236
per-segment minimum non-zero probability:   2.19211e-05
per-segment maximum non-zero probability:   0.0787362
per-segment probability dynamic range (kT): 8.18641
norm = 1, error in norm = 0 (0*epsilon)
MAB binning in use
Bottleneck bin occupancy may not be accurately reported
Waiting for segments to complete...
Iteration completed successfully
Iteration wallclock: 0:39:59.617936, cputime: 1:07:45.710031


Fri Jul 22 15:54:07 2022
Iteration 70 (200 requested)
Beginning iteration 70
47 segments remain in iteration 70 (47 total)
5 of 32 (15.625000%) active bins are populated
per-bin minimum non-zero probability:       2.19211e-05
per-bin maximum probability:                0.985339
per-bin probability dynamic range (kT):     10.7133
per-segment minimum non-zero probability:   2.74014e-06
per-segment maximum non-zero probability:   0.0787362
per-segment probability dynamic range (kT): 10.2658
norm = 1, error in norm = 2.22045e-16 (1*epsilon)
MAB binning in use
Bottleneck bin occupancy may not be accurately reported
Waiting for segments to complete...
Iteration completed successfully
Iteration wallclock: 0:50:01.469451, cputime: 1:25:14.496470


Fri Jul 22 16:44:08 2022
Iteration 71 (200 requested)
Beginning iteration 71
47 segments remain in iteration 71 (47 total)
5 of 32 (15.625000%) active bins are populated
per-bin minimum non-zero probability:       2.74014e-06
per-bin maximum probability:                0.757849
per-bin probability dynamic range (kT):     12.5302
per-segment minimum non-zero probability:   3.42518e-07
per-segment maximum non-zero probability:   0.0787362
per-segment probability dynamic range (kT): 12.3453
norm = 1, error in norm = 0 (0*epsilon)
MAB binning in use
Bottleneck bin occupancy may not be accurately reported
Waiting for segments to complete...
Iteration completed successfully
Iteration wallclock: 0:47:02.046302, cputime: 1:20:17.925157


Fri Jul 22 17:31:10 2022
Iteration 72 (200 requested)
Beginning iteration 72
45 segments remain in iteration 72 (45 total)
5 of 32 (15.625000%) active bins are populated
per-bin minimum non-zero probability:       0.000114194
per-bin maximum probability:                0.868965
per-bin probability dynamic range (kT):     8.93716
per-segment minimum non-zero probability:   1.42742e-05
per-segment maximum non-zero probability:   0.0787362
per-segment probability dynamic range (kT): 8.61541
norm = 1, error in norm = 0 (0*epsilon)
MAB binning in use
Bottleneck bin occupancy may not be accurately reported
Waiting for segments to complete...
Iteration completed successfully
Iteration wallclock: 0:42:23.533249, cputime: 1:12:29.078854


Fri Jul 22 18:13:34 2022
Iteration 73 (200 requested)
Beginning iteration 73
39 segments remain in iteration 73 (39 total)
4 of 32 (12.500000%) active bins are populated
per-bin minimum non-zero probability:       1.42742e-05
per-bin maximum probability:                0.983635
per-bin probability dynamic range (kT):     11.1406
per-segment minimum non-zero probability:   1.78427e-06
per-segment maximum non-zero probability:   0.0787362
per-segment probability dynamic range (kT): 10.6948
norm = 1, error in norm = 4.44089e-16 (2*epsilon)
MAB binning in use
Bottleneck bin occupancy may not be accurately reported
Waiting for segments to complete...
Iteration completed successfully
Iteration wallclock: 0:36:38.746199, cputime: 1:02:41.591622


Fri Jul 22 18:50:12 2022
Iteration 74 (200 requested)
Beginning iteration 74
46 segments remain in iteration 74 (46 total)
5 of 32 (15.625000%) active bins are populated
per-bin minimum non-zero probability:       1.78427e-06
per-bin maximum probability:                0.921243
per-bin probability dynamic range (kT):     13.1545
per-segment minimum non-zero probability:   2.23034e-07
per-segment maximum non-zero probability:   0.0787362
per-segment probability dynamic range (kT): 12.7743
norm = 1, error in norm = 0 (0*epsilon)
MAB binning in use
Bottleneck bin occupancy may not be accurately reported
Waiting for segments to complete...
Iteration completed successfully
Iteration wallclock: 0:44:58.738504, cputime: 1:16:25.642156


Fri Jul 22 19:35:11 2022
Iteration 75 (200 requested)
Beginning iteration 75
38 segments remain in iteration 75 (38 total)
4 of 32 (12.500000%) active bins are populated
per-bin minimum non-zero probability:       2.23034e-07
per-bin maximum probability:                0.929843
per-bin probability dynamic range (kT):     15.2432
per-segment minimum non-zero probability:   2.78793e-08
per-segment maximum non-zero probability:   0.0787362
per-segment probability dynamic range (kT): 14.8537
norm = 1, error in norm = 2.22045e-16 (1*epsilon)
MAB binning in use
Bottleneck bin occupancy may not be accurately reported
Waiting for segments to complete...
Iteration completed successfully
Iteration wallclock: 0:37:18.501332, cputime: 1:03:03.237410


Fri Jul 22 20:12:30 2022
Iteration 76 (200 requested)
Beginning iteration 76
39 segments remain in iteration 76 (39 total)
4 of 32 (12.500000%) active bins are populated
per-bin minimum non-zero probability:       2.78793e-08
per-bin maximum probability:                0.992444
per-bin probability dynamic range (kT):     17.3878
per-segment minimum non-zero probability:   3.48491e-09
per-segment maximum non-zero probability:   0.0787362
per-segment probability dynamic range (kT): 16.9332
norm = 1, error in norm = 2.22045e-16 (1*epsilon)
MAB binning in use
Bottleneck bin occupancy may not be accurately reported
Waiting for segments to complete...
Iteration completed successfully
Iteration wallclock: 0:38:40.783136, cputime: 1:05:07.738422


Fri Jul 22 20:51:10 2022
Iteration 77 (200 requested)
Beginning iteration 77
31 segments remain in iteration 77 (31 total)
3 of 32 (9.375000%) active bins are populated
per-bin minimum non-zero probability:       3.48491e-09
per-bin maximum probability:                0.999056
per-bin probability dynamic range (kT):     19.4739
per-segment minimum non-zero probability:   4.35614e-10
per-segment maximum non-zero probability:   0.0787362
per-segment probability dynamic range (kT): 19.0126
norm = 1, error in norm = 0 (0*epsilon)
MAB binning in use
Bottleneck bin occupancy may not be accurately reported
Waiting for segments to complete...
Iteration completed successfully
Iteration wallclock: 0:31:10.758446, cputime: 0:52:08.315667


Fri Jul 22 21:22:21 2022
Iteration 78 (200 requested)
Beginning iteration 78
38 segments remain in iteration 78 (38 total)
4 of 32 (12.500000%) active bins are populated
per-bin minimum non-zero probability:       4.35614e-10
per-bin maximum probability:                0.93842
per-bin probability dynamic range (kT):     21.4907
per-segment minimum non-zero probability:   5.44517e-11
per-segment maximum non-zero probability:   0.0787362
per-segment probability dynamic range (kT): 21.0921
norm = 1, error in norm = -1.11022e-16 (-0.5*epsilon)
MAB binning in use
Bottleneck bin occupancy may not be accurately reported
Waiting for segments to complete...
Iteration completed successfully
Iteration wallclock: 0:36:39.364320, cputime: 1:02:49.179088


Fri Jul 22 21:59:01 2022
Iteration 79 (200 requested)
Beginning iteration 79
39 segments remain in iteration 79 (39 total)
4 of 32 (12.500000%) active bins are populated
per-bin minimum non-zero probability:       5.44517e-11
per-bin maximum probability:                0.99997
per-bin probability dynamic range (kT):     23.6337
per-segment minimum non-zero probability:   6.80646e-12
per-segment maximum non-zero probability:   0.0787362
per-segment probability dynamic range (kT): 23.1715
norm = 1, error in norm = -3.33067e-16 (-1.5*epsilon)
MAB binning in use
Bottleneck bin occupancy may not be accurately reported
Waiting for segments to complete...
Iteration completed successfully
Iteration wallclock: 0:38:09.525747, cputime: 1:04:35.091755


Fri Jul 22 22:37:10 2022
Iteration 80 (200 requested)
Beginning iteration 80
39 segments remain in iteration 80 (39 total)
4 of 32 (12.500000%) active bins are populated
per-bin minimum non-zero probability:       6.80646e-12
per-bin maximum probability:                0.999996
per-bin probability dynamic range (kT):     25.7131
per-segment minimum non-zero probability:   8.50808e-13
per-segment maximum non-zero probability:   0.0787362
per-segment probability dynamic range (kT): 25.2509
norm = 1, error in norm = 2.22045e-16 (1*epsilon)
MAB binning in use
Bottleneck bin occupancy may not be accurately reported
Waiting for segments to complete...
Iteration completed successfully
Iteration wallclock: 0:37:56.645257, cputime: 1:04:27.259891


Fri Jul 22 23:15:07 2022
Iteration 81 (200 requested)
Beginning iteration 81
46 segments remain in iteration 81 (46 total)
5 of 32 (15.625000%) active bins are populated
per-bin minimum non-zero probability:       8.50808e-13
per-bin maximum probability:                0.921263
per-bin probability dynamic range (kT):     27.7106
per-segment minimum non-zero probability:   1.06351e-13
per-segment maximum non-zero probability:   0.0726691
per-segment probability dynamic range (kT): 27.2502
norm = 1, error in norm = 2.22045e-16 (1*epsilon)
MAB binning in use
Bottleneck bin occupancy may not be accurately reported
Waiting for segments to complete...
Iteration completed successfully
Iteration wallclock: 0:44:51.848535, cputime: 1:16:16.787770


Fri Jul 22 23:59:59 2022
Iteration 82 (200 requested)
Beginning iteration 82
31 segments remain in iteration 82 (31 total)
3 of 32 (9.375000%) active bins are populated
per-bin minimum non-zero probability:       1.06351e-13
per-bin maximum probability:                0.860743
per-bin probability dynamic range (kT):     29.7221
per-segment minimum non-zero probability:   1.32939e-14
per-segment maximum non-zero probability:   0.0787366
per-segment probability dynamic range (kT): 29.4098
norm = 1, error in norm = 2.22045e-16 (1*epsilon)
MAB binning in use
Bottleneck bin occupancy may not be accurately reported
Waiting for segments to complete...
Iteration completed successfully
Iteration wallclock: 0:30:06.993833, cputime: 0:50:49.850930


Sat Jul 23 00:30:06 2022
Iteration 83 (200 requested)
Beginning iteration 83
37 segments remain in iteration 83 (37 total)
4 of 32 (12.500000%) active bins are populated
per-bin minimum non-zero probability:       3.60287e-09
per-bin maximum probability:                0.863418
per-bin probability dynamic range (kT):     19.2947
per-segment minimum non-zero probability:   4.50359e-10
per-segment maximum non-zero probability:   0.0787366
per-segment probability dynamic range (kT): 18.9793
norm = 1, error in norm = 2.22045e-16 (1*epsilon)
MAB binning in use
Bottleneck bin occupancy may not be accurately reported
Waiting for segments to complete...
Iteration completed successfully
Iteration wallclock: 0:36:23.772409, cputime: 1:01:30.983411


Sat Jul 23 01:06:29 2022
Iteration 84 (200 requested)
Beginning iteration 84
22 segments remain in iteration 84 (22 total)
3 of 32 (9.375000%) active bins are populated
per-bin minimum non-zero probability:       0.0787366
per-bin maximum probability:                0.834045
per-bin probability dynamic range (kT):     2.36018
per-segment minimum non-zero probability:   0.00984208
per-segment maximum non-zero probability:   0.0872186
per-segment probability dynamic range (kT): 2.18175
norm = 1, error in norm = 0 (0*epsilon)
MAB binning in use
Bottleneck bin occupancy may not be accurately reported
Waiting for segments to complete...
Iteration completed successfully
Iteration wallclock: 0:22:00.650382, cputime: 0:36:04.952989


Sat Jul 23 01:28:30 2022
Iteration 85 (200 requested)
Beginning iteration 85
38 segments remain in iteration 85 (38 total)
4 of 32 (12.500000%) active bins are populated
per-bin minimum non-zero probability:       0.00984208
per-bin maximum probability:                0.893097
per-bin probability dynamic range (kT):     4.50803
per-segment minimum non-zero probability:   0.00123026
per-segment maximum non-zero probability:   0.0872186
per-segment probability dynamic range (kT): 4.26119
norm = 1, error in norm = 2.22045e-16 (1*epsilon)
MAB binning in use
Bottleneck bin occupancy may not be accurately reported
Waiting for segments to complete...
Iteration completed successfully
Iteration wallclock: 0:36:04.454182, cputime: 1:01:22.078981


Sat Jul 23 02:04:34 2022
Iteration 86 (200 requested)
Beginning iteration 86
37 segments remain in iteration 86 (37 total)
5 of 32 (15.625000%) active bins are populated
per-bin minimum non-zero probability:       0.00123026
per-bin maximum probability:                0.787624
per-bin probability dynamic range (kT):     6.4618
per-segment minimum non-zero probability:   0.000153782
per-segment maximum non-zero probability:   0.0872186
per-segment probability dynamic range (kT): 6.34063
norm = 1, error in norm = 0 (0*epsilon)
MAB binning in use
Bottleneck bin occupancy may not be accurately reported
Waiting for segments to complete...
Iteration completed successfully
Iteration wallclock: 0:36:24.814173, cputime: 1:01:14.702276


Sat Jul 23 02:40:59 2022
Iteration 87 (200 requested)
Beginning iteration 87
38 segments remain in iteration 87 (38 total)
4 of 32 (12.500000%) active bins are populated
per-bin minimum non-zero probability:       0.000153782
per-bin maximum probability:                0.933786
per-bin probability dynamic range (kT):     8.71146
per-segment minimum non-zero probability:   1.92228e-05
per-segment maximum non-zero probability:   0.0872186
per-segment probability dynamic range (kT): 8.42008
norm = 1, error in norm = 2.22045e-16 (1*epsilon)
MAB binning in use
Bottleneck bin occupancy may not be accurately reported
Waiting for segments to complete...
Iteration completed successfully
Iteration wallclock: 0:36:56.939772, cputime: 1:02:15.138544


Sat Jul 23 03:17:56 2022
Iteration 88 (200 requested)
Beginning iteration 88
30 segments remain in iteration 88 (30 total)
3 of 32 (9.375000%) active bins are populated
per-bin minimum non-zero probability:       1.92228e-05
per-bin maximum probability:                0.931954
per-bin probability dynamic range (kT):     10.7889
per-segment minimum non-zero probability:   2.40285e-06
per-segment maximum non-zero probability:   0.0872186
per-segment probability dynamic range (kT): 10.4995
norm = 1, error in norm = 2.22045e-16 (1*epsilon)
MAB binning in use
Bottleneck bin occupancy may not be accurately reported
Waiting for segments to complete...
Iteration completed successfully
Iteration wallclock: 0:29:34.382572, cputime: 0:49:31.512542


Sat Jul 23 03:47:31 2022
Iteration 89 (200 requested)
Beginning iteration 89
47 segments remain in iteration 89 (47 total)
5 of 32 (15.625000%) active bins are populated
per-bin minimum non-zero probability:       2.40285e-06
per-bin maximum probability:                0.982988
per-bin probability dynamic range (kT):     12.9217
per-segment minimum non-zero probability:   3.00356e-07
per-segment maximum non-zero probability:   0.0872186
per-segment probability dynamic range (kT): 12.579
norm = 1, error in norm = 0 (0*epsilon)
MAB binning in use
Bottleneck bin occupancy may not be accurately reported
Waiting for segments to complete...
Iteration completed successfully
Iteration wallclock: 0:46:25.965422, cputime: 1:18:31.094337


Sat Jul 23 04:33:57 2022
Iteration 90 (200 requested)
Beginning iteration 90
39 segments remain in iteration 90 (39 total)
4 of 32 (12.500000%) active bins are populated
per-bin minimum non-zero probability:       3.00356e-07
per-bin maximum probability:                0.998936
per-bin probability dynamic range (kT):     15.0172
per-segment minimum non-zero probability:   3.75445e-08
per-segment maximum non-zero probability:   0.0872186
per-segment probability dynamic range (kT): 14.6584
norm = 1, error in norm = 2.22045e-16 (1*epsilon)
MAB binning in use
Bottleneck bin occupancy may not be accurately reported
Waiting for segments to complete...
Iteration completed successfully
Iteration wallclock: 0:39:39.302139, cputime: 1:05:40.459444


Sat Jul 23 05:13:36 2022
Iteration 91 (200 requested)
Beginning iteration 91
31 segments remain in iteration 91 (31 total)
4 of 32 (12.500000%) active bins are populated
per-bin minimum non-zero probability:       3.75445e-08
per-bin maximum probability:                0.772809
per-bin probability dynamic range (kT):     16.84
per-segment minimum non-zero probability:   4.69307e-09
per-segment maximum non-zero probability:   0.0872186
per-segment probability dynamic range (kT): 16.7378
norm = 1, error in norm = -1.11022e-16 (-0.5*epsilon)
MAB binning in use
Bottleneck bin occupancy may not be accurately reported
Waiting for segments to complete...
Iteration completed successfully
Iteration wallclock: 0:31:25.912696, cputime: 0:52:11.854484


Sat Jul 23 05:45:02 2022
Iteration 92 (200 requested)
Beginning iteration 92
30 segments remain in iteration 92 (30 total)
3 of 32 (9.375000%) active bins are populated
per-bin minimum non-zero probability:       4.69307e-09
per-bin maximum probability:                0.932425
per-bin probability dynamic range (kT):     19.1072
per-segment minimum non-zero probability:   5.86634e-10
per-segment maximum non-zero probability:   0.0872186
per-segment probability dynamic range (kT): 18.8173
norm = 1, error in norm = 2.22045e-16 (1*epsilon)
MAB binning in use
Bottleneck bin occupancy may not be accurately reported
Waiting for segments to complete...
Iteration completed successfully
Iteration wallclock: 0:29:26.424986, cputime: 0:49:24.958801


Sat Jul 23 06:14:28 2022
Iteration 93 (200 requested)
Beginning iteration 93
39 segments remain in iteration 93 (39 total)
4 of 32 (12.500000%) active bins are populated
per-bin minimum non-zero probability:       5.86634e-10
per-bin maximum probability:                0.983106
per-bin probability dynamic range (kT):     21.2396
per-segment minimum non-zero probability:   7.33292e-11
per-segment maximum non-zero probability:   0.0872186
per-segment probability dynamic range (kT): 20.8967
norm = 1, error in norm = 2.22045e-16 (1*epsilon)
MAB binning in use
Bottleneck bin occupancy may not be accurately reported
Waiting for segments to complete...
Iteration completed successfully
Iteration wallclock: 0:38:23.001153, cputime: 1:04:27.639510


Sat Jul 23 06:52:51 2022
Iteration 94 (200 requested)
Beginning iteration 94
38 segments remain in iteration 94 (38 total)
4 of 32 (12.500000%) active bins are populated
per-bin minimum non-zero probability:       7.33292e-11
per-bin maximum probability:                0.944995
per-bin probability dynamic range (kT):     23.2795
per-segment minimum non-zero probability:   9.16615e-12
per-segment maximum non-zero probability:   0.0872186
per-segment probability dynamic range (kT): 22.9762
norm = 1, error in norm = 2.22045e-16 (1*epsilon)
MAB binning in use
Bottleneck bin occupancy may not be accurately reported
Waiting for segments to complete...
Iteration completed successfully
Iteration wallclock: 0:37:20.519957, cputime: 1:03:28.660732


Sat Jul 23 07:30:12 2022
Iteration 95 (200 requested)
Beginning iteration 95
39 segments remain in iteration 95 (39 total)
4 of 32 (12.500000%) active bins are populated
per-bin minimum non-zero probability:       9.16615e-12
per-bin maximum probability:                0.999868
per-bin probability dynamic range (kT):     25.4154
per-segment minimum non-zero probability:   1.14577e-12
per-segment maximum non-zero probability:   0.0872186
per-segment probability dynamic range (kT): 25.0556
norm = 1, error in norm = -2.22045e-16 (-1*epsilon)
MAB binning in use
Bottleneck bin occupancy may not be accurately reported
Waiting for segments to complete...
Iteration completed successfully
Iteration wallclock: 0:38:35.861421, cputime: 1:04:53.722422


Sat Jul 23 08:08:48 2022
Iteration 96 (200 requested)
Beginning iteration 96
39 segments remain in iteration 96 (39 total)
4 of 32 (12.500000%) active bins are populated
per-bin minimum non-zero probability:       1.14577e-12
per-bin maximum probability:                0.999967
per-bin probability dynamic range (kT):     27.4949
per-segment minimum non-zero probability:   1.43221e-13
per-segment maximum non-zero probability:   0.0872186
per-segment probability dynamic range (kT): 27.135
norm = 1, error in norm = 4.44089e-16 (2*epsilon)
MAB binning in use
Bottleneck bin occupancy may not be accurately reported
Waiting for segments to complete...
Iteration completed successfully
Iteration wallclock: 0:37:26.191001, cputime: 1:03:37.585693


Sat Jul 23 08:46:14 2022
Iteration 97 (200 requested)
Beginning iteration 97
39 segments remain in iteration 97 (39 total)
4 of 32 (12.500000%) active bins are populated
per-bin minimum non-zero probability:       1.43221e-13
per-bin maximum probability:                0.999996
per-bin probability dynamic range (kT):     29.5744
per-segment minimum non-zero probability:   1.79026e-14
per-segment maximum non-zero probability:   0.0872186
per-segment probability dynamic range (kT): 29.2145
norm = 1, error in norm = 4.44089e-16 (2*epsilon)
MAB binning in use
Bottleneck bin occupancy may not be accurately reported
Waiting for segments to complete...
Iteration completed successfully
Iteration wallclock: 0:41:14.212169, cputime: 1:09:14.135656


Sat Jul 23 09:27:28 2022
Iteration 98 (200 requested)
Beginning iteration 98
31 segments remain in iteration 98 (31 total)
3 of 32 (9.375000%) active bins are populated
per-bin minimum non-zero probability:       1.79026e-14
per-bin maximum probability:                1
per-bin probability dynamic range (kT):     31.6538
per-segment minimum non-zero probability:   2.23783e-15
per-segment maximum non-zero probability:   0.0872186
per-segment probability dynamic range (kT): 31.2939
norm = 1, error in norm = 2.22045e-16 (1*epsilon)
MAB binning in use
Bottleneck bin occupancy may not be accurately reported
Waiting for segments to complete...
Iteration completed successfully
Iteration wallclock: 0:30:41.462805, cputime: 0:51:14.408500


Sat Jul 23 09:58:10 2022
Iteration 99 (200 requested)
Beginning iteration 99
31 segments remain in iteration 99 (31 total)
4 of 32 (12.500000%) active bins are populated
per-bin minimum non-zero probability:       2.23783e-15
per-bin maximum probability:                0.71039
per-bin probability dynamic range (kT):     33.3913
per-segment minimum non-zero probability:   2.79729e-16
per-segment maximum non-zero probability:   0.0872186
per-segment probability dynamic range (kT): 33.3734
norm = 1, error in norm = 2.22045e-16 (1*epsilon)
MAB binning in use
Bottleneck bin occupancy may not be accurately reported
Waiting for segments to complete...
Iteration completed successfully
Iteration wallclock: 0:28:21.991702, cputime: 0:47:19.605724

Iteration 100 would require more than the allotted time. Ending run.
