Updating system with the options from the configuration file
Maximum wallclock time: 2 days, 0:00:00

Mon Jul 25 16:17:49 2022
Iteration 100 (200 requested)
Beginning iteration 100
30 segments remain in iteration 100 (30 total)
3 of 32 (9.375000%) active bins are populated
per-bin minimum non-zero probability:       2.79729e-16
per-bin maximum probability:                0.93153
per-bin probability dynamic range (kT):     35.7418
per-segment minimum non-zero probability:   3.49661e-17
per-segment maximum non-zero probability:   0.0872186
per-segment probability dynamic range (kT): 35.4528
norm = 1, error in norm = 2.22045e-16 (1*epsilon)
MAB binning in use
Bottleneck bin occupancy may not be accurately reported
Waiting for segments to complete...
Iteration completed successfully
Iteration wallclock: 0:28:54.761790, cputime: 0:45:48.948515


Mon Jul 25 16:46:43 2022
Iteration 101 (200 requested)
Beginning iteration 101
31 segments remain in iteration 101 (31 total)
3 of 32 (9.375000%) active bins are populated
per-bin minimum non-zero probability:       3.49661e-17
per-bin maximum probability:                0.991441
per-bin probability dynamic range (kT):     37.8836
per-segment minimum non-zero probability:   4.37076e-18
per-segment maximum non-zero probability:   0.0872186
per-segment probability dynamic range (kT): 37.5323
norm = 1, error in norm = 0 (0*epsilon)
MAB binning in use
Bottleneck bin occupancy may not be accurately reported
Waiting for segments to complete...
Iteration completed successfully
Iteration wallclock: 0:27:57.645463, cputime: 0:47:23.047357


Mon Jul 25 17:14:41 2022
Iteration 102 (200 requested)
Beginning iteration 102
38 segments remain in iteration 102 (38 total)
4 of 32 (12.500000%) active bins are populated
per-bin minimum non-zero probability:       4.37076e-18
per-bin maximum probability:                0.932574
per-bin probability dynamic range (kT):     39.9018
per-segment minimum non-zero probability:   5.46345e-19
per-segment maximum non-zero probability:   0.0872186
per-segment probability dynamic range (kT): 39.6117
norm = 1, error in norm = 2.22045e-16 (1*epsilon)
MAB binning in use
Bottleneck bin occupancy may not be accurately reported
Waiting for segments to complete...
Iteration completed successfully
Iteration wallclock: 0:34:07.904326, cputime: 0:58:00.664336


Mon Jul 25 17:48:49 2022
Iteration 103 (200 requested)
Beginning iteration 103
39 segments remain in iteration 103 (39 total)
4 of 32 (12.500000%) active bins are populated
per-bin minimum non-zero probability:       5.46345e-19
per-bin maximum probability:                0.991572
per-bin probability dynamic range (kT):     42.0426
per-segment minimum non-zero probability:   6.82931e-20
per-segment maximum non-zero probability:   0.0872186
per-segment probability dynamic range (kT): 41.6911
norm = 1, error in norm = 4.44089e-16 (2*epsilon)
MAB binning in use
Bottleneck bin occupancy may not be accurately reported
Waiting for segments to complete...
Iteration completed successfully
Iteration wallclock: 0:34:55.453358, cputime: 0:59:32.722897


Mon Jul 25 18:23:44 2022
Iteration 104 (200 requested)
Beginning iteration 104
31 segments remain in iteration 104 (31 total)
3 of 32 (9.375000%) active bins are populated
per-bin minimum non-zero probability:       6.82931e-20
per-bin maximum probability:                0.998946
per-bin probability dynamic range (kT):     44.1294
per-segment minimum non-zero probability:   8.53664e-21
per-segment maximum non-zero probability:   0.0872186
per-segment probability dynamic range (kT): 43.7706
norm = 1, error in norm = 0 (0*epsilon)
MAB binning in use
Bottleneck bin occupancy may not be accurately reported
Waiting for segments to complete...
Iteration completed successfully
Iteration wallclock: 0:28:04.297112, cputime: 0:47:15.631362


Mon Jul 25 18:51:49 2022
Iteration 105 (200 requested)
Beginning iteration 105
39 segments remain in iteration 105 (39 total)
4 of 32 (12.500000%) active bins are populated
per-bin minimum non-zero probability:       8.53664e-21
per-bin maximum probability:                0.999868
per-bin probability dynamic range (kT):     46.2098
per-segment minimum non-zero probability:   1.06708e-21
per-segment maximum non-zero probability:   0.0872186
per-segment probability dynamic range (kT): 45.85
norm = 1, error in norm = 2.22045e-16 (1*epsilon)
MAB binning in use
Bottleneck bin occupancy may not be accurately reported
Waiting for segments to complete...
Iteration completed successfully
Iteration wallclock: 0:35:21.108108, cputime: 0:59:32.353828


Mon Jul 25 19:27:10 2022
Iteration 106 (200 requested)
Beginning iteration 106
39 segments remain in iteration 106 (39 total)
4 of 32 (12.500000%) active bins are populated
per-bin minimum non-zero probability:       1.06708e-21
per-bin maximum probability:                0.999967
per-bin probability dynamic range (kT):     48.2893
per-segment minimum non-zero probability:   1.33385e-22
per-segment maximum non-zero probability:   0.0872186
per-segment probability dynamic range (kT): 47.9295
norm = 1, error in norm = 4.44089e-16 (2*epsilon)
MAB binning in use
Bottleneck bin occupancy may not be accurately reported
Waiting for segments to complete...
Iteration completed successfully
Iteration wallclock: 0:35:50.431726, cputime: 1:00:26.961540


Mon Jul 25 20:03:00 2022
Iteration 107 (200 requested)
Beginning iteration 107
24 segments remain in iteration 107 (24 total)
3 of 32 (9.375000%) active bins are populated
per-bin minimum non-zero probability:       1.33385e-22
per-bin maximum probability:                0.999998
per-bin probability dynamic range (kT):     50.3688
per-segment minimum non-zero probability:   1.33385e-22
per-segment maximum non-zero probability:   0.0872186
per-segment probability dynamic range (kT): 47.9295
norm = 1, error in norm = 4.44089e-16 (2*epsilon)
MAB binning in use
Bottleneck bin occupancy may not be accurately reported
Waiting for segments to complete...
Iteration completed successfully
Iteration wallclock: 0:22:33.687784, cputime: 0:37:43.326232


Mon Jul 25 20:25:34 2022
Iteration 108 (200 requested)
Beginning iteration 108
32 segments remain in iteration 108 (32 total)
4 of 32 (12.500000%) active bins are populated
per-bin minimum non-zero probability:       1.33385e-22
per-bin maximum probability:                0.999999
per-bin probability dynamic range (kT):     50.3688
per-segment minimum non-zero probability:   1.33385e-22
per-segment maximum non-zero probability:   0.0872186
per-segment probability dynamic range (kT): 47.9295
norm = 1, error in norm = 0 (0*epsilon)
MAB binning in use
Bottleneck bin occupancy may not be accurately reported
Waiting for segments to complete...
Iteration completed successfully
Iteration wallclock: 0:29:42.359202, cputime: 0:50:57.421154


Mon Jul 25 20:55:16 2022
Iteration 109 (200 requested)
Beginning iteration 109
32 segments remain in iteration 109 (32 total)
4 of 32 (12.500000%) active bins are populated
per-bin minimum non-zero probability:       1.33385e-22
per-bin maximum probability:                1
per-bin probability dynamic range (kT):     50.3688
per-segment minimum non-zero probability:   1.33385e-22
per-segment maximum non-zero probability:   0.0872186
per-segment probability dynamic range (kT): 47.9295
norm = 1, error in norm = 2.22045e-16 (1*epsilon)
MAB binning in use
Bottleneck bin occupancy may not be accurately reported
Waiting for segments to complete...
Iteration completed successfully
Iteration wallclock: 0:29:39.897004, cputime: 0:50:36.651979


Mon Jul 25 21:24:56 2022
Iteration 110 (200 requested)
Beginning iteration 110
24 segments remain in iteration 110 (24 total)
3 of 32 (9.375000%) active bins are populated
per-bin minimum non-zero probability:       1.33385e-22
per-bin maximum probability:                1
per-bin probability dynamic range (kT):     50.3688
per-segment minimum non-zero probability:   1.33385e-22
per-segment maximum non-zero probability:   0.0872186
per-segment probability dynamic range (kT): 47.9295
norm = 1, error in norm = 0 (0*epsilon)
MAB binning in use
Bottleneck bin occupancy may not be accurately reported
Waiting for segments to complete...
Iteration completed successfully
Iteration wallclock: 0:21:54.988402, cputime: 0:36:40.007735


Mon Jul 25 21:46:51 2022
Iteration 111 (200 requested)
Beginning iteration 111
32 segments remain in iteration 111 (32 total)
4 of 32 (12.500000%) active bins are populated
per-bin minimum non-zero probability:       1.33385e-22
per-bin maximum probability:                1
per-bin probability dynamic range (kT):     50.3688
per-segment minimum non-zero probability:   1.33385e-22
per-segment maximum non-zero probability:   0.0872186
per-segment probability dynamic range (kT): 47.9295
norm = 1, error in norm = 0 (0*epsilon)
MAB binning in use
Bottleneck bin occupancy may not be accurately reported
Waiting for segments to complete...
Iteration completed successfully
Iteration wallclock: 0:28:40.336607, cputime: 0:48:43.542631


Mon Jul 25 22:15:32 2022
Iteration 112 (200 requested)
Beginning iteration 112
31 segments remain in iteration 112 (31 total)
4 of 32 (12.500000%) active bins are populated
per-bin minimum non-zero probability:       1.33385e-22
per-bin maximum probability:                0.940599
per-bin probability dynamic range (kT):     50.3076
per-segment minimum non-zero probability:   1.33385e-22
per-segment maximum non-zero probability:   0.0872186
per-segment probability dynamic range (kT): 47.9295
norm = 1, error in norm = 0 (0*epsilon)
MAB binning in use
Bottleneck bin occupancy may not be accurately reported
Waiting for segments to complete...
Iteration completed successfully
Iteration wallclock: 0:28:26.526554, cputime: 0:47:19.161245


Mon Jul 25 22:43:58 2022
Iteration 113 (200 requested)
Beginning iteration 113
24 segments remain in iteration 113 (24 total)
4 of 32 (12.500000%) active bins are populated
per-bin minimum non-zero probability:       1.33385e-22
per-bin maximum probability:                0.752183
per-bin probability dynamic range (kT):     50.084
per-segment minimum non-zero probability:   1.33385e-22
per-segment maximum non-zero probability:   0.0872186
per-segment probability dynamic range (kT): 47.9295
norm = 1, error in norm = 0 (0*epsilon)
MAB binning in use
Bottleneck bin occupancy may not be accurately reported
Waiting for segments to complete...
Iteration completed successfully
Iteration wallclock: 0:21:37.604877, cputime: 0:36:28.778310


Mon Jul 25 23:05:36 2022
Iteration 114 (200 requested)
Beginning iteration 114
30 segments remain in iteration 114 (30 total)
4 of 32 (12.500000%) active bins are populated
per-bin minimum non-zero probability:       1.33385e-22
per-bin maximum probability:                0.857739
per-bin probability dynamic range (kT):     50.2153
per-segment minimum non-zero probability:   1.33385e-22
per-segment maximum non-zero probability:   0.0872186
per-segment probability dynamic range (kT): 47.9295
norm = 1, error in norm = 2.22045e-16 (1*epsilon)
MAB binning in use
Bottleneck bin occupancy may not be accurately reported
Waiting for segments to complete...
Iteration completed successfully
Iteration wallclock: 0:27:08.478914, cputime: 0:45:39.204610


Mon Jul 25 23:32:44 2022
Iteration 115 (200 requested)
Beginning iteration 115
31 segments remain in iteration 115 (31 total)
4 of 32 (12.500000%) active bins are populated
per-bin minimum non-zero probability:       1.33385e-22
per-bin maximum probability:                0.931467
per-bin probability dynamic range (kT):     50.2978
per-segment minimum non-zero probability:   1.33385e-22
per-segment maximum non-zero probability:   0.0872186
per-segment probability dynamic range (kT): 47.9295
norm = 1, error in norm = 0 (0*epsilon)
MAB binning in use
Bottleneck bin occupancy may not be accurately reported
Waiting for segments to complete...
Iteration completed successfully
Iteration wallclock: 0:27:47.405970, cputime: 0:47:08.561775


Tue Jul 26 00:00:32 2022
Iteration 116 (200 requested)
Beginning iteration 116
24 segments remain in iteration 116 (24 total)
3 of 32 (9.375000%) active bins are populated
per-bin minimum non-zero probability:       1.33385e-22
per-bin maximum probability:                0.998902
per-bin probability dynamic range (kT):     50.3677
per-segment minimum non-zero probability:   1.33385e-22
per-segment maximum non-zero probability:   0.0872186
per-segment probability dynamic range (kT): 47.9295
norm = 1, error in norm = 0 (0*epsilon)
MAB binning in use
Bottleneck bin occupancy may not be accurately reported
Waiting for segments to complete...
Iteration completed successfully
Iteration wallclock: 0:21:45.390525, cputime: 0:36:27.861979


Tue Jul 26 00:22:17 2022
Iteration 117 (200 requested)
Beginning iteration 117
24 segments remain in iteration 117 (24 total)
3 of 32 (9.375000%) active bins are populated
per-bin minimum non-zero probability:       1.33385e-22
per-bin maximum probability:                0.999863
per-bin probability dynamic range (kT):     50.3687
per-segment minimum non-zero probability:   1.33385e-22
per-segment maximum non-zero probability:   0.0872186
per-segment probability dynamic range (kT): 47.9295
norm = 1, error in norm = 0 (0*epsilon)
MAB binning in use
Bottleneck bin occupancy may not be accurately reported
Waiting for segments to complete...
Iteration completed successfully
Iteration wallclock: 0:21:40.031723, cputime: 0:36:26.033222


Tue Jul 26 00:43:57 2022
Iteration 118 (200 requested)
Beginning iteration 118
31 segments remain in iteration 118 (31 total)
4 of 32 (12.500000%) active bins are populated
per-bin minimum non-zero probability:       1.33385e-22
per-bin maximum probability:                0.9307
per-bin probability dynamic range (kT):     50.297
per-segment minimum non-zero probability:   1.33385e-22
per-segment maximum non-zero probability:   0.0872186
per-segment probability dynamic range (kT): 47.9295
norm = 1, error in norm = -2.22045e-16 (-1*epsilon)
MAB binning in use
Bottleneck bin occupancy may not be accurately reported
Waiting for segments to complete...
Iteration completed successfully
Iteration wallclock: 0:27:49.430873, cputime: 0:47:10.710417


Tue Jul 26 01:11:46 2022
Iteration 119 (200 requested)
Beginning iteration 119
24 segments remain in iteration 119 (24 total)
3 of 32 (9.375000%) active bins are populated
per-bin minimum non-zero probability:       1.33385e-22
per-bin maximum probability:                0.99134
per-bin probability dynamic range (kT):     50.3601
per-segment minimum non-zero probability:   1.33385e-22
per-segment maximum non-zero probability:   0.0872186
per-segment probability dynamic range (kT): 47.9295
norm = 1, error in norm = 0 (0*epsilon)
MAB binning in use
Bottleneck bin occupancy may not be accurately reported
Waiting for segments to complete...
Iteration completed successfully
Iteration wallclock: 0:21:26.387995, cputime: 0:36:34.970949


Tue Jul 26 01:33:13 2022
Iteration 120 (200 requested)
Beginning iteration 120
24 segments remain in iteration 120 (24 total)
3 of 32 (9.375000%) active bins are populated
per-bin minimum non-zero probability:       1.33385e-22
per-bin maximum probability:                0.998917
per-bin probability dynamic range (kT):     50.3677
per-segment minimum non-zero probability:   1.33385e-22
per-segment maximum non-zero probability:   0.0872186
per-segment probability dynamic range (kT): 47.9295
norm = 1, error in norm = 0 (0*epsilon)
MAB binning in use
Bottleneck bin occupancy may not be accurately reported
Waiting for segments to complete...
Iteration completed successfully
Iteration wallclock: 0:21:54.534425, cputime: 0:36:31.566389


Tue Jul 26 01:55:07 2022
Iteration 121 (200 requested)
Beginning iteration 121
32 segments remain in iteration 121 (32 total)
4 of 32 (12.500000%) active bins are populated
per-bin minimum non-zero probability:       1.33385e-22
per-bin maximum probability:                0.999729
per-bin probability dynamic range (kT):     50.3685
per-segment minimum non-zero probability:   1.33385e-22
per-segment maximum non-zero probability:   0.0872186
per-segment probability dynamic range (kT): 47.9295
norm = 1, error in norm = 2.22045e-16 (1*epsilon)
MAB binning in use
Bottleneck bin occupancy may not be accurately reported
Waiting for segments to complete...
Iteration completed successfully
Iteration wallclock: 0:28:32.491391, cputime: 0:48:45.820834


Tue Jul 26 02:23:40 2022
Iteration 122 (200 requested)
Beginning iteration 122
24 segments remain in iteration 122 (24 total)
3 of 32 (9.375000%) active bins are populated
per-bin minimum non-zero probability:       1.33385e-22
per-bin maximum probability:                0.999983
per-bin probability dynamic range (kT):     50.3688
per-segment minimum non-zero probability:   1.33385e-22
per-segment maximum non-zero probability:   0.0872186
per-segment probability dynamic range (kT): 47.9295
norm = 1, error in norm = -1.11022e-16 (-0.5*epsilon)
MAB binning in use
Bottleneck bin occupancy may not be accurately reported
Waiting for segments to complete...
Iteration completed successfully
Iteration wallclock: 0:21:33.423989, cputime: 0:36:32.323634


Tue Jul 26 02:45:13 2022
Iteration 123 (200 requested)
Beginning iteration 123
32 segments remain in iteration 123 (32 total)
4 of 32 (12.500000%) active bins are populated
per-bin minimum non-zero probability:       1.33385e-22
per-bin maximum probability:                0.999996
per-bin probability dynamic range (kT):     50.3688
per-segment minimum non-zero probability:   1.33385e-22
per-segment maximum non-zero probability:   0.0872186
per-segment probability dynamic range (kT): 47.9295
norm = 1, error in norm = 2.22045e-16 (1*epsilon)
MAB binning in use
Bottleneck bin occupancy may not be accurately reported
Waiting for segments to complete...
Iteration completed successfully
Iteration wallclock: 0:28:46.309617, cputime: 0:48:40.851660


Tue Jul 26 03:14:00 2022
Iteration 124 (200 requested)
Beginning iteration 124
32 segments remain in iteration 124 (32 total)
4 of 32 (12.500000%) active bins are populated
per-bin minimum non-zero probability:       1.33385e-22
per-bin maximum probability:                0.999999
per-bin probability dynamic range (kT):     50.3688
per-segment minimum non-zero probability:   1.33385e-22
per-segment maximum non-zero probability:   0.0872186
per-segment probability dynamic range (kT): 47.9295
norm = 1, error in norm = -1.11022e-16 (-0.5*epsilon)
MAB binning in use
Bottleneck bin occupancy may not be accurately reported
Waiting for segments to complete...
Iteration completed successfully
Iteration wallclock: 0:28:51.831700, cputime: 0:48:43.636675


Tue Jul 26 03:42:51 2022
Iteration 125 (200 requested)
Beginning iteration 125
24 segments remain in iteration 125 (24 total)
3 of 32 (9.375000%) active bins are populated
per-bin minimum non-zero probability:       1.33385e-22
per-bin maximum probability:                1
per-bin probability dynamic range (kT):     50.3688
per-segment minimum non-zero probability:   1.33385e-22
per-segment maximum non-zero probability:   0.0872186
per-segment probability dynamic range (kT): 47.9295
norm = 1, error in norm = 0 (0*epsilon)
MAB binning in use
Bottleneck bin occupancy may not be accurately reported
Waiting for segments to complete...
Iteration completed successfully
Iteration wallclock: 0:21:31.086860, cputime: 0:36:31.400228


Tue Jul 26 04:04:23 2022
Iteration 126 (200 requested)
Beginning iteration 126
31 segments remain in iteration 126 (31 total)
4 of 32 (12.500000%) active bins are populated
per-bin minimum non-zero probability:       1.33385e-22
per-bin maximum probability:                0.939952
per-bin probability dynamic range (kT):     50.3069
per-segment minimum non-zero probability:   1.33385e-22
per-segment maximum non-zero probability:   0.0872186
per-segment probability dynamic range (kT): 47.9295
norm = 1, error in norm = -2.22045e-16 (-1*epsilon)
MAB binning in use
Bottleneck bin occupancy may not be accurately reported
Waiting for segments to complete...
Iteration completed successfully
Iteration wallclock: 0:27:54.433248, cputime: 0:47:08.839843


Tue Jul 26 04:32:17 2022
Iteration 127 (200 requested)
Beginning iteration 127
24 segments remain in iteration 127 (24 total)
3 of 32 (9.375000%) active bins are populated
per-bin minimum non-zero probability:       1.33385e-22
per-bin maximum probability:                1
per-bin probability dynamic range (kT):     50.3688
per-segment minimum non-zero probability:   1.33385e-22
per-segment maximum non-zero probability:   0.0872186
per-segment probability dynamic range (kT): 47.9295
norm = 1, error in norm = 0 (0*epsilon)
MAB binning in use
Bottleneck bin occupancy may not be accurately reported
Waiting for segments to complete...
Iteration completed successfully
Iteration wallclock: 0:22:27.421635, cputime: 0:36:28.251994


Tue Jul 26 04:54:44 2022
Iteration 128 (200 requested)
Beginning iteration 128
32 segments remain in iteration 128 (32 total)
4 of 32 (12.500000%) active bins are populated
per-bin minimum non-zero probability:       1.33385e-22
per-bin maximum probability:                1
per-bin probability dynamic range (kT):     50.3688
per-segment minimum non-zero probability:   1.33385e-22
per-segment maximum non-zero probability:   0.0872186
per-segment probability dynamic range (kT): 47.9295
norm = 1, error in norm = 2.22045e-16 (1*epsilon)
MAB binning in use
Bottleneck bin occupancy may not be accurately reported
Waiting for segments to complete...
Iteration completed successfully
Iteration wallclock: 0:44:18.377396, cputime: 0:48:42.850481


Tue Jul 26 05:39:03 2022
Iteration 129 (200 requested)
Beginning iteration 129
24 segments remain in iteration 129 (24 total)
3 of 32 (9.375000%) active bins are populated
per-bin minimum non-zero probability:       1.33385e-22
per-bin maximum probability:                0.871218
per-bin probability dynamic range (kT):     50.2309
per-segment minimum non-zero probability:   1.33385e-22
per-segment maximum non-zero probability:   0.0872186
per-segment probability dynamic range (kT): 47.9295
norm = 1, error in norm = 0 (0*epsilon)
MAB binning in use
Bottleneck bin occupancy may not be accurately reported
Waiting for segments to complete...
Iteration completed successfully
Iteration wallclock: 0:21:26.672321, cputime: 0:36:38.691702


Tue Jul 26 06:00:29 2022
Iteration 130 (200 requested)
Beginning iteration 130
30 segments remain in iteration 130 (30 total)
4 of 32 (12.500000%) active bins are populated
per-bin minimum non-zero probability:       1.33385e-22
per-bin maximum probability:                0.867946
per-bin probability dynamic range (kT):     50.2272
per-segment minimum non-zero probability:   1.33385e-22
per-segment maximum non-zero probability:   0.0872186
per-segment probability dynamic range (kT): 47.9295
norm = 1, error in norm = -1.11022e-16 (-0.5*epsilon)
MAB binning in use
Bottleneck bin occupancy may not be accurately reported
Waiting for segments to complete...
Iteration completed successfully
Iteration wallclock: 0:26:46.849457, cputime: 0:45:47.286755


Tue Jul 26 06:27:16 2022
Iteration 131 (200 requested)
Beginning iteration 131
24 segments remain in iteration 131 (24 total)
3 of 32 (9.375000%) active bins are populated
per-bin minimum non-zero probability:       1.33385e-22
per-bin maximum probability:                0.992197
per-bin probability dynamic range (kT):     50.361
per-segment minimum non-zero probability:   1.33385e-22
per-segment maximum non-zero probability:   0.0872186
per-segment probability dynamic range (kT): 47.9295
norm = 1, error in norm = 0 (0*epsilon)
MAB binning in use
Bottleneck bin occupancy may not be accurately reported
Waiting for segments to complete...
Iteration completed successfully
Iteration wallclock: 0:21:38.665625, cputime: 0:36:34.865981


Tue Jul 26 06:48:55 2022
Iteration 132 (200 requested)
Beginning iteration 132
23 segments remain in iteration 132 (23 total)
3 of 32 (9.375000%) active bins are populated
per-bin minimum non-zero probability:       1.33385e-22
per-bin maximum probability:                0.935534
per-bin probability dynamic range (kT):     50.3022
per-segment minimum non-zero probability:   1.33385e-22
per-segment maximum non-zero probability:   0.0872186
per-segment probability dynamic range (kT): 47.9295
norm = 1, error in norm = 2.22045e-16 (1*epsilon)
MAB binning in use
Bottleneck bin occupancy may not be accurately reported
Waiting for segments to complete...
Iteration completed successfully
Iteration wallclock: 0:20:55.756898, cputime: 0:34:57.612391


Tue Jul 26 07:09:51 2022
Iteration 133 (200 requested)
Beginning iteration 133
24 segments remain in iteration 133 (24 total)
3 of 32 (9.375000%) active bins are populated
per-bin minimum non-zero probability:       1.33385e-22
per-bin maximum probability:                0.991942
per-bin probability dynamic range (kT):     50.3607
per-segment minimum non-zero probability:   1.33385e-22
per-segment maximum non-zero probability:   0.0872186
per-segment probability dynamic range (kT): 47.9295
norm = 1, error in norm = 2.22045e-16 (1*epsilon)
MAB binning in use
Bottleneck bin occupancy may not be accurately reported
Waiting for segments to complete...
Iteration completed successfully
Iteration wallclock: 0:21:41.846291, cputime: 0:36:30.701573


Tue Jul 26 07:31:33 2022
Iteration 134 (200 requested)
Beginning iteration 134
24 segments remain in iteration 134 (24 total)
3 of 32 (9.375000%) active bins are populated
per-bin minimum non-zero probability:       1.33385e-22
per-bin maximum probability:                0.998993
per-bin probability dynamic range (kT):     50.3678
per-segment minimum non-zero probability:   1.33385e-22
per-segment maximum non-zero probability:   0.0872186
per-segment probability dynamic range (kT): 47.9295
norm = 1, error in norm = 0 (0*epsilon)
MAB binning in use
Bottleneck bin occupancy may not be accurately reported
Waiting for segments to complete...
Iteration completed successfully
Iteration wallclock: 0:27:06.696736, cputime: 0:36:17.427412


Tue Jul 26 07:58:39 2022
Iteration 135 (200 requested)
Beginning iteration 135
24 segments remain in iteration 135 (24 total)
3 of 32 (9.375000%) active bins are populated
per-bin minimum non-zero probability:       1.33385e-22
per-bin maximum probability:                0.999874
per-bin probability dynamic range (kT):     50.3687
per-segment minimum non-zero probability:   1.33385e-22
per-segment maximum non-zero probability:   0.0872186
per-segment probability dynamic range (kT): 47.9295
norm = 1, error in norm = 0 (0*epsilon)
MAB binning in use
Bottleneck bin occupancy may not be accurately reported
Waiting for segments to complete...
Iteration completed successfully
Iteration wallclock: 0:21:33.244202, cputime: 0:36:20.975288


Tue Jul 26 08:20:13 2022
Iteration 136 (200 requested)
Beginning iteration 136
24 segments remain in iteration 136 (24 total)
3 of 32 (9.375000%) active bins are populated
per-bin minimum non-zero probability:       1.33385e-22
per-bin maximum probability:                0.999984
per-bin probability dynamic range (kT):     50.3688
per-segment minimum non-zero probability:   1.33385e-22
per-segment maximum non-zero probability:   0.0872186
per-segment probability dynamic range (kT): 47.9295
norm = 1, error in norm = 0 (0*epsilon)
MAB binning in use
Bottleneck bin occupancy may not be accurately reported
Waiting for segments to complete...
Iteration completed successfully
Iteration wallclock: 0:26:43.374759, cputime: 0:36:25.883708


Tue Jul 26 08:46:56 2022
Iteration 137 (200 requested)
Beginning iteration 137
24 segments remain in iteration 137 (24 total)
3 of 32 (9.375000%) active bins are populated
per-bin minimum non-zero probability:       1.33385e-22
per-bin maximum probability:                0.999998
per-bin probability dynamic range (kT):     50.3688
per-segment minimum non-zero probability:   1.33385e-22
per-segment maximum non-zero probability:   0.0872186
per-segment probability dynamic range (kT): 47.9295
norm = 1, error in norm = 0 (0*epsilon)
MAB binning in use
Bottleneck bin occupancy may not be accurately reported
Waiting for segments to complete...
Iteration completed successfully
Iteration wallclock: 0:21:17.744134, cputime: 0:36:31.280382


Tue Jul 26 09:08:14 2022
Iteration 138 (200 requested)
Beginning iteration 138
32 segments remain in iteration 138 (32 total)
4 of 32 (12.500000%) active bins are populated
per-bin minimum non-zero probability:       1.33385e-22
per-bin maximum probability:                1
per-bin probability dynamic range (kT):     50.3688
per-segment minimum non-zero probability:   1.33385e-22
per-segment maximum non-zero probability:   0.0872186
per-segment probability dynamic range (kT): 47.9295
norm = 1, error in norm = -2.22045e-16 (-1*epsilon)
MAB binning in use
Bottleneck bin occupancy may not be accurately reported
Waiting for segments to complete...
Iteration completed successfully
Iteration wallclock: 0:28:30.878055, cputime: 0:48:27.902993


Tue Jul 26 09:36:45 2022
Iteration 139 (200 requested)
Beginning iteration 139
24 segments remain in iteration 139 (24 total)
3 of 32 (9.375000%) active bins are populated
per-bin minimum non-zero probability:       1.33385e-22
per-bin maximum probability:                1
per-bin probability dynamic range (kT):     50.3688
per-segment minimum non-zero probability:   1.33385e-22
per-segment maximum non-zero probability:   0.0872186
per-segment probability dynamic range (kT): 47.9295
norm = 1, error in norm = 0 (0*epsilon)
MAB binning in use
Bottleneck bin occupancy may not be accurately reported
Waiting for segments to complete...
Iteration completed successfully
Iteration wallclock: 0:21:41.048225, cputime: 0:37:00.197107


Tue Jul 26 09:58:26 2022
Iteration 140 (200 requested)
Beginning iteration 140
24 segments remain in iteration 140 (24 total)
3 of 32 (9.375000%) active bins are populated
per-bin minimum non-zero probability:       1.33385e-22
per-bin maximum probability:                1
per-bin probability dynamic range (kT):     50.3688
per-segment minimum non-zero probability:   1.33385e-22
per-segment maximum non-zero probability:   0.0872186
per-segment probability dynamic range (kT): 47.9295
norm = 1, error in norm = 0 (0*epsilon)
MAB binning in use
Bottleneck bin occupancy may not be accurately reported
Waiting for segments to complete...
Iteration completed successfully
Iteration wallclock: 0:21:51.592897, cputime: 0:37:16.619068


Tue Jul 26 10:20:17 2022
Iteration 141 (200 requested)
Beginning iteration 141
24 segments remain in iteration 141 (24 total)
3 of 32 (9.375000%) active bins are populated
per-bin minimum non-zero probability:       1.33385e-22
per-bin maximum probability:                1
per-bin probability dynamic range (kT):     50.3688
per-segment minimum non-zero probability:   1.33385e-22
per-segment maximum non-zero probability:   0.0872186
per-segment probability dynamic range (kT): 47.9295
norm = 1, error in norm = 0 (0*epsilon)
MAB binning in use
Bottleneck bin occupancy may not be accurately reported
Waiting for segments to complete...
Iteration completed successfully
Iteration wallclock: 0:25:51.743098, cputime: 0:37:17.348957


Tue Jul 26 10:46:09 2022
Iteration 142 (200 requested)
Beginning iteration 142
31 segments remain in iteration 142 (31 total)
4 of 32 (12.500000%) active bins are populated
per-bin minimum non-zero probability:       1.33385e-22
per-bin maximum probability:                0.912781
per-bin probability dynamic range (kT):     50.2775
per-segment minimum non-zero probability:   1.33385e-22
per-segment maximum non-zero probability:   0.0713084
per-segment probability dynamic range (kT): 47.7281
norm = 1, error in norm = -2.22045e-16 (-1*epsilon)
MAB binning in use
Bottleneck bin occupancy may not be accurately reported
Waiting for segments to complete...
Iteration completed successfully
Iteration wallclock: 0:31:25.215665, cputime: 0:48:24.823693


Tue Jul 26 11:17:34 2022
Iteration 143 (200 requested)
Beginning iteration 143
32 segments remain in iteration 143 (32 total)
4 of 32 (12.500000%) active bins are populated
per-bin minimum non-zero probability:       1.33385e-22
per-bin maximum probability:                0.870491
per-bin probability dynamic range (kT):     50.2301
per-segment minimum non-zero probability:   1.33385e-22
per-segment maximum non-zero probability:   0.0872186
per-segment probability dynamic range (kT): 47.9295
norm = 1, error in norm = 2.22045e-16 (1*epsilon)
MAB binning in use
Bottleneck bin occupancy may not be accurately reported
Waiting for segments to complete...
Iteration completed successfully
Iteration wallclock: 0:29:17.966501, cputime: 0:49:38.703961


Tue Jul 26 11:46:52 2022
Iteration 144 (200 requested)
Beginning iteration 144
31 segments remain in iteration 144 (31 total)
3 of 32 (9.375000%) active bins are populated
per-bin minimum non-zero probability:       1.33385e-22
per-bin maximum probability:                0.935245
per-bin probability dynamic range (kT):     50.3019
per-segment minimum non-zero probability:   1.33385e-22
per-segment maximum non-zero probability:   0.0872186
per-segment probability dynamic range (kT): 47.9295
norm = 1, error in norm = -2.22045e-16 (-1*epsilon)
MAB binning in use
Bottleneck bin occupancy may not be accurately reported
Waiting for segments to complete...
Iteration completed successfully
Iteration wallclock: 0:29:29.390337, cputime: 0:48:19.843916


Tue Jul 26 12:16:21 2022
Iteration 145 (200 requested)
Beginning iteration 145
23 segments remain in iteration 145 (23 total)
3 of 32 (9.375000%) active bins are populated
per-bin minimum non-zero probability:       1.33385e-22
per-bin maximum probability:                0.937681
per-bin probability dynamic range (kT):     50.3045
per-segment minimum non-zero probability:   1.33385e-22
per-segment maximum non-zero probability:   0.0872186
per-segment probability dynamic range (kT): 47.9295
norm = 1, error in norm = 2.22045e-16 (1*epsilon)
MAB binning in use
Bottleneck bin occupancy may not be accurately reported
Waiting for segments to complete...
Iteration completed successfully
Iteration wallclock: 0:22:44.193452, cputime: 0:35:49.409530


Tue Jul 26 12:39:06 2022
Iteration 146 (200 requested)
Beginning iteration 146
32 segments remain in iteration 146 (32 total)
4 of 32 (12.500000%) active bins are populated
per-bin minimum non-zero probability:       1.33385e-22
per-bin maximum probability:                0.98442
per-bin probability dynamic range (kT):     50.3531
per-segment minimum non-zero probability:   1.33385e-22
per-segment maximum non-zero probability:   0.0872186
per-segment probability dynamic range (kT): 47.9295
norm = 1, error in norm = 0 (0*epsilon)
MAB binning in use
Bottleneck bin occupancy may not be accurately reported
Waiting for segments to complete...
Iteration completed successfully
Iteration wallclock: 0:31:38.676346, cputime: 0:49:42.318401


Tue Jul 26 13:10:44 2022
Iteration 147 (200 requested)
Beginning iteration 147
32 segments remain in iteration 147 (32 total)
4 of 32 (12.500000%) active bins are populated
per-bin minimum non-zero probability:       1.33385e-22
per-bin maximum probability:                0.998053
per-bin probability dynamic range (kT):     50.3669
per-segment minimum non-zero probability:   1.33385e-22
per-segment maximum non-zero probability:   0.0872186
per-segment probability dynamic range (kT): 47.9295
norm = 1, error in norm = 0 (0*epsilon)
MAB binning in use
Bottleneck bin occupancy may not be accurately reported
Waiting for segments to complete...
Iteration completed successfully
Iteration wallclock: 0:29:29.892036, cputime: 0:49:44.413173


Tue Jul 26 13:40:14 2022
Iteration 148 (200 requested)
Beginning iteration 148
31 segments remain in iteration 148 (31 total)
4 of 32 (12.500000%) active bins are populated
per-bin minimum non-zero probability:       1.33385e-22
per-bin maximum probability:                0.935187
per-bin probability dynamic range (kT):     50.3018
per-segment minimum non-zero probability:   1.33385e-22
per-segment maximum non-zero probability:   0.0872186
per-segment probability dynamic range (kT): 47.9295
norm = 1, error in norm = 2.22045e-16 (1*epsilon)
MAB binning in use
Bottleneck bin occupancy may not be accurately reported
Waiting for segments to complete...
Iteration completed successfully
Iteration wallclock: 0:32:01.267846, cputime: 0:48:15.776261


Tue Jul 26 14:12:16 2022
Iteration 149 (200 requested)
Beginning iteration 149
24 segments remain in iteration 149 (24 total)
3 of 32 (9.375000%) active bins are populated
per-bin minimum non-zero probability:       1.33385e-22
per-bin maximum probability:                0.991914
per-bin probability dynamic range (kT):     50.3607
per-segment minimum non-zero probability:   1.33385e-22
per-segment maximum non-zero probability:   0.0872186
per-segment probability dynamic range (kT): 47.9295
norm = 1, error in norm = 0 (0*epsilon)
MAB binning in use
Bottleneck bin occupancy may not be accurately reported
Waiting for segments to complete...
Iteration completed successfully
Iteration wallclock: 0:26:06.132428, cputime: 0:37:25.494907


Tue Jul 26 14:38:22 2022
Iteration 150 (200 requested)
Beginning iteration 150
32 segments remain in iteration 150 (32 total)
4 of 32 (12.500000%) active bins are populated
per-bin minimum non-zero probability:       1.33385e-22
per-bin maximum probability:                0.997978
per-bin probability dynamic range (kT):     50.3668
per-segment minimum non-zero probability:   1.33385e-22
per-segment maximum non-zero probability:   0.0872186
per-segment probability dynamic range (kT): 47.9295
norm = 1, error in norm = 0 (0*epsilon)
MAB binning in use
Bottleneck bin occupancy may not be accurately reported
Waiting for segments to complete...
Iteration completed successfully
Iteration wallclock: 2:03:27.006773, cputime: 0:49:50.905971


Tue Jul 26 16:41:49 2022
Iteration 151 (200 requested)
Beginning iteration 151
32 segments remain in iteration 151 (32 total)
4 of 32 (12.500000%) active bins are populated
per-bin minimum non-zero probability:       1.33385e-22
per-bin maximum probability:                0.999747
per-bin probability dynamic range (kT):     50.3685
per-segment minimum non-zero probability:   1.33385e-22
per-segment maximum non-zero probability:   0.0872186
per-segment probability dynamic range (kT): 47.9295
norm = 1, error in norm = -1.11022e-16 (-0.5*epsilon)
MAB binning in use
Bottleneck bin occupancy may not be accurately reported
Waiting for segments to complete...
Iteration completed successfully
Iteration wallclock: 0:29:27.715318, cputime: 0:49:47.346031


Tue Jul 26 17:11:16 2022
Iteration 152 (200 requested)
Beginning iteration 152
23 segments remain in iteration 152 (23 total)
3 of 32 (9.375000%) active bins are populated
per-bin minimum non-zero probability:       1.33385e-22
per-bin maximum probability:                0.935889
per-bin probability dynamic range (kT):     50.3025
per-segment minimum non-zero probability:   1.33385e-22
per-segment maximum non-zero probability:   0.0872186
per-segment probability dynamic range (kT): 47.9295
norm = 1, error in norm = 0 (0*epsilon)
MAB binning in use
Bottleneck bin occupancy may not be accurately reported
Waiting for segments to complete...
Iteration completed successfully
Iteration wallclock: 0:21:55.953777, cputime: 0:35:48.106422


Tue Jul 26 17:33:12 2022
Iteration 153 (200 requested)
Beginning iteration 153
31 segments remain in iteration 153 (31 total)
4 of 32 (12.500000%) active bins are populated
per-bin minimum non-zero probability:       1.33385e-22
per-bin maximum probability:                0.926482
per-bin probability dynamic range (kT):     50.2924
per-segment minimum non-zero probability:   1.33385e-22
per-segment maximum non-zero probability:   0.0872186
per-segment probability dynamic range (kT): 47.9295
norm = 1, error in norm = 0 (0*epsilon)
MAB binning in use
Bottleneck bin occupancy may not be accurately reported
Waiting for segments to complete...
Iteration completed successfully
Iteration wallclock: 0:28:45.255044, cputime: 0:48:09.904481


Tue Jul 26 18:01:58 2022
Iteration 154 (200 requested)
Beginning iteration 154
24 segments remain in iteration 154 (24 total)
3 of 32 (9.375000%) active bins are populated
per-bin minimum non-zero probability:       1.33385e-22
per-bin maximum probability:                0.991812
per-bin probability dynamic range (kT):     50.3606
per-segment minimum non-zero probability:   1.33385e-22
per-segment maximum non-zero probability:   0.0872186
per-segment probability dynamic range (kT): 47.9295
norm = 1, error in norm = 0 (0*epsilon)
MAB binning in use
Bottleneck bin occupancy may not be accurately reported
Waiting for segments to complete...
Iteration completed successfully
Iteration wallclock: 0:22:04.587659, cputime: 0:37:17.385766


Tue Jul 26 18:24:02 2022
Iteration 155 (200 requested)
Beginning iteration 155
32 segments remain in iteration 155 (32 total)
4 of 32 (12.500000%) active bins are populated
per-bin minimum non-zero probability:       1.33385e-22
per-bin maximum probability:                0.997953
per-bin probability dynamic range (kT):     50.3668
per-segment minimum non-zero probability:   1.33385e-22
per-segment maximum non-zero probability:   0.0872186
per-segment probability dynamic range (kT): 47.9295
norm = 1, error in norm = 0 (0*epsilon)
MAB binning in use
Bottleneck bin occupancy may not be accurately reported
Waiting for segments to complete...
Iteration completed successfully
Iteration wallclock: 0:29:41.132223, cputime: 0:49:43.531157


Tue Jul 26 18:53:43 2022
Iteration 156 (200 requested)
Beginning iteration 156
31 segments remain in iteration 156 (31 total)
4 of 32 (12.500000%) active bins are populated
per-bin minimum non-zero probability:       1.33385e-22
per-bin maximum probability:                0.937882
per-bin probability dynamic range (kT):     50.3047
per-segment minimum non-zero probability:   1.33385e-22
per-segment maximum non-zero probability:   0.0872186
per-segment probability dynamic range (kT): 47.9295
norm = 1, error in norm = -1.11022e-16 (-0.5*epsilon)
MAB binning in use
Bottleneck bin occupancy may not be accurately reported
Waiting for segments to complete...
Iteration completed successfully
Iteration wallclock: 0:28:16.105800, cputime: 0:48:07.576768


Tue Jul 26 19:22:00 2022
Iteration 157 (200 requested)
Beginning iteration 157
31 segments remain in iteration 157 (31 total)
4 of 32 (12.500000%) active bins are populated
per-bin minimum non-zero probability:       1.33385e-22
per-bin maximum probability:                0.934716
per-bin probability dynamic range (kT):     50.3013
per-segment minimum non-zero probability:   1.33385e-22
per-segment maximum non-zero probability:   0.0872186
per-segment probability dynamic range (kT): 47.9295
norm = 1, error in norm = 2.22045e-16 (1*epsilon)
MAB binning in use
Bottleneck bin occupancy may not be accurately reported
Waiting for segments to complete...
Iteration completed successfully
Iteration wallclock: 0:28:11.766381, cputime: 0:48:00.006551


Tue Jul 26 19:50:11 2022
Iteration 158 (200 requested)
Beginning iteration 158
24 segments remain in iteration 158 (24 total)
3 of 32 (9.375000%) active bins are populated
per-bin minimum non-zero probability:       1.33385e-22
per-bin maximum probability:                0.999998
per-bin probability dynamic range (kT):     50.3688
per-segment minimum non-zero probability:   1.33385e-22
per-segment maximum non-zero probability:   0.0872186
per-segment probability dynamic range (kT): 47.9295
norm = 1, error in norm = 0 (0*epsilon)
MAB binning in use
Bottleneck bin occupancy may not be accurately reported
Waiting for segments to complete...
Iteration completed successfully
Iteration wallclock: 0:22:06.437285, cputime: 0:37:01.308104


Tue Jul 26 20:12:18 2022
Iteration 159 (200 requested)
Beginning iteration 159
24 segments remain in iteration 159 (24 total)
3 of 32 (9.375000%) active bins are populated
per-bin minimum non-zero probability:       1.33385e-22
per-bin maximum probability:                1
per-bin probability dynamic range (kT):     50.3688
per-segment minimum non-zero probability:   1.33385e-22
per-segment maximum non-zero probability:   0.0872186
per-segment probability dynamic range (kT): 47.9295
norm = 1, error in norm = 0 (0*epsilon)
MAB binning in use
Bottleneck bin occupancy may not be accurately reported
Waiting for segments to complete...
Iteration completed successfully
Iteration wallclock: 0:21:50.105166, cputime: 0:37:14.625552


Tue Jul 26 20:34:08 2022
Iteration 160 (200 requested)
Beginning iteration 160
31 segments remain in iteration 160 (31 total)
4 of 32 (12.500000%) active bins are populated
per-bin minimum non-zero probability:       1.33385e-22
per-bin maximum probability:                0.931459
per-bin probability dynamic range (kT):     50.2978
per-segment minimum non-zero probability:   1.33385e-22
per-segment maximum non-zero probability:   0.0872186
per-segment probability dynamic range (kT): 47.9295
norm = 1, error in norm = 4.44089e-16 (2*epsilon)
MAB binning in use
Bottleneck bin occupancy may not be accurately reported
Waiting for segments to complete...
Iteration completed successfully
Iteration wallclock: 0:28:29.651234, cputime: 0:48:13.109021


Tue Jul 26 21:02:37 2022
Iteration 161 (200 requested)
Beginning iteration 161
24 segments remain in iteration 161 (24 total)
3 of 32 (9.375000%) active bins are populated
per-bin minimum non-zero probability:       1.33385e-22
per-bin maximum probability:                0.991432
per-bin probability dynamic range (kT):     50.3602
per-segment minimum non-zero probability:   1.33385e-22
per-segment maximum non-zero probability:   0.0872186
per-segment probability dynamic range (kT): 47.9295
norm = 1, error in norm = 0 (0*epsilon)
MAB binning in use
Bottleneck bin occupancy may not be accurately reported
Waiting for segments to complete...
Iteration completed successfully
Iteration wallclock: 0:21:58.629238, cputime: 0:37:13.873077


Tue Jul 26 21:24:36 2022
Iteration 162 (200 requested)
Beginning iteration 162
24 segments remain in iteration 162 (24 total)
3 of 32 (9.375000%) active bins are populated
per-bin minimum non-zero probability:       1.33385e-22
per-bin maximum probability:                0.998929
per-bin probability dynamic range (kT):     50.3677
per-segment minimum non-zero probability:   1.33385e-22
per-segment maximum non-zero probability:   0.0872186
per-segment probability dynamic range (kT): 47.9295
norm = 1, error in norm = 0 (0*epsilon)
MAB binning in use
Bottleneck bin occupancy may not be accurately reported
Waiting for segments to complete...
Iteration completed successfully
Iteration wallclock: 0:25:24.015862, cputime: 0:37:20.225206


Tue Jul 26 21:50:00 2022
Iteration 163 (200 requested)
Beginning iteration 163
24 segments remain in iteration 163 (24 total)
3 of 32 (9.375000%) active bins are populated
per-bin minimum non-zero probability:       1.33385e-22
per-bin maximum probability:                0.999866
per-bin probability dynamic range (kT):     50.3687
per-segment minimum non-zero probability:   1.33385e-22
per-segment maximum non-zero probability:   0.0872186
per-segment probability dynamic range (kT): 47.9295
norm = 1, error in norm = 2.22045e-16 (1*epsilon)
MAB binning in use
Bottleneck bin occupancy may not be accurately reported
Waiting for segments to complete...
Iteration completed successfully
Iteration wallclock: 0:21:55.200660, cputime: 0:37:17.368387


Tue Jul 26 22:11:55 2022
Iteration 164 (200 requested)
Beginning iteration 164
32 segments remain in iteration 164 (32 total)
4 of 32 (12.500000%) active bins are populated
per-bin minimum non-zero probability:       1.33385e-22
per-bin maximum probability:                0.999967
per-bin probability dynamic range (kT):     50.3688
per-segment minimum non-zero probability:   1.33385e-22
per-segment maximum non-zero probability:   0.0872186
per-segment probability dynamic range (kT): 47.9295
norm = 1, error in norm = 0 (0*epsilon)
MAB binning in use
Bottleneck bin occupancy may not be accurately reported
Waiting for segments to complete...
Iteration completed successfully
Iteration wallclock: 0:32:33.897190, cputime: 0:49:51.522878


Tue Jul 26 22:44:29 2022
Iteration 165 (200 requested)
Beginning iteration 165
32 segments remain in iteration 165 (32 total)
4 of 32 (12.500000%) active bins are populated
per-bin minimum non-zero probability:       1.33385e-22
per-bin maximum probability:                0.999996
per-bin probability dynamic range (kT):     50.3688
per-segment minimum non-zero probability:   1.33385e-22
per-segment maximum non-zero probability:   0.0872186
per-segment probability dynamic range (kT): 47.9295
norm = 1, error in norm = 2.22045e-16 (1*epsilon)
MAB binning in use
Bottleneck bin occupancy may not be accurately reported
Waiting for segments to complete...
Iteration completed successfully
Iteration wallclock: 0:29:16.249357, cputime: 0:49:49.499362


Tue Jul 26 23:13:45 2022
Iteration 166 (200 requested)
Beginning iteration 166
32 segments remain in iteration 166 (32 total)
4 of 32 (12.500000%) active bins are populated
per-bin minimum non-zero probability:       1.33385e-22
per-bin maximum probability:                0.999999
per-bin probability dynamic range (kT):     50.3688
per-segment minimum non-zero probability:   1.33385e-22
per-segment maximum non-zero probability:   0.0872186
per-segment probability dynamic range (kT): 47.9295
norm = 1, error in norm = -1.11022e-16 (-0.5*epsilon)
MAB binning in use
Bottleneck bin occupancy may not be accurately reported
Waiting for segments to complete...
Iteration completed successfully
Iteration wallclock: 0:28:58.829778, cputime: 0:49:40.232841


Tue Jul 26 23:42:44 2022
Iteration 167 (200 requested)
Beginning iteration 167
24 segments remain in iteration 167 (24 total)
3 of 32 (9.375000%) active bins are populated
per-bin minimum non-zero probability:       1.33385e-22
per-bin maximum probability:                1
per-bin probability dynamic range (kT):     50.3688
per-segment minimum non-zero probability:   1.33385e-22
per-segment maximum non-zero probability:   0.0872186
per-segment probability dynamic range (kT): 47.9295
norm = 1, error in norm = 0 (0*epsilon)
MAB binning in use
Bottleneck bin occupancy may not be accurately reported
Waiting for segments to complete...
Iteration completed successfully
Iteration wallclock: 0:24:02.992296, cputime: 0:37:17.139412


Wed Jul 27 00:06:47 2022
Iteration 168 (200 requested)
Beginning iteration 168
24 segments remain in iteration 168 (24 total)
3 of 32 (9.375000%) active bins are populated
per-bin minimum non-zero probability:       1.33385e-22
per-bin maximum probability:                1
per-bin probability dynamic range (kT):     50.3688
per-segment minimum non-zero probability:   1.33385e-22
per-segment maximum non-zero probability:   0.0872186
per-segment probability dynamic range (kT): 47.9295
norm = 1, error in norm = 0 (0*epsilon)
MAB binning in use
Bottleneck bin occupancy may not be accurately reported
Waiting for segments to complete...
Iteration completed successfully
Iteration wallclock: 0:21:55.527290, cputime: 0:37:13.971648


Wed Jul 27 00:28:43 2022
Iteration 169 (200 requested)
Beginning iteration 169
32 segments remain in iteration 169 (32 total)
4 of 32 (12.500000%) active bins are populated
per-bin minimum non-zero probability:       1.33385e-22
per-bin maximum probability:                1
per-bin probability dynamic range (kT):     50.3688
per-segment minimum non-zero probability:   1.33385e-22
per-segment maximum non-zero probability:   0.0872186
per-segment probability dynamic range (kT): 47.9295
norm = 1, error in norm = 2.22045e-16 (1*epsilon)
MAB binning in use
Bottleneck bin occupancy may not be accurately reported
Waiting for segments to complete...
Iteration completed successfully
Iteration wallclock: 0:29:16.271633, cputime: 0:49:10.664477


Wed Jul 27 00:57:59 2022
Iteration 170 (200 requested)
Beginning iteration 170
32 segments remain in iteration 170 (32 total)
4 of 32 (12.500000%) active bins are populated
per-bin minimum non-zero probability:       1.33385e-22
per-bin maximum probability:                1
per-bin probability dynamic range (kT):     50.3688
per-segment minimum non-zero probability:   1.33385e-22
per-segment maximum non-zero probability:   0.0872186
per-segment probability dynamic range (kT): 47.9295
norm = 1, error in norm = 0 (0*epsilon)
MAB binning in use
Bottleneck bin occupancy may not be accurately reported
Waiting for segments to complete...
Iteration completed successfully
Iteration wallclock: 0:31:44.637009, cputime: 0:48:53.545110


Wed Jul 27 01:29:44 2022
Iteration 171 (200 requested)
Beginning iteration 171
32 segments remain in iteration 171 (32 total)
4 of 32 (12.500000%) active bins are populated
per-bin minimum non-zero probability:       1.33385e-22
per-bin maximum probability:                1
per-bin probability dynamic range (kT):     50.3688
per-segment minimum non-zero probability:   1.33385e-22
per-segment maximum non-zero probability:   0.0872186
per-segment probability dynamic range (kT): 47.9295
norm = 1, error in norm = 0 (0*epsilon)
MAB binning in use
Bottleneck bin occupancy may not be accurately reported
Waiting for segments to complete...
Iteration completed successfully
Iteration wallclock: 0:29:05.665006, cputime: 0:48:40.569740


Wed Jul 27 01:58:49 2022
Iteration 172 (200 requested)
Beginning iteration 172
24 segments remain in iteration 172 (24 total)
3 of 32 (9.375000%) active bins are populated
per-bin minimum non-zero probability:       1.33385e-22
per-bin maximum probability:                0.912781
per-bin probability dynamic range (kT):     50.2775
per-segment minimum non-zero probability:   1.33385e-22
per-segment maximum non-zero probability:   0.0872186
per-segment probability dynamic range (kT): 47.9295
norm = 1, error in norm = 0 (0*epsilon)
MAB binning in use
Bottleneck bin occupancy may not be accurately reported
Waiting for segments to complete...
Iteration completed successfully
Iteration wallclock: 0:21:40.158233, cputime: 0:36:24.231952


Wed Jul 27 02:20:30 2022
Iteration 173 (200 requested)
Beginning iteration 173
23 segments remain in iteration 173 (23 total)
3 of 32 (9.375000%) active bins are populated
per-bin minimum non-zero probability:       1.33385e-22
per-bin maximum probability:                0.912781
per-bin probability dynamic range (kT):     50.2775
per-segment minimum non-zero probability:   1.33385e-22
per-segment maximum non-zero probability:   0.0693939
per-segment probability dynamic range (kT): 47.7008
norm = 1, error in norm = -2.22045e-16 (-1*epsilon)
MAB binning in use
Bottleneck bin occupancy may not be accurately reported
Waiting for segments to complete...
Iteration completed successfully
Iteration wallclock: 0:20:47.532117, cputime: 0:34:46.974641


Wed Jul 27 02:41:17 2022
Iteration 174 (200 requested)
Beginning iteration 174
31 segments remain in iteration 174 (31 total)
4 of 32 (12.500000%) active bins are populated
per-bin minimum non-zero probability:       1.33385e-22
per-bin maximum probability:                0.919704
per-bin probability dynamic range (kT):     50.2851
per-segment minimum non-zero probability:   1.33385e-22
per-segment maximum non-zero probability:   0.0763163
per-segment probability dynamic range (kT): 47.7959
norm = 1, error in norm = 2.22045e-16 (1*epsilon)
MAB binning in use
Bottleneck bin occupancy may not be accurately reported
Waiting for segments to complete...
Iteration completed successfully
Iteration wallclock: 0:31:42.950769, cputime: 0:46:57.546712


Wed Jul 27 03:13:00 2022
Iteration 175 (200 requested)
Beginning iteration 175
30 segments remain in iteration 175 (30 total)
4 of 32 (12.500000%) active bins are populated
per-bin minimum non-zero probability:       1.33385e-22
per-bin maximum probability:                0.860544
per-bin probability dynamic range (kT):     50.2186
per-segment minimum non-zero probability:   1.33385e-22
per-segment maximum non-zero probability:   0.0802962
per-segment probability dynamic range (kT): 47.8468
norm = 1, error in norm = 2.22045e-16 (1*epsilon)
MAB binning in use
Bottleneck bin occupancy may not be accurately reported
Waiting for segments to complete...
Iteration completed successfully
Iteration wallclock: 0:26:33.961914, cputime: 0:44:54.903417


Wed Jul 27 03:39:34 2022
Iteration 176 (200 requested)
Beginning iteration 176
32 segments remain in iteration 176 (32 total)
4 of 32 (12.500000%) active bins are populated
per-bin minimum non-zero probability:       1.33385e-22
per-bin maximum probability:                0.982568
per-bin probability dynamic range (kT):     50.3512
per-segment minimum non-zero probability:   1.33385e-22
per-segment maximum non-zero probability:   0.0802962
per-segment probability dynamic range (kT): 47.8468
norm = 1, error in norm = 2.22045e-16 (1*epsilon)
MAB binning in use
Bottleneck bin occupancy may not be accurately reported
Waiting for segments to complete...
Iteration completed successfully
Iteration wallclock: 0:28:26.770727, cputime: 0:47:47.727016


Wed Jul 27 04:08:01 2022
Iteration 177 (200 requested)
Beginning iteration 177
32 segments remain in iteration 177 (32 total)
4 of 32 (12.500000%) active bins are populated
per-bin minimum non-zero probability:       1.33385e-22
per-bin maximum probability:                0.997821
per-bin probability dynamic range (kT):     50.3666
per-segment minimum non-zero probability:   1.33385e-22
per-segment maximum non-zero probability:   0.0802962
per-segment probability dynamic range (kT): 47.8468
norm = 1, error in norm = 2.22045e-16 (1*epsilon)
MAB binning in use
Bottleneck bin occupancy may not be accurately reported
Waiting for segments to complete...
Iteration completed successfully
Iteration wallclock: 0:31:07.525309, cputime: 0:47:47.030119


Wed Jul 27 04:39:08 2022
Iteration 178 (200 requested)
Beginning iteration 178
31 segments remain in iteration 178 (31 total)
4 of 32 (12.500000%) active bins are populated
per-bin minimum non-zero probability:       1.33385e-22
per-bin maximum probability:                0.93511
per-bin probability dynamic range (kT):     50.3017
per-segment minimum non-zero probability:   1.33385e-22
per-segment maximum non-zero probability:   0.0802962
per-segment probability dynamic range (kT): 47.8468
norm = 1, error in norm = 0 (0*epsilon)
MAB binning in use
Bottleneck bin occupancy may not be accurately reported
Waiting for segments to complete...
Iteration completed successfully
Iteration wallclock: 0:27:39.695910, cputime: 0:46:22.253418


Wed Jul 27 05:06:48 2022
Iteration 179 (200 requested)
Beginning iteration 179
32 segments remain in iteration 179 (32 total)
4 of 32 (12.500000%) active bins are populated
per-bin minimum non-zero probability:       1.33385e-22
per-bin maximum probability:                0.991889
per-bin probability dynamic range (kT):     50.3607
per-segment minimum non-zero probability:   1.33385e-22
per-segment maximum non-zero probability:   0.0802962
per-segment probability dynamic range (kT): 47.8468
norm = 1, error in norm = 0 (0*epsilon)
MAB binning in use
Bottleneck bin occupancy may not be accurately reported
Waiting for segments to complete...
Iteration completed successfully
Iteration wallclock: 0:28:08.365775, cputime: 0:47:50.748287


Wed Jul 27 05:34:56 2022
Iteration 180 (200 requested)
Beginning iteration 180
24 segments remain in iteration 180 (24 total)
3 of 32 (9.375000%) active bins are populated
per-bin minimum non-zero probability:       1.33385e-22
per-bin maximum probability:                0.998988
per-bin probability dynamic range (kT):     50.3678
per-segment minimum non-zero probability:   1.33385e-22
per-segment maximum non-zero probability:   0.0802962
per-segment probability dynamic range (kT): 47.8468
norm = 1, error in norm = 0 (0*epsilon)
MAB binning in use
Bottleneck bin occupancy may not be accurately reported
Waiting for segments to complete...
Iteration completed successfully
Iteration wallclock: 0:27:45.372992, cputime: 0:35:50.239546


Wed Jul 27 06:02:42 2022
Iteration 181 (200 requested)
Beginning iteration 181
32 segments remain in iteration 181 (32 total)
4 of 32 (12.500000%) active bins are populated
per-bin minimum non-zero probability:       1.33385e-22
per-bin maximum probability:                0.999747
per-bin probability dynamic range (kT):     50.3685
per-segment minimum non-zero probability:   1.33385e-22
per-segment maximum non-zero probability:   0.0802962
per-segment probability dynamic range (kT): 47.8468
norm = 1, error in norm = 0 (0*epsilon)
MAB binning in use
Bottleneck bin occupancy may not be accurately reported
Waiting for segments to complete...
Iteration completed successfully
Iteration wallclock: 0:28:21.328792, cputime: 0:47:46.087988


Wed Jul 27 06:31:03 2022
Iteration 182 (200 requested)
Beginning iteration 182
24 segments remain in iteration 182 (24 total)
3 of 32 (9.375000%) active bins are populated
per-bin minimum non-zero probability:       1.33385e-22
per-bin maximum probability:                0.999984
per-bin probability dynamic range (kT):     50.3688
per-segment minimum non-zero probability:   1.33385e-22
per-segment maximum non-zero probability:   0.0802962
per-segment probability dynamic range (kT): 47.8468
norm = 1, error in norm = 0 (0*epsilon)
MAB binning in use
Bottleneck bin occupancy may not be accurately reported
Waiting for segments to complete...
Iteration completed successfully
Iteration wallclock: 0:21:20.180906, cputime: 0:35:46.096227


Wed Jul 27 06:52:23 2022
Iteration 183 (200 requested)
Beginning iteration 183
32 segments remain in iteration 183 (32 total)
4 of 32 (12.500000%) active bins are populated
per-bin minimum non-zero probability:       1.33385e-22
per-bin maximum probability:                0.999996
per-bin probability dynamic range (kT):     50.3688
per-segment minimum non-zero probability:   1.33385e-22
per-segment maximum non-zero probability:   0.0802962
per-segment probability dynamic range (kT): 47.8468
norm = 1, error in norm = 2.22045e-16 (1*epsilon)
MAB binning in use
Bottleneck bin occupancy may not be accurately reported
Waiting for segments to complete...
Iteration completed successfully
Iteration wallclock: 0:29:53.959317, cputime: 0:47:50.399415


Wed Jul 27 07:22:17 2022
Iteration 184 (200 requested)
Beginning iteration 184
32 segments remain in iteration 184 (32 total)
4 of 32 (12.500000%) active bins are populated
per-bin minimum non-zero probability:       1.33385e-22
per-bin maximum probability:                1
per-bin probability dynamic range (kT):     50.3688
per-segment minimum non-zero probability:   1.33385e-22
per-segment maximum non-zero probability:   0.0802962
per-segment probability dynamic range (kT): 47.8468
norm = 1, error in norm = 2.22045e-16 (1*epsilon)
MAB binning in use
Bottleneck bin occupancy may not be accurately reported
Waiting for segments to complete...
Iteration completed successfully
Iteration wallclock: 0:28:12.172665, cputime: 0:47:44.884032


Wed Jul 27 07:50:29 2022
Iteration 185 (200 requested)
Beginning iteration 185
24 segments remain in iteration 185 (24 total)
3 of 32 (9.375000%) active bins are populated
per-bin minimum non-zero probability:       1.33385e-22
per-bin maximum probability:                1
per-bin probability dynamic range (kT):     50.3688
per-segment minimum non-zero probability:   1.33385e-22
per-segment maximum non-zero probability:   0.0802962
per-segment probability dynamic range (kT): 47.8468
norm = 1, error in norm = 0 (0*epsilon)
MAB binning in use
Bottleneck bin occupancy may not be accurately reported
Waiting for segments to complete...
Iteration completed successfully
Iteration wallclock: 0:22:43.436484, cputime: 0:35:49.764287


Wed Jul 27 08:13:13 2022
Iteration 186 (200 requested)
Beginning iteration 186
31 segments remain in iteration 186 (31 total)
4 of 32 (12.500000%) active bins are populated
per-bin minimum non-zero probability:       1.33385e-22
per-bin maximum probability:                0.938699
per-bin probability dynamic range (kT):     50.3055
per-segment minimum non-zero probability:   1.33385e-22
per-segment maximum non-zero probability:   0.0802962
per-segment probability dynamic range (kT): 47.8468
norm = 1, error in norm = 2.22045e-16 (1*epsilon)
MAB binning in use
Bottleneck bin occupancy may not be accurately reported
Waiting for segments to complete...
Iteration completed successfully
Iteration wallclock: 0:27:31.797300, cputime: 0:46:14.013429


Wed Jul 27 08:40:45 2022
Iteration 187 (200 requested)
Beginning iteration 187
32 segments remain in iteration 187 (32 total)
4 of 32 (12.500000%) active bins are populated
per-bin minimum non-zero probability:       1.33385e-22
per-bin maximum probability:                1
per-bin probability dynamic range (kT):     50.3688
per-segment minimum non-zero probability:   1.33385e-22
per-segment maximum non-zero probability:   0.0802962
per-segment probability dynamic range (kT): 47.8468
norm = 1, error in norm = 0 (0*epsilon)
MAB binning in use
Bottleneck bin occupancy may not be accurately reported
Waiting for segments to complete...
Iteration completed successfully
Iteration wallclock: 0:28:05.969570, cputime: 0:47:50.267819


Wed Jul 27 09:08:51 2022
Iteration 188 (200 requested)
Beginning iteration 188
24 segments remain in iteration 188 (24 total)
3 of 32 (9.375000%) active bins are populated
per-bin minimum non-zero probability:       1.33385e-22
per-bin maximum probability:                1
per-bin probability dynamic range (kT):     50.3688
per-segment minimum non-zero probability:   1.33385e-22
per-segment maximum non-zero probability:   0.0802962
per-segment probability dynamic range (kT): 47.8468
norm = 1, error in norm = 0 (0*epsilon)
MAB binning in use
Bottleneck bin occupancy may not be accurately reported
Waiting for segments to complete...
Iteration completed successfully
Iteration wallclock: 0:22:56.469342, cputime: 0:35:54.454221


Wed Jul 27 09:31:47 2022
Iteration 189 (200 requested)
Beginning iteration 189
32 segments remain in iteration 189 (32 total)
4 of 32 (12.500000%) active bins are populated
per-bin minimum non-zero probability:       1.33385e-22
per-bin maximum probability:                1
per-bin probability dynamic range (kT):     50.3688
per-segment minimum non-zero probability:   1.33385e-22
per-segment maximum non-zero probability:   0.0802962
per-segment probability dynamic range (kT): 47.8468
norm = 1, error in norm = 2.22045e-16 (1*epsilon)
MAB binning in use
Bottleneck bin occupancy may not be accurately reported
Waiting for segments to complete...
Iteration completed successfully
Iteration wallclock: 0:28:22.186551, cputime: 0:47:48.365026


Wed Jul 27 10:00:09 2022
Iteration 190 (200 requested)
Beginning iteration 190
24 segments remain in iteration 190 (24 total)
4 of 32 (12.500000%) active bins are populated
per-bin minimum non-zero probability:       1.33385e-22
per-bin maximum probability:                0.730674
per-bin probability dynamic range (kT):     50.055
per-segment minimum non-zero probability:   1.33385e-22
per-segment maximum non-zero probability:   0.0802962
per-segment probability dynamic range (kT): 47.8468
norm = 1, error in norm = 2.22045e-16 (1*epsilon)
MAB binning in use
Bottleneck bin occupancy may not be accurately reported
Waiting for segments to complete...
Iteration completed successfully
Iteration wallclock: 0:21:10.082755, cputime: 0:35:50.388300


Wed Jul 27 10:21:19 2022
Iteration 191 (200 requested)
Beginning iteration 191
30 segments remain in iteration 191 (30 total)
4 of 32 (12.500000%) active bins are populated
per-bin minimum non-zero probability:       1.33385e-22
per-bin maximum probability:                0.852896
per-bin probability dynamic range (kT):     50.2097
per-segment minimum non-zero probability:   1.33385e-22
per-segment maximum non-zero probability:   0.0707635
per-segment probability dynamic range (kT): 47.7204
norm = 1, error in norm = 2.22045e-16 (1*epsilon)
MAB binning in use
Bottleneck bin occupancy may not be accurately reported
Waiting for segments to complete...
Iteration completed successfully
Iteration wallclock: 0:26:42.904593, cputime: 0:44:46.443730


Wed Jul 27 10:48:02 2022
Iteration 192 (200 requested)
Beginning iteration 192
32 segments remain in iteration 192 (32 total)
4 of 32 (12.500000%) active bins are populated
per-bin minimum non-zero probability:       1.33385e-22
per-bin maximum probability:                0.983298
per-bin probability dynamic range (kT):     50.352
per-segment minimum non-zero probability:   1.33385e-22
per-segment maximum non-zero probability:   0.071671
per-segment probability dynamic range (kT): 47.7331
norm = 1, error in norm = 0 (0*epsilon)
MAB binning in use
Bottleneck bin occupancy may not be accurately reported
Waiting for segments to complete...
Iteration completed successfully
Iteration wallclock: 0:28:13.742149, cputime: 0:47:51.094013


Wed Jul 27 11:16:16 2022
Iteration 193 (200 requested)
Beginning iteration 193
24 segments remain in iteration 193 (24 total)
3 of 32 (9.375000%) active bins are populated
per-bin minimum non-zero probability:       1.33385e-22
per-bin maximum probability:                0.998956
per-bin probability dynamic range (kT):     50.3678
per-segment minimum non-zero probability:   1.33385e-22
per-segment maximum non-zero probability:   0.0758409
per-segment probability dynamic range (kT): 47.7897
norm = 1, error in norm = 0 (0*epsilon)
MAB binning in use
Bottleneck bin occupancy may not be accurately reported
Waiting for segments to complete...
Iteration completed successfully
Iteration wallclock: 0:21:08.573277, cputime: 0:35:51.161232


Wed Jul 27 11:37:25 2022
Iteration 194 (200 requested)
Beginning iteration 194
23 segments remain in iteration 194 (23 total)
4 of 32 (12.500000%) active bins are populated
per-bin minimum non-zero probability:       1.33385e-22
per-bin maximum probability:                0.857566
per-bin probability dynamic range (kT):     50.2151
per-segment minimum non-zero probability:   1.33385e-22
per-segment maximum non-zero probability:   0.0758409
per-segment probability dynamic range (kT): 47.7897
norm = 1, error in norm = 0 (0*epsilon)
MAB binning in use
Bottleneck bin occupancy may not be accurately reported
Waiting for segments to complete...
Iteration completed successfully
Iteration wallclock: 0:20:55.287400, cputime: 0:34:25.509804


Wed Jul 27 11:58:20 2022
Iteration 195 (200 requested)
Beginning iteration 195
32 segments remain in iteration 195 (32 total)
4 of 32 (12.500000%) active bins are populated
per-bin minimum non-zero probability:       1.33385e-22
per-bin maximum probability:                0.982196
per-bin probability dynamic range (kT):     50.3508
per-segment minimum non-zero probability:   1.33385e-22
per-segment maximum non-zero probability:   0.0758409
per-segment probability dynamic range (kT): 47.7897
norm = 1, error in norm = 2.22045e-16 (1*epsilon)
MAB binning in use
Bottleneck bin occupancy may not be accurately reported
Waiting for segments to complete...
Iteration completed successfully
Iteration wallclock: 0:28:01.383878, cputime: 0:47:53.942294


Wed Jul 27 12:26:21 2022
Iteration 196 (200 requested)
Beginning iteration 196
32 segments remain in iteration 196 (32 total)
4 of 32 (12.500000%) active bins are populated
per-bin minimum non-zero probability:       1.33385e-22
per-bin maximum probability:                0.997774
per-bin probability dynamic range (kT):     50.3666
per-segment minimum non-zero probability:   1.33385e-22
per-segment maximum non-zero probability:   0.0758409
per-segment probability dynamic range (kT): 47.7897
norm = 1, error in norm = 0 (0*epsilon)
MAB binning in use
Bottleneck bin occupancy may not be accurately reported
Waiting for segments to complete...
Iteration completed successfully
Iteration wallclock: 0:28:15.011891, cputime: 0:47:52.217005


Wed Jul 27 12:54:36 2022
Iteration 197 (200 requested)
Beginning iteration 197
32 segments remain in iteration 197 (32 total)
4 of 32 (12.500000%) active bins are populated
per-bin minimum non-zero probability:       1.33385e-22
per-bin maximum probability:                0.999722
per-bin probability dynamic range (kT):     50.3685
per-segment minimum non-zero probability:   1.33385e-22
per-segment maximum non-zero probability:   0.0758409
per-segment probability dynamic range (kT): 47.7897
norm = 1, error in norm = 0 (0*epsilon)
MAB binning in use
Bottleneck bin occupancy may not be accurately reported
Waiting for segments to complete...
Iteration completed successfully
Iteration wallclock: 0:28:17.504495, cputime: 0:47:49.028857


Wed Jul 27 13:22:54 2022
Iteration 198 (200 requested)
Beginning iteration 198
24 segments remain in iteration 198 (24 total)
3 of 32 (9.375000%) active bins are populated
per-bin minimum non-zero probability:       1.33385e-22
per-bin maximum probability:                0.999983
per-bin probability dynamic range (kT):     50.3688
per-segment minimum non-zero probability:   1.33385e-22
per-segment maximum non-zero probability:   0.0758409
per-segment probability dynamic range (kT): 47.7897
norm = 1, error in norm = 0 (0*epsilon)
MAB binning in use
Bottleneck bin occupancy may not be accurately reported
Waiting for segments to complete...
Iteration completed successfully
Iteration wallclock: 0:21:12.513840, cputime: 0:35:54.789084


Wed Jul 27 13:44:06 2022
Iteration 199 (200 requested)
Beginning iteration 199
32 segments remain in iteration 199 (32 total)
4 of 32 (12.500000%) active bins are populated
per-bin minimum non-zero probability:       1.33385e-22
per-bin maximum probability:                0.999996
per-bin probability dynamic range (kT):     50.3688
per-segment minimum non-zero probability:   1.33385e-22
per-segment maximum non-zero probability:   0.0758409
per-segment probability dynamic range (kT): 47.7897
norm = 1, error in norm = 2.22045e-16 (1*epsilon)
MAB binning in use
Bottleneck bin occupancy may not be accurately reported
Waiting for segments to complete...
Iteration completed successfully
Iteration wallclock: 0:28:33.603204, cputime: 0:47:47.467979


Wed Jul 27 14:12:40 2022
Iteration 200 (200 requested)
Beginning iteration 200
32 segments remain in iteration 200 (32 total)
4 of 32 (12.500000%) active bins are populated
per-bin minimum non-zero probability:       1.33385e-22
per-bin maximum probability:                0.999999
per-bin probability dynamic range (kT):     50.3688
per-segment minimum non-zero probability:   1.33385e-22
per-segment maximum non-zero probability:   0.0758409
per-segment probability dynamic range (kT): 47.7897
norm = 1, error in norm = 0 (0*epsilon)
MAB binning in use
Bottleneck bin occupancy may not be accurately reported
Waiting for segments to complete...
Iteration completed successfully
Iteration wallclock: 0:28:23.648023, cputime: 0:47:51.918916


Wed Jul 27 14:41:04 2022
WEST run complete.
