Updating system with the options from the configuration file
Maximum wallclock time: 2 days, 0:00:00

Mon Jul 25 10:25:25 2022
Iteration 100 (200 requested)
Beginning iteration 100
30 segments remain in iteration 100 (30 total)
3 of 32 (9.375000%) active bins are populated
per-bin minimum non-zero probability:       2.79729e-16
per-bin maximum probability:                0.93153
per-bin probability dynamic range (kT):     35.7418
per-segment minimum non-zero probability:   3.49661e-17
per-segment maximum non-zero probability:   0.0872186
per-segment probability dynamic range (kT): 35.4528
norm = 1, error in norm = 2.22045e-16 (1*epsilon)
MAB binning in use
Bottleneck bin occupancy may not be accurately reported
Waiting for segments to complete...
-- ERROR    [westpa.work_managers.zeromq.core.ZMQWorkManager.2e413832-e210-4f78-b78c-459d77e37236] -- startup phase elapsed with no contact from workers; shutting down
exception caught; shutting down
-- ERROR    [w_run] -- error message: no workers available
-- ERROR    [w_run] -- Traceback (most recent call last):
  File "/jet/home/dyang4/Apps/westpa/src/westpa/cli/core/w_run.py", line 62, in run_simulation
    sim_manager.run()
  File "/jet/home/dyang4/Apps/westpa/src/westpa/core/sim_manager.py", line 746, in run
    self.prepare_iteration()
  File "/jet/home/dyang4/Apps/westpa/src/westpa/core/binning/mab_manager.py", line 172, in prepare_iteration
    self.work_manager.submit(wm_ops.prep_iter, args=(self.n_iter, segments)).get_result()
  File "/jet/home/dyang4/Apps/westpa/src/westpa/work_managers/core.py", line 343, in get_result
    raise self._exception.with_traceback(self._traceback)
westpa.work_managers.zeromq.core.ZMQWorkerMissing: no workers available

