MPI startup(): PMI server not found. Please set I_MPI_PMI_LIBRARY variable if it is not a singleton case.
-- INFO     [westpa.rc] -- loading system driver 'westpa.core.systems.WESTSystem'
-- INFO     [westpa.rc] -- Loading system options from configuration file
Updating system with the options from the configuration file
-- INFO     [westpa.rc] -- Overwriting system option: pcoord_ndim
-- INFO     [westpa.rc] -- Overwriting system option: pcoord_len
-- INFO     [westpa.rc] -- Overwriting system option: pcoord_dtype
-- INFO     [westpa.rc] -- Overwriting system option: bin_mapper
-- INFO     [westpa.rc] -- Overwriting system option: bin_target_counts
-- INFO     [westpa.core.we_driver] -- Adjust counts to exactly match target_counts: True
-- INFO     [westpa.core.we_driver] -- Obey abolute weight thresholds: True
-- INFO     [westpa.core.we_driver] -- Split threshold: 2.0
-- INFO     [westpa.core.we_driver] -- Merge cutoff: 1.0
-- INFO     [westpa.core.we_driver] -- Largest allowed weight: 1.0
-- INFO     [westpa.core.we_driver] -- Smallest allowed_weight: 1e-310
Maximum wallclock time: 2 days, 0:00:00

Fri Dec 15 13:39:00 2023
Iteration 1 (500 requested)
Beginning iteration 1
3 segments remain in iteration 1 (3 total)
1 of 111 (0.900901%) active bins are populated
per-bin minimum non-zero probability:       1
per-bin maximum probability:                1
per-bin probability dynamic range (kT):     0
per-segment minimum non-zero probability:   0.325
per-segment maximum non-zero probability:   0.35
per-segment probability dynamic range (kT): 0.074108
norm = 1, error in norm = 0 (0*epsilon)
MAB binning in use
Bottleneck bin occupancy may not be accurately reported
Waiting for segments to complete...
Iteration completed successfully
Iteration wallclock: 0:02:51.079312, cputime: 0:02:40.310900


Fri Dec 15 13:41:51 2023
Iteration 2 (500 requested)
Beginning iteration 2
9 segments remain in iteration 2 (9 total)
3 of 111 (2.702703%) active bins are populated
per-bin minimum non-zero probability:       0.325
per-bin maximum probability:                0.35
per-bin probability dynamic range (kT):     0.074108
per-segment minimum non-zero probability:   0.108333
per-segment maximum non-zero probability:   0.116667
per-segment probability dynamic range (kT): 0.074108
norm = 1, error in norm = 2.22045e-16 (1*epsilon)
MAB binning in use
Bottleneck bin occupancy may not be accurately reported
Waiting for segments to complete...
Iteration completed successfully
Iteration wallclock: 0:02:15.841086, cputime: 0:08:30.798988


Fri Dec 15 13:44:07 2023
Iteration 3 (500 requested)
Beginning iteration 3
21 segments remain in iteration 3 (21 total)
7 of 111 (6.306306%) active bins are populated
per-bin minimum non-zero probability:       0.108333
per-bin maximum probability:                0.216667
per-bin probability dynamic range (kT):     0.693147
per-segment minimum non-zero probability:   0.0361111
per-segment maximum non-zero probability:   0.108333
per-segment probability dynamic range (kT): 1.09861
norm = 1, error in norm = 0 (0*epsilon)
MAB binning in use
Bottleneck bin occupancy may not be accurately reported
Waiting for segments to complete...
Iteration completed successfully
Iteration wallclock: 0:04:27.593748, cputime: 0:20:03.170241


Fri Dec 15 13:48:35 2023
Iteration 4 (500 requested)
Beginning iteration 4
27 segments remain in iteration 4 (27 total)
9 of 111 (8.108108%) active bins are populated
per-bin minimum non-zero probability:       0.0361111
per-bin maximum probability:                0.384722
per-bin probability dynamic range (kT):     2.36592
per-segment minimum non-zero probability:   0.012037
per-segment maximum non-zero probability:   0.1625
per-segment probability dynamic range (kT): 2.60269
norm = 1, error in norm = 0 (0*epsilon)
MAB binning in use
Bottleneck bin occupancy may not be accurately reported
Waiting for segments to complete...
Iteration completed successfully
Iteration wallclock: 0:05:35.313251, cputime: 0:25:51.992960


Fri Dec 15 13:54:10 2023
Iteration 5 (500 requested)
Beginning iteration 5
30 segments remain in iteration 5 (30 total)
8 of 111 (7.207207%) active bins are populated
per-bin minimum non-zero probability:       0.012037
per-bin maximum probability:                0.2625
per-bin probability dynamic range (kT):     3.08226
per-segment minimum non-zero probability:   0.00401235
per-segment maximum non-zero probability:   0.1625
per-segment probability dynamic range (kT): 3.7013
norm = 1, error in norm = 2.22045e-16 (1*epsilon)
MAB binning in use
Bottleneck bin occupancy may not be accurately reported
Waiting for segments to complete...
Iteration completed successfully
Iteration wallclock: 0:05:55.552158, cputime: 0:28:35.251072


Fri Dec 15 14:00:06 2023
Iteration 6 (500 requested)
Beginning iteration 6
36 segments remain in iteration 6 (36 total)
10 of 111 (9.009009%) active bins are populated
per-bin minimum non-zero probability:       0.012037
per-bin maximum probability:                0.38642
per-bin probability dynamic range (kT):     3.46894
per-segment minimum non-zero probability:   0.00401235
per-segment maximum non-zero probability:   0.1625
per-segment probability dynamic range (kT): 3.7013
norm = 1, error in norm = -1.11022e-16 (-0.5*epsilon)
MAB binning in use
Bottleneck bin occupancy may not be accurately reported
Waiting for segments to complete...
Iteration completed successfully
Iteration wallclock: 0:06:53.772255, cputime: 0:34:25.700788


Fri Dec 15 14:07:00 2023
Iteration 7 (500 requested)
Beginning iteration 7
33 segments remain in iteration 7 (33 total)
11 of 111 (9.909910%) active bins are populated
per-bin minimum non-zero probability:       0.012037
per-bin maximum probability:                0.291049
per-bin probability dynamic range (kT):     3.1855
per-segment minimum non-zero probability:   0.00401235
per-segment maximum non-zero probability:   0.140586
per-segment probability dynamic range (kT): 3.55645
norm = 1, error in norm = 2.22045e-16 (1*epsilon)
MAB binning in use
Bottleneck bin occupancy may not be accurately reported
Waiting for segments to complete...
Iteration completed successfully
Iteration wallclock: 0:06:57.276236, cputime: 0:31:44.486070


Fri Dec 15 14:13:57 2023
Iteration 8 (500 requested)
Beginning iteration 8
30 segments remain in iteration 8 (30 total)
10 of 111 (9.009009%) active bins are populated
per-bin minimum non-zero probability:       0.00401235
per-bin maximum probability:                0.279012
per-bin probability dynamic range (kT):     4.24188
per-segment minimum non-zero probability:   0.00133745
per-segment maximum non-zero probability:   0.140586
per-segment probability dynamic range (kT): 4.65506
norm = 1, error in norm = 0 (0*epsilon)
MAB binning in use
Bottleneck bin occupancy may not be accurately reported
Waiting for segments to complete...
Iteration completed successfully
Iteration wallclock: 0:05:58.211133, cputime: 0:28:33.884746


Fri Dec 15 14:19:55 2023
Iteration 9 (500 requested)
Beginning iteration 9
30 segments remain in iteration 9 (30 total)
10 of 111 (9.009009%) active bins are populated
per-bin minimum non-zero probability:       0.00133745
per-bin maximum probability:                0.33534
per-bin probability dynamic range (kT):     5.52438
per-segment minimum non-zero probability:   0.000445816
per-segment maximum non-zero probability:   0.140586
per-segment probability dynamic range (kT): 5.75367
norm = 1, error in norm = 2.22045e-16 (1*epsilon)
MAB binning in use
Bottleneck bin occupancy may not be accurately reported
Waiting for segments to complete...
Iteration completed successfully
Iteration wallclock: 0:05:52.409819, cputime: 0:28:34.372970


Fri Dec 15 14:25:48 2023
Iteration 10 (500 requested)
Beginning iteration 10
30 segments remain in iteration 10 (30 total)
10 of 111 (9.009009%) active bins are populated
per-bin minimum non-zero probability:       0.00312071
per-bin maximum probability:                0.247136
per-bin probability dynamic range (kT):     4.37188
per-segment minimum non-zero probability:   0.000445816
per-segment maximum non-zero probability:   0.140586
per-segment probability dynamic range (kT): 5.75367
norm = 1, error in norm = 2.22045e-16 (1*epsilon)
MAB binning in use
Bottleneck bin occupancy may not be accurately reported
Waiting for segments to complete...
Iteration completed successfully
Iteration wallclock: 0:05:56.792263, cputime: 0:28:40.001268


Fri Dec 15 14:31:45 2023
Iteration 11 (500 requested)
Beginning iteration 11
30 segments remain in iteration 11 (30 total)
11 of 111 (9.909910%) active bins are populated
per-bin minimum non-zero probability:       0.00601852
per-bin maximum probability:                0.254973
per-bin probability dynamic range (kT):     3.74631
per-segment minimum non-zero probability:   0.00200617
per-segment maximum non-zero probability:   0.140586
per-segment probability dynamic range (kT): 4.24959
norm = 1, error in norm = 0 (0*epsilon)
MAB binning in use
Bottleneck bin occupancy may not be accurately reported
Waiting for segments to complete...
Iteration completed successfully
Iteration wallclock: 0:05:55.718344, cputime: 0:28:38.066530


Fri Dec 15 14:37:40 2023
Iteration 12 (500 requested)
Beginning iteration 12
30 segments remain in iteration 12 (30 total)
9 of 111 (8.108108%) active bins are populated
per-bin minimum non-zero probability:       0.00200617
per-bin maximum probability:                0.326166
per-bin probability dynamic range (kT):     5.09118
per-segment minimum non-zero probability:   0.000668724
per-segment maximum non-zero probability:   0.140586
per-segment probability dynamic range (kT): 5.34821
norm = 1, error in norm = 2.22045e-16 (1*epsilon)
MAB binning in use
Bottleneck bin occupancy may not be accurately reported
Waiting for segments to complete...
Iteration completed successfully
Iteration wallclock: 0:05:58.555852, cputime: 0:28:39.317646


Fri Dec 15 14:43:39 2023
Iteration 13 (500 requested)
Beginning iteration 13
27 segments remain in iteration 13 (27 total)
9 of 111 (8.108108%) active bins are populated
per-bin minimum non-zero probability:       0.000668724
per-bin maximum probability:                0.299846
per-bin probability dynamic range (kT):     6.10565
per-segment minimum non-zero probability:   0.000222908
per-segment maximum non-zero probability:   0.236746
per-segment probability dynamic range (kT): 6.96798
norm = 1, error in norm = 0 (0*epsilon)
MAB binning in use
Bottleneck bin occupancy may not be accurately reported
Waiting for segments to complete...
Iteration completed successfully
Iteration wallclock: 0:05:33.984214, cputime: 0:25:53.897104


Fri Dec 15 14:49:13 2023
Iteration 14 (500 requested)
Beginning iteration 14
30 segments remain in iteration 14 (30 total)
10 of 111 (9.009009%) active bins are populated
per-bin minimum non-zero probability:       0.000222908
per-bin maximum probability:                0.329658
per-bin probability dynamic range (kT):     7.29905
per-segment minimum non-zero probability:   7.43027e-05
per-segment maximum non-zero probability:   0.151235
per-segment probability dynamic range (kT): 7.61844
norm = 1, error in norm = 2.22045e-16 (1*epsilon)
MAB binning in use
Bottleneck bin occupancy may not be accurately reported
Waiting for segments to complete...
Iteration completed successfully
Iteration wallclock: 0:05:54.884381, cputime: 0:28:35.376347


Fri Dec 15 14:55:08 2023
Iteration 15 (500 requested)
Beginning iteration 15
33 segments remain in iteration 15 (33 total)
10 of 111 (9.009009%) active bins are populated
per-bin minimum non-zero probability:       7.43027e-05
per-bin maximum probability:                0.298417
per-bin probability dynamic range (kT):     8.2981
per-segment minimum non-zero probability:   2.47676e-05
per-segment maximum non-zero probability:   0.151235
per-segment probability dynamic range (kT): 8.71705
norm = 1, error in norm = 0 (0*epsilon)
MAB binning in use
Bottleneck bin occupancy may not be accurately reported
Waiting for segments to complete...
Iteration completed successfully
Iteration wallclock: 0:06:51.135496, cputime: 0:31:38.479995


Fri Dec 15 15:01:59 2023
Iteration 16 (500 requested)
Beginning iteration 16
30 segments remain in iteration 16 (30 total)
10 of 111 (9.009009%) active bins are populated
per-bin minimum non-zero probability:       2.47676e-05
per-bin maximum probability:                0.367394
per-bin probability dynamic range (kT):     9.60465
per-segment minimum non-zero probability:   8.25586e-06
per-segment maximum non-zero probability:   0.169857
per-segment probability dynamic range (kT): 9.93179
norm = 1, error in norm = 2.22045e-16 (1*epsilon)
MAB binning in use
Bottleneck bin occupancy may not be accurately reported
Waiting for segments to complete...
Iteration completed successfully
Iteration wallclock: 0:05:51.815051, cputime: 0:28:37.618788


Fri Dec 15 15:07:51 2023
Iteration 17 (500 requested)
Beginning iteration 17
33 segments remain in iteration 17 (33 total)
11 of 111 (9.909910%) active bins are populated
per-bin minimum non-zero probability:       8.25586e-06
per-bin maximum probability:                0.357075
per-bin probability dynamic range (kT):     10.6748
per-segment minimum non-zero probability:   2.75195e-06
per-segment maximum non-zero probability:   0.151235
per-segment probability dynamic range (kT): 10.9143
norm = 1, error in norm = 0 (0*epsilon)
MAB binning in use
Bottleneck bin occupancy may not be accurately reported
Waiting for segments to complete...
Iteration completed successfully
Iteration wallclock: 0:06:53.423179, cputime: 0:31:43.461903


Fri Dec 15 15:14:44 2023
Iteration 18 (500 requested)
Beginning iteration 18
30 segments remain in iteration 18 (30 total)
9 of 111 (8.108108%) active bins are populated
per-bin minimum non-zero probability:       2.75195e-06
per-bin maximum probability:                0.337137
per-bin probability dynamic range (kT):     11.7159
per-segment minimum non-zero probability:   9.17317e-07
per-segment maximum non-zero probability:   0.122903
per-segment probability dynamic range (kT): 11.8055
norm = 1, error in norm = 2.22045e-16 (1*epsilon)
MAB binning in use
Bottleneck bin occupancy may not be accurately reported
Waiting for segments to complete...
Iteration completed successfully
Iteration wallclock: 0:05:57.248750, cputime: 0:28:42.184824


Fri Dec 15 15:20:42 2023
Iteration 19 (500 requested)
Beginning iteration 19
30 segments remain in iteration 19 (30 total)
10 of 111 (9.009009%) active bins are populated
per-bin minimum non-zero probability:       9.17317e-07
per-bin maximum probability:                0.303896
per-bin probability dynamic range (kT):     12.7107
per-segment minimum non-zero probability:   3.05772e-07
per-segment maximum non-zero probability:   0.132368
per-segment probability dynamic range (kT): 12.9783
norm = 1, error in norm = 0 (0*epsilon)
MAB binning in use
Bottleneck bin occupancy may not be accurately reported
Waiting for segments to complete...
Iteration completed successfully
Iteration wallclock: 0:05:53.558552, cputime: 0:28:36.999665


Fri Dec 15 15:26:35 2023
Iteration 20 (500 requested)
Beginning iteration 20
30 segments remain in iteration 20 (30 total)
11 of 111 (9.909910%) active bins are populated
per-bin minimum non-zero probability:       6.83833e-05
per-bin maximum probability:                0.392934
per-bin probability dynamic range (kT):     8.65627
per-segment minimum non-zero probability:   2.27944e-05
per-segment maximum non-zero probability:   0.137663
per-segment probability dynamic range (kT): 8.70605
norm = 1, error in norm = -1.11022e-16 (-0.5*epsilon)
MAB binning in use
Bottleneck bin occupancy may not be accurately reported
Waiting for segments to complete...
Iteration completed successfully
Iteration wallclock: 0:06:04.262248, cputime: 0:28:34.764685


Fri Dec 15 15:32:40 2023
Iteration 21 (500 requested)
Beginning iteration 21
30 segments remain in iteration 21 (30 total)
9 of 111 (8.108108%) active bins are populated
per-bin minimum non-zero probability:       2.27944e-05
per-bin maximum probability:                0.291826
per-bin probability dynamic range (kT):     9.4574
per-segment minimum non-zero probability:   7.59814e-06
per-segment maximum non-zero probability:   0.163504
per-segment probability dynamic range (kT): 9.97669
norm = 1, error in norm = 0 (0*epsilon)
MAB binning in use
Bottleneck bin occupancy may not be accurately reported
Waiting for segments to complete...
Iteration completed successfully
Iteration wallclock: 0:06:09.276070, cputime: 0:28:34.451753


Fri Dec 15 15:38:49 2023
Iteration 22 (500 requested)
Beginning iteration 22
30 segments remain in iteration 22 (30 total)
10 of 111 (9.009009%) active bins are populated
per-bin minimum non-zero probability:       0.000557705
per-bin maximum probability:                0.406221
per-bin probability dynamic range (kT):     6.59082
per-segment minimum non-zero probability:   0.000185902
per-segment maximum non-zero probability:   0.168806
per-segment probability dynamic range (kT): 6.81129
norm = 1, error in norm = 0 (0*epsilon)
MAB binning in use
Bottleneck bin occupancy may not be accurately reported
Waiting for segments to complete...
Iteration completed successfully
Iteration wallclock: 0:06:13.300829, cputime: 0:28:47.068877


Fri Dec 15 15:45:02 2023
Iteration 23 (500 requested)
Beginning iteration 23
30 segments remain in iteration 23 (30 total)
11 of 111 (9.909910%) active bins are populated
per-bin minimum non-zero probability:       0.000185902
per-bin maximum probability:                0.620511
per-bin probability dynamic range (kT):     8.11308
per-segment minimum non-zero probability:   6.19673e-05
per-segment maximum non-zero probability:   0.291916
per-segment probability dynamic range (kT): 8.45761
norm = 1, error in norm = 2.22045e-16 (1*epsilon)
MAB binning in use
Bottleneck bin occupancy may not be accurately reported
Waiting for segments to complete...
