+ cd /ocean/projects/mcb180038p/atb43/eg5/eg5_holo_test
+ source env.sh
++ conda activate westpa2

CommandNotFoundError: Your shell has not been properly configured to use 'conda activate'.
To initialize your shell, run

    $ conda init <SHELL_NAME>

Currently supported shells are:
  - bash
  - fish
  - tcsh
  - xonsh
  - zsh
  - powershell

See 'conda init --help' for more information and options.

IMPORTANT: You may need to close and restart your shell after running 'conda init'.


++ module load cuda/10.2.0
+++ /usr/share/lmod/lmod/libexec/lmod bash load cuda/10.2.0
++ eval '__LMOD_REF_COUNT_CMAKE_PREFIX_PATH=/jet/packages/spack/opt/spack/linux-centos8-zen/gcc-8.3.1/cuda-10.2.89-kz7u4ix6ed53nioz4ycqin3kujcim3bs:1;' export '__LMOD_REF_COUNT_CMAKE_PREFIX_PATH;' 'CMAKE_PREFIX_PATH=/jet/packages/spack/opt/spack/linux-centos8-zen/gcc-8.3.1/cuda-10.2.89-kz7u4ix6ed53nioz4ycqin3kujcim3bs;' export 'CMAKE_PREFIX_PATH;' '__LMOD_REF_COUNT_CPLUS_INCLUDE_PATH=/jet/packages/spack/opt/spack/linux-centos8-zen/gcc-8.3.1/cuda-10.2.89-kz7u4ix6ed53nioz4ycqin3kujcim3bs/include:1;' export '__LMOD_REF_COUNT_CPLUS_INCLUDE_PATH;' 'CPLUS_INCLUDE_PATH=/jet/packages/spack/opt/spack/linux-centos8-zen/gcc-8.3.1/cuda-10.2.89-kz7u4ix6ed53nioz4ycqin3kujcim3bs/include;' export 'CPLUS_INCLUDE_PATH;' 'CUDA_HOME=/jet/packages/spack/opt/spack/linux-centos8-zen/gcc-8.3.1/cuda-10.2.89-kz7u4ix6ed53nioz4ycqin3kujcim3bs;' export 'CUDA_HOME;' '__LMOD_REF_COUNT_C_INCLUDE_PATH=/jet/packages/spack/opt/spack/linux-centos8-zen/gcc-8.3.1/cuda-10.2.89-kz7u4ix6ed53nioz4ycqin3kujcim3bs/include:1;' export '__LMOD_REF_COUNT_C_INCLUDE_PATH;' 'C_INCLUDE_PATH=/jet/packages/spack/opt/spack/linux-centos8-zen/gcc-8.3.1/cuda-10.2.89-kz7u4ix6ed53nioz4ycqin3kujcim3bs/include;' export 'C_INCLUDE_PATH;' '__LMOD_REF_COUNT_INCLUDE=/jet/packages/spack/opt/spack/linux-centos8-zen/gcc-8.3.1/cuda-10.2.89-kz7u4ix6ed53nioz4ycqin3kujcim3bs/include:1;' export '__LMOD_REF_COUNT_INCLUDE;' 'INCLUDE=/jet/packages/spack/opt/spack/linux-centos8-zen/gcc-8.3.1/cuda-10.2.89-kz7u4ix6ed53nioz4ycqin3kujcim3bs/include;' export 'INCLUDE;' '__LMOD_REF_COUNT_LD_LIBRARY_PATH=/jet/packages/spack/opt/spack/linux-centos8-zen/gcc-8.3.1/cuda-10.2.89-kz7u4ix6ed53nioz4ycqin3kujcim3bs/lib64:1\;/ocean/projects/mcb180038p/jml230/amber18/lib:1;' export '__LMOD_REF_COUNT_LD_LIBRARY_PATH;' 'LD_LIBRARY_PATH=/jet/packages/spack/opt/spack/linux-centos8-zen/gcc-8.3.1/cuda-10.2.89-kz7u4ix6ed53nioz4ycqin3kujcim3bs/lib64:/ocean/projects/mcb180038p/jml230/amber18/lib;' export 'LD_LIBRARY_PATH;' '__LMOD_REF_COUNT_LIBRARY_PATH=/jet/packages/spack/opt/spack/linux-centos8-zen/gcc-8.3.1/cuda-10.2.89-kz7u4ix6ed53nioz4ycqin3kujcim3bs/lib64:1;' export '__LMOD_REF_COUNT_LIBRARY_PATH;' 'LIBRARY_PATH=/jet/packages/spack/opt/spack/linux-centos8-zen/gcc-8.3.1/cuda-10.2.89-kz7u4ix6ed53nioz4ycqin3kujcim3bs/lib64;' export 'LIBRARY_PATH;' '__LMOD_REF_COUNT_LOADEDMODULES=allocations/1.0:1\;cuda/10.2.0:1;' export '__LMOD_REF_COUNT_LOADEDMODULES;' 'LOADEDMODULES=allocations/1.0:cuda/10.2.0;' export 'LOADEDMODULES;' 'MODULEPATH=/opt/modulefiles/production:/opt/modulefiles/preproduction:/opt/modulefiles/deprecated:/usr/share/modulefiles:/usr/share/modulefiles/Linux:/usr/share/modulefiles/Core:/usr/share/lmod/lmod/modulefiles/Core;' export 'MODULEPATH;' '__LMOD_REF_COUNT_PATH=/jet/packages/spack/opt/spack/linux-centos8-zen/gcc-8.3.1/cuda-10.2.89-kz7u4ix6ed53nioz4ycqin3kujcim3bs/bin:1\;/ocean/projects/mcb180038p/atb43/apps/anaconda3/bin:1\;/ocean/projects/mcb180038p/atb43/apps/anaconda3/condabin:1\;/jet/home/atb43/.local/bin:1\;/jet/home/atb43/bin:1\;/ocean/projects/mcb180038p/jml230/amber18/bin:1\;/opt/packages/allocations/bin:1\;/usr/local/bin:1\;/usr/bin:1\;/usr/local/sbin:1\;/usr/sbin:1\;/bin:1\;/opt/packages/interact/bin:1\;/opt/puppetlabs/bin:1;' export '__LMOD_REF_COUNT_PATH;' 'PATH=/jet/packages/spack/opt/spack/linux-centos8-zen/gcc-8.3.1/cuda-10.2.89-kz7u4ix6ed53nioz4ycqin3kujcim3bs/bin:/ocean/projects/mcb180038p/atb43/apps/anaconda3/bin:/ocean/projects/mcb180038p/atb43/apps/anaconda3/condabin:/jet/home/atb43/.local/bin:/jet/home/atb43/bin:/ocean/projects/mcb180038p/jml230/amber18/bin:/opt/packages/allocations/bin:/usr/local/bin:/usr/bin:/usr/local/sbin:/usr/sbin:/bin:/opt/packages/interact/bin:/opt/puppetlabs/bin;' export 'PATH;' '__LMOD_REF_COUNT__LMFILES_=/opt/modulefiles/production/allocations/1.0.lua:1\;/opt/modulefiles/production/cuda/10.2.0.lua:1;' export '__LMOD_REF_COUNT__LMFILES_;' '_LMFILES_=/opt/modulefiles/production/allocations/1.0.lua:/opt/modulefiles/production/cuda/10.2.0.lua;' export '_LMFILES_;' '_ModuleTable001_=X01vZHVsZVRhYmxlXz17WyJNVHZlcnNpb24iXT0zLFsiY19yZWJ1aWxkVGltZSJdPWZhbHNlLFsiY19zaG9ydFRpbWUiXT1mYWxzZSxkZXB0aFQ9e30sZmFtaWx5PXt9LG1UPXthbGxvY2F0aW9ucz17WyJmbiJdPSIvb3B0L21vZHVsZWZpbGVzL3Byb2R1Y3Rpb24vYWxsb2NhdGlvbnMvMS4wLmx1YSIsWyJmdWxsTmFtZSJdPSJhbGxvY2F0aW9ucy8xLjAiLFsibG9hZE9yZGVyIl09MSxwcm9wVD17fSxbInN0YWNrRGVwdGgiXT0wLFsic3RhdHVzIl09ImFjdGl2ZSIsWyJ1c2VyTmFtZSJdPSJhbGxvY2F0aW9ucyIsfSxjdWRhPXtbImZuIl09Ii9vcHQvbW9kdWxlZmlsZXMvcHJvZHVjdGlvbi9jdWRhLzEwLjIuMC5sdWEiLFsiZnVsbE5hbWUiXT0iY3VkYS8xMC4yLjAiLFsibG9h;' export '_ModuleTable001_;' '_ModuleTable002_=ZE9yZGVyIl09Mixwcm9wVD17fSxbInN0YWNrRGVwdGgiXT0wLFsic3RhdHVzIl09ImFjdGl2ZSIsWyJ1c2VyTmFtZSJdPSJjdWRhLzEwLjIuMCIsfSx9LG1wYXRoQT17Ii9vcHQvbW9kdWxlZmlsZXMvcHJvZHVjdGlvbiIsIi9vcHQvbW9kdWxlZmlsZXMvcHJlcHJvZHVjdGlvbiIsIi9vcHQvbW9kdWxlZmlsZXMvZGVwcmVjYXRlZCIsIi91c3Ivc2hhcmUvbW9kdWxlZmlsZXMiLCIvdXNyL3NoYXJlL21vZHVsZWZpbGVzL0xpbnV4IiwiL3Vzci9zaGFyZS9tb2R1bGVmaWxlcy9Db3JlIiwiL3Vzci9zaGFyZS9sbW9kL2xtb2QvbW9kdWxlZmlsZXMvQ29yZSIsfSxbInN5c3RlbUJhc2VNUEFUSCJdPSIvb3B0L21vZHVsZWZpbGVzL3Byb2R1Y3Rpb246L29wdC9tb2R1bGVmaWxlcy9w;' export '_ModuleTable002_;' '_ModuleTable003_=cmVwcm9kdWN0aW9uOi9vcHQvbW9kdWxlZmlsZXMvZGVwcmVjYXRlZDovdXNyL3NoYXJlL21vZHVsZWZpbGVzOi91c3Ivc2hhcmUvbW9kdWxlZmlsZXMvTGludXg6L3Vzci9zaGFyZS9tb2R1bGVmaWxlcy9Db3JlOi91c3Ivc2hhcmUvbG1vZC9sbW9kL21vZHVsZWZpbGVzL0NvcmUiLH0=;' export '_ModuleTable003_;' '_ModuleTable_Sz_=3;' export '_ModuleTable_Sz_;'
+++ __LMOD_REF_COUNT_CMAKE_PREFIX_PATH=/jet/packages/spack/opt/spack/linux-centos8-zen/gcc-8.3.1/cuda-10.2.89-kz7u4ix6ed53nioz4ycqin3kujcim3bs:1
+++ export __LMOD_REF_COUNT_CMAKE_PREFIX_PATH
+++ CMAKE_PREFIX_PATH=/jet/packages/spack/opt/spack/linux-centos8-zen/gcc-8.3.1/cuda-10.2.89-kz7u4ix6ed53nioz4ycqin3kujcim3bs
+++ export CMAKE_PREFIX_PATH
+++ __LMOD_REF_COUNT_CPLUS_INCLUDE_PATH=/jet/packages/spack/opt/spack/linux-centos8-zen/gcc-8.3.1/cuda-10.2.89-kz7u4ix6ed53nioz4ycqin3kujcim3bs/include:1
+++ export __LMOD_REF_COUNT_CPLUS_INCLUDE_PATH
+++ CPLUS_INCLUDE_PATH=/jet/packages/spack/opt/spack/linux-centos8-zen/gcc-8.3.1/cuda-10.2.89-kz7u4ix6ed53nioz4ycqin3kujcim3bs/include
+++ export CPLUS_INCLUDE_PATH
+++ CUDA_HOME=/jet/packages/spack/opt/spack/linux-centos8-zen/gcc-8.3.1/cuda-10.2.89-kz7u4ix6ed53nioz4ycqin3kujcim3bs
+++ export CUDA_HOME
+++ __LMOD_REF_COUNT_C_INCLUDE_PATH=/jet/packages/spack/opt/spack/linux-centos8-zen/gcc-8.3.1/cuda-10.2.89-kz7u4ix6ed53nioz4ycqin3kujcim3bs/include:1
+++ export __LMOD_REF_COUNT_C_INCLUDE_PATH
+++ C_INCLUDE_PATH=/jet/packages/spack/opt/spack/linux-centos8-zen/gcc-8.3.1/cuda-10.2.89-kz7u4ix6ed53nioz4ycqin3kujcim3bs/include
+++ export C_INCLUDE_PATH
+++ __LMOD_REF_COUNT_INCLUDE=/jet/packages/spack/opt/spack/linux-centos8-zen/gcc-8.3.1/cuda-10.2.89-kz7u4ix6ed53nioz4ycqin3kujcim3bs/include:1
+++ export __LMOD_REF_COUNT_INCLUDE
+++ INCLUDE=/jet/packages/spack/opt/spack/linux-centos8-zen/gcc-8.3.1/cuda-10.2.89-kz7u4ix6ed53nioz4ycqin3kujcim3bs/include
+++ export INCLUDE
+++ __LMOD_REF_COUNT_LD_LIBRARY_PATH='/jet/packages/spack/opt/spack/linux-centos8-zen/gcc-8.3.1/cuda-10.2.89-kz7u4ix6ed53nioz4ycqin3kujcim3bs/lib64:1;/ocean/projects/mcb180038p/jml230/amber18/lib:1'
+++ export __LMOD_REF_COUNT_LD_LIBRARY_PATH
+++ LD_LIBRARY_PATH=/jet/packages/spack/opt/spack/linux-centos8-zen/gcc-8.3.1/cuda-10.2.89-kz7u4ix6ed53nioz4ycqin3kujcim3bs/lib64:/ocean/projects/mcb180038p/jml230/amber18/lib
+++ export LD_LIBRARY_PATH
+++ __LMOD_REF_COUNT_LIBRARY_PATH=/jet/packages/spack/opt/spack/linux-centos8-zen/gcc-8.3.1/cuda-10.2.89-kz7u4ix6ed53nioz4ycqin3kujcim3bs/lib64:1
+++ export __LMOD_REF_COUNT_LIBRARY_PATH
+++ LIBRARY_PATH=/jet/packages/spack/opt/spack/linux-centos8-zen/gcc-8.3.1/cuda-10.2.89-kz7u4ix6ed53nioz4ycqin3kujcim3bs/lib64
+++ export LIBRARY_PATH
+++ __LMOD_REF_COUNT_LOADEDMODULES='allocations/1.0:1;cuda/10.2.0:1'
+++ export __LMOD_REF_COUNT_LOADEDMODULES
+++ LOADEDMODULES=allocations/1.0:cuda/10.2.0
+++ export LOADEDMODULES
+++ MODULEPATH=/opt/modulefiles/production:/opt/modulefiles/preproduction:/opt/modulefiles/deprecated:/usr/share/modulefiles:/usr/share/modulefiles/Linux:/usr/share/modulefiles/Core:/usr/share/lmod/lmod/modulefiles/Core
+++ export MODULEPATH
+++ __LMOD_REF_COUNT_PATH='/jet/packages/spack/opt/spack/linux-centos8-zen/gcc-8.3.1/cuda-10.2.89-kz7u4ix6ed53nioz4ycqin3kujcim3bs/bin:1;/ocean/projects/mcb180038p/atb43/apps/anaconda3/bin:1;/ocean/projects/mcb180038p/atb43/apps/anaconda3/condabin:1;/jet/home/atb43/.local/bin:1;/jet/home/atb43/bin:1;/ocean/projects/mcb180038p/jml230/amber18/bin:1;/opt/packages/allocations/bin:1;/usr/local/bin:1;/usr/bin:1;/usr/local/sbin:1;/usr/sbin:1;/bin:1;/opt/packages/interact/bin:1;/opt/puppetlabs/bin:1'
+++ export __LMOD_REF_COUNT_PATH
+++ PATH=/jet/packages/spack/opt/spack/linux-centos8-zen/gcc-8.3.1/cuda-10.2.89-kz7u4ix6ed53nioz4ycqin3kujcim3bs/bin:/ocean/projects/mcb180038p/atb43/apps/anaconda3/bin:/ocean/projects/mcb180038p/atb43/apps/anaconda3/condabin:/jet/home/atb43/.local/bin:/jet/home/atb43/bin:/ocean/projects/mcb180038p/jml230/amber18/bin:/opt/packages/allocations/bin:/usr/local/bin:/usr/bin:/usr/local/sbin:/usr/sbin:/bin:/opt/packages/interact/bin:/opt/puppetlabs/bin
+++ export PATH
+++ __LMOD_REF_COUNT__LMFILES_='/opt/modulefiles/production/allocations/1.0.lua:1;/opt/modulefiles/production/cuda/10.2.0.lua:1'
+++ export __LMOD_REF_COUNT__LMFILES_
+++ _LMFILES_=/opt/modulefiles/production/allocations/1.0.lua:/opt/modulefiles/production/cuda/10.2.0.lua
+++ export _LMFILES_
+++ _ModuleTable001_=X01vZHVsZVRhYmxlXz17WyJNVHZlcnNpb24iXT0zLFsiY19yZWJ1aWxkVGltZSJdPWZhbHNlLFsiY19zaG9ydFRpbWUiXT1mYWxzZSxkZXB0aFQ9e30sZmFtaWx5PXt9LG1UPXthbGxvY2F0aW9ucz17WyJmbiJdPSIvb3B0L21vZHVsZWZpbGVzL3Byb2R1Y3Rpb24vYWxsb2NhdGlvbnMvMS4wLmx1YSIsWyJmdWxsTmFtZSJdPSJhbGxvY2F0aW9ucy8xLjAiLFsibG9hZE9yZGVyIl09MSxwcm9wVD17fSxbInN0YWNrRGVwdGgiXT0wLFsic3RhdHVzIl09ImFjdGl2ZSIsWyJ1c2VyTmFtZSJdPSJhbGxvY2F0aW9ucyIsfSxjdWRhPXtbImZuIl09Ii9vcHQvbW9kdWxlZmlsZXMvcHJvZHVjdGlvbi9jdWRhLzEwLjIuMC5sdWEiLFsiZnVsbE5hbWUiXT0iY3VkYS8xMC4yLjAiLFsibG9h
+++ export _ModuleTable001_
+++ _ModuleTable002_=ZE9yZGVyIl09Mixwcm9wVD17fSxbInN0YWNrRGVwdGgiXT0wLFsic3RhdHVzIl09ImFjdGl2ZSIsWyJ1c2VyTmFtZSJdPSJjdWRhLzEwLjIuMCIsfSx9LG1wYXRoQT17Ii9vcHQvbW9kdWxlZmlsZXMvcHJvZHVjdGlvbiIsIi9vcHQvbW9kdWxlZmlsZXMvcHJlcHJvZHVjdGlvbiIsIi9vcHQvbW9kdWxlZmlsZXMvZGVwcmVjYXRlZCIsIi91c3Ivc2hhcmUvbW9kdWxlZmlsZXMiLCIvdXNyL3NoYXJlL21vZHVsZWZpbGVzL0xpbnV4IiwiL3Vzci9zaGFyZS9tb2R1bGVmaWxlcy9Db3JlIiwiL3Vzci9zaGFyZS9sbW9kL2xtb2QvbW9kdWxlZmlsZXMvQ29yZSIsfSxbInN5c3RlbUJhc2VNUEFUSCJdPSIvb3B0L21vZHVsZWZpbGVzL3Byb2R1Y3Rpb246L29wdC9tb2R1bGVmaWxlcy9w
+++ export _ModuleTable002_
+++ _ModuleTable003_=cmVwcm9kdWN0aW9uOi9vcHQvbW9kdWxlZmlsZXMvZGVwcmVjYXRlZDovdXNyL3NoYXJlL21vZHVsZWZpbGVzOi91c3Ivc2hhcmUvbW9kdWxlZmlsZXMvTGludXg6L3Vzci9zaGFyZS9tb2R1bGVmaWxlcy9Db3JlOi91c3Ivc2hhcmUvbG1vZC9sbW9kL21vZHVsZWZpbGVzL0NvcmUiLH0=
+++ export _ModuleTable003_
+++ _ModuleTable_Sz_=3
+++ export _ModuleTable_Sz_
+++ : -s sh
++ eval
++ ret=0
++ /usr/share/lmod/8.2.7/libexec/log_modules load cuda/10.2.0
++ return 0
++ export NODELOC=/local
++ NODELOC=/local
++ export USE_LOCAL_SCRATCH=1
++ USE_LOCAL_SCRATCH=1
++ export WEST_SIM_ROOT=/ocean/projects/mcb180038p/atb43/eg5/eg5_holo_test
++ WEST_SIM_ROOT=/ocean/projects/mcb180038p/atb43/eg5/eg5_holo_test
+++ basename /ocean/projects/mcb180038p/atb43/eg5/eg5_holo_test
++ export SIM_NAME=eg5_holo_test
++ SIM_NAME=eg5_holo_test
++ echo 'simulation eg5_holo_test root is /ocean/projects/mcb180038p/atb43/eg5/eg5_holo_test'
++ export WM_ZMQ_MASTER_HEARTBEAT=100
++ WM_ZMQ_MASTER_HEARTBEAT=100
++ export WM_ZMQ_WORKER_HEARTBEAT=100
++ WM_ZMQ_WORKER_HEARTBEAT=100
++ export WM_ZMQ_TIMEOUT_FACTOR=300
++ WM_ZMQ_TIMEOUT_FACTOR=300
++ export BASH=/bin/bash
++ BASH=/bin/bash
++ export PERL=/usr/bin/perl
++ PERL=/usr/bin/perl
++ export ZSH=/bin/zsh
++ ZSH=/bin/zsh
++ export IFCONFIG=/bin/ifconfig
++ IFCONFIG=/bin/ifconfig
++ export CUT=/usr/bin/cut
++ CUT=/usr/bin/cut
++ export TR=/usr/bin/tr
++ TR=/usr/bin/tr
++ export LN=/bin/ln
++ LN=/bin/ln
++ export CP=/bin/cp
++ CP=/bin/cp
++ export RM=/bin/rm
++ RM=/bin/rm
++ export SED=/bin/sed
++ SED=/bin/sed
++ export CAT=/bin/cat
++ CAT=/bin/cat
++ export HEAD=/bin/head
++ HEAD=/bin/head
++ export TAR=/bin/tar
++ TAR=/bin/tar
++ export AWK=/usr/bin/awk
++ AWK=/usr/bin/awk
++ export PASTE=/usr/bin/paste
++ PASTE=/usr/bin/paste
++ export GREP=/bin/grep
++ GREP=/bin/grep
++ export SORT=/usr/bin/sort
++ SORT=/usr/bin/sort
++ export UNIQ=/usr/bin/uniq
++ UNIQ=/usr/bin/uniq
++ export HEAD=/usr/bin/head
++ HEAD=/usr/bin/head
++ export MKDIR=/bin/mkdir
++ MKDIR=/bin/mkdir
++ export ECHO=/bin/echo
++ ECHO=/bin/echo
++ export DATE=/bin/date
++ DATE=/bin/date
++ export SANDER=/ocean/projects/mcb180038p/jml230/amber18/bin/sander
++ SANDER=/ocean/projects/mcb180038p/jml230/amber18/bin/sander
++ export PMEMD=/ocean/projects/mcb180038p/jml230/amber18/bin/pmemd.cuda
++ PMEMD=/ocean/projects/mcb180038p/jml230/amber18/bin/pmemd.cuda
++ export CPPTRAJ=/ocean/projects/mcb180038p/jml230/amber18/bin/cpptraj
++ CPPTRAJ=/ocean/projects/mcb180038p/jml230/amber18/bin/cpptraj
+ sort
+ env
+ cd /ocean/projects/mcb180038p/atb43/eg5/eg5_holo_test
+ SERVER_INFO=/ocean/projects/mcb180038p/atb43/eg5/eg5_holo_test/west_zmq_info-9433824.json
+ which w_run
+ (( n=0 ))
+ (( n<60 ))
+ '[' -e /ocean/projects/mcb180038p/atb43/eg5/eg5_holo_test/west_zmq_info-9433824.json ']'
+ sleep 1
+ w_run --work-manager=zmq --n-workers=0 --zmq-mode=master --zmq-write-host-info=/ocean/projects/mcb180038p/atb43/eg5/eg5_holo_test/west_zmq_info-9433824.json --zmq-comm-mode=tcp
+ (( n++ ))
+ (( n<60 ))
+ '[' -e /ocean/projects/mcb180038p/atb43/eg5/eg5_holo_test/west_zmq_info-9433824.json ']'
+ sleep 1
+ (( n++ ))
+ (( n<60 ))
+ '[' -e /ocean/projects/mcb180038p/atb43/eg5/eg5_holo_test/west_zmq_info-9433824.json ']'
+ sleep 1
+ (( n++ ))
+ (( n<60 ))
+ '[' -e /ocean/projects/mcb180038p/atb43/eg5/eg5_holo_test/west_zmq_info-9433824.json ']'
+ sleep 1
+ (( n++ ))
+ (( n<60 ))
+ '[' -e /ocean/projects/mcb180038p/atb43/eg5/eg5_holo_test/west_zmq_info-9433824.json ']'
+ sleep 1
+ (( n++ ))
+ (( n<60 ))
+ '[' -e /ocean/projects/mcb180038p/atb43/eg5/eg5_holo_test/west_zmq_info-9433824.json ']'
+ sleep 1
+ (( n++ ))
+ (( n<60 ))
+ '[' -e /ocean/projects/mcb180038p/atb43/eg5/eg5_holo_test/west_zmq_info-9433824.json ']'
+ sleep 1
+ (( n++ ))
+ (( n<60 ))
+ '[' -e /ocean/projects/mcb180038p/atb43/eg5/eg5_holo_test/west_zmq_info-9433824.json ']'
+ sleep 1
+ (( n++ ))
+ (( n<60 ))
+ '[' -e /ocean/projects/mcb180038p/atb43/eg5/eg5_holo_test/west_zmq_info-9433824.json ']'
+ sleep 1
+ (( n++ ))
+ (( n<60 ))
+ '[' -e /ocean/projects/mcb180038p/atb43/eg5/eg5_holo_test/west_zmq_info-9433824.json ']'
+ sleep 1
+ (( n++ ))
+ (( n<60 ))
+ '[' -e /ocean/projects/mcb180038p/atb43/eg5/eg5_holo_test/west_zmq_info-9433824.json ']'
+ sleep 1
+ (( n++ ))
+ (( n<60 ))
+ '[' -e /ocean/projects/mcb180038p/atb43/eg5/eg5_holo_test/west_zmq_info-9433824.json ']'
+ sleep 1
+ (( n++ ))
+ (( n<60 ))
+ '[' -e /ocean/projects/mcb180038p/atb43/eg5/eg5_holo_test/west_zmq_info-9433824.json ']'
+ sleep 1
+ (( n++ ))
+ (( n<60 ))
+ '[' -e /ocean/projects/mcb180038p/atb43/eg5/eg5_holo_test/west_zmq_info-9433824.json ']'
+ echo '== server info file /ocean/projects/mcb180038p/atb43/eg5/eg5_holo_test/west_zmq_info-9433824.json =='
+ cat /ocean/projects/mcb180038p/atb43/eg5/eg5_holo_test/west_zmq_info-9433824.json
+ break
+ '[' -e /ocean/projects/mcb180038p/atb43/eg5/eg5_holo_test/west_zmq_info-9433824.json ']'
++ scontrol show hostname v012
+ for node in $(scontrol show hostname $SLURM_NODELIST)
+ wait
+ ssh -o StrictHostKeyChecking=no v012 /ocean/projects/mcb180038p/atb43/eg5/eg5_holo_test/node.sh /ocean/projects/mcb180038p/atb43/eg5/eg5_holo_test 9433824 v012 0,1 --work-manager=zmq --n-workers=2 --zmq-mode=client --zmq-read-host-info=/ocean/projects/mcb180038p/atb43/eg5/eg5_holo_test/west_zmq_info-9433824.json --zmq-comm-mode=tcp
+ cd /ocean/projects/mcb180038p/atb43/eg5/eg5_holo_test
+ shift
+ source env.sh
++ conda activate westpa2
++ local cmd=activate
++ case "$cmd" in
++ __conda_activate activate westpa2
++ '[' -n '' ']'
++ local ask_conda
+++ PS1='(base) [\u@\h \W]\$ '
+++ __conda_exe shell.posix activate westpa2
+++ __add_sys_prefix_to_path
+++ '[' -n '' ']'
++++ dirname /ocean/projects/mcb180038p/atb43/apps/anaconda3/bin/conda
+++ SYSP=/ocean/projects/mcb180038p/atb43/apps/anaconda3/bin
++++ dirname /ocean/projects/mcb180038p/atb43/apps/anaconda3/bin
+++ SYSP=/ocean/projects/mcb180038p/atb43/apps/anaconda3
+++ '[' -n '' ']'
+++ PATH=/ocean/projects/mcb180038p/atb43/apps/anaconda3/bin:/jet/home/atb43/.local/bin:/jet/home/atb43/bin:/ocean/projects/mcb180038p/jml230/amber18/bin:/opt/packages/allocations/bin:/ocean/projects/mcb180038p/atb43/apps/anaconda3/bin:/ocean/projects/mcb180038p/atb43/apps/anaconda3/condabin:/jet/home/atb43/.local/bin:/jet/home/atb43/bin:/ocean/projects/mcb180038p/jml230/amber18/bin:/usr/local/bin:/usr/bin:/usr/local/sbin:/usr/sbin:/bin:/opt/packages/interact/bin:/opt/puppetlabs/bin:/bin
+++ export PATH
+++ /ocean/projects/mcb180038p/atb43/apps/anaconda3/bin/conda shell.posix activate westpa2
++ ask_conda='PS1='\''(westpa2) [\u@\h \W]\$ '\''
export PATH='\''/jet/home/atb43/.local/bin:/jet/home/atb43/bin:/ocean/projects/mcb180038p/jml230/amber18/bin:/opt/packages/allocations/bin:/ocean/projects/mcb180038p/atb43/apps/anaconda3/envs/westpa2/bin:/ocean/projects/mcb180038p/atb43/apps/anaconda3/condabin:/jet/home/atb43/.local/bin:/jet/home/atb43/bin:/ocean/projects/mcb180038p/jml230/amber18/bin:/usr/local/bin:/usr/bin:/usr/local/sbin:/usr/sbin:/bin:/opt/packages/interact/bin:/opt/puppetlabs/bin:/bin'\''
export CONDA_PREFIX='\''/ocean/projects/mcb180038p/atb43/apps/anaconda3/envs/westpa2'\''
export CONDA_SHLVL='\''2'\''
export CONDA_DEFAULT_ENV='\''westpa2'\''
export CONDA_PROMPT_MODIFIER='\''(westpa2) '\''
export CONDA_EXE='\''/ocean/projects/mcb180038p/atb43/apps/anaconda3/bin/conda'\''
export _CE_M='\'''\''
export _CE_CONDA='\'''\''
export CONDA_PYTHON_EXE='\''/ocean/projects/mcb180038p/atb43/apps/anaconda3/bin/python'\''
export CONDA_PREFIX_1='\''/ocean/projects/mcb180038p/atb43/apps/anaconda3'\'''
++ eval 'PS1='\''(westpa2) [\u@\h \W]\$ '\''
export PATH='\''/jet/home/atb43/.local/bin:/jet/home/atb43/bin:/ocean/projects/mcb180038p/jml230/amber18/bin:/opt/packages/allocations/bin:/ocean/projects/mcb180038p/atb43/apps/anaconda3/envs/westpa2/bin:/ocean/projects/mcb180038p/atb43/apps/anaconda3/condabin:/jet/home/atb43/.local/bin:/jet/home/atb43/bin:/ocean/projects/mcb180038p/jml230/amber18/bin:/usr/local/bin:/usr/bin:/usr/local/sbin:/usr/sbin:/bin:/opt/packages/interact/bin:/opt/puppetlabs/bin:/bin'\''
export CONDA_PREFIX='\''/ocean/projects/mcb180038p/atb43/apps/anaconda3/envs/westpa2'\''
export CONDA_SHLVL='\''2'\''
export CONDA_DEFAULT_ENV='\''westpa2'\''
export CONDA_PROMPT_MODIFIER='\''(westpa2) '\''
export CONDA_EXE='\''/ocean/projects/mcb180038p/atb43/apps/anaconda3/bin/conda'\''
export _CE_M='\'''\''
export _CE_CONDA='\'''\''
export CONDA_PYTHON_EXE='\''/ocean/projects/mcb180038p/atb43/apps/anaconda3/bin/python'\''
export CONDA_PREFIX_1='\''/ocean/projects/mcb180038p/atb43/apps/anaconda3'\'''
+++ PS1='(westpa2) [\u@\h \W]\$ '
+++ export PATH=/jet/home/atb43/.local/bin:/jet/home/atb43/bin:/ocean/projects/mcb180038p/jml230/amber18/bin:/opt/packages/allocations/bin:/ocean/projects/mcb180038p/atb43/apps/anaconda3/envs/westpa2/bin:/ocean/projects/mcb180038p/atb43/apps/anaconda3/condabin:/jet/home/atb43/.local/bin:/jet/home/atb43/bin:/ocean/projects/mcb180038p/jml230/amber18/bin:/usr/local/bin:/usr/bin:/usr/local/sbin:/usr/sbin:/bin:/opt/packages/interact/bin:/opt/puppetlabs/bin:/bin
+++ PATH=/jet/home/atb43/.local/bin:/jet/home/atb43/bin:/ocean/projects/mcb180038p/jml230/amber18/bin:/opt/packages/allocations/bin:/ocean/projects/mcb180038p/atb43/apps/anaconda3/envs/westpa2/bin:/ocean/projects/mcb180038p/atb43/apps/anaconda3/condabin:/jet/home/atb43/.local/bin:/jet/home/atb43/bin:/ocean/projects/mcb180038p/jml230/amber18/bin:/usr/local/bin:/usr/bin:/usr/local/sbin:/usr/sbin:/bin:/opt/packages/interact/bin:/opt/puppetlabs/bin:/bin
+++ export CONDA_PREFIX=/ocean/projects/mcb180038p/atb43/apps/anaconda3/envs/westpa2
+++ CONDA_PREFIX=/ocean/projects/mcb180038p/atb43/apps/anaconda3/envs/westpa2
+++ export CONDA_SHLVL=2
+++ CONDA_SHLVL=2
+++ export CONDA_DEFAULT_ENV=westpa2
+++ CONDA_DEFAULT_ENV=westpa2
+++ export 'CONDA_PROMPT_MODIFIER=(westpa2) '
+++ CONDA_PROMPT_MODIFIER='(westpa2) '
+++ export CONDA_EXE=/ocean/projects/mcb180038p/atb43/apps/anaconda3/bin/conda
+++ CONDA_EXE=/ocean/projects/mcb180038p/atb43/apps/anaconda3/bin/conda
+++ export _CE_M=
+++ _CE_M=
+++ export _CE_CONDA=
+++ _CE_CONDA=
+++ export CONDA_PYTHON_EXE=/ocean/projects/mcb180038p/atb43/apps/anaconda3/bin/python
+++ CONDA_PYTHON_EXE=/ocean/projects/mcb180038p/atb43/apps/anaconda3/bin/python
+++ export CONDA_PREFIX_1=/ocean/projects/mcb180038p/atb43/apps/anaconda3
+++ CONDA_PREFIX_1=/ocean/projects/mcb180038p/atb43/apps/anaconda3
++ __conda_hashr
++ '[' -n '' ']'
++ '[' -n '' ']'
++ hash -r
++ module load cuda/10.2.0
+++ /usr/share/lmod/lmod/libexec/lmod bash load cuda/10.2.0
++ eval '__LMOD_REF_COUNT_CMAKE_PREFIX_PATH=/jet/packages/spack/opt/spack/linux-centos8-zen/gcc-8.3.1/cuda-10.2.89-kz7u4ix6ed53nioz4ycqin3kujcim3bs:1;' export '__LMOD_REF_COUNT_CMAKE_PREFIX_PATH;' 'CMAKE_PREFIX_PATH=/jet/packages/spack/opt/spack/linux-centos8-zen/gcc-8.3.1/cuda-10.2.89-kz7u4ix6ed53nioz4ycqin3kujcim3bs;' export 'CMAKE_PREFIX_PATH;' '__LMOD_REF_COUNT_CPLUS_INCLUDE_PATH=/jet/packages/spack/opt/spack/linux-centos8-zen/gcc-8.3.1/cuda-10.2.89-kz7u4ix6ed53nioz4ycqin3kujcim3bs/include:1;' export '__LMOD_REF_COUNT_CPLUS_INCLUDE_PATH;' 'CPLUS_INCLUDE_PATH=/jet/packages/spack/opt/spack/linux-centos8-zen/gcc-8.3.1/cuda-10.2.89-kz7u4ix6ed53nioz4ycqin3kujcim3bs/include;' export 'CPLUS_INCLUDE_PATH;' 'CUDA_HOME=/jet/packages/spack/opt/spack/linux-centos8-zen/gcc-8.3.1/cuda-10.2.89-kz7u4ix6ed53nioz4ycqin3kujcim3bs;' export 'CUDA_HOME;' '__LMOD_REF_COUNT_C_INCLUDE_PATH=/jet/packages/spack/opt/spack/linux-centos8-zen/gcc-8.3.1/cuda-10.2.89-kz7u4ix6ed53nioz4ycqin3kujcim3bs/include:1;' export '__LMOD_REF_COUNT_C_INCLUDE_PATH;' 'C_INCLUDE_PATH=/jet/packages/spack/opt/spack/linux-centos8-zen/gcc-8.3.1/cuda-10.2.89-kz7u4ix6ed53nioz4ycqin3kujcim3bs/include;' export 'C_INCLUDE_PATH;' '__LMOD_REF_COUNT_INCLUDE=/jet/packages/spack/opt/spack/linux-centos8-zen/gcc-8.3.1/cuda-10.2.89-kz7u4ix6ed53nioz4ycqin3kujcim3bs/include:1;' export '__LMOD_REF_COUNT_INCLUDE;' 'INCLUDE=/jet/packages/spack/opt/spack/linux-centos8-zen/gcc-8.3.1/cuda-10.2.89-kz7u4ix6ed53nioz4ycqin3kujcim3bs/include;' export 'INCLUDE;' '__LMOD_REF_COUNT_LD_LIBRARY_PATH=/jet/packages/spack/opt/spack/linux-centos8-zen/gcc-8.3.1/cuda-10.2.89-kz7u4ix6ed53nioz4ycqin3kujcim3bs/lib64:1\;/ocean/projects/mcb180038p/jml230/amber18/lib:2;' export '__LMOD_REF_COUNT_LD_LIBRARY_PATH;' 'LD_LIBRARY_PATH=/jet/packages/spack/opt/spack/linux-centos8-zen/gcc-8.3.1/cuda-10.2.89-kz7u4ix6ed53nioz4ycqin3kujcim3bs/lib64:/ocean/projects/mcb180038p/jml230/amber18/lib;' export 'LD_LIBRARY_PATH;' '__LMOD_REF_COUNT_LIBRARY_PATH=/jet/packages/spack/opt/spack/linux-centos8-zen/gcc-8.3.1/cuda-10.2.89-kz7u4ix6ed53nioz4ycqin3kujcim3bs/lib64:1;' export '__LMOD_REF_COUNT_LIBRARY_PATH;' 'LIBRARY_PATH=/jet/packages/spack/opt/spack/linux-centos8-zen/gcc-8.3.1/cuda-10.2.89-kz7u4ix6ed53nioz4ycqin3kujcim3bs/lib64;' export 'LIBRARY_PATH;' '__LMOD_REF_COUNT_LOADEDMODULES=allocations/1.0:1\;cuda/10.2.0:1;' export '__LMOD_REF_COUNT_LOADEDMODULES;' 'LOADEDMODULES=allocations/1.0:cuda/10.2.0;' export 'LOADEDMODULES;' 'MODULEPATH=/opt/modulefiles/production:/opt/modulefiles/preproduction:/opt/modulefiles/deprecated:/usr/share/modulefiles:/usr/share/modulefiles/Linux:/usr/share/modulefiles/Core:/usr/share/lmod/lmod/modulefiles/Core;' export 'MODULEPATH;' '__LMOD_REF_COUNT_PATH=/jet/packages/spack/opt/spack/linux-centos8-zen/gcc-8.3.1/cuda-10.2.89-kz7u4ix6ed53nioz4ycqin3kujcim3bs/bin:1\;/jet/home/atb43/.local/bin:2\;/jet/home/atb43/bin:2\;/ocean/projects/mcb180038p/jml230/amber18/bin:2\;/opt/packages/allocations/bin:1\;/ocean/projects/mcb180038p/atb43/apps/anaconda3/envs/westpa2/bin:1\;/ocean/projects/mcb180038p/atb43/apps/anaconda3/condabin:1\;/usr/local/bin:1\;/usr/bin:1\;/usr/local/sbin:1\;/usr/sbin:1\;/bin:2\;/opt/packages/interact/bin:1\;/opt/puppetlabs/bin:1;' export '__LMOD_REF_COUNT_PATH;' 'PATH=/jet/packages/spack/opt/spack/linux-centos8-zen/gcc-8.3.1/cuda-10.2.89-kz7u4ix6ed53nioz4ycqin3kujcim3bs/bin:/jet/home/atb43/.local/bin:/jet/home/atb43/bin:/ocean/projects/mcb180038p/jml230/amber18/bin:/opt/packages/allocations/bin:/ocean/projects/mcb180038p/atb43/apps/anaconda3/envs/westpa2/bin:/ocean/projects/mcb180038p/atb43/apps/anaconda3/condabin:/usr/local/bin:/usr/bin:/usr/local/sbin:/usr/sbin:/bin:/opt/packages/interact/bin:/opt/puppetlabs/bin;' export 'PATH;' '__LMOD_REF_COUNT__LMFILES_=/opt/modulefiles/production/allocations/1.0.lua:1\;/opt/modulefiles/production/cuda/10.2.0.lua:1;' export '__LMOD_REF_COUNT__LMFILES_;' '_LMFILES_=/opt/modulefiles/production/allocations/1.0.lua:/opt/modulefiles/production/cuda/10.2.0.lua;' export '_LMFILES_;' '_ModuleTable001_=X01vZHVsZVRhYmxlXz17WyJNVHZlcnNpb24iXT0zLFsiY19yZWJ1aWxkVGltZSJdPWZhbHNlLFsiY19zaG9ydFRpbWUiXT1mYWxzZSxkZXB0aFQ9e30sZmFtaWx5PXt9LG1UPXthbGxvY2F0aW9ucz17WyJmbiJdPSIvb3B0L21vZHVsZWZpbGVzL3Byb2R1Y3Rpb24vYWxsb2NhdGlvbnMvMS4wLmx1YSIsWyJmdWxsTmFtZSJdPSJhbGxvY2F0aW9ucy8xLjAiLFsibG9hZE9yZGVyIl09MSxwcm9wVD17fSxbInN0YWNrRGVwdGgiXT0wLFsic3RhdHVzIl09ImFjdGl2ZSIsWyJ1c2VyTmFtZSJdPSJhbGxvY2F0aW9ucyIsfSxjdWRhPXtbImZuIl09Ii9vcHQvbW9kdWxlZmlsZXMvcHJvZHVjdGlvbi9jdWRhLzEwLjIuMC5sdWEiLFsiZnVsbE5hbWUiXT0iY3VkYS8xMC4yLjAiLFsibG9h;' export '_ModuleTable001_;' '_ModuleTable002_=ZE9yZGVyIl09Mixwcm9wVD17fSxbInN0YWNrRGVwdGgiXT0wLFsic3RhdHVzIl09ImFjdGl2ZSIsWyJ1c2VyTmFtZSJdPSJjdWRhLzEwLjIuMCIsfSx9LG1wYXRoQT17Ii9vcHQvbW9kdWxlZmlsZXMvcHJvZHVjdGlvbiIsIi9vcHQvbW9kdWxlZmlsZXMvcHJlcHJvZHVjdGlvbiIsIi9vcHQvbW9kdWxlZmlsZXMvZGVwcmVjYXRlZCIsIi91c3Ivc2hhcmUvbW9kdWxlZmlsZXMiLCIvdXNyL3NoYXJlL21vZHVsZWZpbGVzL0xpbnV4IiwiL3Vzci9zaGFyZS9tb2R1bGVmaWxlcy9Db3JlIiwiL3Vzci9zaGFyZS9sbW9kL2xtb2QvbW9kdWxlZmlsZXMvQ29yZSIsfSxbInN5c3RlbUJhc2VNUEFUSCJdPSIvb3B0L21vZHVsZWZpbGVzL3Byb2R1Y3Rpb246L29wdC9tb2R1bGVmaWxlcy9w;' export '_ModuleTable002_;' '_ModuleTable003_=cmVwcm9kdWN0aW9uOi9vcHQvbW9kdWxlZmlsZXMvZGVwcmVjYXRlZDovdXNyL3NoYXJlL21vZHVsZWZpbGVzOi91c3Ivc2hhcmUvbW9kdWxlZmlsZXMvTGludXg6L3Vzci9zaGFyZS9tb2R1bGVmaWxlcy9Db3JlOi91c3Ivc2hhcmUvbG1vZC9sbW9kL21vZHVsZWZpbGVzL0NvcmUiLH0=;' export '_ModuleTable003_;' '_ModuleTable_Sz_=3;' export '_ModuleTable_Sz_;'
+++ __LMOD_REF_COUNT_CMAKE_PREFIX_PATH=/jet/packages/spack/opt/spack/linux-centos8-zen/gcc-8.3.1/cuda-10.2.89-kz7u4ix6ed53nioz4ycqin3kujcim3bs:1
+++ export __LMOD_REF_COUNT_CMAKE_PREFIX_PATH
+++ CMAKE_PREFIX_PATH=/jet/packages/spack/opt/spack/linux-centos8-zen/gcc-8.3.1/cuda-10.2.89-kz7u4ix6ed53nioz4ycqin3kujcim3bs
+++ export CMAKE_PREFIX_PATH
+++ __LMOD_REF_COUNT_CPLUS_INCLUDE_PATH=/jet/packages/spack/opt/spack/linux-centos8-zen/gcc-8.3.1/cuda-10.2.89-kz7u4ix6ed53nioz4ycqin3kujcim3bs/include:1
+++ export __LMOD_REF_COUNT_CPLUS_INCLUDE_PATH
+++ CPLUS_INCLUDE_PATH=/jet/packages/spack/opt/spack/linux-centos8-zen/gcc-8.3.1/cuda-10.2.89-kz7u4ix6ed53nioz4ycqin3kujcim3bs/include
+++ export CPLUS_INCLUDE_PATH
+++ CUDA_HOME=/jet/packages/spack/opt/spack/linux-centos8-zen/gcc-8.3.1/cuda-10.2.89-kz7u4ix6ed53nioz4ycqin3kujcim3bs
+++ export CUDA_HOME
+++ __LMOD_REF_COUNT_C_INCLUDE_PATH=/jet/packages/spack/opt/spack/linux-centos8-zen/gcc-8.3.1/cuda-10.2.89-kz7u4ix6ed53nioz4ycqin3kujcim3bs/include:1
+++ export __LMOD_REF_COUNT_C_INCLUDE_PATH
+++ C_INCLUDE_PATH=/jet/packages/spack/opt/spack/linux-centos8-zen/gcc-8.3.1/cuda-10.2.89-kz7u4ix6ed53nioz4ycqin3kujcim3bs/include
+++ export C_INCLUDE_PATH
+++ __LMOD_REF_COUNT_INCLUDE=/jet/packages/spack/opt/spack/linux-centos8-zen/gcc-8.3.1/cuda-10.2.89-kz7u4ix6ed53nioz4ycqin3kujcim3bs/include:1
+++ export __LMOD_REF_COUNT_INCLUDE
+++ INCLUDE=/jet/packages/spack/opt/spack/linux-centos8-zen/gcc-8.3.1/cuda-10.2.89-kz7u4ix6ed53nioz4ycqin3kujcim3bs/include
+++ export INCLUDE
+++ __LMOD_REF_COUNT_LD_LIBRARY_PATH='/jet/packages/spack/opt/spack/linux-centos8-zen/gcc-8.3.1/cuda-10.2.89-kz7u4ix6ed53nioz4ycqin3kujcim3bs/lib64:1;/ocean/projects/mcb180038p/jml230/amber18/lib:2'
+++ export __LMOD_REF_COUNT_LD_LIBRARY_PATH
+++ LD_LIBRARY_PATH=/jet/packages/spack/opt/spack/linux-centos8-zen/gcc-8.3.1/cuda-10.2.89-kz7u4ix6ed53nioz4ycqin3kujcim3bs/lib64:/ocean/projects/mcb180038p/jml230/amber18/lib
+++ export LD_LIBRARY_PATH
+++ __LMOD_REF_COUNT_LIBRARY_PATH=/jet/packages/spack/opt/spack/linux-centos8-zen/gcc-8.3.1/cuda-10.2.89-kz7u4ix6ed53nioz4ycqin3kujcim3bs/lib64:1
+++ export __LMOD_REF_COUNT_LIBRARY_PATH
+++ LIBRARY_PATH=/jet/packages/spack/opt/spack/linux-centos8-zen/gcc-8.3.1/cuda-10.2.89-kz7u4ix6ed53nioz4ycqin3kujcim3bs/lib64
+++ export LIBRARY_PATH
+++ __LMOD_REF_COUNT_LOADEDMODULES='allocations/1.0:1;cuda/10.2.0:1'
+++ export __LMOD_REF_COUNT_LOADEDMODULES
+++ LOADEDMODULES=allocations/1.0:cuda/10.2.0
+++ export LOADEDMODULES
+++ MODULEPATH=/opt/modulefiles/production:/opt/modulefiles/preproduction:/opt/modulefiles/deprecated:/usr/share/modulefiles:/usr/share/modulefiles/Linux:/usr/share/modulefiles/Core:/usr/share/lmod/lmod/modulefiles/Core
+++ export MODULEPATH
+++ __LMOD_REF_COUNT_PATH='/jet/packages/spack/opt/spack/linux-centos8-zen/gcc-8.3.1/cuda-10.2.89-kz7u4ix6ed53nioz4ycqin3kujcim3bs/bin:1;/jet/home/atb43/.local/bin:2;/jet/home/atb43/bin:2;/ocean/projects/mcb180038p/jml230/amber18/bin:2;/opt/packages/allocations/bin:1;/ocean/projects/mcb180038p/atb43/apps/anaconda3/envs/westpa2/bin:1;/ocean/projects/mcb180038p/atb43/apps/anaconda3/condabin:1;/usr/local/bin:1;/usr/bin:1;/usr/local/sbin:1;/usr/sbin:1;/bin:2;/opt/packages/interact/bin:1;/opt/puppetlabs/bin:1'
+++ export __LMOD_REF_COUNT_PATH
+++ PATH=/jet/packages/spack/opt/spack/linux-centos8-zen/gcc-8.3.1/cuda-10.2.89-kz7u4ix6ed53nioz4ycqin3kujcim3bs/bin:/jet/home/atb43/.local/bin:/jet/home/atb43/bin:/ocean/projects/mcb180038p/jml230/amber18/bin:/opt/packages/allocations/bin:/ocean/projects/mcb180038p/atb43/apps/anaconda3/envs/westpa2/bin:/ocean/projects/mcb180038p/atb43/apps/anaconda3/condabin:/usr/local/bin:/usr/bin:/usr/local/sbin:/usr/sbin:/bin:/opt/packages/interact/bin:/opt/puppetlabs/bin
+++ export PATH
+++ __LMOD_REF_COUNT__LMFILES_='/opt/modulefiles/production/allocations/1.0.lua:1;/opt/modulefiles/production/cuda/10.2.0.lua:1'
+++ export __LMOD_REF_COUNT__LMFILES_
+++ _LMFILES_=/opt/modulefiles/production/allocations/1.0.lua:/opt/modulefiles/production/cuda/10.2.0.lua
+++ export _LMFILES_
+++ _ModuleTable001_=X01vZHVsZVRhYmxlXz17WyJNVHZlcnNpb24iXT0zLFsiY19yZWJ1aWxkVGltZSJdPWZhbHNlLFsiY19zaG9ydFRpbWUiXT1mYWxzZSxkZXB0aFQ9e30sZmFtaWx5PXt9LG1UPXthbGxvY2F0aW9ucz17WyJmbiJdPSIvb3B0L21vZHVsZWZpbGVzL3Byb2R1Y3Rpb24vYWxsb2NhdGlvbnMvMS4wLmx1YSIsWyJmdWxsTmFtZSJdPSJhbGxvY2F0aW9ucy8xLjAiLFsibG9hZE9yZGVyIl09MSxwcm9wVD17fSxbInN0YWNrRGVwdGgiXT0wLFsic3RhdHVzIl09ImFjdGl2ZSIsWyJ1c2VyTmFtZSJdPSJhbGxvY2F0aW9ucyIsfSxjdWRhPXtbImZuIl09Ii9vcHQvbW9kdWxlZmlsZXMvcHJvZHVjdGlvbi9jdWRhLzEwLjIuMC5sdWEiLFsiZnVsbE5hbWUiXT0iY3VkYS8xMC4yLjAiLFsibG9h
+++ export _ModuleTable001_
+++ _ModuleTable002_=ZE9yZGVyIl09Mixwcm9wVD17fSxbInN0YWNrRGVwdGgiXT0wLFsic3RhdHVzIl09ImFjdGl2ZSIsWyJ1c2VyTmFtZSJdPSJjdWRhLzEwLjIuMCIsfSx9LG1wYXRoQT17Ii9vcHQvbW9kdWxlZmlsZXMvcHJvZHVjdGlvbiIsIi9vcHQvbW9kdWxlZmlsZXMvcHJlcHJvZHVjdGlvbiIsIi9vcHQvbW9kdWxlZmlsZXMvZGVwcmVjYXRlZCIsIi91c3Ivc2hhcmUvbW9kdWxlZmlsZXMiLCIvdXNyL3NoYXJlL21vZHVsZWZpbGVzL0xpbnV4IiwiL3Vzci9zaGFyZS9tb2R1bGVmaWxlcy9Db3JlIiwiL3Vzci9zaGFyZS9sbW9kL2xtb2QvbW9kdWxlZmlsZXMvQ29yZSIsfSxbInN5c3RlbUJhc2VNUEFUSCJdPSIvb3B0L21vZHVsZWZpbGVzL3Byb2R1Y3Rpb246L29wdC9tb2R1bGVmaWxlcy9w
+++ export _ModuleTable002_
+++ _ModuleTable003_=cmVwcm9kdWN0aW9uOi9vcHQvbW9kdWxlZmlsZXMvZGVwcmVjYXRlZDovdXNyL3NoYXJlL21vZHVsZWZpbGVzOi91c3Ivc2hhcmUvbW9kdWxlZmlsZXMvTGludXg6L3Vzci9zaGFyZS9tb2R1bGVmaWxlcy9Db3JlOi91c3Ivc2hhcmUvbG1vZC9sbW9kL21vZHVsZWZpbGVzL0NvcmUiLH0=
+++ export _ModuleTable003_
+++ _ModuleTable_Sz_=3
+++ export _ModuleTable_Sz_
+++ : -s sh
++ eval
++ ret=0
++ /usr/share/lmod/8.2.7/libexec/log_modules load cuda/10.2.0
++ return 0
++ export NODELOC=
++ NODELOC=
++ export USE_LOCAL_SCRATCH=1
++ USE_LOCAL_SCRATCH=1
++ export WEST_SIM_ROOT=/ocean/projects/mcb180038p/atb43/eg5/eg5_holo_test
++ WEST_SIM_ROOT=/ocean/projects/mcb180038p/atb43/eg5/eg5_holo_test
+++ basename /ocean/projects/mcb180038p/atb43/eg5/eg5_holo_test
++ export SIM_NAME=eg5_holo_test
++ SIM_NAME=eg5_holo_test
++ echo 'simulation eg5_holo_test root is /ocean/projects/mcb180038p/atb43/eg5/eg5_holo_test'
++ export WM_ZMQ_MASTER_HEARTBEAT=100
++ WM_ZMQ_MASTER_HEARTBEAT=100
++ export WM_ZMQ_WORKER_HEARTBEAT=100
++ WM_ZMQ_WORKER_HEARTBEAT=100
++ export WM_ZMQ_TIMEOUT_FACTOR=300
++ WM_ZMQ_TIMEOUT_FACTOR=300
++ export BASH=/bin/bash
++ BASH=/bin/bash
++ export PERL=/usr/bin/perl
++ PERL=/usr/bin/perl
++ export ZSH=/bin/zsh
++ ZSH=/bin/zsh
++ export IFCONFIG=/bin/ifconfig
++ IFCONFIG=/bin/ifconfig
++ export CUT=/usr/bin/cut
++ CUT=/usr/bin/cut
++ export TR=/usr/bin/tr
++ TR=/usr/bin/tr
++ export LN=/bin/ln
++ LN=/bin/ln
++ export CP=/bin/cp
++ CP=/bin/cp
++ export RM=/bin/rm
++ RM=/bin/rm
++ export SED=/bin/sed
++ SED=/bin/sed
++ export CAT=/bin/cat
++ CAT=/bin/cat
++ export HEAD=/bin/head
++ HEAD=/bin/head
++ export TAR=/bin/tar
++ TAR=/bin/tar
++ export AWK=/usr/bin/awk
++ AWK=/usr/bin/awk
++ export PASTE=/usr/bin/paste
++ PASTE=/usr/bin/paste
++ export GREP=/bin/grep
++ GREP=/bin/grep
++ export SORT=/usr/bin/sort
++ SORT=/usr/bin/sort
++ export UNIQ=/usr/bin/uniq
++ UNIQ=/usr/bin/uniq
++ export HEAD=/usr/bin/head
++ HEAD=/usr/bin/head
++ export MKDIR=/bin/mkdir
++ MKDIR=/bin/mkdir
++ export ECHO=/bin/echo
++ ECHO=/bin/echo
++ export DATE=/bin/date
++ DATE=/bin/date
++ export SANDER=/ocean/projects/mcb180038p/jml230/amber18/bin/sander
++ SANDER=/ocean/projects/mcb180038p/jml230/amber18/bin/sander
++ export PMEMD=/ocean/projects/mcb180038p/jml230/amber18/bin/pmemd.cuda
++ PMEMD=/ocean/projects/mcb180038p/jml230/amber18/bin/pmemd.cuda
++ export CPPTRAJ=/ocean/projects/mcb180038p/jml230/amber18/bin/cpptraj
++ CPPTRAJ=/ocean/projects/mcb180038p/jml230/amber18/bin/cpptraj
+ export WEST_JOBID=9433824
+ WEST_JOBID=9433824
+ shift
+ export SLURM_NODENAME=v012
+ SLURM_NODENAME=v012
+ shift
+ export CUDA_VISIBLE_DEVICES_ALLOCATED=0,1
+ CUDA_VISIBLE_DEVICES_ALLOCATED=0,1
+ shift
+ echo 'starting WEST client processes on: '
+ hostname
+ echo 'current directory is /ocean/projects/mcb180038p/atb43/eg5/eg5_holo_test'
+ echo 'environment is: '
+ env
+ sort
+ w_run --work-manager=zmq --n-workers=2 --zmq-mode=client --zmq-read-host-info=/ocean/projects/mcb180038p/atb43/eg5/eg5_holo_test/west_zmq_info-9433824.json --zmq-comm-mode=tcp
