Updating system with the options from the configuration file
Maximum wallclock time: 2 days, 0:00:00

Mon Jul  4 07:15:17 2022
Iteration 1 (200 requested)
Beginning iteration 1
8 segments remain in iteration 1 (8 total)
MAB binning in use.
1 of 37 (2.702703%) active bins are populated
per-bin minimum non-zero probability:       1
per-bin maximum probability:                1
per-bin probability dynamic range (kT):     0
per-segment minimum non-zero probability:   0.1
per-segment maximum non-zero probability:   0.2
per-segment probability dynamic range (kT): 0.693147
norm = 1, error in norm = 0 (0*epsilon)
################ MAB stats ################
minima in each dimension:      [0.4335, 0.5448, 1.5502]
maxima in each dimension:      [1.1273, 0.7388, 1.807]
direction in each dimension:   [1, 1, 1]
skip in each dimension:        [0, 0, 1]
###########################################
Iteration wallclock: 0:10:56.288361, cputime: 0:13:05.645138


Mon Jul  4 07:26:13 2022
Iteration 2 (200 requested)
Beginning iteration 2
16 segments remain in iteration 2 (16 total)
MAB binning in use.
1 of 37 (2.702703%) active bins are populated
per-bin minimum non-zero probability:       1
per-bin maximum probability:                1
per-bin probability dynamic range (kT):     0
per-segment minimum non-zero probability:   0.025
per-segment maximum non-zero probability:   0.1
per-segment probability dynamic range (kT): 1.38629
norm = 1, error in norm = 0 (0*epsilon)
################ MAB stats ################
minima in each dimension:      [0.4851, 0.4866, 1.5718]
maxima in each dimension:      [1.109, 0.8649, 1.8546]
direction in each dimension:   [1, 1, 1]
skip in each dimension:        [0, 0, 1]
###########################################
Iteration wallclock: 0:18:12.658729, cputime: 0:26:08.929406


Mon Jul  4 07:44:26 2022
Iteration 3 (200 requested)
Beginning iteration 3
32 segments remain in iteration 3 (32 total)
MAB binning in use.
1 of 37 (2.702703%) active bins are populated
per-bin minimum non-zero probability:       1
per-bin maximum probability:                1
per-bin probability dynamic range (kT):     0
per-segment minimum non-zero probability:   0.003125
per-segment maximum non-zero probability:   0.1
per-segment probability dynamic range (kT): 3.46574
norm = 1, error in norm = 0 (0*epsilon)
################ MAB stats ################
minima in each dimension:      [0.3889, 0.3024, 1.5685]
maxima in each dimension:      [1.7304, 0.9471, 1.8346]
direction in each dimension:   [1, 1, 1]
skip in each dimension:        [0, 0, 1]
###########################################
Iteration wallclock: 0:36:28.078969, cputime: 0:52:18.750179


Mon Jul  4 08:20:54 2022
Iteration 4 (200 requested)
Beginning iteration 4
16 segments remain in iteration 4 (16 total)
MAB binning in use.
1 of 37 (2.702703%) active bins are populated
per-bin minimum non-zero probability:       1
per-bin maximum probability:                1
per-bin probability dynamic range (kT):     0
per-segment minimum non-zero probability:   0.0125
per-segment maximum non-zero probability:   0.175
per-segment probability dynamic range (kT): 2.63906
norm = 1, error in norm = 0 (0*epsilon)
################ MAB stats ################
minima in each dimension:      [0.4397, 0.3411, 1.5738]
maxima in each dimension:      [1.607, 1.0907, 1.7804]
direction in each dimension:   [1, 1, 1]
skip in each dimension:        [0, 0, 1]
###########################################
Iteration wallclock: 0:18:15.445950, cputime: 0:26:09.849152


Mon Jul  4 08:39:09 2022
Iteration 5 (200 requested)
Beginning iteration 5
24 segments remain in iteration 5 (24 total)
MAB binning in use.
1 of 37 (2.702703%) active bins are populated
per-bin minimum non-zero probability:       1
per-bin maximum probability:                1
per-bin probability dynamic range (kT):     0
per-segment minimum non-zero probability:   0.0015625
per-segment maximum non-zero probability:   0.175
per-segment probability dynamic range (kT): 4.7185
norm = 1, error in norm = 0 (0*epsilon)
################ MAB stats ################
minima in each dimension:      [0.474, 0.4357, 1.5066]
maxima in each dimension:      [1.8736, 1.1493, 1.9273]
direction in each dimension:   [1, 1, 1]
skip in each dimension:        [0, 0, 1]
###########################################
Iteration wallclock: 0:27:22.668567, cputime: 0:39:13.737334


Mon Jul  4 09:06:32 2022
Iteration 6 (200 requested)
Beginning iteration 6
40 segments remain in iteration 6 (40 total)
MAB binning in use.
1 of 37 (2.702703%) active bins are populated
per-bin minimum non-zero probability:       1
per-bin maximum probability:                1
per-bin probability dynamic range (kT):     0
per-segment minimum non-zero probability:   0.000195313
per-segment maximum non-zero probability:   0.175
per-segment probability dynamic range (kT): 6.79794
norm = 1, error in norm = 0 (0*epsilon)
################ MAB stats ################
minima in each dimension:      [0.4368, 0.3014, 1.5952]
maxima in each dimension:      [2.0021, 1.24, 1.8942]
direction in each dimension:   [1, 1, 1]
skip in each dimension:        [0, 0, 1]
###########################################
Iteration wallclock: 0:52:29.751855, cputime: 1:05:21.969038


Mon Jul  4 09:59:02 2022
Iteration 7 (200 requested)
Beginning iteration 7
40 segments remain in iteration 7 (40 total)
MAB binning in use.
1 of 37 (2.702703%) active bins are populated
per-bin minimum non-zero probability:       1
per-bin maximum probability:                1
per-bin probability dynamic range (kT):     0
per-segment minimum non-zero probability:   0.000219727
per-segment maximum non-zero probability:   0.1125
per-segment probability dynamic range (kT): 6.23832
norm = 1, error in norm = 0 (0*epsilon)
################ MAB stats ################
minima in each dimension:      [0.4687, 0.4626, 1.6116]
maxima in each dimension:      [2.0902, 1.0973, 1.8861]
direction in each dimension:   [1, 1, 1]
skip in each dimension:        [0, 0, 1]
###########################################
Iteration wallclock: 0:45:54.334039, cputime: 1:05:28.146473


Mon Jul  4 10:44:56 2022
Iteration 8 (200 requested)
Beginning iteration 8
40 segments remain in iteration 8 (40 total)
MAB binning in use.
1 of 37 (2.702703%) active bins are populated
per-bin minimum non-zero probability:       1
per-bin maximum probability:                1
per-bin probability dynamic range (kT):     0
per-segment minimum non-zero probability:   2.74658e-05
per-segment maximum non-zero probability:   0.184375
per-segment probability dynamic range (kT): 8.81178
norm = 1, error in norm = 0 (0*epsilon)
################ MAB stats ################
minima in each dimension:      [0.5633, 0.5523, 1.5553]
maxima in each dimension:      [2.2139, 1.2854, 1.8769]
direction in each dimension:   [1, 1, 1]
skip in each dimension:        [0, 0, 1]
###########################################
Iteration wallclock: 0:46:41.261629, cputime: 1:05:25.639428


Mon Jul  4 11:31:37 2022
Iteration 9 (200 requested)
Beginning iteration 9
32 segments remain in iteration 9 (32 total)
MAB binning in use.
1 of 37 (2.702703%) active bins are populated
per-bin minimum non-zero probability:       1
per-bin maximum probability:                1
per-bin probability dynamic range (kT):     0
per-segment minimum non-zero probability:   0.000341797
per-segment maximum non-zero probability:   0.184375
per-segment probability dynamic range (kT): 6.29051
norm = 1, error in norm = 0 (0*epsilon)
################ MAB stats ################
minima in each dimension:      [0.6598, 0.5961, 1.5875]
maxima in each dimension:      [2.458, 1.2764, 1.8776]
direction in each dimension:   [1, 1, 1]
skip in each dimension:        [0, 0, 1]
###########################################
Iteration wallclock: 0:36:26.383717, cputime: 0:52:21.141612


Mon Jul  4 12:08:04 2022
Iteration 10 (200 requested)
Beginning iteration 10
40 segments remain in iteration 10 (40 total)
MAB binning in use.
1 of 37 (2.702703%) active bins are populated
per-bin minimum non-zero probability:       1
per-bin maximum probability:                1
per-bin probability dynamic range (kT):     0
per-segment minimum non-zero probability:   4.27246e-05
per-segment maximum non-zero probability:   0.128125
per-segment probability dynamic range (kT): 8.00599
norm = 1, error in norm = 0 (0*epsilon)
################ MAB stats ################
minima in each dimension:      [0.702, 0.5205, 1.5664]
maxima in each dimension:      [2.4258, 1.3272, 1.8322]
direction in each dimension:   [1, 1, 1]
skip in each dimension:        [0, 0, 1]
###########################################
Iteration wallclock: 0:45:47.219313, cputime: 1:05:20.438440


Mon Jul  4 12:53:51 2022
Iteration 11 (200 requested)
Beginning iteration 11
40 segments remain in iteration 11 (40 total)
MAB binning in use.
1 of 37 (2.702703%) active bins are populated
per-bin minimum non-zero probability:       1
per-bin maximum probability:                1
per-bin probability dynamic range (kT):     0
per-segment minimum non-zero probability:   5.34058e-06
per-segment maximum non-zero probability:   0.157477
per-segment probability dynamic range (kT): 10.2917
norm = 1, error in norm = 0 (0*epsilon)
################ MAB stats ################
minima in each dimension:      [0.7537, 0.4926, 1.5865]
maxima in each dimension:      [2.1683, 1.2909, 1.8843]
direction in each dimension:   [1, 1, 1]
skip in each dimension:        [0, 0, 1]
###########################################
Iteration wallclock: 0:45:29.636431, cputime: 1:05:28.871839


Mon Jul  4 13:39:21 2022
Iteration 12 (200 requested)
Beginning iteration 12
32 segments remain in iteration 12 (32 total)
MAB binning in use.
1 of 37 (2.702703%) active bins are populated
per-bin minimum non-zero probability:       1
per-bin maximum probability:                1
per-bin probability dynamic range (kT):     0
per-segment minimum non-zero probability:   6.67572e-07
per-segment maximum non-zero probability:   0.157477
per-segment probability dynamic range (kT): 12.3711
norm = 1, error in norm = 0 (0*epsilon)
################ MAB stats ################
minima in each dimension:      [0.6853, 0.5091, 1.476]
maxima in each dimension:      [2.2451, 1.4472, 1.8682]
direction in each dimension:   [1, 1, 1]
skip in each dimension:        [0, 0, 1]
###########################################
Iteration wallclock: 0:36:23.589134, cputime: 0:52:20.291158


Mon Jul  4 14:15:44 2022
Iteration 13 (200 requested)
Beginning iteration 13
40 segments remain in iteration 13 (40 total)
MAB binning in use.
1 of 37 (2.702703%) active bins are populated
per-bin minimum non-zero probability:       1
per-bin maximum probability:                1
per-bin probability dynamic range (kT):     0
per-segment minimum non-zero probability:   8.34465e-08
per-segment maximum non-zero probability:   0.157477
per-segment probability dynamic range (kT): 14.4506
norm = 1, error in norm = 0 (0*epsilon)
################ MAB stats ################
minima in each dimension:      [0.4309, 0.3413, 1.6096]
maxima in each dimension:      [2.5589, 1.5389, 1.8675]
direction in each dimension:   [1, 1, 1]
skip in each dimension:        [0, 0, 1]
###########################################
Iteration wallclock: 0:46:18.199214, cputime: 1:05:29.007958


Mon Jul  4 15:02:03 2022
Iteration 14 (200 requested)
Beginning iteration 14
32 segments remain in iteration 14 (32 total)
MAB binning in use.
1 of 37 (2.702703%) active bins are populated
per-bin minimum non-zero probability:       1
per-bin maximum probability:                1
per-bin probability dynamic range (kT):     0
per-segment minimum non-zero probability:   1.04308e-08
per-segment maximum non-zero probability:   0.186046
per-segment probability dynamic range (kT): 16.6967
norm = 1, error in norm = 0 (0*epsilon)
################ MAB stats ################
minima in each dimension:      [0.6737, 0.4326, 1.5889]
maxima in each dimension:      [2.3739, 1.569, 1.9039]
direction in each dimension:   [1, 1, 1]
skip in each dimension:        [0, 0, 1]
###########################################
Iteration wallclock: 0:36:31.726572, cputime: 0:52:20.425474


Mon Jul  4 15:38:34 2022
Iteration 15 (200 requested)
Beginning iteration 15
40 segments remain in iteration 15 (40 total)
MAB binning in use.
1 of 37 (2.702703%) active bins are populated
per-bin minimum non-zero probability:       1
per-bin maximum probability:                1
per-bin probability dynamic range (kT):     0
per-segment minimum non-zero probability:   1.30385e-09
per-segment maximum non-zero probability:   0.186046
per-segment probability dynamic range (kT): 18.7762
norm = 1, error in norm = 0 (0*epsilon)
################ MAB stats ################
minima in each dimension:      [0.5512, 0.3687, 1.569]
maxima in each dimension:      [2.7804, 1.6916, 1.8554]
direction in each dimension:   [1, 1, 1]
skip in each dimension:        [0, 0, 1]
###########################################
Iteration wallclock: 0:53:00.217093, cputime: 1:05:31.616270


Mon Jul  4 16:31:34 2022
Iteration 16 (200 requested)
Beginning iteration 16
32 segments remain in iteration 16 (32 total)
MAB binning in use.
1 of 37 (2.702703%) active bins are populated
per-bin minimum non-zero probability:       1
per-bin maximum probability:                1
per-bin probability dynamic range (kT):     0
per-segment minimum non-zero probability:   1.62981e-10
per-segment maximum non-zero probability:   0.186046
per-segment probability dynamic range (kT): 20.8556
norm = 1, error in norm = 0 (0*epsilon)
################ MAB stats ################
minima in each dimension:      [0.6772, 0.5629, 1.6475]
maxima in each dimension:      [2.5794, 1.4774, 1.8698]
direction in each dimension:   [1, 1, 1]
skip in each dimension:        [0, 0, 1]
###########################################
Iteration wallclock: 0:36:39.521636, cputime: 0:52:26.595325


Mon Jul  4 17:08:14 2022
Iteration 17 (200 requested)
Beginning iteration 17
40 segments remain in iteration 17 (40 total)
MAB binning in use.
1 of 37 (2.702703%) active bins are populated
per-bin minimum non-zero probability:       1
per-bin maximum probability:                1
per-bin probability dynamic range (kT):     0
per-segment minimum non-zero probability:   2.03727e-11
per-segment maximum non-zero probability:   0.124219
per-segment probability dynamic range (kT): 22.5311
norm = 1, error in norm = 0 (0*epsilon)
################ MAB stats ################
minima in each dimension:      [0.686, 0.5419, 1.5553]
maxima in each dimension:      [2.7484, 1.5969, 1.9089]
direction in each dimension:   [1, 1, 1]
skip in each dimension:        [0, 0, 1]
###########################################
Iteration wallclock: 0:45:39.522130, cputime: 1:05:37.429043


Mon Jul  4 17:53:54 2022
Iteration 18 (200 requested)
Beginning iteration 18
32 segments remain in iteration 18 (32 total)
MAB binning in use.
1 of 37 (2.702703%) active bins are populated
per-bin minimum non-zero probability:       1
per-bin maximum probability:                1
per-bin probability dynamic range (kT):     0
per-segment minimum non-zero probability:   2.54659e-12
per-segment maximum non-zero probability:   0.180813
per-segment probability dynamic range (kT): 24.986
norm = 1, error in norm = 0 (0*epsilon)
################ MAB stats ################
minima in each dimension:      [0.6803, 0.5161, 1.6059]
maxima in each dimension:      [2.4124, 1.4037, 1.9252]
direction in each dimension:   [1, 1, 1]
skip in each dimension:        [0, 0, 1]
###########################################
Iteration wallclock: 0:36:33.355469, cputime: 0:52:30.080124


Mon Jul  4 18:30:27 2022
Iteration 19 (200 requested)
Beginning iteration 19
26 segments remain in iteration 19 (26 total)
MAB binning in use.
1 of 37 (2.702703%) active bins are populated
per-bin minimum non-zero probability:       1
per-bin maximum probability:                1
per-bin probability dynamic range (kT):     0
per-segment minimum non-zero probability:   1.27329e-12
per-segment maximum non-zero probability:   0.180813
per-segment probability dynamic range (kT): 25.6791
norm = 1, error in norm = -1.11022e-16 (-0.5*epsilon)
################ MAB stats ################
minima in each dimension:      [0.4352, 0.4689, 1.6039]
maxima in each dimension:      [2.307, 1.4016, 1.8306]
direction in each dimension:   [1, 1, 1]
skip in each dimension:        [0, 0, 1]
###########################################
Iteration wallclock: 0:29:43.726788, cputime: 0:42:38.702869


Mon Jul  4 19:00:11 2022
Iteration 20 (200 requested)
Beginning iteration 20
40 segments remain in iteration 20 (40 total)
MAB binning in use.
1 of 37 (2.702703%) active bins are populated
per-bin minimum non-zero probability:       1
per-bin maximum probability:                1
per-bin probability dynamic range (kT):     0
per-segment minimum non-zero probability:   3.84465e-05
per-segment maximum non-zero probability:   0.130351
per-segment probability dynamic range (kT): 8.12872
norm = 1, error in norm = 0 (0*epsilon)
################ MAB stats ################
minima in each dimension:      [0.345, 0.2943, 1.6015]
maxima in each dimension:      [3.0571, 1.4888, 1.859]
direction in each dimension:   [1, 1, 1]
skip in each dimension:        [0, 0, 1]
###########################################
Iteration wallclock: 0:47:35.597054, cputime: 1:05:35.049493


Mon Jul  4 19:47:46 2022
Iteration 21 (200 requested)
Beginning iteration 21
40 segments remain in iteration 21 (40 total)
MAB binning in use.
1 of 37 (2.702703%) active bins are populated
per-bin minimum non-zero probability:       1
per-bin maximum probability:                1
per-bin probability dynamic range (kT):     0
per-segment minimum non-zero probability:   4.80581e-06
per-segment maximum non-zero probability:   0.124219
per-segment probability dynamic range (kT): 10.16
norm = 1, error in norm = -1.11022e-16 (-0.5*epsilon)
################ MAB stats ################
minima in each dimension:      [0.6443, 0.4685, 1.646]
maxima in each dimension:      [2.8907, 1.405, 1.857]
direction in each dimension:   [1, 1, 1]
skip in each dimension:        [0, 0, 1]
###########################################
Iteration wallclock: 0:45:51.187069, cputime: 1:05:36.974939


Mon Jul  4 20:33:37 2022
Iteration 22 (200 requested)
Beginning iteration 22
40 segments remain in iteration 22 (40 total)
MAB binning in use.
1 of 37 (2.702703%) active bins are populated
per-bin minimum non-zero probability:       1
per-bin maximum probability:                1
per-bin probability dynamic range (kT):     0
per-segment minimum non-zero probability:   6.00726e-07
per-segment maximum non-zero probability:   0.139288
per-segment probability dynamic range (kT): 12.3539
norm = 1, error in norm = 0 (0*epsilon)
################ MAB stats ################
minima in each dimension:      [0.6817, 0.4674, 1.5283]
maxima in each dimension:      [2.9381, 1.4476, 1.9004]
direction in each dimension:   [1, 1, 1]
skip in each dimension:        [0, 0, 1]
###########################################
Iteration wallclock: 1:00:10.120203, cputime: 1:05:31.026752


Mon Jul  4 21:33:48 2022
Iteration 23 (200 requested)
Beginning iteration 23
32 segments remain in iteration 23 (32 total)
MAB binning in use.
1 of 37 (2.702703%) active bins are populated
per-bin minimum non-zero probability:       1
per-bin maximum probability:                1
per-bin probability dynamic range (kT):     0
per-segment minimum non-zero probability:   7.50908e-08
per-segment maximum non-zero probability:   0.186595
per-segment probability dynamic range (kT): 14.7258
norm = 1, error in norm = 0 (0*epsilon)
################ MAB stats ################
minima in each dimension:      [0.5993, 0.4159, 1.5548]
maxima in each dimension:      [3.0251, 1.4026, 1.9031]
direction in each dimension:   [1, 1, 1]
skip in each dimension:        [0, 0, 1]
###########################################
Iteration wallclock: 0:40:10.009623, cputime: 0:52:26.121710


Mon Jul  4 22:13:58 2022
Iteration 24 (200 requested)
Beginning iteration 24
40 segments remain in iteration 24 (40 total)
MAB binning in use.
1 of 37 (2.702703%) active bins are populated
per-bin minimum non-zero probability:       1
per-bin maximum probability:                1
per-bin probability dynamic range (kT):     0
per-segment minimum non-zero probability:   9.38635e-09
per-segment maximum non-zero probability:   0.139288
per-segment probability dynamic range (kT): 16.5128
norm = 1, error in norm = 0 (0*epsilon)
################ MAB stats ################
minima in each dimension:      [0.6595, 0.5295, 1.5902]
maxima in each dimension:      [2.996, 1.5134, 1.8953]
direction in each dimension:   [1, 1, 1]
skip in each dimension:        [0, 0, 1]
###########################################
Iteration wallclock: 0:45:40.274931, cputime: 1:05:39.221238


Mon Jul  4 22:59:38 2022
Iteration 25 (200 requested)
Beginning iteration 25
40 segments remain in iteration 25 (40 total)
MAB binning in use.
1 of 37 (2.702703%) active bins are populated
per-bin minimum non-zero probability:       1
per-bin maximum probability:                1
per-bin probability dynamic range (kT):     0
per-segment minimum non-zero probability:   1.17329e-09
per-segment maximum non-zero probability:   0.139288
per-segment probability dynamic range (kT): 18.5922
norm = 1, error in norm = 0 (0*epsilon)
################ MAB stats ################
minima in each dimension:      [0.6838, 0.6183, 1.6094]
maxima in each dimension:      [2.9799, 1.3523, 1.843]
direction in each dimension:   [1, 1, 1]
skip in each dimension:        [0, 0, 1]
###########################################
Iteration wallclock: 0:45:53.801043, cputime: 1:05:46.534776


Mon Jul  4 23:45:32 2022
Iteration 26 (200 requested)
Beginning iteration 26
40 segments remain in iteration 26 (40 total)
MAB binning in use.
1 of 37 (2.702703%) active bins are populated
per-bin minimum non-zero probability:       1
per-bin maximum probability:                1
per-bin probability dynamic range (kT):     0
per-segment minimum non-zero probability:   1.46662e-10
per-segment maximum non-zero probability:   0.176511
per-segment probability dynamic range (kT): 20.9085
norm = 1, error in norm = 0 (0*epsilon)
################ MAB stats ################
minima in each dimension:      [0.628, 0.5942, 1.5528]
maxima in each dimension:      [3.0067, 1.3711, 1.9431]
direction in each dimension:   [1, 1, 1]
skip in each dimension:        [0, 0, 1]
###########################################
Iteration wallclock: 0:55:01.338226, cputime: 1:05:54.425860


Tue Jul  5 00:40:33 2022
Iteration 27 (200 requested)
Beginning iteration 27
32 segments remain in iteration 27 (32 total)
MAB binning in use.
1 of 37 (2.702703%) active bins are populated
per-bin minimum non-zero probability:       1
per-bin maximum probability:                1
per-bin probability dynamic range (kT):     0
per-segment minimum non-zero probability:   1.83327e-11
per-segment maximum non-zero probability:   0.139288
per-segment probability dynamic range (kT): 22.7511
norm = 1, error in norm = 0 (0*epsilon)
################ MAB stats ################
minima in each dimension:      [0.493, 0.4062, 1.6086]
maxima in each dimension:      [2.9057, 1.4632, 1.8587]
direction in each dimension:   [1, 1, 1]
skip in each dimension:        [0, 0, 1]
###########################################
Iteration wallclock: 0:36:53.737429, cputime: 0:52:50.164931


Tue Jul  5 01:17:27 2022
Iteration 28 (200 requested)
Beginning iteration 28
32 segments remain in iteration 28 (32 total)
MAB binning in use.
1 of 37 (2.702703%) active bins are populated
per-bin minimum non-zero probability:       1
per-bin maximum probability:                1
per-bin probability dynamic range (kT):     0
per-segment minimum non-zero probability:   2.29159e-12
per-segment maximum non-zero probability:   0.166812
per-segment probability dynamic range (kT): 25.0109
norm = 1, error in norm = 0 (0*epsilon)
################ MAB stats ################
minima in each dimension:      [0.6525, 0.6631, 1.6111]
maxima in each dimension:      [3.2366, 1.4632, 1.872]
direction in each dimension:   [1, 1, 1]
skip in each dimension:        [0, 0, 1]
###########################################
Iteration wallclock: 0:36:54.881950, cputime: 0:52:53.493116


Tue Jul  5 01:54:22 2022
Iteration 29 (200 requested)
Beginning iteration 29
26 segments remain in iteration 29 (26 total)
MAB binning in use.
1 of 37 (2.702703%) active bins are populated
per-bin minimum non-zero probability:       1
per-bin maximum probability:                1
per-bin probability dynamic range (kT):     0
per-segment minimum non-zero probability:   1.14579e-12
per-segment maximum non-zero probability:   0.166812
per-segment probability dynamic range (kT): 25.704
norm = 1, error in norm = 0 (0*epsilon)
################ MAB stats ################
minima in each dimension:      [0.8801, 0.6211, 1.5879]
maxima in each dimension:      [3.0441, 1.3842, 1.8659]
direction in each dimension:   [1, 1, 1]
skip in each dimension:        [0, 0, 1]
###########################################
Iteration wallclock: 0:38:45.979625, cputime: 0:42:48.780610


Tue Jul  5 02:33:08 2022
Iteration 30 (200 requested)
Beginning iteration 30
25 segments remain in iteration 30 (25 total)
MAB binning in use.
1 of 37 (2.702703%) active bins are populated
per-bin minimum non-zero probability:       1
per-bin maximum probability:                1
per-bin probability dynamic range (kT):     0
per-segment minimum non-zero probability:   1.14579e-12
per-segment maximum non-zero probability:   0.166812
per-segment probability dynamic range (kT): 25.704
norm = 1, error in norm = 2.22045e-16 (1*epsilon)
################ MAB stats ################
minima in each dimension:      [0.9369, 0.6298, 1.6462]
maxima in each dimension:      [2.6631, 1.4968, 1.9002]
direction in each dimension:   [1, 1, 1]
skip in each dimension:        [0, 0, 1]
###########################################
Iteration wallclock: 0:29:29.205353, cputime: 0:41:11.211576


Tue Jul  5 03:02:37 2022
Iteration 31 (200 requested)
Beginning iteration 31
24 segments remain in iteration 31 (24 total)
MAB binning in use.
1 of 37 (2.702703%) active bins are populated
per-bin minimum non-zero probability:       1
per-bin maximum probability:                1
per-bin probability dynamic range (kT):     0
per-segment minimum non-zero probability:   0.00194092
per-segment maximum non-zero probability:   0.166812
per-segment probability dynamic range (kT): 4.45371
norm = 1, error in norm = 0 (0*epsilon)
################ MAB stats ################
minima in each dimension:      [0.532, 0.6131, 1.5441]
maxima in each dimension:      [2.3537, 1.3027, 1.8314]
direction in each dimension:   [1, 1, 1]
skip in each dimension:        [0, 0, 1]
###########################################
Iteration wallclock: 0:27:44.189992, cputime: 0:39:37.504000


Tue Jul  5 03:30:21 2022
Iteration 32 (200 requested)
Beginning iteration 32
32 segments remain in iteration 32 (32 total)
MAB binning in use.
1 of 37 (2.702703%) active bins are populated
per-bin minimum non-zero probability:       1
per-bin maximum probability:                1
per-bin probability dynamic range (kT):     0
per-segment minimum non-zero probability:   0.000242615
per-segment maximum non-zero probability:   0.166812
per-segment probability dynamic range (kT): 6.53315
norm = 1, error in norm = 0 (0*epsilon)
################ MAB stats ################
minima in each dimension:      [0.6571, 0.5762, 1.5805]
maxima in each dimension:      [2.2809, 1.4505, 1.8405]
direction in each dimension:   [1, 1, 1]
skip in each dimension:        [0, 0, 1]
###########################################
Iteration wallclock: 0:36:54.953914, cputime: 0:52:54.184784


Tue Jul  5 04:07:16 2022
Iteration 33 (200 requested)
Beginning iteration 33
32 segments remain in iteration 33 (32 total)
MAB binning in use.
1 of 37 (2.702703%) active bins are populated
per-bin minimum non-zero probability:       1
per-bin maximum probability:                1
per-bin probability dynamic range (kT):     0
per-segment minimum non-zero probability:   0.000195091
per-segment maximum non-zero probability:   0.139288
per-segment probability dynamic range (kT): 6.57083
norm = 1, error in norm = 0 (0*epsilon)
################ MAB stats ################
minima in each dimension:      [0.7815, 0.6081, 1.5322]
maxima in each dimension:      [2.681, 1.5277, 1.8333]
direction in each dimension:   [1, 1, 1]
skip in each dimension:        [0, 0, 1]
###########################################
Iteration wallclock: 0:37:03.028721, cputime: 0:52:56.209062


Tue Jul  5 04:44:19 2022
Iteration 34 (200 requested)
Beginning iteration 34
32 segments remain in iteration 34 (32 total)
MAB binning in use.
1 of 37 (2.702703%) active bins are populated
per-bin minimum non-zero probability:       1
per-bin maximum probability:                1
per-bin probability dynamic range (kT):     0
per-segment minimum non-zero probability:   2.43864e-05
per-segment maximum non-zero probability:   0.139288
per-segment probability dynamic range (kT): 8.65028
norm = 1, error in norm = 0 (0*epsilon)
################ MAB stats ################
minima in each dimension:      [1.0518, 0.6337, 1.6088]
maxima in each dimension:      [2.3951, 1.6845, 1.9146]
direction in each dimension:   [1, 1, 1]
skip in each dimension:        [0, 0, 1]
###########################################
Iteration wallclock: 0:41:13.363794, cputime: 0:52:49.104210


Tue Jul  5 05:25:32 2022
Iteration 35 (200 requested)
Beginning iteration 35
32 segments remain in iteration 35 (32 total)
MAB binning in use.
1 of 37 (2.702703%) active bins are populated
per-bin minimum non-zero probability:       1
per-bin maximum probability:                1
per-bin probability dynamic range (kT):     0
per-segment minimum non-zero probability:   3.0483e-06
per-segment maximum non-zero probability:   0.191185
per-segment probability dynamic range (kT): 11.0464
norm = 1, error in norm = 0 (0*epsilon)
################ MAB stats ################
minima in each dimension:      [0.7616, 0.5459, 1.5347]
maxima in each dimension:      [2.9166, 1.6166, 1.8408]
direction in each dimension:   [1, 1, 1]
skip in each dimension:        [0, 0, 1]
###########################################
Iteration wallclock: 0:44:15.172234, cputime: 0:52:49.203921


Tue Jul  5 06:09:48 2022
Iteration 36 (200 requested)
Beginning iteration 36
32 segments remain in iteration 36 (32 total)
MAB binning in use.
1 of 37 (2.702703%) active bins are populated
per-bin minimum non-zero probability:       1
per-bin maximum probability:                1
per-bin probability dynamic range (kT):     0
per-segment minimum non-zero probability:   0.000197241
per-segment maximum non-zero probability:   0.139288
per-segment probability dynamic range (kT): 6.55988
norm = 1, error in norm = 0 (0*epsilon)
################ MAB stats ################
minima in each dimension:      [1.1787, 0.7466, 1.5635]
maxima in each dimension:      [2.5931, 1.5037, 1.8682]
direction in each dimension:   [1, 1, 1]
skip in each dimension:        [0, 0, 1]
###########################################
Iteration wallclock: 0:36:57.080346, cputime: 0:52:52.932047


Tue Jul  5 06:46:45 2022
Iteration 37 (200 requested)
Beginning iteration 37
40 segments remain in iteration 37 (40 total)
MAB binning in use.
1 of 37 (2.702703%) active bins are populated
per-bin minimum non-zero probability:       1
per-bin maximum probability:                1
per-bin probability dynamic range (kT):     0
per-segment minimum non-zero probability:   0.00166843
per-segment maximum non-zero probability:   0.139288
per-segment probability dynamic range (kT): 4.42466
norm = 1, error in norm = 2.22045e-16 (1*epsilon)
################ MAB stats ################
minima in each dimension:      [0.7797, 0.5345, 1.6073]
maxima in each dimension:      [2.7986, 1.5611, 1.8352]
direction in each dimension:   [1, 1, 1]
skip in each dimension:        [0, 0, 1]
###########################################
Iteration wallclock: 0:46:07.709196, cputime: 1:06:12.512317


Tue Jul  5 07:32:52 2022
Iteration 38 (200 requested)
Beginning iteration 38
40 segments remain in iteration 38 (40 total)
MAB binning in use.
1 of 37 (2.702703%) active bins are populated
per-bin minimum non-zero probability:       1
per-bin maximum probability:                1
per-bin probability dynamic range (kT):     0
per-segment minimum non-zero probability:   0.000208554
per-segment maximum non-zero probability:   0.139288
per-segment probability dynamic range (kT): 6.5041
norm = 1, error in norm = 0 (0*epsilon)
################ MAB stats ################
minima in each dimension:      [0.8062, 0.6282, 1.63]
maxima in each dimension:      [2.8732, 1.4399, 1.8462]
direction in each dimension:   [1, 1, 1]
skip in each dimension:        [0, 0, 1]
###########################################
Iteration wallclock: 0:46:14.377200, cputime: 1:06:10.761454


Tue Jul  5 08:19:07 2022
Iteration 39 (200 requested)
Beginning iteration 39
32 segments remain in iteration 39 (32 total)
MAB binning in use.
1 of 37 (2.702703%) active bins are populated
per-bin minimum non-zero probability:       1
per-bin maximum probability:                1
per-bin probability dynamic range (kT):     0
per-segment minimum non-zero probability:   0.000186705
per-segment maximum non-zero probability:   0.191258
per-segment probability dynamic range (kT): 6.93185
norm = 1, error in norm = 0 (0*epsilon)
################ MAB stats ################
minima in each dimension:      [0.7855, 0.6012, 1.5565]
maxima in each dimension:      [2.8996, 1.3666, 1.8804]
direction in each dimension:   [1, 1, 1]
skip in each dimension:        [0, 0, 1]
###########################################
Iteration wallclock: 0:37:07.040592, cputime: 0:52:50.140416


Tue Jul  5 08:56:14 2022
Iteration 40 (200 requested)
Beginning iteration 40
32 segments remain in iteration 40 (32 total)
MAB binning in use.
1 of 37 (2.702703%) active bins are populated
per-bin minimum non-zero probability:       1
per-bin maximum probability:                1
per-bin probability dynamic range (kT):     0
per-segment minimum non-zero probability:   0.000185567
per-segment maximum non-zero probability:   0.191258
per-segment probability dynamic range (kT): 6.93796
norm = 1, error in norm = 0 (0*epsilon)
################ MAB stats ################
minima in each dimension:      [1.0163, 0.5448, 1.6073]
maxima in each dimension:      [2.5384, 1.561, 1.9019]
direction in each dimension:   [1, 1, 1]
skip in each dimension:        [0, 0, 1]
###########################################
Iteration wallclock: 0:42:28.709975, cputime: 0:52:47.124816


Tue Jul  5 09:38:42 2022
Iteration 41 (200 requested)
Beginning iteration 41
40 segments remain in iteration 41 (40 total)
MAB binning in use.
1 of 37 (2.702703%) active bins are populated
per-bin minimum non-zero probability:       1
per-bin maximum probability:                1
per-bin probability dynamic range (kT):     0
per-segment minimum non-zero probability:   2.31958e-05
per-segment maximum non-zero probability:   0.191258
per-segment probability dynamic range (kT): 9.0174
norm = 1, error in norm = 0 (0*epsilon)
################ MAB stats ################
minima in each dimension:      [0.7368, 0.5736, 1.6091]
maxima in each dimension:      [2.9765, 1.3891, 1.8696]
direction in each dimension:   [1, 1, 1]
skip in each dimension:        [0, 0, 1]
###########################################
Iteration wallclock: 0:46:08.250697, cputime: 1:06:13.095298


Tue Jul  5 10:24:51 2022
Iteration 42 (200 requested)
Beginning iteration 42
32 segments remain in iteration 42 (32 total)
MAB binning in use.
1 of 37 (2.702703%) active bins are populated
per-bin minimum non-zero probability:       1
per-bin maximum probability:                1
per-bin probability dynamic range (kT):     0
per-segment minimum non-zero probability:   2.89948e-06
per-segment maximum non-zero probability:   0.191258
per-segment probability dynamic range (kT): 11.0968
norm = 1, error in norm = 0 (0*epsilon)
################ MAB stats ################
minima in each dimension:      [0.566, 0.533, 1.6204]
maxima in each dimension:      [2.4753, 1.5463, 1.8467]
direction in each dimension:   [1, 1, 1]
skip in each dimension:        [0, 0, 1]
###########################################
Iteration wallclock: 0:37:02.449461, cputime: 0:53:09.077339


Tue Jul  5 11:01:53 2022
Iteration 43 (200 requested)
Beginning iteration 43
32 segments remain in iteration 43 (32 total)
MAB binning in use.
1 of 37 (2.702703%) active bins are populated
per-bin minimum non-zero probability:       1
per-bin maximum probability:                1
per-bin probability dynamic range (kT):     0
per-segment minimum non-zero probability:   3.62435e-07
per-segment maximum non-zero probability:   0.124057
per-segment probability dynamic range (kT): 12.7434
norm = 1, error in norm = 0 (0*epsilon)
################ MAB stats ################
minima in each dimension:      [0.6283, 0.4282, 1.5918]
maxima in each dimension:      [2.3027, 1.4605, 1.8743]
direction in each dimension:   [1, 1, 1]
skip in each dimension:        [0, 0, 1]
###########################################
Iteration wallclock: 0:37:04.644394, cputime: 0:53:08.448724


Tue Jul  5 11:38:58 2022
Iteration 44 (200 requested)
Beginning iteration 44
32 segments remain in iteration 44 (32 total)
MAB binning in use.
1 of 37 (2.702703%) active bins are populated
per-bin minimum non-zero probability:       1
per-bin maximum probability:                1
per-bin probability dynamic range (kT):     0
per-segment minimum non-zero probability:   4.53044e-08
per-segment maximum non-zero probability:   0.191258
per-segment probability dynamic range (kT): 15.2557
norm = 1, error in norm = 0 (0*epsilon)
################ MAB stats ################
minima in each dimension:      [0.6452, 0.5214, 1.5911]
maxima in each dimension:      [2.368, 1.3873, 1.8296]
direction in each dimension:   [1, 1, 1]
skip in each dimension:        [0, 0, 1]
###########################################
Iteration wallclock: 0:42:43.237043, cputime: 0:52:55.103289


Tue Jul  5 12:21:41 2022
Iteration 45 (200 requested)
Beginning iteration 45
40 segments remain in iteration 45 (40 total)
MAB binning in use.
1 of 37 (2.702703%) active bins are populated
per-bin minimum non-zero probability:       1
per-bin maximum probability:                1
per-bin probability dynamic range (kT):     0
per-segment minimum non-zero probability:   5.66305e-09
per-segment maximum non-zero probability:   0.191258
per-segment probability dynamic range (kT): 17.3352
norm = 1, error in norm = 0 (0*epsilon)
################ MAB stats ################
minima in each dimension:      [0.9126, 0.6339, 1.5002]
maxima in each dimension:      [2.6768, 1.5235, 1.9402]
direction in each dimension:   [1, 1, 1]
skip in each dimension:        [0, 0, 1]
###########################################
Iteration wallclock: 0:46:15.925406, cputime: 1:06:22.196631


Tue Jul  5 13:07:57 2022
Iteration 46 (200 requested)
Beginning iteration 46
40 segments remain in iteration 46 (40 total)
MAB binning in use.
1 of 37 (2.702703%) active bins are populated
per-bin minimum non-zero probability:       1
per-bin maximum probability:                1
per-bin probability dynamic range (kT):     0
per-segment minimum non-zero probability:   7.07881e-10
per-segment maximum non-zero probability:   0.191258
per-segment probability dynamic range (kT): 19.4146
norm = 1, error in norm = -1.11022e-16 (-0.5*epsilon)
################ MAB stats ################
minima in each dimension:      [1.3285, 0.7793, 1.5946]
maxima in each dimension:      [2.6121, 1.462, 1.8947]
direction in each dimension:   [1, 1, 1]
skip in each dimension:        [0, 0, 1]
###########################################
Iteration wallclock: 0:46:30.439497, cputime: 1:06:20.673745


Tue Jul  5 13:54:27 2022
Iteration 47 (200 requested)
Beginning iteration 47
40 segments remain in iteration 47 (40 total)
MAB binning in use.
1 of 37 (2.702703%) active bins are populated
per-bin minimum non-zero probability:       1
per-bin maximum probability:                1
per-bin probability dynamic range (kT):     0
per-segment minimum non-zero probability:   8.84851e-11
per-segment maximum non-zero probability:   0.191258
per-segment probability dynamic range (kT): 21.4941
norm = 1, error in norm = 0 (0*epsilon)
################ MAB stats ################
minima in each dimension:      [0.8374, 0.6484, 1.638]
maxima in each dimension:      [2.7398, 1.6755, 1.8653]
direction in each dimension:   [1, 1, 1]
skip in each dimension:        [0, 0, 1]
###########################################
Iteration wallclock: 0:46:25.601454, cputime: 1:06:24.848685


Tue Jul  5 14:40:53 2022
Iteration 48 (200 requested)
Beginning iteration 48
40 segments remain in iteration 48 (40 total)
MAB binning in use.
1 of 37 (2.702703%) active bins are populated
per-bin minimum non-zero probability:       1
per-bin maximum probability:                1
per-bin probability dynamic range (kT):     0
per-segment minimum non-zero probability:   1.10606e-11
per-segment maximum non-zero probability:   0.124057
per-segment probability dynamic range (kT): 23.1406
norm = 1, error in norm = 0 (0*epsilon)
################ MAB stats ################
minima in each dimension:      [0.865, 0.445, 1.6432]
maxima in each dimension:      [2.8599, 1.4977, 1.9139]
direction in each dimension:   [1, 1, 1]
skip in each dimension:        [0, 0, 1]
###########################################
Iteration wallclock: 0:46:15.084665, cputime: 1:06:27.572734


Tue Jul  5 15:27:08 2022
Iteration 49 (200 requested)
Beginning iteration 49
32 segments remain in iteration 49 (32 total)
MAB binning in use.
1 of 37 (2.702703%) active bins are populated
per-bin minimum non-zero probability:       1
per-bin maximum probability:                1
per-bin probability dynamic range (kT):     0
per-segment minimum non-zero probability:   1.38258e-12
per-segment maximum non-zero probability:   0.191258
per-segment probability dynamic range (kT): 25.6529
norm = 1, error in norm = 0 (0*epsilon)
################ MAB stats ################
minima in each dimension:      [0.6328, 0.5728, 1.6037]
maxima in each dimension:      [2.6067, 1.4552, 1.8181]
direction in each dimension:   [1, 1, 1]
skip in each dimension:        [0, 0, 1]
###########################################
Iteration wallclock: 0:45:55.312549, cputime: 0:52:59.692876


Tue Jul  5 16:13:03 2022
Iteration 50 (200 requested)
Beginning iteration 50
26 segments remain in iteration 50 (26 total)
MAB binning in use.
1 of 37 (2.702703%) active bins are populated
per-bin minimum non-zero probability:       1
per-bin maximum probability:                1
per-bin probability dynamic range (kT):     0
per-segment minimum non-zero probability:   1.38258e-12
per-segment maximum non-zero probability:   0.191258
per-segment probability dynamic range (kT): 25.6529
norm = 1, error in norm = 0 (0*epsilon)
################ MAB stats ################
minima in each dimension:      [0.7029, 0.7029, 1.4878]
maxima in each dimension:      [2.6621, 1.2814, 1.9217]
direction in each dimension:   [1, 1, 1]
skip in each dimension:        [0, 0, 1]
###########################################
Iteration wallclock: 0:30:06.223242, cputime: 0:43:11.472965


Tue Jul  5 16:43:10 2022
Iteration 51 (200 requested)
Beginning iteration 51
40 segments remain in iteration 51 (40 total)
MAB binning in use.
1 of 37 (2.702703%) active bins are populated
per-bin minimum non-zero probability:       1
per-bin maximum probability:                1
per-bin probability dynamic range (kT):     0
per-segment minimum non-zero probability:   5.85139e-08
per-segment maximum non-zero probability:   0.121882
per-segment probability dynamic range (kT): 14.5493
norm = 1, error in norm = 0 (0*epsilon)
################ MAB stats ################
minima in each dimension:      [0.664, 0.606, 1.5796]
maxima in each dimension:      [2.4054, 1.259, 1.8424]
direction in each dimension:   [1, 1, 1]
skip in each dimension:        [0, 0, 1]
###########################################
Iteration wallclock: 0:46:20.108895, cputime: 1:06:24.995950


Tue Jul  5 17:29:30 2022
Iteration 52 (200 requested)
Beginning iteration 52
40 segments remain in iteration 52 (40 total)
MAB binning in use.
1 of 37 (2.702703%) active bins are populated
per-bin minimum non-zero probability:       1
per-bin maximum probability:                1
per-bin probability dynamic range (kT):     0
per-segment minimum non-zero probability:   7.31423e-09
per-segment maximum non-zero probability:   0.164223
per-segment probability dynamic range (kT): 16.9269
norm = 1, error in norm = 0 (0*epsilon)
################ MAB stats ################
minima in each dimension:      [0.985, 0.6357, 1.6192]
maxima in each dimension:      [2.3649, 1.2898, 1.8697]
direction in each dimension:   [1, 1, 1]
skip in each dimension:        [0, 0, 1]
###########################################
Iteration wallclock: 0:46:19.758849, cputime: 1:06:24.282431


Tue Jul  5 18:15:50 2022
Iteration 53 (200 requested)
Beginning iteration 53
40 segments remain in iteration 53 (40 total)
MAB binning in use.
1 of 37 (2.702703%) active bins are populated
per-bin minimum non-zero probability:       1
per-bin maximum probability:                1
per-bin probability dynamic range (kT):     0
per-segment minimum non-zero probability:   9.14279e-10
per-segment maximum non-zero probability:   0.164223
per-segment probability dynamic range (kT): 19.0064
norm = 1, error in norm = 0 (0*epsilon)
################ MAB stats ################
minima in each dimension:      [0.7004, 0.6706, 1.641]
maxima in each dimension:      [2.2967, 1.4543, 1.8853]
direction in each dimension:   [1, 1, 1]
skip in each dimension:        [0, 0, 1]
###########################################
Iteration wallclock: 0:59:47.383998, cputime: 1:06:14.148375


Tue Jul  5 19:15:37 2022
Iteration 54 (200 requested)
Beginning iteration 54
40 segments remain in iteration 54 (40 total)
MAB binning in use.
1 of 37 (2.702703%) active bins are populated
per-bin minimum non-zero probability:       1
per-bin maximum probability:                1
per-bin probability dynamic range (kT):     0
per-segment minimum non-zero probability:   1.14285e-10
per-segment maximum non-zero probability:   0.140814
per-segment probability dynamic range (kT): 20.932
norm = 1, error in norm = 0 (0*epsilon)
################ MAB stats ################
minima in each dimension:      [0.5272, 0.4683, 1.6031]
maxima in each dimension:      [2.6927, 1.3747, 1.8829]
direction in each dimension:   [1, 1, 1]
skip in each dimension:        [0, 0, 1]
###########################################
Iteration wallclock: 0:47:33.982519, cputime: 1:06:21.480293


Tue Jul  5 20:03:11 2022
Iteration 55 (200 requested)
Beginning iteration 55
32 segments remain in iteration 55 (32 total)
MAB binning in use.
1 of 37 (2.702703%) active bins are populated
per-bin minimum non-zero probability:       1
per-bin maximum probability:                1
per-bin probability dynamic range (kT):     0
per-segment minimum non-zero probability:   5.83673e-06
per-segment maximum non-zero probability:   0.140814
per-segment probability dynamic range (kT): 10.091
norm = 1, error in norm = 0 (0*epsilon)
################ MAB stats ################
minima in each dimension:      [0.8222, 0.6078, 1.6223]
maxima in each dimension:      [2.8245, 1.621, 1.8684]
direction in each dimension:   [1, 1, 1]
skip in each dimension:        [0, 0, 1]
###########################################
Iteration wallclock: 0:37:06.775088, cputime: 0:53:06.637794


Tue Jul  5 20:40:18 2022
Iteration 56 (200 requested)
Beginning iteration 56
32 segments remain in iteration 56 (32 total)
MAB binning in use.
1 of 37 (2.702703%) active bins are populated
per-bin minimum non-zero probability:       1
per-bin maximum probability:                1
per-bin probability dynamic range (kT):     0
per-segment minimum non-zero probability:   7.29591e-07
per-segment maximum non-zero probability:   0.147755
per-segment probability dynamic range (kT): 12.2186
norm = 1, error in norm = 0 (0*epsilon)
################ MAB stats ################
minima in each dimension:      [0.9442, 0.7233, 1.5412]
maxima in each dimension:      [2.7635, 1.6703, 1.9666]
direction in each dimension:   [1, 1, 1]
skip in each dimension:        [0, 0, 1]
###########################################
Iteration wallclock: 0:36:56.834923, cputime: 0:53:06.468356


Tue Jul  5 21:17:15 2022
Iteration 57 (200 requested)
Beginning iteration 57
32 segments remain in iteration 57 (32 total)
MAB binning in use.
1 of 37 (2.702703%) active bins are populated
per-bin minimum non-zero probability:       1
per-bin maximum probability:                1
per-bin probability dynamic range (kT):     0
per-segment minimum non-zero probability:   9.11989e-08
per-segment maximum non-zero probability:   0.147755
per-segment probability dynamic range (kT): 14.298
norm = 1, error in norm = 0 (0*epsilon)
################ MAB stats ################
minima in each dimension:      [0.8481, 0.6225, 1.6354]
maxima in each dimension:      [2.7842, 1.5573, 1.8796]
direction in each dimension:   [1, 1, 1]
skip in each dimension:        [0, 0, 1]
###########################################
Iteration wallclock: 0:37:02.945860, cputime: 0:53:05.499836


Tue Jul  5 21:54:17 2022
Iteration 58 (200 requested)
Beginning iteration 58
32 segments remain in iteration 58 (32 total)
MAB binning in use.
1 of 37 (2.702703%) active bins are populated
per-bin minimum non-zero probability:       1
per-bin maximum probability:                1
per-bin probability dynamic range (kT):     0
per-segment minimum non-zero probability:   1.13999e-08
per-segment maximum non-zero probability:   0.121882
per-segment probability dynamic range (kT): 16.185
norm = 1, error in norm = 0 (0*epsilon)
################ MAB stats ################
minima in each dimension:      [0.7336, 0.6192, 1.5537]
maxima in each dimension:      [2.7573, 1.4435, 1.9058]
direction in each dimension:   [1, 1, 1]
skip in each dimension:        [0, 0, 1]
###########################################
Iteration wallclock: 0:37:04.514729, cputime: 0:53:05.192203


Tue Jul  5 22:31:22 2022
Iteration 59 (200 requested)
Beginning iteration 59
24 segments remain in iteration 59 (24 total)
MAB binning in use.
1 of 37 (2.702703%) active bins are populated
per-bin minimum non-zero probability:       1
per-bin maximum probability:                1
per-bin probability dynamic range (kT):     0
per-segment minimum non-zero probability:   1.42498e-09
per-segment maximum non-zero probability:   0.160693
per-segment probability dynamic range (kT): 18.5408
norm = 1, error in norm = 0 (0*epsilon)
################ MAB stats ################
minima in each dimension:      [0.7014, 0.4832, 1.6523]
maxima in each dimension:      [2.7271, 1.3976, 1.804]
direction in each dimension:   [1, 1, 1]
skip in each dimension:        [0, 0, 1]
###########################################
Iteration wallclock: 0:28:18.341362, cputime: 0:39:51.669718


Tue Jul  5 22:59:40 2022
Iteration 60 (200 requested)
Beginning iteration 60
32 segments remain in iteration 60 (32 total)
MAB binning in use.
1 of 37 (2.702703%) active bins are populated
per-bin minimum non-zero probability:       1
per-bin maximum probability:                1
per-bin probability dynamic range (kT):     0
per-segment minimum non-zero probability:   1.78123e-10
per-segment maximum non-zero probability:   0.160693
per-segment probability dynamic range (kT): 20.6203
norm = 1, error in norm = 0 (0*epsilon)
################ MAB stats ################
minima in each dimension:      [0.536, 0.3767, 1.6533]
maxima in each dimension:      [2.7212, 1.6829, 1.861]
direction in each dimension:   [1, 1, 1]
skip in each dimension:        [0, 0, 1]
###########################################
Iteration wallclock: 0:37:05.137204, cputime: 0:53:10.637032


Tue Jul  5 23:36:45 2022
Iteration 61 (200 requested)
Beginning iteration 61
40 segments remain in iteration 61 (40 total)
MAB binning in use.
1 of 37 (2.702703%) active bins are populated
per-bin minimum non-zero probability:       1
per-bin maximum probability:                1
per-bin probability dynamic range (kT):     0
per-segment minimum non-zero probability:   2.22653e-11
per-segment maximum non-zero probability:   0.160693
per-segment probability dynamic range (kT): 22.6997
norm = 1, error in norm = 0 (0*epsilon)
################ MAB stats ################
minima in each dimension:      [0.6736, 0.544, 1.6036]
maxima in each dimension:      [2.8654, 1.6495, 1.9167]
direction in each dimension:   [1, 1, 1]
skip in each dimension:        [0, 0, 1]
###########################################
Iteration wallclock: 0:46:16.020737, cputime: 1:06:25.153030


Wed Jul  6 00:23:01 2022
Iteration 62 (200 requested)
Beginning iteration 62
40 segments remain in iteration 62 (40 total)
MAB binning in use.
1 of 37 (2.702703%) active bins are populated
per-bin minimum non-zero probability:       1
per-bin maximum probability:                1
per-bin probability dynamic range (kT):     0
per-segment minimum non-zero probability:   2.78317e-12
per-segment maximum non-zero probability:   0.160693
per-segment probability dynamic range (kT): 24.7792
norm = 1, error in norm = 0 (0*epsilon)
################ MAB stats ################
minima in each dimension:      [1.0965, 0.6849, 1.5916]
maxima in each dimension:      [3.0087, 1.5113, 1.8687]
direction in each dimension:   [1, 1, 1]
skip in each dimension:        [0, 0, 1]
###########################################
Iteration wallclock: 0:46:21.161818, cputime: 1:06:23.139773


Wed Jul  6 01:09:23 2022
Iteration 63 (200 requested)
Beginning iteration 63
26 segments remain in iteration 63 (26 total)
MAB binning in use.
1 of 37 (2.702703%) active bins are populated
per-bin minimum non-zero probability:       1
per-bin maximum probability:                1
per-bin probability dynamic range (kT):     0
per-segment minimum non-zero probability:   1.39158e-12
per-segment maximum non-zero probability:   0.144606
per-segment probability dynamic range (kT): 25.3668
norm = 1, error in norm = 0 (0*epsilon)
################ MAB stats ################
minima in each dimension:      [0.8294, 0.5509, 1.6387]
maxima in each dimension:      [2.4292, 1.2387, 1.8745]
direction in each dimension:   [1, 1, 1]
skip in each dimension:        [0, 0, 1]
###########################################
Iteration wallclock: 0:30:02.764098, cputime: 0:43:13.013761


Wed Jul  6 01:39:25 2022
Iteration 64 (200 requested)
Beginning iteration 64
33 segments remain in iteration 64 (33 total)
MAB binning in use.
1 of 37 (2.702703%) active bins are populated
per-bin minimum non-zero probability:       1
per-bin maximum probability:                1
per-bin probability dynamic range (kT):     0
per-segment minimum non-zero probability:   1.39158e-12
per-segment maximum non-zero probability:   0.160693
per-segment probability dynamic range (kT): 25.4723
norm = 1, error in norm = 2.22045e-16 (1*epsilon)
################ MAB stats ################
minima in each dimension:      [0.7391, 0.7014, 1.6298]
maxima in each dimension:      [2.3594, 1.2311, 1.8659]
direction in each dimension:   [1, 1, 1]
skip in each dimension:        [0, 0, 1]
###########################################
Iteration wallclock: 0:38:54.011775, cputime: 0:54:44.947769


Wed Jul  6 02:18:19 2022
Iteration 65 (200 requested)
Beginning iteration 65
24 segments remain in iteration 65 (24 total)
MAB binning in use.
1 of 37 (2.702703%) active bins are populated
per-bin minimum non-zero probability:       1
per-bin maximum probability:                1
per-bin probability dynamic range (kT):     0
per-segment minimum non-zero probability:   6.97988e-09
per-segment maximum non-zero probability:   0.160693
per-segment probability dynamic range (kT): 16.952
norm = 1, error in norm = 0 (0*epsilon)
################ MAB stats ################
minima in each dimension:      [0.8802, 0.615, 1.6402]
maxima in each dimension:      [2.3232, 1.2098, 1.8694]
direction in each dimension:   [1, 1, 1]
skip in each dimension:        [0, 0, 1]
###########################################
Iteration wallclock: 0:28:07.672328, cputime: 0:39:52.167064


Wed Jul  6 02:46:27 2022
Iteration 66 (200 requested)
Beginning iteration 66
32 segments remain in iteration 66 (32 total)
MAB binning in use.
1 of 37 (2.702703%) active bins are populated
per-bin minimum non-zero probability:       1
per-bin maximum probability:                1
per-bin probability dynamic range (kT):     0
per-segment minimum non-zero probability:   0.00225946
per-segment maximum non-zero probability:   0.160693
per-segment probability dynamic range (kT): 4.26437
norm = 1, error in norm = 0 (0*epsilon)
################ MAB stats ################
minima in each dimension:      [0.6208, 0.6077, 1.6117]
maxima in each dimension:      [2.6939, 1.3366, 1.9367]
direction in each dimension:   [1, 1, 1]
skip in each dimension:        [0, 0, 1]
###########################################
Iteration wallclock: 0:37:10.682477, cputime: 0:53:10.758926


Wed Jul  6 03:23:38 2022
Iteration 67 (200 requested)
Beginning iteration 67
24 segments remain in iteration 67 (24 total)
MAB binning in use.
1 of 37 (2.702703%) active bins are populated
per-bin minimum non-zero probability:       1
per-bin maximum probability:                1
per-bin probability dynamic range (kT):     0
per-segment minimum non-zero probability:   0.0131225
per-segment maximum non-zero probability:   0.121882
per-segment probability dynamic range (kT): 2.22873
norm = 1, error in norm = 0 (0*epsilon)
################ MAB stats ################
minima in each dimension:      [0.8587, 0.6609, 1.6579]
maxima in each dimension:      [2.5538, 1.2498, 1.8286]
direction in each dimension:   [1, 1, 1]
skip in each dimension:        [0, 0, 1]
###########################################
Iteration wallclock: 0:27:50.301023, cputime: 0:39:52.886429


Wed Jul  6 03:51:28 2022
Iteration 68 (200 requested)
Beginning iteration 68
32 segments remain in iteration 68 (32 total)
MAB binning in use.
1 of 37 (2.702703%) active bins are populated
per-bin minimum non-zero probability:       1
per-bin maximum probability:                1
per-bin probability dynamic range (kT):     0
per-segment minimum non-zero probability:   0.00164031
per-segment maximum non-zero probability:   0.157083
per-segment probability dynamic range (kT): 4.56189
norm = 1, error in norm = 0 (0*epsilon)
################ MAB stats ################
minima in each dimension:      [1.0509, 0.6212, 1.618]
maxima in each dimension:      [2.5116, 1.2577, 1.9088]
direction in each dimension:   [1, 1, 1]
skip in each dimension:        [0, 0, 1]
###########################################
Iteration wallclock: 0:37:09.245317, cputime: 0:53:06.024773


Wed Jul  6 04:28:37 2022
Iteration 69 (200 requested)
Beginning iteration 69
32 segments remain in iteration 69 (32 total)
MAB binning in use.
1 of 37 (2.702703%) active bins are populated
per-bin minimum non-zero probability:       1
per-bin maximum probability:                1
per-bin probability dynamic range (kT):     0
per-segment minimum non-zero probability:   0.000205039
per-segment maximum non-zero probability:   0.157083
per-segment probability dynamic range (kT): 6.64133
norm = 1, error in norm = -2.22045e-16 (-1*epsilon)
################ MAB stats ################
minima in each dimension:      [1.1144, 0.6072, 1.5018]
maxima in each dimension:      [2.427, 1.127, 1.8299]
direction in each dimension:   [1, 1, 1]
skip in each dimension:        [0, 0, 1]
###########################################
Iteration wallclock: 0:37:00.840217, cputime: 0:53:05.339985


Wed Jul  6 05:05:38 2022
Iteration 70 (200 requested)
Beginning iteration 70
40 segments remain in iteration 70 (40 total)
MAB binning in use.
1 of 37 (2.702703%) active bins are populated
per-bin minimum non-zero probability:       1
per-bin maximum probability:                1
per-bin probability dynamic range (kT):     0
per-segment minimum non-zero probability:   2.56299e-05
per-segment maximum non-zero probability:   0.161508
per-segment probability dynamic range (kT): 8.74855
norm = 1, error in norm = 0 (0*epsilon)
################ MAB stats ################
minima in each dimension:      [0.9667, 0.5743, 1.564]
maxima in each dimension:      [2.4131, 1.3214, 1.894]
direction in each dimension:   [1, 1, 1]
skip in each dimension:        [0, 0, 1]
###########################################
Iteration wallclock: 0:46:16.951905, cputime: 1:06:27.669861


Wed Jul  6 05:51:55 2022
Iteration 71 (200 requested)
Beginning iteration 71
32 segments remain in iteration 71 (32 total)
MAB binning in use.
1 of 37 (2.702703%) active bins are populated
per-bin minimum non-zero probability:       1
per-bin maximum probability:                1
per-bin probability dynamic range (kT):     0
per-segment minimum non-zero probability:   3.20373e-06
per-segment maximum non-zero probability:   0.161508
per-segment probability dynamic range (kT): 10.828
norm = 1, error in norm = -1.11022e-16 (-0.5*epsilon)
################ MAB stats ################
minima in each dimension:      [1.2722, 0.5821, 1.6223]
maxima in each dimension:      [2.712, 1.2565, 1.8508]
direction in each dimension:   [1, 1, 1]
skip in each dimension:        [0, 0, 1]
###########################################
Iteration wallclock: 0:37:05.267347, cputime: 0:53:06.476623


Wed Jul  6 06:29:00 2022
Iteration 72 (200 requested)
Beginning iteration 72
40 segments remain in iteration 72 (40 total)
MAB binning in use.
1 of 37 (2.702703%) active bins are populated
per-bin minimum non-zero probability:       1
per-bin maximum probability:                1
per-bin probability dynamic range (kT):     0
per-segment minimum non-zero probability:   4.00466e-07
per-segment maximum non-zero probability:   0.121882
per-segment probability dynamic range (kT): 12.6259
norm = 1, error in norm = 0 (0*epsilon)
