Updating system with the options from the configuration file
Maximum wallclock time: 1 day, 0:00:00

Wed Mar  1 16:10:17 2023
Iteration 355 (500 requested)
Beginning iteration 355
299 segments remain in iteration 355 (299 total)
72 of 111 (64.864865%) active bins are populated
per-bin minimum non-zero probability:       4.41593e-53
per-bin maximum probability:                0.916667
per-bin probability dynamic range (kT):     120.465
per-segment minimum non-zero probability:   1.10398e-53
per-segment maximum non-zero probability:   0.0833777
per-segment probability dynamic range (kT): 119.454
norm = 1, error in norm = 0 (0*epsilon)
MAB binning in use
Bottleneck bin occupancy may not be accurately reported
Waiting for segments to complete...
Iteration completed successfully
Iteration wallclock: 0:42:11.945400, cputime: 6:54:27.346120


Wed Mar  1 16:52:29 2023
Iteration 356 (500 requested)
Beginning iteration 356
288 segments remain in iteration 356 (288 total)
68 of 111 (61.261261%) active bins are populated
per-bin minimum non-zero probability:       1.10398e-53
per-bin maximum probability:                1
per-bin probability dynamic range (kT):     121.938
per-segment minimum non-zero probability:   2.75996e-54
per-segment maximum non-zero probability:   0.0833703
per-segment probability dynamic range (kT): 120.84
norm = 1, error in norm = 0 (0*epsilon)
MAB binning in use
Bottleneck bin occupancy may not be accurately reported
Waiting for segments to complete...
Iteration completed successfully
Iteration wallclock: 0:38:37.249959, cputime: 6:39:21.064710


Wed Mar  1 17:31:06 2023
Iteration 357 (500 requested)
Beginning iteration 357
287 segments remain in iteration 357 (287 total)
65 of 111 (58.558559%) active bins are populated
per-bin minimum non-zero probability:       2.75996e-54
per-bin maximum probability:                0.916685
per-bin probability dynamic range (kT):     123.237
per-segment minimum non-zero probability:   6.89989e-55
per-segment maximum non-zero probability:   0.0833703
per-segment probability dynamic range (kT): 122.226
norm = 1, error in norm = 0 (0*epsilon)
MAB binning in use
Bottleneck bin occupancy may not be accurately reported
Waiting for segments to complete...
Iteration completed successfully
Iteration wallclock: 0:38:38.666974, cputime: 6:34:54.184456


Wed Mar  1 18:09:45 2023
Iteration 358 (500 requested)
Beginning iteration 358
287 segments remain in iteration 358 (287 total)
70 of 111 (63.063063%) active bins are populated
per-bin minimum non-zero probability:       6.89989e-55
per-bin maximum probability:                0.916666
per-bin probability dynamic range (kT):     124.624
per-segment minimum non-zero probability:   1.72497e-55
per-segment maximum non-zero probability:   0.083352
per-segment probability dynamic range (kT): 123.612
norm = 1, error in norm = 2.22045e-16 (1*epsilon)
MAB binning in use
Bottleneck bin occupancy may not be accurately reported
Waiting for segments to complete...
Iteration completed successfully
Iteration wallclock: 0:38:13.472205, cputime: 6:41:23.620172


Wed Mar  1 18:47:59 2023
Iteration 359 (500 requested)
Beginning iteration 359
311 segments remain in iteration 359 (311 total)
74 of 111 (66.666667%) active bins are populated
per-bin minimum non-zero probability:       1.72497e-55
per-bin maximum probability:                0.916667
per-bin probability dynamic range (kT):     126.01
per-segment minimum non-zero probability:   4.31243e-56
per-segment maximum non-zero probability:   0.0833436
per-segment probability dynamic range (kT): 124.998
norm = 1, error in norm = 0 (0*epsilon)
MAB binning in use
Bottleneck bin occupancy may not be accurately reported
Waiting for segments to complete...
Iteration completed successfully
Iteration wallclock: 0:41:26.919041, cputime: 7:19:16.969104


Wed Mar  1 19:29:26 2023
Iteration 360 (500 requested)
Beginning iteration 360
284 segments remain in iteration 360 (284 total)
67 of 111 (60.360360%) active bins are populated
per-bin minimum non-zero probability:       4.31243e-56
per-bin maximum probability:                1
per-bin probability dynamic range (kT):     127.483
per-segment minimum non-zero probability:   1.07811e-56
per-segment maximum non-zero probability:   0.0833436
per-segment probability dynamic range (kT): 126.385
norm = 1, error in norm = 0 (0*epsilon)
MAB binning in use
Bottleneck bin occupancy may not be accurately reported
Waiting for segments to complete...
Iteration completed successfully
Iteration wallclock: 0:38:18.878470, cputime: 6:38:05.873133


Wed Mar  1 20:07:44 2023
Iteration 361 (500 requested)
Beginning iteration 361
300 segments remain in iteration 361 (300 total)
74 of 111 (66.666667%) active bins are populated
per-bin minimum non-zero probability:       6.94992e-52
per-bin maximum probability:                1
per-bin probability dynamic range (kT):     117.796
per-segment minimum non-zero probability:   1.73748e-52
per-segment maximum non-zero probability:   0.0833436
per-segment probability dynamic range (kT): 116.697
norm = 1, error in norm = 2.22045e-16 (1*epsilon)
MAB binning in use
Bottleneck bin occupancy may not be accurately reported
Waiting for segments to complete...
Iteration completed successfully
Iteration wallclock: 0:40:39.972727, cputime: 6:56:44.278872


Wed Mar  1 20:48:24 2023
Iteration 362 (500 requested)
Beginning iteration 362
312 segments remain in iteration 362 (312 total)
75 of 111 (67.567568%) active bins are populated
per-bin minimum non-zero probability:       1.73748e-52
per-bin maximum probability:                1
per-bin probability dynamic range (kT):     119.182
per-segment minimum non-zero probability:   4.3437e-53
per-segment maximum non-zero probability:   0.0833436
per-segment probability dynamic range (kT): 118.083
norm = 1, error in norm = 2.22045e-16 (1*epsilon)
MAB binning in use
Bottleneck bin occupancy may not be accurately reported
Waiting for segments to complete...
Iteration completed successfully
Iteration wallclock: 0:41:31.598452, cputime: 7:20:48.012662


Wed Mar  1 21:29:56 2023
Iteration 363 (500 requested)
Beginning iteration 363
276 segments remain in iteration 363 (276 total)
67 of 111 (60.360360%) active bins are populated
per-bin minimum non-zero probability:       3.47496e-52
per-bin maximum probability:                1
per-bin probability dynamic range (kT):     118.489
per-segment minimum non-zero probability:   8.6874e-53
per-segment maximum non-zero probability:   0.0833436
per-segment probability dynamic range (kT): 117.39
norm = 1, error in norm = 0 (0*epsilon)
MAB binning in use
Bottleneck bin occupancy may not be accurately reported
Waiting for segments to complete...
Iteration completed successfully
Iteration wallclock: 0:37:04.082401, cputime: 6:30:40.295599


Wed Mar  1 22:07:00 2023
Iteration 364 (500 requested)
Beginning iteration 364
295 segments remain in iteration 364 (295 total)
71 of 111 (63.963964%) active bins are populated
per-bin minimum non-zero probability:       2.60622e-52
per-bin maximum probability:                0.916666
per-bin probability dynamic range (kT):     118.69
per-segment minimum non-zero probability:   6.51555e-53
per-segment maximum non-zero probability:   0.0833387
per-segment probability dynamic range (kT): 117.678
norm = 1, error in norm = 2.22045e-16 (1*epsilon)
MAB binning in use
Bottleneck bin occupancy may not be accurately reported
Waiting for segments to complete...
Iteration completed successfully
Iteration wallclock: 0:39:29.339678, cputime: 6:53:25.853887


Wed Mar  1 22:46:29 2023
Iteration 365 (500 requested)
Beginning iteration 365
308 segments remain in iteration 365 (308 total)
71 of 111 (63.963964%) active bins are populated
per-bin minimum non-zero probability:       5.14005e-52
per-bin maximum probability:                1
per-bin probability dynamic range (kT):     118.097
per-segment minimum non-zero probability:   6.51555e-53
per-segment maximum non-zero probability:   0.0833365
per-segment probability dynamic range (kT): 117.678
norm = 1, error in norm = 2.22045e-16 (1*epsilon)
MAB binning in use
Bottleneck bin occupancy may not be accurately reported
Waiting for segments to complete...
Iteration completed successfully
Iteration wallclock: 0:41:23.430896, cputime: 7:12:11.383051


Wed Mar  1 23:27:53 2023
Iteration 366 (500 requested)
Beginning iteration 366
304 segments remain in iteration 366 (304 total)
70 of 111 (63.063063%) active bins are populated
per-bin minimum non-zero probability:       2.67862e-52
per-bin maximum probability:                1
per-bin probability dynamic range (kT):     118.749
per-segment minimum non-zero probability:   5.06765e-53
per-segment maximum non-zero probability:   0.0833365
per-segment probability dynamic range (kT): 117.929
norm = 1, error in norm = 0 (0*epsilon)
MAB binning in use
Bottleneck bin occupancy may not be accurately reported
Waiting for segments to complete...
Iteration completed successfully
Iteration wallclock: 0:40:31.330206, cputime: 7:06:01.072900


Thu Mar  2 00:08:24 2023
Iteration 367 (500 requested)
Beginning iteration 367
288 segments remain in iteration 367 (288 total)
69 of 111 (62.162162%) active bins are populated
per-bin minimum non-zero probability:       1.5203e-52
per-bin maximum probability:                1
per-bin probability dynamic range (kT):     119.316
per-segment minimum non-zero probability:   3.37843e-53
per-segment maximum non-zero probability:   0.0833365
per-segment probability dynamic range (kT): 118.335
norm = 1, error in norm = 2.22045e-16 (1*epsilon)
MAB binning in use
Bottleneck bin occupancy may not be accurately reported
Waiting for segments to complete...
Iteration completed successfully
Iteration wallclock: 0:38:25.026176, cputime: 6:42:00.300112


Thu Mar  2 00:46:49 2023
Iteration 368 (500 requested)
Beginning iteration 368
307 segments remain in iteration 368 (307 total)
71 of 111 (63.963964%) active bins are populated
per-bin minimum non-zero probability:       3.37843e-53
per-bin maximum probability:                0.916669
per-bin probability dynamic range (kT):     120.733
per-segment minimum non-zero probability:   8.44609e-54
per-segment maximum non-zero probability:   0.0833352
per-segment probability dynamic range (kT): 119.721
norm = 1, error in norm = 4.44089e-16 (2*epsilon)
MAB binning in use
Bottleneck bin occupancy may not be accurately reported
Waiting for segments to complete...
Iteration completed successfully
Iteration wallclock: 0:41:17.687572, cputime: 7:11:12.096897


Thu Mar  2 01:28:07 2023
Iteration 369 (500 requested)
Beginning iteration 369
291 segments remain in iteration 369 (291 total)
71 of 111 (63.963964%) active bins are populated
per-bin minimum non-zero probability:       8.44609e-54
per-bin maximum probability:                0.916666
per-bin probability dynamic range (kT):     122.119
per-segment minimum non-zero probability:   2.11152e-54
per-segment maximum non-zero probability:   0.0833346
per-segment probability dynamic range (kT): 121.107
norm = 1, error in norm = 0 (0*epsilon)
MAB binning in use
Bottleneck bin occupancy may not be accurately reported
Waiting for segments to complete...
Iteration completed successfully
Iteration wallclock: 0:39:07.520180, cputime: 6:47:17.978206


Thu Mar  2 02:07:14 2023
Iteration 370 (500 requested)
Beginning iteration 370
304 segments remain in iteration 370 (304 total)
69 of 111 (62.162162%) active bins are populated
per-bin minimum non-zero probability:       2.11152e-54
per-bin maximum probability:                1
per-bin probability dynamic range (kT):     123.592
per-segment minimum non-zero probability:   5.2788e-55
per-segment maximum non-zero probability:   0.0833341
per-segment probability dynamic range (kT): 122.494
norm = 1, error in norm = 2.22045e-16 (1*epsilon)
MAB binning in use
Bottleneck bin occupancy may not be accurately reported
Waiting for segments to complete...
Iteration completed successfully
Iteration wallclock: 0:40:36.531696, cputime: 7:04:03.514900


Thu Mar  2 02:47:51 2023
Iteration 371 (500 requested)
Beginning iteration 371
295 segments remain in iteration 371 (295 total)
72 of 111 (64.864865%) active bins are populated
per-bin minimum non-zero probability:       1.05576e-53
per-bin maximum probability:                0.916667
per-bin probability dynamic range (kT):     121.896
per-segment minimum non-zero probability:   2.11152e-54
per-segment maximum non-zero probability:   0.0833341
per-segment probability dynamic range (kT): 121.107
norm = 1, error in norm = 2.22045e-16 (1*epsilon)
MAB binning in use
Bottleneck bin occupancy may not be accurately reported
Waiting for segments to complete...
Iteration completed successfully
Iteration wallclock: 0:39:21.029382, cputime: 6:54:42.058089


Thu Mar  2 03:27:12 2023
Iteration 372 (500 requested)
Beginning iteration 372
312 segments remain in iteration 372 (312 total)
74 of 111 (66.666667%) active bins are populated
per-bin minimum non-zero probability:       4.22304e-54
per-bin maximum probability:                1
per-bin probability dynamic range (kT):     122.899
per-segment minimum non-zero probability:   1.05576e-54
per-segment maximum non-zero probability:   0.0833338
per-segment probability dynamic range (kT): 121.8
norm = 1, error in norm = 2.22045e-16 (1*epsilon)
MAB binning in use
Bottleneck bin occupancy may not be accurately reported
Waiting for segments to complete...
Iteration completed successfully
Iteration wallclock: 0:41:46.520286, cputime: 7:13:44.657691


Thu Mar  2 04:08:59 2023
Iteration 373 (500 requested)
Beginning iteration 373
304 segments remain in iteration 373 (304 total)
70 of 111 (63.063063%) active bins are populated
per-bin minimum non-zero probability:       1.05576e-54
per-bin maximum probability:                1
per-bin probability dynamic range (kT):     124.285
per-segment minimum non-zero probability:   2.6394e-55
per-segment maximum non-zero probability:   0.0833338
per-segment probability dynamic range (kT): 123.187
norm = 1, error in norm = 2.22045e-16 (1*epsilon)
MAB binning in use
Bottleneck bin occupancy may not be accurately reported
Waiting for segments to complete...
Iteration completed successfully
Iteration wallclock: 0:40:23.561083, cputime: 7:09:31.600597


Thu Mar  2 04:49:22 2023
Iteration 374 (500 requested)
Beginning iteration 374
308 segments remain in iteration 374 (308 total)
73 of 111 (65.765766%) active bins are populated
per-bin minimum non-zero probability:       2.6394e-55
per-bin maximum probability:                1
per-bin probability dynamic range (kT):     125.672
per-segment minimum non-zero probability:   6.5985e-56
per-segment maximum non-zero probability:   0.0833338
per-segment probability dynamic range (kT): 124.573
norm = 1, error in norm = 2.22045e-16 (1*epsilon)
MAB binning in use
Bottleneck bin occupancy may not be accurately reported
Waiting for segments to complete...
Iteration completed successfully
Iteration wallclock: 0:41:35.831594, cputime: 7:10:08.600348


Thu Mar  2 05:30:58 2023
Iteration 375 (500 requested)
Beginning iteration 375
292 segments remain in iteration 375 (292 total)
69 of 111 (62.162162%) active bins are populated
per-bin minimum non-zero probability:       6.5985e-56
per-bin maximum probability:                1
per-bin probability dynamic range (kT):     127.058
per-segment minimum non-zero probability:   1.64963e-56
per-segment maximum non-zero probability:   0.0833338
per-segment probability dynamic range (kT): 125.959
norm = 1, error in norm = 2.22045e-16 (1*epsilon)
MAB binning in use
Bottleneck bin occupancy may not be accurately reported
Waiting for segments to complete...
Iteration completed successfully
Iteration wallclock: 0:39:14.692042, cputime: 6:48:03.120350


Thu Mar  2 06:10:13 2023
Iteration 376 (500 requested)
Beginning iteration 376
292 segments remain in iteration 376 (292 total)
71 of 111 (63.963964%) active bins are populated
per-bin minimum non-zero probability:       1.64963e-56
per-bin maximum probability:                1
per-bin probability dynamic range (kT):     128.444
per-segment minimum non-zero probability:   4.12407e-57
per-segment maximum non-zero probability:   0.0833338
per-segment probability dynamic range (kT): 127.346
norm = 1, error in norm = 4.44089e-16 (2*epsilon)
MAB binning in use
Bottleneck bin occupancy may not be accurately reported
Waiting for segments to complete...
Iteration completed successfully
Iteration wallclock: 0:39:02.600008, cputime: 6:53:40.551183


Thu Mar  2 06:49:15 2023
Iteration 377 (500 requested)
Beginning iteration 377
307 segments remain in iteration 377 (307 total)
75 of 111 (67.567568%) active bins are populated
per-bin minimum non-zero probability:       4.12407e-57
per-bin maximum probability:                0.916667
per-bin probability dynamic range (kT):     129.743
per-segment minimum non-zero probability:   1.03102e-57
per-segment maximum non-zero probability:   0.0833338
per-segment probability dynamic range (kT): 128.732
norm = 1, error in norm = 2.22045e-16 (1*epsilon)
MAB binning in use
Bottleneck bin occupancy may not be accurately reported
Waiting for segments to complete...
Iteration completed successfully
Iteration wallclock: 0:41:09.772479, cputime: 7:09:46.537339


Thu Mar  2 07:30:25 2023
Iteration 378 (500 requested)
Beginning iteration 378
300 segments remain in iteration 378 (300 total)
73 of 111 (65.765766%) active bins are populated
per-bin minimum non-zero probability:       6.2892e-56
per-bin maximum probability:                1
per-bin probability dynamic range (kT):     127.106
per-segment minimum non-zero probability:   5.15508e-57
per-segment maximum non-zero probability:   0.0833337
per-segment probability dynamic range (kT): 127.122
norm = 1, error in norm = 2.22045e-16 (1*epsilon)
MAB binning in use
Bottleneck bin occupancy may not be accurately reported
Waiting for segments to complete...
Iteration completed successfully
Iteration wallclock: 0:40:28.593737, cputime: 6:56:07.701893


Thu Mar  2 08:10:54 2023
Iteration 379 (500 requested)
Beginning iteration 379
296 segments remain in iteration 379 (296 total)
71 of 111 (63.963964%) active bins are populated
per-bin minimum non-zero probability:       1.64963e-56
per-bin maximum probability:                1
per-bin probability dynamic range (kT):     128.444
per-segment minimum non-zero probability:   4.12407e-57
per-segment maximum non-zero probability:   0.0833337
per-segment probability dynamic range (kT): 127.346
norm = 1, error in norm = 4.44089e-16 (2*epsilon)
MAB binning in use
Bottleneck bin occupancy may not be accurately reported
Waiting for segments to complete...
Iteration completed successfully
Iteration wallclock: 0:39:23.750259, cputime: 6:53:26.471019


Thu Mar  2 08:50:17 2023
Iteration 380 (500 requested)
Beginning iteration 380
307 segments remain in iteration 380 (307 total)
75 of 111 (67.567568%) active bins are populated
per-bin minimum non-zero probability:       8.24813e-57
per-bin maximum probability:                0.916667
per-bin probability dynamic range (kT):     129.05
per-segment minimum non-zero probability:   2.06203e-57
per-segment maximum non-zero probability:   0.0833337
per-segment probability dynamic range (kT): 128.039
norm = 1, error in norm = 2.22045e-16 (1*epsilon)
MAB binning in use
Bottleneck bin occupancy may not be accurately reported
Waiting for segments to complete...
Iteration completed successfully
Iteration wallclock: 0:41:21.585404, cputime: 7:10:48.919922


Thu Mar  2 09:31:39 2023
Iteration 381 (500 requested)
Beginning iteration 381
296 segments remain in iteration 381 (296 total)
71 of 111 (63.963964%) active bins are populated
per-bin minimum non-zero probability:       2.06203e-57
per-bin maximum probability:                1
per-bin probability dynamic range (kT):     130.524
per-segment minimum non-zero probability:   5.15508e-58
per-segment maximum non-zero probability:   0.0833336
per-segment probability dynamic range (kT): 129.425
norm = 1, error in norm = 2.22045e-16 (1*epsilon)
MAB binning in use
Bottleneck bin occupancy may not be accurately reported
Waiting for segments to complete...
Iteration completed successfully
Iteration wallclock: 0:39:49.579106, cputime: 6:50:29.513226


Thu Mar  2 10:11:28 2023
Iteration 382 (500 requested)
Beginning iteration 382
311 segments remain in iteration 382 (311 total)
70 of 111 (63.063063%) active bins are populated
per-bin minimum non-zero probability:       5.15508e-58
per-bin maximum probability:                0.916667
per-bin probability dynamic range (kT):     131.823
per-segment minimum non-zero probability:   1.28877e-58
per-segment maximum non-zero probability:   0.0833336
per-segment probability dynamic range (kT): 130.811
norm = 1, error in norm = 4.44089e-16 (2*epsilon)
MAB binning in use
Bottleneck bin occupancy may not be accurately reported
Waiting for segments to complete...
Iteration completed successfully
Iteration wallclock: 0:41:57.578952, cputime: 7:17:36.430551


Thu Mar  2 10:53:26 2023
Iteration 383 (500 requested)
Beginning iteration 383
296 segments remain in iteration 383 (296 total)
73 of 111 (65.765766%) active bins are populated
per-bin minimum non-zero probability:       1.28877e-58
per-bin maximum probability:                0.979167
per-bin probability dynamic range (kT):     133.275
per-segment minimum non-zero probability:   3.22193e-59
per-segment maximum non-zero probability:   0.0833334
per-segment probability dynamic range (kT): 132.198
norm = 1, error in norm = 4.44089e-16 (2*epsilon)
MAB binning in use
Bottleneck bin occupancy may not be accurately reported
Waiting for segments to complete...
Iteration completed successfully
Iteration wallclock: 0:39:47.858039, cputime: 6:45:42.534466


Thu Mar  2 11:33:14 2023
Iteration 384 (500 requested)
Beginning iteration 384
292 segments remain in iteration 384 (292 total)
70 of 111 (63.063063%) active bins are populated
per-bin minimum non-zero probability:       8.5918e-59
per-bin maximum probability:                1
per-bin probability dynamic range (kT):     133.702
per-segment minimum non-zero probability:   2.14795e-59
per-segment maximum non-zero probability:   0.0833334
per-segment probability dynamic range (kT): 132.603
norm = 1, error in norm = 2.22045e-16 (1*epsilon)
MAB binning in use
Bottleneck bin occupancy may not be accurately reported
Waiting for segments to complete...
Iteration completed successfully
Iteration wallclock: 0:39:40.158454, cputime: 6:39:50.811653


Thu Mar  2 12:12:54 2023
Iteration 385 (500 requested)
Beginning iteration 385
307 segments remain in iteration 385 (307 total)
72 of 111 (64.864865%) active bins are populated
per-bin minimum non-zero probability:       2.14795e-59
per-bin maximum probability:                1
per-bin probability dynamic range (kT):     135.088
per-segment minimum non-zero probability:   5.36988e-60
per-segment maximum non-zero probability:   0.0833334
per-segment probability dynamic range (kT): 133.989
norm = 1, error in norm = 4.44089e-16 (2*epsilon)
MAB binning in use
Bottleneck bin occupancy may not be accurately reported
Waiting for segments to complete...
Iteration completed successfully
Iteration wallclock: 0:41:37.492000, cputime: 7:12:01.061686


Thu Mar  2 12:54:32 2023
Iteration 386 (500 requested)
Beginning iteration 386
299 segments remain in iteration 386 (299 total)
69 of 111 (62.162162%) active bins are populated
per-bin minimum non-zero probability:       5.36988e-60
per-bin maximum probability:                0.916667
per-bin probability dynamic range (kT):     136.387
per-segment minimum non-zero probability:   1.34247e-60
per-segment maximum non-zero probability:   0.0833333
per-segment probability dynamic range (kT): 135.376
norm = 1, error in norm = 4.44089e-16 (2*epsilon)
MAB binning in use
Bottleneck bin occupancy may not be accurately reported
Waiting for segments to complete...
Iteration completed successfully
Iteration wallclock: 0:40:21.330325, cputime: 6:54:40.251285


Thu Mar  2 13:34:53 2023
Iteration 387 (500 requested)
Beginning iteration 387
304 segments remain in iteration 387 (304 total)
74 of 111 (66.666667%) active bins are populated
per-bin minimum non-zero probability:       1.34247e-60
per-bin maximum probability:                1
per-bin probability dynamic range (kT):     137.861
per-segment minimum non-zero probability:   3.35617e-61
per-segment maximum non-zero probability:   0.0833334
per-segment probability dynamic range (kT): 136.762
norm = 1, error in norm = 2.22045e-16 (1*epsilon)
MAB binning in use
Bottleneck bin occupancy may not be accurately reported
Waiting for segments to complete...
Iteration completed successfully
Iteration wallclock: 0:40:43.176485, cputime: 7:05:05.503722


Thu Mar  2 14:15:36 2023
Iteration 388 (500 requested)
Beginning iteration 388
304 segments remain in iteration 388 (304 total)
70 of 111 (63.063063%) active bins are populated
per-bin minimum non-zero probability:       4.17657e-59
per-bin maximum probability:                1
per-bin probability dynamic range (kT):     134.423
per-segment minimum non-zero probability:   1.67809e-61
per-segment maximum non-zero probability:   0.0833334
per-segment probability dynamic range (kT): 137.455
norm = 1, error in norm = 4.44089e-16 (2*epsilon)
MAB binning in use
Bottleneck bin occupancy may not be accurately reported
Waiting for segments to complete...
Iteration completed successfully
Iteration wallclock: 0:40:40.895195, cputime: 7:06:10.040860


Thu Mar  2 14:56:17 2023
Iteration 389 (500 requested)
Beginning iteration 389
300 segments remain in iteration 389 (300 total)
71 of 111 (63.963964%) active bins are populated
per-bin minimum non-zero probability:       1.67809e-61
per-bin maximum probability:                1
per-bin probability dynamic range (kT):     139.94
per-segment minimum non-zero probability:   4.19522e-62
per-segment maximum non-zero probability:   0.0833334
per-segment probability dynamic range (kT): 138.841
norm = 1, error in norm = 4.44089e-16 (2*epsilon)
MAB binning in use
Bottleneck bin occupancy may not be accurately reported
Waiting for segments to complete...
Iteration completed successfully
Iteration wallclock: 0:40:40.690132, cputime: 6:48:52.421539

Iteration 390 would require more than the allotted time. Ending run.
