Updating system with the options from the configuration file
Maximum wallclock time: 1 day, 0:00:00

Sat Mar  4 10:37:45 2023
Iteration 424 (1000 requested)
Beginning iteration 424
327 segments remain in iteration 424 (327 total)
79 of 111 (71.171171%) active bins are populated
per-bin minimum non-zero probability:       1.63039e-75
per-bin maximum probability:                0.916667
per-bin probability dynamic range (kT):     172.118
per-segment minimum non-zero probability:   4.07597e-76
per-segment maximum non-zero probability:   0.0833363
per-segment probability dynamic range (kT): 171.106
norm = 1, error in norm = 4.44089e-16 (2*epsilon)
MAB binning in use
Bottleneck bin occupancy may not be accurately reported
Waiting for segments to complete...
Iteration completed successfully
Iteration wallclock: 0:45:47.628743, cputime: 7:28:20.705852


Sat Mar  4 11:23:32 2023
Iteration 425 (1000 requested)
Beginning iteration 425
316 segments remain in iteration 425 (316 total)
75 of 111 (67.567568%) active bins are populated
per-bin minimum non-zero probability:       4.07597e-76
per-bin maximum probability:                1
per-bin probability dynamic range (kT):     173.591
per-segment minimum non-zero probability:   1.01899e-76
per-segment maximum non-zero probability:   0.0833363
per-segment probability dynamic range (kT): 172.493
norm = 1, error in norm = 4.44089e-16 (2*epsilon)
MAB binning in use
Bottleneck bin occupancy may not be accurately reported
Waiting for segments to complete...
Iteration completed successfully
Iteration wallclock: 0:42:43.188425, cputime: 7:12:16.315479


Sat Mar  4 12:06:15 2023
Iteration 426 (1000 requested)
Beginning iteration 426
320 segments remain in iteration 426 (320 total)
78 of 111 (70.270270%) active bins are populated
per-bin minimum non-zero probability:       1.01899e-76
per-bin maximum probability:                1
per-bin probability dynamic range (kT):     174.978
per-segment minimum non-zero probability:   2.54748e-77
per-segment maximum non-zero probability:   0.0833363
per-segment probability dynamic range (kT): 173.879
norm = 1, error in norm = 4.44089e-16 (2*epsilon)
MAB binning in use
Bottleneck bin occupancy may not be accurately reported
Waiting for segments to complete...
Iteration completed successfully
Iteration wallclock: 0:42:51.132562, cputime: 7:20:17.423376


Sat Mar  4 12:49:07 2023
Iteration 427 (1000 requested)
Beginning iteration 427
307 segments remain in iteration 427 (307 total)
73 of 111 (65.765766%) active bins are populated
per-bin minimum non-zero probability:       2.54748e-77
per-bin maximum probability:                0.916664
per-bin probability dynamic range (kT):     176.277
per-segment minimum non-zero probability:   6.3687e-78
per-segment maximum non-zero probability:   0.083334
per-segment probability dynamic range (kT): 175.265
norm = 1, error in norm = 4.44089e-16 (2*epsilon)
MAB binning in use
Bottleneck bin occupancy may not be accurately reported
Waiting for segments to complete...
Iteration completed successfully
Iteration wallclock: 0:41:47.682985, cputime: 6:56:53.818566


Sat Mar  4 13:30:54 2023
Iteration 428 (1000 requested)
Beginning iteration 428
320 segments remain in iteration 428 (320 total)
76 of 111 (68.468468%) active bins are populated
per-bin minimum non-zero probability:       6.3687e-78
per-bin maximum probability:                1
per-bin probability dynamic range (kT):     177.75
per-segment minimum non-zero probability:   1.59217e-78
per-segment maximum non-zero probability:   0.0833341
per-segment probability dynamic range (kT): 176.652
norm = 1, error in norm = 4.44089e-16 (2*epsilon)
MAB binning in use
Bottleneck bin occupancy may not be accurately reported
Waiting for segments to complete...
Iteration completed successfully
Iteration wallclock: 0:43:10.219403, cputime: 7:16:34.806837


Sat Mar  4 14:14:04 2023
Iteration 429 (1000 requested)
Beginning iteration 429
328 segments remain in iteration 429 (328 total)
80 of 111 (72.072072%) active bins are populated
per-bin minimum non-zero probability:       1.59217e-78
per-bin maximum probability:                1
per-bin probability dynamic range (kT):     179.137
per-segment minimum non-zero probability:   3.98044e-79
per-segment maximum non-zero probability:   0.0833341
per-segment probability dynamic range (kT): 178.038
norm = 1, error in norm = 4.44089e-16 (2*epsilon)
MAB binning in use
Bottleneck bin occupancy may not be accurately reported
Waiting for segments to complete...
Iteration completed successfully
Iteration wallclock: 0:44:01.890060, cputime: 7:32:10.297039


Sat Mar  4 14:58:06 2023
Iteration 430 (1000 requested)
Beginning iteration 430
319 segments remain in iteration 430 (319 total)
75 of 111 (67.567568%) active bins are populated
per-bin minimum non-zero probability:       3.98044e-79
per-bin maximum probability:                0.916666
per-bin probability dynamic range (kT):     180.436
per-segment minimum non-zero probability:   9.95109e-80
per-segment maximum non-zero probability:   0.0833341
per-segment probability dynamic range (kT): 179.424
norm = 1, error in norm = 4.44089e-16 (2*epsilon)
MAB binning in use
Bottleneck bin occupancy may not be accurately reported
Waiting for segments to complete...
Iteration completed successfully
Iteration wallclock: 0:43:00.294748, cputime: 7:17:04.123432


Sat Mar  4 15:41:07 2023
Iteration 431 (1000 requested)
Beginning iteration 431
306 segments remain in iteration 431 (306 total)
75 of 111 (67.567568%) active bins are populated
per-bin minimum non-zero probability:       9.95109e-80
per-bin maximum probability:                0.833334
per-bin probability dynamic range (kT):     181.727
per-segment minimum non-zero probability:   2.48777e-80
per-segment maximum non-zero probability:   0.0833341
per-segment probability dynamic range (kT): 180.811
norm = 1, error in norm = 4.44089e-16 (2*epsilon)
MAB binning in use
Bottleneck bin occupancy may not be accurately reported
Waiting for segments to complete...
Iteration completed successfully
Iteration wallclock: 0:41:33.588904, cputime: 6:56:39.004827


Sat Mar  4 16:22:40 2023
Iteration 432 (1000 requested)
Beginning iteration 432
291 segments remain in iteration 432 (291 total)
71 of 111 (63.963964%) active bins are populated
per-bin minimum non-zero probability:       2.48777e-80
per-bin maximum probability:                0.916666
per-bin probability dynamic range (kT):     183.208
per-segment minimum non-zero probability:   6.21943e-81
per-segment maximum non-zero probability:   0.0833341
per-segment probability dynamic range (kT): 182.197
norm = 1, error in norm = 4.44089e-16 (2*epsilon)
MAB binning in use
Bottleneck bin occupancy may not be accurately reported
Waiting for segments to complete...
Iteration completed successfully
Iteration wallclock: 0:39:19.666634, cputime: 6:44:04.612904


Sat Mar  4 17:02:00 2023
Iteration 433 (1000 requested)
Beginning iteration 433
327 segments remain in iteration 433 (327 total)
79 of 111 (71.171171%) active bins are populated
per-bin minimum non-zero probability:       6.21943e-81
per-bin maximum probability:                1
per-bin probability dynamic range (kT):     184.682
per-segment minimum non-zero probability:   1.55486e-81
per-segment maximum non-zero probability:   0.0833337
per-segment probability dynamic range (kT): 183.583
norm = 1, error in norm = 4.44089e-16 (2*epsilon)
MAB binning in use
Bottleneck bin occupancy may not be accurately reported
Waiting for segments to complete...
Iteration completed successfully
Iteration wallclock: 0:44:13.211553, cputime: 7:35:00.889972


Sat Mar  4 17:46:13 2023
Iteration 434 (1000 requested)
Beginning iteration 434
320 segments remain in iteration 434 (320 total)
76 of 111 (68.468468%) active bins are populated
per-bin minimum non-zero probability:       1.55486e-81
per-bin maximum probability:                0.750001
per-bin probability dynamic range (kT):     185.78
per-segment minimum non-zero probability:   3.88714e-82
per-segment maximum non-zero probability:   0.0833336
per-segment probability dynamic range (kT): 184.969
norm = 1, error in norm = 6.66134e-16 (3*epsilon)
MAB binning in use
Bottleneck bin occupancy may not be accurately reported
Waiting for segments to complete...
Iteration completed successfully
Iteration wallclock: 0:42:53.889280, cputime: 7:22:58.248040


Sat Mar  4 18:29:07 2023
Iteration 435 (1000 requested)
Beginning iteration 435
308 segments remain in iteration 435 (308 total)
70 of 111 (63.063063%) active bins are populated
per-bin minimum non-zero probability:       3.88714e-82
per-bin maximum probability:                1
per-bin probability dynamic range (kT):     187.454
per-segment minimum non-zero probability:   9.71786e-83
per-segment maximum non-zero probability:   0.0833336
per-segment probability dynamic range (kT): 186.356
norm = 1, error in norm = 4.44089e-16 (2*epsilon)
MAB binning in use
Bottleneck bin occupancy may not be accurately reported
Waiting for segments to complete...
Iteration completed successfully
Iteration wallclock: 0:41:24.434281, cputime: 7:09:12.879928


Sat Mar  4 19:10:31 2023
Iteration 436 (1000 requested)
Beginning iteration 436
324 segments remain in iteration 436 (324 total)
79 of 111 (71.171171%) active bins are populated
per-bin minimum non-zero probability:       9.71786e-83
per-bin maximum probability:                1
per-bin probability dynamic range (kT):     188.841
per-segment minimum non-zero probability:   2.42946e-83
per-segment maximum non-zero probability:   0.0833336
per-segment probability dynamic range (kT): 187.742
norm = 1, error in norm = 4.44089e-16 (2*epsilon)
MAB binning in use
Bottleneck bin occupancy may not be accurately reported
Waiting for segments to complete...
Iteration completed successfully
Iteration wallclock: 0:44:02.706916, cputime: 7:21:12.848775


Sat Mar  4 19:54:34 2023
Iteration 437 (1000 requested)
Beginning iteration 437
300 segments remain in iteration 437 (300 total)
71 of 111 (63.963964%) active bins are populated
per-bin minimum non-zero probability:       2.42946e-83
per-bin maximum probability:                1
per-bin probability dynamic range (kT):     190.227
per-segment minimum non-zero probability:   6.07366e-84
per-segment maximum non-zero probability:   0.0833336
per-segment probability dynamic range (kT): 189.128
norm = 1, error in norm = 4.44089e-16 (2*epsilon)
MAB binning in use
Bottleneck bin occupancy may not be accurately reported
Waiting for segments to complete...
Iteration completed successfully
Iteration wallclock: 0:40:42.558505, cputime: 6:49:45.673698


Sat Mar  4 20:35:17 2023
Iteration 438 (1000 requested)
Beginning iteration 438
307 segments remain in iteration 438 (307 total)
75 of 111 (67.567568%) active bins are populated
per-bin minimum non-zero probability:       6.07366e-84
per-bin maximum probability:                0.916666
per-bin probability dynamic range (kT):     191.526
per-segment minimum non-zero probability:   1.51842e-84
per-segment maximum non-zero probability:   0.0833335
per-segment probability dynamic range (kT): 190.515
norm = 1, error in norm = 6.66134e-16 (3*epsilon)
MAB binning in use
Bottleneck bin occupancy may not be accurately reported
Waiting for segments to complete...
Iteration completed successfully
Iteration wallclock: 0:41:10.018223, cputime: 7:09:17.535341


Sat Mar  4 21:16:27 2023
Iteration 439 (1000 requested)
Beginning iteration 439
318 segments remain in iteration 439 (318 total)
77 of 111 (69.369369%) active bins are populated
per-bin minimum non-zero probability:       1.51842e-84
per-bin maximum probability:                0.833333
per-bin probability dynamic range (kT):     192.817
per-segment minimum non-zero probability:   3.79604e-85
per-segment maximum non-zero probability:   0.0833334
per-segment probability dynamic range (kT): 191.901
norm = 1, error in norm = 6.66134e-16 (3*epsilon)
MAB binning in use
Bottleneck bin occupancy may not be accurately reported
Waiting for segments to complete...
Iteration completed successfully
Iteration wallclock: 0:42:35.396519, cputime: 7:26:20.366235


Sat Mar  4 21:59:02 2023
Iteration 440 (1000 requested)
Beginning iteration 440
311 segments remain in iteration 440 (311 total)
75 of 111 (67.567568%) active bins are populated
per-bin minimum non-zero probability:       3.79604e-85
per-bin maximum probability:                0.895833
per-bin probability dynamic range (kT):     194.276
per-segment minimum non-zero probability:   9.4901e-86
per-segment maximum non-zero probability:   0.0833334
per-segment probability dynamic range (kT): 193.287
norm = 1, error in norm = 6.66134e-16 (3*epsilon)
MAB binning in use
Bottleneck bin occupancy may not be accurately reported
Waiting for segments to complete...
Iteration completed successfully
Iteration wallclock: 0:41:35.852903, cputime: 7:11:05.827231


Sat Mar  4 22:40:38 2023
Iteration 441 (1000 requested)
Beginning iteration 441
311 segments remain in iteration 441 (311 total)
74 of 111 (66.666667%) active bins are populated
per-bin minimum non-zero probability:       9.4901e-86
per-bin maximum probability:                0.923611
per-bin probability dynamic range (kT):     195.693
per-segment minimum non-zero probability:   2.37252e-86
per-segment maximum non-zero probability:   0.0902778
per-segment probability dynamic range (kT): 194.753
norm = 1, error in norm = 6.66134e-16 (3*epsilon)
MAB binning in use
Bottleneck bin occupancy may not be accurately reported
Waiting for segments to complete...
Iteration completed successfully
Iteration wallclock: 0:41:43.336902, cputime: 7:03:36.501318


Sat Mar  4 23:22:21 2023
Iteration 442 (1000 requested)
Beginning iteration 442
322 segments remain in iteration 442 (322 total)
77 of 111 (69.369369%) active bins are populated
per-bin minimum non-zero probability:       2.37252e-86
per-bin maximum probability:                0.814236
per-bin probability dynamic range (kT):     196.953
per-segment minimum non-zero probability:   5.93131e-87
per-segment maximum non-zero probability:   0.0902778
per-segment probability dynamic range (kT): 196.14
norm = 1, error in norm = 4.44089e-16 (2*epsilon)
MAB binning in use
Bottleneck bin occupancy may not be accurately reported
Waiting for segments to complete...
Iteration completed successfully
Iteration wallclock: 0:43:37.161034, cputime: 7:22:04.458876


Sun Mar  5 00:05:58 2023
Iteration 443 (1000 requested)
Beginning iteration 443
308 segments remain in iteration 443 (308 total)
74 of 111 (66.666667%) active bins are populated
per-bin minimum non-zero probability:       5.93131e-87
per-bin maximum probability:                1
per-bin probability dynamic range (kT):     198.545
per-segment minimum non-zero probability:   1.48283e-87
per-segment maximum non-zero probability:   0.092882
per-segment probability dynamic range (kT): 197.555
norm = 1, error in norm = 6.66134e-16 (3*epsilon)
MAB binning in use
Bottleneck bin occupancy may not be accurately reported
Waiting for segments to complete...
Iteration completed successfully
Iteration wallclock: 0:41:24.767247, cputime: 7:09:22.518421


Sun Mar  5 00:47:23 2023
Iteration 444 (1000 requested)
Beginning iteration 444
303 segments remain in iteration 444 (303 total)
74 of 111 (66.666667%) active bins are populated
per-bin minimum non-zero probability:       1.48283e-87
per-bin maximum probability:                0.907118
per-bin probability dynamic range (kT):     199.833
per-segment minimum non-zero probability:   3.70707e-88
per-segment maximum non-zero probability:   0.0898438
per-segment probability dynamic range (kT): 198.908
norm = 1, error in norm = 6.66134e-16 (3*epsilon)
MAB binning in use
Bottleneck bin occupancy may not be accurately reported
Waiting for segments to complete...
Iteration completed successfully
Iteration wallclock: 0:40:43.571623, cputime: 6:56:02.507568


Sun Mar  5 01:28:07 2023
Iteration 445 (1000 requested)
Beginning iteration 445
320 segments remain in iteration 445 (320 total)
78 of 111 (70.270270%) active bins are populated
per-bin minimum non-zero probability:       3.70707e-88
per-bin maximum probability:                0.97678
per-bin probability dynamic range (kT):     201.294
per-segment minimum non-zero probability:   9.26767e-89
per-segment maximum non-zero probability:   0.0898438
per-segment probability dynamic range (kT): 200.294
norm = 1, error in norm = 6.66134e-16 (3*epsilon)
MAB binning in use
Bottleneck bin occupancy may not be accurately reported
Waiting for segments to complete...
Iteration completed successfully
Iteration wallclock: 0:44:54.300871, cputime: 7:29:14.539716


Sun Mar  5 02:13:01 2023
Iteration 446 (1000 requested)
Beginning iteration 446
279 segments remain in iteration 446 (279 total)
66 of 111 (59.459459%) active bins are populated
per-bin minimum non-zero probability:       9.26767e-89
per-bin maximum probability:                0.920211
per-bin probability dynamic range (kT):     202.62
per-segment minimum non-zero probability:   2.31692e-89
per-segment maximum non-zero probability:   0.0871582
per-segment probability dynamic range (kT): 201.65
norm = 1, error in norm = 6.66134e-16 (3*epsilon)
MAB binning in use
Bottleneck bin occupancy may not be accurately reported
Waiting for segments to complete...
Iteration completed successfully
Iteration wallclock: 0:41:21.458802, cputime: 6:25:16.023712


Sun Mar  5 02:54:23 2023
Iteration 447 (1000 requested)
Beginning iteration 447
304 segments remain in iteration 447 (304 total)
73 of 111 (65.765766%) active bins are populated
per-bin minimum non-zero probability:       2.31692e-89
per-bin maximum probability:                0.998549
per-bin probability dynamic range (kT):     204.088
per-segment minimum non-zero probability:   5.7923e-90
per-segment maximum non-zero probability:   0.086263
per-segment probability dynamic range (kT): 203.026
norm = 1, error in norm = 4.44089e-16 (2*epsilon)
MAB binning in use
Bottleneck bin occupancy may not be accurately reported
Waiting for segments to complete...
Iteration completed successfully
Iteration wallclock: 0:40:55.072117, cputime: 6:55:20.843302


Sun Mar  5 03:35:18 2023
Iteration 448 (1000 requested)
Beginning iteration 448
284 segments remain in iteration 448 (284 total)
68 of 111 (61.261261%) active bins are populated
per-bin minimum non-zero probability:       5.7923e-90
per-bin maximum probability:                1
per-bin probability dynamic range (kT):     205.476
per-segment minimum non-zero probability:   1.44807e-90
per-segment maximum non-zero probability:   0.086263
per-segment probability dynamic range (kT): 204.412
norm = 1, error in norm = 8.88178e-16 (4*epsilon)
MAB binning in use
Bottleneck bin occupancy may not be accurately reported
Waiting for segments to complete...
Iteration completed successfully
Iteration wallclock: 0:40:39.916898, cputime: 6:31:21.786978


Sun Mar  5 04:15:58 2023
Iteration 449 (1000 requested)
Beginning iteration 449
296 segments remain in iteration 449 (296 total)
71 of 111 (63.963964%) active bins are populated
per-bin minimum non-zero probability:       1.44807e-90
per-bin maximum probability:                1
per-bin probability dynamic range (kT):     206.862
per-segment minimum non-zero probability:   3.62018e-91
per-segment maximum non-zero probability:   0.086263
per-segment probability dynamic range (kT): 205.798
norm = 1, error in norm = 6.66134e-16 (3*epsilon)
MAB binning in use
Bottleneck bin occupancy may not be accurately reported
Waiting for segments to complete...
Iteration completed successfully
Iteration wallclock: 0:44:30.552900, cputime: 6:46:36.254508


Sun Mar  5 05:00:28 2023
Iteration 450 (1000 requested)
Beginning iteration 450
316 segments remain in iteration 450 (316 total)
75 of 111 (67.567568%) active bins are populated
per-bin minimum non-zero probability:       7.07855e-54
per-bin maximum probability:                1
per-bin probability dynamic range (kT):     122.383
per-segment minimum non-zero probability:   1.76964e-54
per-segment maximum non-zero probability:   0.086263
per-segment probability dynamic range (kT): 121.318
norm = 1, error in norm = 6.66134e-16 (3*epsilon)
MAB binning in use
Bottleneck bin occupancy may not be accurately reported
Waiting for segments to complete...
Iteration completed successfully
Iteration wallclock: 0:42:45.144492, cputime: 7:18:24.658977


Sun Mar  5 05:43:13 2023
Iteration 451 (1000 requested)
Beginning iteration 451
311 segments remain in iteration 451 (311 total)
76 of 111 (68.468468%) active bins are populated
per-bin minimum non-zero probability:       7.07855e-54
per-bin maximum probability:                0.917821
per-bin probability dynamic range (kT):     122.297
per-segment minimum non-zero probability:   1.76964e-54
per-segment maximum non-zero probability:   0.086263
per-segment probability dynamic range (kT): 121.318
norm = 1, error in norm = 6.66134e-16 (3*epsilon)
MAB binning in use
Bottleneck bin occupancy may not be accurately reported
Waiting for segments to complete...
Iteration completed successfully
Iteration wallclock: 0:42:05.287394, cputime: 7:07:58.683110


Sun Mar  5 06:25:19 2023
Iteration 452 (1000 requested)
Beginning iteration 452
312 segments remain in iteration 452 (312 total)
75 of 111 (67.567568%) active bins are populated
per-bin minimum non-zero probability:       1.76964e-54
per-bin maximum probability:                1
per-bin probability dynamic range (kT):     123.769
per-segment minimum non-zero probability:   4.4241e-55
per-segment maximum non-zero probability:   0.0853218
per-segment probability dynamic range (kT): 122.694
norm = 1, error in norm = 6.66134e-16 (3*epsilon)
MAB binning in use
Bottleneck bin occupancy may not be accurately reported
Waiting for segments to complete...
Iteration completed successfully
Iteration wallclock: 0:41:46.488096, cputime: 7:07:56.189794


Sun Mar  5 07:07:05 2023
Iteration 453 (1000 requested)
Beginning iteration 453
312 segments remain in iteration 453 (312 total)
74 of 111 (66.666667%) active bins are populated
per-bin minimum non-zero probability:       8.84819e-55
per-bin maximum probability:                1
per-bin probability dynamic range (kT):     124.462
per-segment minimum non-zero probability:   2.21205e-55
per-segment maximum non-zero probability:   0.0853218
per-segment probability dynamic range (kT): 123.387
norm = 1, error in norm = 6.66134e-16 (3*epsilon)
MAB binning in use
Bottleneck bin occupancy may not be accurately reported
Waiting for segments to complete...
Iteration completed successfully
Iteration wallclock: 0:41:42.308654, cputime: 7:08:19.454567


Sun Mar  5 07:48:47 2023
Iteration 454 (1000 requested)
Beginning iteration 454
307 segments remain in iteration 454 (307 total)
70 of 111 (63.063063%) active bins are populated
per-bin minimum non-zero probability:       2.21205e-55
per-bin maximum probability:                0.916753
per-bin probability dynamic range (kT):     125.761
per-segment minimum non-zero probability:   5.53012e-56
per-segment maximum non-zero probability:   0.0853218
per-segment probability dynamic range (kT): 124.773
norm = 1, error in norm = 6.66134e-16 (3*epsilon)
MAB binning in use
Bottleneck bin occupancy may not be accurately reported
Waiting for segments to complete...
Iteration completed successfully
Iteration wallclock: 0:41:09.821922, cputime: 7:12:32.821330


Sun Mar  5 08:29:57 2023
Iteration 455 (1000 requested)
Beginning iteration 455
303 segments remain in iteration 455 (303 total)
75 of 111 (67.567568%) active bins are populated
per-bin minimum non-zero probability:       5.53012e-56
per-bin maximum probability:                0.895902
per-bin probability dynamic range (kT):     127.125
per-segment minimum non-zero probability:   1.38253e-56
per-segment maximum non-zero probability:   0.0843039
per-segment probability dynamic range (kT): 126.148
norm = 1, error in norm = 6.66134e-16 (3*epsilon)
MAB binning in use
Bottleneck bin occupancy may not be accurately reported
Waiting for segments to complete...
Iteration completed successfully
Iteration wallclock: 0:40:29.494675, cputime: 7:04:09.426313


Sun Mar  5 09:10:27 2023
Iteration 456 (1000 requested)
Beginning iteration 456
302 segments remain in iteration 456 (302 total)
73 of 111 (65.765766%) active bins are populated
per-bin minimum non-zero probability:       1.38253e-56
per-bin maximum probability:                0.835424
per-bin probability dynamic range (kT):     128.441
per-segment minimum non-zero probability:   3.45632e-57
per-segment maximum non-zero probability:   0.0878135
per-segment probability dynamic range (kT): 127.575
norm = 1, error in norm = 6.66134e-16 (3*epsilon)
MAB binning in use
Bottleneck bin occupancy may not be accurately reported
Waiting for segments to complete...
Recycled 6.91265e-56 probability (1 walkers) from target state 'unbound'
Iteration completed successfully
Iteration wallclock: 0:40:27.983273, cputime: 6:59:28.427309


Sun Mar  5 09:50:55 2023
Iteration 457 (1000 requested)
Beginning iteration 457
304 segments remain in iteration 457 (304 total)
75 of 111 (67.567568%) active bins are populated
per-bin minimum non-zero probability:       3.45632e-57
per-bin maximum probability:                1
per-bin probability dynamic range (kT):     130.007
per-segment minimum non-zero probability:   8.64081e-58
per-segment maximum non-zero probability:   0.0878135
per-segment probability dynamic range (kT): 128.961
norm = 1, error in norm = 6.66134e-16 (3*epsilon)
MAB binning in use
Bottleneck bin occupancy may not be accurately reported
Waiting for segments to complete...
Iteration completed successfully
Iteration wallclock: 0:40:44.106591, cputime: 6:53:35.794693

Iteration 458 would require more than the allotted time. Ending run.
