Updating system with the options from the configuration file
Maximum wallclock time: 1 day, 0:00:00

Fri Mar  3 10:58:45 2023
Iteration 390 (500 requested)
Beginning iteration 390
304 segments remain in iteration 390 (304 total)
71 of 111 (63.963964%) active bins are populated
per-bin minimum non-zero probability:       4.19522e-62
per-bin maximum probability:                1
per-bin probability dynamic range (kT):     141.326
per-segment minimum non-zero probability:   1.0488e-62
per-segment maximum non-zero probability:   0.0833334
per-segment probability dynamic range (kT): 140.228
norm = 1, error in norm = 2.22045e-16 (1*epsilon)
MAB binning in use
Bottleneck bin occupancy may not be accurately reported
Waiting for segments to complete...
Iteration completed successfully
Iteration wallclock: 0:42:39.029697, cputime: 6:55:45.629007


Fri Mar  3 11:41:24 2023
Iteration 391 (500 requested)
Beginning iteration 391
308 segments remain in iteration 391 (308 total)
75 of 111 (67.567568%) active bins are populated
per-bin minimum non-zero probability:       1.0488e-62
per-bin maximum probability:                1
per-bin probability dynamic range (kT):     142.713
per-segment minimum non-zero probability:   2.62201e-63
per-segment maximum non-zero probability:   0.0833334
per-segment probability dynamic range (kT): 141.614
norm = 1, error in norm = 4.44089e-16 (2*epsilon)
MAB binning in use
Bottleneck bin occupancy may not be accurately reported
Waiting for segments to complete...
Iteration completed successfully
Iteration wallclock: 0:41:35.950173, cputime: 7:03:50.737817


Fri Mar  3 12:23:00 2023
Iteration 392 (500 requested)
Beginning iteration 392
311 segments remain in iteration 392 (311 total)
75 of 111 (67.567568%) active bins are populated
per-bin minimum non-zero probability:       2.62201e-63
per-bin maximum probability:                0.916667
per-bin probability dynamic range (kT):     144.012
per-segment minimum non-zero probability:   6.55503e-64
per-segment maximum non-zero probability:   0.0833333
per-segment probability dynamic range (kT): 143
norm = 1, error in norm = 2.22045e-16 (1*epsilon)
MAB binning in use
Bottleneck bin occupancy may not be accurately reported
Waiting for segments to complete...
Iteration completed successfully
Iteration wallclock: 0:41:49.387589, cputime: 7:08:39.936748


Fri Mar  3 13:04:49 2023
Iteration 393 (500 requested)
Beginning iteration 393
311 segments remain in iteration 393 (311 total)
75 of 111 (67.567568%) active bins are populated
per-bin minimum non-zero probability:       7.14619e-61
per-bin maximum probability:                0.916667
per-bin probability dynamic range (kT):     138.404
per-segment minimum non-zero probability:   6.55503e-64
per-segment maximum non-zero probability:   0.0833333
per-segment probability dynamic range (kT): 143
norm = 1, error in norm = 0 (0*epsilon)
MAB binning in use
Bottleneck bin occupancy may not be accurately reported
Waiting for segments to complete...
Iteration completed successfully
Iteration wallclock: 0:41:33.772436, cputime: 7:10:49.918838


Fri Mar  3 13:46:23 2023
Iteration 394 (500 requested)
Beginning iteration 394
308 segments remain in iteration 394 (308 total)
72 of 111 (64.864865%) active bins are populated
per-bin minimum non-zero probability:       6.17629e-61
per-bin maximum probability:                1
per-bin probability dynamic range (kT):     138.637
per-segment minimum non-zero probability:   1.54407e-61
per-segment maximum non-zero probability:   0.0833333
per-segment probability dynamic range (kT): 137.538
norm = 1, error in norm = 0 (0*epsilon)
MAB binning in use
Bottleneck bin occupancy may not be accurately reported
Waiting for segments to complete...
Iteration completed successfully
Iteration wallclock: 0:42:00.299162, cputime: 6:54:20.169045


Fri Mar  3 14:28:23 2023
Iteration 395 (500 requested)
Beginning iteration 395
288 segments remain in iteration 395 (288 total)
68 of 111 (61.261261%) active bins are populated
per-bin minimum non-zero probability:       3.72066e-61
per-bin maximum probability:                1
per-bin probability dynamic range (kT):     139.144
per-segment minimum non-zero probability:   7.25531e-62
per-segment maximum non-zero probability:   0.0833333
per-segment probability dynamic range (kT): 138.294
norm = 1, error in norm = 2.22045e-16 (1*epsilon)
MAB binning in use
Bottleneck bin occupancy may not be accurately reported
Waiting for segments to complete...
Iteration completed successfully
Iteration wallclock: 0:38:42.666083, cputime: 6:32:28.992307


Fri Mar  3 15:07:06 2023
Iteration 396 (500 requested)
Beginning iteration 396
310 segments remain in iteration 396 (310 total)
74 of 111 (66.666667%) active bins are populated
per-bin minimum non-zero probability:       5.35775e-61
per-bin maximum probability:                0.833333
per-bin probability dynamic range (kT):     138.597
per-segment minimum non-zero probability:   7.25531e-62
per-segment maximum non-zero probability:   0.0833333
per-segment probability dynamic range (kT): 138.294
norm = 1, error in norm = 2.22045e-16 (1*epsilon)
MAB binning in use
Bottleneck bin occupancy may not be accurately reported
Waiting for segments to complete...
Iteration completed successfully
Iteration wallclock: 0:41:52.470557, cputime: 6:58:30.560373


Fri Mar  3 15:48:58 2023
Iteration 397 (500 requested)
Beginning iteration 397
299 segments remain in iteration 397 (299 total)
72 of 111 (64.864865%) active bins are populated
per-bin minimum non-zero probability:       3.08815e-61
per-bin maximum probability:                0.916667
per-bin probability dynamic range (kT):     139.243
per-segment minimum non-zero probability:   7.72036e-62
per-segment maximum non-zero probability:   0.0833333
per-segment probability dynamic range (kT): 138.232
norm = 1, error in norm = 2.22045e-16 (1*epsilon)
MAB binning in use
Bottleneck bin occupancy may not be accurately reported
Waiting for segments to complete...
Iteration completed successfully
Iteration wallclock: 0:40:45.054373, cputime: 6:48:03.002937


Fri Mar  3 16:29:43 2023
Iteration 398 (500 requested)
Beginning iteration 398
300 segments remain in iteration 398 (300 total)
73 of 111 (65.765766%) active bins are populated
per-bin minimum non-zero probability:       7.72036e-62
per-bin maximum probability:                1
per-bin probability dynamic range (kT):     140.716
per-segment minimum non-zero probability:   1.93009e-62
per-segment maximum non-zero probability:   0.0833333
per-segment probability dynamic range (kT): 139.618
norm = 1, error in norm = 2.22045e-16 (1*epsilon)
MAB binning in use
Bottleneck bin occupancy may not be accurately reported
Waiting for segments to complete...
Iteration completed successfully
Iteration wallclock: 0:41:02.584216, cputime: 6:44:14.212014


Fri Mar  3 17:10:46 2023
Iteration 399 (500 requested)
Beginning iteration 399
312 segments remain in iteration 399 (312 total)
73 of 111 (65.765766%) active bins are populated
per-bin minimum non-zero probability:       1.93009e-62
per-bin maximum probability:                1
per-bin probability dynamic range (kT):     142.103
per-segment minimum non-zero probability:   4.82523e-63
per-segment maximum non-zero probability:   0.0833333
per-segment probability dynamic range (kT): 141.004
norm = 1, error in norm = 2.22045e-16 (1*epsilon)
MAB binning in use
Bottleneck bin occupancy may not be accurately reported
Waiting for segments to complete...
Iteration completed successfully
Iteration wallclock: 0:42:01.524097, cputime: 7:01:46.685493


Fri Mar  3 17:52:47 2023
Iteration 400 (500 requested)
Beginning iteration 400
292 segments remain in iteration 400 (292 total)
70 of 111 (63.063063%) active bins are populated
per-bin minimum non-zero probability:       4.82523e-63
per-bin maximum probability:                1
per-bin probability dynamic range (kT):     143.489
per-segment minimum non-zero probability:   1.20631e-63
per-segment maximum non-zero probability:   0.0833333
per-segment probability dynamic range (kT): 142.39
norm = 1, error in norm = 2.22045e-16 (1*epsilon)
MAB binning in use
Bottleneck bin occupancy may not be accurately reported
Waiting for segments to complete...
Iteration completed successfully
Iteration wallclock: 0:39:26.486239, cputime: 6:40:55.245112


Fri Mar  3 18:32:14 2023
Iteration 401 (500 requested)
Beginning iteration 401
311 segments remain in iteration 401 (311 total)
73 of 111 (65.765766%) active bins are populated
per-bin minimum non-zero probability:       2.34964e-63
per-bin maximum probability:                0.916667
per-bin probability dynamic range (kT):     144.122
per-segment minimum non-zero probability:   5.8741e-64
per-segment maximum non-zero probability:   0.0833333
per-segment probability dynamic range (kT): 143.11
norm = 1, error in norm = 2.22045e-16 (1*epsilon)
MAB binning in use
Bottleneck bin occupancy may not be accurately reported
Waiting for segments to complete...
Iteration completed successfully
Iteration wallclock: 0:41:45.206525, cputime: 7:06:59.866112


Fri Mar  3 19:13:59 2023
Iteration 402 (500 requested)
Beginning iteration 402
288 segments remain in iteration 402 (288 total)
68 of 111 (61.261261%) active bins are populated
per-bin minimum non-zero probability:       5.8741e-64
per-bin maximum probability:                0.979167
per-bin probability dynamic range (kT):     145.574
per-segment minimum non-zero probability:   1.46852e-64
per-segment maximum non-zero probability:   0.0833333
per-segment probability dynamic range (kT): 144.496
norm = 1, error in norm = 2.22045e-16 (1*epsilon)
MAB binning in use
Bottleneck bin occupancy may not be accurately reported
Waiting for segments to complete...
Iteration completed successfully
Iteration wallclock: 0:38:48.509902, cputime: 6:30:43.486946


Fri Mar  3 19:52:48 2023
Iteration 403 (500 requested)
Beginning iteration 403
291 segments remain in iteration 403 (291 total)
69 of 111 (62.162162%) active bins are populated
per-bin minimum non-zero probability:       1.46852e-64
per-bin maximum probability:                0.923611
per-bin probability dynamic range (kT):     146.902
per-segment minimum non-zero probability:   3.67131e-65
per-segment maximum non-zero probability:   0.0868056
per-segment probability dynamic range (kT): 145.923
norm = 1, error in norm = 4.44089e-16 (2*epsilon)
MAB binning in use
Bottleneck bin occupancy may not be accurately reported
Waiting for segments to complete...
Iteration completed successfully
Iteration wallclock: 0:39:25.808910, cputime: 6:36:07.505940


Fri Mar  3 20:32:13 2023
Iteration 404 (500 requested)
Beginning iteration 404
308 segments remain in iteration 404 (308 total)
75 of 111 (67.567568%) active bins are populated
per-bin minimum non-zero probability:       3.67131e-65
per-bin maximum probability:                0.980903
per-bin probability dynamic range (kT):     148.348
per-segment minimum non-zero probability:   9.17828e-66
per-segment maximum non-zero probability:   0.0850694
per-segment probability dynamic range (kT): 147.289
norm = 1, error in norm = 2.22045e-16 (1*epsilon)
MAB binning in use
Bottleneck bin occupancy may not be accurately reported
Waiting for segments to complete...
Iteration completed successfully
Iteration wallclock: 0:41:47.868135, cputime: 7:00:53.621171


Fri Mar  3 21:14:01 2023
Iteration 405 (500 requested)
Beginning iteration 405
324 segments remain in iteration 405 (324 total)
79 of 111 (71.171171%) active bins are populated
per-bin minimum non-zero probability:       9.17828e-66
per-bin maximum probability:                1
per-bin probability dynamic range (kT):     149.754
per-segment minimum non-zero probability:   2.29457e-66
per-segment maximum non-zero probability:   0.0847801
per-segment probability dynamic range (kT): 148.672
norm = 1, error in norm = 4.44089e-16 (2*epsilon)
MAB binning in use
Bottleneck bin occupancy may not be accurately reported
Waiting for segments to complete...
Iteration completed successfully
Iteration wallclock: 0:43:19.948804, cputime: 7:33:18.481161


Fri Mar  3 21:57:21 2023
Iteration 406 (500 requested)
Beginning iteration 406
326 segments remain in iteration 406 (326 total)
79 of 111 (71.171171%) active bins are populated
per-bin minimum non-zero probability:       2.1416e-65
per-bin maximum probability:                0.832176
per-bin probability dynamic range (kT):     148.723
per-segment minimum non-zero probability:   5.35399e-66
per-segment maximum non-zero probability:   0.0847801
per-segment probability dynamic range (kT): 147.825
norm = 1, error in norm = 2.22045e-16 (1*epsilon)
MAB binning in use
Bottleneck bin occupancy may not be accurately reported
Waiting for segments to complete...
Iteration completed successfully
Iteration wallclock: 0:43:52.959364, cputime: 7:24:34.578079


Fri Mar  3 22:41:14 2023
Iteration 407 (500 requested)
Beginning iteration 407
315 segments remain in iteration 407 (315 total)
75 of 111 (67.567568%) active bins are populated
per-bin minimum non-zero probability:       2.80098e-65
per-bin maximum probability:                0.918258
per-bin probability dynamic range (kT):     148.553
per-segment minimum non-zero probability:   7.00246e-66
per-segment maximum non-zero probability:   0.0843461
per-segment probability dynamic range (kT): 147.552
norm = 1, error in norm = 2.22045e-16 (1*epsilon)
MAB binning in use
Bottleneck bin occupancy may not be accurately reported
Waiting for segments to complete...
Iteration completed successfully
Iteration wallclock: 0:42:24.749861, cputime: 7:19:17.938482


Fri Mar  3 23:23:39 2023
Iteration 408 (500 requested)
Beginning iteration 408
307 segments remain in iteration 408 (307 total)
75 of 111 (67.567568%) active bins are populated
per-bin minimum non-zero probability:       7.00246e-66
per-bin maximum probability:                0.916088
per-bin probability dynamic range (kT):     149.937
per-segment minimum non-zero probability:   1.75061e-66
per-segment maximum non-zero probability:   0.0841291
per-segment probability dynamic range (kT): 148.935
norm = 1, error in norm = 4.44089e-16 (2*epsilon)
MAB binning in use
Bottleneck bin occupancy may not be accurately reported
Waiting for segments to complete...
Iteration completed successfully
Iteration wallclock: 0:41:34.543934, cputime: 7:01:55.984182


Sat Mar  4 00:05:14 2023
Iteration 409 (500 requested)
Beginning iteration 409
332 segments remain in iteration 409 (332 total)
81 of 111 (72.972973%) active bins are populated
per-bin minimum non-zero probability:       1.75061e-66
per-bin maximum probability:                1
per-bin probability dynamic range (kT):     151.411
per-segment minimum non-zero probability:   4.37653e-67
per-segment maximum non-zero probability:   0.0838759
per-segment probability dynamic range (kT): 150.319
norm = 1, error in norm = 4.44089e-16 (2*epsilon)
MAB binning in use
Bottleneck bin occupancy may not be accurately reported
Waiting for segments to complete...
Iteration completed successfully
Iteration wallclock: 0:44:43.698927, cputime: 7:36:13.887312


Sat Mar  4 00:49:57 2023
Iteration 410 (500 requested)
Beginning iteration 410
327 segments remain in iteration 410 (327 total)
80 of 111 (72.072072%) active bins are populated
per-bin minimum non-zero probability:       4.37653e-67
per-bin maximum probability:                0.916124
per-bin probability dynamic range (kT):     152.709
per-segment minimum non-zero probability:   1.09413e-67
per-segment maximum non-zero probability:   0.0835725
per-segment probability dynamic range (kT): 151.701
norm = 1, error in norm = 4.44089e-16 (2*epsilon)
MAB binning in use
Bottleneck bin occupancy may not be accurately reported
Waiting for segments to complete...
Iteration completed successfully
Iteration wallclock: 0:44:11.650030, cputime: 7:23:24.964435


Sat Mar  4 01:34:09 2023
Iteration 411 (500 requested)
Beginning iteration 411
320 segments remain in iteration 411 (320 total)
75 of 111 (67.567568%) active bins are populated
per-bin minimum non-zero probability:       1.09413e-67
per-bin maximum probability:                1
per-bin probability dynamic range (kT):     154.183
per-segment minimum non-zero probability:   2.73533e-68
per-segment maximum non-zero probability:   0.0835725
per-segment probability dynamic range (kT): 153.087
norm = 1, error in norm = 2.22045e-16 (1*epsilon)
MAB binning in use
Bottleneck bin occupancy may not be accurately reported
Waiting for segments to complete...
Iteration completed successfully
Iteration wallclock: 0:42:45.918518, cputime: 7:22:17.427755


Sat Mar  4 02:16:55 2023
Iteration 412 (500 requested)
Beginning iteration 412
308 segments remain in iteration 412 (308 total)
75 of 111 (67.567568%) active bins are populated
per-bin minimum non-zero probability:       2.73533e-68
per-bin maximum probability:                1
per-bin probability dynamic range (kT):     155.57
per-segment minimum non-zero probability:   6.83834e-69
per-segment maximum non-zero probability:   0.0835725
per-segment probability dynamic range (kT): 154.474
norm = 1, error in norm = 4.44089e-16 (2*epsilon)
MAB binning in use
Bottleneck bin occupancy may not be accurately reported
Waiting for segments to complete...
Iteration completed successfully
Iteration wallclock: 0:41:45.472675, cputime: 6:57:27.934897


Sat Mar  4 02:58:40 2023
Iteration 413 (500 requested)
Beginning iteration 413
299 segments remain in iteration 413 (299 total)
73 of 111 (65.765766%) active bins are populated
per-bin minimum non-zero probability:       6.83834e-69
per-bin maximum probability:                0.916871
per-bin probability dynamic range (kT):     156.869
per-segment minimum non-zero probability:   1.70958e-69
per-segment maximum non-zero probability:   0.0834889
per-segment probability dynamic range (kT): 155.859
norm = 1, error in norm = 2.22045e-16 (1*epsilon)
MAB binning in use
Bottleneck bin occupancy may not be accurately reported
Waiting for segments to complete...
Iteration completed successfully
Iteration wallclock: 0:40:29.216882, cputime: 6:53:15.385675


Sat Mar  4 03:39:10 2023
Iteration 414 (500 requested)
Beginning iteration 414
311 segments remain in iteration 414 (311 total)
75 of 111 (67.567568%) active bins are populated
per-bin minimum non-zero probability:       1.70958e-69
per-bin maximum probability:                0.916687
per-bin probability dynamic range (kT):     158.255
per-segment minimum non-zero probability:   4.27396e-70
per-segment maximum non-zero probability:   0.0834471
per-segment probability dynamic range (kT): 157.245
norm = 1, error in norm = 2.22045e-16 (1*epsilon)
MAB binning in use
Bottleneck bin occupancy may not be accurately reported
Waiting for segments to complete...
Iteration completed successfully
Iteration wallclock: 0:42:00.930848, cputime: 7:06:29.766934


Sat Mar  4 04:21:10 2023
Iteration 415 (500 requested)
Beginning iteration 415
299 segments remain in iteration 415 (299 total)
71 of 111 (63.963964%) active bins are populated
per-bin minimum non-zero probability:       4.27396e-70
per-bin maximum probability:                0.916705
per-bin probability dynamic range (kT):     159.641
per-segment minimum non-zero probability:   1.06849e-70
per-segment maximum non-zero probability:   0.083403
per-segment probability dynamic range (kT): 158.631
norm = 1, error in norm = 2.22045e-16 (1*epsilon)
MAB binning in use
Bottleneck bin occupancy may not be accurately reported
Waiting for segments to complete...
Iteration completed successfully
Iteration wallclock: 0:40:22.206069, cputime: 6:52:05.234365


Sat Mar  4 05:01:33 2023
Iteration 416 (500 requested)
Beginning iteration 416
308 segments remain in iteration 416 (308 total)
75 of 111 (67.567568%) active bins are populated
per-bin minimum non-zero probability:       1.06849e-70
per-bin maximum probability:                1
per-bin probability dynamic range (kT):     161.115
per-segment minimum non-zero probability:   2.67122e-71
per-segment maximum non-zero probability:   0.083403
per-segment probability dynamic range (kT): 160.017
norm = 1, error in norm = 2.22045e-16 (1*epsilon)
MAB binning in use
Bottleneck bin occupancy may not be accurately reported
Waiting for segments to complete...
Iteration completed successfully
Iteration wallclock: 0:41:58.099167, cputime: 6:57:02.801030


Sat Mar  4 05:43:31 2023
Iteration 417 (500 requested)
Beginning iteration 417
320 segments remain in iteration 417 (320 total)
78 of 111 (70.270270%) active bins are populated
per-bin minimum non-zero probability:       2.67122e-71
per-bin maximum probability:                1
per-bin probability dynamic range (kT):     162.501
per-segment minimum non-zero probability:   6.67806e-72
per-segment maximum non-zero probability:   0.083403
per-segment probability dynamic range (kT): 161.403
norm = 1, error in norm = 4.44089e-16 (2*epsilon)
MAB binning in use
Bottleneck bin occupancy may not be accurately reported
Waiting for segments to complete...
Iteration completed successfully
Iteration wallclock: 0:42:57.713477, cputime: 7:21:36.872350


Sat Mar  4 06:26:28 2023
Iteration 418 (500 requested)
Beginning iteration 418
340 segments remain in iteration 418 (340 total)
82 of 111 (73.873874%) active bins are populated
per-bin minimum non-zero probability:       6.67806e-72
per-bin maximum probability:                1
per-bin probability dynamic range (kT):     163.887
per-segment minimum non-zero probability:   1.66952e-72
per-segment maximum non-zero probability:   0.083403
per-segment probability dynamic range (kT): 162.79
norm = 1, error in norm = 2.22045e-16 (1*epsilon)
MAB binning in use
Bottleneck bin occupancy may not be accurately reported
Waiting for segments to complete...
Iteration completed successfully
Iteration wallclock: 0:45:35.561653, cputime: 7:45:52.232332


Sat Mar  4 07:12:04 2023
Iteration 419 (500 requested)
Beginning iteration 419
307 segments remain in iteration 419 (307 total)
75 of 111 (67.567568%) active bins are populated
per-bin minimum non-zero probability:       1.66952e-72
per-bin maximum probability:                0.91669
per-bin probability dynamic range (kT):     165.187
per-segment minimum non-zero probability:   4.17379e-73
per-segment maximum non-zero probability:   0.0833722
per-segment probability dynamic range (kT): 164.175
norm = 1, error in norm = 4.44089e-16 (2*epsilon)
MAB binning in use
Bottleneck bin occupancy may not be accurately reported
Waiting for segments to complete...
Iteration completed successfully
Iteration wallclock: 0:41:10.512825, cputime: 7:06:55.750985


Sat Mar  4 07:53:15 2023
Iteration 420 (500 requested)
Beginning iteration 420
307 segments remain in iteration 420 (307 total)
74 of 111 (66.666667%) active bins are populated
per-bin minimum non-zero probability:       4.17379e-73
per-bin maximum probability:                0.916666
per-bin probability dynamic range (kT):     166.573
per-segment minimum non-zero probability:   1.04345e-73
per-segment maximum non-zero probability:   0.0833568
per-segment probability dynamic range (kT): 165.562
norm = 1, error in norm = 2.22045e-16 (1*epsilon)
MAB binning in use
Bottleneck bin occupancy may not be accurately reported
Waiting for segments to complete...
Iteration completed successfully
Iteration wallclock: 0:41:12.115920, cputime: 7:05:30.909710


Sat Mar  4 08:34:27 2023
Iteration 421 (500 requested)
Beginning iteration 421
311 segments remain in iteration 421 (311 total)
76 of 111 (68.468468%) active bins are populated
per-bin minimum non-zero probability:       1.04345e-73
per-bin maximum probability:                0.91668
per-bin probability dynamic range (kT):     167.959
per-segment minimum non-zero probability:   2.60862e-74
per-segment maximum non-zero probability:   0.0833472
per-segment probability dynamic range (kT): 166.948
norm = 1, error in norm = 4.44089e-16 (2*epsilon)
MAB binning in use
Bottleneck bin occupancy may not be accurately reported
Waiting for segments to complete...
Iteration completed successfully
Iteration wallclock: 0:41:44.859799, cputime: 7:04:50.202017


Sat Mar  4 09:16:12 2023
Iteration 422 (500 requested)
Beginning iteration 422
300 segments remain in iteration 422 (300 total)
72 of 111 (64.864865%) active bins are populated
per-bin minimum non-zero probability:       2.60862e-74
per-bin maximum probability:                1
per-bin probability dynamic range (kT):     169.432
per-segment minimum non-zero probability:   6.52154e-75
per-segment maximum non-zero probability:   0.0833432
per-segment probability dynamic range (kT): 168.334
norm = 1, error in norm = 2.22045e-16 (1*epsilon)
MAB binning in use
Bottleneck bin occupancy may not be accurately reported
Waiting for segments to complete...
Iteration completed successfully
Iteration wallclock: 0:40:06.297252, cputime: 6:56:33.062024


Sat Mar  4 09:56:18 2023
Iteration 423 (500 requested)
Beginning iteration 423
307 segments remain in iteration 423 (307 total)
74 of 111 (66.666667%) active bins are populated
per-bin minimum non-zero probability:       6.52154e-75
per-bin maximum probability:                0.916657
per-bin probability dynamic range (kT):     170.732
per-segment minimum non-zero probability:   1.63039e-75
per-segment maximum non-zero probability:   0.0833382
per-segment probability dynamic range (kT): 169.72
norm = 1, error in norm = 4.44089e-16 (2*epsilon)
MAB binning in use
Bottleneck bin occupancy may not be accurately reported
Waiting for segments to complete...
Iteration completed successfully
Iteration wallclock: 0:41:16.291664, cputime: 7:08:40.403620

Iteration 424 would require more than the allotted time. Ending run.
