Updating system with the options from the configuration file
Maximum wallclock time: 2 days, 0:00:00

Fri Oct  7 16:42:40 2022
Iteration 178 (1000 requested)
Beginning iteration 178
50 segments remain in iteration 178 (50 total)
5 of 49 (10.204082%) active bins are populated
per-bin minimum non-zero probability:       1.8864e-54
per-bin maximum probability:                1
per-bin probability dynamic range (kT):     123.705
per-segment minimum non-zero probability:   1.8864e-55
per-segment maximum non-zero probability:   0.152072
per-segment probability dynamic range (kT): 124.124
norm = 1, error in norm = 0 (0*epsilon)
MAB binning in use
Bottleneck bin occupancy may not be accurately reported
Waiting for segments to complete...
Iteration completed successfully
Iteration wallclock: 0:27:01.979330, cputime: 1:23:58.338904


Fri Oct  7 17:09:42 2022
Iteration 179 (1000 requested)
Beginning iteration 179
50 segments remain in iteration 179 (50 total)
5 of 49 (10.204082%) active bins are populated
per-bin minimum non-zero probability:       1.8864e-55
per-bin maximum probability:                1
per-bin probability dynamic range (kT):     126.008
per-segment minimum non-zero probability:   1.8864e-56
per-segment maximum non-zero probability:   0.152072
per-segment probability dynamic range (kT): 126.427
norm = 1, error in norm = 0 (0*epsilon)
MAB binning in use
Bottleneck bin occupancy may not be accurately reported
Waiting for segments to complete...
Iteration completed successfully
Iteration wallclock: 0:25:32.835470, cputime: 1:24:34.702934


Fri Oct  7 17:35:15 2022
Iteration 180 (1000 requested)
Beginning iteration 180
50 segments remain in iteration 180 (50 total)
5 of 49 (10.204082%) active bins are populated
per-bin minimum non-zero probability:       2.71216e-54
per-bin maximum probability:                1
per-bin probability dynamic range (kT):     123.342
per-segment minimum non-zero probability:   2.71216e-55
per-segment maximum non-zero probability:   0.152072
per-segment probability dynamic range (kT): 123.761
norm = 1, error in norm = 0 (0*epsilon)
MAB binning in use
Bottleneck bin occupancy may not be accurately reported
Waiting for segments to complete...
Iteration completed successfully
Iteration wallclock: 0:26:17.945979, cputime: 1:23:16.681320


Fri Oct  7 18:01:33 2022
Iteration 181 (1000 requested)
Beginning iteration 181
50 segments remain in iteration 181 (50 total)
5 of 49 (10.204082%) active bins are populated
per-bin minimum non-zero probability:       3.34008e-55
per-bin maximum probability:                1
per-bin probability dynamic range (kT):     125.436
per-segment minimum non-zero probability:   3.34008e-56
per-segment maximum non-zero probability:   0.152072
per-segment probability dynamic range (kT): 125.855
norm = 1, error in norm = 0 (0*epsilon)
MAB binning in use
Bottleneck bin occupancy may not be accurately reported
Waiting for segments to complete...
Iteration completed successfully
Iteration wallclock: 0:25:09.448393, cputime: 1:23:07.949815


Fri Oct  7 18:26:43 2022
Iteration 182 (1000 requested)
Beginning iteration 182
50 segments remain in iteration 182 (50 total)
5 of 49 (10.204082%) active bins are populated
per-bin minimum non-zero probability:       1.80811e-55
per-bin maximum probability:                1
per-bin probability dynamic range (kT):     126.05
per-segment minimum non-zero probability:   1.80811e-56
per-segment maximum non-zero probability:   0.152072
per-segment probability dynamic range (kT): 126.469
norm = 1, error in norm = 0 (0*epsilon)
MAB binning in use
Bottleneck bin occupancy may not be accurately reported
Waiting for segments to complete...
Iteration completed successfully
Iteration wallclock: 0:25:14.563824, cputime: 1:23:07.749183


Fri Oct  7 18:51:57 2022
Iteration 183 (1000 requested)
Beginning iteration 183
50 segments remain in iteration 183 (50 total)
5 of 49 (10.204082%) active bins are populated
per-bin minimum non-zero probability:       1.33603e-55
per-bin maximum probability:                1
per-bin probability dynamic range (kT):     126.352
per-segment minimum non-zero probability:   1.33603e-56
per-segment maximum non-zero probability:   0.152072
per-segment probability dynamic range (kT): 126.772
norm = 1, error in norm = 0 (0*epsilon)
MAB binning in use
Bottleneck bin occupancy may not be accurately reported
Waiting for segments to complete...
Iteration completed successfully
Iteration wallclock: 0:25:47.656771, cputime: 1:23:00.152347


Fri Oct  7 19:17:45 2022
Iteration 184 (1000 requested)
Beginning iteration 184
50 segments remain in iteration 184 (50 total)
5 of 49 (10.204082%) active bins are populated
per-bin minimum non-zero probability:       1.33603e-56
per-bin maximum probability:                1
per-bin probability dynamic range (kT):     128.655
per-segment minimum non-zero probability:   1.33603e-57
per-segment maximum non-zero probability:   0.152072
per-segment probability dynamic range (kT): 129.074
norm = 1, error in norm = 0 (0*epsilon)
MAB binning in use
Bottleneck bin occupancy may not be accurately reported
Waiting for segments to complete...
Iteration completed successfully
Iteration wallclock: 0:25:10.792191, cputime: 1:22:58.146379


Fri Oct  7 19:42:56 2022
Iteration 185 (1000 requested)
Beginning iteration 185
50 segments remain in iteration 185 (50 total)
5 of 49 (10.204082%) active bins are populated
per-bin minimum non-zero probability:       1.89904e-55
per-bin maximum probability:                1
per-bin probability dynamic range (kT):     126.001
per-segment minimum non-zero probability:   1.89904e-56
per-segment maximum non-zero probability:   0.152072
per-segment probability dynamic range (kT): 126.42
norm = 1, error in norm = 0 (0*epsilon)
MAB binning in use
Bottleneck bin occupancy may not be accurately reported
Waiting for segments to complete...
Iteration completed successfully
Iteration wallclock: 0:25:05.917605, cputime: 1:22:31.916797


Fri Oct  7 20:08:02 2022
Iteration 186 (1000 requested)
Beginning iteration 186
50 segments remain in iteration 186 (50 total)
5 of 49 (10.204082%) active bins are populated
per-bin minimum non-zero probability:       1.89904e-56
per-bin maximum probability:                1
per-bin probability dynamic range (kT):     128.303
per-segment minimum non-zero probability:   1.89904e-57
per-segment maximum non-zero probability:   0.152072
per-segment probability dynamic range (kT): 128.723
norm = 1, error in norm = 0 (0*epsilon)
MAB binning in use
Bottleneck bin occupancy may not be accurately reported
Waiting for segments to complete...
Iteration completed successfully
Iteration wallclock: 0:25:17.285689, cputime: 1:22:07.248832


Fri Oct  7 20:33:19 2022
Iteration 187 (1000 requested)
Beginning iteration 187
50 segments remain in iteration 187 (50 total)
5 of 49 (10.204082%) active bins are populated
per-bin minimum non-zero probability:       1.89904e-57
per-bin maximum probability:                1
per-bin probability dynamic range (kT):     130.606
per-segment minimum non-zero probability:   1.89904e-58
per-segment maximum non-zero probability:   0.152072
per-segment probability dynamic range (kT): 131.025
norm = 1, error in norm = 0 (0*epsilon)
MAB binning in use
Bottleneck bin occupancy may not be accurately reported
Waiting for segments to complete...
Iteration completed successfully
Iteration wallclock: 0:24:45.168618, cputime: 1:21:41.746701


Fri Oct  7 20:58:04 2022
Iteration 188 (1000 requested)
Beginning iteration 188
50 segments remain in iteration 188 (50 total)
5 of 49 (10.204082%) active bins are populated
per-bin minimum non-zero probability:       1.89904e-58
per-bin maximum probability:                1
per-bin probability dynamic range (kT):     132.909
per-segment minimum non-zero probability:   1.89904e-59
per-segment maximum non-zero probability:   0.152072
per-segment probability dynamic range (kT): 133.328
norm = 1, error in norm = 0 (0*epsilon)
MAB binning in use
Bottleneck bin occupancy may not be accurately reported
Waiting for segments to complete...
Iteration completed successfully
Iteration wallclock: 0:25:01.329830, cputime: 1:22:07.627100


Fri Oct  7 21:23:05 2022
Iteration 189 (1000 requested)
Beginning iteration 189
50 segments remain in iteration 189 (50 total)
5 of 49 (10.204082%) active bins are populated
per-bin minimum non-zero probability:       1.89904e-59
per-bin maximum probability:                1
per-bin probability dynamic range (kT):     135.211
per-segment minimum non-zero probability:   1.89904e-60
per-segment maximum non-zero probability:   0.152072
per-segment probability dynamic range (kT): 135.63
norm = 1, error in norm = 0 (0*epsilon)
MAB binning in use
Bottleneck bin occupancy may not be accurately reported
Waiting for segments to complete...
Iteration completed successfully
Iteration wallclock: 0:27:24.639000, cputime: 1:21:34.881616


Fri Oct  7 21:50:30 2022
Iteration 190 (1000 requested)
Beginning iteration 190
50 segments remain in iteration 190 (50 total)
5 of 49 (10.204082%) active bins are populated
per-bin minimum non-zero probability:       1.89904e-60
per-bin maximum probability:                1
per-bin probability dynamic range (kT):     137.514
per-segment minimum non-zero probability:   1.89904e-61
per-segment maximum non-zero probability:   0.152072
per-segment probability dynamic range (kT): 137.933
norm = 1, error in norm = 0 (0*epsilon)
MAB binning in use
Bottleneck bin occupancy may not be accurately reported
Waiting for segments to complete...
Iteration completed successfully
Iteration wallclock: 0:24:43.379771, cputime: 1:21:37.521709


Fri Oct  7 22:15:13 2022
Iteration 191 (1000 requested)
Beginning iteration 191
50 segments remain in iteration 191 (50 total)
5 of 49 (10.204082%) active bins are populated
per-bin minimum non-zero probability:       1.89904e-61
per-bin maximum probability:                1
per-bin probability dynamic range (kT):     139.816
per-segment minimum non-zero probability:   1.89904e-62
per-segment maximum non-zero probability:   0.152072
per-segment probability dynamic range (kT): 140.236
norm = 1, error in norm = 0 (0*epsilon)
MAB binning in use
Bottleneck bin occupancy may not be accurately reported
Waiting for segments to complete...
Iteration completed successfully
Iteration wallclock: 0:24:49.112278, cputime: 1:21:36.883242


Fri Oct  7 22:40:03 2022
Iteration 192 (1000 requested)
Beginning iteration 192
50 segments remain in iteration 192 (50 total)
5 of 49 (10.204082%) active bins are populated
per-bin minimum non-zero probability:       1.89904e-62
per-bin maximum probability:                1
per-bin probability dynamic range (kT):     142.119
per-segment minimum non-zero probability:   1.89904e-63
per-segment maximum non-zero probability:   0.152072
per-segment probability dynamic range (kT): 142.538
norm = 1, error in norm = 0 (0*epsilon)
MAB binning in use
Bottleneck bin occupancy may not be accurately reported
Waiting for segments to complete...
Iteration completed successfully
Iteration wallclock: 0:25:18.705286, cputime: 1:22:00.168201


Fri Oct  7 23:05:21 2022
Iteration 193 (1000 requested)
Beginning iteration 193
50 segments remain in iteration 193 (50 total)
5 of 49 (10.204082%) active bins are populated
per-bin minimum non-zero probability:       1.89904e-63
per-bin maximum probability:                1
per-bin probability dynamic range (kT):     144.422
per-segment minimum non-zero probability:   1.89904e-64
per-segment maximum non-zero probability:   0.152072
per-segment probability dynamic range (kT): 144.841
norm = 1, error in norm = 0 (0*epsilon)
MAB binning in use
Bottleneck bin occupancy may not be accurately reported
Waiting for segments to complete...
Iteration completed successfully
Iteration wallclock: 0:24:51.120794, cputime: 1:21:31.772814


Fri Oct  7 23:30:12 2022
Iteration 194 (1000 requested)
Beginning iteration 194
50 segments remain in iteration 194 (50 total)
5 of 49 (10.204082%) active bins are populated
per-bin minimum non-zero probability:       1.89904e-64
per-bin maximum probability:                1
per-bin probability dynamic range (kT):     146.724
per-segment minimum non-zero probability:   1.89904e-65
per-segment maximum non-zero probability:   0.152072
per-segment probability dynamic range (kT): 147.143
norm = 1, error in norm = 0 (0*epsilon)
MAB binning in use
Bottleneck bin occupancy may not be accurately reported
Waiting for segments to complete...
Iteration completed successfully
Iteration wallclock: 0:24:34.825186, cputime: 1:21:03.661817


Fri Oct  7 23:54:47 2022
Iteration 195 (1000 requested)
Beginning iteration 195
50 segments remain in iteration 195 (50 total)
5 of 49 (10.204082%) active bins are populated
per-bin minimum non-zero probability:       1.89904e-65
per-bin maximum probability:                1
per-bin probability dynamic range (kT):     149.027
per-segment minimum non-zero probability:   1.89904e-66
per-segment maximum non-zero probability:   0.152072
per-segment probability dynamic range (kT): 149.446
norm = 1, error in norm = 0 (0*epsilon)
MAB binning in use
Bottleneck bin occupancy may not be accurately reported
Waiting for segments to complete...
Iteration completed successfully
Iteration wallclock: 0:24:20.622020, cputime: 1:20:34.612044


Sat Oct  8 00:19:08 2022
Iteration 196 (1000 requested)
Beginning iteration 196
50 segments remain in iteration 196 (50 total)
5 of 49 (10.204082%) active bins are populated
per-bin minimum non-zero probability:       1.89904e-66
per-bin maximum probability:                1
per-bin probability dynamic range (kT):     151.329
per-segment minimum non-zero probability:   1.89904e-67
per-segment maximum non-zero probability:   0.152072
per-segment probability dynamic range (kT): 151.748
norm = 1, error in norm = 0 (0*epsilon)
MAB binning in use
Bottleneck bin occupancy may not be accurately reported
Waiting for segments to complete...
Iteration completed successfully
Iteration wallclock: 0:24:54.446033, cputime: 1:20:05.800062


Sat Oct  8 00:44:02 2022
Iteration 197 (1000 requested)
Beginning iteration 197
50 segments remain in iteration 197 (50 total)
5 of 49 (10.204082%) active bins are populated
per-bin minimum non-zero probability:       3.94131e-60
per-bin maximum probability:                1
per-bin probability dynamic range (kT):     136.784
per-segment minimum non-zero probability:   3.94131e-61
per-segment maximum non-zero probability:   0.152072
per-segment probability dynamic range (kT): 137.203
norm = 1, error in norm = 0 (0*epsilon)
MAB binning in use
Bottleneck bin occupancy may not be accurately reported
Waiting for segments to complete...
Iteration completed successfully
Iteration wallclock: 0:24:20.042546, cputime: 1:20:11.126565


Sat Oct  8 01:08:22 2022
Iteration 198 (1000 requested)
Beginning iteration 198
50 segments remain in iteration 198 (50 total)
5 of 49 (10.204082%) active bins are populated
per-bin minimum non-zero probability:       3.94131e-61
per-bin maximum probability:                1
per-bin probability dynamic range (kT):     139.086
per-segment minimum non-zero probability:   3.94131e-62
per-segment maximum non-zero probability:   0.152072
per-segment probability dynamic range (kT): 139.505
norm = 1, error in norm = 0 (0*epsilon)
MAB binning in use
Bottleneck bin occupancy may not be accurately reported
Waiting for segments to complete...
Iteration completed successfully
Iteration wallclock: 0:24:16.391335, cputime: 1:20:12.657037


Sat Oct  8 01:32:39 2022
Iteration 199 (1000 requested)
Beginning iteration 199
50 segments remain in iteration 199 (50 total)
5 of 49 (10.204082%) active bins are populated
per-bin minimum non-zero probability:       3.94131e-62
per-bin maximum probability:                1
per-bin probability dynamic range (kT):     141.389
per-segment minimum non-zero probability:   3.94131e-63
per-segment maximum non-zero probability:   0.152072
per-segment probability dynamic range (kT): 141.808
norm = 1, error in norm = 0 (0*epsilon)
MAB binning in use
Bottleneck bin occupancy may not be accurately reported
Waiting for segments to complete...
Iteration completed successfully
Iteration wallclock: 0:24:50.217589, cputime: 1:20:04.115044


Sat Oct  8 01:57:29 2022
Iteration 200 (1000 requested)
Beginning iteration 200
50 segments remain in iteration 200 (50 total)
5 of 49 (10.204082%) active bins are populated
per-bin minimum non-zero probability:       3.94131e-63
per-bin maximum probability:                1
per-bin probability dynamic range (kT):     143.691
per-segment minimum non-zero probability:   3.94131e-64
per-segment maximum non-zero probability:   0.152072
per-segment probability dynamic range (kT): 144.111
norm = 1, error in norm = 0 (0*epsilon)
MAB binning in use
Bottleneck bin occupancy may not be accurately reported
Waiting for segments to complete...
Iteration completed successfully
Iteration wallclock: 0:24:17.999992, cputime: 1:20:20.580889


Sat Oct  8 02:21:47 2022
Iteration 201 (1000 requested)
Beginning iteration 201
50 segments remain in iteration 201 (50 total)
5 of 49 (10.204082%) active bins are populated
per-bin minimum non-zero probability:       3.65281e-57
per-bin maximum probability:                1
per-bin probability dynamic range (kT):     129.952
per-segment minimum non-zero probability:   3.65281e-58
per-segment maximum non-zero probability:   0.152072
per-segment probability dynamic range (kT): 130.371
norm = 1, error in norm = 0 (0*epsilon)
MAB binning in use
Bottleneck bin occupancy may not be accurately reported
Waiting for segments to complete...
Iteration completed successfully
Iteration wallclock: 0:24:26.729094, cputime: 1:20:26.476926


Sat Oct  8 02:46:14 2022
Iteration 202 (1000 requested)
Beginning iteration 202
50 segments remain in iteration 202 (50 total)
5 of 49 (10.204082%) active bins are populated
per-bin minimum non-zero probability:       3.65281e-58
per-bin maximum probability:                1
per-bin probability dynamic range (kT):     132.254
per-segment minimum non-zero probability:   3.65281e-59
per-segment maximum non-zero probability:   0.152072
per-segment probability dynamic range (kT): 132.674
norm = 1, error in norm = 0 (0*epsilon)
MAB binning in use
Bottleneck bin occupancy may not be accurately reported
Waiting for segments to complete...
Iteration completed successfully
Iteration wallclock: 0:24:22.650424, cputime: 1:20:17.173996


Sat Oct  8 03:10:37 2022
Iteration 203 (1000 requested)
Beginning iteration 203
50 segments remain in iteration 203 (50 total)
5 of 49 (10.204082%) active bins are populated
per-bin minimum non-zero probability:       3.65281e-59
per-bin maximum probability:                1
per-bin probability dynamic range (kT):     134.557
per-segment minimum non-zero probability:   3.65281e-60
per-segment maximum non-zero probability:   0.152072
per-segment probability dynamic range (kT): 134.976
norm = 1, error in norm = 0 (0*epsilon)
MAB binning in use
Bottleneck bin occupancy may not be accurately reported
Waiting for segments to complete...
Iteration completed successfully
Iteration wallclock: 0:24:57.566673, cputime: 1:20:00.456813


Sat Oct  8 03:35:34 2022
Iteration 204 (1000 requested)
Beginning iteration 204
50 segments remain in iteration 204 (50 total)
5 of 49 (10.204082%) active bins are populated
per-bin minimum non-zero probability:       3.65281e-60
per-bin maximum probability:                1
per-bin probability dynamic range (kT):     136.86
per-segment minimum non-zero probability:   3.65281e-61
per-segment maximum non-zero probability:   0.152072
per-segment probability dynamic range (kT): 137.279
norm = 1, error in norm = 0 (0*epsilon)
MAB binning in use
Bottleneck bin occupancy may not be accurately reported
Waiting for segments to complete...
Iteration completed successfully
Iteration wallclock: 0:25:21.550662, cputime: 1:20:34.470009


Sat Oct  8 04:00:56 2022
Iteration 205 (1000 requested)
Beginning iteration 205
50 segments remain in iteration 205 (50 total)
5 of 49 (10.204082%) active bins are populated
per-bin minimum non-zero probability:       3.65281e-61
per-bin maximum probability:                0.907113
per-bin probability dynamic range (kT):     139.065
per-segment minimum non-zero probability:   3.65281e-62
per-segment maximum non-zero probability:   0.152072
per-segment probability dynamic range (kT): 139.581
norm = 1, error in norm = 0 (0*epsilon)
MAB binning in use
Bottleneck bin occupancy may not be accurately reported
Waiting for segments to complete...
Iteration completed successfully
Iteration wallclock: 0:24:23.169665, cputime: 1:20:48.805159


Sat Oct  8 04:25:19 2022
Iteration 206 (1000 requested)
Beginning iteration 206
50 segments remain in iteration 206 (50 total)
5 of 49 (10.204082%) active bins are populated
per-bin minimum non-zero probability:       3.65281e-62
per-bin maximum probability:                0.990711
per-bin probability dynamic range (kT):     141.455
per-segment minimum non-zero probability:   3.65281e-63
per-segment maximum non-zero probability:   0.152072
per-segment probability dynamic range (kT): 141.884
norm = 1, error in norm = 0 (0*epsilon)
MAB binning in use
Bottleneck bin occupancy may not be accurately reported
Waiting for segments to complete...
Iteration completed successfully
Iteration wallclock: 0:24:43.563048, cputime: 1:20:24.365230


Sat Oct  8 04:50:03 2022
Iteration 207 (1000 requested)
Beginning iteration 207
50 segments remain in iteration 207 (50 total)
5 of 49 (10.204082%) active bins are populated
per-bin minimum non-zero probability:       3.65281e-63
per-bin maximum probability:                0.999071
per-bin probability dynamic range (kT):     143.766
per-segment minimum non-zero probability:   3.65281e-64
per-segment maximum non-zero probability:   0.152072
per-segment probability dynamic range (kT): 144.187
norm = 1, error in norm = 0 (0*epsilon)
MAB binning in use
Bottleneck bin occupancy may not be accurately reported
Waiting for segments to complete...
Iteration completed successfully
Iteration wallclock: 0:24:17.591514, cputime: 1:20:28.701101


Sat Oct  8 05:14:20 2022
Iteration 208 (1000 requested)
Beginning iteration 208
50 segments remain in iteration 208 (50 total)
5 of 49 (10.204082%) active bins are populated
per-bin minimum non-zero probability:       3.65281e-64
per-bin maximum probability:                0.999907
per-bin probability dynamic range (kT):     146.07
per-segment minimum non-zero probability:   3.65281e-65
per-segment maximum non-zero probability:   0.152072
per-segment probability dynamic range (kT): 146.489
norm = 1, error in norm = 0 (0*epsilon)
MAB binning in use
Bottleneck bin occupancy may not be accurately reported
Waiting for segments to complete...
Iteration completed successfully
Iteration wallclock: 0:24:26.887558, cputime: 1:20:35.577948


Sat Oct  8 05:38:47 2022
Iteration 209 (1000 requested)
Beginning iteration 209
50 segments remain in iteration 209 (50 total)
5 of 49 (10.204082%) active bins are populated
per-bin minimum non-zero probability:       1.20576e-59
per-bin maximum probability:                0.999991
per-bin probability dynamic range (kT):     135.665
per-segment minimum non-zero probability:   1.20576e-60
per-segment maximum non-zero probability:   0.152072
per-segment probability dynamic range (kT): 136.085
norm = 1, error in norm = 0 (0*epsilon)
MAB binning in use
Bottleneck bin occupancy may not be accurately reported
Waiting for segments to complete...
Iteration completed successfully
Iteration wallclock: 0:24:39.578586, cputime: 1:20:50.197613


Sat Oct  8 06:03:27 2022
Iteration 210 (1000 requested)
Beginning iteration 210
50 segments remain in iteration 210 (50 total)
5 of 49 (10.204082%) active bins are populated
per-bin minimum non-zero probability:       1.20576e-60
per-bin maximum probability:                0.999999
per-bin probability dynamic range (kT):     137.968
per-segment minimum non-zero probability:   1.20576e-61
per-segment maximum non-zero probability:   0.152072
per-segment probability dynamic range (kT): 138.387
norm = 1, error in norm = 0 (0*epsilon)
MAB binning in use
Bottleneck bin occupancy may not be accurately reported
Waiting for segments to complete...
Iteration completed successfully
Iteration wallclock: 0:24:41.863403, cputime: 1:19:48.216259


Sat Oct  8 06:28:08 2022
Iteration 211 (1000 requested)
Beginning iteration 211
50 segments remain in iteration 211 (50 total)
5 of 49 (10.204082%) active bins are populated
per-bin minimum non-zero probability:       1.20576e-61
per-bin maximum probability:                1
per-bin probability dynamic range (kT):     140.271
per-segment minimum non-zero probability:   1.20576e-62
per-segment maximum non-zero probability:   0.152072
per-segment probability dynamic range (kT): 140.69
norm = 1, error in norm = 0 (0*epsilon)
MAB binning in use
Bottleneck bin occupancy may not be accurately reported
Waiting for segments to complete...
Iteration completed successfully
Iteration wallclock: 0:24:07.882477, cputime: 1:19:46.174434


Sat Oct  8 06:52:16 2022
Iteration 212 (1000 requested)
Beginning iteration 212
50 segments remain in iteration 212 (50 total)
5 of 49 (10.204082%) active bins are populated
per-bin minimum non-zero probability:       5.32177e-59
per-bin maximum probability:                1
per-bin probability dynamic range (kT):     134.181
per-segment minimum non-zero probability:   5.32177e-60
per-segment maximum non-zero probability:   0.152072
per-segment probability dynamic range (kT): 134.6
norm = 1, error in norm = 0 (0*epsilon)
MAB binning in use
Bottleneck bin occupancy may not be accurately reported
Waiting for segments to complete...
Iteration completed successfully
Iteration wallclock: 0:24:17.048130, cputime: 1:20:25.974158


Sat Oct  8 07:16:33 2022
Iteration 213 (1000 requested)
Beginning iteration 213
50 segments remain in iteration 213 (50 total)
5 of 49 (10.204082%) active bins are populated
per-bin minimum non-zero probability:       2.12955e-58
per-bin maximum probability:                1
per-bin probability dynamic range (kT):     132.794
per-segment minimum non-zero probability:   2.12955e-59
per-segment maximum non-zero probability:   0.152072
per-segment probability dynamic range (kT): 133.213
norm = 1, error in norm = 0 (0*epsilon)
MAB binning in use
Bottleneck bin occupancy may not be accurately reported
Waiting for segments to complete...
Iteration completed successfully
Iteration wallclock: 0:24:09.033461, cputime: 1:20:35.988153


Sat Oct  8 07:40:42 2022
Iteration 214 (1000 requested)
Beginning iteration 214
50 segments remain in iteration 214 (50 total)
5 of 49 (10.204082%) active bins are populated
per-bin minimum non-zero probability:       1.95629e-58
per-bin maximum probability:                0.908164
per-bin probability dynamic range (kT):     132.783
per-segment minimum non-zero probability:   1.95629e-59
per-segment maximum non-zero probability:   0.152072
per-segment probability dynamic range (kT): 133.298
norm = 1, error in norm = 0 (0*epsilon)
MAB binning in use
Bottleneck bin occupancy may not be accurately reported
Waiting for segments to complete...
Iteration completed successfully
Iteration wallclock: 0:24:51.901119, cputime: 1:20:09.212271


Sat Oct  8 08:05:35 2022
Iteration 215 (1000 requested)
Beginning iteration 215
50 segments remain in iteration 215 (50 total)
5 of 49 (10.204082%) active bins are populated
per-bin minimum non-zero probability:       1.95629e-59
per-bin maximum probability:                0.990816
per-bin probability dynamic range (kT):     135.172
per-segment minimum non-zero probability:   1.95629e-60
per-segment maximum non-zero probability:   0.152072
per-segment probability dynamic range (kT): 135.601
norm = 1, error in norm = 0 (0*epsilon)
MAB binning in use
Bottleneck bin occupancy may not be accurately reported
Waiting for segments to complete...
Iteration completed successfully
Iteration wallclock: 0:24:17.744188, cputime: 1:20:07.358113


Sat Oct  8 08:29:52 2022
Iteration 216 (1000 requested)
Beginning iteration 216
50 segments remain in iteration 216 (50 total)
5 of 49 (10.204082%) active bins are populated
per-bin minimum non-zero probability:       1.33044e-59
per-bin maximum probability:                0.999082
per-bin probability dynamic range (kT):     135.566
per-segment minimum non-zero probability:   1.33044e-60
per-segment maximum non-zero probability:   0.152072
per-segment probability dynamic range (kT): 135.986
norm = 1, error in norm = 0 (0*epsilon)
MAB binning in use
Bottleneck bin occupancy may not be accurately reported
Waiting for segments to complete...
Iteration completed successfully
Iteration wallclock: 0:24:13.855827, cputime: 1:20:10.848385


Sat Oct  8 08:54:06 2022
Iteration 217 (1000 requested)
Beginning iteration 217
50 segments remain in iteration 217 (50 total)
5 of 49 (10.204082%) active bins are populated
per-bin minimum non-zero probability:       1.33044e-60
per-bin maximum probability:                0.999908
per-bin probability dynamic range (kT):     137.87
per-segment minimum non-zero probability:   1.33044e-61
per-segment maximum non-zero probability:   0.152072
per-segment probability dynamic range (kT): 138.289
norm = 1, error in norm = 0 (0*epsilon)
MAB binning in use
Bottleneck bin occupancy may not be accurately reported
Waiting for segments to complete...
Iteration completed successfully
Iteration wallclock: 0:24:28.976035, cputime: 1:20:23.751821


Sat Oct  8 09:18:35 2022
Iteration 218 (1000 requested)
Beginning iteration 218
50 segments remain in iteration 218 (50 total)
5 of 49 (10.204082%) active bins are populated
per-bin minimum non-zero probability:       1.33044e-61
per-bin maximum probability:                0.999991
per-bin probability dynamic range (kT):     140.172
per-segment minimum non-zero probability:   1.33044e-62
per-segment maximum non-zero probability:   0.152072
per-segment probability dynamic range (kT): 140.591
norm = 1, error in norm = 0 (0*epsilon)
MAB binning in use
Bottleneck bin occupancy may not be accurately reported
Waiting for segments to complete...
Iteration completed successfully
Iteration wallclock: 0:25:00.129372, cputime: 1:20:13.889551


Sat Oct  8 09:43:35 2022
Iteration 219 (1000 requested)
Beginning iteration 219
50 segments remain in iteration 219 (50 total)
5 of 49 (10.204082%) active bins are populated
per-bin minimum non-zero probability:       1.33044e-62
per-bin maximum probability:                0.999999
per-bin probability dynamic range (kT):     142.475
per-segment minimum non-zero probability:   1.33044e-63
per-segment maximum non-zero probability:   0.152072
per-segment probability dynamic range (kT): 142.894
norm = 1, error in norm = 0 (0*epsilon)
MAB binning in use
Bottleneck bin occupancy may not be accurately reported
Waiting for segments to complete...
Iteration completed successfully
Iteration wallclock: 0:24:19.865696, cputime: 1:20:23.788251


Sat Oct  8 10:07:55 2022
Iteration 220 (1000 requested)
Beginning iteration 220
50 segments remain in iteration 220 (50 total)
5 of 49 (10.204082%) active bins are populated
per-bin minimum non-zero probability:       4.43481e-61
per-bin maximum probability:                1
per-bin probability dynamic range (kT):     138.968
per-segment minimum non-zero probability:   4.43481e-62
per-segment maximum non-zero probability:   0.152072
per-segment probability dynamic range (kT): 139.387
norm = 1, error in norm = 0 (0*epsilon)
MAB binning in use
Bottleneck bin occupancy may not be accurately reported
Waiting for segments to complete...
Iteration completed successfully
Iteration wallclock: 0:24:17.277375, cputime: 1:20:03.235613


Sat Oct  8 10:32:13 2022
Iteration 221 (1000 requested)
Beginning iteration 221
50 segments remain in iteration 221 (50 total)
5 of 49 (10.204082%) active bins are populated
per-bin minimum non-zero probability:       4.43481e-62
per-bin maximum probability:                1
per-bin probability dynamic range (kT):     141.271
per-segment minimum non-zero probability:   4.43481e-63
per-segment maximum non-zero probability:   0.152072
per-segment probability dynamic range (kT): 141.69
norm = 1, error in norm = 0 (0*epsilon)
MAB binning in use
Bottleneck bin occupancy may not be accurately reported
Waiting for segments to complete...
Iteration completed successfully
Iteration wallclock: 0:24:31.333330, cputime: 1:20:03.462141


Sat Oct  8 10:56:44 2022
Iteration 222 (1000 requested)
Beginning iteration 222
50 segments remain in iteration 222 (50 total)
5 of 49 (10.204082%) active bins are populated
per-bin minimum non-zero probability:       4.43481e-63
per-bin maximum probability:                1
per-bin probability dynamic range (kT):     143.573
per-segment minimum non-zero probability:   4.43481e-64
per-segment maximum non-zero probability:   0.152072
per-segment probability dynamic range (kT): 143.993
norm = 1, error in norm = 0 (0*epsilon)
MAB binning in use
Bottleneck bin occupancy may not be accurately reported
Waiting for segments to complete...
Iteration completed successfully
Iteration wallclock: 0:24:59.391875, cputime: 1:20:02.749422


Sat Oct  8 11:21:44 2022
Iteration 223 (1000 requested)
Beginning iteration 223
50 segments remain in iteration 223 (50 total)
5 of 49 (10.204082%) active bins are populated
per-bin minimum non-zero probability:       4.43481e-64
per-bin maximum probability:                1
per-bin probability dynamic range (kT):     145.876
per-segment minimum non-zero probability:   4.43481e-65
per-segment maximum non-zero probability:   0.152072
per-segment probability dynamic range (kT): 146.295
norm = 1, error in norm = 0 (0*epsilon)
MAB binning in use
Bottleneck bin occupancy may not be accurately reported
Waiting for segments to complete...
Iteration completed successfully
Iteration wallclock: 0:24:17.839978, cputime: 1:20:01.682585


Sat Oct  8 11:46:01 2022
Iteration 224 (1000 requested)
Beginning iteration 224
50 segments remain in iteration 224 (50 total)
5 of 49 (10.204082%) active bins are populated
per-bin minimum non-zero probability:       1.99317e-59
per-bin maximum probability:                1
per-bin probability dynamic range (kT):     135.163
per-segment minimum non-zero probability:   1.99317e-60
per-segment maximum non-zero probability:   0.152072
per-segment probability dynamic range (kT): 135.582
norm = 1, error in norm = 0 (0*epsilon)
MAB binning in use
Bottleneck bin occupancy may not be accurately reported
Waiting for segments to complete...
Iteration completed successfully
Iteration wallclock: 0:24:21.815124, cputime: 1:19:57.983303


Sat Oct  8 12:10:23 2022
Iteration 225 (1000 requested)
Beginning iteration 225
50 segments remain in iteration 225 (50 total)
5 of 49 (10.204082%) active bins are populated
per-bin minimum non-zero probability:       1.1087e-59
per-bin maximum probability:                1
per-bin probability dynamic range (kT):     135.749
per-segment minimum non-zero probability:   1.1087e-60
per-segment maximum non-zero probability:   0.152072
per-segment probability dynamic range (kT): 136.169
norm = 1, error in norm = 0 (0*epsilon)
MAB binning in use
Bottleneck bin occupancy may not be accurately reported
Waiting for segments to complete...
Iteration completed successfully
Iteration wallclock: 0:24:33.385920, cputime: 1:20:00.487043


Sat Oct  8 12:34:57 2022
Iteration 226 (1000 requested)
Beginning iteration 226
50 segments remain in iteration 226 (50 total)
5 of 49 (10.204082%) active bins are populated
per-bin minimum non-zero probability:       1.1087e-60
per-bin maximum probability:                1
per-bin probability dynamic range (kT):     138.052
per-segment minimum non-zero probability:   1.1087e-61
per-segment maximum non-zero probability:   0.152072
per-segment probability dynamic range (kT): 138.471
norm = 1, error in norm = 0 (0*epsilon)
MAB binning in use
Bottleneck bin occupancy may not be accurately reported
Waiting for segments to complete...
Iteration completed successfully
Iteration wallclock: 0:25:00.146795, cputime: 1:19:51.441105


Sat Oct  8 12:59:57 2022
Iteration 227 (1000 requested)
Beginning iteration 227
50 segments remain in iteration 227 (50 total)
5 of 49 (10.204082%) active bins are populated
per-bin minimum non-zero probability:       1.1087e-61
per-bin maximum probability:                1
per-bin probability dynamic range (kT):     140.355
per-segment minimum non-zero probability:   1.1087e-62
per-segment maximum non-zero probability:   0.152072
per-segment probability dynamic range (kT): 140.774
norm = 1, error in norm = 0 (0*epsilon)
MAB binning in use
Bottleneck bin occupancy may not be accurately reported
Waiting for segments to complete...
Iteration completed successfully
Iteration wallclock: 0:24:16.316589, cputime: 1:20:00.141614


Sat Oct  8 13:24:13 2022
Iteration 228 (1000 requested)
Beginning iteration 228
50 segments remain in iteration 228 (50 total)
5 of 49 (10.204082%) active bins are populated
per-bin minimum non-zero probability:       1.9137e-62
per-bin maximum probability:                1
per-bin probability dynamic range (kT):     142.111
per-segment minimum non-zero probability:   1.9137e-63
per-segment maximum non-zero probability:   0.152072
per-segment probability dynamic range (kT): 142.53
norm = 1, error in norm = 0 (0*epsilon)
MAB binning in use
Bottleneck bin occupancy may not be accurately reported
Waiting for segments to complete...
Iteration completed successfully
Iteration wallclock: 0:24:13.764398, cputime: 1:19:56.293739


Sat Oct  8 13:48:27 2022
Iteration 229 (1000 requested)
Beginning iteration 229
50 segments remain in iteration 229 (50 total)
5 of 49 (10.204082%) active bins are populated
per-bin minimum non-zero probability:       1.9137e-63
per-bin maximum probability:                1
per-bin probability dynamic range (kT):     144.414
per-segment minimum non-zero probability:   1.9137e-64
per-segment maximum non-zero probability:   0.152072
per-segment probability dynamic range (kT): 144.833
norm = 1, error in norm = 0 (0*epsilon)
MAB binning in use
Bottleneck bin occupancy may not be accurately reported
Waiting for segments to complete...
Iteration completed successfully
Iteration wallclock: 0:24:02.929193, cputime: 1:19:29.598112


Sat Oct  8 14:12:30 2022
Iteration 230 (1000 requested)
Beginning iteration 230
50 segments remain in iteration 230 (50 total)
5 of 49 (10.204082%) active bins are populated
per-bin minimum non-zero probability:       1.9137e-64
per-bin maximum probability:                1
per-bin probability dynamic range (kT):     146.716
per-segment minimum non-zero probability:   1.9137e-65
per-segment maximum non-zero probability:   0.152072
per-segment probability dynamic range (kT): 147.136
norm = 1, error in norm = 0 (0*epsilon)
MAB binning in use
Bottleneck bin occupancy may not be accurately reported
Waiting for segments to complete...
Iteration completed successfully
Iteration wallclock: 0:24:11.433960, cputime: 1:19:53.735047


Sat Oct  8 14:36:41 2022
Iteration 231 (1000 requested)
Beginning iteration 231
50 segments remain in iteration 231 (50 total)
5 of 49 (10.204082%) active bins are populated
per-bin minimum non-zero probability:       1.9137e-65
per-bin maximum probability:                1
per-bin probability dynamic range (kT):     149.019
per-segment minimum non-zero probability:   1.9137e-66
per-segment maximum non-zero probability:   0.152072
per-segment probability dynamic range (kT): 149.438
norm = 1, error in norm = 0 (0*epsilon)
MAB binning in use
Bottleneck bin occupancy may not be accurately reported
Waiting for segments to complete...
Iteration completed successfully
Iteration wallclock: 0:24:40.296818, cputime: 1:19:52.365350


Sat Oct  8 15:01:22 2022
Iteration 232 (1000 requested)
Beginning iteration 232
50 segments remain in iteration 232 (50 total)
5 of 49 (10.204082%) active bins are populated
per-bin minimum non-zero probability:       1.9137e-66
per-bin maximum probability:                1
per-bin probability dynamic range (kT):     151.322
per-segment minimum non-zero probability:   1.9137e-67
per-segment maximum non-zero probability:   0.152072
per-segment probability dynamic range (kT): 151.741
norm = 1, error in norm = 0 (0*epsilon)
MAB binning in use
Bottleneck bin occupancy may not be accurately reported
Waiting for segments to complete...
Iteration completed successfully
Iteration wallclock: 0:24:15.663470, cputime: 1:19:40.550547


Sat Oct  8 15:25:37 2022
Iteration 233 (1000 requested)
Beginning iteration 233
50 segments remain in iteration 233 (50 total)
5 of 49 (10.204082%) active bins are populated
per-bin minimum non-zero probability:       1.9137e-67
per-bin maximum probability:                1
per-bin probability dynamic range (kT):     153.624
per-segment minimum non-zero probability:   1.9137e-68
per-segment maximum non-zero probability:   0.152072
per-segment probability dynamic range (kT): 154.043
norm = 1, error in norm = 0 (0*epsilon)
MAB binning in use
Bottleneck bin occupancy may not be accurately reported
Waiting for segments to complete...
Iteration completed successfully
Iteration wallclock: 0:24:00.678508, cputime: 1:19:09.112189


Sat Oct  8 15:49:38 2022
Iteration 234 (1000 requested)
Beginning iteration 234
50 segments remain in iteration 234 (50 total)
5 of 49 (10.204082%) active bins are populated
per-bin minimum non-zero probability:       9.96584e-62
per-bin maximum probability:                1
per-bin probability dynamic range (kT):     140.461
per-segment minimum non-zero probability:   9.96584e-63
per-segment maximum non-zero probability:   0.152072
per-segment probability dynamic range (kT): 140.88
norm = 1, error in norm = 0 (0*epsilon)
MAB binning in use
Bottleneck bin occupancy may not be accurately reported
Waiting for segments to complete...
Iteration completed successfully
Iteration wallclock: 0:24:18.336008, cputime: 1:19:49.018181


Sat Oct  8 16:13:56 2022
Iteration 235 (1000 requested)
Beginning iteration 235
50 segments remain in iteration 235 (50 total)
5 of 49 (10.204082%) active bins are populated
per-bin minimum non-zero probability:       9.96584e-63
per-bin maximum probability:                1
per-bin probability dynamic range (kT):     142.764
per-segment minimum non-zero probability:   9.96584e-64
per-segment maximum non-zero probability:   0.152072
per-segment probability dynamic range (kT): 143.183
norm = 1, error in norm = 0 (0*epsilon)
MAB binning in use
Bottleneck bin occupancy may not be accurately reported
Waiting for segments to complete...
Iteration completed successfully
Iteration wallclock: 0:23:58.971325, cputime: 1:19:35.820523


Sat Oct  8 16:37:55 2022
Iteration 236 (1000 requested)
Beginning iteration 236
50 segments remain in iteration 236 (50 total)
5 of 49 (10.204082%) active bins are populated
per-bin minimum non-zero probability:       9.96584e-64
per-bin maximum probability:                1
per-bin probability dynamic range (kT):     145.066
per-segment minimum non-zero probability:   9.96584e-65
per-segment maximum non-zero probability:   0.152072
per-segment probability dynamic range (kT): 145.485
norm = 1, error in norm = 0 (0*epsilon)
MAB binning in use
Bottleneck bin occupancy may not be accurately reported
Waiting for segments to complete...
Iteration completed successfully
Iteration wallclock: 0:24:21.196391, cputime: 1:19:34.947114


Sat Oct  8 17:02:16 2022
Iteration 237 (1000 requested)
Beginning iteration 237
50 segments remain in iteration 237 (50 total)
5 of 49 (10.204082%) active bins are populated
per-bin minimum non-zero probability:       9.96584e-65
per-bin maximum probability:                0.908369
per-bin probability dynamic range (kT):     147.273
per-segment minimum non-zero probability:   9.96584e-66
per-segment maximum non-zero probability:   0.152072
per-segment probability dynamic range (kT): 147.788
norm = 1, error in norm = 0 (0*epsilon)
MAB binning in use
Bottleneck bin occupancy may not be accurately reported
Waiting for segments to complete...
Iteration completed successfully
Iteration wallclock: 0:24:33.198915, cputime: 1:19:28.452929


Sat Oct  8 17:26:50 2022
Iteration 238 (1000 requested)
Beginning iteration 238
50 segments remain in iteration 238 (50 total)
5 of 49 (10.204082%) active bins are populated
per-bin minimum non-zero probability:       9.96584e-66
per-bin maximum probability:                0.990837
per-bin probability dynamic range (kT):     149.662
per-segment minimum non-zero probability:   9.96584e-67
per-segment maximum non-zero probability:   0.152072
per-segment probability dynamic range (kT): 150.091
norm = 1, error in norm = 0 (0*epsilon)
MAB binning in use
Bottleneck bin occupancy may not be accurately reported
Waiting for segments to complete...
Iteration completed successfully
Iteration wallclock: 0:24:02.746459, cputime: 1:18:59.339816


Sat Oct  8 17:50:52 2022
Iteration 239 (1000 requested)
Beginning iteration 239
50 segments remain in iteration 239 (50 total)
5 of 49 (10.204082%) active bins are populated
per-bin minimum non-zero probability:       9.96584e-67
per-bin maximum probability:                0.999084
per-bin probability dynamic range (kT):     151.973
per-segment minimum non-zero probability:   9.96584e-68
per-segment maximum non-zero probability:   0.152072
per-segment probability dynamic range (kT): 152.393
norm = 1, error in norm = 0 (0*epsilon)
MAB binning in use
Bottleneck bin occupancy may not be accurately reported
Waiting for segments to complete...
Iteration completed successfully
Iteration wallclock: 0:23:51.926888, cputime: 1:18:34.786561


Sat Oct  8 18:14:44 2022
Iteration 240 (1000 requested)
Beginning iteration 240
50 segments remain in iteration 240 (50 total)
5 of 49 (10.204082%) active bins are populated
per-bin minimum non-zero probability:       9.96584e-68
per-bin maximum probability:                0.999908
per-bin probability dynamic range (kT):     154.277
per-segment minimum non-zero probability:   9.96584e-69
per-segment maximum non-zero probability:   0.152072
per-segment probability dynamic range (kT): 154.696
norm = 1, error in norm = 0 (0*epsilon)
MAB binning in use
Bottleneck bin occupancy may not be accurately reported
Waiting for segments to complete...
Iteration completed successfully
Iteration wallclock: 0:23:59.263066, cputime: 1:19:31.125952


Sat Oct  8 18:38:44 2022
Iteration 241 (1000 requested)
Beginning iteration 241
50 segments remain in iteration 241 (50 total)
5 of 49 (10.204082%) active bins are populated
per-bin minimum non-zero probability:       4.98292e-62
per-bin maximum probability:                0.999991
per-bin probability dynamic range (kT):     141.154
per-segment minimum non-zero probability:   4.98292e-63
per-segment maximum non-zero probability:   0.152072
per-segment probability dynamic range (kT): 141.573
norm = 1, error in norm = 0 (0*epsilon)
MAB binning in use
Bottleneck bin occupancy may not be accurately reported
Waiting for segments to complete...
Iteration completed successfully
Iteration wallclock: 0:24:38.488189, cputime: 1:18:50.414560


Sat Oct  8 19:03:22 2022
Iteration 242 (1000 requested)
Beginning iteration 242
50 segments remain in iteration 242 (50 total)
5 of 49 (10.204082%) active bins are populated
per-bin minimum non-zero probability:       4.98292e-63
per-bin maximum probability:                0.999999
per-bin probability dynamic range (kT):     143.457
per-segment minimum non-zero probability:   4.98292e-64
per-segment maximum non-zero probability:   0.152072
per-segment probability dynamic range (kT): 143.876
norm = 1, error in norm = 0 (0*epsilon)
MAB binning in use
Bottleneck bin occupancy may not be accurately reported
Waiting for segments to complete...
Iteration completed successfully
Iteration wallclock: 0:24:17.786835, cputime: 1:19:45.416768


Sat Oct  8 19:27:40 2022
Iteration 243 (1000 requested)
Beginning iteration 243
50 segments remain in iteration 243 (50 total)
5 of 49 (10.204082%) active bins are populated
per-bin minimum non-zero probability:       3.66344e-63
per-bin maximum probability:                1
per-bin probability dynamic range (kT):     143.764
per-segment minimum non-zero probability:   3.66344e-64
per-segment maximum non-zero probability:   0.152072
per-segment probability dynamic range (kT): 144.184
norm = 1, error in norm = 0 (0*epsilon)
MAB binning in use
Bottleneck bin occupancy may not be accurately reported
Waiting for segments to complete...
Iteration completed successfully
Iteration wallclock: 0:24:25.345492, cputime: 1:20:27.841100


Sat Oct  8 19:52:05 2022
Iteration 244 (1000 requested)
Beginning iteration 244
50 segments remain in iteration 244 (50 total)
5 of 49 (10.204082%) active bins are populated
per-bin minimum non-zero probability:       1.99765e-62
per-bin maximum probability:                0.908042
per-bin probability dynamic range (kT):     141.972
per-segment minimum non-zero probability:   1.99765e-63
per-segment maximum non-zero probability:   0.152072
per-segment probability dynamic range (kT): 142.487
norm = 1, error in norm = 0 (0*epsilon)
MAB binning in use
Bottleneck bin occupancy may not be accurately reported
Waiting for segments to complete...
Iteration completed successfully
Iteration wallclock: 0:24:50.339694, cputime: 1:20:19.345103


Sat Oct  8 20:16:56 2022
Iteration 245 (1000 requested)
Beginning iteration 245
50 segments remain in iteration 245 (50 total)
5 of 49 (10.204082%) active bins are populated
per-bin minimum non-zero probability:       1.83172e-62
per-bin maximum probability:                1
per-bin probability dynamic range (kT):     142.155
per-segment minimum non-zero probability:   1.83172e-63
per-segment maximum non-zero probability:   0.152072
per-segment probability dynamic range (kT): 142.574
norm = 1, error in norm = 2.22045e-16 (1*epsilon)
MAB binning in use
Bottleneck bin occupancy may not be accurately reported
Waiting for segments to complete...
Iteration completed successfully
Iteration wallclock: 0:24:35.971884, cputime: 1:20:45.545970


Sat Oct  8 20:41:32 2022
Iteration 246 (1000 requested)
Beginning iteration 246
50 segments remain in iteration 246 (50 total)
5 of 49 (10.204082%) active bins are populated
per-bin minimum non-zero probability:       1.83172e-63
per-bin maximum probability:                1
per-bin probability dynamic range (kT):     144.458
per-segment minimum non-zero probability:   1.83172e-64
per-segment maximum non-zero probability:   0.152072
per-segment probability dynamic range (kT): 144.877
norm = 1, error in norm = 0 (0*epsilon)
MAB binning in use
Bottleneck bin occupancy may not be accurately reported
Waiting for segments to complete...
Iteration completed successfully
Iteration wallclock: 0:24:29.082964, cputime: 1:20:24.940254


Sat Oct  8 21:06:01 2022
Iteration 247 (1000 requested)
Beginning iteration 247
50 segments remain in iteration 247 (50 total)
5 of 49 (10.204082%) active bins are populated
per-bin minimum non-zero probability:       1.99765e-63
per-bin maximum probability:                1
per-bin probability dynamic range (kT):     144.371
per-segment minimum non-zero probability:   1.99765e-64
per-segment maximum non-zero probability:   0.152072
per-segment probability dynamic range (kT): 144.79
norm = 1, error in norm = 0 (0*epsilon)
MAB binning in use
Bottleneck bin occupancy may not be accurately reported
Waiting for segments to complete...
Iteration completed successfully
Iteration wallclock: 0:24:53.977580, cputime: 1:20:03.020504


Sat Oct  8 21:30:55 2022
Iteration 248 (1000 requested)
Beginning iteration 248
50 segments remain in iteration 248 (50 total)
5 of 49 (10.204082%) active bins are populated
per-bin minimum non-zero probability:       1.99765e-64
per-bin maximum probability:                1
per-bin probability dynamic range (kT):     146.673
per-segment minimum non-zero probability:   1.99765e-65
per-segment maximum non-zero probability:   0.152072
per-segment probability dynamic range (kT): 147.093
norm = 1, error in norm = 0 (0*epsilon)
MAB binning in use
Bottleneck bin occupancy may not be accurately reported
Waiting for segments to complete...
Iteration completed successfully
Iteration wallclock: 0:24:34.877557, cputime: 1:20:23.973074


Sat Oct  8 21:55:30 2022
Iteration 249 (1000 requested)
Beginning iteration 249
50 segments remain in iteration 249 (50 total)
5 of 49 (10.204082%) active bins are populated
per-bin minimum non-zero probability:       1.99765e-65
per-bin maximum probability:                1
per-bin probability dynamic range (kT):     148.976
per-segment minimum non-zero probability:   1.99765e-66
per-segment maximum non-zero probability:   0.152072
per-segment probability dynamic range (kT): 149.395
norm = 1, error in norm = 0 (0*epsilon)
MAB binning in use
Bottleneck bin occupancy may not be accurately reported
Waiting for segments to complete...
Iteration completed successfully
Iteration wallclock: 0:24:25.674872, cputime: 1:20:30.912177


Sat Oct  8 22:19:55 2022
Iteration 250 (1000 requested)
Beginning iteration 250
50 segments remain in iteration 250 (50 total)
5 of 49 (10.204082%) active bins are populated
per-bin minimum non-zero probability:       1.99765e-66
per-bin maximum probability:                1
per-bin probability dynamic range (kT):     151.279
per-segment minimum non-zero probability:   1.99765e-67
per-segment maximum non-zero probability:   0.152072
per-segment probability dynamic range (kT): 151.698
norm = 1, error in norm = 0 (0*epsilon)
MAB binning in use
Bottleneck bin occupancy may not be accurately reported
Waiting for segments to complete...
Iteration completed successfully
Iteration wallclock: 0:25:03.370373, cputime: 1:20:26.804155


Sat Oct  8 22:44:59 2022
Iteration 251 (1000 requested)
Beginning iteration 251
50 segments remain in iteration 251 (50 total)
5 of 49 (10.204082%) active bins are populated
per-bin minimum non-zero probability:       1.01919e-61
per-bin maximum probability:                1
per-bin probability dynamic range (kT):     140.439
per-segment minimum non-zero probability:   2.50345e-64
per-segment maximum non-zero probability:   0.152072
per-segment probability dynamic range (kT): 144.564
norm = 1, error in norm = 0 (0*epsilon)
MAB binning in use
Bottleneck bin occupancy may not be accurately reported
Waiting for segments to complete...
Iteration completed successfully
Iteration wallclock: 0:24:25.482879, cputime: 1:20:19.936459


Sat Oct  8 23:09:24 2022
Iteration 252 (1000 requested)
Beginning iteration 252
50 segments remain in iteration 252 (50 total)
5 of 49 (10.204082%) active bins are populated
per-bin minimum non-zero probability:       1.01919e-62
per-bin maximum probability:                1
per-bin probability dynamic range (kT):     142.741
per-segment minimum non-zero probability:   1.01919e-63
per-segment maximum non-zero probability:   0.152072
per-segment probability dynamic range (kT): 143.16
norm = 1, error in norm = 0 (0*epsilon)
MAB binning in use
Bottleneck bin occupancy may not be accurately reported
Waiting for segments to complete...
Iteration completed successfully
Iteration wallclock: 0:24:17.778489, cputime: 1:20:02.575011


Sat Oct  8 23:33:42 2022
Iteration 253 (1000 requested)
Beginning iteration 253
50 segments remain in iteration 253 (50 total)
5 of 49 (10.204082%) active bins are populated
per-bin minimum non-zero probability:       1.01919e-63
per-bin maximum probability:                1
per-bin probability dynamic range (kT):     145.044
per-segment minimum non-zero probability:   1.01919e-64
per-segment maximum non-zero probability:   0.152072
per-segment probability dynamic range (kT): 145.463
norm = 1, error in norm = 2.22045e-16 (1*epsilon)
MAB binning in use
Bottleneck bin occupancy may not be accurately reported
Waiting for segments to complete...
Iteration completed successfully
Iteration wallclock: 0:24:47.521529, cputime: 1:19:56.292310


Sat Oct  8 23:58:30 2022
Iteration 254 (1000 requested)
Beginning iteration 254
50 segments remain in iteration 254 (50 total)
5 of 49 (10.204082%) active bins are populated
per-bin minimum non-zero probability:       1.83172e-64
per-bin maximum probability:                1
per-bin probability dynamic range (kT):     146.76
per-segment minimum non-zero probability:   1.83172e-65
per-segment maximum non-zero probability:   0.152072
per-segment probability dynamic range (kT): 147.179
norm = 1, error in norm = 0 (0*epsilon)
MAB binning in use
Bottleneck bin occupancy may not be accurately reported
Waiting for segments to complete...
Iteration completed successfully
Iteration wallclock: 0:24:28.656715, cputime: 1:19:54.761115


Sun Oct  9 00:22:58 2022
Iteration 255 (1000 requested)
Beginning iteration 255
50 segments remain in iteration 255 (50 total)
5 of 49 (10.204082%) active bins are populated
per-bin minimum non-zero probability:       1.83172e-65
per-bin maximum probability:                1
per-bin probability dynamic range (kT):     149.063
per-segment minimum non-zero probability:   1.83172e-66
per-segment maximum non-zero probability:   0.152072
per-segment probability dynamic range (kT): 149.482
norm = 1, error in norm = 0 (0*epsilon)
MAB binning in use
Bottleneck bin occupancy may not be accurately reported
Waiting for segments to complete...
Iteration completed successfully
Iteration wallclock: 0:24:15.506924, cputime: 1:20:08.046894


Sun Oct  9 00:47:14 2022
Iteration 256 (1000 requested)
Beginning iteration 256
50 segments remain in iteration 256 (50 total)
5 of 49 (10.204082%) active bins are populated
per-bin minimum non-zero probability:       1.83172e-66
per-bin maximum probability:                1
per-bin probability dynamic range (kT):     151.365
per-segment minimum non-zero probability:   1.83172e-67
per-segment maximum non-zero probability:   0.152072
per-segment probability dynamic range (kT): 151.785
norm = 1, error in norm = 0 (0*epsilon)
MAB binning in use
Bottleneck bin occupancy may not be accurately reported
Waiting for segments to complete...
Iteration completed successfully
Iteration wallclock: 0:24:49.156295, cputime: 1:19:53.248669


Sun Oct  9 01:12:03 2022
Iteration 257 (1000 requested)
Beginning iteration 257
50 segments remain in iteration 257 (50 total)
5 of 49 (10.204082%) active bins are populated
per-bin minimum non-zero probability:       8.79003e-63
per-bin maximum probability:                1
per-bin probability dynamic range (kT):     142.889
per-segment minimum non-zero probability:   8.79003e-64
per-segment maximum non-zero probability:   0.152072
per-segment probability dynamic range (kT): 143.308
norm = 1, error in norm = 2.22045e-16 (1*epsilon)
MAB binning in use
Bottleneck bin occupancy may not be accurately reported
Waiting for segments to complete...
Iteration completed successfully
Iteration wallclock: 0:24:31.193576, cputime: 1:20:27.928318


Sun Oct  9 01:36:34 2022
Iteration 258 (1000 requested)
Beginning iteration 258
50 segments remain in iteration 258 (50 total)
5 of 49 (10.204082%) active bins are populated
per-bin minimum non-zero probability:       8.79003e-64
per-bin maximum probability:                1
per-bin probability dynamic range (kT):     145.192
per-segment minimum non-zero probability:   8.79003e-65
per-segment maximum non-zero probability:   0.152072
per-segment probability dynamic range (kT): 145.611
norm = 1, error in norm = 0 (0*epsilon)
MAB binning in use
Bottleneck bin occupancy may not be accurately reported
Waiting for segments to complete...
Iteration completed successfully
Iteration wallclock: 0:24:13.453102, cputime: 1:20:13.997182


Sun Oct  9 02:00:48 2022
Iteration 259 (1000 requested)
Beginning iteration 259
50 segments remain in iteration 259 (50 total)
5 of 49 (10.204082%) active bins are populated
per-bin minimum non-zero probability:       8.79003e-65
per-bin maximum probability:                1
per-bin probability dynamic range (kT):     147.494
per-segment minimum non-zero probability:   8.79003e-66
per-segment maximum non-zero probability:   0.152072
per-segment probability dynamic range (kT): 147.914
norm = 1, error in norm = 0 (0*epsilon)
MAB binning in use
Bottleneck bin occupancy may not be accurately reported
Waiting for segments to complete...
Iteration completed successfully
Iteration wallclock: 0:24:47.742124, cputime: 1:20:46.899134


Sun Oct  9 02:25:36 2022
Iteration 260 (1000 requested)
Beginning iteration 260
50 segments remain in iteration 260 (50 total)
5 of 49 (10.204082%) active bins are populated
per-bin minimum non-zero probability:       8.79003e-66
per-bin maximum probability:                1
per-bin probability dynamic range (kT):     149.797
per-segment minimum non-zero probability:   8.79003e-67
per-segment maximum non-zero probability:   0.152072
per-segment probability dynamic range (kT): 150.216
norm = 1, error in norm = 0 (0*epsilon)
MAB binning in use
Bottleneck bin occupancy may not be accurately reported
Waiting for segments to complete...
Iteration completed successfully
Iteration wallclock: 0:26:16.241923, cputime: 1:20:25.876256


Sun Oct  9 02:51:52 2022
Iteration 261 (1000 requested)
Beginning iteration 261
50 segments remain in iteration 261 (50 total)
5 of 49 (10.204082%) active bins are populated
per-bin minimum non-zero probability:       8.79003e-67
per-bin maximum probability:                0.908379
per-bin probability dynamic range (kT):     152.003
per-segment minimum non-zero probability:   8.79003e-68
per-segment maximum non-zero probability:   0.152072
per-segment probability dynamic range (kT): 152.519
norm = 1, error in norm = 0 (0*epsilon)
MAB binning in use
Bottleneck bin occupancy may not be accurately reported
Waiting for segments to complete...
Iteration completed successfully
Iteration wallclock: 0:24:20.755357, cputime: 1:20:08.946919


Sun Oct  9 03:16:13 2022
Iteration 262 (1000 requested)
Beginning iteration 262
50 segments remain in iteration 262 (50 total)
5 of 49 (10.204082%) active bins are populated
per-bin minimum non-zero probability:       8.79003e-68
per-bin maximum probability:                1
per-bin probability dynamic range (kT):     154.402
per-segment minimum non-zero probability:   8.79003e-69
per-segment maximum non-zero probability:   0.152072
per-segment probability dynamic range (kT): 154.821
norm = 1, error in norm = 0 (0*epsilon)
MAB binning in use
Bottleneck bin occupancy may not be accurately reported
Waiting for segments to complete...
Iteration completed successfully
Iteration wallclock: 0:24:20.893533, cputime: 1:20:14.150954


Sun Oct  9 03:40:34 2022
Iteration 263 (1000 requested)
Beginning iteration 263
50 segments remain in iteration 263 (50 total)
5 of 49 (10.204082%) active bins are populated
per-bin minimum non-zero probability:       8.79003e-69
per-bin maximum probability:                1
per-bin probability dynamic range (kT):     156.705
per-segment minimum non-zero probability:   8.79003e-70
per-segment maximum non-zero probability:   0.152072
per-segment probability dynamic range (kT): 157.124
norm = 1, error in norm = 0 (0*epsilon)
MAB binning in use
Bottleneck bin occupancy may not be accurately reported
Waiting for segments to complete...
Iteration completed successfully
Iteration wallclock: 0:25:17.169555, cputime: 1:19:38.808785


Sun Oct  9 04:05:51 2022
Iteration 264 (1000 requested)
Beginning iteration 264
50 segments remain in iteration 264 (50 total)
5 of 49 (10.204082%) active bins are populated
per-bin minimum non-zero probability:       8.79003e-70
per-bin maximum probability:                1
per-bin probability dynamic range (kT):     159.007
per-segment minimum non-zero probability:   8.79003e-71
per-segment maximum non-zero probability:   0.152072
per-segment probability dynamic range (kT): 159.427
norm = 1, error in norm = 0 (0*epsilon)
MAB binning in use
Bottleneck bin occupancy may not be accurately reported
Waiting for segments to complete...
Iteration completed successfully
Iteration wallclock: 0:24:11.084987, cputime: 1:19:47.568319


Sun Oct  9 04:30:02 2022
Iteration 265 (1000 requested)
Beginning iteration 265
50 segments remain in iteration 265 (50 total)
5 of 49 (10.204082%) active bins are populated
per-bin minimum non-zero probability:       8.79003e-71
per-bin maximum probability:                1
per-bin probability dynamic range (kT):     161.31
per-segment minimum non-zero probability:   8.79003e-72
per-segment maximum non-zero probability:   0.152072
per-segment probability dynamic range (kT): 161.729
norm = 1, error in norm = 0 (0*epsilon)
MAB binning in use
Bottleneck bin occupancy may not be accurately reported
Waiting for segments to complete...
Iteration completed successfully
Iteration wallclock: 0:24:13.284039, cputime: 1:19:49.651475


Sun Oct  9 04:54:15 2022
Iteration 266 (1000 requested)
Beginning iteration 266
50 segments remain in iteration 266 (50 total)
5 of 49 (10.204082%) active bins are populated
per-bin minimum non-zero probability:       8.79003e-72
per-bin maximum probability:                1
per-bin probability dynamic range (kT):     163.613
per-segment minimum non-zero probability:   8.79003e-73
per-segment maximum non-zero probability:   0.152072
per-segment probability dynamic range (kT): 164.032
norm = 1, error in norm = 0 (0*epsilon)
MAB binning in use
Bottleneck bin occupancy may not be accurately reported
Waiting for segments to complete...
Iteration completed successfully
Iteration wallclock: 0:24:59.439342, cputime: 1:20:04.453720


Sun Oct  9 05:19:15 2022
Iteration 267 (1000 requested)
Beginning iteration 267
50 segments remain in iteration 267 (50 total)
5 of 49 (10.204082%) active bins are populated
per-bin minimum non-zero probability:       8.79003e-73
per-bin maximum probability:                1
per-bin probability dynamic range (kT):     165.915
per-segment minimum non-zero probability:   8.79003e-74
per-segment maximum non-zero probability:   0.152072
per-segment probability dynamic range (kT): 166.334
norm = 1, error in norm = 2.22045e-16 (1*epsilon)
MAB binning in use
Bottleneck bin occupancy may not be accurately reported
Waiting for segments to complete...
Iteration completed successfully
Iteration wallclock: 0:24:17.213243, cputime: 1:20:20.911438


Sun Oct  9 05:43:32 2022
Iteration 268 (1000 requested)
Beginning iteration 268
50 segments remain in iteration 268 (50 total)
5 of 49 (10.204082%) active bins are populated
per-bin minimum non-zero probability:       8.79003e-74
per-bin maximum probability:                1
per-bin probability dynamic range (kT):     168.218
per-segment minimum non-zero probability:   8.79003e-75
per-segment maximum non-zero probability:   0.152072
per-segment probability dynamic range (kT): 168.637
norm = 1, error in norm = 0 (0*epsilon)
MAB binning in use
Bottleneck bin occupancy may not be accurately reported
Waiting for segments to complete...
Iteration completed successfully
Iteration wallclock: 0:24:15.692014, cputime: 1:20:15.968522


Sun Oct  9 06:07:48 2022
Iteration 269 (1000 requested)
Beginning iteration 269
50 segments remain in iteration 269 (50 total)
5 of 49 (10.204082%) active bins are populated
per-bin minimum non-zero probability:       2.3923e-63
per-bin maximum probability:                1
per-bin probability dynamic range (kT):     144.191
per-segment minimum non-zero probability:   2.3923e-64
per-segment maximum non-zero probability:   0.152072
per-segment probability dynamic range (kT): 144.61
norm = 1, error in norm = 0 (0*epsilon)
MAB binning in use
Bottleneck bin occupancy may not be accurately reported
Waiting for segments to complete...
Iteration completed successfully
Iteration wallclock: 0:24:57.050142, cputime: 1:19:58.795333


Sun Oct  9 06:32:45 2022
Iteration 270 (1000 requested)
Beginning iteration 270
50 segments remain in iteration 270 (50 total)
5 of 49 (10.204082%) active bins are populated
per-bin minimum non-zero probability:       2.3923e-64
per-bin maximum probability:                1
per-bin probability dynamic range (kT):     146.493
per-segment minimum non-zero probability:   2.3923e-65
per-segment maximum non-zero probability:   0.152072
per-segment probability dynamic range (kT): 146.912
norm = 1, error in norm = 0 (0*epsilon)
MAB binning in use
Bottleneck bin occupancy may not be accurately reported
Waiting for segments to complete...
Iteration completed successfully
Iteration wallclock: 0:24:15.389672, cputime: 1:20:07.333359


Sun Oct  9 06:57:00 2022
Iteration 271 (1000 requested)
Beginning iteration 271
50 segments remain in iteration 271 (50 total)
5 of 49 (10.204082%) active bins are populated
per-bin minimum non-zero probability:       2.3923e-65
per-bin maximum probability:                1
per-bin probability dynamic range (kT):     148.796
per-segment minimum non-zero probability:   2.3923e-66
per-segment maximum non-zero probability:   0.152072
per-segment probability dynamic range (kT): 149.215
norm = 1, error in norm = 0 (0*epsilon)
MAB binning in use
Bottleneck bin occupancy may not be accurately reported
Waiting for segments to complete...
Iteration completed successfully
Iteration wallclock: 0:24:18.714666, cputime: 1:20:24.305297


Sun Oct  9 07:21:19 2022
Iteration 272 (1000 requested)
Beginning iteration 272
50 segments remain in iteration 272 (50 total)
5 of 49 (10.204082%) active bins are populated
per-bin minimum non-zero probability:       2.3923e-66
per-bin maximum probability:                1
per-bin probability dynamic range (kT):     151.098
per-segment minimum non-zero probability:   2.3923e-67
per-segment maximum non-zero probability:   0.152072
per-segment probability dynamic range (kT): 151.518
norm = 1, error in norm = 0 (0*epsilon)
MAB binning in use
Bottleneck bin occupancy may not be accurately reported
Waiting for segments to complete...
Iteration completed successfully
Iteration wallclock: 0:24:44.523532, cputime: 1:19:42.726908


Sun Oct  9 07:46:04 2022
Iteration 273 (1000 requested)
Beginning iteration 273
50 segments remain in iteration 273 (50 total)
5 of 49 (10.204082%) active bins are populated
per-bin minimum non-zero probability:       2.3923e-67
per-bin maximum probability:                1
per-bin probability dynamic range (kT):     153.401
per-segment minimum non-zero probability:   2.3923e-68
per-segment maximum non-zero probability:   0.152072
per-segment probability dynamic range (kT): 153.82
norm = 1, error in norm = 0 (0*epsilon)
MAB binning in use
Bottleneck bin occupancy may not be accurately reported
Waiting for segments to complete...
Iteration completed successfully
Iteration wallclock: 0:24:15.866509, cputime: 1:20:17.361738


Sun Oct  9 08:10:19 2022
Iteration 274 (1000 requested)
Beginning iteration 274
50 segments remain in iteration 274 (50 total)
5 of 49 (10.204082%) active bins are populated
per-bin minimum non-zero probability:       2.3923e-68
per-bin maximum probability:                1
per-bin probability dynamic range (kT):     155.704
per-segment minimum non-zero probability:   2.3923e-69
per-segment maximum non-zero probability:   0.152072
per-segment probability dynamic range (kT): 156.123
norm = 1, error in norm = 0 (0*epsilon)
MAB binning in use
Bottleneck bin occupancy may not be accurately reported
Waiting for segments to complete...
Iteration completed successfully
Iteration wallclock: 0:24:23.085680, cputime: 1:20:21.860006


Sun Oct  9 08:34:43 2022
Iteration 275 (1000 requested)
Beginning iteration 275
50 segments remain in iteration 275 (50 total)
5 of 49 (10.204082%) active bins are populated
per-bin minimum non-zero probability:       2.3923e-69
per-bin maximum probability:                1
per-bin probability dynamic range (kT):     158.006
per-segment minimum non-zero probability:   2.3923e-70
per-segment maximum non-zero probability:   0.152072
per-segment probability dynamic range (kT): 158.425
norm = 1, error in norm = 0 (0*epsilon)
MAB binning in use
Bottleneck bin occupancy may not be accurately reported
Waiting for segments to complete...
Iteration completed successfully
Iteration wallclock: 0:24:50.170636, cputime: 1:19:45.440306


Sun Oct  9 08:59:33 2022
Iteration 276 (1000 requested)
Beginning iteration 276
50 segments remain in iteration 276 (50 total)
5 of 49 (10.204082%) active bins are populated
per-bin minimum non-zero probability:       2.3923e-70
per-bin maximum probability:                1
per-bin probability dynamic range (kT):     160.309
per-segment minimum non-zero probability:   2.3923e-71
per-segment maximum non-zero probability:   0.152072
per-segment probability dynamic range (kT): 160.728
norm = 1, error in norm = 0 (0*epsilon)
MAB binning in use
Bottleneck bin occupancy may not be accurately reported
Waiting for segments to complete...
Iteration completed successfully
Iteration wallclock: 0:24:13.960070, cputime: 1:20:14.463381


Sun Oct  9 09:23:47 2022
Iteration 277 (1000 requested)
Beginning iteration 277
50 segments remain in iteration 277 (50 total)
5 of 49 (10.204082%) active bins are populated
per-bin minimum non-zero probability:       2.3923e-71
per-bin maximum probability:                1
per-bin probability dynamic range (kT):     162.611
per-segment minimum non-zero probability:   2.3923e-72
per-segment maximum non-zero probability:   0.152072
per-segment probability dynamic range (kT): 163.03
norm = 1, error in norm = 0 (0*epsilon)
MAB binning in use
Bottleneck bin occupancy may not be accurately reported
Waiting for segments to complete...
Iteration completed successfully
Iteration wallclock: 0:24:20.248672, cputime: 1:20:17.137407


Sun Oct  9 09:48:07 2022
Iteration 278 (1000 requested)
Beginning iteration 278
50 segments remain in iteration 278 (50 total)
5 of 49 (10.204082%) active bins are populated
per-bin minimum non-zero probability:       2.3923e-72
per-bin maximum probability:                1
per-bin probability dynamic range (kT):     164.914
per-segment minimum non-zero probability:   2.3923e-73
per-segment maximum non-zero probability:   0.152072
per-segment probability dynamic range (kT): 165.333
norm = 1, error in norm = 0 (0*epsilon)
MAB binning in use
Bottleneck bin occupancy may not be accurately reported
Waiting for segments to complete...
Iteration completed successfully
Iteration wallclock: 0:24:54.789509, cputime: 1:20:09.998677


Sun Oct  9 10:13:02 2022
Iteration 279 (1000 requested)
Beginning iteration 279
50 segments remain in iteration 279 (50 total)
5 of 49 (10.204082%) active bins are populated
per-bin minimum non-zero probability:       2.3923e-73
per-bin maximum probability:                1
per-bin probability dynamic range (kT):     167.216
per-segment minimum non-zero probability:   2.3923e-74
per-segment maximum non-zero probability:   0.152072
per-segment probability dynamic range (kT): 167.636
norm = 1, error in norm = 0 (0*epsilon)
MAB binning in use
Bottleneck bin occupancy may not be accurately reported
Waiting for segments to complete...
Iteration completed successfully
Iteration wallclock: 0:24:18.792480, cputime: 1:20:14.578910


Sun Oct  9 10:37:21 2022
Iteration 280 (1000 requested)
Beginning iteration 280
50 segments remain in iteration 280 (50 total)
5 of 49 (10.204082%) active bins are populated
per-bin minimum non-zero probability:       2.3923e-74
per-bin maximum probability:                1
per-bin probability dynamic range (kT):     169.519
per-segment minimum non-zero probability:   2.3923e-75
per-segment maximum non-zero probability:   0.152072
per-segment probability dynamic range (kT): 169.938
norm = 1, error in norm = 0 (0*epsilon)
MAB binning in use
Bottleneck bin occupancy may not be accurately reported
Waiting for segments to complete...
Iteration completed successfully
Iteration wallclock: 0:24:20.984381, cputime: 1:20:20.094595


Sun Oct  9 11:01:42 2022
Iteration 281 (1000 requested)
Beginning iteration 281
50 segments remain in iteration 281 (50 total)
5 of 49 (10.204082%) active bins are populated
per-bin minimum non-zero probability:       2.3923e-75
per-bin maximum probability:                1
per-bin probability dynamic range (kT):     171.822
per-segment minimum non-zero probability:   2.3923e-76
per-segment maximum non-zero probability:   0.152072
per-segment probability dynamic range (kT): 172.241
norm = 1, error in norm = 0 (0*epsilon)
MAB binning in use
Bottleneck bin occupancy may not be accurately reported
Waiting for segments to complete...
Iteration completed successfully
Iteration wallclock: 0:24:58.881411, cputime: 1:19:59.538583


Sun Oct  9 11:26:40 2022
Iteration 282 (1000 requested)
Beginning iteration 282
50 segments remain in iteration 282 (50 total)
5 of 49 (10.204082%) active bins are populated
per-bin minimum non-zero probability:       2.3923e-76
per-bin maximum probability:                1
per-bin probability dynamic range (kT):     174.124
per-segment minimum non-zero probability:   2.3923e-77
per-segment maximum non-zero probability:   0.152072
per-segment probability dynamic range (kT): 174.543
norm = 1, error in norm = 2.22045e-16 (1*epsilon)
MAB binning in use
Bottleneck bin occupancy may not be accurately reported
Waiting for segments to complete...
Iteration completed successfully
Iteration wallclock: 0:24:07.261534, cputime: 1:19:40.407610


Sun Oct  9 11:50:48 2022
Iteration 283 (1000 requested)
Beginning iteration 283
50 segments remain in iteration 283 (50 total)
5 of 49 (10.204082%) active bins are populated
per-bin minimum non-zero probability:       2.3923e-77
per-bin maximum probability:                0.908042
per-bin probability dynamic range (kT):     176.33
per-segment minimum non-zero probability:   2.3923e-78
per-segment maximum non-zero probability:   0.152072
per-segment probability dynamic range (kT): 176.846
norm = 1, error in norm = 0 (0*epsilon)
MAB binning in use
Bottleneck bin occupancy may not be accurately reported
Waiting for segments to complete...
Iteration completed successfully
Iteration wallclock: 0:24:13.489965, cputime: 1:19:49.566728


Sun Oct  9 12:15:01 2022
Iteration 284 (1000 requested)
Beginning iteration 284
50 segments remain in iteration 284 (50 total)
5 of 49 (10.204082%) active bins are populated
per-bin minimum non-zero probability:       2.3923e-78
per-bin maximum probability:                1
per-bin probability dynamic range (kT):     178.729
per-segment minimum non-zero probability:   2.3923e-79
per-segment maximum non-zero probability:   0.152072
per-segment probability dynamic range (kT): 179.149
norm = 1, error in norm = 0 (0*epsilon)
MAB binning in use
Bottleneck bin occupancy may not be accurately reported
Waiting for segments to complete...
Iteration completed successfully
Iteration wallclock: 0:24:45.332386, cputime: 1:19:41.390135


Sun Oct  9 12:39:47 2022
Iteration 285 (1000 requested)
Beginning iteration 285
50 segments remain in iteration 285 (50 total)
5 of 49 (10.204082%) active bins are populated
per-bin minimum non-zero probability:       2.3923e-79
per-bin maximum probability:                0.908436
per-bin probability dynamic range (kT):     180.936
per-segment minimum non-zero probability:   2.3923e-80
per-segment maximum non-zero probability:   0.152072
per-segment probability dynamic range (kT): 181.451
norm = 1, error in norm = 0 (0*epsilon)
MAB binning in use
Bottleneck bin occupancy may not be accurately reported
Waiting for segments to complete...
Iteration completed successfully
Iteration wallclock: 0:24:16.264288, cputime: 1:20:09.586093


Sun Oct  9 13:04:03 2022
Iteration 286 (1000 requested)
Beginning iteration 286
50 segments remain in iteration 286 (50 total)
5 of 49 (10.204082%) active bins are populated
per-bin minimum non-zero probability:       2.3923e-80
per-bin maximum probability:                1
per-bin probability dynamic range (kT):     183.335
per-segment minimum non-zero probability:   2.3923e-81
per-segment maximum non-zero probability:   0.152072
per-segment probability dynamic range (kT): 183.754
norm = 1, error in norm = 0 (0*epsilon)
MAB binning in use
Bottleneck bin occupancy may not be accurately reported
Waiting for segments to complete...
Iteration completed successfully
Iteration wallclock: 0:23:43.091792, cputime: 1:18:21.805488


Sun Oct  9 13:27:46 2022
Iteration 287 (1000 requested)
Beginning iteration 287
50 segments remain in iteration 287 (50 total)
5 of 49 (10.204082%) active bins are populated
per-bin minimum non-zero probability:       2.3923e-81
per-bin maximum probability:                0.908042
per-bin probability dynamic range (kT):     185.541
per-segment minimum non-zero probability:   2.3923e-82
per-segment maximum non-zero probability:   0.152072
per-segment probability dynamic range (kT): 186.056
norm = 1, error in norm = 0 (0*epsilon)
MAB binning in use
Bottleneck bin occupancy may not be accurately reported
Waiting for segments to complete...
Iteration completed successfully
Iteration wallclock: 0:23:19.473503, cputime: 1:17:14.510631


Sun Oct  9 13:51:06 2022
Iteration 288 (1000 requested)
Beginning iteration 288
50 segments remain in iteration 288 (50 total)
5 of 49 (10.204082%) active bins are populated
per-bin minimum non-zero probability:       2.3923e-82
per-bin maximum probability:                1
per-bin probability dynamic range (kT):     187.94
per-segment minimum non-zero probability:   2.3923e-83
per-segment maximum non-zero probability:   0.152072
per-segment probability dynamic range (kT): 188.359
norm = 1, error in norm = 0 (0*epsilon)
MAB binning in use
Bottleneck bin occupancy may not be accurately reported
Waiting for segments to complete...
Iteration completed successfully
Iteration wallclock: 0:23:26.947391, cputime: 1:17:10.647741


Sun Oct  9 14:14:33 2022
Iteration 289 (1000 requested)
Beginning iteration 289
50 segments remain in iteration 289 (50 total)
5 of 49 (10.204082%) active bins are populated
per-bin minimum non-zero probability:       2.3923e-83
per-bin maximum probability:                0.908042
per-bin probability dynamic range (kT):     190.146
per-segment minimum non-zero probability:   2.3923e-84
per-segment maximum non-zero probability:   0.152072
per-segment probability dynamic range (kT): 190.661
norm = 1, error in norm = 0 (0*epsilon)
MAB binning in use
Bottleneck bin occupancy may not be accurately reported
Waiting for segments to complete...
Iteration completed successfully
Iteration wallclock: 0:23:19.647534, cputime: 1:17:13.621655


Sun Oct  9 14:37:52 2022
Iteration 290 (1000 requested)
Beginning iteration 290
50 segments remain in iteration 290 (50 total)
5 of 49 (10.204082%) active bins are populated
per-bin minimum non-zero probability:       2.3923e-84
per-bin maximum probability:                1
per-bin probability dynamic range (kT):     192.545
per-segment minimum non-zero probability:   2.3923e-85
per-segment maximum non-zero probability:   0.152072
per-segment probability dynamic range (kT): 192.964
norm = 1, error in norm = 0 (0*epsilon)
MAB binning in use
Bottleneck bin occupancy may not be accurately reported
Waiting for segments to complete...
Iteration completed successfully
Iteration wallclock: 0:23:21.612127, cputime: 1:17:10.726194


Sun Oct  9 15:01:14 2022
Iteration 291 (1000 requested)
Beginning iteration 291
50 segments remain in iteration 291 (50 total)
5 of 49 (10.204082%) active bins are populated
per-bin minimum non-zero probability:       2.3923e-85
per-bin maximum probability:                0.908379
per-bin probability dynamic range (kT):     194.751
per-segment minimum non-zero probability:   2.3923e-86
per-segment maximum non-zero probability:   0.152072
per-segment probability dynamic range (kT): 195.267
norm = 1, error in norm = 0 (0*epsilon)
MAB binning in use
Bottleneck bin occupancy may not be accurately reported
Waiting for segments to complete...
Iteration completed successfully
Iteration wallclock: 0:23:21.703400, cputime: 1:17:12.125330


Sun Oct  9 15:24:36 2022
Iteration 292 (1000 requested)
Beginning iteration 292
50 segments remain in iteration 292 (50 total)
5 of 49 (10.204082%) active bins are populated
per-bin minimum non-zero probability:       2.3923e-86
per-bin maximum probability:                1
per-bin probability dynamic range (kT):     197.15
per-segment minimum non-zero probability:   2.3923e-87
per-segment maximum non-zero probability:   0.152072
per-segment probability dynamic range (kT): 197.569
norm = 1, error in norm = 0 (0*epsilon)
MAB binning in use
Bottleneck bin occupancy may not be accurately reported
Waiting for segments to complete...
Iteration completed successfully
Iteration wallclock: 0:23:22.006521, cputime: 1:17:38.370969


Sun Oct  9 15:47:58 2022
Iteration 293 (1000 requested)
Beginning iteration 293
50 segments remain in iteration 293 (50 total)
5 of 49 (10.204082%) active bins are populated
per-bin minimum non-zero probability:       2.3923e-87
per-bin maximum probability:                0.908379
per-bin probability dynamic range (kT):     199.357
per-segment minimum non-zero probability:   2.3923e-88
per-segment maximum non-zero probability:   0.152072
per-segment probability dynamic range (kT): 199.872
norm = 1, error in norm = 0 (0*epsilon)
MAB binning in use
Bottleneck bin occupancy may not be accurately reported
Waiting for segments to complete...
Iteration completed successfully
Iteration wallclock: 0:23:19.223285, cputime: 1:17:19.358931


Sun Oct  9 16:11:17 2022
Iteration 294 (1000 requested)
Beginning iteration 294
50 segments remain in iteration 294 (50 total)
5 of 49 (10.204082%) active bins are populated
per-bin minimum non-zero probability:       2.3923e-88
per-bin maximum probability:                1
per-bin probability dynamic range (kT):     201.755
per-segment minimum non-zero probability:   2.3923e-89
per-segment maximum non-zero probability:   0.152072
per-segment probability dynamic range (kT): 202.174
norm = 1, error in norm = 2.22045e-16 (1*epsilon)
MAB binning in use
Bottleneck bin occupancy may not be accurately reported
Waiting for segments to complete...
Iteration completed successfully
Iteration wallclock: 0:23:18.224776, cputime: 1:17:19.911586

Iteration 295 would require more than the allotted time. Ending run.
