-I: Adding /Users/darian/anaconda3/envs/md/dat/leap/prep to search path.
-I: Adding /Users/darian/anaconda3/envs/md/dat/leap/lib to search path.
-I: Adding /Users/darian/anaconda3/envs/md/dat/leap/parm to search path.
-I: Adding /Users/darian/anaconda3/envs/md/dat/leap/cmd to search path.
-f: Source tleap1.in.

Welcome to LEaP!
(no leaprc in search path)
Sourcing: ./tleap1.in
----- Source: /Users/darian/anaconda3/envs/md/dat/leap/cmd/leaprc.protein.ff19SB
----- Source of /Users/darian/anaconda3/envs/md/dat/leap/cmd/leaprc.protein.ff19SB done
Log file: ./leap.log
Loading parameters: /Users/darian/anaconda3/envs/md/dat/leap/parm/parm19.dat
Reading title:
PARM99 + frcmod.ff99SB + frcmod.parmbsc0 + OL3 for RNA + ff19SB
Loading parameters: /Users/darian/anaconda3/envs/md/dat/leap/parm/frcmod.ff19SB
Reading force field modification type file (frcmod)
Reading title:
ff19SB AA-specific backbone CMAPs for protein 07/25/2019
Loading library: /Users/darian/anaconda3/envs/md/dat/leap/lib/amino19.lib
Loading library: /Users/darian/anaconda3/envs/md/dat/leap/lib/aminoct12.lib
Loading library: /Users/darian/anaconda3/envs/md/dat/leap/lib/aminont12.lib
----- Source: /Users/darian/anaconda3/envs/md/dat/leap/cmd/leaprc.water.opc
----- Source of /Users/darian/anaconda3/envs/md/dat/leap/cmd/leaprc.water.opc done
Loading library: /Users/darian/anaconda3/envs/md/dat/leap/lib/atomic_ions.lib
Loading library: /Users/darian/anaconda3/envs/md/dat/leap/lib/solvents.lib
Loading parameters: /Users/darian/anaconda3/envs/md/dat/leap/parm/frcmod.opc
Reading force field modification type file (frcmod)
Reading title:
Parameters for OPC water (JPCL, 2014, 5 (21), pp 3863-3871)
Loading parameters: /Users/darian/anaconda3/envs/md/dat/leap/parm/frcmod.ionslm_126_opc
Reading force field modification type file (frcmod)
Reading title:
Li/Merz ion parameters of atomic ions for the OPC water model (12-6 set)
Loading Prep file: ../adp/carlson/adp.prep
Loading parameters: ../adp/carlson/frcmod.phos
Reading force field modification type file (frcmod)
Reading title:
#  Modifications to the AMBER94 force field for polyphosphates
Loading parameters: /Users/darian/anaconda3/envs/md/dat/leap/parm/frcmod.ionslm_1264_opc
Reading force field modification type file (frcmod)
Reading title:
Li/Merz ion parameters of atomic ions for the OPC water model (12-6-4 set)
Loading PDB file: ./1ii6_dl5_leap.pdb
  Added missing heavy atom: .R<CHIE 361>.A<OXT 18>
Created a new atom named: HN62 within residue: .R<ADP 363>
Created a new atom named: HN61 within residue: .R<ADP 363>
Created a new atom named: H8 within residue: .R<ADP 363>
  total atoms in file: 5727
  Leap added 1 missing atom according to residue templates:
       1 Heavy
  The file contained 3 atoms not in residue templates
Scaling up box by a factor of 1.324693 to meet diagonal cut criterion
  Solute vdw bounding box:              51.986 69.099 90.451
  Total bounding box for atom centers:  122.244 122.244 122.244
      (box expansion for 'iso' is  76.8%)
  Solvent unit box:                     18.865 18.478 19.006
  Volume: 935981.605 A^3 (oct)
  Mass > 518779.307 amu,  Density > 0.920 g/cc
      (type - hence mass - of one or more atoms could not be found)
  Added 26542 residues.

/Users/darian/anaconda3/envs/md/bin/teLeap: Warning!
addIons: 1st Ion & target unit have charges of the same sign:
     unit charge = 3; ion1 charge = 1;
     can't neutralize.
3 Cl- ions required to neutralize.
Adding 3 counter ions to "pdb" using 1A grid
Used default radius  1.50 for 3 atoms
Grid extends from solute vdw + 2.14  to  8.24
Resolution:      1.00 Angstrom.
Solvent present: replacing closest with ion
	 when steric overlaps occur
Calculating grid charges
(Replacing solvent molecule)
Placed Cl- in pdb at (-27.02, -5.15, -10.66).
(Replacing solvent molecule)
Placed Cl- in pdb at (20.48, -1.11, -11.39).
(Replacing solvent molecule)
Placed Cl- in pdb at (-24.24, -1.26, -4.91).

Done adding ions.
Adding 57 counter ions to "pdb" using 1A grid
Used default radius  1.50 for 3 atoms
Grid extends from solute vdw + 5.61  to  11.76
Resolution:      1.00 Angstrom.
Solvent present: replacing closest with ion
	 when steric overlaps occur
Calculating grid charges
(Replacing solvent molecule)
Placed Na+ in pdb at (-21.69, -21.19, 28.08).
(Replacing solvent molecule)
Placed Na+ in pdb at (-37.64, -9.60, 18.34).
(Replacing solvent molecule)
Placed Na+ in pdb at (-21.11, -35.21, 19.16).
(Replacing solvent molecule)
Placed Na+ in pdb at (-37.46, -19.41, 8.21).
(Replacing solvent molecule)
Placed Na+ in pdb at (-8.11, -22.36, 25.31).
(Replacing solvent molecule)
Placed Na+ in pdb at (-5.13, -44.26, -13.71).
(Replacing solvent molecule)
Placed Na+ in pdb at (-25.52, -40.03, -5.43).
(Replacing solvent molecule)
Placed Na+ in pdb at (-43.35, -22.51, -18.61).
(Replacing solvent molecule)
Placed Na+ in pdb at (-40.86, -20.16, 31.36).
(Replacing solvent molecule)
Placed Na+ in pdb at (3.21, -36.65, 6.77).
(Replacing solvent molecule)
Placed Na+ in pdb at (14.87, -6.10, -23.72).
(Replacing solvent molecule)
Placed Na+ in pdb at (-26.46, -12.54, 18.88).
(Replacing solvent molecule)
Placed Na+ in pdb at (-16.49, -45.16, -21.80).
(Replacing solvent molecule)
Placed Na+ in pdb at (0.67, 14.90, -13.86).
(Replacing solvent molecule)
Placed Na+ in pdb at (-9.44, -31.20, -29.19).
(Replacing solvent molecule)
Placed Na+ in pdb at (-40.58, -26.04, 18.78).
(Replacing solvent molecule)
Placed Na+ in pdb at (14.35, 8.13, 7.89).
(Replacing solvent molecule)
Placed Na+ in pdb at (-18.79, 12.04, -9.52).
(Replacing solvent molecule)
Placed Na+ in pdb at (4.05, -35.46, -5.14).
(Replacing solvent molecule)
Placed Na+ in pdb at (19.64, 13.55, -18.15).
(No solvent overlap)
Placed Na+ in pdb at (-8.57, 56.74, 12.41).
(Replacing solvent molecule)
Placed Na+ in pdb at (-31.73, -12.09, 31.93).
(Replacing solvent molecule)
Placed Na+ in pdb at (-13.23, -43.23, 8.41).
(Replacing solvent molecule)
Placed Na+ in pdb at (-0.13, 35.12, 24.95).
(Replacing solvent molecule)
Placed Na+ in pdb at (7.52, -45.41, -27.43).
(Replacing solvent molecule)
Placed Na+ in pdb at (-15.71, -28.83, 29.18).
(Replacing solvent molecule)
Placed Na+ in pdb at (34.91, 6.51, -27.03).
(Replacing solvent molecule)
Placed Na+ in pdb at (17.10, 56.77, 15.74).
(Replacing solvent molecule)
Placed Na+ in pdb at (-31.23, 1.20, -7.92).
(Replacing solvent molecule)
Placed Na+ in pdb at (2.20, -4.05, -21.17).
(Replacing solvent molecule)
Placed Na+ in pdb at (16.93, -29.33, 20.31).
(Replacing solvent molecule)
Placed Na+ in pdb at (1.88, 44.38, -0.16).
(No solvent overlap)
Placed Na+ in pdb at (-34.57, -34.26, 34.41).
(Replacing solvent molecule)
Placed Na+ in pdb at (20.14, -26.65, -32.86).
(Replacing solvent molecule)
Placed Na+ in pdb at (5.83, 52.99, 30.34).
(Replacing solvent molecule)
Placed Na+ in pdb at (38.59, -10.99, -10.41).
(Replacing solvent molecule)
Placed Na+ in pdb at (-15.63, -5.61, 15.84).
(Replacing solvent molecule)
Placed Na+ in pdb at (-17.91, -53.94, -10.31).
(Replacing solvent molecule)
Placed Na+ in pdb at (-30.86, -32.17, -29.78).
(Replacing solvent molecule)
Placed Na+ in pdb at (-37.85, -41.42, 12.61).
(Replacing solvent molecule)
Placed Na+ in pdb at (3.31, -14.19, -42.79).
(Replacing solvent molecule)
Placed Na+ in pdb at (17.02, 36.17, 12.61).
(Replacing solvent molecule)
Placed Na+ in pdb at (-22.31, 20.09, 12.51).
(Replacing solvent molecule)
Placed Na+ in pdb at (-27.54, 6.75, -22.47).
(Replacing solvent molecule)
Placed Na+ in pdb at (-0.77, -42.98, 18.91).
(Replacing solvent molecule)
Placed Na+ in pdb at (8.96, 1.60, 21.83).
(Replacing solvent molecule)
Placed Na+ in pdb at (33.20, 15.17, -13.58).
(Replacing solvent molecule)
Placed Na+ in pdb at (28.78, -34.15, -6.03).
(Replacing solvent molecule)
Placed Na+ in pdb at (-11.07, 37.84, 6.32).
(Replacing solvent molecule)
Placed Na+ in pdb at (-48.03, -13.93, 12.15).
(Replacing solvent molecule)
Placed Na+ in pdb at (-18.02, -16.79, -40.98).
(No solvent overlap)
Placed Na+ in pdb at (3.43, 61.74, 19.41).
(Replacing solvent molecule)
Placed Na+ in pdb at (-9.30, -47.42, -29.51).
(Replacing solvent molecule)
Placed Na+ in pdb at (22.19, 6.47, -32.74).
(Replacing solvent molecule)
Placed Na+ in pdb at (-32.83, -18.23, 38.63).
(Replacing solvent molecule)
Placed Na+ in pdb at (12.87, 27.64, -13.12).
(Replacing solvent molecule)
Placed Na+ in pdb at (5.35, -48.69, -0.19).

Done adding ions.
Adding 57 counter ions to "pdb" using 1A grid
Used default radius  1.50 for 3 atoms
Grid extends from solute vdw + 8.30  to  14.44
Resolution:      1.00 Angstrom.
Solvent present: replacing closest with ion
	 when steric overlaps occur
Calculating grid charges
(Replacing solvent molecule)
Placed Cl- in pdb at (24.47, 19.69, -9.89).
(Replacing solvent molecule)
Placed Cl- in pdb at (-22.53, -12.08, 27.46).
(Replacing solvent molecule)
Placed Cl- in pdb at (-18.33, -22.17, -29.73).
(Replacing solvent molecule)
Placed Cl- in pdb at (9.43, -39.85, 1.95).
(Replacing solvent molecule)
Placed Cl- in pdb at (13.59, 59.68, 23.46).
(Replacing solvent molecule)
Placed Cl- in pdb at (26.57, 13.24, -27.18).
(Replacing solvent molecule)
Placed Cl- in pdb at (-23.44, 3.76, 8.80).
(Replacing solvent molecule)
Placed Cl- in pdb at (-7.99, -52.01, -19.63).
(Replacing solvent molecule)
Placed Cl- in pdb at (2.11, 44.23, 26.25).
(Replacing solvent molecule)
Placed Cl- in pdb at (-23.76, -30.42, 33.14).
(Replacing solvent molecule)
Placed Cl- in pdb at (22.96, 2.17, 3.44).
(Replacing solvent molecule)
Placed Cl- in pdb at (19.54, -30.96, -11.14).
(Replacing solvent molecule)
Placed Cl- in pdb at (-41.96, -12.94, 1.25).
(Replacing solvent molecule)
Placed Cl- in pdb at (-5.71, 45.68, 6.68).
(Replacing solvent molecule)
Placed Cl- in pdb at (-6.13, -17.65, -40.76).
(Replacing solvent molecule)
Placed Cl- in pdb at (-4.27, -46.98, 8.60).
(Replacing solvent molecule)
Placed Cl- in pdb at (-18.41, 8.01, -18.79).
(Replacing solvent molecule)
Placed Cl- in pdb at (-12.97, 26.81, 10.00).
(No solvent overlap)
Placed Cl- in pdb at (-38.47, -26.38, 38.77).
(Replacing solvent molecule)
Placed Cl- in pdb at (15.60, 2.72, -27.13).
(Replacing solvent molecule)
Placed Cl- in pdb at (-15.38, -39.12, -31.14).
(Replacing solvent molecule)
Placed Cl- in pdb at (9.18, 27.25, -4.26).
(Replacing solvent molecule)
Placed Cl- in pdb at (34.29, -15.57, -2.51).
(Replacing solvent molecule)
Placed Cl- in pdb at (-47.33, -18.70, 20.08).
(Replacing solvent molecule)
Placed Cl- in pdb at (6.39, -36.30, 15.12).
(Replacing solvent molecule)
Placed Cl- in pdb at (-34.42, 1.91, -17.45).
(Replacing solvent molecule)
Placed Cl- in pdb at (-6.01, -0.48, 18.54).
(Replacing solvent molecule)
Placed Cl- in pdb at (-24.79, -46.45, -14.92).
(Replacing solvent molecule)
Placed Cl- in pdb at (8.97, 57.84, 10.00).
(Replacing solvent molecule)
Placed Cl- in pdb at (-36.15, -26.20, -26.39).
(Replacing solvent molecule)
Placed Cl- in pdb at (34.40, 4.60, -16.90).
(Replacing solvent molecule)
Placed Cl- in pdb at (10.60, -26.64, -31.14).
(Replacing solvent molecule)
Placed Cl- in pdb at (15.81, 9.40, 18.48).
(Replacing solvent molecule)
Placed Cl- in pdb at (-38.78, -34.64, 22.79).
(Replacing solvent molecule)
Placed Cl- in pdb at (-3.51, 53.76, 22.01).
(Replacing solvent molecule)
Placed Cl- in pdb at (-15.88, -43.30, 19.15).
(Replacing solvent molecule)
Placed Cl- in pdb at (-3.69, -1.07, -27.11).
(Replacing solvent molecule)
Placed Cl- in pdb at (-30.66, -4.97, 26.48).
(Replacing solvent molecule)
Placed Cl- in pdb at (11.52, 42.55, 8.06).
(Replacing solvent molecule)
Placed Cl- in pdb at (-4.44, -49.03, -5.78).
(Replacing solvent molecule)
Placed Cl- in pdb at (20.93, -16.44, 9.46).
(Replacing solvent molecule)
Placed Cl- in pdb at (-28.10, 10.55, -5.68).
(Replacing solvent molecule)
Placed Cl- in pdb at (0.69, -44.65, -33.78).
(Replacing solvent molecule)
Placed Cl- in pdb at (9.92, 20.22, -16.41).
(Replacing solvent molecule)
Placed Cl- in pdb at (-32.89, -36.56, 1.68).
(Replacing solvent molecule)
Placed Cl- in pdb at (1.60, -24.41, 24.29).
(Replacing solvent molecule)
Placed Cl- in pdb at (30.48, -26.93, -10.54).
(Replacing solvent molecule)
Placed Cl- in pdb at (-41.20, -11.78, 35.36).
(Replacing solvent molecule)
Placed Cl- in pdb at (30.98, 0.32, -31.68).
(Replacing solvent molecule)
Placed Cl- in pdb at (12.19, 30.03, 16.57).
(Replacing solvent molecule)
Placed Cl- in pdb at (-40.62, -14.79, -14.29).
(No solvent overlap)
Placed Cl- in pdb at (-4.47, 65.62, 14.77).
(Replacing solvent molecule)
Placed Cl- in pdb at (-13.25, -59.62, -16.91).
(Replacing solvent molecule)
Placed Cl- in pdb at (10.65, -10.15, -35.32).
(Replacing solvent molecule)
Placed Cl- in pdb at (-13.86, -21.18, 34.32).
(Replacing solvent molecule)
Placed Cl- in pdb at (-6.75, 39.48, -3.60).
(Replacing solvent molecule)
Placed Cl- in pdb at (16.98, 17.88, 2.77).

Done adding ions.
Checking Unit.

/Users/darian/anaconda3/envs/md/bin/teLeap: Warning!
There is a bond of 4.535 angstroms between C and N atoms:
-------  .R<ALA 37>.A<C 9> and .R<SER 38>.A<N 1>

/Users/darian/anaconda3/envs/md/bin/teLeap: Warning!
There is a bond of 3.328 angstroms between C and N atoms:
-------  .R<LEU 132>.A<C 18> and .R<GLN 133>.A<N 1>

/Users/darian/anaconda3/envs/md/bin/teLeap: Warning!
There is a bond of 3.710 angstroms between C and N atoms:
-------  .R<VAL 195>.A<C 15> and .R<ASN 196>.A<N 1>

/Users/darian/anaconda3/envs/md/bin/teLeap: Warning!
There is a bond of 4.069 angstroms between C and N atoms:
-------  .R<SER 225>.A<C 10> and .R<SER 226>.A<N 1>

/Users/darian/anaconda3/envs/md/bin/teLeap: Warning!
There is a bond of 3.895 angstroms between C and N atoms:
-------  .R<ILE 232>.A<C 18> and .R<MET 233>.A<N 1>

/Users/darian/anaconda3/envs/md/bin/teLeap: Warning!
There is a bond of 4.226 angstroms between C and N atoms:
-------  .R<PRO 295>.A<C 13> and .R<VAL 296>.A<N 1>

/Users/darian/anaconda3/envs/md/bin/teLeap: Warning!
There is a bond of 3.260 angstroms between C and N atoms:
-------  .R<ALA 340>.A<C 9> and .R<ARG 341>.A<N 1>

/Users/darian/anaconda3/envs/md/bin/teLeap: Warning!
There is a bond of 4.456 angstroms between C and N atoms:
-------  .R<VAL 351>.A<C 15> and .R<ASN 352>.A<N 1>

/Users/darian/anaconda3/envs/md/bin/teLeap: Warning!
There is a bond of 37.219 angstroms between C and N atoms:
-------  .R<NHIE 355>.A<C 18> and .R<HID 356>.A<N 1>

/Users/darian/anaconda3/envs/md/bin/teLeap: Warning!
There is a bond of 11.713 angstroms between C and N atoms:
-------  .R<HID 356>.A<C 16> and .R<HIE 357>.A<N 1>

/Users/darian/anaconda3/envs/md/bin/teLeap: Warning!
There is a bond of 27.974 angstroms between C and N atoms:
-------  .R<HIE 357>.A<C 16> and .R<HIE 358>.A<N 1>

/Users/darian/anaconda3/envs/md/bin/teLeap: Warning!
There is a bond of 23.715 angstroms between C and N atoms:
-------  .R<HIE 358>.A<C 16> and .R<HIE 359>.A<N 1>

/Users/darian/anaconda3/envs/md/bin/teLeap: Warning!
There is a bond of 31.259 angstroms between C and N atoms:
-------  .R<HIE 359>.A<C 16> and .R<HID 360>.A<N 1>

/Users/darian/anaconda3/envs/md/bin/teLeap: Warning!
There is a bond of 19.601 angstroms between C and N atoms:
-------  .R<HID 360>.A<C 16> and .R<CHIE 361>.A<N 1>
FATAL:  Atom .R<ADP 363>.A<HN62 40> does not have a type.
FATAL:  Atom .R<ADP 363>.A<HN61 41> does not have a type.
FATAL:  Atom .R<ADP 363>.A<H8 42> does not have a type.

/Users/darian/anaconda3/envs/md/bin/teLeap: Fatal Error!
Failed to generate parameters

Exiting LEaP: Errors = 1; Warnings = 15; Notes = 0.
