Updating system with the options from the configuration file
Maximum wallclock time: 1 day, 0:00:00

Tue Mar  7 15:43:54 2023
Iteration 524 (1000 requested)
Beginning iteration 524
308 segments remain in iteration 524 (308 total)
74 of 111 (66.666667%) active bins are populated
per-bin minimum non-zero probability:       1.04104e-75
per-bin maximum probability:                1
per-bin probability dynamic range (kT):     172.654
per-segment minimum non-zero probability:   2.60259e-76
per-segment maximum non-zero probability:   0.0855833
per-segment probability dynamic range (kT): 171.582
norm = 1, error in norm = 4.44089e-16 (2*epsilon)
MAB binning in use
Bottleneck bin occupancy may not be accurately reported
Waiting for segments to complete...
Recycled 4.15422e-59 probability (2 walkers) from target state 'unbound'
Iteration completed successfully
Iteration wallclock: 0:42:56.166532, cputime: 7:13:42.514259


Tue Mar  7 16:26:50 2023
Iteration 525 (1000 requested)
Beginning iteration 525
311 segments remain in iteration 525 (311 total)
74 of 111 (66.666667%) active bins are populated
per-bin minimum non-zero probability:       2.60259e-76
per-bin maximum probability:                0.918147
per-bin probability dynamic range (kT):     173.955
per-segment minimum non-zero probability:   6.50648e-77
per-segment maximum non-zero probability:   0.0846346
per-segment probability dynamic range (kT): 172.957
norm = 1, error in norm = 6.66134e-16 (3*epsilon)
MAB binning in use
Bottleneck bin occupancy may not be accurately reported
Waiting for segments to complete...
Recycled 2.31524e-60 probability (4 walkers) from target state 'unbound'
Iteration completed successfully
Iteration wallclock: 0:41:44.270362, cputime: 7:11:11.017223


Tue Mar  7 17:08:34 2023
Iteration 526 (1000 requested)
Beginning iteration 526
324 segments remain in iteration 526 (324 total)
79 of 111 (71.171171%) active bins are populated
per-bin minimum non-zero probability:       6.50648e-77
per-bin maximum probability:                1
per-bin probability dynamic range (kT):     175.426
per-segment minimum non-zero probability:   1.62662e-77
per-segment maximum non-zero probability:   0.0843184
per-segment probability dynamic range (kT): 174.339
norm = 1, error in norm = 6.66134e-16 (3*epsilon)
MAB binning in use
Bottleneck bin occupancy may not be accurately reported
Waiting for segments to complete...
Recycled 5.06487e-56 probability (5 walkers) from target state 'unbound'
Iteration completed successfully
Iteration wallclock: 0:43:36.233421, cputime: 7:31:46.273714


Tue Mar  7 17:52:10 2023
Iteration 527 (1000 requested)
Beginning iteration 527
324 segments remain in iteration 527 (324 total)
79 of 111 (71.171171%) active bins are populated
per-bin minimum non-zero probability:       1.62662e-77
per-bin maximum probability:                1
per-bin probability dynamic range (kT):     176.813
per-segment minimum non-zero probability:   4.06655e-78
per-segment maximum non-zero probability:   0.0843184
per-segment probability dynamic range (kT): 175.726
norm = 1, error in norm = 6.66134e-16 (3*epsilon)
MAB binning in use
Bottleneck bin occupancy may not be accurately reported
Waiting for segments to complete...
Recycled 1.44742e-61 probability (5 walkers) from target state 'unbound'
Iteration completed successfully
Iteration wallclock: 0:43:18.970706, cputime: 7:38:12.239412


Tue Mar  7 18:35:29 2023
Iteration 528 (1000 requested)
Beginning iteration 528
320 segments remain in iteration 528 (320 total)
77 of 111 (69.369369%) active bins are populated
per-bin minimum non-zero probability:       4.06655e-78
per-bin maximum probability:                1
per-bin probability dynamic range (kT):     178.199
per-segment minimum non-zero probability:   1.01664e-78
per-segment maximum non-zero probability:   0.0843184
per-segment probability dynamic range (kT): 177.112
norm = 1, error in norm = 6.66134e-16 (3*epsilon)
MAB binning in use
Bottleneck bin occupancy may not be accurately reported
Waiting for segments to complete...
Recycled 4.2275e-57 probability (1 walkers) from target state 'unbound'
Iteration completed successfully
Iteration wallclock: 0:42:36.808425, cputime: 7:25:39.622073


Tue Mar  7 19:18:06 2023
Iteration 529 (1000 requested)
Beginning iteration 529
324 segments remain in iteration 529 (324 total)
77 of 111 (69.369369%) active bins are populated
per-bin minimum non-zero probability:       1.01664e-78
per-bin maximum probability:                1
per-bin probability dynamic range (kT):     179.585
per-segment minimum non-zero probability:   2.54159e-79
per-segment maximum non-zero probability:   0.0843184
per-segment probability dynamic range (kT): 178.498
norm = 1, error in norm = 6.66134e-16 (3*epsilon)
MAB binning in use
Bottleneck bin occupancy may not be accurately reported
Waiting for segments to complete...
Recycled 9.04409e-62 probability (2 walkers) from target state 'unbound'
Iteration completed successfully
Iteration wallclock: 0:43:25.160255, cputime: 7:30:42.295807


Tue Mar  7 20:01:31 2023
Iteration 530 (1000 requested)
Beginning iteration 530
323 segments remain in iteration 530 (323 total)
78 of 111 (70.270270%) active bins are populated
per-bin minimum non-zero probability:       2.54159e-79
per-bin maximum probability:                0.915682
per-bin probability dynamic range (kT):     180.883
per-segment minimum non-zero probability:   6.35398e-80
per-segment maximum non-zero probability:   0.0838058
per-segment probability dynamic range (kT): 179.878
norm = 1, error in norm = 6.66134e-16 (3*epsilon)
MAB binning in use
Bottleneck bin occupancy may not be accurately reported
Waiting for segments to complete...
Recycled 1.58286e-57 probability (6 walkers) from target state 'unbound'
Iteration completed successfully
Iteration wallclock: 0:43:34.970816, cputime: 7:30:58.460313


Tue Mar  7 20:45:06 2023
Iteration 531 (1000 requested)
Beginning iteration 531
322 segments remain in iteration 531 (322 total)
77 of 111 (69.369369%) active bins are populated
per-bin minimum non-zero probability:       6.57062e-80
per-bin maximum probability:                0.833742
per-bin probability dynamic range (kT):     182.142
per-segment minimum non-zero probability:   1.64265e-80
per-segment maximum non-zero probability:   0.0838058
per-segment probability dynamic range (kT): 181.231
norm = 1, error in norm = 6.66134e-16 (3*epsilon)
MAB binning in use
Bottleneck bin occupancy may not be accurately reported
Waiting for segments to complete...
Recycled 3.95785e-58 probability (5 walkers) from target state 'unbound'
Iteration completed successfully
Iteration wallclock: 0:43:22.298139, cputime: 7:32:09.028988


Tue Mar  7 21:28:29 2023
Iteration 532 (1000 requested)
Beginning iteration 532
320 segments remain in iteration 532 (320 total)
77 of 111 (69.369369%) active bins are populated
per-bin minimum non-zero probability:       1.64265e-80
per-bin maximum probability:                1
per-bin probability dynamic range (kT):     183.71
per-segment minimum non-zero probability:   4.10664e-81
per-segment maximum non-zero probability:   0.0838058
per-segment probability dynamic range (kT): 182.618
norm = 1, error in norm = 8.88178e-16 (4*epsilon)
MAB binning in use
Bottleneck bin occupancy may not be accurately reported
Waiting for segments to complete...
Recycled 2.47086e-61 probability (4 walkers) from target state 'unbound'
Iteration completed successfully
Iteration wallclock: 0:42:27.525847, cputime: 7:27:46.911601


Tue Mar  7 22:10:56 2023
Iteration 533 (1000 requested)
Beginning iteration 533
312 segments remain in iteration 533 (312 total)
75 of 111 (67.567568%) active bins are populated
per-bin minimum non-zero probability:       4.10664e-81
per-bin maximum probability:                1
per-bin probability dynamic range (kT):     185.097
per-segment minimum non-zero probability:   1.02666e-81
per-segment maximum non-zero probability:   0.0838058
per-segment probability dynamic range (kT): 184.004
norm = 1, error in norm = 8.88178e-16 (4*epsilon)
MAB binning in use
Bottleneck bin occupancy may not be accurately reported
Waiting for segments to complete...
Recycled 1.43121e-61 probability (5 walkers) from target state 'unbound'
Iteration completed successfully
Iteration wallclock: 0:41:13.397717, cputime: 7:19:30.490483


Tue Mar  7 22:52:10 2023
Iteration 534 (1000 requested)
Beginning iteration 534
323 segments remain in iteration 534 (323 total)
77 of 111 (69.369369%) active bins are populated
per-bin minimum non-zero probability:       1.02666e-81
per-bin maximum probability:                0.916913
per-bin probability dynamic range (kT):     186.396
per-segment minimum non-zero probability:   2.56665e-82
per-segment maximum non-zero probability:   0.083626
per-segment probability dynamic range (kT): 185.388
norm = 1, error in norm = 6.66134e-16 (3*epsilon)
MAB binning in use
Bottleneck bin occupancy may not be accurately reported
Waiting for segments to complete...
Recycled 2.63522e-61 probability (8 walkers) from target state 'unbound'
Iteration completed successfully
Iteration wallclock: 0:43:35.261831, cputime: 7:29:06.019338


Tue Mar  7 23:35:45 2023
Iteration 535 (1000 requested)
Beginning iteration 535
312 segments remain in iteration 535 (312 total)
76 of 111 (68.468468%) active bins are populated
per-bin minimum non-zero probability:       2.56665e-82
per-bin maximum probability:                0.979228
per-bin probability dynamic range (kT):     187.848
per-segment minimum non-zero probability:   6.41662e-83
per-segment maximum non-zero probability:   0.0835361
per-segment probability dynamic range (kT): 186.773
norm = 1, error in norm = 8.88178e-16 (4*epsilon)
MAB binning in use
Bottleneck bin occupancy may not be accurately reported
Waiting for segments to complete...
Recycled 1.23833e-59 probability (4 walkers) from target state 'unbound'
Iteration completed successfully
Iteration wallclock: 0:41:21.357360, cputime: 7:20:55.438258


Wed Mar  8 00:17:06 2023
Iteration 536 (1000 requested)
Beginning iteration 536
330 segments remain in iteration 536 (330 total)
81 of 111 (72.972973%) active bins are populated
per-bin minimum non-zero probability:       6.41662e-83
per-bin maximum probability:                0.833124
per-bin probability dynamic range (kT):     189.073
per-segment minimum non-zero probability:   1.60415e-83
per-segment maximum non-zero probability:   0.0866225
per-segment probability dynamic range (kT): 188.196
norm = 1, error in norm = 6.66134e-16 (3*epsilon)
MAB binning in use
Bottleneck bin occupancy may not be accurately reported
Waiting for segments to complete...
Recycled 1.14456e-56 probability (8 walkers) from target state 'unbound'
Iteration completed successfully
Iteration wallclock: 0:44:23.580191, cputime: 7:47:02.354773


Wed Mar  8 01:01:30 2023
Iteration 537 (1000 requested)
Beginning iteration 537
319 segments remain in iteration 537 (319 total)
78 of 111 (70.270270%) active bins are populated
per-bin minimum non-zero probability:       1.60415e-83
per-bin maximum probability:                0.916644
per-bin probability dynamic range (kT):     190.555
per-segment minimum non-zero probability:   4.01039e-84
per-segment maximum non-zero probability:   0.0850343
per-segment probability dynamic range (kT): 189.564
norm = 1, error in norm = 6.66134e-16 (3*epsilon)
MAB binning in use
Bottleneck bin occupancy may not be accurately reported
Waiting for segments to complete...
Recycled 1.34208e-60 probability (4 walkers) from target state 'unbound'
Iteration completed successfully
Iteration wallclock: 0:42:37.939706, cputime: 7:23:32.839524


Wed Mar  8 01:44:08 2023
Iteration 538 (1000 requested)
Beginning iteration 538
320 segments remain in iteration 538 (320 total)
78 of 111 (70.270270%) active bins are populated
per-bin minimum non-zero probability:       4.01039e-84
per-bin maximum probability:                0.979161
per-bin probability dynamic range (kT):     192.007
per-segment minimum non-zero probability:   1.0026e-84
per-segment maximum non-zero probability:   0.0842363
per-segment probability dynamic range (kT): 190.94
norm = 1, error in norm = 6.66134e-16 (3*epsilon)
MAB binning in use
Bottleneck bin occupancy may not be accurately reported
Waiting for segments to complete...
Recycled 2.16552e-60 probability (3 walkers) from target state 'unbound'
Iteration completed successfully
Iteration wallclock: 0:42:37.953220, cputime: 7:24:44.664591


Wed Mar  8 02:26:46 2023
Iteration 539 (1000 requested)
Beginning iteration 539
328 segments remain in iteration 539 (328 total)
80 of 111 (72.072072%) active bins are populated
per-bin minimum non-zero probability:       1.0026e-84
per-bin maximum probability:                1
per-bin probability dynamic range (kT):     193.415
per-segment minimum non-zero probability:   2.50649e-85
per-segment maximum non-zero probability:   0.0839357
per-segment probability dynamic range (kT): 192.323
norm = 1, error in norm = 4.44089e-16 (2*epsilon)
MAB binning in use
Bottleneck bin occupancy may not be accurately reported
Waiting for segments to complete...
Recycled 5.1597e-61 probability (6 walkers) from target state 'unbound'
Iteration completed successfully
Iteration wallclock: 0:43:35.415103, cputime: 7:43:56.076235


Wed Mar  8 03:10:21 2023
Iteration 540 (1000 requested)
Beginning iteration 540
331 segments remain in iteration 540 (331 total)
79 of 111 (71.171171%) active bins are populated
per-bin minimum non-zero probability:       2.50649e-85
per-bin maximum probability:                0.916064
per-bin probability dynamic range (kT):     194.713
per-segment minimum non-zero probability:   6.26623e-86
per-segment maximum non-zero probability:   0.0836293
per-segment probability dynamic range (kT): 193.706
norm = 1, error in norm = 4.44089e-16 (2*epsilon)
MAB binning in use
Bottleneck bin occupancy may not be accurately reported
Waiting for segments to complete...
Recycled 1.29586e-61 probability (7 walkers) from target state 'unbound'
Iteration completed successfully
Iteration wallclock: 0:44:23.173825, cputime: 7:45:37.594942


Wed Mar  8 03:54:44 2023
Iteration 541 (1000 requested)
Beginning iteration 541
323 segments remain in iteration 541 (323 total)
78 of 111 (70.270270%) active bins are populated
per-bin minimum non-zero probability:       6.26623e-86
per-bin maximum probability:                0.916832
per-bin probability dynamic range (kT):     196.1
per-segment minimum non-zero probability:   1.56656e-86
per-segment maximum non-zero probability:   0.0835489
per-segment probability dynamic range (kT): 195.091
norm = 1, error in norm = 4.44089e-16 (2*epsilon)
MAB binning in use
Bottleneck bin occupancy may not be accurately reported
Waiting for segments to complete...
Recycled 4.48706e-57 probability (6 walkers) from target state 'unbound'
Iteration completed successfully
Iteration wallclock: 0:43:28.940955, cputime: 7:30:21.180149


Wed Mar  8 04:38:13 2023
Iteration 542 (1000 requested)
Beginning iteration 542
324 segments remain in iteration 542 (324 total)
78 of 111 (70.270270%) active bins are populated
per-bin minimum non-zero probability:       1.56656e-86
per-bin maximum probability:                1
per-bin probability dynamic range (kT):     197.573
per-segment minimum non-zero probability:   3.91639e-87
per-segment maximum non-zero probability:   0.0835489
per-segment probability dynamic range (kT): 196.477
norm = 1, error in norm = 4.44089e-16 (2*epsilon)
MAB binning in use
Bottleneck bin occupancy may not be accurately reported
Waiting for segments to complete...
Recycled 1.34641e-61 probability (2 walkers) from target state 'unbound'
Iteration completed successfully
Iteration wallclock: 0:43:07.781444, cputime: 7:36:31.430500


Wed Mar  8 05:21:21 2023
Iteration 543 (1000 requested)
Beginning iteration 543
335 segments remain in iteration 543 (335 total)
82 of 111 (73.873874%) active bins are populated
per-bin minimum non-zero probability:       3.91639e-87
per-bin maximum probability:                1
per-bin probability dynamic range (kT):     198.96
per-segment minimum non-zero probability:   9.79098e-88
per-segment maximum non-zero probability:   0.083397
per-segment probability dynamic range (kT): 197.862
norm = 1, error in norm = 4.44089e-16 (2*epsilon)
MAB binning in use
Bottleneck bin occupancy may not be accurately reported
Waiting for segments to complete...
Recycled 1.907e-56 probability (4 walkers) from target state 'unbound'
Iteration completed successfully
Iteration wallclock: 0:44:25.295792, cputime: 7:54:11.283633


Wed Mar  8 06:05:46 2023
Iteration 544 (1000 requested)
Beginning iteration 544
344 segments remain in iteration 544 (344 total)
84 of 111 (75.675676%) active bins are populated
per-bin minimum non-zero probability:       9.79098e-88
per-bin maximum probability:                1
per-bin probability dynamic range (kT):     200.346
per-segment minimum non-zero probability:   2.44775e-88
per-segment maximum non-zero probability:   0.083397
per-segment probability dynamic range (kT): 199.248
norm = 1, error in norm = 4.44089e-16 (2*epsilon)
MAB binning in use
Bottleneck bin occupancy may not be accurately reported
Waiting for segments to complete...
Recycled 6.8868e-57 probability (5 walkers) from target state 'unbound'
Iteration completed successfully
Iteration wallclock: 0:45:34.842386, cputime: 8:03:28.925121


Wed Mar  8 06:51:21 2023
Iteration 545 (1000 requested)
Beginning iteration 545
336 segments remain in iteration 545 (336 total)
81 of 111 (72.972973%) active bins are populated
per-bin minimum non-zero probability:       2.44775e-88
per-bin maximum probability:                1
per-bin probability dynamic range (kT):     201.732
per-segment minimum non-zero probability:   6.11936e-89
per-segment maximum non-zero probability:   0.083397
per-segment probability dynamic range (kT): 200.634
norm = 1, error in norm = 2.22045e-16 (1*epsilon)
MAB binning in use
Bottleneck bin occupancy may not be accurately reported
Waiting for segments to complete...
Recycled 2.11764e-57 probability (6 walkers) from target state 'unbound'
Iteration completed successfully
Iteration wallclock: 0:44:28.667524, cputime: 7:52:41.746142


Wed Mar  8 07:35:50 2023
Iteration 546 (1000 requested)
Beginning iteration 546
324 segments remain in iteration 546 (324 total)
79 of 111 (71.171171%) active bins are populated
per-bin minimum non-zero probability:       6.11936e-89
per-bin maximum probability:                1
per-bin probability dynamic range (kT):     203.119
per-segment minimum non-zero probability:   1.52984e-89
per-segment maximum non-zero probability:   0.083397
per-segment probability dynamic range (kT): 202.021
norm = 1, error in norm = 4.44089e-16 (2*epsilon)
MAB binning in use
Bottleneck bin occupancy may not be accurately reported
Waiting for segments to complete...
Recycled 5.739e-58 probability (6 walkers) from target state 'unbound'
Iteration completed successfully
Iteration wallclock: 0:43:22.608042, cputime: 7:33:11.346525


Wed Mar  8 08:19:12 2023
Iteration 547 (1000 requested)
Beginning iteration 547
331 segments remain in iteration 547 (331 total)
80 of 111 (72.072072%) active bins are populated
per-bin minimum non-zero probability:       1.52984e-89
per-bin maximum probability:                0.916606
per-bin probability dynamic range (kT):     204.418
per-segment minimum non-zero probability:   3.8246e-90
per-segment maximum non-zero probability:   0.0833953
per-segment probability dynamic range (kT): 203.407
norm = 1, error in norm = 4.44089e-16 (2*epsilon)
MAB binning in use
Bottleneck bin occupancy may not be accurately reported
Waiting for segments to complete...
Recycled 4.30425e-58 probability (8 walkers) from target state 'unbound'
Iteration completed successfully
Iteration wallclock: 0:44:10.931250, cputime: 7:49:04.041815


Wed Mar  8 09:03:23 2023
Iteration 548 (1000 requested)
Beginning iteration 548
323 segments remain in iteration 548 (323 total)
77 of 111 (69.369369%) active bins are populated
per-bin minimum non-zero probability:       3.8246e-90
per-bin maximum probability:                0.916708
per-bin probability dynamic range (kT):     205.804
per-segment minimum non-zero probability:   9.56151e-91
per-segment maximum non-zero probability:   0.0833944
per-segment probability dynamic range (kT): 204.793
norm = 1, error in norm = 6.66134e-16 (3*epsilon)
MAB binning in use
Bottleneck bin occupancy may not be accurately reported
Waiting for segments to complete...
Recycled 3.63891e-57 probability (5 walkers) from target state 'unbound'
Iteration completed successfully
Iteration wallclock: 0:43:35.136100, cputime: 7:29:59.696708


Wed Mar  8 09:46:59 2023
Iteration 549 (1000 requested)
Beginning iteration 549
308 segments remain in iteration 549 (308 total)
75 of 111 (67.567568%) active bins are populated
per-bin minimum non-zero probability:       9.56151e-91
per-bin maximum probability:                1
per-bin probability dynamic range (kT):     207.277
per-segment minimum non-zero probability:   2.39038e-91
per-segment maximum non-zero probability:   0.0833773
per-segment probability dynamic range (kT): 206.179
norm = 1, error in norm = 4.44089e-16 (2*epsilon)
MAB binning in use
Bottleneck bin occupancy may not be accurately reported
Waiting for segments to complete...
Recycled 1.79344e-59 probability (3 walkers) from target state 'unbound'
Iteration completed successfully
Iteration wallclock: 0:41:11.303328, cputime: 7:11:04.316710


Wed Mar  8 10:28:10 2023
Iteration 550 (1000 requested)
Beginning iteration 550
327 segments remain in iteration 550 (327 total)
80 of 111 (72.072072%) active bins are populated
per-bin minimum non-zero probability:       2.39038e-91
per-bin maximum probability:                0.916682
per-bin probability dynamic range (kT):     208.577
per-segment minimum non-zero probability:   5.97594e-92
per-segment maximum non-zero probability:   0.0833773
per-segment probability dynamic range (kT): 207.566
norm = 1, error in norm = 4.44089e-16 (2*epsilon)
MAB binning in use
Bottleneck bin occupancy may not be accurately reported
Waiting for segments to complete...
Recycled 1.20191e-56 probability (3 walkers) from target state 'unbound'
Iteration completed successfully
Iteration wallclock: 0:43:30.966339, cputime: 7:41:50.238649


Wed Mar  8 11:11:41 2023
Iteration 551 (1000 requested)
Beginning iteration 551
303 segments remain in iteration 551 (303 total)
72 of 111 (64.864865%) active bins are populated
per-bin minimum non-zero probability:       5.97594e-92
per-bin maximum probability:                0.916681
per-bin probability dynamic range (kT):     209.963
per-segment minimum non-zero probability:   1.49399e-92
per-segment maximum non-zero probability:   0.0833542
per-segment probability dynamic range (kT): 208.952
norm = 1, error in norm = 4.44089e-16 (2*epsilon)
MAB binning in use
Bottleneck bin occupancy may not be accurately reported
Waiting for segments to complete...
Recycled 3.00477e-57 probability (2 walkers) from target state 'unbound'
Iteration completed successfully
Iteration wallclock: 0:40:28.557836, cputime: 7:05:34.084100


Wed Mar  8 11:52:09 2023
Iteration 552 (1000 requested)
Beginning iteration 552
315 segments remain in iteration 552 (315 total)
77 of 111 (69.369369%) active bins are populated
per-bin minimum non-zero probability:       1.49399e-92
per-bin maximum probability:                0.916676
per-bin probability dynamic range (kT):     211.349
per-segment minimum non-zero probability:   3.73496e-93
per-segment maximum non-zero probability:   0.0833462
per-segment probability dynamic range (kT): 210.338
norm = 1, error in norm = 4.44089e-16 (2*epsilon)
MAB binning in use
Bottleneck bin occupancy may not be accurately reported
Waiting for segments to complete...
Recycled 3.70583e-56 probability (7 walkers) from target state 'unbound'
Iteration completed successfully
Iteration wallclock: 0:42:17.905540, cputime: 7:18:23.983614


Wed Mar  8 12:34:27 2023
Iteration 553 (1000 requested)
Beginning iteration 553
319 segments remain in iteration 553 (319 total)
77 of 111 (69.369369%) active bins are populated
per-bin minimum non-zero probability:       3.73496e-93
per-bin maximum probability:                0.916668
per-bin probability dynamic range (kT):     212.736
per-segment minimum non-zero probability:   9.33741e-94
per-segment maximum non-zero probability:   0.0833421
per-segment probability dynamic range (kT): 211.724
norm = 1, error in norm = 4.44089e-16 (2*epsilon)
MAB binning in use
Bottleneck bin occupancy may not be accurately reported
Waiting for segments to complete...
Recycled 1.77411e-92 probability (7 walkers) from target state 'unbound'
Iteration completed successfully
Iteration wallclock: 0:42:26.279318, cputime: 7:26:57.369539


Wed Mar  8 13:16:54 2023
Iteration 554 (1000 requested)
Beginning iteration 554
308 segments remain in iteration 554 (308 total)
75 of 111 (67.567568%) active bins are populated
per-bin minimum non-zero probability:       9.33741e-94
per-bin maximum probability:                0.979167
per-bin probability dynamic range (kT):     214.188
per-segment minimum non-zero probability:   2.33435e-94
per-segment maximum non-zero probability:   0.0833387
per-segment probability dynamic range (kT): 213.11
norm = 1, error in norm = 6.66134e-16 (3*epsilon)
MAB binning in use
Bottleneck bin occupancy may not be accurately reported
Waiting for segments to complete...
Recycled 6.95929e-58 probability (5 walkers) from target state 'unbound'
Iteration completed successfully
Iteration wallclock: 0:41:14.610945, cputime: 7:10:07.287984


Wed Mar  8 13:58:08 2023
Iteration 555 (1000 requested)
Beginning iteration 555
336 segments remain in iteration 555 (336 total)
80 of 111 (72.072072%) active bins are populated
per-bin minimum non-zero probability:       2.33435e-94
per-bin maximum probability:                1
per-bin probability dynamic range (kT):     215.595
per-segment minimum non-zero probability:   5.83588e-95
per-segment maximum non-zero probability:   0.0833369
per-segment probability dynamic range (kT): 214.497
norm = 1, error in norm = 4.44089e-16 (2*epsilon)
MAB binning in use
Bottleneck bin occupancy may not be accurately reported
Waiting for segments to complete...
Recycled 1.73578e-56 probability (6 walkers) from target state 'unbound'
Iteration completed successfully
Iteration wallclock: 0:44:59.585598, cputime: 7:47:21.451691


Wed Mar  8 14:43:08 2023
Iteration 556 (1000 requested)
Beginning iteration 556
328 segments remain in iteration 556 (328 total)
78 of 111 (70.270270%) active bins are populated
per-bin minimum non-zero probability:       5.83588e-95
per-bin maximum probability:                1
per-bin probability dynamic range (kT):     216.982
per-segment minimum non-zero probability:   1.45897e-95
per-segment maximum non-zero probability:   0.0833369
per-segment probability dynamic range (kT): 215.883
norm = 1, error in norm = 4.44089e-16 (2*epsilon)
MAB binning in use
Bottleneck bin occupancy may not be accurately reported
Waiting for segments to complete...
Recycled 2.22403e-60 probability (6 walkers) from target state 'unbound'
Iteration completed successfully
Iteration wallclock: 0:43:50.265149, cputime: 7:38:02.902039

Iteration 557 would require more than the allotted time. Ending run.
