            --------------------------------------------------------
                             AMBER SQM VERSION 19
 
                                     By
              Ross C. Walker, Michael F. Crowley, Scott Brozell,
                         Tim Giese, Andreas W. Goetz,
                        Tai-Sung Lee and David A. Case
 
            --------------------------------------------------------
 

--------------------------------------------------------------------------------
  QM CALCULATION INFO
--------------------------------------------------------------------------------

| QMMM: Citation for AMBER QMMM Run:
| QMMM: R.C. Walker, M.F. Crowley and D.A. Case, J. COMP. CHEM. 29:1019, 2008

QMMM: SINGLET STATE CALCULATION
QMMM: RHF CALCULATION, NO. OF DOUBLY OCCUPIED LEVELS = 53

| QMMM: *** Selected Hamiltonian *** 
| QMMM: AM1         

| QMMM: *** Parameter sets in use ***
| QMMM: C : M.J.S.DEWAR et al. JACS, 107, 3902, (1985)
| QMMM: O : M.J.S.DEWAR et al. JACS, 107, 3902, (1985)
| QMMM: N : M.J.S.DEWAR et al. JACS, 107, 3902, (1985)
| QMMM: S : M.J.S.DEWAR et al. INORG. CHEM., 29, 3881, (1990)
| QMMM: H : M.J.S.DEWAR et al. JACS, 107, 3902, (1985)

| QMMM: *** SCF convergence criteria ***
| QMMM: Energy change                :  0.1D-09 kcal/mol
| QMMM: Error matrix |FP-PF|         :  0.1D+00 au
| QMMM: Density matrix change        :  0.5D-06
| QMMM: Maximum number of SCF cycles :     1000

| QMMM: *** Diagonalization Routine Information ***
| QMMM: Pseudo diagonalizations are allowed.
| QMMM: Auto diagonalization routine selection is in use.
| QMMM:
| QMMM: Timing diagonalization routines:
| QMMM:                              norbs =       96
| QMMM:    diag iterations used for timing =       15
| QMMM:
| QMMM:              Internal diag routine = 0.019814 seconds
| QMMM:                 Dspev diag routine = 0.016763 seconds
| QMMM:                Dspevd diag routine = 0.009030 seconds
| QMMM:                Dspevx diag routine = 0.077208 seconds
| QMMM:                 Dsyev diag routine = 0.017498 seconds
| QMMM:                Dsyevd diag routine = 0.011248 seconds
| QMMM:                Dsyevr diag routine = 0.015762 seconds
| QMMM:
| QMMM:                Pseudo diag routine = 0.007360 seconds
| QMMM:
| QMMM: Using dspevd routine (diag_routine=3).

  QMMM: QM Region Cartesian Coordinates (*=link atom) 
  QMMM: QM_NO.   MM_NO.  ATOM         X         Y         Z
  QMMM:     1        1      C       -1.2170   -1.9370    0.1030
  QMMM:     2        2      C       -0.3520   -1.0760   -0.8170
  QMMM:     3        3      O        0.2340   -0.0300   -0.1270
  QMMM:     4        4      C        1.1890   -0.1450    0.8280
  QMMM:     5        5      O        1.6530   -1.2530    1.0630
  QMMM:     6        6      C        1.7020    1.0410    1.6150
  QMMM:     7        7      C        1.3590    2.3560    1.3830
  QMMM:     8        8      C        0.4200    2.8580    0.3030
  QMMM:     9        9      N        1.9130    3.3960    2.1850
  QMMM:    10       10      C        2.8490    3.1340    3.2100
  QMMM:    11       11      S        3.4070    4.2160    3.9790
  QMMM:    12       12      N        3.2340    1.8010    3.4740
  QMMM:    13       13      C        2.6810    0.6730    2.7510
  QMMM:    14       14      C        1.9950   -0.2300    3.7580
  QMMM:    15       15      C        2.4710   -1.5320    3.9910
  QMMM:    16       16      C        1.8340   -2.3610    4.9180
  QMMM:    17       17      C        0.7180   -1.9000    5.6220
  QMMM:    18       18      C        0.2350   -0.6020    5.4010
  QMMM:    19       19      O       -0.8400   -0.1430    6.0730
  QMMM:    20       20      C        0.8730    0.2280    4.4730
  QMMM:    21       21      H       -0.6080   -2.4090    0.9010
  QMMM:    22       22      H       -1.7020   -2.7420   -0.4890
  QMMM:    23       23      H       -2.0060   -1.3130    0.5730
  QMMM:    24       24      H        0.4290   -1.6940   -1.3120
  QMMM:    25       25      H       -1.0080   -0.6500   -1.6050
  QMMM:    26       26      H       -0.0310    2.1340   -0.3800
  QMMM:    27       27      H        0.9740    3.5730   -0.3390
  QMMM:    28       28      H       -0.4180    3.4030    0.7870
  QMMM:    29       29      H        1.6350    4.3730    1.9940
  QMMM:    30       30      H        3.9230    1.6060    4.2190
  QMMM:    31       31      H        3.5390    0.1430    2.2800
  QMMM:    32       32      H        3.3340   -1.9070    3.4550
  QMMM:    33       33      H        2.2050   -3.3620    5.0910
  QMMM:    34       34      H        0.2320   -2.5510    6.3370
  QMMM:    35       35      H       -1.3120   -0.6840    6.7220
  QMMM:    36       36      H        0.4950    1.2300    4.3060

--------------------------------------------------------------------------------
  RESULTS
--------------------------------------------------------------------------------

      iter         sqm energy              rms gradient
      ----    -------------------    -----------------------
xmin    10      -69.9944 kcal/mol        0.6434 kcal/(mol*A)
xmin    20      -70.6889 kcal/mol        0.2835 kcal/(mol*A)
xmin    30      -71.0865 kcal/mol        0.1769 kcal/(mol*A)
xmin    40      -71.1103 kcal/mol        0.1459 kcal/(mol*A)
xmin    50      -71.2460 kcal/mol        0.4185 kcal/(mol*A)
xmin    60      -71.2776 kcal/mol        0.3943 kcal/(mol*A)
xmin    70      -71.4223 kcal/mol        0.2477 kcal/(mol*A)
xmin    80      -71.4713 kcal/mol        0.1471 kcal/(mol*A)
xmin    90      -71.4790 kcal/mol        0.1387 kcal/(mol*A)
xmin   100      -71.4848 kcal/mol        0.0305 kcal/(mol*A)
xmin   110      -71.4857 kcal/mol        0.0041 kcal/(mol*A)
xmin   120      -71.4858 kcal/mol        0.0123 kcal/(mol*A)
xmin   130      -71.4859 kcal/mol        0.0082 kcal/(mol*A)
xmin   140      -71.4860 kcal/mol        0.0055 kcal/(mol*A)
xmin   150      -71.4860 kcal/mol        0.0015 kcal/(mol*A)
xmin   160      -71.4860 kcal/mol        0.0041 kcal/(mol*A)
xmin   170      -71.4861 kcal/mol        0.0008 kcal/(mol*A)
  ... geometry converged !
 
 Final MO eigenvalues (eV):
 -41.8045  -40.5547  -40.1217  -37.9146  -37.0415  -36.2320  -34.6784  -32.2792
 -31.6429  -30.7583  -29.7883  -27.5049  -25.5321  -24.7500  -23.2758  -23.1089
 -22.4500  -20.4363  -19.8283  -19.3504  -18.6384  -17.6762  -17.6038  -17.2977
 -16.8547  -16.8288  -16.4993  -16.0191  -15.8540  -15.2014  -15.0716  -14.8427
 -14.6416  -14.5269  -14.3557  -14.0776  -13.9249  -13.7441  -13.4134  -12.9255
 -12.8117  -12.5576  -12.3723  -12.1528  -12.0880  -12.0218  -11.6475  -11.3817
  -9.9739   -9.6644   -9.2514   -9.1308   -8.8997   -0.7738    0.0942    0.2954
   0.3719    0.7081    1.4111    1.5899    1.7923    2.0502    2.5750    2.8043
   2.9145    3.2819    3.4562    3.5540    3.6341    3.6760    3.7461    3.8361
   3.8810    3.9135    3.9985    4.1240    4.1368    4.2296    4.2652    4.3098
   4.4854    4.5620    4.6302    4.7400    4.8905    4.9090    5.0381    5.0703
   5.2559    5.3925    5.4804    5.5914    5.6393    5.7117    6.1784    6.7273


 Heat of formation   =        -71.48605047 kcal/mol  (       -3.09986776 eV)

 Total SCF energy    =     -82605.22457287 kcal/mol  (    -3582.03133311 eV)
 Electronic energy   =    -555543.93482192 kcal/mol  (   -24090.19274194 eV)
 Core-core repulsion =     472938.71024905 kcal/mol  (    20508.16140883 eV)
 
    Atomic Charges for Step       1 :
  Atom    Element       Mulliken Charge
     1      C                 -0.244
     2      C                 -0.010
     3      O                 -0.286
     4      C                  0.372
     5      O                 -0.370
     6      C                 -0.259
     7      C                  0.142
     8      C                 -0.201
     9      N                 -0.284
    10      C                  0.137
    11      S                 -0.245
    12      N                 -0.301
    13      C                  0.113
    14      C                 -0.086
    15      C                 -0.144
    16      C                 -0.094
    17      C                 -0.205
    18      C                  0.077
    19      O                 -0.250
    20      C                 -0.144
    21      H                  0.098
    22      H                  0.086
    23      H                  0.084
    24      H                  0.102
    25      H                  0.100
    26      H                  0.121
    27      H                  0.090
    28      H                  0.125
    29      H                  0.274
    30      H                  0.266
    31      H                  0.134
    32      H                  0.157
    33      H                  0.137
    34      H                  0.135
    35      H                  0.219
    36      H                  0.152
 Total Mulliken Charge =      -0.000
 
                  X        Y        Z     TOTAL  
  QM DIPOLE    -3.481   -2.634   -2.101    4.845
 
 Final Structure

  QMMM: QM Region Cartesian Coordinates (*=link atom) 
  QMMM: QM_NO.   MM_NO.  ATOM         X         Y         Z
  QMMM:     1        1      C       -0.9422   -2.0741   -0.1659
  QMMM:     2        2      C       -0.1016   -1.0758   -0.9225
  QMMM:     3        3      O        0.2795    0.0213   -0.0779
  QMMM:     4        4      C        1.3470   -0.1668    0.7624
  QMMM:     5        5      O        1.9358   -1.2536    0.7064
  QMMM:     6        6      C        1.6803    0.9656    1.6204
  QMMM:     7        7      C        1.2602    2.2549    1.4262
  QMMM:     8        8      C        0.2921    2.6370    0.3544
  QMMM:     9        9      N        1.7447    3.2697    2.2464
  QMMM:    10       10      C        2.7872    3.0702    3.1647
  QMMM:    11       11      S        3.3917    4.3306    3.9668
  QMMM:    12       12      N        3.2856    1.7911    3.2981
  QMMM:    13       13      C        2.6068    0.6208    2.7674
  QMMM:    14       14      C        1.8532   -0.1605    3.8281
  QMMM:    15       15      C        1.9223   -1.5598    3.7972
  QMMM:    16       16      C        1.2512   -2.3158    4.7553
  QMMM:    17       17      C        0.5058   -1.6930    5.7544
  QMMM:    18       18      C        0.4352   -0.2937    5.7755
  QMMM:    19       19      O       -0.2857    0.4007    6.7206
  QMMM:    20       20      C        1.1063    0.4815    4.8148
  QMMM:    21       21      H       -0.3350   -2.5527    0.6406
  QMMM:    22       22      H       -1.3034   -2.8644   -0.8661
  QMMM:    23       23      H       -1.8232   -1.5736    0.3021
  QMMM:    24       24      H        0.8130   -1.5608   -1.3534
  QMMM:    25       25      H       -0.6913   -0.5676   -1.7327
  QMMM:    26       26      H        0.6738    2.2752   -0.6344
  QMMM:    27       27      H        0.1197    3.7391    0.2905
  QMMM:    28       28      H       -0.6868    2.1289    0.5515
  QMMM:    29       29      H        1.4523    4.2144    2.1032
  QMMM:    30       30      H        3.9205    1.6405    4.0540
  QMMM:    31       31      H        3.4254   -0.0569    2.3582
  QMMM:    32       32      H        2.4902   -2.0597    2.9952
  QMMM:    33       33      H        1.3094   -3.4142    4.7240
  QMMM:    34       34      H       -0.0206   -2.2879    6.5133
  QMMM:    35       35      H       -0.6822   -0.2435    7.3249
  QMMM:    36       36      H        1.0220    1.5767    4.8623

           --------- Calculation Completed ----------

