+ cd /ocean/projects/mcb180038p/dyang4/eg5/we/v02
+ source env.sh
++ source /jet/home/dyang4/.bashrc
+++ '[' -f /etc/bashrc ']'
+++ . /etc/bashrc
++++ '[' -z '' ']'
++++ BASHRCSOURCED=Y
++++ '[' '' ']'
++++ shopt -q login_shell
++++ '[' 73983 -gt 199 ']'
+++++ /usr/bin/id -gn
+++++ /usr/bin/id -un
++++ '[' mcb180038p = dyang4 ']'
++++ umask 022
++++ SHELL=/bin/bash
++++ for i in /etc/profile.d/*.sh
++++ '[' -r /etc/profile.d/00-modulepath.sh ']'
++++ '[' '' ']'
++++ . /etc/profile.d/00-modulepath.sh
+++++ '[' -z /opt/modulefiles/production:/opt/modulefiles/preproduction:/opt/modulefiles/deprecated:/usr/share/modulefiles:/usr/share/modulefiles/Linux:/usr/share/modulefiles/Core:/usr/share/lmod/lmod/modulefiles/Core ']'
+++++ :
++++ for i in /etc/profile.d/*.sh
++++ '[' -r /etc/profile.d/00-psc.sh ']'
++++ '[' '' ']'
++++ . /etc/profile.d/00-psc.sh
+++++ DEBUG=0
+++++ BASE=/opt/modulefiles
+++++ '[' -f /etc/profile.d/modules.sh ']'
+++++ . /etc/profile.d/modules.sh
++++++ . /etc/profile.d/00-modulepath.sh
+++++++ '[' -z /opt/modulefiles/production:/opt/modulefiles/preproduction:/opt/modulefiles/deprecated:/usr/share/modulefiles:/usr/share/modulefiles/Linux:/usr/share/modulefiles/Core:/usr/share/lmod/lmod/modulefiles/Core ']'
+++++++ :
++++++ '[' -z '' ']'
++++++ '[' -z /usr/share/modulefiles ']'
++++++ PS_CMD=/usr/bin/ps
++++++ '[' '!' -x /usr/bin/ps ']'
++++++ EXPR_CMD=/usr/bin/expr
++++++ '[' '!' -x /usr/bin/expr ']'
++++++ BASENAME_CMD=/usr/bin/basename
++++++ '[' '!' -x /usr/bin/basename ']'
+++++++ /usr/bin/ps -p 97589 -ocomm=
++++++ my_shell=slurm_script
+++++++ /usr/bin/expr slurm_script : '-*\(.*\)'
++++++ my_shell=slurm_script
+++++++ /usr/bin/basename slurm_script
++++++ my_shell=slurm_script
++++++ '[' -f /usr/share/lmod/lmod/init/slurm_script ']'
++++++ . /usr/share/lmod/lmod/init/sh
+++++++ LMOD_ROOT=/usr/share/lmod
+++++++ LMOD_PKG=/usr/share/lmod/lmod
+++++++ LMOD_DIR=/usr/share/lmod/lmod/libexec/
+++++++ LMOD_CMD=/usr/share/lmod/lmod/libexec/lmod
+++++++ MODULESHOME=/usr/share/lmod/lmod
+++++++ export LMOD_CMD
+++++++ export LMOD_PKG
+++++++ export LMOD_DIR
+++++++ export MODULESHOME
+++++++ export LMOD_DIR
++++++ unset my_shell PS_CMD EXPR_CMD BASENAME_CMD MODULEPATH_INIT
++++++ id -u
+++++ '[' 73983 -ne 0 ']'
+++++ '[' 0 -ne 0 ']'
++++++ ls /opt/modulefiles
++++++ wc -l
+++++ '[' 3 -gt 0 ']'
+++++ '[' 0 -ne 0 ']'
+++++ module load allocations
++++++ /usr/share/lmod/lmod/libexec/lmod sh load allocations
+++++ eval 'LOADEDMODULES=allocations/1.0;' export 'LOADEDMODULES;' 'MODULEPATH=/opt/modulefiles/production:/opt/modulefiles/preproduction:/opt/modulefiles/deprecated:/usr/share/modulefiles:/usr/share/modulefiles/Linux:/usr/share/modulefiles/Core:/usr/share/lmod/lmod/modulefiles/Core;' export 'MODULEPATH;' '__LMOD_REF_COUNT_PATH=/opt/packages/allocations/bin:1\;/ocean/projects/mcb180038p/jml230/amber18/bin:1\;/jet/home/dyang4/Apps/anaconda3/bin:1\;/jet/home/dyang4/Apps/anaconda3/condabin:1\;/jet/home/dyang4/.local/bin:1\;/jet/home/dyang4/bin:1\;/usr/local/bin:1\;/usr/bin:1\;/usr/local/sbin:1\;/usr/sbin:1\;/bin:1\;/opt/packages/interact/bin:1\;/opt/puppetlabs/bin:1;' export '__LMOD_REF_COUNT_PATH;' 'PATH=/opt/packages/allocations/bin:/ocean/projects/mcb180038p/jml230/amber18/bin:/jet/home/dyang4/Apps/anaconda3/bin:/jet/home/dyang4/Apps/anaconda3/condabin:/jet/home/dyang4/.local/bin:/jet/home/dyang4/bin:/usr/local/bin:/usr/bin:/usr/local/sbin:/usr/sbin:/bin:/opt/packages/interact/bin:/opt/puppetlabs/bin;' export 'PATH;' '_LMFILES_=/opt/modulefiles/production/allocations/1.0.lua;' export '_LMFILES_;' '_ModuleTable001_=X01vZHVsZVRhYmxlXz17WyJNVHZlcnNpb24iXT0zLFsiY19yZWJ1aWxkVGltZSJdPWZhbHNlLFsiY19zaG9ydFRpbWUiXT1mYWxzZSxkZXB0aFQ9e30sZmFtaWx5PXt9LG1UPXthbGxvY2F0aW9ucz17WyJmbiJdPSIvb3B0L21vZHVsZWZpbGVzL3Byb2R1Y3Rpb24vYWxsb2NhdGlvbnMvMS4wLmx1YSIsWyJmdWxsTmFtZSJdPSJhbGxvY2F0aW9ucy8xLjAiLFsibG9hZE9yZGVyIl09MSxwcm9wVD17fSxbInN0YWNrRGVwdGgiXT0wLFsic3RhdHVzIl09ImFjdGl2ZSIsWyJ1c2VyTmFtZSJdPSJhbGxvY2F0aW9ucyIsfSx9LG1wYXRoQT17Ii9vcHQvbW9kdWxlZmlsZXMvcHJvZHVjdGlvbiIsIi9vcHQvbW9kdWxlZmlsZXMvcHJlcHJvZHVjdGlvbiIsIi9vcHQvbW9kdWxlZmlsZXMv;' export '_ModuleTable001_;' '_ModuleTable002_=ZGVwcmVjYXRlZCIsIi91c3Ivc2hhcmUvbW9kdWxlZmlsZXMiLCIvdXNyL3NoYXJlL21vZHVsZWZpbGVzL0xpbnV4IiwiL3Vzci9zaGFyZS9tb2R1bGVmaWxlcy9Db3JlIiwiL3Vzci9zaGFyZS9sbW9kL2xtb2QvbW9kdWxlZmlsZXMvQ29yZSIsfSxbInN5c3RlbUJhc2VNUEFUSCJdPSIvb3B0L21vZHVsZWZpbGVzL3Byb2R1Y3Rpb246L29wdC9tb2R1bGVmaWxlcy9wcmVwcm9kdWN0aW9uOi9vcHQvbW9kdWxlZmlsZXMvZGVwcmVjYXRlZDovdXNyL3NoYXJlL21vZHVsZWZpbGVzOi91c3Ivc2hhcmUvbW9kdWxlZmlsZXMvTGludXg6L3Vzci9zaGFyZS9tb2R1bGVmaWxlcy9Db3JlOi91c3Ivc2hhcmUvbG1vZC9sbW9kL21vZHVsZWZpbGVzL0NvcmUiLH0=;' export '_ModuleTable002_;' '_ModuleTable_Sz_=2;' export '_ModuleTable_Sz_;'
++++++ LOADEDMODULES=allocations/1.0
++++++ export LOADEDMODULES
++++++ MODULEPATH=/opt/modulefiles/production:/opt/modulefiles/preproduction:/opt/modulefiles/deprecated:/usr/share/modulefiles:/usr/share/modulefiles/Linux:/usr/share/modulefiles/Core:/usr/share/lmod/lmod/modulefiles/Core
++++++ export MODULEPATH
++++++ __LMOD_REF_COUNT_PATH='/opt/packages/allocations/bin:1;/ocean/projects/mcb180038p/jml230/amber18/bin:1;/jet/home/dyang4/Apps/anaconda3/bin:1;/jet/home/dyang4/Apps/anaconda3/condabin:1;/jet/home/dyang4/.local/bin:1;/jet/home/dyang4/bin:1;/usr/local/bin:1;/usr/bin:1;/usr/local/sbin:1;/usr/sbin:1;/bin:1;/opt/packages/interact/bin:1;/opt/puppetlabs/bin:1'
++++++ export __LMOD_REF_COUNT_PATH
++++++ PATH=/opt/packages/allocations/bin:/ocean/projects/mcb180038p/jml230/amber18/bin:/jet/home/dyang4/Apps/anaconda3/bin:/jet/home/dyang4/Apps/anaconda3/condabin:/jet/home/dyang4/.local/bin:/jet/home/dyang4/bin:/usr/local/bin:/usr/bin:/usr/local/sbin:/usr/sbin:/bin:/opt/packages/interact/bin:/opt/puppetlabs/bin
++++++ export PATH
++++++ _LMFILES_=/opt/modulefiles/production/allocations/1.0.lua
++++++ export _LMFILES_
++++++ _ModuleTable001_=X01vZHVsZVRhYmxlXz17WyJNVHZlcnNpb24iXT0zLFsiY19yZWJ1aWxkVGltZSJdPWZhbHNlLFsiY19zaG9ydFRpbWUiXT1mYWxzZSxkZXB0aFQ9e30sZmFtaWx5PXt9LG1UPXthbGxvY2F0aW9ucz17WyJmbiJdPSIvb3B0L21vZHVsZWZpbGVzL3Byb2R1Y3Rpb24vYWxsb2NhdGlvbnMvMS4wLmx1YSIsWyJmdWxsTmFtZSJdPSJhbGxvY2F0aW9ucy8xLjAiLFsibG9hZE9yZGVyIl09MSxwcm9wVD17fSxbInN0YWNrRGVwdGgiXT0wLFsic3RhdHVzIl09ImFjdGl2ZSIsWyJ1c2VyTmFtZSJdPSJhbGxvY2F0aW9ucyIsfSx9LG1wYXRoQT17Ii9vcHQvbW9kdWxlZmlsZXMvcHJvZHVjdGlvbiIsIi9vcHQvbW9kdWxlZmlsZXMvcHJlcHJvZHVjdGlvbiIsIi9vcHQvbW9kdWxlZmlsZXMv
++++++ export _ModuleTable001_
++++++ _ModuleTable002_=ZGVwcmVjYXRlZCIsIi91c3Ivc2hhcmUvbW9kdWxlZmlsZXMiLCIvdXNyL3NoYXJlL21vZHVsZWZpbGVzL0xpbnV4IiwiL3Vzci9zaGFyZS9tb2R1bGVmaWxlcy9Db3JlIiwiL3Vzci9zaGFyZS9sbW9kL2xtb2QvbW9kdWxlZmlsZXMvQ29yZSIsfSxbInN5c3RlbUJhc2VNUEFUSCJdPSIvb3B0L21vZHVsZWZpbGVzL3Byb2R1Y3Rpb246L29wdC9tb2R1bGVmaWxlcy9wcmVwcm9kdWN0aW9uOi9vcHQvbW9kdWxlZmlsZXMvZGVwcmVjYXRlZDovdXNyL3NoYXJlL21vZHVsZWZpbGVzOi91c3Ivc2hhcmUvbW9kdWxlZmlsZXMvTGludXg6L3Vzci9zaGFyZS9tb2R1bGVmaWxlcy9Db3JlOi91c3Ivc2hhcmUvbG1vZC9sbW9kL21vZHVsZWZpbGVzL0NvcmUiLH0=
++++++ export _ModuleTable002_
++++++ _ModuleTable_Sz_=2
++++++ export _ModuleTable_Sz_
+++++ '[' -n 9622372 ']'
+++++ export TMOUT=1800
+++++ TMOUT=1800
+++++ export PATH=/opt/packages/allocations/bin:/ocean/projects/mcb180038p/jml230/amber18/bin:/jet/home/dyang4/Apps/anaconda3/bin:/jet/home/dyang4/Apps/anaconda3/condabin:/jet/home/dyang4/.local/bin:/jet/home/dyang4/bin:/usr/local/bin:/usr/bin:/usr/local/sbin:/usr/sbin:/bin:/opt/packages/interact/bin:/opt/puppetlabs/bin:/bin
+++++ PATH=/opt/packages/allocations/bin:/ocean/projects/mcb180038p/jml230/amber18/bin:/jet/home/dyang4/Apps/anaconda3/bin:/jet/home/dyang4/Apps/anaconda3/condabin:/jet/home/dyang4/.local/bin:/jet/home/dyang4/bin:/usr/local/bin:/usr/bin:/usr/local/sbin:/usr/sbin:/bin:/opt/packages/interact/bin:/opt/puppetlabs/bin:/bin
++++ for i in /etc/profile.d/*.sh
++++ '[' -r /etc/profile.d/50-project.sh ']'
++++ '[' '' ']'
++++ . /etc/profile.d/50-project.sh
++++++ id -gn
++++++ id -un
+++++ export PROJECT=/ocean/projects/mcb180038p/dyang4
+++++ PROJECT=/ocean/projects/mcb180038p/dyang4
++++++ id -gn
+++++ export SALLOC_ACCOUNT=mcb180038p
+++++ SALLOC_ACCOUNT=mcb180038p
++++ for i in /etc/profile.d/*.sh
++++ '[' -r /etc/profile.d/60-disable_wall.sh ']'
++++ '[' '' ']'
++++ . /etc/profile.d/60-disable_wall.sh
+++++ /usr/bin/tty -s
++++ for i in /etc/profile.d/*.sh
++++ '[' -r /etc/profile.d/90-prompt.sh ']'
++++ '[' '' ']'
++++ . /etc/profile.d/90-prompt.sh
+++++ PS1='[\u@\h \W]\$ '
++++ for i in /etc/profile.d/*.sh
++++ '[' -r /etc/profile.d/bionformatics.sh ']'
++++ '[' '[\u@\h \W]\$ ' ']'
++++ . /etc/profile.d/bionformatics.sh
+++++ alias 'bioinformatics=module keywords "Biological Sciences"'
++++ for i in /etc/profile.d/*.sh
++++ '[' -r /etc/profile.d/colorgrep.sh ']'
++++ '[' '[\u@\h \W]\$ ' ']'
++++ . /etc/profile.d/colorgrep.sh
+++++ /usr/libexec/grepconf.sh -c
+++++ alias 'grep=grep --color=auto'
+++++ alias 'egrep=egrep --color=auto'
+++++ alias 'fgrep=fgrep --color=auto'
++++ for i in /etc/profile.d/*.sh
++++ '[' -r /etc/profile.d/colorls.sh ']'
++++ '[' '[\u@\h \W]\$ ' ']'
++++ . /etc/profile.d/colorls.sh
+++++ '[' '!' -t 0 ']'
+++++ return
++++ for i in /etc/profile.d/*.sh
++++ '[' -r /etc/profile.d/colorxzgrep.sh ']'
++++ '[' '[\u@\h \W]\$ ' ']'
++++ . /etc/profile.d/colorxzgrep.sh
+++++ /usr/libexec/grepconf.sh -c
+++++ alias 'xzgrep=xzgrep --color=auto'
+++++ alias 'xzegrep=xzegrep --color=auto'
+++++ alias 'xzfgrep=xzfgrep --color=auto'
++++ for i in /etc/profile.d/*.sh
++++ '[' -r /etc/profile.d/colorzgrep.sh ']'
++++ '[' '[\u@\h \W]\$ ' ']'
++++ . /etc/profile.d/colorzgrep.sh
+++++ '[' -f /usr/libexec/grepconf.sh ']'
+++++ /usr/libexec/grepconf.sh -c
+++++ alias 'zgrep=zgrep --color=auto'
+++++ alias 'zfgrep=zfgrep --color=auto'
+++++ alias 'zegrep=zegrep --color=auto'
++++ for i in /etc/profile.d/*.sh
++++ '[' -r /etc/profile.d/gawk.sh ']'
++++ '[' '[\u@\h \W]\$ ' ']'
++++ . /etc/profile.d/gawk.sh
++++ for i in /etc/profile.d/*.sh
++++ '[' -r /etc/profile.d/interact.sh ']'
++++ '[' '[\u@\h \W]\$ ' ']'
++++ . /etc/profile.d/interact.sh
+++++ '[' -z /opt/packages/allocations/bin:/ocean/projects/mcb180038p/jml230/amber18/bin:/jet/home/dyang4/Apps/anaconda3/bin:/jet/home/dyang4/Apps/anaconda3/condabin:/jet/home/dyang4/.local/bin:/jet/home/dyang4/bin:/usr/local/bin:/usr/bin:/usr/local/sbin:/usr/sbin:/bin:/opt/packages/interact/bin:/opt/puppetlabs/bin:/bin ']'
+++++ grep -q /opt/packages/interact
+++++ echo /opt/packages/allocations/bin:/ocean/projects/mcb180038p/jml230/amber18/bin:/jet/home/dyang4/Apps/anaconda3/bin:/jet/home/dyang4/Apps/anaconda3/condabin:/jet/home/dyang4/.local/bin:/jet/home/dyang4/bin:/usr/local/bin:/usr/bin:/usr/local/sbin:/usr/sbin:/bin:/opt/packages/interact/bin:/opt/puppetlabs/bin:/bin
++++ for i in /etc/profile.d/*.sh
++++ '[' -r /etc/profile.d/lang.sh ']'
++++ '[' '[\u@\h \W]\$ ' ']'
++++ . /etc/profile.d/lang.sh
+++++ '[' -n '' ']'
+++++ for config in /etc/locale.conf "${HOME}/.i18n"
+++++ '[' -f /etc/locale.conf ']'
+++++ for config in /etc/locale.conf "${HOME}/.i18n"
+++++ '[' -f /jet/home/dyang4/.i18n ']'
+++++ '[' -n '' ']'
+++++ unset LANG_backup config
+++++ '[' -n '' ']'
+++++ '[' -n '' ']'
++++ for i in /etc/profile.d/*.sh
++++ '[' -r /etc/profile.d/less.sh ']'
++++ '[' '[\u@\h \W]\$ ' ']'
++++ . /etc/profile.d/less.sh
+++++ '[' -z '||/usr/bin/lesspipe.sh %s' ']'
++++ for i in /etc/profile.d/*.sh
++++ '[' -r /etc/profile.d/mc.sh ']'
++++ '[' '[\u@\h \W]\$ ' ']'
++++ . /etc/profile.d/mc.sh
+++++ '[' -n '4.4.19(1)-release' ']'
+++++ alias 'mc=. /usr/libexec/mc/mc-wrapper.sh'
++++ for i in /etc/profile.d/*.sh
++++ '[' -r /etc/profile.d/modules.sh ']'
++++ '[' '[\u@\h \W]\$ ' ']'
++++ . /etc/profile.d/modules.sh
+++++ . /etc/profile.d/00-modulepath.sh
++++++ '[' -z /opt/modulefiles/production:/opt/modulefiles/preproduction:/opt/modulefiles/deprecated:/usr/share/modulefiles:/usr/share/modulefiles/Linux:/usr/share/modulefiles/Core:/usr/share/lmod/lmod/modulefiles/Core ']'
++++++ :
+++++ '[' -z '' ']'
+++++ '[' -z /usr/share/modulefiles ']'
+++++ PS_CMD=/usr/bin/ps
+++++ '[' '!' -x /usr/bin/ps ']'
+++++ EXPR_CMD=/usr/bin/expr
+++++ '[' '!' -x /usr/bin/expr ']'
+++++ BASENAME_CMD=/usr/bin/basename
+++++ '[' '!' -x /usr/bin/basename ']'
++++++ /usr/bin/ps -p 97589 -ocomm=
+++++ my_shell=slurm_script
++++++ /usr/bin/expr slurm_script : '-*\(.*\)'
+++++ my_shell=slurm_script
++++++ /usr/bin/basename slurm_script
+++++ my_shell=slurm_script
+++++ '[' -f /usr/share/lmod/lmod/init/slurm_script ']'
+++++ . /usr/share/lmod/lmod/init/sh
++++++ LMOD_ROOT=/usr/share/lmod
++++++ LMOD_PKG=/usr/share/lmod/lmod
++++++ LMOD_DIR=/usr/share/lmod/lmod/libexec/
++++++ LMOD_CMD=/usr/share/lmod/lmod/libexec/lmod
++++++ MODULESHOME=/usr/share/lmod/lmod
++++++ export LMOD_CMD
++++++ export LMOD_PKG
++++++ export LMOD_DIR
++++++ export MODULESHOME
++++++ export LMOD_DIR
+++++ unset my_shell PS_CMD EXPR_CMD BASENAME_CMD MODULEPATH_INIT
++++ for i in /etc/profile.d/*.sh
++++ '[' -r /etc/profile.d/mpi-selector.sh ']'
++++ '[' '[\u@\h \W]\$ ' ']'
++++ . /etc/profile.d/mpi-selector.sh
+++++ mpi_selector_dir=/var/mpi-selector/data
+++++ mpi_selector_homefile=/jet/home/dyang4/.mpi-selector
+++++ mpi_selector_sysfile=/etc/sysconfig/mpi-selector
+++++ mpi_selection=
+++++ test -f /jet/home/dyang4/.mpi-selector
+++++ test -f /etc/sysconfig/mpi-selector
+++++ test '' '!=' '' -a -f /var/mpi-selector/data/.sh
++++ for i in /etc/profile.d/*.sh
++++ '[' -r /etc/profile.d/puppet-agent.sh ']'
++++ '[' '[\u@\h \W]\$ ' ']'
++++ . /etc/profile.d/puppet-agent.sh
+++++ '[' -z /opt/packages/allocations/bin:/ocean/projects/mcb180038p/jml230/amber18/bin:/jet/home/dyang4/Apps/anaconda3/bin:/jet/home/dyang4/Apps/anaconda3/condabin:/jet/home/dyang4/.local/bin:/jet/home/dyang4/bin:/usr/local/bin:/usr/bin:/usr/local/sbin:/usr/sbin:/bin:/opt/packages/interact/bin:/opt/puppetlabs/bin:/bin ']'
+++++ echo /opt/packages/allocations/bin:/ocean/projects/mcb180038p/jml230/amber18/bin:/jet/home/dyang4/Apps/anaconda3/bin:/jet/home/dyang4/Apps/anaconda3/condabin:/jet/home/dyang4/.local/bin:/jet/home/dyang4/bin:/usr/local/bin:/usr/bin:/usr/local/sbin:/usr/sbin:/bin:/opt/packages/interact/bin:/opt/puppetlabs/bin:/bin
+++++ grep -q /opt/puppetlabs/bin
+++++ grep -q /opt/puppetlabs/puppet/share/man
+++++ echo /usr/share/lmod/lmod/share/man::/opt/puppetlabs/puppet/share/man
++++ for i in /etc/profile.d/*.sh
++++ '[' -r /etc/profile.d/slurm.sh ']'
++++ '[' '[\u@\h \W]\$ ' ']'
++++ . /etc/profile.d/slurm.sh
+++++ export SBATCH_EXPORT=NONE
+++++ SBATCH_EXPORT=NONE
+++++ export SLURM_EXPORT_ENV=ALL
+++++ SLURM_EXPORT_ENV=ALL
++++ for i in /etc/profile.d/*.sh
++++ '[' -r /etc/profile.d/vim.sh ']'
++++ '[' '[\u@\h \W]\$ ' ']'
++++ . /etc/profile.d/vim.sh
+++++ '[' -n '4.4.19(1)-release' -o -n '' -o -n '' ']'
++++++ /usr/bin/id -u
+++++ '[' 73983 -le 200 ']'
+++++ alias vi
+++++ alias vi=vim
++++ for i in /etc/profile.d/*.sh
++++ '[' -r /etc/profile.d/which2.sh ']'
++++ '[' '[\u@\h \W]\$ ' ']'
++++ . /etc/profile.d/which2.sh
+++++ '[' /var/spool/slurm/d/job9622372/slurm_script = ksh ']'
+++++ '[' /var/spool/slurm/d/job9622372/slurm_script = -ksh ']'
+++++ alias 'which=(alias; declare -f) | /usr/bin/which --tty-only --read-alias --read-functions --show-tilde --show-dot'
++++ for i in /etc/profile.d/*.sh
++++ '[' -r /etc/profile.d/z00_lmod.sh ']'
++++ '[' '[\u@\h \W]\$ ' ']'
++++ . /etc/profile.d/z00_lmod.sh
+++++ . /etc/profile.d/00-modulepath.sh
++++++ '[' -z /opt/modulefiles/production:/opt/modulefiles/preproduction:/opt/modulefiles/deprecated:/usr/share/modulefiles:/usr/share/modulefiles/Linux:/usr/share/modulefiles/Core:/usr/share/lmod/lmod/modulefiles/Core ']'
++++++ :
+++++ '[' -z '' ']'
+++++ '[' -z /usr/share/modulefiles ']'
+++++ PS_CMD=/usr/bin/ps
+++++ '[' '!' -x /usr/bin/ps ']'
+++++ EXPR_CMD=/usr/bin/expr
+++++ '[' '!' -x /usr/bin/expr ']'
+++++ BASENAME_CMD=/usr/bin/basename
+++++ '[' '!' -x /usr/bin/basename ']'
++++++ /usr/bin/ps -p 97589 -ocomm=
+++++ my_shell=slurm_script
++++++ /usr/bin/expr slurm_script : '-*\(.*\)'
+++++ my_shell=slurm_script
++++++ /usr/bin/basename slurm_script
+++++ my_shell=slurm_script
+++++ '[' -f /usr/share/lmod/lmod/init/slurm_script ']'
+++++ . /usr/share/lmod/lmod/init/sh
++++++ LMOD_ROOT=/usr/share/lmod
++++++ LMOD_PKG=/usr/share/lmod/lmod
++++++ LMOD_DIR=/usr/share/lmod/lmod/libexec/
++++++ LMOD_CMD=/usr/share/lmod/lmod/libexec/lmod
++++++ MODULESHOME=/usr/share/lmod/lmod
++++++ export LMOD_CMD
++++++ export LMOD_PKG
++++++ export LMOD_DIR
++++++ export MODULESHOME
++++++ export LMOD_DIR
+++++ unset my_shell PS_CMD EXPR_CMD BASENAME_CMD MODULEPATH_INIT
++++ unset i
++++ unset -f pathmunge
+++ PATH=/jet/home/dyang4/.local/bin:/jet/home/dyang4/bin:/opt/packages/allocations/bin:/ocean/projects/mcb180038p/jml230/amber18/bin:/jet/home/dyang4/Apps/anaconda3/bin:/jet/home/dyang4/Apps/anaconda3/condabin:/jet/home/dyang4/.local/bin:/jet/home/dyang4/bin:/usr/local/bin:/usr/bin:/usr/local/sbin:/usr/sbin:/bin:/opt/packages/interact/bin:/opt/puppetlabs/bin:/bin
+++ export PATH
++++ /jet/home/dyang4/Apps/anaconda3/bin/conda shell.bash hook
+++ __conda_setup='export CONDA_EXE='\''/jet/home/dyang4/Apps/anaconda3/bin/conda'\''
export _CE_M='\'''\''
export _CE_CONDA='\'''\''
export CONDA_PYTHON_EXE='\''/jet/home/dyang4/Apps/anaconda3/bin/python'\''

# Copyright (C) 2012 Anaconda, Inc
# SPDX-License-Identifier: BSD-3-Clause

__add_sys_prefix_to_path() {
    # In dev-mode CONDA_EXE is python.exe and on Windows
    # it is in a different relative location to condabin.
    if [ -n "${_CE_CONDA}" ] && [ -n "${WINDIR+x}" ]; then
        SYSP=$(\dirname "${CONDA_EXE}")
    else
        SYSP=$(\dirname "${CONDA_EXE}")
        SYSP=$(\dirname "${SYSP}")
    fi

    if [ -n "${WINDIR+x}" ]; then
        PATH="${SYSP}/bin:${PATH}"
        PATH="${SYSP}/Scripts:${PATH}"
        PATH="${SYSP}/Library/bin:${PATH}"
        PATH="${SYSP}/Library/usr/bin:${PATH}"
        PATH="${SYSP}/Library/mingw-w64/bin:${PATH}"
        PATH="${SYSP}:${PATH}"
    else
        PATH="${SYSP}/bin:${PATH}"
    fi
    \export PATH
}

__conda_exe() (
    __add_sys_prefix_to_path
    "$CONDA_EXE" $_CE_M $_CE_CONDA "$@"
)

__conda_hashr() {
    if [ -n "${ZSH_VERSION:+x}" ]; then
        \rehash
    elif [ -n "${POSH_VERSION:+x}" ]; then
        :  # pass
    else
        \hash -r
    fi
}

__conda_activate() {
    if [ -n "${CONDA_PS1_BACKUP:+x}" ]; then
        # Handle transition from shell activated with conda <= 4.3 to a subsequent activation
        # after conda updated to >= 4.4. See issue #6173.
        PS1="$CONDA_PS1_BACKUP"
        \unset CONDA_PS1_BACKUP
    fi
    \local ask_conda
    ask_conda="$(PS1="${PS1:-}" __conda_exe shell.posix "$@")" || \return
    \eval "$ask_conda"
    __conda_hashr
}

__conda_reactivate() {
    \local ask_conda
    ask_conda="$(PS1="${PS1:-}" __conda_exe shell.posix reactivate)" || \return
    \eval "$ask_conda"
    __conda_hashr
}

conda() {
    \local cmd="${1-__missing__}"
    case "$cmd" in
        activate|deactivate)
            __conda_activate "$@"
            ;;
        install|update|upgrade|remove|uninstall)
            __conda_exe "$@" || \return
            __conda_reactivate
            ;;
        *)
            __conda_exe "$@"
            ;;
    esac
}

if [ -z "${CONDA_SHLVL+x}" ]; then
    \export CONDA_SHLVL=0
    # In dev-mode CONDA_EXE is python.exe and on Windows
    # it is in a different relative location to condabin.
    if [ -n "${_CE_CONDA:+x}" ] && [ -n "${WINDIR+x}" ]; then
        PATH="$(\dirname "$CONDA_EXE")/condabin${PATH:+":${PATH}"}"
    else
        PATH="$(\dirname "$(\dirname "$CONDA_EXE")")/condabin${PATH:+":${PATH}"}"
    fi
    \export PATH

    # We'\''re not allowing PS1 to be unbound. It must at least be set.
    # However, we'\''re not exporting it, which can cause problems when starting a second shell
    # via a first shell (i.e. starting zsh from bash).
    if [ -z "${PS1+x}" ]; then
        PS1=
    fi
fi

conda activate base'
+++ '[' 0 -eq 0 ']'
+++ eval 'export CONDA_EXE='\''/jet/home/dyang4/Apps/anaconda3/bin/conda'\''
export _CE_M='\'''\''
export _CE_CONDA='\'''\''
export CONDA_PYTHON_EXE='\''/jet/home/dyang4/Apps/anaconda3/bin/python'\''

# Copyright (C) 2012 Anaconda, Inc
# SPDX-License-Identifier: BSD-3-Clause

__add_sys_prefix_to_path() {
    # In dev-mode CONDA_EXE is python.exe and on Windows
    # it is in a different relative location to condabin.
    if [ -n "${_CE_CONDA}" ] && [ -n "${WINDIR+x}" ]; then
        SYSP=$(\dirname "${CONDA_EXE}")
    else
        SYSP=$(\dirname "${CONDA_EXE}")
        SYSP=$(\dirname "${SYSP}")
    fi

    if [ -n "${WINDIR+x}" ]; then
        PATH="${SYSP}/bin:${PATH}"
        PATH="${SYSP}/Scripts:${PATH}"
        PATH="${SYSP}/Library/bin:${PATH}"
        PATH="${SYSP}/Library/usr/bin:${PATH}"
        PATH="${SYSP}/Library/mingw-w64/bin:${PATH}"
        PATH="${SYSP}:${PATH}"
    else
        PATH="${SYSP}/bin:${PATH}"
    fi
    \export PATH
}

__conda_exe() (
    __add_sys_prefix_to_path
    "$CONDA_EXE" $_CE_M $_CE_CONDA "$@"
)

__conda_hashr() {
    if [ -n "${ZSH_VERSION:+x}" ]; then
        \rehash
    elif [ -n "${POSH_VERSION:+x}" ]; then
        :  # pass
    else
        \hash -r
    fi
}

__conda_activate() {
    if [ -n "${CONDA_PS1_BACKUP:+x}" ]; then
        # Handle transition from shell activated with conda <= 4.3 to a subsequent activation
        # after conda updated to >= 4.4. See issue #6173.
        PS1="$CONDA_PS1_BACKUP"
        \unset CONDA_PS1_BACKUP
    fi
    \local ask_conda
    ask_conda="$(PS1="${PS1:-}" __conda_exe shell.posix "$@")" || \return
    \eval "$ask_conda"
    __conda_hashr
}

__conda_reactivate() {
    \local ask_conda
    ask_conda="$(PS1="${PS1:-}" __conda_exe shell.posix reactivate)" || \return
    \eval "$ask_conda"
    __conda_hashr
}

conda() {
    \local cmd="${1-__missing__}"
    case "$cmd" in
        activate|deactivate)
            __conda_activate "$@"
            ;;
        install|update|upgrade|remove|uninstall)
            __conda_exe "$@" || \return
            __conda_reactivate
            ;;
        *)
            __conda_exe "$@"
            ;;
    esac
}

if [ -z "${CONDA_SHLVL+x}" ]; then
    \export CONDA_SHLVL=0
    # In dev-mode CONDA_EXE is python.exe and on Windows
    # it is in a different relative location to condabin.
    if [ -n "${_CE_CONDA:+x}" ] && [ -n "${WINDIR+x}" ]; then
        PATH="$(\dirname "$CONDA_EXE")/condabin${PATH:+":${PATH}"}"
    else
        PATH="$(\dirname "$(\dirname "$CONDA_EXE")")/condabin${PATH:+":${PATH}"}"
    fi
    \export PATH

    # We'\''re not allowing PS1 to be unbound. It must at least be set.
    # However, we'\''re not exporting it, which can cause problems when starting a second shell
    # via a first shell (i.e. starting zsh from bash).
    if [ -z "${PS1+x}" ]; then
        PS1=
    fi
fi

conda activate base'
++++ export CONDA_EXE=/jet/home/dyang4/Apps/anaconda3/bin/conda
++++ CONDA_EXE=/jet/home/dyang4/Apps/anaconda3/bin/conda
++++ export _CE_M=
++++ _CE_M=
++++ export _CE_CONDA=
++++ _CE_CONDA=
++++ export CONDA_PYTHON_EXE=/jet/home/dyang4/Apps/anaconda3/bin/python
++++ CONDA_PYTHON_EXE=/jet/home/dyang4/Apps/anaconda3/bin/python
++++ '[' -z x ']'
++++ conda activate base
++++ local cmd=activate
++++ case "$cmd" in
++++ __conda_activate activate base
++++ '[' -n '' ']'
++++ local ask_conda
+++++ PS1='[\u@\h \W]\$ '
+++++ __conda_exe shell.posix activate base
+++++ __add_sys_prefix_to_path
+++++ '[' -n '' ']'
++++++ dirname /jet/home/dyang4/Apps/anaconda3/bin/conda
+++++ SYSP=/jet/home/dyang4/Apps/anaconda3/bin
++++++ dirname /jet/home/dyang4/Apps/anaconda3/bin
+++++ SYSP=/jet/home/dyang4/Apps/anaconda3
+++++ '[' -n '' ']'
+++++ PATH=/jet/home/dyang4/Apps/anaconda3/bin:/jet/home/dyang4/.local/bin:/jet/home/dyang4/bin:/opt/packages/allocations/bin:/ocean/projects/mcb180038p/jml230/amber18/bin:/jet/home/dyang4/Apps/anaconda3/bin:/jet/home/dyang4/Apps/anaconda3/condabin:/jet/home/dyang4/.local/bin:/jet/home/dyang4/bin:/usr/local/bin:/usr/bin:/usr/local/sbin:/usr/sbin:/bin:/opt/packages/interact/bin:/opt/puppetlabs/bin:/bin
+++++ export PATH
+++++ /jet/home/dyang4/Apps/anaconda3/bin/conda shell.posix activate base
++++ ask_conda='PS1='\''(base) [\u@\h \W]\$ '\''
export PATH='\''/jet/home/dyang4/.local/bin:/jet/home/dyang4/bin:/opt/packages/allocations/bin:/ocean/projects/mcb180038p/jml230/amber18/bin:/jet/home/dyang4/Apps/anaconda3/bin:/jet/home/dyang4/Apps/anaconda3/condabin:/jet/home/dyang4/.local/bin:/jet/home/dyang4/bin:/usr/local/bin:/usr/bin:/usr/local/sbin:/usr/sbin:/bin:/opt/packages/interact/bin:/opt/puppetlabs/bin:/bin'\''
export CONDA_SHLVL='\''1'\''
export CONDA_PROMPT_MODIFIER='\''(base) '\'''
++++ eval 'PS1='\''(base) [\u@\h \W]\$ '\''
export PATH='\''/jet/home/dyang4/.local/bin:/jet/home/dyang4/bin:/opt/packages/allocations/bin:/ocean/projects/mcb180038p/jml230/amber18/bin:/jet/home/dyang4/Apps/anaconda3/bin:/jet/home/dyang4/Apps/anaconda3/condabin:/jet/home/dyang4/.local/bin:/jet/home/dyang4/bin:/usr/local/bin:/usr/bin:/usr/local/sbin:/usr/sbin:/bin:/opt/packages/interact/bin:/opt/puppetlabs/bin:/bin'\''
export CONDA_SHLVL='\''1'\''
export CONDA_PROMPT_MODIFIER='\''(base) '\'''
+++++ PS1='(base) [\u@\h \W]\$ '
+++++ export PATH=/jet/home/dyang4/.local/bin:/jet/home/dyang4/bin:/opt/packages/allocations/bin:/ocean/projects/mcb180038p/jml230/amber18/bin:/jet/home/dyang4/Apps/anaconda3/bin:/jet/home/dyang4/Apps/anaconda3/condabin:/jet/home/dyang4/.local/bin:/jet/home/dyang4/bin:/usr/local/bin:/usr/bin:/usr/local/sbin:/usr/sbin:/bin:/opt/packages/interact/bin:/opt/puppetlabs/bin:/bin
+++++ PATH=/jet/home/dyang4/.local/bin:/jet/home/dyang4/bin:/opt/packages/allocations/bin:/ocean/projects/mcb180038p/jml230/amber18/bin:/jet/home/dyang4/Apps/anaconda3/bin:/jet/home/dyang4/Apps/anaconda3/condabin:/jet/home/dyang4/.local/bin:/jet/home/dyang4/bin:/usr/local/bin:/usr/bin:/usr/local/sbin:/usr/sbin:/bin:/opt/packages/interact/bin:/opt/puppetlabs/bin:/bin
+++++ export CONDA_SHLVL=1
+++++ CONDA_SHLVL=1
+++++ export 'CONDA_PROMPT_MODIFIER=(base) '
+++++ CONDA_PROMPT_MODIFIER='(base) '
++++ __conda_hashr
++++ '[' -n '' ']'
++++ '[' -n '' ']'
++++ hash -r
+++ unset __conda_setup
+++ export AMBERHOME=/ocean/projects/mcb180038p/jml230/amber18
+++ AMBERHOME=/ocean/projects/mcb180038p/jml230/amber18
+++ test -f /ocean/projects/mcb180038p/jml230/amber18/amber.sh
+++ source /ocean/projects/mcb180038p/jml230/amber18/amber.sh
++++ export AMBER_PREFIX=/ocean/projects/mcb180038p/jml230/amber18
++++ AMBER_PREFIX=/ocean/projects/mcb180038p/jml230/amber18
++++ export AMBERHOME=/ocean/projects/mcb180038p/jml230/amber18
++++ AMBERHOME=/ocean/projects/mcb180038p/jml230/amber18
++++ export PATH=/ocean/projects/mcb180038p/jml230/amber18/bin:/jet/home/dyang4/.local/bin:/jet/home/dyang4/bin:/opt/packages/allocations/bin:/ocean/projects/mcb180038p/jml230/amber18/bin:/jet/home/dyang4/Apps/anaconda3/bin:/jet/home/dyang4/Apps/anaconda3/condabin:/jet/home/dyang4/.local/bin:/jet/home/dyang4/bin:/usr/local/bin:/usr/bin:/usr/local/sbin:/usr/sbin:/bin:/opt/packages/interact/bin:/opt/puppetlabs/bin:/bin
++++ PATH=/ocean/projects/mcb180038p/jml230/amber18/bin:/jet/home/dyang4/.local/bin:/jet/home/dyang4/bin:/opt/packages/allocations/bin:/ocean/projects/mcb180038p/jml230/amber18/bin:/jet/home/dyang4/Apps/anaconda3/bin:/jet/home/dyang4/Apps/anaconda3/condabin:/jet/home/dyang4/.local/bin:/jet/home/dyang4/bin:/usr/local/bin:/usr/bin:/usr/local/sbin:/usr/sbin:/bin:/opt/packages/interact/bin:/opt/puppetlabs/bin:/bin
++++ '[' -z /ocean/projects/mcb180038p/jml230/amber18/lib/python2.7/site-packages ']'
++++ export PYTHONPATH=/ocean/projects/mcb180038p/jml230/amber18/lib/python2.7/site-packages:/ocean/projects/mcb180038p/jml230/amber18/lib/python2.7/site-packages
++++ PYTHONPATH=/ocean/projects/mcb180038p/jml230/amber18/lib/python2.7/site-packages:/ocean/projects/mcb180038p/jml230/amber18/lib/python2.7/site-packages
++++ '[' -z /ocean/projects/mcb180038p/jml230/amber18/lib ']'
++++ export LD_LIBRARY_PATH=/ocean/projects/mcb180038p/jml230/amber18/lib:/ocean/projects/mcb180038p/jml230/amber18/lib
++++ LD_LIBRARY_PATH=/ocean/projects/mcb180038p/jml230/amber18/lib:/ocean/projects/mcb180038p/jml230/amber18/lib
+++ alias 'qu=squeue -u dyang4'
+++ alias 'qstart=squeue -u dyang4 --start'
++ conda activate base
++ local cmd=activate
++ case "$cmd" in
++ __conda_activate activate base
++ '[' -n '' ']'
++ local ask_conda
+++ PS1='(base) [\u@\h \W]\$ '
+++ __conda_exe shell.posix activate base
+++ __add_sys_prefix_to_path
+++ '[' -n '' ']'
++++ dirname /jet/home/dyang4/Apps/anaconda3/bin/conda
+++ SYSP=/jet/home/dyang4/Apps/anaconda3/bin
++++ dirname /jet/home/dyang4/Apps/anaconda3/bin
+++ SYSP=/jet/home/dyang4/Apps/anaconda3
+++ '[' -n '' ']'
+++ PATH=/jet/home/dyang4/Apps/anaconda3/bin:/ocean/projects/mcb180038p/jml230/amber18/bin:/jet/home/dyang4/.local/bin:/jet/home/dyang4/bin:/opt/packages/allocations/bin:/ocean/projects/mcb180038p/jml230/amber18/bin:/jet/home/dyang4/Apps/anaconda3/bin:/jet/home/dyang4/Apps/anaconda3/condabin:/jet/home/dyang4/.local/bin:/jet/home/dyang4/bin:/usr/local/bin:/usr/bin:/usr/local/sbin:/usr/sbin:/bin:/opt/packages/interact/bin:/opt/puppetlabs/bin:/bin
+++ export PATH
+++ /jet/home/dyang4/Apps/anaconda3/bin/conda shell.posix activate base
++ ask_conda='PS1='\''(base) [\u@\h \W]\$ '\''
export PATH='\''/ocean/projects/mcb180038p/jml230/amber18/bin:/jet/home/dyang4/.local/bin:/jet/home/dyang4/bin:/opt/packages/allocations/bin:/ocean/projects/mcb180038p/jml230/amber18/bin:/jet/home/dyang4/Apps/anaconda3/bin:/jet/home/dyang4/Apps/anaconda3/condabin:/jet/home/dyang4/.local/bin:/jet/home/dyang4/bin:/usr/local/bin:/usr/bin:/usr/local/sbin:/usr/sbin:/bin:/opt/packages/interact/bin:/opt/puppetlabs/bin:/bin'\''
export CONDA_SHLVL='\''1'\''
export CONDA_PROMPT_MODIFIER='\''(base) '\'''
++ eval 'PS1='\''(base) [\u@\h \W]\$ '\''
export PATH='\''/ocean/projects/mcb180038p/jml230/amber18/bin:/jet/home/dyang4/.local/bin:/jet/home/dyang4/bin:/opt/packages/allocations/bin:/ocean/projects/mcb180038p/jml230/amber18/bin:/jet/home/dyang4/Apps/anaconda3/bin:/jet/home/dyang4/Apps/anaconda3/condabin:/jet/home/dyang4/.local/bin:/jet/home/dyang4/bin:/usr/local/bin:/usr/bin:/usr/local/sbin:/usr/sbin:/bin:/opt/packages/interact/bin:/opt/puppetlabs/bin:/bin'\''
export CONDA_SHLVL='\''1'\''
export CONDA_PROMPT_MODIFIER='\''(base) '\'''
+++ PS1='(base) [\u@\h \W]\$ '
+++ export PATH=/ocean/projects/mcb180038p/jml230/amber18/bin:/jet/home/dyang4/.local/bin:/jet/home/dyang4/bin:/opt/packages/allocations/bin:/ocean/projects/mcb180038p/jml230/amber18/bin:/jet/home/dyang4/Apps/anaconda3/bin:/jet/home/dyang4/Apps/anaconda3/condabin:/jet/home/dyang4/.local/bin:/jet/home/dyang4/bin:/usr/local/bin:/usr/bin:/usr/local/sbin:/usr/sbin:/bin:/opt/packages/interact/bin:/opt/puppetlabs/bin:/bin
+++ PATH=/ocean/projects/mcb180038p/jml230/amber18/bin:/jet/home/dyang4/.local/bin:/jet/home/dyang4/bin:/opt/packages/allocations/bin:/ocean/projects/mcb180038p/jml230/amber18/bin:/jet/home/dyang4/Apps/anaconda3/bin:/jet/home/dyang4/Apps/anaconda3/condabin:/jet/home/dyang4/.local/bin:/jet/home/dyang4/bin:/usr/local/bin:/usr/bin:/usr/local/sbin:/usr/sbin:/bin:/opt/packages/interact/bin:/opt/puppetlabs/bin:/bin
+++ export CONDA_SHLVL=1
+++ CONDA_SHLVL=1
+++ export 'CONDA_PROMPT_MODIFIER=(base) '
+++ CONDA_PROMPT_MODIFIER='(base) '
++ __conda_hashr
++ '[' -n '' ']'
++ '[' -n '' ']'
++ hash -r
++ module load cuda/10.2.0
+++ /usr/share/lmod/lmod/libexec/lmod sh load cuda/10.2.0
++ eval '__LMOD_REF_COUNT_CMAKE_PREFIX_PATH=/jet/packages/spack/opt/spack/linux-centos8-zen/gcc-8.3.1/cuda-10.2.89-kz7u4ix6ed53nioz4ycqin3kujcim3bs:1;' export '__LMOD_REF_COUNT_CMAKE_PREFIX_PATH;' 'CMAKE_PREFIX_PATH=/jet/packages/spack/opt/spack/linux-centos8-zen/gcc-8.3.1/cuda-10.2.89-kz7u4ix6ed53nioz4ycqin3kujcim3bs;' export 'CMAKE_PREFIX_PATH;' '__LMOD_REF_COUNT_CPLUS_INCLUDE_PATH=/jet/packages/spack/opt/spack/linux-centos8-zen/gcc-8.3.1/cuda-10.2.89-kz7u4ix6ed53nioz4ycqin3kujcim3bs/include:1;' export '__LMOD_REF_COUNT_CPLUS_INCLUDE_PATH;' 'CPLUS_INCLUDE_PATH=/jet/packages/spack/opt/spack/linux-centos8-zen/gcc-8.3.1/cuda-10.2.89-kz7u4ix6ed53nioz4ycqin3kujcim3bs/include;' export 'CPLUS_INCLUDE_PATH;' 'CUDA_HOME=/jet/packages/spack/opt/spack/linux-centos8-zen/gcc-8.3.1/cuda-10.2.89-kz7u4ix6ed53nioz4ycqin3kujcim3bs;' export 'CUDA_HOME;' '__LMOD_REF_COUNT_C_INCLUDE_PATH=/jet/packages/spack/opt/spack/linux-centos8-zen/gcc-8.3.1/cuda-10.2.89-kz7u4ix6ed53nioz4ycqin3kujcim3bs/include:1;' export '__LMOD_REF_COUNT_C_INCLUDE_PATH;' 'C_INCLUDE_PATH=/jet/packages/spack/opt/spack/linux-centos8-zen/gcc-8.3.1/cuda-10.2.89-kz7u4ix6ed53nioz4ycqin3kujcim3bs/include;' export 'C_INCLUDE_PATH;' '__LMOD_REF_COUNT_INCLUDE=/jet/packages/spack/opt/spack/linux-centos8-zen/gcc-8.3.1/cuda-10.2.89-kz7u4ix6ed53nioz4ycqin3kujcim3bs/include:1;' export '__LMOD_REF_COUNT_INCLUDE;' 'INCLUDE=/jet/packages/spack/opt/spack/linux-centos8-zen/gcc-8.3.1/cuda-10.2.89-kz7u4ix6ed53nioz4ycqin3kujcim3bs/include;' export 'INCLUDE;' '__LMOD_REF_COUNT_LD_LIBRARY_PATH=/jet/packages/spack/opt/spack/linux-centos8-zen/gcc-8.3.1/cuda-10.2.89-kz7u4ix6ed53nioz4ycqin3kujcim3bs/lib64:1\;/ocean/projects/mcb180038p/jml230/amber18/lib:2;' export '__LMOD_REF_COUNT_LD_LIBRARY_PATH;' 'LD_LIBRARY_PATH=/jet/packages/spack/opt/spack/linux-centos8-zen/gcc-8.3.1/cuda-10.2.89-kz7u4ix6ed53nioz4ycqin3kujcim3bs/lib64:/ocean/projects/mcb180038p/jml230/amber18/lib;' export 'LD_LIBRARY_PATH;' '__LMOD_REF_COUNT_LIBRARY_PATH=/jet/packages/spack/opt/spack/linux-centos8-zen/gcc-8.3.1/cuda-10.2.89-kz7u4ix6ed53nioz4ycqin3kujcim3bs/lib64:1;' export '__LMOD_REF_COUNT_LIBRARY_PATH;' 'LIBRARY_PATH=/jet/packages/spack/opt/spack/linux-centos8-zen/gcc-8.3.1/cuda-10.2.89-kz7u4ix6ed53nioz4ycqin3kujcim3bs/lib64;' export 'LIBRARY_PATH;' '__LMOD_REF_COUNT_LOADEDMODULES=allocations/1.0:1\;cuda/10.2.0:1;' export '__LMOD_REF_COUNT_LOADEDMODULES;' 'LOADEDMODULES=allocations/1.0:cuda/10.2.0;' export 'LOADEDMODULES;' 'MODULEPATH=/opt/modulefiles/production:/opt/modulefiles/preproduction:/opt/modulefiles/deprecated:/usr/share/modulefiles:/usr/share/modulefiles/Linux:/usr/share/modulefiles/Core:/usr/share/lmod/lmod/modulefiles/Core;' export 'MODULEPATH;' '__LMOD_REF_COUNT_PATH=/jet/packages/spack/opt/spack/linux-centos8-zen/gcc-8.3.1/cuda-10.2.89-kz7u4ix6ed53nioz4ycqin3kujcim3bs/bin:1\;/ocean/projects/mcb180038p/jml230/amber18/bin:2\;/jet/home/dyang4/.local/bin:2\;/jet/home/dyang4/bin:2\;/opt/packages/allocations/bin:1\;/jet/home/dyang4/Apps/anaconda3/bin:1\;/jet/home/dyang4/Apps/anaconda3/condabin:1\;/usr/local/bin:1\;/usr/bin:1\;/usr/local/sbin:1\;/usr/sbin:1\;/bin:2\;/opt/packages/interact/bin:1\;/opt/puppetlabs/bin:1;' export '__LMOD_REF_COUNT_PATH;' 'PATH=/jet/packages/spack/opt/spack/linux-centos8-zen/gcc-8.3.1/cuda-10.2.89-kz7u4ix6ed53nioz4ycqin3kujcim3bs/bin:/ocean/projects/mcb180038p/jml230/amber18/bin:/jet/home/dyang4/.local/bin:/jet/home/dyang4/bin:/opt/packages/allocations/bin:/jet/home/dyang4/Apps/anaconda3/bin:/jet/home/dyang4/Apps/anaconda3/condabin:/usr/local/bin:/usr/bin:/usr/local/sbin:/usr/sbin:/bin:/opt/packages/interact/bin:/opt/puppetlabs/bin;' export 'PATH;' '__LMOD_REF_COUNT__LMFILES_=/opt/modulefiles/production/allocations/1.0.lua:1\;/opt/modulefiles/production/cuda/10.2.0.lua:1;' export '__LMOD_REF_COUNT__LMFILES_;' '_LMFILES_=/opt/modulefiles/production/allocations/1.0.lua:/opt/modulefiles/production/cuda/10.2.0.lua;' export '_LMFILES_;' '_ModuleTable001_=X01vZHVsZVRhYmxlXz17WyJNVHZlcnNpb24iXT0zLFsiY19yZWJ1aWxkVGltZSJdPWZhbHNlLFsiY19zaG9ydFRpbWUiXT1mYWxzZSxkZXB0aFQ9e30sZmFtaWx5PXt9LG1UPXthbGxvY2F0aW9ucz17WyJmbiJdPSIvb3B0L21vZHVsZWZpbGVzL3Byb2R1Y3Rpb24vYWxsb2NhdGlvbnMvMS4wLmx1YSIsWyJmdWxsTmFtZSJdPSJhbGxvY2F0aW9ucy8xLjAiLFsibG9hZE9yZGVyIl09MSxwcm9wVD17fSxbInN0YWNrRGVwdGgiXT0wLFsic3RhdHVzIl09ImFjdGl2ZSIsWyJ1c2VyTmFtZSJdPSJhbGxvY2F0aW9ucyIsfSxjdWRhPXtbImZuIl09Ii9vcHQvbW9kdWxlZmlsZXMvcHJvZHVjdGlvbi9jdWRhLzEwLjIuMC5sdWEiLFsiZnVsbE5hbWUiXT0iY3VkYS8xMC4yLjAiLFsibG9h;' export '_ModuleTable001_;' '_ModuleTable002_=ZE9yZGVyIl09Mixwcm9wVD17fSxbInN0YWNrRGVwdGgiXT0wLFsic3RhdHVzIl09ImFjdGl2ZSIsWyJ1c2VyTmFtZSJdPSJjdWRhLzEwLjIuMCIsfSx9LG1wYXRoQT17Ii9vcHQvbW9kdWxlZmlsZXMvcHJvZHVjdGlvbiIsIi9vcHQvbW9kdWxlZmlsZXMvcHJlcHJvZHVjdGlvbiIsIi9vcHQvbW9kdWxlZmlsZXMvZGVwcmVjYXRlZCIsIi91c3Ivc2hhcmUvbW9kdWxlZmlsZXMiLCIvdXNyL3NoYXJlL21vZHVsZWZpbGVzL0xpbnV4IiwiL3Vzci9zaGFyZS9tb2R1bGVmaWxlcy9Db3JlIiwiL3Vzci9zaGFyZS9sbW9kL2xtb2QvbW9kdWxlZmlsZXMvQ29yZSIsfSxbInN5c3RlbUJhc2VNUEFUSCJdPSIvb3B0L21vZHVsZWZpbGVzL3Byb2R1Y3Rpb246L29wdC9tb2R1bGVmaWxlcy9w;' export '_ModuleTable002_;' '_ModuleTable003_=cmVwcm9kdWN0aW9uOi9vcHQvbW9kdWxlZmlsZXMvZGVwcmVjYXRlZDovdXNyL3NoYXJlL21vZHVsZWZpbGVzOi91c3Ivc2hhcmUvbW9kdWxlZmlsZXMvTGludXg6L3Vzci9zaGFyZS9tb2R1bGVmaWxlcy9Db3JlOi91c3Ivc2hhcmUvbG1vZC9sbW9kL21vZHVsZWZpbGVzL0NvcmUiLH0=;' export '_ModuleTable003_;' '_ModuleTable_Sz_=3;' export '_ModuleTable_Sz_;'
+++ __LMOD_REF_COUNT_CMAKE_PREFIX_PATH=/jet/packages/spack/opt/spack/linux-centos8-zen/gcc-8.3.1/cuda-10.2.89-kz7u4ix6ed53nioz4ycqin3kujcim3bs:1
+++ export __LMOD_REF_COUNT_CMAKE_PREFIX_PATH
+++ CMAKE_PREFIX_PATH=/jet/packages/spack/opt/spack/linux-centos8-zen/gcc-8.3.1/cuda-10.2.89-kz7u4ix6ed53nioz4ycqin3kujcim3bs
+++ export CMAKE_PREFIX_PATH
+++ __LMOD_REF_COUNT_CPLUS_INCLUDE_PATH=/jet/packages/spack/opt/spack/linux-centos8-zen/gcc-8.3.1/cuda-10.2.89-kz7u4ix6ed53nioz4ycqin3kujcim3bs/include:1
+++ export __LMOD_REF_COUNT_CPLUS_INCLUDE_PATH
+++ CPLUS_INCLUDE_PATH=/jet/packages/spack/opt/spack/linux-centos8-zen/gcc-8.3.1/cuda-10.2.89-kz7u4ix6ed53nioz4ycqin3kujcim3bs/include
+++ export CPLUS_INCLUDE_PATH
+++ CUDA_HOME=/jet/packages/spack/opt/spack/linux-centos8-zen/gcc-8.3.1/cuda-10.2.89-kz7u4ix6ed53nioz4ycqin3kujcim3bs
+++ export CUDA_HOME
+++ __LMOD_REF_COUNT_C_INCLUDE_PATH=/jet/packages/spack/opt/spack/linux-centos8-zen/gcc-8.3.1/cuda-10.2.89-kz7u4ix6ed53nioz4ycqin3kujcim3bs/include:1
+++ export __LMOD_REF_COUNT_C_INCLUDE_PATH
+++ C_INCLUDE_PATH=/jet/packages/spack/opt/spack/linux-centos8-zen/gcc-8.3.1/cuda-10.2.89-kz7u4ix6ed53nioz4ycqin3kujcim3bs/include
+++ export C_INCLUDE_PATH
+++ __LMOD_REF_COUNT_INCLUDE=/jet/packages/spack/opt/spack/linux-centos8-zen/gcc-8.3.1/cuda-10.2.89-kz7u4ix6ed53nioz4ycqin3kujcim3bs/include:1
+++ export __LMOD_REF_COUNT_INCLUDE
+++ INCLUDE=/jet/packages/spack/opt/spack/linux-centos8-zen/gcc-8.3.1/cuda-10.2.89-kz7u4ix6ed53nioz4ycqin3kujcim3bs/include
+++ export INCLUDE
+++ __LMOD_REF_COUNT_LD_LIBRARY_PATH='/jet/packages/spack/opt/spack/linux-centos8-zen/gcc-8.3.1/cuda-10.2.89-kz7u4ix6ed53nioz4ycqin3kujcim3bs/lib64:1;/ocean/projects/mcb180038p/jml230/amber18/lib:2'
+++ export __LMOD_REF_COUNT_LD_LIBRARY_PATH
+++ LD_LIBRARY_PATH=/jet/packages/spack/opt/spack/linux-centos8-zen/gcc-8.3.1/cuda-10.2.89-kz7u4ix6ed53nioz4ycqin3kujcim3bs/lib64:/ocean/projects/mcb180038p/jml230/amber18/lib
+++ export LD_LIBRARY_PATH
+++ __LMOD_REF_COUNT_LIBRARY_PATH=/jet/packages/spack/opt/spack/linux-centos8-zen/gcc-8.3.1/cuda-10.2.89-kz7u4ix6ed53nioz4ycqin3kujcim3bs/lib64:1
+++ export __LMOD_REF_COUNT_LIBRARY_PATH
+++ LIBRARY_PATH=/jet/packages/spack/opt/spack/linux-centos8-zen/gcc-8.3.1/cuda-10.2.89-kz7u4ix6ed53nioz4ycqin3kujcim3bs/lib64
+++ export LIBRARY_PATH
+++ __LMOD_REF_COUNT_LOADEDMODULES='allocations/1.0:1;cuda/10.2.0:1'
+++ export __LMOD_REF_COUNT_LOADEDMODULES
+++ LOADEDMODULES=allocations/1.0:cuda/10.2.0
+++ export LOADEDMODULES
+++ MODULEPATH=/opt/modulefiles/production:/opt/modulefiles/preproduction:/opt/modulefiles/deprecated:/usr/share/modulefiles:/usr/share/modulefiles/Linux:/usr/share/modulefiles/Core:/usr/share/lmod/lmod/modulefiles/Core
+++ export MODULEPATH
+++ __LMOD_REF_COUNT_PATH='/jet/packages/spack/opt/spack/linux-centos8-zen/gcc-8.3.1/cuda-10.2.89-kz7u4ix6ed53nioz4ycqin3kujcim3bs/bin:1;/ocean/projects/mcb180038p/jml230/amber18/bin:2;/jet/home/dyang4/.local/bin:2;/jet/home/dyang4/bin:2;/opt/packages/allocations/bin:1;/jet/home/dyang4/Apps/anaconda3/bin:1;/jet/home/dyang4/Apps/anaconda3/condabin:1;/usr/local/bin:1;/usr/bin:1;/usr/local/sbin:1;/usr/sbin:1;/bin:2;/opt/packages/interact/bin:1;/opt/puppetlabs/bin:1'
+++ export __LMOD_REF_COUNT_PATH
+++ PATH=/jet/packages/spack/opt/spack/linux-centos8-zen/gcc-8.3.1/cuda-10.2.89-kz7u4ix6ed53nioz4ycqin3kujcim3bs/bin:/ocean/projects/mcb180038p/jml230/amber18/bin:/jet/home/dyang4/.local/bin:/jet/home/dyang4/bin:/opt/packages/allocations/bin:/jet/home/dyang4/Apps/anaconda3/bin:/jet/home/dyang4/Apps/anaconda3/condabin:/usr/local/bin:/usr/bin:/usr/local/sbin:/usr/sbin:/bin:/opt/packages/interact/bin:/opt/puppetlabs/bin
+++ export PATH
+++ __LMOD_REF_COUNT__LMFILES_='/opt/modulefiles/production/allocations/1.0.lua:1;/opt/modulefiles/production/cuda/10.2.0.lua:1'
+++ export __LMOD_REF_COUNT__LMFILES_
+++ _LMFILES_=/opt/modulefiles/production/allocations/1.0.lua:/opt/modulefiles/production/cuda/10.2.0.lua
+++ export _LMFILES_
+++ _ModuleTable001_=X01vZHVsZVRhYmxlXz17WyJNVHZlcnNpb24iXT0zLFsiY19yZWJ1aWxkVGltZSJdPWZhbHNlLFsiY19zaG9ydFRpbWUiXT1mYWxzZSxkZXB0aFQ9e30sZmFtaWx5PXt9LG1UPXthbGxvY2F0aW9ucz17WyJmbiJdPSIvb3B0L21vZHVsZWZpbGVzL3Byb2R1Y3Rpb24vYWxsb2NhdGlvbnMvMS4wLmx1YSIsWyJmdWxsTmFtZSJdPSJhbGxvY2F0aW9ucy8xLjAiLFsibG9hZE9yZGVyIl09MSxwcm9wVD17fSxbInN0YWNrRGVwdGgiXT0wLFsic3RhdHVzIl09ImFjdGl2ZSIsWyJ1c2VyTmFtZSJdPSJhbGxvY2F0aW9ucyIsfSxjdWRhPXtbImZuIl09Ii9vcHQvbW9kdWxlZmlsZXMvcHJvZHVjdGlvbi9jdWRhLzEwLjIuMC5sdWEiLFsiZnVsbE5hbWUiXT0iY3VkYS8xMC4yLjAiLFsibG9h
+++ export _ModuleTable001_
+++ _ModuleTable002_=ZE9yZGVyIl09Mixwcm9wVD17fSxbInN0YWNrRGVwdGgiXT0wLFsic3RhdHVzIl09ImFjdGl2ZSIsWyJ1c2VyTmFtZSJdPSJjdWRhLzEwLjIuMCIsfSx9LG1wYXRoQT17Ii9vcHQvbW9kdWxlZmlsZXMvcHJvZHVjdGlvbiIsIi9vcHQvbW9kdWxlZmlsZXMvcHJlcHJvZHVjdGlvbiIsIi9vcHQvbW9kdWxlZmlsZXMvZGVwcmVjYXRlZCIsIi91c3Ivc2hhcmUvbW9kdWxlZmlsZXMiLCIvdXNyL3NoYXJlL21vZHVsZWZpbGVzL0xpbnV4IiwiL3Vzci9zaGFyZS9tb2R1bGVmaWxlcy9Db3JlIiwiL3Vzci9zaGFyZS9sbW9kL2xtb2QvbW9kdWxlZmlsZXMvQ29yZSIsfSxbInN5c3RlbUJhc2VNUEFUSCJdPSIvb3B0L21vZHVsZWZpbGVzL3Byb2R1Y3Rpb246L29wdC9tb2R1bGVmaWxlcy9w
+++ export _ModuleTable002_
+++ _ModuleTable003_=cmVwcm9kdWN0aW9uOi9vcHQvbW9kdWxlZmlsZXMvZGVwcmVjYXRlZDovdXNyL3NoYXJlL21vZHVsZWZpbGVzOi91c3Ivc2hhcmUvbW9kdWxlZmlsZXMvTGludXg6L3Vzci9zaGFyZS9tb2R1bGVmaWxlcy9Db3JlOi91c3Ivc2hhcmUvbG1vZC9sbW9kL21vZHVsZWZpbGVzL0NvcmUiLH0=
+++ export _ModuleTable003_
+++ _ModuleTable_Sz_=3
+++ export _ModuleTable_Sz_
++ export NODELOC=/local
++ NODELOC=/local
++ export USE_LOCAL_SCRATCH=1
++ USE_LOCAL_SCRATCH=1
++ export WEST_SIM_ROOT=/ocean/projects/mcb180038p/dyang4/eg5/we/v02
++ WEST_SIM_ROOT=/ocean/projects/mcb180038p/dyang4/eg5/we/v02
+++ basename /ocean/projects/mcb180038p/dyang4/eg5/we/v02
++ export SIM_NAME=v02
++ SIM_NAME=v02
++ echo 'simulation v02 root is /ocean/projects/mcb180038p/dyang4/eg5/we/v02'
++ export WM_ZMQ_MASTER_HEARTBEAT=100
++ WM_ZMQ_MASTER_HEARTBEAT=100
++ export WM_ZMQ_WORKER_HEARTBEAT=100
++ WM_ZMQ_WORKER_HEARTBEAT=100
++ export WM_ZMQ_TIMEOUT_FACTOR=300
++ WM_ZMQ_TIMEOUT_FACTOR=300
++ export BASH=/bin/bash
++ BASH=/bin/bash
++ export PERL=/usr/bin/perl
++ PERL=/usr/bin/perl
++ export ZSH=/bin/zsh
++ ZSH=/bin/zsh
++ export IFCONFIG=/bin/ifconfig
++ IFCONFIG=/bin/ifconfig
++ export CUT=/usr/bin/cut
++ CUT=/usr/bin/cut
++ export TR=/usr/bin/tr
++ TR=/usr/bin/tr
++ export LN=/bin/ln
++ LN=/bin/ln
++ export CP=/bin/cp
++ CP=/bin/cp
++ export RM=/bin/rm
++ RM=/bin/rm
++ export SED=/bin/sed
++ SED=/bin/sed
++ export CAT=/bin/cat
++ CAT=/bin/cat
++ export HEAD=/bin/head
++ HEAD=/bin/head
++ export TAR=/bin/tar
++ TAR=/bin/tar
++ export AWK=/usr/bin/awk
++ AWK=/usr/bin/awk
++ export PASTE=/usr/bin/paste
++ PASTE=/usr/bin/paste
++ export GREP=/bin/grep
++ GREP=/bin/grep
++ export SORT=/usr/bin/sort
++ SORT=/usr/bin/sort
++ export UNIQ=/usr/bin/uniq
++ UNIQ=/usr/bin/uniq
++ export HEAD=/usr/bin/head
++ HEAD=/usr/bin/head
++ export MKDIR=/bin/mkdir
++ MKDIR=/bin/mkdir
++ export ECHO=/bin/echo
++ ECHO=/bin/echo
++ export DATE=/bin/date
++ DATE=/bin/date
++ export SANDER=/ocean/projects/mcb180038p/jml230/amber18/bin/sander
++ SANDER=/ocean/projects/mcb180038p/jml230/amber18/bin/sander
++ export PMEMD=/ocean/projects/mcb180038p/jml230/amber18/bin/pmemd.cuda
++ PMEMD=/ocean/projects/mcb180038p/jml230/amber18/bin/pmemd.cuda
++ export CPPTRAJ=/ocean/projects/mcb180038p/jml230/amber18/bin/cpptraj
++ CPPTRAJ=/ocean/projects/mcb180038p/jml230/amber18/bin/cpptraj
+ sort
+ env
+ cd /ocean/projects/mcb180038p/dyang4/eg5/we/v02
+ SERVER_INFO=/ocean/projects/mcb180038p/dyang4/eg5/we/v02/west_zmq_info-9622372.json
+ which w_run
+ (( n=0 ))
+ (( n<60 ))
+ '[' -e /ocean/projects/mcb180038p/dyang4/eg5/we/v02/west_zmq_info-9622372.json ']'
+ sleep 1
+ w_run --work-manager=zmq --n-workers=0 --zmq-mode=master --zmq-write-host-info=/ocean/projects/mcb180038p/dyang4/eg5/we/v02/west_zmq_info-9622372.json --zmq-comm-mode=tcp
+ (( n++ ))
+ (( n<60 ))
+ '[' -e /ocean/projects/mcb180038p/dyang4/eg5/we/v02/west_zmq_info-9622372.json ']'
+ sleep 1
+ (( n++ ))
+ (( n<60 ))
+ '[' -e /ocean/projects/mcb180038p/dyang4/eg5/we/v02/west_zmq_info-9622372.json ']'
+ sleep 1
+ (( n++ ))
+ (( n<60 ))
+ '[' -e /ocean/projects/mcb180038p/dyang4/eg5/we/v02/west_zmq_info-9622372.json ']'
+ sleep 1
+ (( n++ ))
+ (( n<60 ))
+ '[' -e /ocean/projects/mcb180038p/dyang4/eg5/we/v02/west_zmq_info-9622372.json ']'
+ echo '== server info file /ocean/projects/mcb180038p/dyang4/eg5/we/v02/west_zmq_info-9622372.json =='
+ cat /ocean/projects/mcb180038p/dyang4/eg5/we/v02/west_zmq_info-9622372.json
+ break
+ '[' -e /ocean/projects/mcb180038p/dyang4/eg5/we/v02/west_zmq_info-9622372.json ']'
++ scontrol show hostname v015
+ for node in $(scontrol show hostname $SLURM_NODELIST)
+ wait
+ ssh -o StrictHostKeyChecking=no v015 /ocean/projects/mcb180038p/dyang4/eg5/we/v02/node.sh /ocean/projects/mcb180038p/dyang4/eg5/we/v02 9622372 v015 0,1 --work-manager=zmq --n-workers=2 --zmq-mode=client --zmq-read-host-info=/ocean/projects/mcb180038p/dyang4/eg5/we/v02/west_zmq_info-9622372.json --zmq-comm-mode=tcp
+ cd /ocean/projects/mcb180038p/dyang4/eg5/we/v02
+ shift
+ source env.sh
++ source /jet/home/dyang4/.bashrc
+++ '[' -f /etc/bashrc ']'
+++ . /etc/bashrc
++++ '[' -z Y ']'
+++ PATH=/jet/home/dyang4/.local/bin:/jet/home/dyang4/bin:/ocean/projects/mcb180038p/jml230/amber18/bin:/jet/home/dyang4/.local/bin:/jet/home/dyang4/bin:/opt/packages/allocations/bin:/ocean/projects/mcb180038p/jml230/amber18/bin:/jet/home/dyang4/Apps/anaconda3/bin:/jet/home/dyang4/Apps/anaconda3/condabin:/jet/home/dyang4/.local/bin:/jet/home/dyang4/bin:/usr/local/bin:/usr/bin:/usr/local/sbin:/usr/sbin:/bin:/opt/packages/interact/bin:/opt/puppetlabs/bin:/bin
+++ export PATH
++++ /jet/home/dyang4/Apps/anaconda3/bin/conda shell.bash hook
+++ __conda_setup='export CONDA_EXE='\''/jet/home/dyang4/Apps/anaconda3/bin/conda'\''
export _CE_M='\'''\''
export _CE_CONDA='\'''\''
export CONDA_PYTHON_EXE='\''/jet/home/dyang4/Apps/anaconda3/bin/python'\''

# Copyright (C) 2012 Anaconda, Inc
# SPDX-License-Identifier: BSD-3-Clause

__add_sys_prefix_to_path() {
    # In dev-mode CONDA_EXE is python.exe and on Windows
    # it is in a different relative location to condabin.
    if [ -n "${_CE_CONDA}" ] && [ -n "${WINDIR+x}" ]; then
        SYSP=$(\dirname "${CONDA_EXE}")
    else
        SYSP=$(\dirname "${CONDA_EXE}")
        SYSP=$(\dirname "${SYSP}")
    fi

    if [ -n "${WINDIR+x}" ]; then
        PATH="${SYSP}/bin:${PATH}"
        PATH="${SYSP}/Scripts:${PATH}"
        PATH="${SYSP}/Library/bin:${PATH}"
        PATH="${SYSP}/Library/usr/bin:${PATH}"
        PATH="${SYSP}/Library/mingw-w64/bin:${PATH}"
        PATH="${SYSP}:${PATH}"
    else
        PATH="${SYSP}/bin:${PATH}"
    fi
    \export PATH
}

__conda_exe() (
    __add_sys_prefix_to_path
    "$CONDA_EXE" $_CE_M $_CE_CONDA "$@"
)

__conda_hashr() {
    if [ -n "${ZSH_VERSION:+x}" ]; then
        \rehash
    elif [ -n "${POSH_VERSION:+x}" ]; then
        :  # pass
    else
        \hash -r
    fi
}

__conda_activate() {
    if [ -n "${CONDA_PS1_BACKUP:+x}" ]; then
        # Handle transition from shell activated with conda <= 4.3 to a subsequent activation
        # after conda updated to >= 4.4. See issue #6173.
        PS1="$CONDA_PS1_BACKUP"
        \unset CONDA_PS1_BACKUP
    fi
    \local ask_conda
    ask_conda="$(PS1="${PS1:-}" __conda_exe shell.posix "$@")" || \return
    \eval "$ask_conda"
    __conda_hashr
}

__conda_reactivate() {
    \local ask_conda
    ask_conda="$(PS1="${PS1:-}" __conda_exe shell.posix reactivate)" || \return
    \eval "$ask_conda"
    __conda_hashr
}

conda() {
    \local cmd="${1-__missing__}"
    case "$cmd" in
        activate|deactivate)
            __conda_activate "$@"
            ;;
        install|update|upgrade|remove|uninstall)
            __conda_exe "$@" || \return
            __conda_reactivate
            ;;
        *)
            __conda_exe "$@"
            ;;
    esac
}

if [ -z "${CONDA_SHLVL+x}" ]; then
    \export CONDA_SHLVL=0
    # In dev-mode CONDA_EXE is python.exe and on Windows
    # it is in a different relative location to condabin.
    if [ -n "${_CE_CONDA:+x}" ] && [ -n "${WINDIR+x}" ]; then
        PATH="$(\dirname "$CONDA_EXE")/condabin${PATH:+":${PATH}"}"
    else
        PATH="$(\dirname "$(\dirname "$CONDA_EXE")")/condabin${PATH:+":${PATH}"}"
    fi
    \export PATH

    # We'\''re not allowing PS1 to be unbound. It must at least be set.
    # However, we'\''re not exporting it, which can cause problems when starting a second shell
    # via a first shell (i.e. starting zsh from bash).
    if [ -z "${PS1+x}" ]; then
        PS1=
    fi
fi

conda activate base'
+++ '[' 0 -eq 0 ']'
+++ eval 'export CONDA_EXE='\''/jet/home/dyang4/Apps/anaconda3/bin/conda'\''
export _CE_M='\'''\''
export _CE_CONDA='\'''\''
export CONDA_PYTHON_EXE='\''/jet/home/dyang4/Apps/anaconda3/bin/python'\''

# Copyright (C) 2012 Anaconda, Inc
# SPDX-License-Identifier: BSD-3-Clause

__add_sys_prefix_to_path() {
    # In dev-mode CONDA_EXE is python.exe and on Windows
    # it is in a different relative location to condabin.
    if [ -n "${_CE_CONDA}" ] && [ -n "${WINDIR+x}" ]; then
        SYSP=$(\dirname "${CONDA_EXE}")
    else
        SYSP=$(\dirname "${CONDA_EXE}")
        SYSP=$(\dirname "${SYSP}")
    fi

    if [ -n "${WINDIR+x}" ]; then
        PATH="${SYSP}/bin:${PATH}"
        PATH="${SYSP}/Scripts:${PATH}"
        PATH="${SYSP}/Library/bin:${PATH}"
        PATH="${SYSP}/Library/usr/bin:${PATH}"
        PATH="${SYSP}/Library/mingw-w64/bin:${PATH}"
        PATH="${SYSP}:${PATH}"
    else
        PATH="${SYSP}/bin:${PATH}"
    fi
    \export PATH
}

__conda_exe() (
    __add_sys_prefix_to_path
    "$CONDA_EXE" $_CE_M $_CE_CONDA "$@"
)

__conda_hashr() {
    if [ -n "${ZSH_VERSION:+x}" ]; then
        \rehash
    elif [ -n "${POSH_VERSION:+x}" ]; then
        :  # pass
    else
        \hash -r
    fi
}

__conda_activate() {
    if [ -n "${CONDA_PS1_BACKUP:+x}" ]; then
        # Handle transition from shell activated with conda <= 4.3 to a subsequent activation
        # after conda updated to >= 4.4. See issue #6173.
        PS1="$CONDA_PS1_BACKUP"
        \unset CONDA_PS1_BACKUP
    fi
    \local ask_conda
    ask_conda="$(PS1="${PS1:-}" __conda_exe shell.posix "$@")" || \return
    \eval "$ask_conda"
    __conda_hashr
}

__conda_reactivate() {
    \local ask_conda
    ask_conda="$(PS1="${PS1:-}" __conda_exe shell.posix reactivate)" || \return
    \eval "$ask_conda"
    __conda_hashr
}

conda() {
    \local cmd="${1-__missing__}"
    case "$cmd" in
        activate|deactivate)
            __conda_activate "$@"
            ;;
        install|update|upgrade|remove|uninstall)
            __conda_exe "$@" || \return
            __conda_reactivate
            ;;
        *)
            __conda_exe "$@"
            ;;
    esac
}

if [ -z "${CONDA_SHLVL+x}" ]; then
    \export CONDA_SHLVL=0
    # In dev-mode CONDA_EXE is python.exe and on Windows
    # it is in a different relative location to condabin.
    if [ -n "${_CE_CONDA:+x}" ] && [ -n "${WINDIR+x}" ]; then
        PATH="$(\dirname "$CONDA_EXE")/condabin${PATH:+":${PATH}"}"
    else
        PATH="$(\dirname "$(\dirname "$CONDA_EXE")")/condabin${PATH:+":${PATH}"}"
    fi
    \export PATH

    # We'\''re not allowing PS1 to be unbound. It must at least be set.
    # However, we'\''re not exporting it, which can cause problems when starting a second shell
    # via a first shell (i.e. starting zsh from bash).
    if [ -z "${PS1+x}" ]; then
        PS1=
    fi
fi

conda activate base'
++++ export CONDA_EXE=/jet/home/dyang4/Apps/anaconda3/bin/conda
++++ CONDA_EXE=/jet/home/dyang4/Apps/anaconda3/bin/conda
++++ export _CE_M=
++++ _CE_M=
++++ export _CE_CONDA=
++++ _CE_CONDA=
++++ export CONDA_PYTHON_EXE=/jet/home/dyang4/Apps/anaconda3/bin/python
++++ CONDA_PYTHON_EXE=/jet/home/dyang4/Apps/anaconda3/bin/python
++++ '[' -z x ']'
++++ conda activate base
++++ local cmd=activate
++++ case "$cmd" in
++++ __conda_activate activate base
++++ '[' -n '' ']'
++++ local ask_conda
+++++ PS1='(base) [\u@\h \W]\$ '
+++++ __conda_exe shell.posix activate base
+++++ __add_sys_prefix_to_path
+++++ '[' -n '' ']'
++++++ dirname /jet/home/dyang4/Apps/anaconda3/bin/conda
+++++ SYSP=/jet/home/dyang4/Apps/anaconda3/bin
++++++ dirname /jet/home/dyang4/Apps/anaconda3/bin
+++++ SYSP=/jet/home/dyang4/Apps/anaconda3
+++++ '[' -n '' ']'
+++++ PATH=/jet/home/dyang4/Apps/anaconda3/bin:/jet/home/dyang4/.local/bin:/jet/home/dyang4/bin:/ocean/projects/mcb180038p/jml230/amber18/bin:/jet/home/dyang4/.local/bin:/jet/home/dyang4/bin:/opt/packages/allocations/bin:/ocean/projects/mcb180038p/jml230/amber18/bin:/jet/home/dyang4/Apps/anaconda3/bin:/jet/home/dyang4/Apps/anaconda3/condabin:/jet/home/dyang4/.local/bin:/jet/home/dyang4/bin:/usr/local/bin:/usr/bin:/usr/local/sbin:/usr/sbin:/bin:/opt/packages/interact/bin:/opt/puppetlabs/bin:/bin
+++++ export PATH
+++++ /jet/home/dyang4/Apps/anaconda3/bin/conda shell.posix activate base
++++ ask_conda='PS1='\''(base) [\u@\h \W]\$ '\''
export PATH='\''/jet/home/dyang4/.local/bin:/jet/home/dyang4/bin:/ocean/projects/mcb180038p/jml230/amber18/bin:/jet/home/dyang4/.local/bin:/jet/home/dyang4/bin:/opt/packages/allocations/bin:/ocean/projects/mcb180038p/jml230/amber18/bin:/jet/home/dyang4/Apps/anaconda3/bin:/jet/home/dyang4/Apps/anaconda3/condabin:/jet/home/dyang4/.local/bin:/jet/home/dyang4/bin:/usr/local/bin:/usr/bin:/usr/local/sbin:/usr/sbin:/bin:/opt/packages/interact/bin:/opt/puppetlabs/bin:/bin'\''
export CONDA_SHLVL='\''1'\''
export CONDA_PROMPT_MODIFIER='\''(base) '\'''
++++ eval 'PS1='\''(base) [\u@\h \W]\$ '\''
export PATH='\''/jet/home/dyang4/.local/bin:/jet/home/dyang4/bin:/ocean/projects/mcb180038p/jml230/amber18/bin:/jet/home/dyang4/.local/bin:/jet/home/dyang4/bin:/opt/packages/allocations/bin:/ocean/projects/mcb180038p/jml230/amber18/bin:/jet/home/dyang4/Apps/anaconda3/bin:/jet/home/dyang4/Apps/anaconda3/condabin:/jet/home/dyang4/.local/bin:/jet/home/dyang4/bin:/usr/local/bin:/usr/bin:/usr/local/sbin:/usr/sbin:/bin:/opt/packages/interact/bin:/opt/puppetlabs/bin:/bin'\''
export CONDA_SHLVL='\''1'\''
export CONDA_PROMPT_MODIFIER='\''(base) '\'''
+++++ PS1='(base) [\u@\h \W]\$ '
+++++ export PATH=/jet/home/dyang4/.local/bin:/jet/home/dyang4/bin:/ocean/projects/mcb180038p/jml230/amber18/bin:/jet/home/dyang4/.local/bin:/jet/home/dyang4/bin:/opt/packages/allocations/bin:/ocean/projects/mcb180038p/jml230/amber18/bin:/jet/home/dyang4/Apps/anaconda3/bin:/jet/home/dyang4/Apps/anaconda3/condabin:/jet/home/dyang4/.local/bin:/jet/home/dyang4/bin:/usr/local/bin:/usr/bin:/usr/local/sbin:/usr/sbin:/bin:/opt/packages/interact/bin:/opt/puppetlabs/bin:/bin
+++++ PATH=/jet/home/dyang4/.local/bin:/jet/home/dyang4/bin:/ocean/projects/mcb180038p/jml230/amber18/bin:/jet/home/dyang4/.local/bin:/jet/home/dyang4/bin:/opt/packages/allocations/bin:/ocean/projects/mcb180038p/jml230/amber18/bin:/jet/home/dyang4/Apps/anaconda3/bin:/jet/home/dyang4/Apps/anaconda3/condabin:/jet/home/dyang4/.local/bin:/jet/home/dyang4/bin:/usr/local/bin:/usr/bin:/usr/local/sbin:/usr/sbin:/bin:/opt/packages/interact/bin:/opt/puppetlabs/bin:/bin
+++++ export CONDA_SHLVL=1
+++++ CONDA_SHLVL=1
+++++ export 'CONDA_PROMPT_MODIFIER=(base) '
+++++ CONDA_PROMPT_MODIFIER='(base) '
++++ __conda_hashr
++++ '[' -n '' ']'
++++ '[' -n '' ']'
++++ hash -r
+++ unset __conda_setup
+++ export AMBERHOME=/ocean/projects/mcb180038p/jml230/amber18
+++ AMBERHOME=/ocean/projects/mcb180038p/jml230/amber18
+++ test -f /ocean/projects/mcb180038p/jml230/amber18/amber.sh
+++ source /ocean/projects/mcb180038p/jml230/amber18/amber.sh
++++ export AMBER_PREFIX=/ocean/projects/mcb180038p/jml230/amber18
++++ AMBER_PREFIX=/ocean/projects/mcb180038p/jml230/amber18
++++ export AMBERHOME=/ocean/projects/mcb180038p/jml230/amber18
++++ AMBERHOME=/ocean/projects/mcb180038p/jml230/amber18
++++ export PATH=/ocean/projects/mcb180038p/jml230/amber18/bin:/jet/home/dyang4/.local/bin:/jet/home/dyang4/bin:/ocean/projects/mcb180038p/jml230/amber18/bin:/jet/home/dyang4/.local/bin:/jet/home/dyang4/bin:/opt/packages/allocations/bin:/ocean/projects/mcb180038p/jml230/amber18/bin:/jet/home/dyang4/Apps/anaconda3/bin:/jet/home/dyang4/Apps/anaconda3/condabin:/jet/home/dyang4/.local/bin:/jet/home/dyang4/bin:/usr/local/bin:/usr/bin:/usr/local/sbin:/usr/sbin:/bin:/opt/packages/interact/bin:/opt/puppetlabs/bin:/bin
++++ PATH=/ocean/projects/mcb180038p/jml230/amber18/bin:/jet/home/dyang4/.local/bin:/jet/home/dyang4/bin:/ocean/projects/mcb180038p/jml230/amber18/bin:/jet/home/dyang4/.local/bin:/jet/home/dyang4/bin:/opt/packages/allocations/bin:/ocean/projects/mcb180038p/jml230/amber18/bin:/jet/home/dyang4/Apps/anaconda3/bin:/jet/home/dyang4/Apps/anaconda3/condabin:/jet/home/dyang4/.local/bin:/jet/home/dyang4/bin:/usr/local/bin:/usr/bin:/usr/local/sbin:/usr/sbin:/bin:/opt/packages/interact/bin:/opt/puppetlabs/bin:/bin
++++ '[' -z /ocean/projects/mcb180038p/jml230/amber18/lib/python2.7/site-packages:/ocean/projects/mcb180038p/jml230/amber18/lib/python2.7/site-packages ']'
++++ export PYTHONPATH=/ocean/projects/mcb180038p/jml230/amber18/lib/python2.7/site-packages:/ocean/projects/mcb180038p/jml230/amber18/lib/python2.7/site-packages:/ocean/projects/mcb180038p/jml230/amber18/lib/python2.7/site-packages
++++ PYTHONPATH=/ocean/projects/mcb180038p/jml230/amber18/lib/python2.7/site-packages:/ocean/projects/mcb180038p/jml230/amber18/lib/python2.7/site-packages:/ocean/projects/mcb180038p/jml230/amber18/lib/python2.7/site-packages
++++ '[' -z /ocean/projects/mcb180038p/jml230/amber18/lib:/ocean/projects/mcb180038p/jml230/amber18/lib ']'
++++ export LD_LIBRARY_PATH=/ocean/projects/mcb180038p/jml230/amber18/lib:/ocean/projects/mcb180038p/jml230/amber18/lib:/ocean/projects/mcb180038p/jml230/amber18/lib
++++ LD_LIBRARY_PATH=/ocean/projects/mcb180038p/jml230/amber18/lib:/ocean/projects/mcb180038p/jml230/amber18/lib:/ocean/projects/mcb180038p/jml230/amber18/lib
+++ alias 'qu=squeue -u dyang4'
+++ alias 'qstart=squeue -u dyang4 --start'
++ conda activate base
++ local cmd=activate
++ case "$cmd" in
++ __conda_activate activate base
++ '[' -n '' ']'
++ local ask_conda
+++ PS1='(base) [\u@\h \W]\$ '
+++ __conda_exe shell.posix activate base
+++ __add_sys_prefix_to_path
+++ '[' -n '' ']'
++++ dirname /jet/home/dyang4/Apps/anaconda3/bin/conda
+++ SYSP=/jet/home/dyang4/Apps/anaconda3/bin
++++ dirname /jet/home/dyang4/Apps/anaconda3/bin
+++ SYSP=/jet/home/dyang4/Apps/anaconda3
+++ '[' -n '' ']'
+++ PATH=/jet/home/dyang4/Apps/anaconda3/bin:/ocean/projects/mcb180038p/jml230/amber18/bin:/jet/home/dyang4/.local/bin:/jet/home/dyang4/bin:/ocean/projects/mcb180038p/jml230/amber18/bin:/jet/home/dyang4/.local/bin:/jet/home/dyang4/bin:/opt/packages/allocations/bin:/ocean/projects/mcb180038p/jml230/amber18/bin:/jet/home/dyang4/Apps/anaconda3/bin:/jet/home/dyang4/Apps/anaconda3/condabin:/jet/home/dyang4/.local/bin:/jet/home/dyang4/bin:/usr/local/bin:/usr/bin:/usr/local/sbin:/usr/sbin:/bin:/opt/packages/interact/bin:/opt/puppetlabs/bin:/bin
+++ export PATH
+++ /jet/home/dyang4/Apps/anaconda3/bin/conda shell.posix activate base
++ ask_conda='PS1='\''(base) [\u@\h \W]\$ '\''
export PATH='\''/ocean/projects/mcb180038p/jml230/amber18/bin:/jet/home/dyang4/.local/bin:/jet/home/dyang4/bin:/ocean/projects/mcb180038p/jml230/amber18/bin:/jet/home/dyang4/.local/bin:/jet/home/dyang4/bin:/opt/packages/allocations/bin:/ocean/projects/mcb180038p/jml230/amber18/bin:/jet/home/dyang4/Apps/anaconda3/bin:/jet/home/dyang4/Apps/anaconda3/condabin:/jet/home/dyang4/.local/bin:/jet/home/dyang4/bin:/usr/local/bin:/usr/bin:/usr/local/sbin:/usr/sbin:/bin:/opt/packages/interact/bin:/opt/puppetlabs/bin:/bin'\''
export CONDA_SHLVL='\''1'\''
export CONDA_PROMPT_MODIFIER='\''(base) '\'''
++ eval 'PS1='\''(base) [\u@\h \W]\$ '\''
export PATH='\''/ocean/projects/mcb180038p/jml230/amber18/bin:/jet/home/dyang4/.local/bin:/jet/home/dyang4/bin:/ocean/projects/mcb180038p/jml230/amber18/bin:/jet/home/dyang4/.local/bin:/jet/home/dyang4/bin:/opt/packages/allocations/bin:/ocean/projects/mcb180038p/jml230/amber18/bin:/jet/home/dyang4/Apps/anaconda3/bin:/jet/home/dyang4/Apps/anaconda3/condabin:/jet/home/dyang4/.local/bin:/jet/home/dyang4/bin:/usr/local/bin:/usr/bin:/usr/local/sbin:/usr/sbin:/bin:/opt/packages/interact/bin:/opt/puppetlabs/bin:/bin'\''
export CONDA_SHLVL='\''1'\''
export CONDA_PROMPT_MODIFIER='\''(base) '\'''
+++ PS1='(base) [\u@\h \W]\$ '
+++ export PATH=/ocean/projects/mcb180038p/jml230/amber18/bin:/jet/home/dyang4/.local/bin:/jet/home/dyang4/bin:/ocean/projects/mcb180038p/jml230/amber18/bin:/jet/home/dyang4/.local/bin:/jet/home/dyang4/bin:/opt/packages/allocations/bin:/ocean/projects/mcb180038p/jml230/amber18/bin:/jet/home/dyang4/Apps/anaconda3/bin:/jet/home/dyang4/Apps/anaconda3/condabin:/jet/home/dyang4/.local/bin:/jet/home/dyang4/bin:/usr/local/bin:/usr/bin:/usr/local/sbin:/usr/sbin:/bin:/opt/packages/interact/bin:/opt/puppetlabs/bin:/bin
+++ PATH=/ocean/projects/mcb180038p/jml230/amber18/bin:/jet/home/dyang4/.local/bin:/jet/home/dyang4/bin:/ocean/projects/mcb180038p/jml230/amber18/bin:/jet/home/dyang4/.local/bin:/jet/home/dyang4/bin:/opt/packages/allocations/bin:/ocean/projects/mcb180038p/jml230/amber18/bin:/jet/home/dyang4/Apps/anaconda3/bin:/jet/home/dyang4/Apps/anaconda3/condabin:/jet/home/dyang4/.local/bin:/jet/home/dyang4/bin:/usr/local/bin:/usr/bin:/usr/local/sbin:/usr/sbin:/bin:/opt/packages/interact/bin:/opt/puppetlabs/bin:/bin
+++ export CONDA_SHLVL=1
+++ CONDA_SHLVL=1
+++ export 'CONDA_PROMPT_MODIFIER=(base) '
+++ CONDA_PROMPT_MODIFIER='(base) '
++ __conda_hashr
++ '[' -n '' ']'
++ '[' -n '' ']'
++ hash -r
++ module load cuda/10.2.0
+++ /usr/share/lmod/lmod/libexec/lmod bash load cuda/10.2.0
++ eval '__LMOD_REF_COUNT_CMAKE_PREFIX_PATH=/jet/packages/spack/opt/spack/linux-centos8-zen/gcc-8.3.1/cuda-10.2.89-kz7u4ix6ed53nioz4ycqin3kujcim3bs:1;' export '__LMOD_REF_COUNT_CMAKE_PREFIX_PATH;' 'CMAKE_PREFIX_PATH=/jet/packages/spack/opt/spack/linux-centos8-zen/gcc-8.3.1/cuda-10.2.89-kz7u4ix6ed53nioz4ycqin3kujcim3bs;' export 'CMAKE_PREFIX_PATH;' '__LMOD_REF_COUNT_CPLUS_INCLUDE_PATH=/jet/packages/spack/opt/spack/linux-centos8-zen/gcc-8.3.1/cuda-10.2.89-kz7u4ix6ed53nioz4ycqin3kujcim3bs/include:1;' export '__LMOD_REF_COUNT_CPLUS_INCLUDE_PATH;' 'CPLUS_INCLUDE_PATH=/jet/packages/spack/opt/spack/linux-centos8-zen/gcc-8.3.1/cuda-10.2.89-kz7u4ix6ed53nioz4ycqin3kujcim3bs/include;' export 'CPLUS_INCLUDE_PATH;' 'CUDA_HOME=/jet/packages/spack/opt/spack/linux-centos8-zen/gcc-8.3.1/cuda-10.2.89-kz7u4ix6ed53nioz4ycqin3kujcim3bs;' export 'CUDA_HOME;' '__LMOD_REF_COUNT_C_INCLUDE_PATH=/jet/packages/spack/opt/spack/linux-centos8-zen/gcc-8.3.1/cuda-10.2.89-kz7u4ix6ed53nioz4ycqin3kujcim3bs/include:1;' export '__LMOD_REF_COUNT_C_INCLUDE_PATH;' 'C_INCLUDE_PATH=/jet/packages/spack/opt/spack/linux-centos8-zen/gcc-8.3.1/cuda-10.2.89-kz7u4ix6ed53nioz4ycqin3kujcim3bs/include;' export 'C_INCLUDE_PATH;' '__LMOD_REF_COUNT_INCLUDE=/jet/packages/spack/opt/spack/linux-centos8-zen/gcc-8.3.1/cuda-10.2.89-kz7u4ix6ed53nioz4ycqin3kujcim3bs/include:1;' export '__LMOD_REF_COUNT_INCLUDE;' 'INCLUDE=/jet/packages/spack/opt/spack/linux-centos8-zen/gcc-8.3.1/cuda-10.2.89-kz7u4ix6ed53nioz4ycqin3kujcim3bs/include;' export 'INCLUDE;' '__LMOD_REF_COUNT_LD_LIBRARY_PATH=/jet/packages/spack/opt/spack/linux-centos8-zen/gcc-8.3.1/cuda-10.2.89-kz7u4ix6ed53nioz4ycqin3kujcim3bs/lib64:1\;/ocean/projects/mcb180038p/jml230/amber18/lib:3;' export '__LMOD_REF_COUNT_LD_LIBRARY_PATH;' 'LD_LIBRARY_PATH=/jet/packages/spack/opt/spack/linux-centos8-zen/gcc-8.3.1/cuda-10.2.89-kz7u4ix6ed53nioz4ycqin3kujcim3bs/lib64:/ocean/projects/mcb180038p/jml230/amber18/lib;' export 'LD_LIBRARY_PATH;' '__LMOD_REF_COUNT_LIBRARY_PATH=/jet/packages/spack/opt/spack/linux-centos8-zen/gcc-8.3.1/cuda-10.2.89-kz7u4ix6ed53nioz4ycqin3kujcim3bs/lib64:1;' export '__LMOD_REF_COUNT_LIBRARY_PATH;' 'LIBRARY_PATH=/jet/packages/spack/opt/spack/linux-centos8-zen/gcc-8.3.1/cuda-10.2.89-kz7u4ix6ed53nioz4ycqin3kujcim3bs/lib64;' export 'LIBRARY_PATH;' '__LMOD_REF_COUNT_LOADEDMODULES=allocations/1.0:1\;cuda/10.2.0:1;' export '__LMOD_REF_COUNT_LOADEDMODULES;' 'LOADEDMODULES=allocations/1.0:cuda/10.2.0;' export 'LOADEDMODULES;' 'MODULEPATH=/opt/modulefiles/production:/opt/modulefiles/preproduction:/opt/modulefiles/deprecated:/usr/share/modulefiles:/usr/share/modulefiles/Linux:/usr/share/modulefiles/Core:/usr/share/lmod/lmod/modulefiles/Core;' export 'MODULEPATH;' '__LMOD_REF_COUNT_PATH=/jet/packages/spack/opt/spack/linux-centos8-zen/gcc-8.3.1/cuda-10.2.89-kz7u4ix6ed53nioz4ycqin3kujcim3bs/bin:1\;/ocean/projects/mcb180038p/jml230/amber18/bin:3\;/jet/home/dyang4/.local/bin:3\;/jet/home/dyang4/bin:3\;/opt/packages/allocations/bin:1\;/jet/home/dyang4/Apps/anaconda3/bin:1\;/jet/home/dyang4/Apps/anaconda3/condabin:1\;/usr/local/bin:1\;/usr/bin:1\;/usr/local/sbin:1\;/usr/sbin:1\;/bin:2\;/opt/packages/interact/bin:1\;/opt/puppetlabs/bin:1;' export '__LMOD_REF_COUNT_PATH;' 'PATH=/jet/packages/spack/opt/spack/linux-centos8-zen/gcc-8.3.1/cuda-10.2.89-kz7u4ix6ed53nioz4ycqin3kujcim3bs/bin:/ocean/projects/mcb180038p/jml230/amber18/bin:/jet/home/dyang4/.local/bin:/jet/home/dyang4/bin:/opt/packages/allocations/bin:/jet/home/dyang4/Apps/anaconda3/bin:/jet/home/dyang4/Apps/anaconda3/condabin:/usr/local/bin:/usr/bin:/usr/local/sbin:/usr/sbin:/bin:/opt/packages/interact/bin:/opt/puppetlabs/bin;' export 'PATH;' '__LMOD_REF_COUNT__LMFILES_=/opt/modulefiles/production/allocations/1.0.lua:1\;/opt/modulefiles/production/cuda/10.2.0.lua:1;' export '__LMOD_REF_COUNT__LMFILES_;' '_LMFILES_=/opt/modulefiles/production/allocations/1.0.lua:/opt/modulefiles/production/cuda/10.2.0.lua;' export '_LMFILES_;' '_ModuleTable001_=X01vZHVsZVRhYmxlXz17WyJNVHZlcnNpb24iXT0zLFsiY19yZWJ1aWxkVGltZSJdPWZhbHNlLFsiY19zaG9ydFRpbWUiXT1mYWxzZSxkZXB0aFQ9e30sZmFtaWx5PXt9LG1UPXthbGxvY2F0aW9ucz17WyJmbiJdPSIvb3B0L21vZHVsZWZpbGVzL3Byb2R1Y3Rpb24vYWxsb2NhdGlvbnMvMS4wLmx1YSIsWyJmdWxsTmFtZSJdPSJhbGxvY2F0aW9ucy8xLjAiLFsibG9hZE9yZGVyIl09MSxwcm9wVD17fSxbInN0YWNrRGVwdGgiXT0wLFsic3RhdHVzIl09ImFjdGl2ZSIsWyJ1c2VyTmFtZSJdPSJhbGxvY2F0aW9ucyIsfSxjdWRhPXtbImZuIl09Ii9vcHQvbW9kdWxlZmlsZXMvcHJvZHVjdGlvbi9jdWRhLzEwLjIuMC5sdWEiLFsiZnVsbE5hbWUiXT0iY3VkYS8xMC4yLjAiLFsibG9h;' export '_ModuleTable001_;' '_ModuleTable002_=ZE9yZGVyIl09Mixwcm9wVD17fSxbInN0YWNrRGVwdGgiXT0wLFsic3RhdHVzIl09ImFjdGl2ZSIsWyJ1c2VyTmFtZSJdPSJjdWRhLzEwLjIuMCIsfSx9LG1wYXRoQT17Ii9vcHQvbW9kdWxlZmlsZXMvcHJvZHVjdGlvbiIsIi9vcHQvbW9kdWxlZmlsZXMvcHJlcHJvZHVjdGlvbiIsIi9vcHQvbW9kdWxlZmlsZXMvZGVwcmVjYXRlZCIsIi91c3Ivc2hhcmUvbW9kdWxlZmlsZXMiLCIvdXNyL3NoYXJlL21vZHVsZWZpbGVzL0xpbnV4IiwiL3Vzci9zaGFyZS9tb2R1bGVmaWxlcy9Db3JlIiwiL3Vzci9zaGFyZS9sbW9kL2xtb2QvbW9kdWxlZmlsZXMvQ29yZSIsfSxbInN5c3RlbUJhc2VNUEFUSCJdPSIvb3B0L21vZHVsZWZpbGVzL3Byb2R1Y3Rpb246L29wdC9tb2R1bGVmaWxlcy9w;' export '_ModuleTable002_;' '_ModuleTable003_=cmVwcm9kdWN0aW9uOi9vcHQvbW9kdWxlZmlsZXMvZGVwcmVjYXRlZDovdXNyL3NoYXJlL21vZHVsZWZpbGVzOi91c3Ivc2hhcmUvbW9kdWxlZmlsZXMvTGludXg6L3Vzci9zaGFyZS9tb2R1bGVmaWxlcy9Db3JlOi91c3Ivc2hhcmUvbG1vZC9sbW9kL21vZHVsZWZpbGVzL0NvcmUiLH0=;' export '_ModuleTable003_;' '_ModuleTable_Sz_=3;' export '_ModuleTable_Sz_;'
+++ __LMOD_REF_COUNT_CMAKE_PREFIX_PATH=/jet/packages/spack/opt/spack/linux-centos8-zen/gcc-8.3.1/cuda-10.2.89-kz7u4ix6ed53nioz4ycqin3kujcim3bs:1
+++ export __LMOD_REF_COUNT_CMAKE_PREFIX_PATH
+++ CMAKE_PREFIX_PATH=/jet/packages/spack/opt/spack/linux-centos8-zen/gcc-8.3.1/cuda-10.2.89-kz7u4ix6ed53nioz4ycqin3kujcim3bs
+++ export CMAKE_PREFIX_PATH
+++ __LMOD_REF_COUNT_CPLUS_INCLUDE_PATH=/jet/packages/spack/opt/spack/linux-centos8-zen/gcc-8.3.1/cuda-10.2.89-kz7u4ix6ed53nioz4ycqin3kujcim3bs/include:1
+++ export __LMOD_REF_COUNT_CPLUS_INCLUDE_PATH
+++ CPLUS_INCLUDE_PATH=/jet/packages/spack/opt/spack/linux-centos8-zen/gcc-8.3.1/cuda-10.2.89-kz7u4ix6ed53nioz4ycqin3kujcim3bs/include
+++ export CPLUS_INCLUDE_PATH
+++ CUDA_HOME=/jet/packages/spack/opt/spack/linux-centos8-zen/gcc-8.3.1/cuda-10.2.89-kz7u4ix6ed53nioz4ycqin3kujcim3bs
+++ export CUDA_HOME
+++ __LMOD_REF_COUNT_C_INCLUDE_PATH=/jet/packages/spack/opt/spack/linux-centos8-zen/gcc-8.3.1/cuda-10.2.89-kz7u4ix6ed53nioz4ycqin3kujcim3bs/include:1
+++ export __LMOD_REF_COUNT_C_INCLUDE_PATH
+++ C_INCLUDE_PATH=/jet/packages/spack/opt/spack/linux-centos8-zen/gcc-8.3.1/cuda-10.2.89-kz7u4ix6ed53nioz4ycqin3kujcim3bs/include
+++ export C_INCLUDE_PATH
+++ __LMOD_REF_COUNT_INCLUDE=/jet/packages/spack/opt/spack/linux-centos8-zen/gcc-8.3.1/cuda-10.2.89-kz7u4ix6ed53nioz4ycqin3kujcim3bs/include:1
+++ export __LMOD_REF_COUNT_INCLUDE
+++ INCLUDE=/jet/packages/spack/opt/spack/linux-centos8-zen/gcc-8.3.1/cuda-10.2.89-kz7u4ix6ed53nioz4ycqin3kujcim3bs/include
+++ export INCLUDE
+++ __LMOD_REF_COUNT_LD_LIBRARY_PATH='/jet/packages/spack/opt/spack/linux-centos8-zen/gcc-8.3.1/cuda-10.2.89-kz7u4ix6ed53nioz4ycqin3kujcim3bs/lib64:1;/ocean/projects/mcb180038p/jml230/amber18/lib:3'
+++ export __LMOD_REF_COUNT_LD_LIBRARY_PATH
+++ LD_LIBRARY_PATH=/jet/packages/spack/opt/spack/linux-centos8-zen/gcc-8.3.1/cuda-10.2.89-kz7u4ix6ed53nioz4ycqin3kujcim3bs/lib64:/ocean/projects/mcb180038p/jml230/amber18/lib
+++ export LD_LIBRARY_PATH
+++ __LMOD_REF_COUNT_LIBRARY_PATH=/jet/packages/spack/opt/spack/linux-centos8-zen/gcc-8.3.1/cuda-10.2.89-kz7u4ix6ed53nioz4ycqin3kujcim3bs/lib64:1
+++ export __LMOD_REF_COUNT_LIBRARY_PATH
+++ LIBRARY_PATH=/jet/packages/spack/opt/spack/linux-centos8-zen/gcc-8.3.1/cuda-10.2.89-kz7u4ix6ed53nioz4ycqin3kujcim3bs/lib64
+++ export LIBRARY_PATH
+++ __LMOD_REF_COUNT_LOADEDMODULES='allocations/1.0:1;cuda/10.2.0:1'
+++ export __LMOD_REF_COUNT_LOADEDMODULES
+++ LOADEDMODULES=allocations/1.0:cuda/10.2.0
+++ export LOADEDMODULES
+++ MODULEPATH=/opt/modulefiles/production:/opt/modulefiles/preproduction:/opt/modulefiles/deprecated:/usr/share/modulefiles:/usr/share/modulefiles/Linux:/usr/share/modulefiles/Core:/usr/share/lmod/lmod/modulefiles/Core
+++ export MODULEPATH
+++ __LMOD_REF_COUNT_PATH='/jet/packages/spack/opt/spack/linux-centos8-zen/gcc-8.3.1/cuda-10.2.89-kz7u4ix6ed53nioz4ycqin3kujcim3bs/bin:1;/ocean/projects/mcb180038p/jml230/amber18/bin:3;/jet/home/dyang4/.local/bin:3;/jet/home/dyang4/bin:3;/opt/packages/allocations/bin:1;/jet/home/dyang4/Apps/anaconda3/bin:1;/jet/home/dyang4/Apps/anaconda3/condabin:1;/usr/local/bin:1;/usr/bin:1;/usr/local/sbin:1;/usr/sbin:1;/bin:2;/opt/packages/interact/bin:1;/opt/puppetlabs/bin:1'
+++ export __LMOD_REF_COUNT_PATH
+++ PATH=/jet/packages/spack/opt/spack/linux-centos8-zen/gcc-8.3.1/cuda-10.2.89-kz7u4ix6ed53nioz4ycqin3kujcim3bs/bin:/ocean/projects/mcb180038p/jml230/amber18/bin:/jet/home/dyang4/.local/bin:/jet/home/dyang4/bin:/opt/packages/allocations/bin:/jet/home/dyang4/Apps/anaconda3/bin:/jet/home/dyang4/Apps/anaconda3/condabin:/usr/local/bin:/usr/bin:/usr/local/sbin:/usr/sbin:/bin:/opt/packages/interact/bin:/opt/puppetlabs/bin
+++ export PATH
+++ __LMOD_REF_COUNT__LMFILES_='/opt/modulefiles/production/allocations/1.0.lua:1;/opt/modulefiles/production/cuda/10.2.0.lua:1'
+++ export __LMOD_REF_COUNT__LMFILES_
+++ _LMFILES_=/opt/modulefiles/production/allocations/1.0.lua:/opt/modulefiles/production/cuda/10.2.0.lua
+++ export _LMFILES_
+++ _ModuleTable001_=X01vZHVsZVRhYmxlXz17WyJNVHZlcnNpb24iXT0zLFsiY19yZWJ1aWxkVGltZSJdPWZhbHNlLFsiY19zaG9ydFRpbWUiXT1mYWxzZSxkZXB0aFQ9e30sZmFtaWx5PXt9LG1UPXthbGxvY2F0aW9ucz17WyJmbiJdPSIvb3B0L21vZHVsZWZpbGVzL3Byb2R1Y3Rpb24vYWxsb2NhdGlvbnMvMS4wLmx1YSIsWyJmdWxsTmFtZSJdPSJhbGxvY2F0aW9ucy8xLjAiLFsibG9hZE9yZGVyIl09MSxwcm9wVD17fSxbInN0YWNrRGVwdGgiXT0wLFsic3RhdHVzIl09ImFjdGl2ZSIsWyJ1c2VyTmFtZSJdPSJhbGxvY2F0aW9ucyIsfSxjdWRhPXtbImZuIl09Ii9vcHQvbW9kdWxlZmlsZXMvcHJvZHVjdGlvbi9jdWRhLzEwLjIuMC5sdWEiLFsiZnVsbE5hbWUiXT0iY3VkYS8xMC4yLjAiLFsibG9h
+++ export _ModuleTable001_
+++ _ModuleTable002_=ZE9yZGVyIl09Mixwcm9wVD17fSxbInN0YWNrRGVwdGgiXT0wLFsic3RhdHVzIl09ImFjdGl2ZSIsWyJ1c2VyTmFtZSJdPSJjdWRhLzEwLjIuMCIsfSx9LG1wYXRoQT17Ii9vcHQvbW9kdWxlZmlsZXMvcHJvZHVjdGlvbiIsIi9vcHQvbW9kdWxlZmlsZXMvcHJlcHJvZHVjdGlvbiIsIi9vcHQvbW9kdWxlZmlsZXMvZGVwcmVjYXRlZCIsIi91c3Ivc2hhcmUvbW9kdWxlZmlsZXMiLCIvdXNyL3NoYXJlL21vZHVsZWZpbGVzL0xpbnV4IiwiL3Vzci9zaGFyZS9tb2R1bGVmaWxlcy9Db3JlIiwiL3Vzci9zaGFyZS9sbW9kL2xtb2QvbW9kdWxlZmlsZXMvQ29yZSIsfSxbInN5c3RlbUJhc2VNUEFUSCJdPSIvb3B0L21vZHVsZWZpbGVzL3Byb2R1Y3Rpb246L29wdC9tb2R1bGVmaWxlcy9w
+++ export _ModuleTable002_
+++ _ModuleTable003_=cmVwcm9kdWN0aW9uOi9vcHQvbW9kdWxlZmlsZXMvZGVwcmVjYXRlZDovdXNyL3NoYXJlL21vZHVsZWZpbGVzOi91c3Ivc2hhcmUvbW9kdWxlZmlsZXMvTGludXg6L3Vzci9zaGFyZS9tb2R1bGVmaWxlcy9Db3JlOi91c3Ivc2hhcmUvbG1vZC9sbW9kL21vZHVsZWZpbGVzL0NvcmUiLH0=
+++ export _ModuleTable003_
+++ _ModuleTable_Sz_=3
+++ export _ModuleTable_Sz_
+++ : -s sh
++ eval
++ ret=0
++ /usr/share/lmod/8.2.7/libexec/log_modules load cuda/10.2.0
++ return 0
++ export NODELOC=
++ NODELOC=
++ export USE_LOCAL_SCRATCH=1
++ USE_LOCAL_SCRATCH=1
++ export WEST_SIM_ROOT=/ocean/projects/mcb180038p/dyang4/eg5/we/v02
++ WEST_SIM_ROOT=/ocean/projects/mcb180038p/dyang4/eg5/we/v02
+++ basename /ocean/projects/mcb180038p/dyang4/eg5/we/v02
++ export SIM_NAME=v02
++ SIM_NAME=v02
++ echo 'simulation v02 root is /ocean/projects/mcb180038p/dyang4/eg5/we/v02'
++ export WM_ZMQ_MASTER_HEARTBEAT=100
++ WM_ZMQ_MASTER_HEARTBEAT=100
++ export WM_ZMQ_WORKER_HEARTBEAT=100
++ WM_ZMQ_WORKER_HEARTBEAT=100
++ export WM_ZMQ_TIMEOUT_FACTOR=300
++ WM_ZMQ_TIMEOUT_FACTOR=300
++ export BASH=/bin/bash
++ BASH=/bin/bash
++ export PERL=/usr/bin/perl
++ PERL=/usr/bin/perl
++ export ZSH=/bin/zsh
++ ZSH=/bin/zsh
++ export IFCONFIG=/bin/ifconfig
++ IFCONFIG=/bin/ifconfig
++ export CUT=/usr/bin/cut
++ CUT=/usr/bin/cut
++ export TR=/usr/bin/tr
++ TR=/usr/bin/tr
++ export LN=/bin/ln
++ LN=/bin/ln
++ export CP=/bin/cp
++ CP=/bin/cp
++ export RM=/bin/rm
++ RM=/bin/rm
++ export SED=/bin/sed
++ SED=/bin/sed
++ export CAT=/bin/cat
++ CAT=/bin/cat
++ export HEAD=/bin/head
++ HEAD=/bin/head
++ export TAR=/bin/tar
++ TAR=/bin/tar
++ export AWK=/usr/bin/awk
++ AWK=/usr/bin/awk
++ export PASTE=/usr/bin/paste
++ PASTE=/usr/bin/paste
++ export GREP=/bin/grep
++ GREP=/bin/grep
++ export SORT=/usr/bin/sort
++ SORT=/usr/bin/sort
++ export UNIQ=/usr/bin/uniq
++ UNIQ=/usr/bin/uniq
++ export HEAD=/usr/bin/head
++ HEAD=/usr/bin/head
++ export MKDIR=/bin/mkdir
++ MKDIR=/bin/mkdir
++ export ECHO=/bin/echo
++ ECHO=/bin/echo
++ export DATE=/bin/date
++ DATE=/bin/date
++ export SANDER=/ocean/projects/mcb180038p/jml230/amber18/bin/sander
++ SANDER=/ocean/projects/mcb180038p/jml230/amber18/bin/sander
++ export PMEMD=/ocean/projects/mcb180038p/jml230/amber18/bin/pmemd.cuda
++ PMEMD=/ocean/projects/mcb180038p/jml230/amber18/bin/pmemd.cuda
++ export CPPTRAJ=/ocean/projects/mcb180038p/jml230/amber18/bin/cpptraj
++ CPPTRAJ=/ocean/projects/mcb180038p/jml230/amber18/bin/cpptraj
+ export WEST_JOBID=9622372
+ WEST_JOBID=9622372
+ shift
+ export SLURM_NODENAME=v015
+ SLURM_NODENAME=v015
+ shift
+ export CUDA_VISIBLE_DEVICES_ALLOCATED=0,1
+ CUDA_VISIBLE_DEVICES_ALLOCATED=0,1
+ shift
+ echo 'starting WEST client processes on: '
+ hostname
+ echo 'current directory is /ocean/projects/mcb180038p/dyang4/eg5/we/v02'
+ echo 'environment is: '
+ sort
+ env
+ w_run --work-manager=zmq --n-workers=2 --zmq-mode=client --zmq-read-host-info=/ocean/projects/mcb180038p/dyang4/eg5/we/v02/west_zmq_info-9622372.json --zmq-comm-mode=tcp
+ echo 'Shutting down.  Hopefully this was on purpose?'
