simulation v02 root is /ocean/projects/mcb180038p/dyang4/eg5/we/v02
AMBERHOME=/ocean/projects/mcb180038p/jml230/amber18
AMBER_PREFIX=/ocean/projects/mcb180038p/jml230/amber18
AWK=/usr/bin/awk
BASH=/bin/bash
BASH_ENV=/usr/share/lmod/lmod/init/bash
BASH_FUNC_ml%%=() {  eval $($LMOD_DIR/ml_cmd "$@")
BASH_FUNC_module%%=() {  eval `$LMOD_CMD sh "$@"`
CAT=/bin/cat
CMAKE_PREFIX_PATH=/jet/packages/spack/opt/spack/linux-centos8-zen/gcc-8.3.1/cuda-10.2.89-kz7u4ix6ed53nioz4ycqin3kujcim3bs
CONDA_DEFAULT_ENV=base
CONDA_EXE=/jet/home/dyang4/Apps/anaconda3/bin/conda
CONDA_PREFIX=/jet/home/dyang4/Apps/anaconda3
CONDA_PROMPT_MODIFIER=(base) 
CONDA_PYTHON_EXE=/jet/home/dyang4/Apps/anaconda3/bin/python
CONDA_SHLVL=1
CP=/bin/cp
CPLUS_INCLUDE_PATH=/jet/packages/spack/opt/spack/linux-centos8-zen/gcc-8.3.1/cuda-10.2.89-kz7u4ix6ed53nioz4ycqin3kujcim3bs/include
CPPTRAJ=/ocean/projects/mcb180038p/jml230/amber18/bin/cpptraj
CUDA_HOME=/jet/packages/spack/opt/spack/linux-centos8-zen/gcc-8.3.1/cuda-10.2.89-kz7u4ix6ed53nioz4ycqin3kujcim3bs
CUDA_VISIBLE_DEVICES=0,1
CUT=/usr/bin/cut
C_INCLUDE_PATH=/jet/packages/spack/opt/spack/linux-centos8-zen/gcc-8.3.1/cuda-10.2.89-kz7u4ix6ed53nioz4ycqin3kujcim3bs/include
DATE=/bin/date
ECHO=/bin/echo
ENVIRONMENT=BATCH
GPU_DEVICE_ORDINAL=0,1
GREP=/bin/grep
HEAD=/usr/bin/head
HISTCONTROL=ignoredups
HISTSIZE=1000
HOME=/jet/home/dyang4
HOSTNAME=v015
IFCONFIG=/bin/ifconfig
INCLUDE=/jet/packages/spack/opt/spack/linux-centos8-zen/gcc-8.3.1/cuda-10.2.89-kz7u4ix6ed53nioz4ycqin3kujcim3bs/include
LD_LIBRARY_PATH=/jet/packages/spack/opt/spack/linux-centos8-zen/gcc-8.3.1/cuda-10.2.89-kz7u4ix6ed53nioz4ycqin3kujcim3bs/lib64:/ocean/projects/mcb180038p/jml230/amber18/lib
LESSOPEN=||/usr/bin/lesspipe.sh %s
LIBRARY_PATH=/jet/packages/spack/opt/spack/linux-centos8-zen/gcc-8.3.1/cuda-10.2.89-kz7u4ix6ed53nioz4ycqin3kujcim3bs/lib64
LMOD_CMD=/usr/share/lmod/lmod/libexec/lmod
LMOD_DIR=/usr/share/lmod/lmod/libexec/
LMOD_PKG=/usr/share/lmod/lmod
LMOD_ROOT=/usr/share/lmod
LMOD_SETTARG_FULL_SUPPORT=no
LMOD_VERSION=8.2.7
LMOD_sys=Linux
LN=/bin/ln
LOADEDMODULES=allocations/1.0:cuda/10.2.0
LOCAL=/local
LOGNAME=dyang4
MAIL=/var/spool/mail/dyang4
MANPATH=/usr/share/lmod/lmod/share/man::/opt/puppetlabs/puppet/share/man
MKDIR=/bin/mkdir
MODULEPATH=/opt/modulefiles/production:/opt/modulefiles/preproduction:/opt/modulefiles/deprecated:/usr/share/modulefiles:/usr/share/modulefiles/Linux:/usr/share/modulefiles/Core:/usr/share/lmod/lmod/modulefiles/Core
MODULEPATH_ROOT=/usr/share/modulefiles
MODULESHOME=/usr/share/lmod/lmod
NODELOC=/local
OLDPWD=/ocean/projects/mcb180038p/dyang4/eg5/we/v02
PASTE=/usr/bin/paste
PATH=/jet/packages/spack/opt/spack/linux-centos8-zen/gcc-8.3.1/cuda-10.2.89-kz7u4ix6ed53nioz4ycqin3kujcim3bs/bin:/ocean/projects/mcb180038p/jml230/amber18/bin:/jet/home/dyang4/.local/bin:/jet/home/dyang4/bin:/opt/packages/allocations/bin:/jet/home/dyang4/Apps/anaconda3/bin:/jet/home/dyang4/Apps/anaconda3/condabin:/usr/local/bin:/usr/bin:/usr/local/sbin:/usr/sbin:/bin:/opt/packages/interact/bin:/opt/puppetlabs/bin
PERL=/usr/bin/perl
PMEMD=/ocean/projects/mcb180038p/jml230/amber18/bin/pmemd.cuda
PROJECT=/ocean/projects/mcb180038p/dyang4
PWD=/ocean/projects/mcb180038p/dyang4/eg5/we/v02
PYTHONPATH=/ocean/projects/mcb180038p/jml230/amber18/lib/python2.7/site-packages:/ocean/projects/mcb180038p/jml230/amber18/lib/python2.7/site-packages
RAMDISK=/dev/shm
RM=/bin/rm
ROCR_VISIBLE_DEVICES=0,1
SALLOC_ACCOUNT=mcb180038p
SANDER=/ocean/projects/mcb180038p/jml230/amber18/bin/sander
SBATCH_EXPORT=NONE
SED=/bin/sed
SHELL=/bin/bash
SHLVL=2
SIM_NAME=v02
SLURMD_NODENAME=v015
SLURM_CLUSTER_NAME=bridges2
SLURM_CONF=/var/spool/slurm/d/conf-cache/slurm.conf
SLURM_CPUS_ON_NODE=2
SLURM_EXPORT_ENV=ALL
SLURM_GET_USER_ENV=1
SLURM_GPUS=2
SLURM_GTIDS=0
SLURM_JOBID=9622372
SLURM_JOB_ACCOUNT=mcb180038p
SLURM_JOB_CPUS_PER_NODE=2
SLURM_JOB_GID=23173
SLURM_JOB_GPUS=0,1
SLURM_JOB_ID=9622372
SLURM_JOB_NAME=v02_1x88_we_eg5_adp_unbinding
SLURM_JOB_NODELIST=v015
SLURM_JOB_NUM_NODES=1
SLURM_JOB_PARTITION=GPU-shared
SLURM_JOB_QOS=gpu
SLURM_JOB_UID=73983
SLURM_JOB_USER=dyang4
SLURM_LOCALID=0
SLURM_NNODES=1
SLURM_NODEID=0
SLURM_NODELIST=v015
SLURM_NODE_ALIASES=(null)
SLURM_NPROCS=2
SLURM_NTASKS=2
SLURM_NTASKS_PER_NODE=2
SLURM_PRIO_PROCESS=0
SLURM_PROCID=0
SLURM_SUBMIT_DIR=/ocean/projects/mcb180038p/dyang4/eg5/we/v02
SLURM_SUBMIT_HOST=br012.ib.bridges2.psc.edu
SLURM_TASKS_PER_NODE=2
SLURM_TASK_PID=97589
SLURM_TOPOLOGY_ADDR=v015
SLURM_TOPOLOGY_ADDR_PATTERN=node
SLURM_WORKING_CLUSTER=bridges2:br003:6814:9216:109
SORT=/usr/bin/sort
SUDO_PROMPT=Password for %u@PSC.EDU 
TAR=/bin/tar
TMOUT=1800
TMPDIR=/tmp
TR=/usr/bin/tr
UNIQ=/usr/bin/uniq
USER=dyang4
USE_LOCAL_SCRATCH=1
WEST_SIM_ROOT=/ocean/projects/mcb180038p/dyang4/eg5/we/v02
WM_ZMQ_MASTER_HEARTBEAT=100
WM_ZMQ_TIMEOUT_FACTOR=300
WM_ZMQ_WORKER_HEARTBEAT=100
ZSH=/bin/zsh
_=/usr/bin/env
_CE_CONDA=
_CE_M=
_LMFILES_=/opt/modulefiles/production/allocations/1.0.lua:/opt/modulefiles/production/cuda/10.2.0.lua
_ModuleTable001_=X01vZHVsZVRhYmxlXz17WyJNVHZlcnNpb24iXT0zLFsiY19yZWJ1aWxkVGltZSJdPWZhbHNlLFsiY19zaG9ydFRpbWUiXT1mYWxzZSxkZXB0aFQ9e30sZmFtaWx5PXt9LG1UPXthbGxvY2F0aW9ucz17WyJmbiJdPSIvb3B0L21vZHVsZWZpbGVzL3Byb2R1Y3Rpb24vYWxsb2NhdGlvbnMvMS4wLmx1YSIsWyJmdWxsTmFtZSJdPSJhbGxvY2F0aW9ucy8xLjAiLFsibG9hZE9yZGVyIl09MSxwcm9wVD17fSxbInN0YWNrRGVwdGgiXT0wLFsic3RhdHVzIl09ImFjdGl2ZSIsWyJ1c2VyTmFtZSJdPSJhbGxvY2F0aW9ucyIsfSxjdWRhPXtbImZuIl09Ii9vcHQvbW9kdWxlZmlsZXMvcHJvZHVjdGlvbi9jdWRhLzEwLjIuMC5sdWEiLFsiZnVsbE5hbWUiXT0iY3VkYS8xMC4yLjAiLFsibG9h
_ModuleTable002_=ZE9yZGVyIl09Mixwcm9wVD17fSxbInN0YWNrRGVwdGgiXT0wLFsic3RhdHVzIl09ImFjdGl2ZSIsWyJ1c2VyTmFtZSJdPSJjdWRhLzEwLjIuMCIsfSx9LG1wYXRoQT17Ii9vcHQvbW9kdWxlZmlsZXMvcHJvZHVjdGlvbiIsIi9vcHQvbW9kdWxlZmlsZXMvcHJlcHJvZHVjdGlvbiIsIi9vcHQvbW9kdWxlZmlsZXMvZGVwcmVjYXRlZCIsIi91c3Ivc2hhcmUvbW9kdWxlZmlsZXMiLCIvdXNyL3NoYXJlL21vZHVsZWZpbGVzL0xpbnV4IiwiL3Vzci9zaGFyZS9tb2R1bGVmaWxlcy9Db3JlIiwiL3Vzci9zaGFyZS9sbW9kL2xtb2QvbW9kdWxlZmlsZXMvQ29yZSIsfSxbInN5c3RlbUJhc2VNUEFUSCJdPSIvb3B0L21vZHVsZWZpbGVzL3Byb2R1Y3Rpb246L29wdC9tb2R1bGVmaWxlcy9w
_ModuleTable003_=cmVwcm9kdWN0aW9uOi9vcHQvbW9kdWxlZmlsZXMvZGVwcmVjYXRlZDovdXNyL3NoYXJlL21vZHVsZWZpbGVzOi91c3Ivc2hhcmUvbW9kdWxlZmlsZXMvTGludXg6L3Vzci9zaGFyZS9tb2R1bGVmaWxlcy9Db3JlOi91c3Ivc2hhcmUvbG1vZC9sbW9kL21vZHVsZWZpbGVzL0NvcmUiLH0=
_ModuleTable_Sz_=3
__LMOD_REF_COUNT_CMAKE_PREFIX_PATH=/jet/packages/spack/opt/spack/linux-centos8-zen/gcc-8.3.1/cuda-10.2.89-kz7u4ix6ed53nioz4ycqin3kujcim3bs:1
__LMOD_REF_COUNT_CPLUS_INCLUDE_PATH=/jet/packages/spack/opt/spack/linux-centos8-zen/gcc-8.3.1/cuda-10.2.89-kz7u4ix6ed53nioz4ycqin3kujcim3bs/include:1
__LMOD_REF_COUNT_C_INCLUDE_PATH=/jet/packages/spack/opt/spack/linux-centos8-zen/gcc-8.3.1/cuda-10.2.89-kz7u4ix6ed53nioz4ycqin3kujcim3bs/include:1
__LMOD_REF_COUNT_INCLUDE=/jet/packages/spack/opt/spack/linux-centos8-zen/gcc-8.3.1/cuda-10.2.89-kz7u4ix6ed53nioz4ycqin3kujcim3bs/include:1
__LMOD_REF_COUNT_LD_LIBRARY_PATH=/jet/packages/spack/opt/spack/linux-centos8-zen/gcc-8.3.1/cuda-10.2.89-kz7u4ix6ed53nioz4ycqin3kujcim3bs/lib64:1;/ocean/projects/mcb180038p/jml230/amber18/lib:2
__LMOD_REF_COUNT_LIBRARY_PATH=/jet/packages/spack/opt/spack/linux-centos8-zen/gcc-8.3.1/cuda-10.2.89-kz7u4ix6ed53nioz4ycqin3kujcim3bs/lib64:1
__LMOD_REF_COUNT_LOADEDMODULES=allocations/1.0:1;cuda/10.2.0:1
__LMOD_REF_COUNT_MODULEPATH=/opt/modulefiles/production:1;/opt/modulefiles/preproduction:1;/opt/modulefiles/deprecated:1;/usr/share/modulefiles:1;/usr/share/modulefiles/Linux:1;/usr/share/modulefiles/Core:1;/usr/share/lmod/lmod/modulefiles/Core:1
__LMOD_REF_COUNT_PATH=/jet/packages/spack/opt/spack/linux-centos8-zen/gcc-8.3.1/cuda-10.2.89-kz7u4ix6ed53nioz4ycqin3kujcim3bs/bin:1;/ocean/projects/mcb180038p/jml230/amber18/bin:2;/jet/home/dyang4/.local/bin:2;/jet/home/dyang4/bin:2;/opt/packages/allocations/bin:1;/jet/home/dyang4/Apps/anaconda3/bin:1;/jet/home/dyang4/Apps/anaconda3/condabin:1;/usr/local/bin:1;/usr/bin:1;/usr/local/sbin:1;/usr/sbin:1;/bin:2;/opt/packages/interact/bin:1;/opt/puppetlabs/bin:1
__LMOD_REF_COUNT__LMFILES_=/opt/modulefiles/production/allocations/1.0.lua:1;/opt/modulefiles/production/cuda/10.2.0.lua:1
}
}
/jet/home/dyang4/Apps/anaconda3/bin/w_run
== server info file /ocean/projects/mcb180038p/dyang4/eg5/we/v02/west_zmq_info-9622372.json ==
{"rr_endpoint": "tcp://v015.ib.bridges2.psc.edu:59553", "ann_endpoint": "tcp://v015.ib.bridges2.psc.edu:59345"}simulation v02 root is /ocean/projects/mcb180038p/dyang4/eg5/we/v02
starting WEST client processes on: 
v015.ib.bridges2.psc.edu
current directory is /ocean/projects/mcb180038p/dyang4/eg5/we/v02
environment is: 
 /usr/share/lmod/8.2.7/libexec/log_modules "$@";
 ret=$?;
 return $ret
AMBERHOME=/ocean/projects/mcb180038p/jml230/amber18
AMBER_PREFIX=/ocean/projects/mcb180038p/jml230/amber18
AWK=/usr/bin/awk
BASH=/bin/bash
BASH_ENV=/usr/share/lmod/lmod/init/bash
BASH_FUNC_ml%%=() {  eval $($LMOD_DIR/ml_cmd "$@")
BASH_FUNC_module%%=() {  eval $($LMOD_CMD bash "$@") && eval $(${LMOD_SETTARG_CMD:-:} -s sh);
CAT=/bin/cat
CMAKE_PREFIX_PATH=/jet/packages/spack/opt/spack/linux-centos8-zen/gcc-8.3.1/cuda-10.2.89-kz7u4ix6ed53nioz4ycqin3kujcim3bs
CONDA_DEFAULT_ENV=base
CONDA_EXE=/jet/home/dyang4/Apps/anaconda3/bin/conda
CONDA_PREFIX=/jet/home/dyang4/Apps/anaconda3
CONDA_PROMPT_MODIFIER=(base) 
CONDA_PYTHON_EXE=/jet/home/dyang4/Apps/anaconda3/bin/python
CONDA_SHLVL=1
CP=/bin/cp
CPLUS_INCLUDE_PATH=/jet/packages/spack/opt/spack/linux-centos8-zen/gcc-8.3.1/cuda-10.2.89-kz7u4ix6ed53nioz4ycqin3kujcim3bs/include
CPPTRAJ=/ocean/projects/mcb180038p/jml230/amber18/bin/cpptraj
CUDA_HOME=/jet/packages/spack/opt/spack/linux-centos8-zen/gcc-8.3.1/cuda-10.2.89-kz7u4ix6ed53nioz4ycqin3kujcim3bs
CUDA_VISIBLE_DEVICES_ALLOCATED=0,1
CUT=/usr/bin/cut
C_INCLUDE_PATH=/jet/packages/spack/opt/spack/linux-centos8-zen/gcc-8.3.1/cuda-10.2.89-kz7u4ix6ed53nioz4ycqin3kujcim3bs/include
DATE=/bin/date
ECHO=/bin/echo
GREP=/bin/grep
HEAD=/usr/bin/head
HISTCONTROL=ignoredups
HISTSIZE=1000
HOME=/jet/home/dyang4
HOSTNAME=v015.ib.bridges2.psc.edu
IFCONFIG=/bin/ifconfig
INCLUDE=/jet/packages/spack/opt/spack/linux-centos8-zen/gcc-8.3.1/cuda-10.2.89-kz7u4ix6ed53nioz4ycqin3kujcim3bs/include
LD_LIBRARY_PATH=/jet/packages/spack/opt/spack/linux-centos8-zen/gcc-8.3.1/cuda-10.2.89-kz7u4ix6ed53nioz4ycqin3kujcim3bs/lib64:/ocean/projects/mcb180038p/jml230/amber18/lib
LESSOPEN=||/usr/bin/lesspipe.sh %s
LIBRARY_PATH=/jet/packages/spack/opt/spack/linux-centos8-zen/gcc-8.3.1/cuda-10.2.89-kz7u4ix6ed53nioz4ycqin3kujcim3bs/lib64
LMOD_CMD=/usr/share/lmod/lmod/libexec/lmod
LMOD_DIR=/usr/share/lmod/lmod/libexec
LMOD_PKG=/usr/share/lmod/lmod
LMOD_ROOT=/usr/share/lmod
LMOD_SETTARG_FULL_SUPPORT=no
LMOD_VERSION=8.2.7
LMOD_sys=Linux
LN=/bin/ln
LOADEDMODULES=allocations/1.0:cuda/10.2.0
LOGNAME=dyang4
MAIL=/var/spool/mail/dyang4
MANPATH=/usr/share/lmod/lmod/share/man::/opt/puppetlabs/puppet/share/man
MKDIR=/bin/mkdir
MODULEPATH=/opt/modulefiles/production:/opt/modulefiles/preproduction:/opt/modulefiles/deprecated:/usr/share/modulefiles:/usr/share/modulefiles/Linux:/usr/share/modulefiles/Core:/usr/share/lmod/lmod/modulefiles/Core
MODULEPATH_ROOT=/usr/share/modulefiles
MODULESHOME=/usr/share/lmod/lmod
NODELOC=
OLDPWD=/jet/home/dyang4
PASTE=/usr/bin/paste
PATH=/jet/packages/spack/opt/spack/linux-centos8-zen/gcc-8.3.1/cuda-10.2.89-kz7u4ix6ed53nioz4ycqin3kujcim3bs/bin:/ocean/projects/mcb180038p/jml230/amber18/bin:/jet/home/dyang4/.local/bin:/jet/home/dyang4/bin:/opt/packages/allocations/bin:/jet/home/dyang4/Apps/anaconda3/bin:/jet/home/dyang4/Apps/anaconda3/condabin:/usr/local/bin:/usr/bin:/usr/local/sbin:/usr/sbin:/bin:/opt/packages/interact/bin:/opt/puppetlabs/bin
PERL=/usr/bin/perl
PMEMD=/ocean/projects/mcb180038p/jml230/amber18/bin/pmemd.cuda
PROJECT=/ocean/projects/mcb180038p/dyang4
PWD=/ocean/projects/mcb180038p/dyang4/eg5/we/v02
PYTHONPATH=/ocean/projects/mcb180038p/jml230/amber18/lib/python2.7/site-packages:/ocean/projects/mcb180038p/jml230/amber18/lib/python2.7/site-packages:/ocean/projects/mcb180038p/jml230/amber18/lib/python2.7/site-packages
RM=/bin/rm
SALLOC_ACCOUNT=mcb180038p
SANDER=/ocean/projects/mcb180038p/jml230/amber18/bin/sander
SBATCH_EXPORT=NONE
SED=/bin/sed
SHELL=/bin/bash
SHLVL=2
SIM_NAME=v02
SLURM_EXPORT_ENV=ALL
SLURM_JOB_ID=9622372
SLURM_NODENAME=v015
SORT=/usr/bin/sort
SSH_CLIENT=10.8.11.9 36192 22
SSH_CONNECTION=10.8.11.9 36192 10.8.11.9 22
SUDO_PROMPT=Password for %u@PSC.EDU 
TAR=/bin/tar
TMOUT=604800
TR=/usr/bin/tr
UNIQ=/usr/bin/uniq
USER=dyang4
USE_LOCAL_SCRATCH=1
WEST_JOBID=9622372
WEST_SIM_ROOT=/ocean/projects/mcb180038p/dyang4/eg5/we/v02
WM_ZMQ_MASTER_HEARTBEAT=100
WM_ZMQ_TIMEOUT_FACTOR=300
WM_ZMQ_WORKER_HEARTBEAT=100
ZSH=/bin/zsh
_=/usr/bin/env
_CE_CONDA=
_CE_M=
_LMFILES_=/opt/modulefiles/production/allocations/1.0.lua:/opt/modulefiles/production/cuda/10.2.0.lua
_ModuleTable001_=X01vZHVsZVRhYmxlXz17WyJNVHZlcnNpb24iXT0zLFsiY19yZWJ1aWxkVGltZSJdPWZhbHNlLFsiY19zaG9ydFRpbWUiXT1mYWxzZSxkZXB0aFQ9e30sZmFtaWx5PXt9LG1UPXthbGxvY2F0aW9ucz17WyJmbiJdPSIvb3B0L21vZHVsZWZpbGVzL3Byb2R1Y3Rpb24vYWxsb2NhdGlvbnMvMS4wLmx1YSIsWyJmdWxsTmFtZSJdPSJhbGxvY2F0aW9ucy8xLjAiLFsibG9hZE9yZGVyIl09MSxwcm9wVD17fSxbInN0YWNrRGVwdGgiXT0wLFsic3RhdHVzIl09ImFjdGl2ZSIsWyJ1c2VyTmFtZSJdPSJhbGxvY2F0aW9ucyIsfSxjdWRhPXtbImZuIl09Ii9vcHQvbW9kdWxlZmlsZXMvcHJvZHVjdGlvbi9jdWRhLzEwLjIuMC5sdWEiLFsiZnVsbE5hbWUiXT0iY3VkYS8xMC4yLjAiLFsibG9h
_ModuleTable002_=ZE9yZGVyIl09Mixwcm9wVD17fSxbInN0YWNrRGVwdGgiXT0wLFsic3RhdHVzIl09ImFjdGl2ZSIsWyJ1c2VyTmFtZSJdPSJjdWRhLzEwLjIuMCIsfSx9LG1wYXRoQT17Ii9vcHQvbW9kdWxlZmlsZXMvcHJvZHVjdGlvbiIsIi9vcHQvbW9kdWxlZmlsZXMvcHJlcHJvZHVjdGlvbiIsIi9vcHQvbW9kdWxlZmlsZXMvZGVwcmVjYXRlZCIsIi91c3Ivc2hhcmUvbW9kdWxlZmlsZXMiLCIvdXNyL3NoYXJlL21vZHVsZWZpbGVzL0xpbnV4IiwiL3Vzci9zaGFyZS9tb2R1bGVmaWxlcy9Db3JlIiwiL3Vzci9zaGFyZS9sbW9kL2xtb2QvbW9kdWxlZmlsZXMvQ29yZSIsfSxbInN5c3RlbUJhc2VNUEFUSCJdPSIvb3B0L21vZHVsZWZpbGVzL3Byb2R1Y3Rpb246L29wdC9tb2R1bGVmaWxlcy9w
_ModuleTable003_=cmVwcm9kdWN0aW9uOi9vcHQvbW9kdWxlZmlsZXMvZGVwcmVjYXRlZDovdXNyL3NoYXJlL21vZHVsZWZpbGVzOi91c3Ivc2hhcmUvbW9kdWxlZmlsZXMvTGludXg6L3Vzci9zaGFyZS9tb2R1bGVmaWxlcy9Db3JlOi91c3Ivc2hhcmUvbG1vZC9sbW9kL21vZHVsZWZpbGVzL0NvcmUiLH0=
_ModuleTable_Sz_=3
__LMOD_REF_COUNT_CMAKE_PREFIX_PATH=/jet/packages/spack/opt/spack/linux-centos8-zen/gcc-8.3.1/cuda-10.2.89-kz7u4ix6ed53nioz4ycqin3kujcim3bs:1
__LMOD_REF_COUNT_CPLUS_INCLUDE_PATH=/jet/packages/spack/opt/spack/linux-centos8-zen/gcc-8.3.1/cuda-10.2.89-kz7u4ix6ed53nioz4ycqin3kujcim3bs/include:1
__LMOD_REF_COUNT_C_INCLUDE_PATH=/jet/packages/spack/opt/spack/linux-centos8-zen/gcc-8.3.1/cuda-10.2.89-kz7u4ix6ed53nioz4ycqin3kujcim3bs/include:1
__LMOD_REF_COUNT_INCLUDE=/jet/packages/spack/opt/spack/linux-centos8-zen/gcc-8.3.1/cuda-10.2.89-kz7u4ix6ed53nioz4ycqin3kujcim3bs/include:1
__LMOD_REF_COUNT_LD_LIBRARY_PATH=/jet/packages/spack/opt/spack/linux-centos8-zen/gcc-8.3.1/cuda-10.2.89-kz7u4ix6ed53nioz4ycqin3kujcim3bs/lib64:1;/ocean/projects/mcb180038p/jml230/amber18/lib:3
__LMOD_REF_COUNT_LIBRARY_PATH=/jet/packages/spack/opt/spack/linux-centos8-zen/gcc-8.3.1/cuda-10.2.89-kz7u4ix6ed53nioz4ycqin3kujcim3bs/lib64:1
__LMOD_REF_COUNT_LOADEDMODULES=allocations/1.0:1;cuda/10.2.0:1
__LMOD_REF_COUNT_MODULEPATH=/opt/modulefiles/production:1;/opt/modulefiles/preproduction:1;/opt/modulefiles/deprecated:1;/usr/share/modulefiles:1;/usr/share/modulefiles/Linux:1;/usr/share/modulefiles/Core:1;/usr/share/lmod/lmod/modulefiles/Core:1
__LMOD_REF_COUNT_PATH=/jet/packages/spack/opt/spack/linux-centos8-zen/gcc-8.3.1/cuda-10.2.89-kz7u4ix6ed53nioz4ycqin3kujcim3bs/bin:1;/ocean/projects/mcb180038p/jml230/amber18/bin:3;/jet/home/dyang4/.local/bin:3;/jet/home/dyang4/bin:3;/opt/packages/allocations/bin:1;/jet/home/dyang4/Apps/anaconda3/bin:1;/jet/home/dyang4/Apps/anaconda3/condabin:1;/usr/local/bin:1;/usr/bin:1;/usr/local/sbin:1;/usr/sbin:1;/bin:2;/opt/packages/interact/bin:1;/opt/puppetlabs/bin:1
__LMOD_REF_COUNT__LMFILES_=/opt/modulefiles/production/allocations/1.0.lua:1;/opt/modulefiles/production/cuda/10.2.0.lua:1
}
}
Shutting down.  Hopefully this was on purpose?
